[2025-12-10T05:53:25.832Z] === HOTSPOT OPTIMIZATION LOG ===
[2025-12-10T05:53:25.834Z] Started at: 2025-12-10T05:53:25.834Z

[2025-12-10T05:56:14.410Z] [Timeline] Route 352 (Chennai International Airport → Chennai): routeStartTime=11:00:00, routeEndTime=20:00:00, direct_to_next=0
[2025-12-10T05:56:14.413Z] [Timeline] Route 352 starting coords from location_id 165946: (12.9811068, 80.159623)
[2025-12-10T05:56:14.416Z] [Timeline] Route 352 - Added refreshment break: 11:00:00 - 12:00:00
[2025-12-10T05:56:14.420Z] [fetchSelectedHotspots] route 352 target="Chennai International Airport" next="Chennai" dow=2
[2025-12-10T05:56:14.491Z] [fetchSelectedHotspots] Found 583 total active hotspots
[2025-12-10T05:56:14.494Z] [fetchSelectedHotspots] direct_to_next_visiting_place=0
[2025-12-10T05:56:14.495Z] [fetchSelectedHotspots] source="Chennai International Airport", destination="Chennai"
[2025-12-10T05:56:14.498Z] [fetchSelectedHotspots] Starting coords from stored_locations: (12.9811068, 80.159623)
[2025-12-10T05:56:14.499Z] [fetchSelectedHotspots] Hotspot 4 "Kapaleeshwarar Temple" → SOURCE (matches "Chennai International Airport")
[2025-12-10T05:56:14.499Z] [fetchSelectedHotspots] Hotspot 4 "Kapaleeshwarar Temple" → DESTINATION (matches "Chennai")
[2025-12-10T05:56:14.500Z] [fetchSelectedHotspots] Hotspot 5 "Marina Beach" → SOURCE (matches "Chennai International Airport")
[2025-12-10T05:56:14.500Z] [fetchSelectedHotspots] Hotspot 5 "Marina Beach" → DESTINATION (matches "Chennai")
[2025-12-10T05:56:14.501Z] [fetchSelectedHotspots] Hotspot 6 "Fort St.George Museum" → SOURCE (matches "Chennai International Airport")
[2025-12-10T05:56:14.501Z] [fetchSelectedHotspots] Hotspot 7 "Government Museum Chennai" → SOURCE (matches "Chennai International Airport")
[2025-12-10T05:56:14.503Z] [fetchSelectedHotspots] Hotspot 8 "Santhome Cathedral Basilica" → SOURCE (matches "Chennai International Airport")
[2025-12-10T05:56:14.504Z] [fetchSelectedHotspots] Hotspot 9 "Thousand Lights Mosque" → SOURCE (matches "Chennai International Airport")
[2025-12-10T05:56:14.505Z] [fetchSelectedHotspots] Hotspot 10 "Guindy National Park" → SOURCE (matches "Chennai International Airport")
[2025-12-10T05:56:14.505Z] [fetchSelectedHotspots] Hotspot 11 "Parthasarathy Temple" → SOURCE (matches "Chennai International Airport")
[2025-12-10T05:56:14.509Z] [fetchSelectedHotspots] Hotspot 12 "Vivekanandar House" → SOURCE (matches "Chennai International Airport")
[2025-12-10T05:56:14.510Z] [fetchSelectedHotspots] Hotspot 13 "Arignar Anna Zoological Park" → SOURCE (matches "Chennai International Airport")
[2025-12-10T05:56:14.518Z] [fetchSelectedHotspots] Hotspot 290 "Vgp snow kingdom" → SOURCE (matches "Chennai International Airport")
[2025-12-10T05:56:14.518Z] [fetchSelectedHotspots] Hotspot 291 "Vgp marine kingdom" → SOURCE (matches "Chennai International Airport")
[2025-12-10T05:56:14.520Z] [fetchSelectedHotspots] Hotspot 292 "Guindy snake park" → SOURCE (matches "Chennai International Airport")
[2025-12-10T05:56:14.521Z] [fetchSelectedHotspots] Hotspot 293 "Queens land" → SOURCE (matches "Chennai International Airport")
[2025-12-10T05:56:14.521Z] [fetchSelectedHotspots] Hotspot 294 "light house marina" → SOURCE (matches "Chennai International Airport")
[2025-12-10T05:56:14.524Z] [fetchSelectedHotspots] Hotspot 296 "Anna tower park" → SOURCE (matches "Chennai International Airport")
[2025-12-10T05:56:14.525Z] [fetchSelectedHotspots] Hotspot 297 "B.M Birla planitourim." → SOURCE (matches "Chennai International Airport")
[2025-12-10T05:56:14.525Z] [fetchSelectedHotspots] Hotspot 298 "Click art museum" → SOURCE (matches "Chennai International Airport")
[2025-12-10T05:56:14.526Z] [fetchSelectedHotspots] Hotspot 299 "National art gallery" → SOURCE (matches "Chennai International Airport")
[2025-12-10T05:56:14.526Z] [fetchSelectedHotspots] Hotspot 300 "M G R  Memorial" → SOURCE (matches "Chennai International Airport")
[2025-12-10T05:56:14.526Z] [fetchSelectedHotspots] Hotspot 303 "Anna memorial." → SOURCE (matches "Chennai International Airport")
[2025-12-10T05:56:14.529Z] [fetchSelectedHotspots] Hotspot 544 "Shri Ashtalakshmi Temple" → SOURCE (matches "Chennai International Airport")
[2025-12-10T05:56:14.529Z] [fetchSelectedHotspots] Hotspot 544 "Shri Ashtalakshmi Temple" → DESTINATION (matches "Chennai")
[2025-12-10T05:56:14.532Z] [fetchSelectedHotspots] Categorized: source=22, destination=3, via=0
[2025-12-10T05:56:14.532Z] [fetchSelectedHotspots] AIRPORT ARRIVAL DETECTED: "Chennai International Airport" → "Chennai"
[2025-12-10T05:56:14.533Z] [fetchSelectedHotspots] direct_to_next_visiting_place=0 + AIRPORT ARRIVAL: Processing DESTINATION → VIA
[2025-12-10T05:56:14.533Z] [fetchSelectedHotspots] Matched 3 hotspots after PHP ordering
[2025-12-10T05:56:14.534Z] [fetchSelectedHotspots] First 5 hotspots (sorted): ID=4 "Kapaleeshwarar Temple" priority=1 distance=19.94km, ID=5 "Marina Beach" priority=2 distance=22.47km, ID=544 "Shri Ashtalakshmi Temple" priority=0 distance=18.11km
[2025-12-10T05:56:14.534Z] [fetchSelectedHotspots] Matched 3 hotspots for route 352
[2025-12-10T05:56:14.535Z] [Timeline] Route 352: Selected 3 hotspots
[2025-12-10T05:56:14.535Z] [Timeline] Route 352 - currentTime: 12:00:00, routeEndTime: 20:00:00, routeEndSeconds: 72000
[2025-12-10T05:56:14.537Z] [Timeline] Hotspot 4 - currentSeconds: 43200, routeEndSeconds: 72000
[2025-12-10T05:56:14.542Z] [Timeline] Processing hotspot 4 for route 352
[2025-12-10T05:56:14.544Z] [Timeline] Hotspot 4 coords: lat=13.033798514213936, lon=80.26977915213011
[2025-12-10T05:56:14.557Z] [Timeline] Checking operating hours for hotspot 4: visit window 12:30:00-19:00:00 on day 2
[2025-12-10T05:56:14.560Z] [Timeline] Hotspot 4 timing window: 05:30:00-12:00:00 (19800s-43200s), visit: 12:30:00-19:00:00 (45000s-68400s)
[2025-12-10T05:56:14.561Z] [Timeline] Hotspot 4 timing window: 16:00:00-20:00:00 (57600s-72000s), visit: 12:30:00-19:00:00 (45000s-68400s)
[2025-12-10T05:56:14.561Z] [Timeline] Hotspot 4 not open during visit window 12:30:00-19:00:00 on day 2, skipping
[2025-12-10T05:56:14.562Z] [Timeline] Hotspot 5 - currentSeconds: 43200, routeEndSeconds: 72000
[2025-12-10T05:56:14.562Z] [Timeline] Processing hotspot 5 for route 352
[2025-12-10T05:56:14.564Z] [Timeline] Hotspot 5 coords: lat=13.051080243192029, lon=80.27775926313883
[2025-12-10T05:56:14.581Z] [Timeline] Checking operating hours for hotspot 5: visit window 12:34:00-19:04:00 on day 2
[2025-12-10T05:56:14.583Z] [Timeline] Hotspot 5 operating hours OK
[2025-12-10T05:56:14.584Z] [Timeline] Travel type for "Chennai International Airport" -> "Chennai International Airport|Chennai Domestic Airport|Chennai Central|Chennai|Chennai Egmore Station|Chennai Koyembedu|ECR Beach, Chennai, Tamil Nadu": 1 (1=local, 2=outstation)
[2025-12-10T05:56:14.594Z] [Timeline] Building hotspot row for hotspot_ID=5
[2025-12-10T05:56:14.597Z] [Timeline] Built hotspot row: item_type=4, hotspot_ID=5, order=3
[2025-12-10T05:56:14.599Z] [Timeline] Hotspot 544 - currentSeconds: 48840, routeEndSeconds: 72000
[2025-12-10T05:56:14.600Z] [Timeline] Processing hotspot 544 for route 352
[2025-12-10T05:56:14.601Z] [Timeline] Hotspot 544 coords: lat=12.993461140291483, lon=80.27030436931474
[2025-12-10T05:56:14.614Z] [Timeline] Checking operating hours for hotspot 544: visit window 13:49:00-25:19:00 on day 2
[2025-12-10T05:56:14.616Z] [Timeline] Hotspot 544 timing window: 06:00:00-12:00:00 (21600s-43200s), visit: 13:49:00-25:19:00 (49740s-91140s)
[2025-12-10T05:56:14.617Z] [Timeline] Hotspot 544 timing window: 16:00:00-20:00:00 (57600s-72000s), visit: 13:49:00-25:19:00 (49740s-91140s)
[2025-12-10T05:56:14.617Z] [Timeline] Hotspot 544 not open during visit window 13:49:00-25:19:00 on day 2, skipping
[2025-12-10T05:56:14.628Z] [Timeline] Route 353 (Chennai → Pondicherry): routeStartTime=08:00:00, routeEndTime=20:00:00, direct_to_next=0
[2025-12-10T05:56:14.631Z] [Timeline] Route 353 starting coords from location_id 762: (13.0843007, 80.2704622)
[2025-12-10T05:56:14.638Z] [Timeline] Route 353 - Added refreshment break: 08:00:00 - 09:00:00
[2025-12-10T05:56:14.642Z] [fetchSelectedHotspots] route 353 target="Chennai" next="Pondicherry" dow=3
[2025-12-10T05:56:14.707Z] [fetchSelectedHotspots] Found 583 total active hotspots
[2025-12-10T05:56:14.707Z] [fetchSelectedHotspots] direct_to_next_visiting_place=0
[2025-12-10T05:56:14.708Z] [fetchSelectedHotspots] source="Chennai", destination="Pondicherry"
[2025-12-10T05:56:14.711Z] [fetchSelectedHotspots] Starting coords from stored_locations: (12.9811068, 80.159623)
[2025-12-10T05:56:14.712Z] [fetchSelectedHotspots] Hotspot 4 "Kapaleeshwarar Temple" → SOURCE (matches "Chennai")
[2025-12-10T05:56:14.712Z] [fetchSelectedHotspots] Hotspot 5 "Marina Beach" → SOURCE (matches "Chennai")
[2025-12-10T05:56:14.713Z] [fetchSelectedHotspots] Hotspot 17 "Sri Aurobindo Ashram" → DESTINATION (matches "Pondicherry")
[2025-12-10T05:56:14.713Z] [fetchSelectedHotspots] Hotspot 18 "Auroville" → DESTINATION (matches "Pondicherry")
[2025-12-10T05:56:14.714Z] [fetchSelectedHotspots] Hotspot 19 "Promenade Beach" → DESTINATION (matches "Pondicherry")
[2025-12-10T05:56:14.714Z] [fetchSelectedHotspots] Hotspot 20 "Chunnambar Boathouse" → DESTINATION (matches "Pondicherry")
[2025-12-10T05:56:14.714Z] [fetchSelectedHotspots] Hotspot 21 "The Basilica of the Sacred Heart of Jesus" → DESTINATION (matches "Pondicherry")
[2025-12-10T05:56:14.715Z] [fetchSelectedHotspots] Hotspot 24 "The Pondicherry Museum" → DESTINATION (matches "Pondicherry")
[2025-12-10T05:56:14.715Z] [fetchSelectedHotspots] Hotspot 25 "Manakula Vinayagar Temple" → DESTINATION (matches "Pondicherry")
[2025-12-10T05:56:14.716Z] [fetchSelectedHotspots] Hotspot 277 "Pondicherry Backwater" → DESTINATION (matches "Pondicherry")
[2025-12-10T05:56:14.720Z] [fetchSelectedHotspots] Hotspot 544 "Shri Ashtalakshmi Temple" → SOURCE (matches "Chennai")
[2025-12-10T05:56:14.722Z] [fetchSelectedHotspots] Hotspot 669 "Eden Beach - Blue flag Beach" → DESTINATION (matches "Pondicherry")
[2025-12-10T05:56:14.722Z] [fetchSelectedHotspots] Hotspot 676 "Botanical Garden" → DESTINATION (matches "Pondicherry")
[2025-12-10T05:56:14.723Z] [fetchSelectedHotspots] Hotspot 677 "Bharathi Park &amp; Aayi Mandapam" → DESTINATION (matches "Pondicherry")
[2025-12-10T05:56:14.724Z] [fetchSelectedHotspots] Hotspot 678 "French Colony" → DESTINATION (matches "Pondicherry")
[2025-12-10T05:56:14.724Z] [fetchSelectedHotspots] Hotspot 679 "Pondi Marina Beach" → DESTINATION (matches "Pondicherry")
[2025-12-10T05:56:14.725Z] [fetchSelectedHotspots] Categorized: source=3, destination=13, via=0
[2025-12-10T05:56:14.725Z] [fetchSelectedHotspots] direct_to_next_visiting_place=0: Processing SOURCE → VIA
[2025-12-10T05:56:14.726Z] [fetchSelectedHotspots] Matched 3 hotspots after PHP ordering
[2025-12-10T05:56:14.726Z] [fetchSelectedHotspots] First 5 hotspots (sorted): ID=4 "Kapaleeshwarar Temple" priority=1 distance=19.94km, ID=5 "Marina Beach" priority=2 distance=22.47km, ID=544 "Shri Ashtalakshmi Temple" priority=0 distance=18.11km
[2025-12-10T05:56:14.727Z] [fetchSelectedHotspots] Matched 3 hotspots for route 353
[2025-12-10T05:56:14.727Z] [Timeline] Route 353: Selected 3 hotspots
[2025-12-10T05:56:14.727Z] [Timeline] Route 353 - currentTime: 09:00:00, routeEndTime: 20:00:00, routeEndSeconds: 72000
[2025-12-10T05:56:14.728Z] [Timeline] Hotspot 4 - currentSeconds: 32400, routeEndSeconds: 72000
[2025-12-10T05:56:14.731Z] [Timeline] Processing hotspot 4 for route 353
[2025-12-10T05:56:14.753Z] [Timeline] Hotspot 4 coords: lat=13.033798514213936, lon=80.26977915213011
[2025-12-10T05:56:14.773Z] [Timeline] Checking operating hours for hotspot 4: visit window 09:13:00-15:43:00 on day 3
[2025-12-10T05:56:14.777Z] [Timeline] Hotspot 4 timing window: 05:30:00-12:00:00 (19800s-43200s), visit: 09:13:00-15:43:00 (33180s-56580s)
[2025-12-10T05:56:14.778Z] [Timeline] Hotspot 4 timing window: 16:00:00-20:00:00 (57600s-72000s), visit: 09:13:00-15:43:00 (33180s-56580s)
[2025-12-10T05:56:14.779Z] [Timeline] Hotspot 4 not open during visit window 09:13:00-15:43:00 on day 3, skipping
[2025-12-10T05:56:14.779Z] [Timeline] Hotspot 5 - currentSeconds: 32400, routeEndSeconds: 72000
[2025-12-10T05:56:14.780Z] [Timeline] Processing hotspot 5 for route 353
[2025-12-10T05:56:14.780Z] [Timeline] Skipping hotspot 5 - already added to plan 5
[2025-12-10T05:56:14.780Z] [Timeline] Hotspot 544 - currentSeconds: 32400, routeEndSeconds: 72000
[2025-12-10T05:56:14.781Z] [Timeline] Processing hotspot 544 for route 353
[2025-12-10T05:56:14.782Z] [Timeline] Hotspot 544 coords: lat=12.993461140291483, lon=80.27030436931474
[2025-12-10T05:56:14.794Z] [Timeline] Checking operating hours for hotspot 544: visit window 09:23:00-20:53:00 on day 3
[2025-12-10T05:56:14.796Z] [Timeline] Hotspot 544 timing window: 06:00:00-12:00:00 (21600s-43200s), visit: 09:23:00-20:53:00 (33780s-75180s)
[2025-12-10T05:56:14.797Z] [Timeline] Hotspot 544 timing window: 16:00:00-20:00:00 (57600s-72000s), visit: 09:23:00-20:53:00 (33780s-75180s)
[2025-12-10T05:56:14.797Z] [Timeline] Hotspot 544 not open during visit window 09:23:00-20:53:00 on day 3, skipping
[2025-12-10T05:56:14.810Z] [Timeline] Route 354 (Pondicherry → Pondicherry Airport): routeStartTime=09:56:00, routeEndTime=10:00:00, direct_to_next=0
[2025-12-10T05:56:14.812Z] [Timeline] Route 354 starting coords from location_id 5922: (11.9415915, 79.8083133)
[2025-12-10T05:56:14.814Z] [Timeline] Route 354 - Skipping refreshment (not enough time): 10:56:00 > 10:00:00
[2025-12-10T05:56:14.816Z] [fetchSelectedHotspots] route 354 target="Pondicherry" next="Pondicherry Airport" dow=4
[2025-12-10T05:56:14.868Z] [fetchSelectedHotspots] Found 583 total active hotspots
[2025-12-10T05:56:14.870Z] [fetchSelectedHotspots] direct_to_next_visiting_place=0
[2025-12-10T05:56:14.872Z] [fetchSelectedHotspots] source="Pondicherry", destination="Pondicherry Airport"
[2025-12-10T05:56:14.874Z] [fetchSelectedHotspots] Starting coords from stored_locations: (13.0827989, 80.2754246)
[2025-12-10T05:56:14.875Z] [fetchSelectedHotspots] Hotspot 16 "Paradise Beach" → DESTINATION (matches "Pondicherry Airport")
[2025-12-10T05:56:14.875Z] [fetchSelectedHotspots] Hotspot 17 "Sri Aurobindo Ashram" → SOURCE (matches "Pondicherry")
[2025-12-10T05:56:14.875Z] [fetchSelectedHotspots] Hotspot 17 "Sri Aurobindo Ashram" → DESTINATION (matches "Pondicherry Airport")
[2025-12-10T05:56:14.876Z] [fetchSelectedHotspots] Hotspot 18 "Auroville" → SOURCE (matches "Pondicherry")
[2025-12-10T05:56:14.877Z] [fetchSelectedHotspots] Hotspot 18 "Auroville" → DESTINATION (matches "Pondicherry Airport")
[2025-12-10T05:56:14.878Z] [fetchSelectedHotspots] Hotspot 19 "Promenade Beach" → SOURCE (matches "Pondicherry")
[2025-12-10T05:56:14.878Z] [fetchSelectedHotspots] Hotspot 19 "Promenade Beach" → DESTINATION (matches "Pondicherry Airport")
[2025-12-10T05:56:14.879Z] [fetchSelectedHotspots] Hotspot 20 "Chunnambar Boathouse" → SOURCE (matches "Pondicherry")
[2025-12-10T05:56:14.879Z] [fetchSelectedHotspots] Hotspot 20 "Chunnambar Boathouse" → DESTINATION (matches "Pondicherry Airport")
[2025-12-10T05:56:14.880Z] [fetchSelectedHotspots] Hotspot 21 "The Basilica of the Sacred Heart of Jesus" → SOURCE (matches "Pondicherry")
[2025-12-10T05:56:14.880Z] [fetchSelectedHotspots] Hotspot 21 "The Basilica of the Sacred Heart of Jesus" → DESTINATION (matches "Pondicherry Airport")
[2025-12-10T05:56:14.881Z] [fetchSelectedHotspots] Hotspot 23 "French War Memorial" → DESTINATION (matches "Pondicherry Airport")
[2025-12-10T05:56:14.881Z] [fetchSelectedHotspots] Hotspot 24 "The Pondicherry Museum" → SOURCE (matches "Pondicherry")
[2025-12-10T05:56:14.882Z] [fetchSelectedHotspots] Hotspot 24 "The Pondicherry Museum" → DESTINATION (matches "Pondicherry Airport")
[2025-12-10T05:56:14.882Z] [fetchSelectedHotspots] Hotspot 25 "Manakula Vinayagar Temple" → SOURCE (matches "Pondicherry")
[2025-12-10T05:56:14.882Z] [fetchSelectedHotspots] Hotspot 25 "Manakula Vinayagar Temple" → DESTINATION (matches "Pondicherry Airport")
[2025-12-10T05:56:14.885Z] [fetchSelectedHotspots] Hotspot 277 "Pondicherry Backwater" → SOURCE (matches "Pondicherry")
[2025-12-10T05:56:14.886Z] [fetchSelectedHotspots] Hotspot 277 "Pondicherry Backwater" → DESTINATION (matches "Pondicherry Airport")
[2025-12-10T05:56:14.894Z] [fetchSelectedHotspots] Hotspot 669 "Eden Beach - Blue flag Beach" → SOURCE (matches "Pondicherry")
[2025-12-10T05:56:14.894Z] [fetchSelectedHotspots] Hotspot 669 "Eden Beach - Blue flag Beach" → DESTINATION (matches "Pondicherry Airport")
[2025-12-10T05:56:14.895Z] [fetchSelectedHotspots] Hotspot 676 "Botanical Garden" → SOURCE (matches "Pondicherry")
[2025-12-10T05:56:14.895Z] [fetchSelectedHotspots] Hotspot 676 "Botanical Garden" → DESTINATION (matches "Pondicherry Airport")
[2025-12-10T05:56:14.896Z] [fetchSelectedHotspots] Hotspot 677 "Bharathi Park &amp; Aayi Mandapam" → SOURCE (matches "Pondicherry")
[2025-12-10T05:56:14.896Z] [fetchSelectedHotspots] Hotspot 677 "Bharathi Park &amp; Aayi Mandapam" → DESTINATION (matches "Pondicherry Airport")
[2025-12-10T05:56:14.897Z] [fetchSelectedHotspots] Hotspot 678 "French Colony" → SOURCE (matches "Pondicherry")
[2025-12-10T05:56:14.897Z] [fetchSelectedHotspots] Hotspot 678 "French Colony" → DESTINATION (matches "Pondicherry Airport")
[2025-12-10T05:56:14.897Z] [fetchSelectedHotspots] Hotspot 679 "Pondi Marina Beach" → SOURCE (matches "Pondicherry")
[2025-12-10T05:56:14.898Z] [fetchSelectedHotspots] Hotspot 679 "Pondi Marina Beach" → DESTINATION (matches "Pondicherry Airport")
[2025-12-10T05:56:14.898Z] [fetchSelectedHotspots] Categorized: source=13, destination=15, via=0
[2025-12-10T05:56:14.898Z] [fetchSelectedHotspots] direct_to_next_visiting_place=0: Processing SOURCE → VIA
[2025-12-10T05:56:14.899Z] [fetchSelectedHotspots] Matched 13 hotspots after PHP ordering
[2025-12-10T05:56:14.899Z] [fetchSelectedHotspots] First 5 hotspots (sorted): ID=18 "Auroville" priority=1 distance=194.08km, ID=25 "Manakula Vinayagar Temple" priority=2 distance=204.26km, ID=21 "The Basilica of the Sacred Heart of Jesus" priority=4 distance=206.23km, ID=19 "Promenade Beach" priority=5 distance=204.98km, ID=20 "Chunnambar Boathouse" priority=5 distance=214.35km
[2025-12-10T05:56:14.900Z] [fetchSelectedHotspots] Matched 13 hotspots for route 354
[2025-12-10T05:56:14.900Z] [Timeline] Route 354: Selected 13 hotspots
[2025-12-10T05:56:14.900Z] [Timeline] Route 354 - currentTime: 09:56:00, routeEndTime: 10:00:00, routeEndSeconds: 36000
[2025-12-10T05:56:14.901Z] [Timeline] Hotspot 18 - currentSeconds: 35760, routeEndSeconds: 36000
[2025-12-10T05:56:14.901Z] [Timeline] Processing hotspot 18 for route 354
[2025-12-10T05:56:14.904Z] [Timeline] Hotspot 18 coords: lat=12.008342334177776, lon=79.81781931258232
[2025-12-10T05:56:14.916Z] [Timeline] Checking operating hours for hotspot 18: visit window 10:13:00-17:43:00 on day 4
[2025-12-10T05:56:14.918Z] [Timeline] Hotspot 18 timing window: 09:00:00-13:00:00 (32400s-46800s), visit: 10:13:00-17:43:00 (36780s-63780s)
[2025-12-10T05:56:14.918Z] [Timeline] Hotspot 18 timing window: 13:30:00-17:00:00 (48600s-61200s), visit: 10:13:00-17:43:00 (36780s-63780s)
[2025-12-10T05:56:14.922Z] [Timeline] Hotspot 18 not open during visit window 10:13:00-17:43:00 on day 4, skipping
[2025-12-10T05:56:14.923Z] [Timeline] Hotspot 25 - currentSeconds: 35760, routeEndSeconds: 36000
[2025-12-10T05:56:14.923Z] [Timeline] Processing hotspot 25 for route 354
[2025-12-10T05:56:14.925Z] [Timeline] Hotspot 25 coords: lat=11.936184966220257, lon=79.83484226674099
[2025-12-10T05:56:14.933Z] [Timeline] Checking operating hours for hotspot 25: visit window 10:03:00-16:03:00 on day 4
[2025-12-10T05:56:14.937Z] [Timeline] Hotspot 25 timing window: 05:45:00-12:30:00 (20700s-45000s), visit: 10:03:00-16:03:00 (36180s-57780s)
[2025-12-10T05:56:14.938Z] [Timeline] Hotspot 25 timing window: 16:00:00-20:00:00 (57600s-72000s), visit: 10:03:00-16:03:00 (36180s-57780s)
[2025-12-10T05:56:14.939Z] [Timeline] Hotspot 25 not open during visit window 10:03:00-16:03:00 on day 4, skipping
[2025-12-10T05:56:14.939Z] [Timeline] Hotspot 21 - currentSeconds: 35760, routeEndSeconds: 36000
[2025-12-10T05:56:14.940Z] [Timeline] Processing hotspot 21 for route 354
[2025-12-10T05:56:14.942Z] [Timeline] Hotspot 21 coords: lat=11.926178758041798, lon=79.82779781515121
[2025-12-10T05:56:14.953Z] [Timeline] Checking operating hours for hotspot 21: visit window 10:02:00-16:02:00 on day 4
[2025-12-10T05:56:14.956Z] [Timeline] Hotspot 21 timing window: 06:00:00-19:00:00 (21600s-68400s), visit: 10:02:00-16:02:00 (36120s-57720s)
[2025-12-10T05:56:14.957Z] [Timeline] Hotspot 21 MATCH on day 4
[2025-12-10T05:56:14.958Z] [Timeline] Hotspot 21 operating hours OK
[2025-12-10T05:56:14.958Z] [Timeline] Hotspot 21 would end at 16:02:00 (57720s) (exceeds route_end_time 10:00:00 (36000s)), skipping
[2025-12-10T05:56:14.975Z] [Timeline] Returning 11 hotspot rows and 0 parking rows
[2025-12-10T05:56:14.976Z] [Timeline] Hotspot rows item_types: 1, 3, 4, 5, 6, 1, 5, 6, 5, 6, 7
[2025-12-10T05:56:14.976Z] [Timeline] Hotspot rows hotspot_IDs: , 5, 5, 0, 0, , 0, 0, 0, 0, 0
[2025-12-10T05:56:14.977Z] 
=== LOG FILE SAVED TO: D:\wamp64\www\dvi_fullstack\dvi_backend\tmp\hotspot_optimization_1765346005832.log ===

