[2025-12-11T05:30:22.569Z] === HOTSPOT OPTIMIZATION LOG ===
[2025-12-11T05:30:22.586Z] Started at: 2025-12-11T05:30:22.586Z

[2025-12-11T05:31:44.369Z] [Timeline] Route 530 (Chennai International Airport → Chennai): routeStartTime=11:00:00, routeEndTime=20:00:00, direct_to_next=0
[2025-12-11T05:31:44.407Z] [Timeline] Route 530 starting coords from location_id 165946: (12.9811068, 80.159623)
[2025-12-11T05:31:44.439Z] [Timeline] Route 530 - Added refreshment break: 11:00:00 - 12:00:00
[2025-12-11T05:31:44.460Z] [fetchSelectedHotspots] route 530 target="Chennai International Airport" next="Chennai" dow=4
[2025-12-11T05:31:44.651Z] [fetchSelectedHotspots] Found 583 total active hotspots
[2025-12-11T05:31:44.686Z] [fetchSelectedHotspots] direct_to_next_visiting_place=0
[2025-12-11T05:31:44.688Z] [fetchSelectedHotspots] source="Chennai International Airport", destination="Chennai"
[2025-12-11T05:31:44.710Z] [fetchSelectedHotspots] Starting coords from stored_locations: (12.9811068, 80.159623)
[2025-12-11T05:31:44.738Z] [fetchSelectedHotspots] Hotspot 4 "Kapaleeshwarar Temple" → SOURCE (matches "Chennai International Airport" - PRIMARY)
[2025-12-11T05:31:44.746Z] [fetchSelectedHotspots] Hotspot 4 "Kapaleeshwarar Temple" → DESTINATION (matches "Chennai")
[2025-12-11T05:31:44.764Z] [fetchSelectedHotspots] Hotspot 5 "Marina Beach" → SOURCE (matches "Chennai International Airport" - PRIMARY)
[2025-12-11T05:31:44.793Z] [fetchSelectedHotspots] Hotspot 5 "Marina Beach" → DESTINATION (matches "Chennai")
[2025-12-11T05:31:44.806Z] [fetchSelectedHotspots] Hotspot 6 "Fort St.George Museum" → SOURCE (matches "Chennai International Airport" - PRIMARY)
[2025-12-11T05:31:44.836Z] [fetchSelectedHotspots] Hotspot 7 "Government Museum Chennai" → SOURCE (matches "Chennai International Airport" - PRIMARY)
[2025-12-11T05:31:44.846Z] [fetchSelectedHotspots] Hotspot 8 "Santhome Cathedral Basilica" → SOURCE (matches "Chennai International Airport" - PRIMARY)
[2025-12-11T05:31:44.872Z] [fetchSelectedHotspots] Hotspot 9 "Thousand Lights Mosque" → SOURCE (matches "Chennai International Airport" - PRIMARY)
[2025-12-11T05:31:44.878Z] [fetchSelectedHotspots] Hotspot 10 "Guindy National Park" → SOURCE (matches "Chennai International Airport" - PRIMARY)
[2025-12-11T05:31:44.902Z] [fetchSelectedHotspots] Hotspot 11 "Parthasarathy Temple" → SOURCE (matches "Chennai International Airport" - PRIMARY)
[2025-12-11T05:31:44.936Z] [fetchSelectedHotspots] Hotspot 12 "Vivekanandar House" → SOURCE (matches "Chennai International Airport" - PRIMARY)
[2025-12-11T05:31:44.946Z] [fetchSelectedHotspots] Hotspot 13 "Arignar Anna Zoological Park" → SOURCE (matches "Chennai International Airport" - PRIMARY)
[2025-12-11T05:31:45.000Z] [fetchSelectedHotspots] Hotspot 290 "Vgp snow kingdom" → SOURCE (matches "Chennai International Airport" - PRIMARY)
[2025-12-11T05:31:45.027Z] [fetchSelectedHotspots] Hotspot 291 "Vgp marine kingdom" → SOURCE (matches "Chennai International Airport" - PRIMARY)
[2025-12-11T05:31:45.059Z] [fetchSelectedHotspots] Hotspot 292 "Guindy snake park" → SOURCE (matches "Chennai International Airport" - PRIMARY)
[2025-12-11T05:31:45.070Z] [fetchSelectedHotspots] Hotspot 293 "Queens land" → SOURCE (matches "Chennai International Airport" - PRIMARY)
[2025-12-11T05:31:45.088Z] [fetchSelectedHotspots] Hotspot 294 "light house marina" → SOURCE (matches "Chennai International Airport" - PRIMARY)
[2025-12-11T05:31:45.107Z] [fetchSelectedHotspots] Hotspot 296 "Anna tower park" → SOURCE (matches "Chennai International Airport" - PRIMARY)
[2025-12-11T05:31:45.144Z] [fetchSelectedHotspots] Hotspot 297 "B.M Birla planitourim." → SOURCE (matches "Chennai International Airport" - PRIMARY)
[2025-12-11T05:31:45.191Z] [fetchSelectedHotspots] Hotspot 298 "Click art museum" → SOURCE (matches "Chennai International Airport" - PRIMARY)
[2025-12-11T05:31:45.231Z] [fetchSelectedHotspots] Hotspot 299 "National art gallery" → SOURCE (matches "Chennai International Airport" - PRIMARY)
[2025-12-11T05:31:45.286Z] [fetchSelectedHotspots] Hotspot 300 "M G R  Memorial" → SOURCE (matches "Chennai International Airport" - PRIMARY)
[2025-12-11T05:31:45.331Z] [fetchSelectedHotspots] Hotspot 303 "Anna memorial." → SOURCE (matches "Chennai International Airport" - PRIMARY)
[2025-12-11T05:31:45.444Z] [fetchSelectedHotspots] Hotspot 544 "Shri Ashtalakshmi Temple" → SOURCE (matches "Chennai International Airport" - PRIMARY)
[2025-12-11T05:31:45.537Z] [fetchSelectedHotspots] Hotspot 544 "Shri Ashtalakshmi Temple" → DESTINATION (matches "Chennai")
[2025-12-11T05:31:45.547Z] [fetchSelectedHotspots] Filtered 14 priority-0 SOURCE hotspots (22 → 8)
[2025-12-11T05:31:45.580Z] [fetchSelectedHotspots] Categorized: source=8, destination=3, via=0
[2025-12-11T05:31:45.601Z] [fetchSelectedHotspots] AIRPORT ARRIVAL DETECTED: "Chennai International Airport" → "Chennai"
[2025-12-11T05:31:45.613Z] [fetchSelectedHotspots] direct_to_next_visiting_place=0 + AIRPORT ARRIVAL: Processing DESTINATION → VIA
[2025-12-11T05:31:45.648Z] [fetchSelectedHotspots] Matched 3 hotspots after PHP ordering
[2025-12-11T05:31:45.658Z] [fetchSelectedHotspots] First 5 hotspots (sorted): ID=4 "Kapaleeshwarar Temple" priority=1 distance=19.94km, ID=5 "Marina Beach" priority=2 distance=22.47km, ID=544 "Shri Ashtalakshmi Temple" priority=0 distance=18.11km
[2025-12-11T05:31:45.690Z] [fetchSelectedHotspots] Matched 3 hotspots for route 530
[2025-12-11T05:31:45.702Z] [Timeline] Route 530: Selected 3 hotspots
[2025-12-11T05:31:45.799Z] [Timeline] Route 530 - currentTime: 12:00:00, routeEndTime: 20:00:00, routeEndSeconds: 72000
[2025-12-11T05:31:45.978Z] [Timeline] Hotspot 4 - currentSeconds: 43200, routeEndSeconds: 72000
[2025-12-11T05:31:46.185Z] [Timeline] Processing hotspot 4 for route 530
[2025-12-11T05:31:46.337Z] [Timeline] Hotspot 4 coords: lat=13.033798514213936, lon=80.26977915213011
[2025-12-11T05:31:46.439Z] [Timeline] Checking operating hours for hotspot 4: visit window 12:30:00-13:30:00 on day 4
[2025-12-11T05:31:46.477Z] [Timeline] Hotspot 4 check window: 05:30:00-12:00:00, visit: 12:30:00-13:30:00
[2025-12-11T05:31:46.509Z] [Timeline] Hotspot 4 check window: 16:00:00-20:00:00, visit: 12:30:00-13:30:00
[2025-12-11T05:31:46.521Z] [Timeline] Hotspot 4 operating hours check FAILED - visit 12:30:00-13:30:00 doesn't fit in any window
[2025-12-11T05:31:46.552Z] [Timeline] Hotspot 4 not open during visit window 12:30:00-13:30:00 on day 4, skipping
[2025-12-11T05:31:46.563Z] [Timeline] Hotspot 5 - currentSeconds: 43200, routeEndSeconds: 72000
[2025-12-11T05:31:46.603Z] [Timeline] Processing hotspot 5 for route 530
[2025-12-11T05:31:46.614Z] [Timeline] Hotspot 5 coords: lat=13.051080243192029, lon=80.27775926313883
[2025-12-11T05:31:46.723Z] [Timeline] Checking operating hours for hotspot 5: visit window 12:34:00-13:34:00 on day 4
[2025-12-11T05:31:46.746Z] [Timeline] Hotspot 5 operating hours OK
[2025-12-11T05:31:46.757Z] [Timeline] Travel type for "Chennai International Airport" -> "Chennai International Airport|Chennai Domestic Airport|Chennai Central|Chennai|Chennai Egmore Station|Chennai Koyembedu|ECR Beach, Chennai, Tamil Nadu": 1 (1=local, 2=outstation)
[2025-12-11T05:31:46.838Z] [Timeline] Building hotspot row for hotspot_ID=5
[2025-12-11T05:31:46.876Z] [Timeline] Built hotspot row: item_type=4, hotspot_ID=5, order=2
[2025-12-11T05:31:46.924Z] [Timeline] Hotspot 544 - currentSeconds: 48840, routeEndSeconds: 72000
[2025-12-11T05:31:46.963Z] [Timeline] Processing hotspot 544 for route 530
[2025-12-11T05:31:46.998Z] [Timeline] Hotspot 544 coords: lat=12.993461140291483, lon=80.27030436931474
[2025-12-11T05:31:47.090Z] [Timeline] Checking operating hours for hotspot 544: visit window 13:49:00-19:49:00 on day 4
[2025-12-11T05:31:47.122Z] [Timeline] Hotspot 544 check window: 06:00:00-12:00:00, visit: 13:49:00-19:49:00
[2025-12-11T05:31:47.172Z] [Timeline] Hotspot 544 check window: 16:00:00-20:00:00, visit: 13:49:00-19:49:00
[2025-12-11T05:31:47.214Z] [Timeline] Hotspot 544 operating hours check FAILED - visit 13:49:00-19:49:00 doesn't fit in any window
[2025-12-11T05:31:47.239Z] [Timeline] Hotspot 544 not open during visit window 13:49:00-19:49:00 on day 4, skipping
[2025-12-11T05:31:47.279Z] [Timeline] Route 531 (Chennai → Pondicherry): routeStartTime=08:00:00, routeEndTime=20:00:00, direct_to_next=0
[2025-12-11T05:31:47.317Z] [Timeline] Route 531 starting coords from location_id 762: (13.0843007, 80.2704622)
[2025-12-11T05:31:47.352Z] [Timeline] Route 531 - Added refreshment break: 08:00:00 - 09:00:00
[2025-12-11T05:31:47.391Z] [fetchSelectedHotspots] route 531 target="Chennai" next="Pondicherry" dow=5
[2025-12-11T05:31:47.555Z] [fetchSelectedHotspots] Found 583 total active hotspots
[2025-12-11T05:31:47.557Z] [fetchSelectedHotspots] direct_to_next_visiting_place=0
[2025-12-11T05:31:47.587Z] [fetchSelectedHotspots] source="Chennai", destination="Pondicherry"
[2025-12-11T05:31:47.608Z] [fetchSelectedHotspots] Starting coords from stored_locations: (12.9811068, 80.159623)
[2025-12-11T05:31:47.636Z] [fetchSelectedHotspots] Hotspot 4 "Kapaleeshwarar Temple" → SOURCE (matches "Chennai")
[2025-12-11T05:31:47.661Z] [fetchSelectedHotspots] Hotspot 5 "Marina Beach" → SOURCE (matches "Chennai")
[2025-12-11T05:31:47.671Z] [fetchSelectedHotspots] Hotspot 17 "Sri Aurobindo Ashram" → DESTINATION (matches "Pondicherry")
[2025-12-11T05:31:47.695Z] [fetchSelectedHotspots] Hotspot 18 "Auroville" → DESTINATION (matches "Pondicherry")
[2025-12-11T05:31:47.714Z] [fetchSelectedHotspots] Hotspot 19 "Promenade Beach" → DESTINATION (matches "Pondicherry")
[2025-12-11T05:31:47.747Z] [fetchSelectedHotspots] Hotspot 20 "Chunnambar Boathouse" → DESTINATION (matches "Pondicherry")
[2025-12-11T05:31:47.772Z] [fetchSelectedHotspots] Hotspot 21 "The Basilica of the Sacred Heart of Jesus" → DESTINATION (matches "Pondicherry")
[2025-12-11T05:31:47.790Z] [fetchSelectedHotspots] Hotspot 24 "The Pondicherry Museum" → DESTINATION (matches "Pondicherry")
[2025-12-11T05:31:47.802Z] [fetchSelectedHotspots] Hotspot 25 "Manakula Vinayagar Temple" → DESTINATION (matches "Pondicherry")
[2025-12-11T05:31:47.833Z] [fetchSelectedHotspots] Hotspot 277 "Pondicherry Backwater" → DESTINATION (matches "Pondicherry")
[2025-12-11T05:31:47.858Z] [fetchSelectedHotspots] Hotspot 544 "Shri Ashtalakshmi Temple" → SOURCE (matches "Chennai")
[2025-12-11T05:31:47.873Z] [fetchSelectedHotspots] Hotspot 669 "Eden Beach - Blue flag Beach" → DESTINATION (matches "Pondicherry" - PRIMARY)
[2025-12-11T05:31:47.892Z] [fetchSelectedHotspots] Hotspot 676 "Botanical Garden" → DESTINATION (matches "Pondicherry" - PRIMARY)
[2025-12-11T05:31:47.926Z] [fetchSelectedHotspots] Hotspot 677 "Bharathi Park &amp; Aayi Mandapam" → DESTINATION (matches "Pondicherry" - PRIMARY)
[2025-12-11T05:31:47.946Z] [fetchSelectedHotspots] Hotspot 678 "French Colony" → DESTINATION (matches "Pondicherry" - PRIMARY)
[2025-12-11T05:31:47.973Z] [fetchSelectedHotspots] Hotspot 679 "Pondi Marina Beach" → DESTINATION (matches "Pondicherry" - PRIMARY)
[2025-12-11T05:31:48.006Z] [fetchSelectedHotspots] Filtered 1 priority-0 SOURCE hotspots (3 → 2)
[2025-12-11T05:31:48.012Z] [fetchSelectedHotspots] Categorized: source=2, destination=13, via=0
[2025-12-11T05:31:48.052Z] [fetchSelectedHotspots] direct_to_next_visiting_place=0: Processing SOURCE → DESTINATION → VIA
[2025-12-11T05:31:48.056Z] [fetchSelectedHotspots] Matched 15 hotspots after PHP ordering
[2025-12-11T05:31:48.071Z] [fetchSelectedHotspots] First 5 hotspots (sorted): ID=4 "Kapaleeshwarar Temple" priority=1 distance=19.94km, ID=5 "Marina Beach" priority=2 distance=22.47km, ID=18 "Auroville" priority=1 distance=171.53km, ID=25 "Manakula Vinayagar Temple" priority=2 distance=182.13km, ID=21 "The Basilica of the Sacred Heart of Jesus" priority=4 distance=184.07km
[2025-12-11T05:31:48.104Z] [fetchSelectedHotspots] Matched 15 hotspots for route 531
[2025-12-11T05:31:48.131Z] [Timeline] Route 531: Selected 15 hotspots
[2025-12-11T05:31:48.208Z] [Timeline] Route 531 - currentTime: 09:00:00, routeEndTime: 20:00:00, routeEndSeconds: 72000
[2025-12-11T05:31:48.228Z] [Timeline] Hotspot 4 - currentSeconds: 32400, routeEndSeconds: 72000
[2025-12-11T05:31:48.253Z] [Timeline] Processing hotspot 4 for route 531
[2025-12-11T05:31:48.294Z] [Timeline] Hotspot 4 coords: lat=13.033798514213936, lon=80.26977915213011
[2025-12-11T05:31:48.411Z] [Timeline] Checking operating hours for hotspot 4: visit window 09:13:00-10:13:00 on day 5
[2025-12-11T05:31:48.456Z] [Timeline] Hotspot 4 check window: 05:30:00-12:00:00, visit: 09:13:00-10:13:00
[2025-12-11T05:31:48.464Z] [Timeline] Hotspot 4 operating hours OK - entire visit 09:13:00-10:13:00 fits in 05:30:00-12:00:00
[2025-12-11T05:31:48.508Z] [Timeline] Hotspot 4 operating hours OK
[2025-12-11T05:31:48.528Z] [Timeline] Travel type for "Chennai" -> "Chennai International Airport|Chennai Domestic Airport|Chennai Central|Chennai|Chennai Egmore Station|Chennai Koyembedu|ECR Beach, Chennai, Tamil Nadu": 1 (1=local, 2=outstation)
[2025-12-11T05:31:48.642Z] [Timeline] Building hotspot row for hotspot_ID=4
[2025-12-11T05:31:48.678Z] [Timeline] Built hotspot row: item_type=4, hotspot_ID=4, order=2
[2025-12-11T05:31:48.730Z] [Timeline] Hotspot 5 - currentSeconds: 36780, routeEndSeconds: 72000
[2025-12-11T05:31:48.736Z] [Timeline] Processing hotspot 5 for route 531
[2025-12-11T05:31:48.771Z] [Timeline] Skipping hotspot 5 - already added to plan 5
[2025-12-11T05:31:48.804Z] [Timeline] Hotspot 18 - currentSeconds: 36780, routeEndSeconds: 72000
[2025-12-11T05:31:48.809Z] [Timeline] Processing hotspot 18 for route 531
[2025-12-11T05:31:48.843Z] [Timeline] Hotspot 18 coords: lat=12.008342334177776, lon=79.81781931258232
[2025-12-11T05:31:48.930Z] [Timeline] Checking operating hours for hotspot 18: visit window 13:19:00-15:19:00 on day 5
[2025-12-11T05:31:48.994Z] [Timeline] Hotspot 18 check window: 09:00:00-13:00:00, visit: 13:19:00-15:19:00
[2025-12-11T05:31:49.040Z] [Timeline] Hotspot 18 check window: 13:30:00-17:00:00, visit: 13:19:00-15:19:00
[2025-12-11T05:31:49.048Z] [Timeline] Hotspot 18 operating hours check FAILED - visit 13:19:00-15:19:00 doesn't fit in any window
[2025-12-11T05:31:49.087Z] [Timeline] Hotspot 18 not open during visit window 13:19:00-15:19:00 on day 5, skipping
[2025-12-11T05:31:49.128Z] [Timeline] Hotspot 25 - currentSeconds: 36780, routeEndSeconds: 72000
[2025-12-11T05:31:49.161Z] [Timeline] Processing hotspot 25 for route 531
[2025-12-11T05:31:49.224Z] [Timeline] Hotspot 25 coords: lat=11.936184966220257, lon=79.83484226674099
[2025-12-11T05:31:49.347Z] [Timeline] Checking operating hours for hotspot 25: visit window 13:29:00-13:59:00 on day 5
[2025-12-11T05:31:49.409Z] [Timeline] Hotspot 25 check window: 17:45:00-12:30:00, visit: 13:29:00-13:59:00
[2025-12-11T05:31:49.471Z] [Timeline] Hotspot 25 check window: 16:00:00-20:00:00, visit: 13:29:00-13:59:00
[2025-12-11T05:31:49.490Z] [Timeline] Hotspot 25 operating hours check FAILED - visit 13:29:00-13:59:00 doesn't fit in any window
[2025-12-11T05:31:49.527Z] [Timeline] Hotspot 25 not open during visit window 13:29:00-13:59:00 on day 5, skipping
[2025-12-11T05:31:49.539Z] [Timeline] Hotspot 21 - currentSeconds: 36780, routeEndSeconds: 72000
[2025-12-11T05:31:49.572Z] [Timeline] Processing hotspot 21 for route 531
[2025-12-11T05:31:49.584Z] [Timeline] Hotspot 21 coords: lat=11.926178758041798, lon=79.82779781515121
[2025-12-11T05:31:49.660Z] [Timeline] Checking operating hours for hotspot 21: visit window 13:31:00-14:01:00 on day 5
[2025-12-11T05:31:49.687Z] [Timeline] Hotspot 21 check window: 06:00:00-19:00:00, visit: 13:31:00-14:01:00
[2025-12-11T05:31:49.721Z] [Timeline] Hotspot 21 operating hours OK - entire visit 13:31:00-14:01:00 fits in 06:00:00-19:00:00
[2025-12-11T05:31:49.740Z] [Timeline] Hotspot 21 operating hours OK
[2025-12-11T05:31:49.774Z] [Timeline] Travel type for "Chennai International Airport|Chennai Domestic Airport|Chennai Central|Chennai|Chennai Egmore Station|Chennai Koyembedu|ECR Beach, Chennai, Tamil Nadu" -> "Pondicherry Airport|Pondicherry": 2 (1=local, 2=outstation)
[2025-12-11T05:31:49.860Z] [Timeline] Building hotspot row for hotspot_ID=21
[2025-12-11T05:31:49.916Z] [Timeline] Built hotspot row: item_type=4, hotspot_ID=21, order=3
[2025-12-11T05:31:49.983Z] [Timeline] Hotspot 19 - currentSeconds: 50460, routeEndSeconds: 72000
[2025-12-11T05:31:50.022Z] [Timeline] Processing hotspot 19 for route 531
[2025-12-11T05:31:50.036Z] [Timeline] Hotspot 19 coords: lat=11.931203427435934, lon=79.83580349426904
[2025-12-11T05:31:50.209Z] [Timeline] Checking operating hours for hotspot 19: visit window 14:03:00-15:03:00 on day 5
[2025-12-11T05:31:50.262Z] [Timeline] Hotspot 19 check window: 06:00:00-20:00:00, visit: 14:03:00-15:03:00
[2025-12-11T05:31:50.310Z] [Timeline] Hotspot 19 operating hours OK - entire visit 14:03:00-15:03:00 fits in 06:00:00-20:00:00
[2025-12-11T05:31:50.320Z] [Timeline] Hotspot 19 operating hours OK
[2025-12-11T05:31:50.323Z] [Timeline] Travel type for "Pondicherry Airport|Pondicherry" -> "Pondicherry Airport|Pondicherry": 1 (1=local, 2=outstation)
[2025-12-11T05:31:50.529Z] [Timeline] Building hotspot row for hotspot_ID=19
[2025-12-11T05:31:50.569Z] [Timeline] Built hotspot row: item_type=4, hotspot_ID=19, order=4
[2025-12-11T05:31:50.606Z] [Timeline] Hotspot 20 - currentSeconds: 54180, routeEndSeconds: 72000
[2025-12-11T05:31:50.647Z] [Timeline] Processing hotspot 20 for route 531
[2025-12-11T05:31:50.676Z] [Timeline] Hotspot 20 coords: lat=11.883875481616602, lon=79.80141705562612
[2025-12-11T05:31:50.769Z] [Timeline] Checking operating hours for hotspot 20: visit window 15:18:00-16:18:00 on day 5
[2025-12-11T05:31:50.793Z] [Timeline] Hotspot 20 check window: 09:30:00-16:00:00, visit: 15:18:00-16:18:00
[2025-12-11T05:31:50.822Z] [Timeline] Hotspot 20 operating hours check FAILED - visit 15:18:00-16:18:00 doesn't fit in any window
[2025-12-11T05:31:50.837Z] [Timeline] Hotspot 20 not open during visit window 15:18:00-16:18:00 on day 5, skipping
[2025-12-11T05:31:50.861Z] [Timeline] Hotspot 17 - currentSeconds: 54180, routeEndSeconds: 72000
[2025-12-11T05:31:50.894Z] [Timeline] Processing hotspot 17 for route 531
[2025-12-11T05:31:50.929Z] [Timeline] Hotspot 17 coords: lat=11.936929030828965, lon=79.83477998559515
[2025-12-11T05:31:51.052Z] [Timeline] Checking operating hours for hotspot 17: visit window 15:04:00-16:04:00 on day 5
[2025-12-11T05:31:51.097Z] [Timeline] Hotspot 17 check window: 10:30:00-19:00:00, visit: 15:04:00-16:04:00
[2025-12-11T05:31:51.131Z] [Timeline] Hotspot 17 operating hours OK - entire visit 15:04:00-16:04:00 fits in 10:30:00-19:00:00
[2025-12-11T05:31:51.181Z] [Timeline] Hotspot 17 operating hours OK
[2025-12-11T05:31:51.236Z] [Timeline] Travel type for "Pondicherry Airport|Pondicherry" -> "Pondicherry Airport|Pondicherry": 1 (1=local, 2=outstation)
[2025-12-11T05:31:51.423Z] [Timeline] Building hotspot row for hotspot_ID=17
[2025-12-11T05:31:51.437Z] [Timeline] Built hotspot row: item_type=4, hotspot_ID=17, order=5
[2025-12-11T05:31:51.495Z] [Timeline] Hotspot 677 - currentSeconds: 57840, routeEndSeconds: 72000
[2025-12-11T05:31:51.528Z] [Timeline] Processing hotspot 677 for route 531
[2025-12-11T05:31:51.562Z] [Timeline] Hotspot 677 coords: lat=11.933029585291068, lon=79.83418306595088
[2025-12-11T05:31:51.655Z] [Timeline] Checking operating hours for hotspot 677: visit window 16:05:00-16:50:00 on day 5
[2025-12-11T05:31:51.687Z] [Timeline] Hotspot 677 check window: 06:00:00-19:00:00, visit: 16:05:00-16:50:00
[2025-12-11T05:31:51.697Z] [Timeline] Hotspot 677 operating hours OK - entire visit 16:05:00-16:50:00 fits in 06:00:00-19:00:00
[2025-12-11T05:31:51.736Z] [Timeline] Hotspot 677 operating hours OK
[2025-12-11T05:31:51.776Z] [Timeline] Travel type for "Pondicherry Airport|Pondicherry" -> "Pondicherry|Pondicherry Airport": 1 (1=local, 2=outstation)
[2025-12-11T05:31:51.858Z] [Timeline] Building hotspot row for hotspot_ID=677
[2025-12-11T05:31:51.887Z] [Timeline] Built hotspot row: item_type=4, hotspot_ID=677, order=6
[2025-12-11T05:31:51.989Z] [Timeline] Hotspot 678 - currentSeconds: 60600, routeEndSeconds: 72000
[2025-12-11T05:31:51.996Z] [Timeline] Processing hotspot 678 for route 531
[2025-12-11T05:31:52.048Z] [Timeline] Hotspot 678 coords: lat=11.928492248303817, lon=79.83303242117643
[2025-12-11T05:31:52.238Z] [Timeline] Checking operating hours for hotspot 678: visit window 16:51:00-17:51:00 on day 5
[2025-12-11T05:31:52.287Z] [Timeline] Hotspot 678 operating hours OK
[2025-12-11T05:31:52.290Z] [Timeline] Travel type for "Pondicherry|Pondicherry Airport" -> "Pondicherry|Pondicherry Airport": 1 (1=local, 2=outstation)
[2025-12-11T05:31:52.378Z] [Timeline] Building hotspot row for hotspot_ID=678
[2025-12-11T05:31:52.387Z] [Timeline] Built hotspot row: item_type=4, hotspot_ID=678, order=7
[2025-12-11T05:31:52.426Z] [Timeline] Hotspot 676 - currentSeconds: 64260, routeEndSeconds: 72000
[2025-12-11T05:31:52.460Z] [Timeline] Processing hotspot 676 for route 531
[2025-12-11T05:31:52.519Z] [Timeline] Hotspot 676 coords: lat=11.930177048465467, lon=79.8224313245787
[2025-12-11T05:31:52.576Z] [Timeline] Checking operating hours for hotspot 676: visit window 17:54:00-18:54:00 on day 5
[2025-12-11T05:31:52.613Z] [Timeline] Hotspot 676 check window: 10:00:00-17:00:00, visit: 17:54:00-18:54:00
[2025-12-11T05:31:52.628Z] [Timeline] Hotspot 676 operating hours check FAILED - visit 17:54:00-18:54:00 doesn't fit in any window
[2025-12-11T05:31:52.656Z] [Timeline] Hotspot 676 not open during visit window 17:54:00-18:54:00 on day 5, skipping
[2025-12-11T05:31:52.694Z] [Timeline] Hotspot 679 - currentSeconds: 64260, routeEndSeconds: 72000
[2025-12-11T05:31:52.707Z] [Timeline] Processing hotspot 679 for route 531
[2025-12-11T05:31:52.742Z] [Timeline] Hotspot 679 coords: lat=11.913052113056816, lon=79.82932149874199
[2025-12-11T05:31:52.810Z] [Timeline] Checking operating hours for hotspot 679: visit window 17:55:00-18:25:00 on day 5
[2025-12-11T05:31:52.829Z] [Timeline] Hotspot 679 operating hours OK
[2025-12-11T05:31:52.856Z] [Timeline] Travel type for "Pondicherry|Pondicherry Airport" -> "Pondicherry|Pondicherry Airport": 1 (1=local, 2=outstation)
[2025-12-11T05:31:52.953Z] [Timeline] Building hotspot row for hotspot_ID=679
[2025-12-11T05:31:53.000Z] [Timeline] Built hotspot row: item_type=4, hotspot_ID=679, order=8
[2025-12-11T05:31:53.057Z] [Timeline] Hotspot 669 - currentSeconds: 66300, routeEndSeconds: 72000
[2025-12-11T05:31:53.073Z] [Timeline] Processing hotspot 669 for route 531
[2025-12-11T05:31:53.091Z] [Timeline] Hotspot 669 coords: lat=11.882310987345338, lon=79.8244548517534
[2025-12-11T05:31:53.238Z] [Timeline] Checking operating hours for hotspot 669: visit window 18:33:00-19:33:00 on day 5
[2025-12-11T05:31:53.273Z] [Timeline] Hotspot 669 check window: 06:00:00-18:00:00, visit: 18:33:00-19:33:00
[2025-12-11T05:31:53.276Z] [Timeline] Hotspot 669 operating hours check FAILED - visit 18:33:00-19:33:00 doesn't fit in any window
[2025-12-11T05:31:53.301Z] [Timeline] Hotspot 669 not open during visit window 18:33:00-19:33:00 on day 5, skipping
[2025-12-11T05:31:53.321Z] [Timeline] Hotspot 24 - currentSeconds: 66300, routeEndSeconds: 72000
[2025-12-11T05:31:53.326Z] [Timeline] Processing hotspot 24 for route 531
[2025-12-11T05:31:53.356Z] [Timeline] Hotspot 24 coords: lat=11.934656339062595, lon=79.83484999477534
[2025-12-11T05:31:53.459Z] [Timeline] Checking operating hours for hotspot 24: visit window 18:31:00-19:01:00 on day 5
[2025-12-11T05:31:53.511Z] [Timeline] Hotspot 24 check window: 09:00:00-18:00:00, visit: 18:31:00-19:01:00
[2025-12-11T05:31:53.520Z] [Timeline] Hotspot 24 operating hours check FAILED - visit 18:31:00-19:01:00 doesn't fit in any window
[2025-12-11T05:31:53.560Z] [Timeline] Hotspot 24 not open during visit window 18:31:00-19:01:00 on day 5, skipping
[2025-12-11T05:31:53.572Z] [Timeline] Hotspot 277 - currentSeconds: 66300, routeEndSeconds: 72000
[2025-12-11T05:31:53.606Z] [Timeline] Processing hotspot 277 for route 531
[2025-12-11T05:31:53.657Z] [Timeline] Hotspot 277 coords: lat=11.916309213225349, lon=79.82433098120615
[2025-12-11T05:31:53.779Z] [Timeline] Checking operating hours for hotspot 277: visit window 18:26:00-21:26:00 on day 5
[2025-12-11T05:31:53.821Z] [Timeline] Hotspot 277 check window: 09:00:00-18:00:00, visit: 18:26:00-21:26:00
[2025-12-11T05:31:53.841Z] [Timeline] Hotspot 277 operating hours check FAILED - visit 18:26:00-21:26:00 doesn't fit in any window
[2025-12-11T05:31:53.864Z] [Timeline] Hotspot 277 not open during visit window 18:26:00-21:26:00 on day 5, skipping
[2025-12-11T05:31:53.910Z] [Timeline] Route 532 (Pondicherry → Pondicherry Airport): routeStartTime=08:00:00, routeEndTime=20:00:00, direct_to_next=0
[2025-12-11T05:31:53.943Z] [Timeline] Route 532 starting coords from location_id 5922: (11.9415915, 79.8083133)
[2025-12-11T05:31:54.005Z] [Timeline] Route 532 - Skipping refreshment row (last route) but advancing time by 01:00:00 to 09:00:00
[2025-12-11T05:31:54.019Z] [fetchSelectedHotspots] route 532 target="Pondicherry" next="Pondicherry Airport" dow=6
[2025-12-11T05:31:54.200Z] [fetchSelectedHotspots] Found 583 total active hotspots
[2025-12-11T05:31:54.250Z] [fetchSelectedHotspots] direct_to_next_visiting_place=0
[2025-12-11T05:31:54.277Z] [fetchSelectedHotspots] source="Pondicherry", destination="Pondicherry Airport"
[2025-12-11T05:31:54.329Z] [fetchSelectedHotspots] Starting coords from stored_locations: (13.0827989, 80.2754246)
[2025-12-11T05:31:54.377Z] [fetchSelectedHotspots] Hotspot 16 "Paradise Beach" → DESTINATION (matches "Pondicherry Airport" - PRIMARY - ONLY)
[2025-12-11T05:31:54.408Z] [fetchSelectedHotspots] Hotspot 17 "Sri Aurobindo Ashram" → SOURCE (matches "Pondicherry")
[2025-12-11T05:31:54.439Z] [fetchSelectedHotspots] Hotspot 17 "Sri Aurobindo Ashram" → DESTINATION (matches "Pondicherry Airport" - PRIMARY)
[2025-12-11T05:31:54.445Z] [fetchSelectedHotspots] Hotspot 18 "Auroville" → SOURCE (matches "Pondicherry")
[2025-12-11T05:31:54.486Z] [fetchSelectedHotspots] Hotspot 18 "Auroville" → DESTINATION (matches "Pondicherry Airport" - PRIMARY)
[2025-12-11T05:31:54.494Z] [fetchSelectedHotspots] Hotspot 19 "Promenade Beach" → SOURCE (matches "Pondicherry")
[2025-12-11T05:31:54.508Z] [fetchSelectedHotspots] Hotspot 19 "Promenade Beach" → DESTINATION (matches "Pondicherry Airport" - PRIMARY)
[2025-12-11T05:31:54.541Z] [fetchSelectedHotspots] Hotspot 20 "Chunnambar Boathouse" → SOURCE (matches "Pondicherry")
[2025-12-11T05:31:54.568Z] [fetchSelectedHotspots] Hotspot 20 "Chunnambar Boathouse" → DESTINATION (matches "Pondicherry Airport" - PRIMARY)
[2025-12-11T05:31:54.576Z] [fetchSelectedHotspots] Hotspot 21 "The Basilica of the Sacred Heart of Jesus" → SOURCE (matches "Pondicherry")
[2025-12-11T05:31:54.604Z] [fetchSelectedHotspots] Hotspot 21 "The Basilica of the Sacred Heart of Jesus" → DESTINATION (matches "Pondicherry Airport" - PRIMARY)
[2025-12-11T05:31:54.613Z] [fetchSelectedHotspots] Hotspot 23 "French War Memorial" → DESTINATION (matches "Pondicherry Airport" - PRIMARY - ONLY)
[2025-12-11T05:31:54.650Z] [fetchSelectedHotspots] Hotspot 24 "The Pondicherry Museum" → SOURCE (matches "Pondicherry")
[2025-12-11T05:31:54.668Z] [fetchSelectedHotspots] Hotspot 24 "The Pondicherry Museum" → DESTINATION (matches "Pondicherry Airport" - PRIMARY)
[2025-12-11T05:31:54.678Z] [fetchSelectedHotspots] Hotspot 25 "Manakula Vinayagar Temple" → SOURCE (matches "Pondicherry")
[2025-12-11T05:31:54.711Z] [fetchSelectedHotspots] Hotspot 25 "Manakula Vinayagar Temple" → DESTINATION (matches "Pondicherry Airport" - PRIMARY)
[2025-12-11T05:31:54.727Z] [fetchSelectedHotspots] Hotspot 277 "Pondicherry Backwater" → SOURCE (matches "Pondicherry")
[2025-12-11T05:31:54.763Z] [fetchSelectedHotspots] Hotspot 277 "Pondicherry Backwater" → DESTINATION (matches "Pondicherry Airport" - PRIMARY)
[2025-12-11T05:31:54.796Z] [fetchSelectedHotspots] Hotspot 669 "Eden Beach - Blue flag Beach" → SOURCE (matches "Pondicherry" - PRIMARY)
[2025-12-11T05:31:54.837Z] [fetchSelectedHotspots] Hotspot 669 "Eden Beach - Blue flag Beach" → DESTINATION (matches "Pondicherry Airport")
[2025-12-11T05:31:54.852Z] [fetchSelectedHotspots] Hotspot 676 "Botanical Garden" → SOURCE (matches "Pondicherry" - PRIMARY)
[2025-12-11T05:31:54.887Z] [fetchSelectedHotspots] Hotspot 676 "Botanical Garden" → DESTINATION (matches "Pondicherry Airport")
[2025-12-11T05:31:54.895Z] [fetchSelectedHotspots] Hotspot 677 "Bharathi Park &amp; Aayi Mandapam" → SOURCE (matches "Pondicherry" - PRIMARY)
[2025-12-11T05:31:54.920Z] [fetchSelectedHotspots] Hotspot 677 "Bharathi Park &amp; Aayi Mandapam" → DESTINATION (matches "Pondicherry Airport")
[2025-12-11T05:31:54.945Z] [fetchSelectedHotspots] Hotspot 678 "French Colony" → SOURCE (matches "Pondicherry" - PRIMARY)
[2025-12-11T05:31:54.970Z] [fetchSelectedHotspots] Hotspot 678 "French Colony" → DESTINATION (matches "Pondicherry Airport")
[2025-12-11T05:31:54.995Z] [fetchSelectedHotspots] Hotspot 679 "Pondi Marina Beach" → SOURCE (matches "Pondicherry" - PRIMARY)
[2025-12-11T05:31:55.021Z] [fetchSelectedHotspots] Hotspot 679 "Pondi Marina Beach" → DESTINATION (matches "Pondicherry Airport")
[2025-12-11T05:31:55.052Z] [fetchSelectedHotspots] Filtered 7 priority-0 SOURCE hotspots (13 → 6)
[2025-12-11T05:31:55.084Z] [fetchSelectedHotspots] Categorized: source=6, destination=15, via=0
[2025-12-11T05:31:55.092Z] [fetchSelectedHotspots] direct_to_next_visiting_place=0: Processing SOURCE → DESTINATION → VIA
[2025-12-11T05:31:55.128Z] [fetchSelectedHotspots] Matched 21 hotspots after PHP ordering
[2025-12-11T05:31:55.139Z] [fetchSelectedHotspots] First 5 hotspots (sorted): ID=18 "Auroville" priority=1 distance=194.08km, ID=25 "Manakula Vinayagar Temple" priority=2 distance=204.26km, ID=21 "The Basilica of the Sacred Heart of Jesus" priority=4 distance=206.23km, ID=19 "Promenade Beach" priority=5 distance=204.98km, ID=20 "Chunnambar Boathouse" priority=5 distance=214.35km
[2025-12-11T05:31:55.214Z] [fetchSelectedHotspots] Matched 15 hotspots for route 532
[2025-12-11T05:31:55.256Z] [Timeline] Route 532: Selected 15 hotspots
[2025-12-11T05:31:55.300Z] [Timeline] Route 532 - currentTime: 09:00:00, routeEndTime: 20:00:00, routeEndSeconds: 72000
[2025-12-11T05:31:55.304Z] [Timeline] Hotspot 18 - currentSeconds: 32400, routeEndSeconds: 72000
[2025-12-11T05:31:55.308Z] [Timeline] Processing hotspot 18 for route 532
[2025-12-11T05:31:55.351Z] [Timeline] Hotspot 18 coords: lat=12.008342334177776, lon=79.81781931258232
[2025-12-11T05:31:55.468Z] [Timeline] Checking operating hours for hotspot 18: visit window 09:17:00-11:17:00 on day 6
[2025-12-11T05:31:55.490Z] [Timeline] Hotspot 18 check window: 09:00:00-13:00:00, visit: 09:17:00-11:17:00
[2025-12-11T05:31:55.510Z] [Timeline] Hotspot 18 operating hours OK - entire visit 09:17:00-11:17:00 fits in 09:00:00-13:00:00
[2025-12-11T05:31:55.538Z] [Timeline] Hotspot 18 operating hours OK
[2025-12-11T05:31:55.552Z] [Timeline] Travel type for "Pondicherry" -> "Pondicherry Airport|Pondicherry": 1 (1=local, 2=outstation)
[2025-12-11T05:31:55.630Z] [Timeline] Building hotspot row for hotspot_ID=18
[2025-12-11T05:31:55.669Z] [Timeline] Built hotspot row: item_type=4, hotspot_ID=18, order=2
[2025-12-11T05:31:55.702Z] [Timeline] Hotspot 25 - currentSeconds: 40620, routeEndSeconds: 72000
[2025-12-11T05:31:55.736Z] [Timeline] Processing hotspot 25 for route 532
[2025-12-11T05:31:55.771Z] [Timeline] Hotspot 25 coords: lat=11.936184966220257, lon=79.83484226674099
[2025-12-11T05:31:55.851Z] [Timeline] Checking operating hours for hotspot 25: visit window 11:36:00-12:06:00 on day 6
[2025-12-11T05:31:55.879Z] [Timeline] Hotspot 25 check window: 05:45:00-12:30:00, visit: 11:36:00-12:06:00
[2025-12-11T05:31:55.889Z] [Timeline] Hotspot 25 operating hours OK - entire visit 11:36:00-12:06:00 fits in 05:45:00-12:30:00
[2025-12-11T05:31:55.913Z] [Timeline] Hotspot 25 operating hours OK
[2025-12-11T05:31:55.929Z] [Timeline] Travel type for "Pondicherry Airport|Pondicherry" -> "Pondicherry Airport|Pondicherry": 1 (1=local, 2=outstation)
[2025-12-11T05:31:56.037Z] [Timeline] Building hotspot row for hotspot_ID=25
[2025-12-11T05:31:56.074Z] [Timeline] Built hotspot row: item_type=4, hotspot_ID=25, order=3
[2025-12-11T05:31:56.157Z] [Timeline] Hotspot 21 - currentSeconds: 43560, routeEndSeconds: 72000
[2025-12-11T05:31:56.215Z] [Timeline] Processing hotspot 21 for route 532
[2025-12-11T05:31:56.254Z] [Timeline] Skipping hotspot 21 - already added to plan 5
[2025-12-11T05:31:56.288Z] [Timeline] Hotspot 19 - currentSeconds: 43560, routeEndSeconds: 72000
[2025-12-11T05:31:56.297Z] [Timeline] Processing hotspot 19 for route 532
[2025-12-11T05:31:56.314Z] [Timeline] Skipping hotspot 19 - already added to plan 5
[2025-12-11T05:31:56.339Z] [Timeline] Hotspot 20 - currentSeconds: 43560, routeEndSeconds: 72000
[2025-12-11T05:31:56.364Z] [Timeline] Processing hotspot 20 for route 532
[2025-12-11T05:31:56.391Z] [Timeline] Hotspot 20 coords: lat=11.883875481616602, lon=79.80141705562612
[2025-12-11T05:31:56.543Z] [Timeline] Checking operating hours for hotspot 20: visit window 12:21:00-13:21:00 on day 6
[2025-12-11T05:31:56.618Z] [Timeline] Hotspot 20 check window: 09:30:00-16:00:00, visit: 12:21:00-13:21:00
[2025-12-11T05:31:56.636Z] [Timeline] Hotspot 20 operating hours OK - entire visit 12:21:00-13:21:00 fits in 09:30:00-16:00:00
[2025-12-11T05:31:56.672Z] [Timeline] Hotspot 20 operating hours OK
[2025-12-11T05:31:56.718Z] [Timeline] Travel type for "Pondicherry Airport|Pondicherry" -> "Pondicherry Airport|Pondicherry": 1 (1=local, 2=outstation)
[2025-12-11T05:31:56.857Z] [Timeline] Building hotspot row for hotspot_ID=20
[2025-12-11T05:31:56.895Z] [Timeline] Built hotspot row: item_type=4, hotspot_ID=20, order=4
[2025-12-11T05:31:56.939Z] [Timeline] Hotspot 17 - currentSeconds: 48060, routeEndSeconds: 72000
[2025-12-11T05:31:56.963Z] [Timeline] Processing hotspot 17 for route 532
[2025-12-11T05:31:56.994Z] [Timeline] Skipping hotspot 17 - already added to plan 5
[2025-12-11T05:31:57.012Z] [Timeline] Hotspot 16 - currentSeconds: 48060, routeEndSeconds: 72000
[2025-12-11T05:31:57.020Z] [Timeline] Processing hotspot 16 for route 532
[2025-12-11T05:31:57.059Z] [Timeline] Hotspot 16 coords: lat=11.894346668881749, lon=79.86265715952393
[2025-12-11T05:31:57.908Z] [Timeline] Checking operating hours for hotspot 16: visit window 13:36:00-14:06:00 on day 6
[2025-12-11T05:31:57.947Z] [Timeline] Hotspot 16 check window: 09:00:00-18:00:00, visit: 13:36:00-14:06:00
[2025-12-11T05:31:57.990Z] [Timeline] Hotspot 16 operating hours OK - entire visit 13:36:00-14:06:00 fits in 09:00:00-18:00:00
[2025-12-11T05:31:58.001Z] [Timeline] Hotspot 16 operating hours OK
[2025-12-11T05:31:58.011Z] [Timeline] Travel type for "Pondicherry Airport|Pondicherry" -> "Pondicherry Airport": 1 (1=local, 2=outstation)
[2025-12-11T05:31:58.093Z] [Timeline] Building hotspot row for hotspot_ID=16
[2025-12-11T05:31:58.130Z] [Timeline] Built hotspot row: item_type=4, hotspot_ID=16, order=5
[2025-12-11T05:31:58.227Z] [Timeline] Hotspot 23 - currentSeconds: 50760, routeEndSeconds: 72000
[2025-12-11T05:31:58.256Z] [Timeline] Processing hotspot 23 for route 532
[2025-12-11T05:31:58.313Z] [Timeline] Hotspot 23 coords: lat=11.93212951685565, lon=79.83535346593922
[2025-12-11T05:31:58.367Z] [Timeline] Checking operating hours for hotspot 23: visit window 14:06:00-14:26:00 on day 6
[2025-12-11T05:31:58.376Z] [Timeline] Hotspot 23 operating hours OK
[2025-12-11T05:31:58.412Z] [Timeline] Travel type for "Pondicherry Airport" -> "Pondicherry Airport": 1 (1=local, 2=outstation)
[2025-12-11T05:31:58.427Z] [Timeline] Building hotspot row for hotspot_ID=23
[2025-12-11T05:31:58.468Z] [Timeline] Built hotspot row: item_type=4, hotspot_ID=23, order=6
[2025-12-11T05:31:58.511Z] [Timeline] Hotspot 24 - currentSeconds: 51960, routeEndSeconds: 72000
[2025-12-11T05:31:58.520Z] [Timeline] Processing hotspot 24 for route 532
[2025-12-11T05:31:58.557Z] [Timeline] Hotspot 24 coords: lat=11.934656339062595, lon=79.83484999477534
[2025-12-11T05:31:58.671Z] [Timeline] Checking operating hours for hotspot 24: visit window 14:27:00-14:57:00 on day 6
[2025-12-11T05:31:58.703Z] [Timeline] Hotspot 24 check window: 09:00:00-18:00:00, visit: 14:27:00-14:57:00
[2025-12-11T05:31:58.727Z] [Timeline] Hotspot 24 operating hours OK - entire visit 14:27:00-14:57:00 fits in 09:00:00-18:00:00
[2025-12-11T05:31:58.751Z] [Timeline] Hotspot 24 operating hours OK
[2025-12-11T05:31:58.761Z] [Timeline] Travel type for "Pondicherry Airport" -> "Pondicherry Airport|Pondicherry": 1 (1=local, 2=outstation)
[2025-12-11T05:31:58.857Z] [Timeline] Building hotspot row for hotspot_ID=24
[2025-12-11T05:31:58.897Z] [Timeline] Built hotspot row: item_type=4, hotspot_ID=24, order=7
[2025-12-11T05:31:58.944Z] [Timeline] Hotspot 277 - currentSeconds: 53820, routeEndSeconds: 72000
[2025-12-11T05:31:58.954Z] [Timeline] Processing hotspot 277 for route 532
[2025-12-11T05:31:58.990Z] [Timeline] Hotspot 277 coords: lat=11.916309213225349, lon=79.82433098120615
[2025-12-11T05:31:59.072Z] [Timeline] Checking operating hours for hotspot 277: visit window 15:02:00-18:02:00 on day 6
[2025-12-11T05:31:59.109Z] [Timeline] Hotspot 277 check window: 09:00:00-18:00:00, visit: 15:02:00-18:02:00
[2025-12-11T05:31:59.150Z] [Timeline] Hotspot 277 operating hours check FAILED - visit 15:02:00-18:02:00 doesn't fit in any window
[2025-12-11T05:31:59.206Z] [Timeline] Hotspot 277 not open during visit window 15:02:00-18:02:00 on day 6, skipping
[2025-12-11T05:31:59.247Z] [Timeline] Hotspot 677 - currentSeconds: 53820, routeEndSeconds: 72000
[2025-12-11T05:31:59.279Z] [Timeline] Processing hotspot 677 for route 532
[2025-12-11T05:31:59.291Z] [Timeline] Skipping hotspot 677 - already added to plan 5
[2025-12-11T05:31:59.312Z] [Timeline] Hotspot 678 - currentSeconds: 53820, routeEndSeconds: 72000
[2025-12-11T05:31:59.326Z] [Timeline] Processing hotspot 678 for route 532
[2025-12-11T05:31:59.329Z] [Timeline] Skipping hotspot 678 - already added to plan 5
[2025-12-11T05:31:59.335Z] [Timeline] Hotspot 676 - currentSeconds: 53820, routeEndSeconds: 72000
[2025-12-11T05:31:59.339Z] [Timeline] Processing hotspot 676 for route 532
[2025-12-11T05:31:59.342Z] [Timeline] Hotspot 676 coords: lat=11.930177048465467, lon=79.8224313245787
[2025-12-11T05:31:59.442Z] [Timeline] Checking operating hours for hotspot 676: visit window 15:00:00-16:00:00 on day 6
[2025-12-11T05:31:59.506Z] [Timeline] Hotspot 676 check window: 10:00:00-17:00:00, visit: 15:00:00-16:00:00
[2025-12-11T05:31:59.536Z] [Timeline] Hotspot 676 operating hours OK - entire visit 15:00:00-16:00:00 fits in 10:00:00-17:00:00
[2025-12-11T05:31:59.579Z] [Timeline] Hotspot 676 operating hours OK
[2025-12-11T05:31:59.601Z] [Timeline] Travel type for "Pondicherry Airport|Pondicherry" -> "Pondicherry|Pondicherry Airport": 1 (1=local, 2=outstation)
[2025-12-11T05:31:59.693Z] [Timeline] Building hotspot row for hotspot_ID=676
[2025-12-11T05:31:59.721Z] [Timeline] Built hotspot row: item_type=4, hotspot_ID=676, order=8
[2025-12-11T05:31:59.780Z] [Timeline] Hotspot 679 - currentSeconds: 57600, routeEndSeconds: 72000
[2025-12-11T05:31:59.793Z] [Timeline] Processing hotspot 679 for route 532
[2025-12-11T05:31:59.826Z] [Timeline] Skipping hotspot 679 - already added to plan 5
[2025-12-11T05:31:59.839Z] [Timeline] Hotspot 669 - currentSeconds: 57600, routeEndSeconds: 72000
[2025-12-11T05:31:59.843Z] [Timeline] Processing hotspot 669 for route 532
[2025-12-11T05:31:59.876Z] [Timeline] Hotspot 669 coords: lat=11.882310987345338, lon=79.8244548517534
[2025-12-11T05:31:59.979Z] [Timeline] Checking operating hours for hotspot 669: visit window 16:12:00-17:12:00 on day 6
[2025-12-11T05:32:00.029Z] [Timeline] Hotspot 669 check window: 06:00:00-18:00:00, visit: 16:12:00-17:12:00
[2025-12-11T05:32:00.076Z] [Timeline] Hotspot 669 operating hours OK - entire visit 16:12:00-17:12:00 fits in 06:00:00-18:00:00
[2025-12-11T05:32:00.141Z] [Timeline] Hotspot 669 operating hours OK
[2025-12-11T05:32:00.226Z] [Timeline] Travel type for "Pondicherry|Pondicherry Airport" -> "Pondicherry|Pondicherry Airport": 1 (1=local, 2=outstation)
[2025-12-11T05:32:00.287Z] [Timeline] Building hotspot row for hotspot_ID=669
[2025-12-11T05:32:00.291Z] [Timeline] Built hotspot row: item_type=4, hotspot_ID=669, order=9
[2025-12-11T05:32:00.309Z] [Timeline] Route 532 - Skipping hotel rows (last route - PHP behavior)
[2025-12-11T05:32:00.342Z] [Timeline] Returning 39 hotspot rows and 0 parking rows
[2025-12-11T05:32:00.383Z] [Timeline] Hotspot rows item_types: 1, 3, 4, 5, 6, 1, 3, 4, 3, 4, 3, 4, 3, 4, 3, 4, 3, 4, 3, 4, 5, 6, 3, 4, 3, 4, 3, 4, 3, 4, 3, 4, 3, 4, 3, 4, 3, 4, 7
[2025-12-11T05:32:00.406Z] [Timeline] Hotspot rows hotspot_IDs: , 5, 5, 0, 0, , 4, 4, 21, 21, 19, 19, 17, 17, 677, 677, 678, 678, 679, 679, 0, 0, 18, 18, 25, 25, 20, 20, 16, 16, 23, 23, 24, 24, 676, 676, 669, 669, 0
[2025-12-11T05:32:00.419Z] 
=== LOG FILE SAVED TO: D:\wamp64\www\dvi_fullstack\dvi_backend\tmp\hotspot_optimization_1765431022569.log ===

