[2025-12-11T00:15:40.505Z] === HOTSPOT OPTIMIZATION LOG ===
[2025-12-11T00:15:40.643Z] Started at: 2025-12-11T00:15:40.643Z

[2025-12-11T00:19:16.534Z] [Timeline] Route 424 (Chennai International Airport → Chennai): routeStartTime=11:00:00, routeEndTime=20:00:00, direct_to_next=0
[2025-12-11T00:19:16.571Z] [Timeline] Route 424 starting coords from location_id 165946: (12.9811068, 80.159623)
[2025-12-11T00:19:16.581Z] [Timeline] Route 424 - Added refreshment break: 11:00:00 - 12:00:00
[2025-12-11T00:19:16.595Z] [fetchSelectedHotspots] route 424 target="Chennai International Airport" next="Chennai" dow=2
[2025-12-11T00:19:16.774Z] [fetchSelectedHotspots] Found 583 total active hotspots
[2025-12-11T00:19:16.796Z] [fetchSelectedHotspots] direct_to_next_visiting_place=0
[2025-12-11T00:19:16.864Z] [fetchSelectedHotspots] source="Chennai International Airport", destination="Chennai"
[2025-12-11T00:19:16.912Z] [fetchSelectedHotspots] Starting coords from stored_locations: (12.9811068, 80.159623)
[2025-12-11T00:19:16.935Z] [fetchSelectedHotspots] Hotspot 4 "Kapaleeshwarar Temple" → SOURCE (matches "Chennai International Airport")
[2025-12-11T00:19:16.941Z] [fetchSelectedHotspots] Hotspot 4 "Kapaleeshwarar Temple" → DESTINATION (matches "Chennai")
[2025-12-11T00:19:16.968Z] [fetchSelectedHotspots] Hotspot 5 "Marina Beach" → SOURCE (matches "Chennai International Airport")
[2025-12-11T00:19:16.970Z] [fetchSelectedHotspots] Hotspot 5 "Marina Beach" → DESTINATION (matches "Chennai")
[2025-12-11T00:19:17.000Z] [fetchSelectedHotspots] Hotspot 6 "Fort St.George Museum" → SOURCE (matches "Chennai International Airport")
[2025-12-11T00:19:17.008Z] [fetchSelectedHotspots] Hotspot 7 "Government Museum Chennai" → SOURCE (matches "Chennai International Airport")
[2025-12-11T00:19:17.038Z] [fetchSelectedHotspots] Hotspot 8 "Santhome Cathedral Basilica" → SOURCE (matches "Chennai International Airport")
[2025-12-11T00:19:17.051Z] [fetchSelectedHotspots] Hotspot 9 "Thousand Lights Mosque" → SOURCE (matches "Chennai International Airport")
[2025-12-11T00:19:17.070Z] [fetchSelectedHotspots] Hotspot 10 "Guindy National Park" → SOURCE (matches "Chennai International Airport")
[2025-12-11T00:19:17.074Z] [fetchSelectedHotspots] Hotspot 11 "Parthasarathy Temple" → SOURCE (matches "Chennai International Airport")
[2025-12-11T00:19:17.099Z] [fetchSelectedHotspots] Hotspot 12 "Vivekanandar House" → SOURCE (matches "Chennai International Airport")
[2025-12-11T00:19:17.103Z] [fetchSelectedHotspots] Hotspot 13 "Arignar Anna Zoological Park" → SOURCE (matches "Chennai International Airport")
[2025-12-11T00:19:17.142Z] [fetchSelectedHotspots] Hotspot 290 "Vgp snow kingdom" → SOURCE (matches "Chennai International Airport")
[2025-12-11T00:19:17.167Z] [fetchSelectedHotspots] Hotspot 291 "Vgp marine kingdom" → SOURCE (matches "Chennai International Airport")
[2025-12-11T00:19:17.180Z] [fetchSelectedHotspots] Hotspot 292 "Guindy snake park" → SOURCE (matches "Chennai International Airport")
[2025-12-11T00:19:17.187Z] [fetchSelectedHotspots] Hotspot 293 "Queens land" → SOURCE (matches "Chennai International Airport")
[2025-12-11T00:19:17.190Z] [fetchSelectedHotspots] Hotspot 294 "light house marina" → SOURCE (matches "Chennai International Airport")
[2025-12-11T00:19:17.197Z] [fetchSelectedHotspots] Hotspot 296 "Anna tower park" → SOURCE (matches "Chennai International Airport")
[2025-12-11T00:19:17.199Z] [fetchSelectedHotspots] Hotspot 297 "B.M Birla planitourim." → SOURCE (matches "Chennai International Airport")
[2025-12-11T00:19:17.234Z] [fetchSelectedHotspots] Hotspot 298 "Click art museum" → SOURCE (matches "Chennai International Airport")
[2025-12-11T00:19:17.255Z] [fetchSelectedHotspots] Hotspot 299 "National art gallery" → SOURCE (matches "Chennai International Airport")
[2025-12-11T00:19:17.265Z] [fetchSelectedHotspots] Hotspot 300 "M G R  Memorial" → SOURCE (matches "Chennai International Airport")
[2025-12-11T00:19:17.288Z] [fetchSelectedHotspots] Hotspot 303 "Anna memorial." → SOURCE (matches "Chennai International Airport")
[2025-12-11T00:19:17.302Z] [fetchSelectedHotspots] Hotspot 544 "Shri Ashtalakshmi Temple" → SOURCE (matches "Chennai International Airport")
[2025-12-11T00:19:17.328Z] [fetchSelectedHotspots] Hotspot 544 "Shri Ashtalakshmi Temple" → DESTINATION (matches "Chennai")
[2025-12-11T00:19:17.339Z] [fetchSelectedHotspots] Filtered 14 priority-0 SOURCE hotspots (22 → 8)
[2025-12-11T00:19:17.367Z] [fetchSelectedHotspots] Categorized: source=8, destination=3, via=0
[2025-12-11T00:19:17.391Z] [fetchSelectedHotspots] AIRPORT ARRIVAL DETECTED: "Chennai International Airport" → "Chennai"
[2025-12-11T00:19:17.402Z] [fetchSelectedHotspots] direct_to_next_visiting_place=0 + AIRPORT ARRIVAL: Processing DESTINATION → VIA
[2025-12-11T00:19:17.407Z] [fetchSelectedHotspots] Matched 3 hotspots after PHP ordering
[2025-12-11T00:19:17.430Z] [fetchSelectedHotspots] First 5 hotspots (sorted): ID=4 "Kapaleeshwarar Temple" priority=1 distance=19.94km, ID=5 "Marina Beach" priority=2 distance=22.47km, ID=544 "Shri Ashtalakshmi Temple" priority=0 distance=18.11km
[2025-12-11T00:19:17.450Z] [fetchSelectedHotspots] Matched 3 hotspots for route 424
[2025-12-11T00:19:17.457Z] [Timeline] Route 424: Selected 3 hotspots
[2025-12-11T00:19:17.486Z] [Timeline] Route 424 - currentTime: 12:00:00, routeEndTime: 20:00:00, routeEndSeconds: 72000
[2025-12-11T00:19:17.492Z] [Timeline] Hotspot 4 - currentSeconds: 43200, routeEndSeconds: 72000
[2025-12-11T00:19:17.524Z] [Timeline] Processing hotspot 4 for route 424
[2025-12-11T00:19:17.559Z] [Timeline] Hotspot 4 coords: lat=13.033798514213936, lon=80.26977915213011
[2025-12-11T00:19:17.619Z] [Timeline] Checking operating hours for hotspot 4: visit window 12:30:00-13:30:00 on day 2
[2025-12-11T00:19:17.641Z] [Timeline] Hotspot 4 check window: 05:30:00-12:00:00, visit: 12:30:00-13:30:00
[2025-12-11T00:19:17.648Z] [Timeline] Hotspot 4 check window: 16:00:00-20:00:00, visit: 12:30:00-13:30:00
[2025-12-11T00:19:17.654Z] [Timeline] Hotspot 4 operating hours check FAILED - visit 12:30:00-13:30:00 doesn't fit in any window
[2025-12-11T00:19:17.675Z] [Timeline] Hotspot 4 not open during visit window 12:30:00-13:30:00 on day 2, skipping
[2025-12-11T00:19:17.686Z] [Timeline] Hotspot 5 - currentSeconds: 43200, routeEndSeconds: 72000
[2025-12-11T00:19:17.717Z] [Timeline] Processing hotspot 5 for route 424
[2025-12-11T00:19:17.747Z] [Timeline] Hotspot 5 coords: lat=13.051080243192029, lon=80.27775926313883
[2025-12-11T00:19:17.864Z] [Timeline] Checking operating hours for hotspot 5: visit window 12:34:00-13:34:00 on day 2
[2025-12-11T00:19:17.897Z] [Timeline] Hotspot 5 operating hours OK
[2025-12-11T00:19:17.903Z] [Timeline] Travel type for "Chennai International Airport" -> "Chennai International Airport|Chennai Domestic Airport|Chennai Central|Chennai|Chennai Egmore Station|Chennai Koyembedu|ECR Beach, Chennai, Tamil Nadu": 1 (1=local, 2=outstation)
[2025-12-11T00:19:17.986Z] [Timeline] Building hotspot row for hotspot_ID=5
[2025-12-11T00:19:18.015Z] [Timeline] Built hotspot row: item_type=4, hotspot_ID=5, order=3
[2025-12-11T00:19:18.033Z] [Timeline] Hotspot 544 - currentSeconds: 48840, routeEndSeconds: 72000
[2025-12-11T00:19:18.048Z] [Timeline] Processing hotspot 544 for route 424
[2025-12-11T00:19:18.052Z] [Timeline] Hotspot 544 coords: lat=12.993461140291483, lon=80.27030436931474
[2025-12-11T00:19:18.100Z] [Timeline] Checking operating hours for hotspot 544: visit window 13:49:00-19:49:00 on day 2
[2025-12-11T00:19:18.111Z] [Timeline] Hotspot 544 check window: 06:00:00-12:00:00, visit: 13:49:00-19:49:00
[2025-12-11T00:19:18.116Z] [Timeline] Hotspot 544 check window: 16:00:00-20:00:00, visit: 13:49:00-19:49:00
[2025-12-11T00:19:18.125Z] [Timeline] Hotspot 544 operating hours check FAILED - visit 13:49:00-19:49:00 doesn't fit in any window
[2025-12-11T00:19:18.131Z] [Timeline] Hotspot 544 not open during visit window 13:49:00-19:49:00 on day 2, skipping
[2025-12-11T00:19:18.174Z] [Timeline] Route 425 (Chennai → Pondicherry): routeStartTime=08:00:00, routeEndTime=20:00:00, direct_to_next=0
[2025-12-11T00:19:18.181Z] [Timeline] Route 425 starting coords from location_id 762: (13.0843007, 80.2704622)
[2025-12-11T00:19:18.192Z] [Timeline] Route 425 - Added refreshment break: 08:00:00 - 09:00:00
[2025-12-11T00:19:18.201Z] [fetchSelectedHotspots] route 425 target="Chennai" next="Pondicherry" dow=3
[2025-12-11T00:19:18.317Z] [fetchSelectedHotspots] Found 583 total active hotspots
[2025-12-11T00:19:18.325Z] [fetchSelectedHotspots] direct_to_next_visiting_place=0
[2025-12-11T00:19:18.330Z] [fetchSelectedHotspots] source="Chennai", destination="Pondicherry"
[2025-12-11T00:19:18.360Z] [fetchSelectedHotspots] Starting coords from stored_locations: (12.9811068, 80.159623)
[2025-12-11T00:19:18.369Z] [fetchSelectedHotspots] Hotspot 4 "Kapaleeshwarar Temple" → SOURCE (matches "Chennai")
[2025-12-11T00:19:18.391Z] [fetchSelectedHotspots] Hotspot 5 "Marina Beach" → SOURCE (matches "Chennai")
[2025-12-11T00:19:18.409Z] [fetchSelectedHotspots] Hotspot 17 "Sri Aurobindo Ashram" → DESTINATION (matches "Pondicherry")
[2025-12-11T00:19:18.422Z] [fetchSelectedHotspots] Hotspot 18 "Auroville" → DESTINATION (matches "Pondicherry")
[2025-12-11T00:19:18.438Z] [fetchSelectedHotspots] Hotspot 19 "Promenade Beach" → DESTINATION (matches "Pondicherry")
[2025-12-11T00:19:18.455Z] [fetchSelectedHotspots] Hotspot 20 "Chunnambar Boathouse" → DESTINATION (matches "Pondicherry")
[2025-12-11T00:19:18.473Z] [fetchSelectedHotspots] Hotspot 21 "The Basilica of the Sacred Heart of Jesus" → DESTINATION (matches "Pondicherry")
[2025-12-11T00:19:18.486Z] [fetchSelectedHotspots] Hotspot 24 "The Pondicherry Museum" → DESTINATION (matches "Pondicherry")
[2025-12-11T00:19:18.497Z] [fetchSelectedHotspots] Hotspot 25 "Manakula Vinayagar Temple" → DESTINATION (matches "Pondicherry")
[2025-12-11T00:19:18.501Z] [fetchSelectedHotspots] Hotspot 277 "Pondicherry Backwater" → DESTINATION (matches "Pondicherry")
[2025-12-11T00:19:18.508Z] [fetchSelectedHotspots] Hotspot 544 "Shri Ashtalakshmi Temple" → SOURCE (matches "Chennai")
[2025-12-11T00:19:18.531Z] [fetchSelectedHotspots] Hotspot 669 "Eden Beach - Blue flag Beach" → DESTINATION (matches "Pondicherry")
[2025-12-11T00:19:18.538Z] [fetchSelectedHotspots] Hotspot 676 "Botanical Garden" → DESTINATION (matches "Pondicherry")
[2025-12-11T00:19:18.540Z] [fetchSelectedHotspots] Hotspot 677 "Bharathi Park &amp; Aayi Mandapam" → DESTINATION (matches "Pondicherry")
[2025-12-11T00:19:18.542Z] [fetchSelectedHotspots] Hotspot 678 "French Colony" → DESTINATION (matches "Pondicherry")
[2025-12-11T00:19:18.552Z] [fetchSelectedHotspots] Hotspot 679 "Pondi Marina Beach" → DESTINATION (matches "Pondicherry")
[2025-12-11T00:19:18.574Z] [fetchSelectedHotspots] Filtered 1 priority-0 SOURCE hotspots (3 → 2)
[2025-12-11T00:19:18.575Z] [fetchSelectedHotspots] Categorized: source=2, destination=13, via=0
[2025-12-11T00:19:18.602Z] [fetchSelectedHotspots] direct_to_next_visiting_place=0: Processing SOURCE → DESTINATION → VIA
[2025-12-11T00:19:18.617Z] [fetchSelectedHotspots] Matched 15 hotspots after PHP ordering
[2025-12-11T00:19:18.636Z] [fetchSelectedHotspots] First 5 hotspots (sorted): ID=4 "Kapaleeshwarar Temple" priority=1 distance=19.94km, ID=5 "Marina Beach" priority=2 distance=22.47km, ID=18 "Auroville" priority=1 distance=171.53km, ID=25 "Manakula Vinayagar Temple" priority=2 distance=182.13km, ID=21 "The Basilica of the Sacred Heart of Jesus" priority=4 distance=184.07km
[2025-12-11T00:19:18.639Z] [fetchSelectedHotspots] Matched 15 hotspots for route 425
[2025-12-11T00:19:18.670Z] [Timeline] Route 425: Selected 15 hotspots
[2025-12-11T00:19:18.673Z] [Timeline] Route 425 - currentTime: 09:00:00, routeEndTime: 20:00:00, routeEndSeconds: 72000
[2025-12-11T00:19:18.701Z] [Timeline] Hotspot 4 - currentSeconds: 32400, routeEndSeconds: 72000
[2025-12-11T00:19:18.703Z] [Timeline] Processing hotspot 4 for route 425
[2025-12-11T00:19:18.732Z] [Timeline] Hotspot 4 coords: lat=13.033798514213936, lon=80.26977915213011
[2025-12-11T00:19:19.222Z] [Timeline] Checking operating hours for hotspot 4: visit window 09:13:00-10:13:00 on day 3
[2025-12-11T00:19:19.388Z] [Timeline] Hotspot 4 check window: 05:30:00-12:00:00, visit: 09:13:00-10:13:00
[2025-12-11T00:19:19.438Z] [Timeline] Hotspot 4 operating hours OK - entire visit 09:13:00-10:13:00 fits in 05:30:00-12:00:00
[2025-12-11T00:19:19.452Z] [Timeline] Hotspot 4 operating hours OK
[2025-12-11T00:19:19.473Z] [Timeline] Travel type for "Chennai" -> "Chennai International Airport|Chennai Domestic Airport|Chennai Central|Chennai|Chennai Egmore Station|Chennai Koyembedu|ECR Beach, Chennai, Tamil Nadu": 1 (1=local, 2=outstation)
[2025-12-11T00:19:19.531Z] [Timeline] Building hotspot row for hotspot_ID=4
[2025-12-11T00:19:19.559Z] [Timeline] Built hotspot row: item_type=4, hotspot_ID=4, order=3
[2025-12-11T00:19:19.605Z] [Timeline] Hotspot 5 - currentSeconds: 36780, routeEndSeconds: 72000
[2025-12-11T00:19:19.613Z] [Timeline] Processing hotspot 5 for route 425
[2025-12-11T00:19:19.637Z] [Timeline] Skipping hotspot 5 - already added to plan 5
[2025-12-11T00:19:19.652Z] [Timeline] Hotspot 18 - currentSeconds: 36780, routeEndSeconds: 72000
[2025-12-11T00:19:19.666Z] [Timeline] Processing hotspot 18 for route 425
[2025-12-11T00:19:19.697Z] [Timeline] Hotspot 18 coords: lat=12.008342334177776, lon=79.81781931258232
[2025-12-11T00:19:19.752Z] [Timeline] Checking operating hours for hotspot 18: visit window 13:19:00-15:19:00 on day 3
[2025-12-11T00:19:19.773Z] [Timeline] Hotspot 18 check window: 09:00:00-13:00:00, visit: 13:19:00-15:19:00
[2025-12-11T00:19:19.786Z] [Timeline] Hotspot 18 check window: 13:30:00-17:00:00, visit: 13:19:00-15:19:00
[2025-12-11T00:19:19.842Z] [Timeline] Hotspot 18 operating hours check FAILED - visit 13:19:00-15:19:00 doesn't fit in any window
[2025-12-11T00:19:19.848Z] [Timeline] Hotspot 18 not open during visit window 13:19:00-15:19:00 on day 3, skipping
[2025-12-11T00:19:19.870Z] [Timeline] Hotspot 25 - currentSeconds: 36780, routeEndSeconds: 72000
[2025-12-11T00:19:19.882Z] [Timeline] Processing hotspot 25 for route 425
[2025-12-11T00:19:19.913Z] [Timeline] Hotspot 25 coords: lat=11.936184966220257, lon=79.83484226674099
[2025-12-11T00:19:19.968Z] [Timeline] Checking operating hours for hotspot 25: visit window 13:29:00-13:59:00 on day 3
[2025-12-11T00:19:20.099Z] [Timeline] Hotspot 25 check window: 05:45:00-12:30:00, visit: 13:29:00-13:59:00
[2025-12-11T00:19:20.301Z] [Timeline] Hotspot 25 check window: 16:00:00-20:00:00, visit: 13:29:00-13:59:00
[2025-12-11T00:19:20.374Z] [Timeline] Hotspot 25 operating hours check FAILED - visit 13:29:00-13:59:00 doesn't fit in any window
[2025-12-11T00:19:20.478Z] [Timeline] Hotspot 25 not open during visit window 13:29:00-13:59:00 on day 3, skipping
[2025-12-11T00:19:20.524Z] [Timeline] Hotspot 21 - currentSeconds: 36780, routeEndSeconds: 72000
[2025-12-11T00:19:20.555Z] [Timeline] Processing hotspot 21 for route 425
[2025-12-11T00:19:20.591Z] [Timeline] Hotspot 21 coords: lat=11.926178758041798, lon=79.82779781515121
[2025-12-11T00:19:20.640Z] [Timeline] Checking operating hours for hotspot 21: visit window 13:31:00-14:01:00 on day 3
[2025-12-11T00:19:20.670Z] [Timeline] Hotspot 21 check window: 06:00:00-19:00:00, visit: 13:31:00-14:01:00
[2025-12-11T00:19:20.699Z] [Timeline] Hotspot 21 operating hours OK - entire visit 13:31:00-14:01:00 fits in 06:00:00-19:00:00
[2025-12-11T00:19:20.701Z] [Timeline] Hotspot 21 operating hours OK
[2025-12-11T00:19:20.712Z] [Timeline] Travel type for "Chennai International Airport|Chennai Domestic Airport|Chennai Central|Chennai|Chennai Egmore Station|Chennai Koyembedu|ECR Beach, Chennai, Tamil Nadu" -> "Pondicherry Airport|Pondicherry": 2 (1=local, 2=outstation)
[2025-12-11T00:19:20.846Z] [Timeline] Building hotspot row for hotspot_ID=21
[2025-12-11T00:19:20.862Z] [Timeline] Built hotspot row: item_type=4, hotspot_ID=21, order=5
[2025-12-11T00:19:20.912Z] [Timeline] Hotspot 19 - currentSeconds: 50460, routeEndSeconds: 72000
[2025-12-11T00:19:20.922Z] [Timeline] Processing hotspot 19 for route 425
[2025-12-11T00:19:20.956Z] [Timeline] Hotspot 19 coords: lat=11.931203427435934, lon=79.83580349426904
[2025-12-11T00:19:21.039Z] [Timeline] Checking operating hours for hotspot 19: visit window 14:03:00-15:03:00 on day 3
[2025-12-11T00:19:21.072Z] [Timeline] Hotspot 19 check window: 06:00:00-20:00:00, visit: 14:03:00-15:03:00
[2025-12-11T00:19:21.080Z] [Timeline] Hotspot 19 operating hours OK - entire visit 14:03:00-15:03:00 fits in 06:00:00-20:00:00
[2025-12-11T00:19:21.105Z] [Timeline] Hotspot 19 operating hours OK
[2025-12-11T00:19:21.136Z] [Timeline] Travel type for "Pondicherry Airport|Pondicherry" -> "Pondicherry Airport|Pondicherry": 1 (1=local, 2=outstation)
[2025-12-11T00:19:21.207Z] [Timeline] Building hotspot row for hotspot_ID=19
[2025-12-11T00:19:21.240Z] [Timeline] Built hotspot row: item_type=4, hotspot_ID=19, order=7
[2025-12-11T00:19:21.282Z] [Timeline] Hotspot 20 - currentSeconds: 54180, routeEndSeconds: 72000
[2025-12-11T00:19:21.306Z] [Timeline] Processing hotspot 20 for route 425
[2025-12-11T00:19:21.325Z] [Timeline] Hotspot 20 coords: lat=11.883875481616602, lon=79.80141705562612
[2025-12-11T00:19:21.404Z] [Timeline] Checking operating hours for hotspot 20: visit window 15:18:00-16:18:00 on day 3
[2025-12-11T00:19:21.428Z] [Timeline] Hotspot 20 check window: 09:30:00-12:00:00, visit: 15:18:00-16:18:00
[2025-12-11T00:19:21.435Z] [Timeline] Hotspot 20 operating hours check FAILED - visit 15:18:00-16:18:00 doesn't fit in any window
[2025-12-11T00:19:21.466Z] [Timeline] Hotspot 20 not open during visit window 15:18:00-16:18:00 on day 3, skipping
[2025-12-11T00:19:21.480Z] [Timeline] Hotspot 17 - currentSeconds: 54180, routeEndSeconds: 72000
[2025-12-11T00:19:21.506Z] [Timeline] Processing hotspot 17 for route 425
[2025-12-11T00:19:21.534Z] [Timeline] Hotspot 17 coords: lat=11.936929030828965, lon=79.83477998559515
[2025-12-11T00:19:21.687Z] [Timeline] Checking operating hours for hotspot 17: visit window 15:04:00-16:04:00 on day 3
[2025-12-11T00:19:21.720Z] [Timeline] Hotspot 17 check window: 10:30:00-19:00:00, visit: 15:04:00-16:04:00
[2025-12-11T00:19:21.729Z] [Timeline] Hotspot 17 operating hours OK - entire visit 15:04:00-16:04:00 fits in 10:30:00-19:00:00
[2025-12-11T00:19:21.748Z] [Timeline] Hotspot 17 operating hours OK
[2025-12-11T00:19:21.778Z] [Timeline] Travel type for "Pondicherry Airport|Pondicherry" -> "Pondicherry Airport|Pondicherry": 1 (1=local, 2=outstation)
[2025-12-11T00:19:21.883Z] [Timeline] Building hotspot row for hotspot_ID=17
[2025-12-11T00:19:21.913Z] [Timeline] Built hotspot row: item_type=4, hotspot_ID=17, order=9
[2025-12-11T00:19:21.939Z] [Timeline] Hotspot 24 - currentSeconds: 57840, routeEndSeconds: 72000
[2025-12-11T00:19:21.953Z] [Timeline] Processing hotspot 24 for route 425
[2025-12-11T00:19:21.983Z] [Timeline] Hotspot 24 coords: lat=11.934656339062595, lon=79.83484999477534
[2025-12-11T00:19:22.072Z] [Timeline] Checking operating hours for hotspot 24: visit window 16:05:00-16:35:00 on day 3
[2025-12-11T00:19:22.100Z] [Timeline] Hotspot 24 check window: 09:00:00-12:00:00, visit: 16:05:00-16:35:00
[2025-12-11T00:19:22.118Z] [Timeline] Hotspot 24 operating hours check FAILED - visit 16:05:00-16:35:00 doesn't fit in any window
[2025-12-11T00:19:22.130Z] [Timeline] Hotspot 24 not open during visit window 16:05:00-16:35:00 on day 3, skipping
[2025-12-11T00:19:22.132Z] [Timeline] Hotspot 677 - currentSeconds: 57840, routeEndSeconds: 72000
[2025-12-11T00:19:22.156Z] [Timeline] Processing hotspot 677 for route 425
[2025-12-11T00:19:22.169Z] [Timeline] Hotspot 677 coords: lat=11.933029585291068, lon=79.83418306595088
[2025-12-11T00:19:22.282Z] [Timeline] Checking operating hours for hotspot 677: visit window 16:05:00-16:50:00 on day 3
[2025-12-11T00:19:22.302Z] [Timeline] Hotspot 677 check window: 06:00:00-19:00:00, visit: 16:05:00-16:50:00
[2025-12-11T00:19:22.316Z] [Timeline] Hotspot 677 operating hours OK - entire visit 16:05:00-16:50:00 fits in 06:00:00-19:00:00
[2025-12-11T00:19:22.335Z] [Timeline] Hotspot 677 operating hours OK
[2025-12-11T00:19:22.352Z] [Timeline] Travel type for "Pondicherry Airport|Pondicherry" -> "Pondicherry|Pondicherry Airport": 1 (1=local, 2=outstation)
[2025-12-11T00:19:22.429Z] [Timeline] Building hotspot row for hotspot_ID=677
[2025-12-11T00:19:22.461Z] [Timeline] Built hotspot row: item_type=4, hotspot_ID=677, order=11
[2025-12-11T00:19:22.490Z] [Timeline] Hotspot 678 - currentSeconds: 60600, routeEndSeconds: 72000
[2025-12-11T00:19:22.499Z] [Timeline] Processing hotspot 678 for route 425
[2025-12-11T00:19:22.544Z] [Timeline] Hotspot 678 coords: lat=11.928492248303817, lon=79.83303242117643
[2025-12-11T00:19:22.632Z] [Timeline] Checking operating hours for hotspot 678: visit window 16:51:00-17:51:00 on day 3
[2025-12-11T00:19:22.664Z] [Timeline] Hotspot 678 operating hours OK
[2025-12-11T00:19:22.684Z] [Timeline] Travel type for "Pondicherry|Pondicherry Airport" -> "Pondicherry|Pondicherry Airport": 1 (1=local, 2=outstation)
[2025-12-11T00:19:22.754Z] [Timeline] Building hotspot row for hotspot_ID=678
[2025-12-11T00:19:22.772Z] [Timeline] Built hotspot row: item_type=4, hotspot_ID=678, order=13
[2025-12-11T00:19:22.860Z] [Timeline] Hotspot 676 - currentSeconds: 64260, routeEndSeconds: 72000
[2025-12-11T00:19:22.864Z] [Timeline] Processing hotspot 676 for route 425
[2025-12-11T00:19:22.902Z] [Timeline] Hotspot 676 coords: lat=11.930177048465467, lon=79.8224313245787
[2025-12-11T00:19:22.956Z] [Timeline] Checking operating hours for hotspot 676: visit window 17:54:00-18:54:00 on day 3
[2025-12-11T00:19:22.990Z] [Timeline] Hotspot 676 check window: 10:00:00-17:00:00, visit: 17:54:00-18:54:00
[2025-12-11T00:19:23.021Z] [Timeline] Hotspot 676 operating hours check FAILED - visit 17:54:00-18:54:00 doesn't fit in any window
[2025-12-11T00:19:23.023Z] [Timeline] Hotspot 676 not open during visit window 17:54:00-18:54:00 on day 3, skipping
[2025-12-11T00:19:23.049Z] [Timeline] Hotspot 277 - currentSeconds: 64260, routeEndSeconds: 72000
[2025-12-11T00:19:23.065Z] [Timeline] Processing hotspot 277 for route 425
[2025-12-11T00:19:23.093Z] [Timeline] Hotspot 277 coords: lat=11.916309213225349, lon=79.82433098120615
[2025-12-11T00:19:23.140Z] [Timeline] Checking operating hours for hotspot 277: visit window 17:55:00-20:55:00 on day 3
[2025-12-11T00:19:23.173Z] [Timeline] Hotspot 277 check window: 09:00:00-18:00:00, visit: 17:55:00-20:55:00
[2025-12-11T00:19:23.178Z] [Timeline] Hotspot 277 operating hours check FAILED - visit 17:55:00-20:55:00 doesn't fit in any window
[2025-12-11T00:19:23.213Z] [Timeline] Hotspot 277 not open during visit window 17:55:00-20:55:00 on day 3, skipping
[2025-12-11T00:19:23.216Z] [Timeline] Hotspot 679 - currentSeconds: 64260, routeEndSeconds: 72000
[2025-12-11T00:19:23.235Z] [Timeline] Processing hotspot 679 for route 425
[2025-12-11T00:19:23.260Z] [Timeline] Hotspot 679 coords: lat=11.913052113056816, lon=79.82932149874199
[2025-12-11T00:19:23.330Z] [Timeline] Checking operating hours for hotspot 679: visit window 17:55:00-18:25:00 on day 3
[2025-12-11T00:19:23.360Z] [Timeline] Hotspot 679 operating hours OK
[2025-12-11T00:19:23.389Z] [Timeline] Travel type for "Pondicherry|Pondicherry Airport" -> "Pondicherry|Pondicherry Airport": 1 (1=local, 2=outstation)
[2025-12-11T00:19:23.447Z] [Timeline] Building hotspot row for hotspot_ID=679
[2025-12-11T00:19:23.478Z] [Timeline] Built hotspot row: item_type=4, hotspot_ID=679, order=15
[2025-12-11T00:19:23.515Z] [Timeline] Hotspot 669 - currentSeconds: 66300, routeEndSeconds: 72000
[2025-12-11T00:19:23.544Z] [Timeline] Processing hotspot 669 for route 425
[2025-12-11T00:19:23.583Z] [Timeline] Hotspot 669 coords: lat=11.882310987345338, lon=79.8244548517534
[2025-12-11T00:19:23.668Z] [Timeline] Checking operating hours for hotspot 669: visit window 18:33:00-19:33:00 on day 3
[2025-12-11T00:19:23.681Z] [Timeline] Hotspot 669 check window: 06:00:00-18:00:00, visit: 18:33:00-19:33:00
[2025-12-11T00:19:23.701Z] [Timeline] Hotspot 669 operating hours check FAILED - visit 18:33:00-19:33:00 doesn't fit in any window
[2025-12-11T00:19:23.704Z] [Timeline] Hotspot 669 not open during visit window 18:33:00-19:33:00 on day 3, skipping
[2025-12-11T00:19:23.782Z] [Timeline] Route 426 (Pondicherry → Pondicherry Airport): routeStartTime=08:00:00, routeEndTime=20:00:00, direct_to_next=0
[2025-12-11T00:19:23.854Z] [Timeline] Route 426 starting coords from location_id 5922: (11.9415915, 79.8083133)
[2025-12-11T00:19:23.866Z] [Timeline] Route 426 - Added refreshment break: 08:00:00 - 09:00:00
[2025-12-11T00:19:23.899Z] [fetchSelectedHotspots] route 426 target="Pondicherry" next="Pondicherry Airport" dow=4
[2025-12-11T00:19:24.061Z] [fetchSelectedHotspots] Found 583 total active hotspots
[2025-12-11T00:19:24.063Z] [fetchSelectedHotspots] direct_to_next_visiting_place=0
[2025-12-11T00:19:24.097Z] [fetchSelectedHotspots] source="Pondicherry", destination="Pondicherry Airport"
[2025-12-11T00:19:24.133Z] [fetchSelectedHotspots] Starting coords from stored_locations: (13.0827989, 80.2754246)
[2025-12-11T00:19:24.143Z] [fetchSelectedHotspots] Hotspot 16 "Paradise Beach" → DESTINATION (matches "Pondicherry Airport")
[2025-12-11T00:19:24.164Z] [fetchSelectedHotspots] Hotspot 17 "Sri Aurobindo Ashram" → SOURCE (matches "Pondicherry")
[2025-12-11T00:19:24.181Z] [fetchSelectedHotspots] Hotspot 17 "Sri Aurobindo Ashram" → DESTINATION (matches "Pondicherry Airport")
[2025-12-11T00:19:24.214Z] [fetchSelectedHotspots] Hotspot 18 "Auroville" → SOURCE (matches "Pondicherry")
[2025-12-11T00:19:24.226Z] [fetchSelectedHotspots] Hotspot 18 "Auroville" → DESTINATION (matches "Pondicherry Airport")
[2025-12-11T00:19:24.229Z] [fetchSelectedHotspots] Hotspot 19 "Promenade Beach" → SOURCE (matches "Pondicherry")
[2025-12-11T00:19:24.260Z] [fetchSelectedHotspots] Hotspot 19 "Promenade Beach" → DESTINATION (matches "Pondicherry Airport")
[2025-12-11T00:19:24.284Z] [fetchSelectedHotspots] Hotspot 20 "Chunnambar Boathouse" → SOURCE (matches "Pondicherry")
[2025-12-11T00:19:24.301Z] [fetchSelectedHotspots] Hotspot 20 "Chunnambar Boathouse" → DESTINATION (matches "Pondicherry Airport")
[2025-12-11T00:19:24.318Z] [fetchSelectedHotspots] Hotspot 21 "The Basilica of the Sacred Heart of Jesus" → SOURCE (matches "Pondicherry")
[2025-12-11T00:19:24.343Z] [fetchSelectedHotspots] Hotspot 21 "The Basilica of the Sacred Heart of Jesus" → DESTINATION (matches "Pondicherry Airport")
[2025-12-11T00:19:24.352Z] [fetchSelectedHotspots] Hotspot 23 "French War Memorial" → DESTINATION (matches "Pondicherry Airport")
[2025-12-11T00:19:24.355Z] [fetchSelectedHotspots] Hotspot 24 "The Pondicherry Museum" → SOURCE (matches "Pondicherry")
[2025-12-11T00:19:24.383Z] [fetchSelectedHotspots] Hotspot 24 "The Pondicherry Museum" → DESTINATION (matches "Pondicherry Airport")
[2025-12-11T00:19:24.387Z] [fetchSelectedHotspots] Hotspot 25 "Manakula Vinayagar Temple" → SOURCE (matches "Pondicherry")
[2025-12-11T00:19:24.419Z] [fetchSelectedHotspots] Hotspot 25 "Manakula Vinayagar Temple" → DESTINATION (matches "Pondicherry Airport")
[2025-12-11T00:19:24.452Z] [fetchSelectedHotspots] Hotspot 277 "Pondicherry Backwater" → SOURCE (matches "Pondicherry")
[2025-12-11T00:19:24.465Z] [fetchSelectedHotspots] Hotspot 277 "Pondicherry Backwater" → DESTINATION (matches "Pondicherry Airport")
[2025-12-11T00:19:24.505Z] [fetchSelectedHotspots] Hotspot 669 "Eden Beach - Blue flag Beach" → SOURCE (matches "Pondicherry")
[2025-12-11T00:19:24.515Z] [fetchSelectedHotspots] Hotspot 669 "Eden Beach - Blue flag Beach" → DESTINATION (matches "Pondicherry Airport")
[2025-12-11T00:19:24.546Z] [fetchSelectedHotspots] Hotspot 676 "Botanical Garden" → SOURCE (matches "Pondicherry")
[2025-12-11T00:19:24.551Z] [fetchSelectedHotspots] Hotspot 676 "Botanical Garden" → DESTINATION (matches "Pondicherry Airport")
[2025-12-11T00:19:24.554Z] [fetchSelectedHotspots] Hotspot 677 "Bharathi Park &amp; Aayi Mandapam" → SOURCE (matches "Pondicherry")
[2025-12-11T00:19:24.589Z] [fetchSelectedHotspots] Hotspot 677 "Bharathi Park &amp; Aayi Mandapam" → DESTINATION (matches "Pondicherry Airport")
[2025-12-11T00:19:24.600Z] [fetchSelectedHotspots] Hotspot 678 "French Colony" → SOURCE (matches "Pondicherry")
[2025-12-11T00:19:24.628Z] [fetchSelectedHotspots] Hotspot 678 "French Colony" → DESTINATION (matches "Pondicherry Airport")
[2025-12-11T00:19:24.632Z] [fetchSelectedHotspots] Hotspot 679 "Pondi Marina Beach" → SOURCE (matches "Pondicherry")
[2025-12-11T00:19:24.634Z] [fetchSelectedHotspots] Hotspot 679 "Pondi Marina Beach" → DESTINATION (matches "Pondicherry Airport")
[2025-12-11T00:19:24.659Z] [fetchSelectedHotspots] Filtered 7 priority-0 SOURCE hotspots (13 → 6)
[2025-12-11T00:19:24.676Z] [fetchSelectedHotspots] Categorized: source=6, destination=15, via=0
[2025-12-11T00:19:24.692Z] [fetchSelectedHotspots] direct_to_next_visiting_place=0: Processing SOURCE → DESTINATION → VIA
[2025-12-11T00:19:24.714Z] [fetchSelectedHotspots] Matched 21 hotspots after PHP ordering
[2025-12-11T00:19:24.730Z] [fetchSelectedHotspots] First 5 hotspots (sorted): ID=18 "Auroville" priority=1 distance=194.08km, ID=25 "Manakula Vinayagar Temple" priority=2 distance=204.26km, ID=21 "The Basilica of the Sacred Heart of Jesus" priority=4 distance=206.23km, ID=19 "Promenade Beach" priority=5 distance=204.98km, ID=20 "Chunnambar Boathouse" priority=5 distance=214.35km
[2025-12-11T00:19:24.750Z] [fetchSelectedHotspots] Matched 15 hotspots for route 426
[2025-12-11T00:19:24.759Z] [Timeline] Route 426: Selected 15 hotspots
[2025-12-11T00:19:24.801Z] [Timeline] Route 426 - currentTime: 09:00:00, routeEndTime: 20:00:00, routeEndSeconds: 72000
[2025-12-11T00:19:24.845Z] [Timeline] Hotspot 18 - currentSeconds: 32400, routeEndSeconds: 72000
[2025-12-11T00:19:24.855Z] [Timeline] Processing hotspot 18 for route 426
[2025-12-11T00:19:24.882Z] [Timeline] Hotspot 18 coords: lat=12.008342334177776, lon=79.81781931258232
[2025-12-11T00:19:24.948Z] [Timeline] Checking operating hours for hotspot 18: visit window 09:17:00-11:17:00 on day 4
[2025-12-11T00:19:24.963Z] [Timeline] Hotspot 18 check window: 09:00:00-13:00:00, visit: 09:17:00-11:17:00
[2025-12-11T00:19:24.972Z] [Timeline] Hotspot 18 operating hours OK - entire visit 09:17:00-11:17:00 fits in 09:00:00-13:00:00
[2025-12-11T00:19:24.980Z] [Timeline] Hotspot 18 operating hours OK
[2025-12-11T00:19:25.010Z] [Timeline] Travel type for "Pondicherry" -> "Pondicherry Airport|Pondicherry": 1 (1=local, 2=outstation)
[2025-12-11T00:19:25.075Z] [Timeline] Building hotspot row for hotspot_ID=18
[2025-12-11T00:19:25.100Z] [Timeline] Built hotspot row: item_type=4, hotspot_ID=18, order=3
[2025-12-11T00:19:25.137Z] [Timeline] Hotspot 25 - currentSeconds: 40620, routeEndSeconds: 72000
[2025-12-11T00:19:25.142Z] [Timeline] Processing hotspot 25 for route 426
[2025-12-11T00:19:25.171Z] [Timeline] Hotspot 25 coords: lat=11.936184966220257, lon=79.83484226674099
[2025-12-11T00:19:25.242Z] [Timeline] Checking operating hours for hotspot 25: visit window 11:36:00-12:06:00 on day 4
[2025-12-11T00:19:25.269Z] [Timeline] Hotspot 25 check window: 05:45:00-12:30:00, visit: 11:36:00-12:06:00
[2025-12-11T00:19:25.272Z] [Timeline] Hotspot 25 operating hours OK - entire visit 11:36:00-12:06:00 fits in 05:45:00-12:30:00
[2025-12-11T00:19:25.298Z] [Timeline] Hotspot 25 operating hours OK
[2025-12-11T00:19:25.304Z] [Timeline] Travel type for "Pondicherry Airport|Pondicherry" -> "Pondicherry Airport|Pondicherry": 1 (1=local, 2=outstation)
[2025-12-11T00:19:25.355Z] [Timeline] Building hotspot row for hotspot_ID=25
[2025-12-11T00:19:25.383Z] [Timeline] Built hotspot row: item_type=4, hotspot_ID=25, order=5
[2025-12-11T00:19:25.416Z] [Timeline] Hotspot 21 - currentSeconds: 43560, routeEndSeconds: 72000
[2025-12-11T00:19:25.428Z] [Timeline] Processing hotspot 21 for route 426
[2025-12-11T00:19:25.454Z] [Timeline] Skipping hotspot 21 - already added to plan 5
[2025-12-11T00:19:25.465Z] [Timeline] Hotspot 19 - currentSeconds: 43560, routeEndSeconds: 72000
[2025-12-11T00:19:25.484Z] [Timeline] Processing hotspot 19 for route 426
[2025-12-11T00:19:25.503Z] [Timeline] Skipping hotspot 19 - already added to plan 5
[2025-12-11T00:19:25.517Z] [Timeline] Hotspot 20 - currentSeconds: 43560, routeEndSeconds: 72000
[2025-12-11T00:19:25.549Z] [Timeline] Processing hotspot 20 for route 426
[2025-12-11T00:19:25.582Z] [Timeline] Hotspot 20 coords: lat=11.883875481616602, lon=79.80141705562612
[2025-12-11T00:19:25.681Z] [Timeline] Checking operating hours for hotspot 20: visit window 12:21:00-13:21:00 on day 4
[2025-12-11T00:19:25.737Z] [Timeline] Hotspot 20 check window: 09:30:00-16:00:00, visit: 12:21:00-13:21:00
[2025-12-11T00:19:25.768Z] [Timeline] Hotspot 20 operating hours OK - entire visit 12:21:00-13:21:00 fits in 09:30:00-16:00:00
[2025-12-11T00:19:25.792Z] [Timeline] Hotspot 20 operating hours OK
[2025-12-11T00:19:25.854Z] [Timeline] Travel type for "Pondicherry Airport|Pondicherry" -> "Pondicherry Airport|Pondicherry": 1 (1=local, 2=outstation)
[2025-12-11T00:19:25.915Z] [Timeline] Building hotspot row for hotspot_ID=20
[2025-12-11T00:19:25.929Z] [Timeline] Built hotspot row: item_type=4, hotspot_ID=20, order=7
[2025-12-11T00:19:25.954Z] [Timeline] Hotspot 17 - currentSeconds: 48060, routeEndSeconds: 72000
[2025-12-11T00:19:25.981Z] [Timeline] Processing hotspot 17 for route 426
[2025-12-11T00:19:25.984Z] [Timeline] Skipping hotspot 17 - already added to plan 5
[2025-12-11T00:19:26.005Z] [Timeline] Hotspot 16 - currentSeconds: 48060, routeEndSeconds: 72000
[2025-12-11T00:19:26.014Z] [Timeline] Processing hotspot 16 for route 426
[2025-12-11T00:19:26.036Z] [Timeline] Hotspot 16 coords: lat=11.894346668881749, lon=79.86265715952393
[2025-12-11T00:19:26.100Z] [Timeline] Checking operating hours for hotspot 16: visit window 13:36:00-14:06:00 on day 4
[2025-12-11T00:19:26.108Z] [Timeline] Hotspot 16 check window: 09:00:00-18:00:00, visit: 13:36:00-14:06:00
[2025-12-11T00:19:26.128Z] [Timeline] Hotspot 16 operating hours OK - entire visit 13:36:00-14:06:00 fits in 09:00:00-18:00:00
[2025-12-11T00:19:26.148Z] [Timeline] Hotspot 16 operating hours OK
[2025-12-11T00:19:26.161Z] [Timeline] Travel type for "Pondicherry Airport|Pondicherry" -> "Pondicherry Airport": 1 (1=local, 2=outstation)
[2025-12-11T00:19:26.210Z] [Timeline] Building hotspot row for hotspot_ID=16
[2025-12-11T00:19:26.243Z] [Timeline] Built hotspot row: item_type=4, hotspot_ID=16, order=9
[2025-12-11T00:19:26.272Z] [Timeline] Hotspot 23 - currentSeconds: 50760, routeEndSeconds: 72000
[2025-12-11T00:19:26.284Z] [Timeline] Processing hotspot 23 for route 426
[2025-12-11T00:19:26.304Z] [Timeline] Hotspot 23 coords: lat=11.93212951685565, lon=79.83535346593922
[2025-12-11T00:19:26.338Z] [Timeline] Checking operating hours for hotspot 23: visit window 14:06:00-14:26:00 on day 4
[2025-12-11T00:19:26.367Z] [Timeline] Hotspot 23 operating hours OK
[2025-12-11T00:19:26.397Z] [Timeline] Travel type for "Pondicherry Airport" -> "Pondicherry Airport": 1 (1=local, 2=outstation)
[2025-12-11T00:19:26.436Z] [Timeline] Building hotspot row for hotspot_ID=23
[2025-12-11T00:19:26.464Z] [Timeline] Built hotspot row: item_type=4, hotspot_ID=23, order=11
[2025-12-11T00:19:26.496Z] [Timeline] Hotspot 24 - currentSeconds: 51960, routeEndSeconds: 72000
[2025-12-11T00:19:26.519Z] [Timeline] Processing hotspot 24 for route 426
[2025-12-11T00:19:26.544Z] [Timeline] Hotspot 24 coords: lat=11.934656339062595, lon=79.83484999477534
[2025-12-11T00:19:26.596Z] [Timeline] Checking operating hours for hotspot 24: visit window 14:27:00-14:57:00 on day 4
[2025-12-11T00:19:26.619Z] [Timeline] Hotspot 24 check window: 09:00:00-18:00:00, visit: 14:27:00-14:57:00
[2025-12-11T00:19:26.632Z] [Timeline] Hotspot 24 operating hours OK - entire visit 14:27:00-14:57:00 fits in 09:00:00-18:00:00
[2025-12-11T00:19:26.634Z] [Timeline] Hotspot 24 operating hours OK
[2025-12-11T00:19:26.654Z] [Timeline] Travel type for "Pondicherry Airport" -> "Pondicherry Airport|Pondicherry": 1 (1=local, 2=outstation)
[2025-12-11T00:19:26.718Z] [Timeline] Building hotspot row for hotspot_ID=24
[2025-12-11T00:19:26.746Z] [Timeline] Built hotspot row: item_type=4, hotspot_ID=24, order=13
[2025-12-11T00:19:26.788Z] [Timeline] Hotspot 677 - currentSeconds: 53820, routeEndSeconds: 72000
[2025-12-11T00:19:26.843Z] [Timeline] Processing hotspot 677 for route 426
[2025-12-11T00:19:26.859Z] [Timeline] Skipping hotspot 677 - already added to plan 5
[2025-12-11T00:19:26.870Z] [Timeline] Hotspot 678 - currentSeconds: 53820, routeEndSeconds: 72000
[2025-12-11T00:19:26.899Z] [Timeline] Processing hotspot 678 for route 426
[2025-12-11T00:19:26.903Z] [Timeline] Skipping hotspot 678 - already added to plan 5
[2025-12-11T00:19:26.929Z] [Timeline] Hotspot 676 - currentSeconds: 53820, routeEndSeconds: 72000
[2025-12-11T00:19:26.952Z] [Timeline] Processing hotspot 676 for route 426
[2025-12-11T00:19:26.970Z] [Timeline] Hotspot 676 coords: lat=11.930177048465467, lon=79.8224313245787
[2025-12-11T00:19:27.036Z] [Timeline] Checking operating hours for hotspot 676: visit window 15:00:00-16:00:00 on day 4
[2025-12-11T00:19:27.068Z] [Timeline] Hotspot 676 check window: 10:00:00-17:00:00, visit: 15:00:00-16:00:00
[2025-12-11T00:19:27.071Z] [Timeline] Hotspot 676 operating hours OK - entire visit 15:00:00-16:00:00 fits in 10:00:00-17:00:00
[2025-12-11T00:19:27.081Z] [Timeline] Hotspot 676 operating hours OK
[2025-12-11T00:19:27.101Z] [Timeline] Travel type for "Pondicherry Airport|Pondicherry" -> "Pondicherry|Pondicherry Airport": 1 (1=local, 2=outstation)
[2025-12-11T00:19:27.159Z] [Timeline] Building hotspot row for hotspot_ID=676
[2025-12-11T00:19:27.185Z] [Timeline] Built hotspot row: item_type=4, hotspot_ID=676, order=15
[2025-12-11T00:19:27.200Z] [Timeline] Hotspot 277 - currentSeconds: 57600, routeEndSeconds: 72000
[2025-12-11T00:19:27.225Z] [Timeline] Processing hotspot 277 for route 426
[2025-12-11T00:19:27.246Z] [Timeline] Hotspot 277 coords: lat=11.916309213225349, lon=79.82433098120615
[2025-12-11T00:19:27.301Z] [Timeline] Checking operating hours for hotspot 277: visit window 16:04:00-19:04:00 on day 4
[2025-12-11T00:19:27.326Z] [Timeline] Hotspot 277 check window: 09:00:00-18:00:00, visit: 16:04:00-19:04:00
[2025-12-11T00:19:27.330Z] [Timeline] Hotspot 277 operating hours check FAILED - visit 16:04:00-19:04:00 doesn't fit in any window
[2025-12-11T00:19:27.366Z] [Timeline] Hotspot 277 not open during visit window 16:04:00-19:04:00 on day 4, skipping
[2025-12-11T00:19:27.369Z] [Timeline] Hotspot 679 - currentSeconds: 57600, routeEndSeconds: 72000
[2025-12-11T00:19:27.400Z] [Timeline] Processing hotspot 679 for route 426
[2025-12-11T00:19:27.419Z] [Timeline] Skipping hotspot 679 - already added to plan 5
[2025-12-11T00:19:27.429Z] [Timeline] Hotspot 669 - currentSeconds: 57600, routeEndSeconds: 72000
[2025-12-11T00:19:27.455Z] [Timeline] Processing hotspot 669 for route 426
[2025-12-11T00:19:27.486Z] [Timeline] Hotspot 669 coords: lat=11.882310987345338, lon=79.8244548517534
[2025-12-11T00:19:27.581Z] [Timeline] Checking operating hours for hotspot 669: visit window 16:12:00-17:12:00 on day 4
[2025-12-11T00:19:27.612Z] [Timeline] Hotspot 669 check window: 06:00:00-18:00:00, visit: 16:12:00-17:12:00
[2025-12-11T00:19:27.619Z] [Timeline] Hotspot 669 operating hours OK - entire visit 16:12:00-17:12:00 fits in 06:00:00-18:00:00
[2025-12-11T00:19:27.651Z] [Timeline] Hotspot 669 operating hours OK
[2025-12-11T00:19:27.692Z] [Timeline] Travel type for "Pondicherry|Pondicherry Airport" -> "Pondicherry|Pondicherry Airport": 1 (1=local, 2=outstation)
[2025-12-11T00:19:27.742Z] [Timeline] Building hotspot row for hotspot_ID=669
[2025-12-11T00:19:27.878Z] [Timeline] Built hotspot row: item_type=4, hotspot_ID=669, order=17
[2025-12-11T00:19:28.296Z] [Timeline] Returning 42 hotspot rows and 0 parking rows
[2025-12-11T00:19:28.311Z] [Timeline] Hotspot rows item_types: 1, 3, 4, 5, 6, 1, 3, 4, 3, 4, 3, 4, 3, 4, 3, 4, 3, 4, 3, 4, 5, 6, 1, 3, 4, 3, 4, 3, 4, 3, 4, 3, 4, 3, 4, 3, 4, 3, 4, 5, 6, 7
[2025-12-11T00:19:28.326Z] [Timeline] Hotspot rows hotspot_IDs: , 5, 5, 0, 0, , 4, 4, 21, 21, 19, 19, 17, 17, 677, 677, 678, 678, 679, 679, 0, 0, , 18, 18, 25, 25, 20, 20, 16, 16, 23, 23, 24, 24, 676, 676, 669, 669, 0, 0, 0
[2025-12-11T00:19:28.335Z] 
=== LOG FILE SAVED TO: D:\wamp64\www\dvi_fullstack\dvi_backend\tmp\hotspot_optimization_1765412140505.log ===

