[2025-12-11T07:20:36.834Z] === HOTSPOT OPTIMIZATION LOG ===
[2025-12-11T07:20:36.865Z] Started at: 2025-12-11T07:20:36.865Z

[2025-12-11T07:21:57.790Z] [Timeline] Route 569 (Chennai International Airport → Chennai): routeStartTime=11:00:00, routeEndTime=20:00:00, direct_to_next=0
[2025-12-11T07:21:57.825Z] [Timeline] Route 569 starting coords from location_id 165946: (12.9811068, 80.159623)
[2025-12-11T07:21:57.851Z] [Timeline] Route 569 - Added refreshment break: 11:00:00 - 12:00:00
[2025-12-11T07:21:57.904Z] [fetchSelectedHotspots] route 569 target="Chennai International Airport" next="Chennai" dow=4
[2025-12-11T07:21:58.072Z] [fetchSelectedHotspots] Found 583 total active hotspots
[2025-12-11T07:21:58.094Z] [fetchSelectedHotspots] direct_to_next_visiting_place=0
[2025-12-11T07:21:58.106Z] [fetchSelectedHotspots] source="Chennai International Airport", destination="Chennai"
[2025-12-11T07:21:58.137Z] [fetchSelectedHotspots] Starting coords from stored_locations: (12.9811068, 80.159623)
[2025-12-11T07:21:58.151Z] [fetchSelectedHotspots] Hotspot 4 "Kapaleeshwarar Temple" → SOURCE (matches "Chennai International Airport" - PRIMARY)
[2025-12-11T07:21:58.206Z] [fetchSelectedHotspots] Hotspot 4 "Kapaleeshwarar Temple" → DESTINATION (matches "Chennai")
[2025-12-11T07:21:58.246Z] [fetchSelectedHotspots] Hotspot 5 "Marina Beach" → SOURCE (matches "Chennai International Airport" - PRIMARY)
[2025-12-11T07:21:58.264Z] [fetchSelectedHotspots] Hotspot 5 "Marina Beach" → DESTINATION (matches "Chennai")
[2025-12-11T07:21:58.282Z] [fetchSelectedHotspots] Hotspot 6 "Fort St.George Museum" → SOURCE (matches "Chennai International Airport" - PRIMARY)
[2025-12-11T07:21:58.309Z] [fetchSelectedHotspots] Hotspot 7 "Government Museum Chennai" → SOURCE (matches "Chennai International Airport" - PRIMARY)
[2025-12-11T07:21:58.349Z] [fetchSelectedHotspots] Hotspot 8 "Santhome Cathedral Basilica" → SOURCE (matches "Chennai International Airport" - PRIMARY)
[2025-12-11T07:21:58.355Z] [fetchSelectedHotspots] Hotspot 9 "Thousand Lights Mosque" → SOURCE (matches "Chennai International Airport" - PRIMARY)
[2025-12-11T07:21:58.385Z] [fetchSelectedHotspots] Hotspot 10 "Guindy National Park" → SOURCE (matches "Chennai International Airport" - PRIMARY)
[2025-12-11T07:21:58.391Z] [fetchSelectedHotspots] Hotspot 11 "Parthasarathy Temple" → SOURCE (matches "Chennai International Airport" - PRIMARY)
[2025-12-11T07:21:58.418Z] [fetchSelectedHotspots] Hotspot 12 "Vivekanandar House" → SOURCE (matches "Chennai International Airport" - PRIMARY)
[2025-12-11T07:21:58.430Z] [fetchSelectedHotspots] Hotspot 13 "Arignar Anna Zoological Park" → SOURCE (matches "Chennai International Airport" - PRIMARY)
[2025-12-11T07:21:58.460Z] [fetchSelectedHotspots] Hotspot 290 "Vgp snow kingdom" → SOURCE (matches "Chennai International Airport" - PRIMARY)
[2025-12-11T07:21:58.509Z] [fetchSelectedHotspots] Hotspot 291 "Vgp marine kingdom" → SOURCE (matches "Chennai International Airport" - PRIMARY)
[2025-12-11T07:21:58.547Z] [fetchSelectedHotspots] Hotspot 292 "Guindy snake park" → SOURCE (matches "Chennai International Airport" - PRIMARY)
[2025-12-11T07:21:58.564Z] [fetchSelectedHotspots] Hotspot 293 "Queens land" → SOURCE (matches "Chennai International Airport" - PRIMARY)
[2025-12-11T07:21:58.568Z] [fetchSelectedHotspots] Hotspot 294 "light house marina" → SOURCE (matches "Chennai International Airport" - PRIMARY)
[2025-12-11T07:21:58.613Z] [fetchSelectedHotspots] Hotspot 296 "Anna tower park" → SOURCE (matches "Chennai International Airport" - PRIMARY)
[2025-12-11T07:21:58.640Z] [fetchSelectedHotspots] Hotspot 297 "B.M Birla planitourim." → SOURCE (matches "Chennai International Airport" - PRIMARY)
[2025-12-11T07:21:58.667Z] [fetchSelectedHotspots] Hotspot 298 "Click art museum" → SOURCE (matches "Chennai International Airport" - PRIMARY)
[2025-12-11T07:21:58.687Z] [fetchSelectedHotspots] Hotspot 299 "National art gallery" → SOURCE (matches "Chennai International Airport" - PRIMARY)
[2025-12-11T07:21:58.697Z] [fetchSelectedHotspots] Hotspot 300 "M G R  Memorial" → SOURCE (matches "Chennai International Airport" - PRIMARY)
[2025-12-11T07:21:58.722Z] [fetchSelectedHotspots] Hotspot 303 "Anna memorial." → SOURCE (matches "Chennai International Airport" - PRIMARY)
[2025-12-11T07:21:58.787Z] [fetchSelectedHotspots] Hotspot 544 "Shri Ashtalakshmi Temple" → SOURCE (matches "Chennai International Airport" - PRIMARY)
[2025-12-11T07:21:58.801Z] [fetchSelectedHotspots] Hotspot 544 "Shri Ashtalakshmi Temple" → DESTINATION (matches "Chennai")
[2025-12-11T07:21:58.834Z] [fetchSelectedHotspots] Filtered 14 priority-0 SOURCE hotspots (22 → 8)
[2025-12-11T07:21:58.847Z] [fetchSelectedHotspots] Categorized: source=8, destination=3, via=0
[2025-12-11T07:21:58.883Z] [fetchSelectedHotspots] AIRPORT ARRIVAL DETECTED: "Chennai International Airport" → "Chennai"
[2025-12-11T07:21:58.916Z] [fetchSelectedHotspots] direct_to_next_visiting_place=0 + AIRPORT ARRIVAL: Processing DESTINATION → VIA
[2025-12-11T07:21:58.932Z] [fetchSelectedHotspots] Matched 3 hotspots after PHP ordering
[2025-12-11T07:21:58.965Z] [fetchSelectedHotspots] First 5 hotspots (sorted): ID=4 "Kapaleeshwarar Temple" priority=1 distance=19.94km, ID=5 "Marina Beach" priority=2 distance=22.47km, ID=544 "Shri Ashtalakshmi Temple" priority=0 distance=18.11km
[2025-12-11T07:21:58.995Z] [fetchSelectedHotspots] Matched 3 hotspots for route 569
[2025-12-11T07:21:59.009Z] [Timeline] Route 569: Selected 3 hotspots
[2025-12-11T07:21:59.045Z] [Timeline] Route 569 - currentTime: 12:00:00, routeEndTime: 20:00:00, routeEndSeconds: 72000
[2025-12-11T07:21:59.067Z] [Timeline] Hotspot 4 - currentSeconds: 43200, routeEndSeconds: 72000
[2025-12-11T07:21:59.077Z] [Timeline] Processing hotspot 4 for route 569
[2025-12-11T07:21:59.113Z] [Timeline] Hotspot 4 coords: lat=13.033798514213936, lon=80.26977915213011
[2025-12-11T07:21:59.265Z] [Timeline] Checking operating hours for hotspot 4: visit window 12:30:00-13:30:00 on day 4
[2025-12-11T07:21:59.316Z] [Timeline] Hotspot 4 check window: 05:30:00-12:00:00, visit: 12:30:00-13:30:00
[2025-12-11T07:21:59.327Z] [Timeline] Hotspot 4 check window: 16:00:00-20:00:00, visit: 12:30:00-13:30:00
[2025-12-11T07:21:59.348Z] [Timeline] Hotspot 4 operating hours check FAILED - visit 12:30:00-13:30:00 doesn't fit in any window
[2025-12-11T07:21:59.379Z] [Timeline] Hotspot 4 not open during visit window 12:30:00-13:30:00 on day 4, skipping
[2025-12-11T07:21:59.384Z] [Timeline] Hotspot 5 - currentSeconds: 43200, routeEndSeconds: 72000
[2025-12-11T07:21:59.416Z] [Timeline] Processing hotspot 5 for route 569
[2025-12-11T07:21:59.445Z] [Timeline] Hotspot 5 coords: lat=13.051080243192029, lon=80.27775926313883
[2025-12-11T07:21:59.515Z] [Timeline] Checking operating hours for hotspot 5: visit window 12:34:00-13:34:00 on day 4
[2025-12-11T07:21:59.550Z] [Timeline] Hotspot 5 operating hours OK
[2025-12-11T07:21:59.585Z] [Timeline] Travel type for "Chennai International Airport" -> "Chennai International Airport|Chennai Domestic Airport|Chennai Central|Chennai|Chennai Egmore Station|Chennai Koyembedu|ECR Beach, Chennai, Tamil Nadu": 1 (1=local, 2=outstation)
[2025-12-11T07:21:59.684Z] [Timeline] Building hotspot row for hotspot_ID=5
[2025-12-11T07:21:59.726Z] [Timeline] Built hotspot row: item_type=4, hotspot_ID=5, order=2
[2025-12-11T07:21:59.761Z] [Timeline] Hotspot 544 - currentSeconds: 48840, routeEndSeconds: 72000
[2025-12-11T07:21:59.789Z] [Timeline] Processing hotspot 544 for route 569
[2025-12-11T07:21:59.829Z] [Timeline] Hotspot 544 coords: lat=12.993461140291483, lon=80.27030436931474
[2025-12-11T07:21:59.953Z] [Timeline] Checking operating hours for hotspot 544: visit window 13:49:00-19:49:00 on day 4
[2025-12-11T07:21:59.983Z] [Timeline] Hotspot 544 check window: 06:00:00-12:00:00, visit: 13:49:00-19:49:00
[2025-12-11T07:21:59.998Z] [Timeline] Hotspot 544 check window: 16:00:00-20:00:00, visit: 13:49:00-19:49:00
[2025-12-11T07:22:00.028Z] [Timeline] Hotspot 544 operating hours check FAILED - visit 13:49:00-19:49:00 doesn't fit in any window
[2025-12-11T07:22:00.107Z] [Timeline] Hotspot 544 not open during visit window 13:49:00-19:49:00 on day 4, skipping
[2025-12-11T07:22:00.190Z] [Timeline] Route 570 (Chennai → Pondicherry): routeStartTime=08:00:00, routeEndTime=20:00:00, direct_to_next=0
[2025-12-11T07:22:00.253Z] [Timeline] Route 570 starting coords from location_id 762: (13.0843007, 80.2704622)
[2025-12-11T07:22:00.278Z] [Timeline] Route 570 - Added refreshment break: 08:00:00 - 09:00:00
[2025-12-11T07:22:00.329Z] [fetchSelectedHotspots] route 570 target="Chennai" next="Pondicherry" dow=5
[2025-12-11T07:22:00.474Z] [fetchSelectedHotspots] Found 583 total active hotspots
[2025-12-11T07:22:00.491Z] [fetchSelectedHotspots] direct_to_next_visiting_place=0
[2025-12-11T07:22:00.512Z] [fetchSelectedHotspots] source="Chennai", destination="Pondicherry"
[2025-12-11T07:22:00.550Z] [fetchSelectedHotspots] Starting coords from stored_locations: (12.9811068, 80.159623)
[2025-12-11T07:22:00.562Z] [fetchSelectedHotspots] Hotspot 4 "Kapaleeshwarar Temple" → SOURCE (matches "Chennai")
[2025-12-11T07:22:00.576Z] [fetchSelectedHotspots] Hotspot 5 "Marina Beach" → SOURCE (matches "Chennai")
[2025-12-11T07:22:00.583Z] [fetchSelectedHotspots] Hotspot 17 "Sri Aurobindo Ashram" → DESTINATION (matches "Pondicherry")
[2025-12-11T07:22:00.595Z] [fetchSelectedHotspots] Hotspot 18 "Auroville" → DESTINATION (matches "Pondicherry")
[2025-12-11T07:22:00.608Z] [fetchSelectedHotspots] Hotspot 19 "Promenade Beach" → DESTINATION (matches "Pondicherry")
[2025-12-11T07:22:00.617Z] [fetchSelectedHotspots] Hotspot 20 "Chunnambar Boathouse" → DESTINATION (matches "Pondicherry")
[2025-12-11T07:22:00.618Z] [fetchSelectedHotspots] Hotspot 21 "The Basilica of the Sacred Heart of Jesus" → DESTINATION (matches "Pondicherry")
[2025-12-11T07:22:00.632Z] [fetchSelectedHotspots] Hotspot 24 "The Pondicherry Museum" → DESTINATION (matches "Pondicherry")
[2025-12-11T07:22:00.646Z] [fetchSelectedHotspots] Hotspot 25 "Manakula Vinayagar Temple" → DESTINATION (matches "Pondicherry")
[2025-12-11T07:22:00.657Z] [fetchSelectedHotspots] Hotspot 277 "Pondicherry Backwater" → DESTINATION (matches "Pondicherry")
[2025-12-11T07:22:00.680Z] [fetchSelectedHotspots] Hotspot 544 "Shri Ashtalakshmi Temple" → SOURCE (matches "Chennai")
[2025-12-11T07:22:00.691Z] [fetchSelectedHotspots] Hotspot 669 "Eden Beach - Blue flag Beach" → DESTINATION (matches "Pondicherry" - PRIMARY)
[2025-12-11T07:22:00.716Z] [fetchSelectedHotspots] Hotspot 676 "Botanical Garden" → DESTINATION (matches "Pondicherry" - PRIMARY)
[2025-12-11T07:22:00.720Z] [fetchSelectedHotspots] Hotspot 677 "Bharathi Park &amp; Aayi Mandapam" → DESTINATION (matches "Pondicherry" - PRIMARY)
[2025-12-11T07:22:00.722Z] [fetchSelectedHotspots] Hotspot 678 "French Colony" → DESTINATION (matches "Pondicherry" - PRIMARY)
[2025-12-11T07:22:00.729Z] [fetchSelectedHotspots] Hotspot 679 "Pondi Marina Beach" → DESTINATION (matches "Pondicherry" - PRIMARY)
[2025-12-11T07:22:00.734Z] [fetchSelectedHotspots] Filtered 1 priority-0 SOURCE hotspots (3 → 2)
[2025-12-11T07:22:00.761Z] [fetchSelectedHotspots] Categorized: source=2, destination=13, via=0
[2025-12-11T07:22:00.781Z] [fetchSelectedHotspots] direct_to_next_visiting_place=0: Processing SOURCE → DESTINATION → VIA
[2025-12-11T07:22:00.814Z] [fetchSelectedHotspots] Matched 15 hotspots after PHP ordering
[2025-12-11T07:22:00.817Z] [fetchSelectedHotspots] First 5 hotspots (sorted): ID=4 "Kapaleeshwarar Temple" priority=1 distance=19.94km, ID=5 "Marina Beach" priority=2 distance=22.47km, ID=18 "Auroville" priority=1 distance=171.53km, ID=25 "Manakula Vinayagar Temple" priority=2 distance=182.13km, ID=21 "The Basilica of the Sacred Heart of Jesus" priority=4 distance=184.07km
[2025-12-11T07:22:00.844Z] [fetchSelectedHotspots] Matched 15 hotspots for route 570
[2025-12-11T07:22:00.862Z] [Timeline] Route 570: Selected 15 hotspots
[2025-12-11T07:22:00.895Z] [Timeline] Route 570 - currentTime: 09:00:00, routeEndTime: 20:00:00, routeEndSeconds: 72000
[2025-12-11T07:22:00.915Z] [Timeline] Hotspot 4 - currentSeconds: 32400, routeEndSeconds: 72000
[2025-12-11T07:22:00.932Z] [Timeline] Processing hotspot 4 for route 570
[2025-12-11T07:22:00.966Z] [Timeline] Hotspot 4 coords: lat=13.033798514213936, lon=80.26977915213011
[2025-12-11T07:22:01.048Z] [Timeline] Checking operating hours for hotspot 4: visit window 09:13:00-10:13:00 on day 5
[2025-12-11T07:22:01.077Z] [Timeline] Hotspot 4 check window: 05:30:00-12:00:00, visit: 09:13:00-10:13:00
[2025-12-11T07:22:01.095Z] [Timeline] Hotspot 4 operating hours OK - entire visit 09:13:00-10:13:00 fits in 05:30:00-12:00:00
[2025-12-11T07:22:01.116Z] [Timeline] Hotspot 4 operating hours OK
[2025-12-11T07:22:01.125Z] [Timeline] Travel type for "Chennai" -> "Chennai International Airport|Chennai Domestic Airport|Chennai Central|Chennai|Chennai Egmore Station|Chennai Koyembedu|ECR Beach, Chennai, Tamil Nadu": 1 (1=local, 2=outstation)
[2025-12-11T07:22:01.277Z] [Timeline] Building hotspot row for hotspot_ID=4
[2025-12-11T07:22:01.342Z] [Timeline] Built hotspot row: item_type=4, hotspot_ID=4, order=2
[2025-12-11T07:22:01.380Z] [Timeline] Hotspot 5 - currentSeconds: 36780, routeEndSeconds: 72000
[2025-12-11T07:22:01.408Z] [Timeline] Processing hotspot 5 for route 570
[2025-12-11T07:22:01.444Z] [Timeline] Skipping hotspot 5 - already added to plan 5
[2025-12-11T07:22:01.458Z] [Timeline] Hotspot 18 - currentSeconds: 36780, routeEndSeconds: 72000
[2025-12-11T07:22:01.480Z] [Timeline] Processing hotspot 18 for route 570
[2025-12-11T07:22:01.506Z] [Timeline] Hotspot 18 coords: lat=12.008342334177776, lon=79.81781931258232
[2025-12-11T07:22:01.600Z] [Timeline] Checking operating hours for hotspot 18: visit window 13:19:00-15:19:00 on day 5
[2025-12-11T07:22:01.646Z] [Timeline] Hotspot 18 check window: 09:00:00-13:00:00, visit: 13:19:00-15:19:00
[2025-12-11T07:22:01.650Z] [Timeline] Hotspot 18 check window: 13:30:00-17:00:00, visit: 13:19:00-15:19:00
[2025-12-11T07:22:01.678Z] [Timeline] Hotspot 18 operating hours check FAILED - visit 13:19:00-15:19:00 doesn't fit in any window
[2025-12-11T07:22:01.718Z] [Timeline] Hotspot 18 not open during visit window 13:19:00-15:19:00 on day 5, skipping
[2025-12-11T07:22:01.756Z] [Timeline] Hotspot 25 - currentSeconds: 36780, routeEndSeconds: 72000
[2025-12-11T07:22:01.762Z] [Timeline] Processing hotspot 25 for route 570
[2025-12-11T07:22:01.800Z] [Timeline] Hotspot 25 coords: lat=11.936184966220257, lon=79.83484226674099
[2025-12-11T07:22:01.916Z] [Timeline] Checking operating hours for hotspot 25: visit window 13:29:00-13:59:00 on day 5
[2025-12-11T07:22:01.944Z] [Timeline] Hotspot 25 check window: 17:45:00-12:30:00, visit: 13:29:00-13:59:00
[2025-12-11T07:22:01.980Z] [Timeline] Hotspot 25 check window: 16:00:00-20:00:00, visit: 13:29:00-13:59:00
[2025-12-11T07:22:01.996Z] [Timeline] Hotspot 25 operating hours check FAILED - visit 13:29:00-13:59:00 doesn't fit in any window
[2025-12-11T07:22:02.028Z] [Timeline] Hotspot 25 not open during visit window 13:29:00-13:59:00 on day 5, skipping
[2025-12-11T07:22:02.034Z] [Timeline] Hotspot 21 - currentSeconds: 36780, routeEndSeconds: 72000
[2025-12-11T07:22:02.064Z] [Timeline] Processing hotspot 21 for route 570
[2025-12-11T07:22:02.095Z] [Timeline] Hotspot 21 coords: lat=11.926178758041798, lon=79.82779781515121
[2025-12-11T07:22:02.280Z] [Timeline] Checking operating hours for hotspot 21: visit window 13:31:00-14:01:00 on day 5
[2025-12-11T07:22:02.308Z] [Timeline] Hotspot 21 check window: 06:00:00-19:00:00, visit: 13:31:00-14:01:00
[2025-12-11T07:22:02.316Z] [Timeline] Hotspot 21 operating hours OK - entire visit 13:31:00-14:01:00 fits in 06:00:00-19:00:00
[2025-12-11T07:22:02.345Z] [Timeline] Hotspot 21 operating hours OK
[2025-12-11T07:22:02.361Z] [Timeline] Travel type for "Chennai International Airport|Chennai Domestic Airport|Chennai Central|Chennai|Chennai Egmore Station|Chennai Koyembedu|ECR Beach, Chennai, Tamil Nadu" -> "Pondicherry Airport|Pondicherry": 2 (1=local, 2=outstation)
[2025-12-11T07:22:02.782Z] [Timeline] Building hotspot row for hotspot_ID=21
[2025-12-11T07:22:02.842Z] [Timeline] Built hotspot row: item_type=4, hotspot_ID=21, order=3
[2025-12-11T07:22:02.879Z] [Timeline] Hotspot 19 - currentSeconds: 50460, routeEndSeconds: 72000
[2025-12-11T07:22:02.898Z] [Timeline] Processing hotspot 19 for route 570
[2025-12-11T07:22:02.923Z] [Timeline] Hotspot 19 coords: lat=11.931203427435934, lon=79.83580349426904
[2025-12-11T07:22:03.007Z] [Timeline] Checking operating hours for hotspot 19: visit window 14:03:00-15:03:00 on day 5
[2025-12-11T07:22:03.050Z] [Timeline] Hotspot 19 check window: 06:00:00-20:00:00, visit: 14:03:00-15:03:00
[2025-12-11T07:22:03.084Z] [Timeline] Hotspot 19 operating hours OK - entire visit 14:03:00-15:03:00 fits in 06:00:00-20:00:00
[2025-12-11T07:22:03.104Z] [Timeline] Hotspot 19 operating hours OK
[2025-12-11T07:22:03.132Z] [Timeline] Travel type for "Pondicherry Airport|Pondicherry" -> "Pondicherry Airport|Pondicherry": 1 (1=local, 2=outstation)
[2025-12-11T07:22:03.261Z] [Timeline] Building hotspot row for hotspot_ID=19
[2025-12-11T07:22:03.298Z] [Timeline] Built hotspot row: item_type=4, hotspot_ID=19, order=4
[2025-12-11T07:22:03.346Z] [Timeline] Hotspot 20 - currentSeconds: 54180, routeEndSeconds: 72000
[2025-12-11T07:22:03.377Z] [Timeline] Processing hotspot 20 for route 570
[2025-12-11T07:22:03.416Z] [Timeline] Hotspot 20 coords: lat=11.883875481616602, lon=79.80141705562612
[2025-12-11T07:22:03.506Z] [Timeline] Checking operating hours for hotspot 20: visit window 15:18:00-16:18:00 on day 5
[2025-12-11T07:22:03.555Z] [Timeline] Hotspot 20 check window: 09:30:00-16:00:00, visit: 15:18:00-16:18:00
[2025-12-11T07:22:03.603Z] [Timeline] Hotspot 20 operating hours check FAILED - visit 15:18:00-16:18:00 doesn't fit in any window
[2025-12-11T07:22:03.639Z] [Timeline] Hotspot 20 not open during visit window 15:18:00-16:18:00 on day 5, skipping
[2025-12-11T07:22:03.680Z] [Timeline] Hotspot 17 - currentSeconds: 54180, routeEndSeconds: 72000
[2025-12-11T07:22:03.711Z] [Timeline] Processing hotspot 17 for route 570
[2025-12-11T07:22:03.750Z] [Timeline] Hotspot 17 coords: lat=11.936929030828965, lon=79.83477998559515
[2025-12-11T07:22:03.847Z] [Timeline] Checking operating hours for hotspot 17: visit window 15:04:00-16:04:00 on day 5
[2025-12-11T07:22:03.879Z] [Timeline] Hotspot 17 check window: 10:30:00-19:00:00, visit: 15:04:00-16:04:00
[2025-12-11T07:22:03.911Z] [Timeline] Hotspot 17 operating hours OK - entire visit 15:04:00-16:04:00 fits in 10:30:00-19:00:00
[2025-12-11T07:22:03.949Z] [Timeline] Hotspot 17 operating hours OK
[2025-12-11T07:22:03.974Z] [Timeline] Travel type for "Pondicherry Airport|Pondicherry" -> "Pondicherry Airport|Pondicherry": 1 (1=local, 2=outstation)
[2025-12-11T07:22:04.063Z] [Timeline] Building hotspot row for hotspot_ID=17
[2025-12-11T07:22:04.099Z] [Timeline] Built hotspot row: item_type=4, hotspot_ID=17, order=5
[2025-12-11T07:22:04.164Z] [Timeline] Hotspot 24 - currentSeconds: 57840, routeEndSeconds: 72000
[2025-12-11T07:22:04.211Z] [Timeline] Processing hotspot 24 for route 570
[2025-12-11T07:22:04.278Z] [Timeline] Hotspot 24 coords: lat=11.934656339062595, lon=79.83484999477534
[2025-12-11T07:22:04.343Z] [Timeline] Checking operating hours for hotspot 24: visit window 16:05:00-16:35:00 on day 5
[2025-12-11T07:22:04.396Z] [Timeline] Hotspot 24 check window: 09:00:00-18:00:00, visit: 16:05:00-16:35:00
[2025-12-11T07:22:04.419Z] [Timeline] Hotspot 24 operating hours OK - entire visit 16:05:00-16:35:00 fits in 09:00:00-18:00:00
[2025-12-11T07:22:04.429Z] [Timeline] Hotspot 24 operating hours OK
[2025-12-11T07:22:04.468Z] [Timeline] Travel type for "Pondicherry Airport|Pondicherry" -> "Pondicherry Airport|Pondicherry": 1 (1=local, 2=outstation)
[2025-12-11T07:22:04.547Z] [Timeline] Building hotspot row for hotspot_ID=24
[2025-12-11T07:22:04.589Z] [Timeline] Built hotspot row: item_type=4, hotspot_ID=24, order=6
[2025-12-11T07:22:04.626Z] [Timeline] Hotspot 677 - currentSeconds: 59700, routeEndSeconds: 72000
[2025-12-11T07:22:04.631Z] [Timeline] Processing hotspot 677 for route 570
[2025-12-11T07:22:04.672Z] [Timeline] Hotspot 677 coords: lat=11.933029585291068, lon=79.83418306595088
[2025-12-11T07:22:04.770Z] [Timeline] Checking operating hours for hotspot 677: visit window 16:35:00-17:20:00 on day 5
[2025-12-11T07:22:04.795Z] [Timeline] Hotspot 677 check window: 06:00:00-19:00:00, visit: 16:35:00-17:20:00
[2025-12-11T07:22:04.823Z] [Timeline] Hotspot 677 operating hours OK - entire visit 16:35:00-17:20:00 fits in 06:00:00-19:00:00
[2025-12-11T07:22:04.845Z] [Timeline] Hotspot 677 operating hours OK
[2025-12-11T07:22:04.885Z] [Timeline] Travel type for "Pondicherry Airport|Pondicherry" -> "Pondicherry|Pondicherry Airport": 1 (1=local, 2=outstation)
[2025-12-11T07:22:05.050Z] [Timeline] Building hotspot row for hotspot_ID=677
[2025-12-11T07:22:05.073Z] [Timeline] Built hotspot row: item_type=4, hotspot_ID=677, order=7
[2025-12-11T07:22:05.116Z] [Timeline] Hotspot 678 - currentSeconds: 62400, routeEndSeconds: 72000
[2025-12-11T07:22:05.145Z] [Timeline] Processing hotspot 678 for route 570
[2025-12-11T07:22:05.181Z] [Timeline] Hotspot 678 coords: lat=11.928492248303817, lon=79.83303242117643
[2025-12-11T07:22:05.312Z] [Timeline] Checking operating hours for hotspot 678: visit window 17:21:00-18:21:00 on day 5
[2025-12-11T07:22:05.363Z] [Timeline] Hotspot 678 operating hours OK
[2025-12-11T07:22:05.384Z] [Timeline] Travel type for "Pondicherry|Pondicherry Airport" -> "Pondicherry|Pondicherry Airport": 1 (1=local, 2=outstation)
[2025-12-11T07:22:05.478Z] [Timeline] Building hotspot row for hotspot_ID=678
[2025-12-11T07:22:05.525Z] [Timeline] Built hotspot row: item_type=4, hotspot_ID=678, order=8
[2025-12-11T07:22:05.571Z] [Timeline] Hotspot 676 - currentSeconds: 66060, routeEndSeconds: 72000
[2025-12-11T07:22:05.577Z] [Timeline] Processing hotspot 676 for route 570
[2025-12-11T07:22:05.617Z] [Timeline] Hotspot 676 coords: lat=11.930177048465467, lon=79.8224313245787
[2025-12-11T07:22:05.757Z] [Timeline] Checking operating hours for hotspot 676: visit window 18:24:00-19:24:00 on day 5
[2025-12-11T07:22:05.780Z] [Timeline] Hotspot 676 check window: 10:00:00-17:00:00, visit: 18:24:00-19:24:00
[2025-12-11T07:22:05.797Z] [Timeline] Hotspot 676 operating hours check FAILED - visit 18:24:00-19:24:00 doesn't fit in any window
[2025-12-11T07:22:05.831Z] [Timeline] Hotspot 676 not open during visit window 18:24:00-19:24:00 on day 5, skipping
[2025-12-11T07:22:05.869Z] [Timeline] Hotspot 277 - currentSeconds: 66060, routeEndSeconds: 72000
[2025-12-11T07:22:05.884Z] [Timeline] Processing hotspot 277 for route 570
[2025-12-11T07:22:05.914Z] [Timeline] Hotspot 277 coords: lat=11.916309213225349, lon=79.82433098120615
[2025-12-11T07:22:06.048Z] [Timeline] Checking operating hours for hotspot 277: visit window 18:25:00-21:25:00 on day 5
[2025-12-11T07:22:06.094Z] [Timeline] Hotspot 277 check window: 09:00:00-18:00:00, visit: 18:25:00-21:25:00
[2025-12-11T07:22:06.130Z] [Timeline] Hotspot 277 operating hours check FAILED - visit 18:25:00-21:25:00 doesn't fit in any window
[2025-12-11T07:22:06.134Z] [Timeline] Hotspot 277 not open during visit window 18:25:00-21:25:00 on day 5, skipping
[2025-12-11T07:22:06.179Z] [Timeline] Hotspot 679 - currentSeconds: 66060, routeEndSeconds: 72000
[2025-12-11T07:22:06.197Z] [Timeline] Processing hotspot 679 for route 570
[2025-12-11T07:22:06.259Z] [Timeline] Hotspot 679 coords: lat=11.913052113056816, lon=79.82932149874199
[2025-12-11T07:22:06.347Z] [Timeline] Checking operating hours for hotspot 679: visit window 18:25:00-18:55:00 on day 5
[2025-12-11T07:22:06.389Z] [Timeline] Hotspot 679 operating hours OK
[2025-12-11T07:22:06.397Z] [Timeline] Travel type for "Pondicherry|Pondicherry Airport" -> "Pondicherry|Pondicherry Airport": 1 (1=local, 2=outstation)
[2025-12-11T07:22:06.495Z] [Timeline] Building hotspot row for hotspot_ID=679
[2025-12-11T07:22:06.539Z] [Timeline] Built hotspot row: item_type=4, hotspot_ID=679, order=9
[2025-12-11T07:22:06.583Z] [Timeline] Hotspot 669 - currentSeconds: 68100, routeEndSeconds: 72000
[2025-12-11T07:22:06.596Z] [Timeline] Processing hotspot 669 for route 570
[2025-12-11T07:22:06.637Z] [Timeline] Hotspot 669 coords: lat=11.882310987345338, lon=79.8244548517534
[2025-12-11T07:22:06.730Z] [Timeline] Checking operating hours for hotspot 669: visit window 19:03:00-20:03:00 on day 5
[2025-12-11T07:22:06.774Z] [Timeline] Hotspot 669 check window: 06:00:00-18:00:00, visit: 19:03:00-20:03:00
[2025-12-11T07:22:06.808Z] [Timeline] Hotspot 669 operating hours check FAILED - visit 19:03:00-20:03:00 doesn't fit in any window
[2025-12-11T07:22:06.813Z] [Timeline] Hotspot 669 not open during visit window 19:03:00-20:03:00 on day 5, skipping
[2025-12-11T07:22:06.894Z] [Timeline] Route 571 (Pondicherry → Pondicherry Airport): routeStartTime=08:00:00, routeEndTime=20:00:00, direct_to_next=0
[2025-12-11T07:22:06.930Z] [Timeline] Route 571 starting coords from location_id 5922: (11.9415915, 79.8083133)
[2025-12-11T07:22:06.966Z] [Timeline] Route 571 - Skipping refreshment row (last route) but advancing time by 01:00:00 to 09:00:00
[2025-12-11T07:22:07.001Z] [fetchSelectedHotspots] route 571 target="Pondicherry" next="Pondicherry Airport" dow=6
[2025-12-11T07:22:07.150Z] [fetchSelectedHotspots] Found 583 total active hotspots
[2025-12-11T07:22:07.164Z] [fetchSelectedHotspots] direct_to_next_visiting_place=0
[2025-12-11T07:22:07.186Z] [fetchSelectedHotspots] source="Pondicherry", destination="Pondicherry Airport"
[2025-12-11T07:22:07.258Z] [fetchSelectedHotspots] Starting coords from stored_locations: (13.0827989, 80.2754246)
[2025-12-11T07:22:07.288Z] [fetchSelectedHotspots] Hotspot 16 "Paradise Beach" → DESTINATION (matches "Pondicherry Airport" - PRIMARY - ONLY)
[2025-12-11T07:22:07.298Z] [fetchSelectedHotspots] Hotspot 17 "Sri Aurobindo Ashram" → DESTINATION (matches "Pondicherry Airport" - PRIMARY)
[2025-12-11T07:22:07.331Z] [fetchSelectedHotspots] Hotspot 18 "Auroville" → DESTINATION (matches "Pondicherry Airport" - PRIMARY)
[2025-12-11T07:22:07.366Z] [fetchSelectedHotspots] Hotspot 19 "Promenade Beach" → DESTINATION (matches "Pondicherry Airport" - PRIMARY)
[2025-12-11T07:22:07.379Z] [fetchSelectedHotspots] Hotspot 20 "Chunnambar Boathouse" → DESTINATION (matches "Pondicherry Airport" - PRIMARY)
[2025-12-11T07:22:07.403Z] [fetchSelectedHotspots] Hotspot 21 "The Basilica of the Sacred Heart of Jesus" → DESTINATION (matches "Pondicherry Airport" - PRIMARY)
[2025-12-11T07:22:07.405Z] [fetchSelectedHotspots] Hotspot 23 "French War Memorial" → DESTINATION (matches "Pondicherry Airport" - PRIMARY - ONLY)
[2025-12-11T07:22:07.414Z] [fetchSelectedHotspots] Hotspot 24 "The Pondicherry Museum" → DESTINATION (matches "Pondicherry Airport" - PRIMARY)
[2025-12-11T07:22:07.416Z] [fetchSelectedHotspots] Hotspot 25 "Manakula Vinayagar Temple" → DESTINATION (matches "Pondicherry Airport" - PRIMARY)
[2025-12-11T07:22:07.438Z] [fetchSelectedHotspots] Hotspot 277 "Pondicherry Backwater" → DESTINATION (matches "Pondicherry Airport" - PRIMARY)
[2025-12-11T07:22:07.453Z] [fetchSelectedHotspots] Hotspot 669 "Eden Beach - Blue flag Beach" → SOURCE (matches "Pondicherry" - PRIMARY)
[2025-12-11T07:22:07.462Z] [fetchSelectedHotspots] Hotspot 669 "Eden Beach - Blue flag Beach" → DESTINATION (matches "Pondicherry Airport")
[2025-12-11T07:22:07.480Z] [fetchSelectedHotspots] Hotspot 676 "Botanical Garden" → SOURCE (matches "Pondicherry" - PRIMARY)
[2025-12-11T07:22:07.491Z] [fetchSelectedHotspots] Hotspot 676 "Botanical Garden" → DESTINATION (matches "Pondicherry Airport")
[2025-12-11T07:22:07.495Z] [fetchSelectedHotspots] Hotspot 677 "Bharathi Park &amp; Aayi Mandapam" → SOURCE (matches "Pondicherry" - PRIMARY)
[2025-12-11T07:22:07.528Z] [fetchSelectedHotspots] Hotspot 677 "Bharathi Park &amp; Aayi Mandapam" → DESTINATION (matches "Pondicherry Airport")
[2025-12-11T07:22:07.546Z] [fetchSelectedHotspots] Hotspot 678 "French Colony" → SOURCE (matches "Pondicherry" - PRIMARY)
[2025-12-11T07:22:07.577Z] [fetchSelectedHotspots] Hotspot 678 "French Colony" → DESTINATION (matches "Pondicherry Airport")
[2025-12-11T07:22:07.608Z] [fetchSelectedHotspots] Hotspot 679 "Pondi Marina Beach" → SOURCE (matches "Pondicherry" - PRIMARY)
[2025-12-11T07:22:07.611Z] [fetchSelectedHotspots] Hotspot 679 "Pondi Marina Beach" → DESTINATION (matches "Pondicherry Airport")
[2025-12-11T07:22:07.617Z] [fetchSelectedHotspots] Filtered 5 priority-0 SOURCE hotspots (5 → 0)
[2025-12-11T07:22:07.630Z] [fetchSelectedHotspots] Categorized: source=0, destination=15, via=0
[2025-12-11T07:22:07.631Z] [fetchSelectedHotspots] direct_to_next_visiting_place=0: Processing SOURCE → DESTINATION → VIA
[2025-12-11T07:22:07.647Z] [fetchSelectedHotspots] Matched 15 hotspots after PHP ordering
[2025-12-11T07:22:07.649Z] [fetchSelectedHotspots] First 5 hotspots (sorted): ID=16 "Paradise Beach" priority=1 distance=209.31km, ID=18 "Auroville" priority=1 distance=194.08km, ID=25 "Manakula Vinayagar Temple" priority=2 distance=204.26km, ID=23 "French War Memorial" priority=3 distance=204.86km, ID=21 "The Basilica of the Sacred Heart of Jesus" priority=4 distance=206.23km
[2025-12-11T07:22:07.679Z] [fetchSelectedHotspots] Matched 15 hotspots for route 571
[2025-12-11T07:22:07.722Z] [Timeline] Route 571: Selected 15 hotspots
[2025-12-11T07:22:07.764Z] [Timeline] Route 571 - currentTime: 09:00:00, routeEndTime: 20:00:00, routeEndSeconds: 72000
[2025-12-11T07:22:07.800Z] [Timeline] Hotspot 16 - currentSeconds: 32400, routeEndSeconds: 72000
[2025-12-11T07:22:07.833Z] [Timeline] Processing hotspot 16 for route 571
[2025-12-11T07:22:07.858Z] [Timeline] Hotspot 16 coords: lat=11.894346668881749, lon=79.86265715952393
[2025-12-11T07:22:07.908Z] [Timeline] Checking operating hours for hotspot 16: visit window 09:00:00-09:30:00 on day 6
[2025-12-11T07:22:07.932Z] [Timeline] Hotspot 16 check window: 09:00:00-18:00:00, visit: 09:00:00-09:30:00
[2025-12-11T07:22:07.946Z] [Timeline] Hotspot 16 operating hours OK - entire visit 09:00:00-09:30:00 fits in 09:00:00-18:00:00
[2025-12-11T07:22:07.979Z] [Timeline] Hotspot 16 operating hours OK
[2025-12-11T07:22:07.988Z] [Timeline] Travel type for "Pondicherry" -> "Pondicherry Airport": 2 (1=local, 2=outstation)
[2025-12-11T07:22:08.318Z] [Timeline] Building hotspot row for hotspot_ID=16
[2025-12-11T07:22:08.411Z] [Timeline] Built hotspot row: item_type=4, hotspot_ID=16, order=2
[2025-12-11T07:22:08.466Z] [Timeline] Hotspot 18 - currentSeconds: 34200, routeEndSeconds: 72000
[2025-12-11T07:22:08.495Z] [Timeline] Processing hotspot 18 for route 571
[2025-12-11T07:22:08.514Z] [Timeline] Hotspot 18 coords: lat=12.008342334177776, lon=79.81781931258232
[2025-12-11T07:22:08.592Z] [Timeline] Checking operating hours for hotspot 18: visit window 10:01:00-12:01:00 on day 6
[2025-12-11T07:22:08.635Z] [Timeline] Hotspot 18 check window: 09:00:00-13:00:00, visit: 10:01:00-12:01:00
[2025-12-11T07:22:08.672Z] [Timeline] Hotspot 18 operating hours OK - entire visit 10:01:00-12:01:00 fits in 09:00:00-13:00:00
[2025-12-11T07:22:08.692Z] [Timeline] Hotspot 18 operating hours OK
[2025-12-11T07:22:08.717Z] [Timeline] Travel type for "Pondicherry Airport" -> "Pondicherry Airport|Pondicherry": 1 (1=local, 2=outstation)
[2025-12-11T07:22:08.829Z] [Timeline] Building hotspot row for hotspot_ID=18
[2025-12-11T07:22:08.877Z] [Timeline] Built hotspot row: item_type=4, hotspot_ID=18, order=3
[2025-12-11T07:22:08.930Z] [Timeline] Hotspot 25 - currentSeconds: 43260, routeEndSeconds: 72000
[2025-12-11T07:22:08.970Z] [Timeline] Processing hotspot 25 for route 571
[2025-12-11T07:22:08.997Z] [Timeline] Hotspot 25 coords: lat=11.936184966220257, lon=79.83484226674099
[2025-12-11T07:22:09.099Z] [Timeline] Checking operating hours for hotspot 25: visit window 12:20:00-12:50:00 on day 6
[2025-12-11T07:22:09.128Z] [Timeline] Hotspot 25 check window: 05:45:00-12:30:00, visit: 12:20:00-12:50:00
[2025-12-11T07:22:09.147Z] [Timeline] Hotspot 25 check window: 16:00:00-20:00:00, visit: 12:20:00-12:50:00
[2025-12-11T07:22:09.182Z] [Timeline] Hotspot 25 operating hours check FAILED - visit 12:20:00-12:50:00 doesn't fit in any window
[2025-12-11T07:22:09.227Z] [Timeline] Hotspot 25 not open during visit window 12:20:00-12:50:00 on day 6, skipping
[2025-12-11T07:22:09.254Z] [Timeline] Hotspot 23 - currentSeconds: 43260, routeEndSeconds: 72000
[2025-12-11T07:22:09.278Z] [Timeline] Processing hotspot 23 for route 571
[2025-12-11T07:22:09.297Z] [Timeline] Hotspot 23 coords: lat=11.93212951685565, lon=79.83535346593922
[2025-12-11T07:22:09.398Z] [Timeline] Checking operating hours for hotspot 23: visit window 12:21:00-12:41:00 on day 6
[2025-12-11T07:22:09.413Z] [Timeline] Hotspot 23 operating hours OK
[2025-12-11T07:22:09.428Z] [Timeline] Travel type for "Pondicherry Airport|Pondicherry" -> "Pondicherry Airport": 1 (1=local, 2=outstation)
[2025-12-11T07:22:09.517Z] [Timeline] Building hotspot row for hotspot_ID=23
[2025-12-11T07:22:09.557Z] [Timeline] Built hotspot row: item_type=4, hotspot_ID=23, order=4
[2025-12-11T07:22:09.606Z] [Timeline] Hotspot 21 - currentSeconds: 45660, routeEndSeconds: 72000
[2025-12-11T07:22:09.630Z] [Timeline] Processing hotspot 21 for route 571
[2025-12-11T07:22:09.649Z] [Timeline] Skipping hotspot 21 - already added to plan 5
[2025-12-11T07:22:09.671Z] [Timeline] Hotspot 19 - currentSeconds: 45660, routeEndSeconds: 72000
[2025-12-11T07:22:09.684Z] [Timeline] Processing hotspot 19 for route 571
[2025-12-11T07:22:09.712Z] [Timeline] Skipping hotspot 19 - already added to plan 5
[2025-12-11T07:22:09.731Z] [Timeline] Hotspot 20 - currentSeconds: 45660, routeEndSeconds: 72000
[2025-12-11T07:22:09.746Z] [Timeline] Processing hotspot 20 for route 571
[2025-12-11T07:22:09.780Z] [Timeline] Hotspot 20 coords: lat=11.883875481616602, lon=79.80141705562612
[2025-12-11T07:22:09.879Z] [Timeline] Checking operating hours for hotspot 20: visit window 12:56:00-13:56:00 on day 6
[2025-12-11T07:22:09.908Z] [Timeline] Hotspot 20 check window: 09:30:00-16:00:00, visit: 12:56:00-13:56:00
[2025-12-11T07:22:09.943Z] [Timeline] Hotspot 20 operating hours OK - entire visit 12:56:00-13:56:00 fits in 09:30:00-16:00:00
[2025-12-11T07:22:09.950Z] [Timeline] Hotspot 20 operating hours OK
[2025-12-11T07:22:09.953Z] [Timeline] Travel type for "Pondicherry Airport" -> "Pondicherry Airport|Pondicherry": 1 (1=local, 2=outstation)
[2025-12-11T07:22:10.009Z] [Timeline] Building hotspot row for hotspot_ID=20
[2025-12-11T07:22:10.016Z] [Timeline] Built hotspot row: item_type=4, hotspot_ID=20, order=5
[2025-12-11T07:22:10.041Z] [Timeline] Hotspot 17 - currentSeconds: 50160, routeEndSeconds: 72000
[2025-12-11T07:22:10.043Z] [Timeline] Processing hotspot 17 for route 571
[2025-12-11T07:22:10.063Z] [Timeline] Skipping hotspot 17 - already added to plan 5
[2025-12-11T07:22:10.066Z] [Timeline] Hotspot 24 - currentSeconds: 50160, routeEndSeconds: 72000
[2025-12-11T07:22:10.075Z] [Timeline] Processing hotspot 24 for route 571
[2025-12-11T07:22:10.113Z] [Timeline] Skipping hotspot 24 - already added to plan 5
[2025-12-11T07:22:10.133Z] [Timeline] Hotspot 677 - currentSeconds: 50160, routeEndSeconds: 72000
[2025-12-11T07:22:10.148Z] [Timeline] Processing hotspot 677 for route 571
[2025-12-11T07:22:10.162Z] [Timeline] Skipping hotspot 677 - already added to plan 5
[2025-12-11T07:22:10.187Z] [Timeline] Hotspot 678 - currentSeconds: 50160, routeEndSeconds: 72000
[2025-12-11T07:22:10.261Z] [Timeline] Processing hotspot 678 for route 571
[2025-12-11T07:22:10.275Z] [Timeline] Skipping hotspot 678 - already added to plan 5
[2025-12-11T07:22:10.330Z] [Timeline] Hotspot 676 - currentSeconds: 50160, routeEndSeconds: 72000
[2025-12-11T07:22:10.352Z] [Timeline] Processing hotspot 676 for route 571
[2025-12-11T07:22:10.397Z] [Timeline] Hotspot 676 coords: lat=11.930177048465467, lon=79.8224313245787
[2025-12-11T07:22:10.498Z] [Timeline] Checking operating hours for hotspot 676: visit window 14:09:00-15:09:00 on day 6
[2025-12-11T07:22:10.525Z] [Timeline] Hotspot 676 check window: 10:00:00-17:00:00, visit: 14:09:00-15:09:00
[2025-12-11T07:22:10.548Z] [Timeline] Hotspot 676 operating hours OK - entire visit 14:09:00-15:09:00 fits in 10:00:00-17:00:00
[2025-12-11T07:22:10.563Z] [Timeline] Hotspot 676 operating hours OK
[2025-12-11T07:22:10.581Z] [Timeline] Travel type for "Pondicherry Airport|Pondicherry" -> "Pondicherry|Pondicherry Airport": 1 (1=local, 2=outstation)
[2025-12-11T07:22:10.699Z] [Timeline] Building hotspot row for hotspot_ID=676
[2025-12-11T07:22:10.745Z] [Timeline] Built hotspot row: item_type=4, hotspot_ID=676, order=6
[2025-12-11T07:22:10.782Z] [Timeline] Hotspot 277 - currentSeconds: 54540, routeEndSeconds: 72000
[2025-12-11T07:22:10.789Z] [Timeline] Processing hotspot 277 for route 571
[2025-12-11T07:22:10.842Z] [Timeline] Hotspot 277 coords: lat=11.916309213225349, lon=79.82433098120615
[2025-12-11T07:22:10.946Z] [Timeline] Checking operating hours for hotspot 277: visit window 15:13:00-18:13:00 on day 6
[2025-12-11T07:22:10.983Z] [Timeline] Hotspot 277 check window: 09:00:00-18:00:00, visit: 15:13:00-18:13:00
[2025-12-11T07:22:11.010Z] [Timeline] Hotspot 277 operating hours check FAILED - visit 15:13:00-18:13:00 doesn't fit in any window
[2025-12-11T07:22:11.029Z] [Timeline] Hotspot 277 not open during visit window 15:13:00-18:13:00 on day 6, skipping
[2025-12-11T07:22:11.056Z] [Timeline] Hotspot 679 - currentSeconds: 54540, routeEndSeconds: 72000
[2025-12-11T07:22:11.063Z] [Timeline] Processing hotspot 679 for route 571
[2025-12-11T07:22:11.096Z] [Timeline] Skipping hotspot 679 - already added to plan 5
[2025-12-11T07:22:11.106Z] [Timeline] Hotspot 669 - currentSeconds: 54540, routeEndSeconds: 72000
[2025-12-11T07:22:11.123Z] [Timeline] Processing hotspot 669 for route 571
[2025-12-11T07:22:11.160Z] [Timeline] Hotspot 669 coords: lat=11.882310987345338, lon=79.8244548517534
[2025-12-11T07:22:11.293Z] [Timeline] Checking operating hours for hotspot 669: visit window 15:21:00-16:21:00 on day 6
[2025-12-11T07:22:11.328Z] [Timeline] Hotspot 669 check window: 06:00:00-18:00:00, visit: 15:21:00-16:21:00
[2025-12-11T07:22:11.346Z] [Timeline] Hotspot 669 operating hours OK - entire visit 15:21:00-16:21:00 fits in 06:00:00-18:00:00
[2025-12-11T07:22:11.376Z] [Timeline] Hotspot 669 operating hours OK
[2025-12-11T07:22:11.380Z] [Timeline] Travel type for "Pondicherry|Pondicherry Airport" -> "Pondicherry|Pondicherry Airport": 1 (1=local, 2=outstation)
[2025-12-11T07:22:11.461Z] [Timeline] Building hotspot row for hotspot_ID=669
[2025-12-11T07:22:11.498Z] [Timeline] Built hotspot row: item_type=4, hotspot_ID=669, order=7
[2025-12-11T07:22:11.553Z] [Timeline] Route 571 - Skipping hotel rows (last route - PHP behavior)
[2025-12-11T07:22:11.597Z] [Timeline] Returning 37 hotspot rows and 0 parking rows
[2025-12-11T07:22:11.633Z] [Timeline] Hotspot rows item_types: 1, 3, 4, 5, 6, 1, 3, 4, 3, 4, 3, 4, 3, 4, 3, 4, 3, 4, 3, 4, 3, 4, 5, 6, 3, 4, 3, 4, 3, 4, 3, 4, 3, 4, 3, 4, 7
[2025-12-11T07:22:11.641Z] [Timeline] Hotspot rows hotspot_IDs: , 5, 5, 0, 0, , 4, 4, 21, 21, 19, 19, 17, 17, 24, 24, 677, 677, 678, 678, 679, 679, 0, 0, 16, 16, 18, 18, 23, 23, 20, 20, 676, 676, 669, 669, 0
[2025-12-11T07:22:11.679Z] 
=== LOG FILE SAVED TO: D:\wamp64\www\dvi_fullstack\dvi_backend\tmp\hotspot_optimization_1765437636834.log ===

