[2025-12-10T02:55:13.853Z] === HOTSPOT OPTIMIZATION LOG ===
[2025-12-10T02:55:13.862Z] Started at: 2025-12-10T02:55:13.862Z

[2025-12-10T02:55:20.740Z] [Timeline] Route 298 (Chennai International Airport → Chennai): routeStartTime=11:00:00, routeEndTime=20:00:00, direct_to_next=0
[2025-12-10T02:55:20.751Z] [Timeline] Route 298 starting coords from location_id 165946: (12.9811068, 80.159623)
[2025-12-10T02:55:20.759Z] [fetchSelectedHotspots] route 298 target="Chennai International Airport" next="Chennai" dow=2
[2025-12-10T02:55:20.844Z] [fetchSelectedHotspots] Found 583 total active hotspots
[2025-12-10T02:55:20.845Z] [fetchSelectedHotspots] direct_to_next_visiting_place=0
[2025-12-10T02:55:20.852Z] [fetchSelectedHotspots] source="Chennai International Airport", destination="Chennai"
[2025-12-10T02:55:20.855Z] [fetchSelectedHotspots] Starting coords from stored_locations: (12.9811068, 80.159623)
[2025-12-10T02:55:20.857Z] [fetchSelectedHotspots] Hotspot 4 "Kapaleeshwarar Temple" → SOURCE (matches "Chennai International Airport")
[2025-12-10T02:55:20.858Z] [fetchSelectedHotspots] Hotspot 4 "Kapaleeshwarar Temple" → DESTINATION (matches "Chennai")
[2025-12-10T02:55:20.859Z] [fetchSelectedHotspots] Hotspot 5 "Marina Beach" → SOURCE (matches "Chennai International Airport")
[2025-12-10T02:55:20.861Z] [fetchSelectedHotspots] Hotspot 5 "Marina Beach" → DESTINATION (matches "Chennai")
[2025-12-10T02:55:20.862Z] [fetchSelectedHotspots] Hotspot 6 "Fort St.George Museum" → SOURCE (matches "Chennai International Airport")
[2025-12-10T02:55:20.863Z] [fetchSelectedHotspots] Hotspot 7 "Government Museum Chennai" → SOURCE (matches "Chennai International Airport")
[2025-12-10T02:55:20.865Z] [fetchSelectedHotspots] Hotspot 8 "Santhome Cathedral Basilica" → SOURCE (matches "Chennai International Airport")
[2025-12-10T02:55:20.868Z] [fetchSelectedHotspots] Hotspot 9 "Thousand Lights Mosque" → SOURCE (matches "Chennai International Airport")
[2025-12-10T02:55:20.870Z] [fetchSelectedHotspots] Hotspot 10 "Guindy National Park" → SOURCE (matches "Chennai International Airport")
[2025-12-10T02:55:20.877Z] [fetchSelectedHotspots] Hotspot 11 "Parthasarathy Temple" → SOURCE (matches "Chennai International Airport")
[2025-12-10T02:55:20.879Z] [fetchSelectedHotspots] Hotspot 12 "Vivekanandar House" → SOURCE (matches "Chennai International Airport")
[2025-12-10T02:55:20.880Z] [fetchSelectedHotspots] Hotspot 13 "Arignar Anna Zoological Park" → SOURCE (matches "Chennai International Airport")
[2025-12-10T02:55:20.890Z] [fetchSelectedHotspots] Hotspot 290 "Vgp snow kingdom" → SOURCE (matches "Chennai International Airport")
[2025-12-10T02:55:20.891Z] [fetchSelectedHotspots] Hotspot 291 "Vgp marine kingdom" → SOURCE (matches "Chennai International Airport")
[2025-12-10T02:55:20.892Z] [fetchSelectedHotspots] Hotspot 292 "Guindy snake park" → SOURCE (matches "Chennai International Airport")
[2025-12-10T02:55:20.893Z] [fetchSelectedHotspots] Hotspot 293 "Queens land" → SOURCE (matches "Chennai International Airport")
[2025-12-10T02:55:20.894Z] [fetchSelectedHotspots] Hotspot 294 "light house marina" → SOURCE (matches "Chennai International Airport")
[2025-12-10T02:55:20.895Z] [fetchSelectedHotspots] Hotspot 296 "Anna tower park" → SOURCE (matches "Chennai International Airport")
[2025-12-10T02:55:20.896Z] [fetchSelectedHotspots] Hotspot 297 "B.M Birla planitourim." → SOURCE (matches "Chennai International Airport")
[2025-12-10T02:55:20.897Z] [fetchSelectedHotspots] Hotspot 298 "Click art museum" → SOURCE (matches "Chennai International Airport")
[2025-12-10T02:55:20.898Z] [fetchSelectedHotspots] Hotspot 299 "National art gallery" → SOURCE (matches "Chennai International Airport")
[2025-12-10T02:55:20.900Z] [fetchSelectedHotspots] Hotspot 300 "M G R  Memorial" → SOURCE (matches "Chennai International Airport")
[2025-12-10T02:55:20.901Z] [fetchSelectedHotspots] Hotspot 303 "Anna memorial." → SOURCE (matches "Chennai International Airport")
[2025-12-10T02:55:20.909Z] [fetchSelectedHotspots] Hotspot 544 "Shri Ashtalakshmi Temple" → SOURCE (matches "Chennai International Airport")
[2025-12-10T02:55:20.910Z] [fetchSelectedHotspots] Hotspot 544 "Shri Ashtalakshmi Temple" → DESTINATION (matches "Chennai")
[2025-12-10T02:55:20.914Z] [fetchSelectedHotspots] Categorized: source=22, destination=3, via=0
[2025-12-10T02:55:20.917Z] [fetchSelectedHotspots] AIRPORT ARRIVAL DETECTED: "Chennai International Airport" → "Chennai"
[2025-12-10T02:55:20.918Z] [fetchSelectedHotspots] direct_to_next_visiting_place=0 + AIRPORT ARRIVAL: Processing DESTINATION → VIA
[2025-12-10T02:55:20.920Z] [fetchSelectedHotspots] Matched 3 hotspots after PHP ordering
[2025-12-10T02:55:20.923Z] [fetchSelectedHotspots] First 5 hotspots (sorted): ID=5 "Marina Beach" priority=2 distance=22.47km, ID=4 "Kapaleeshwarar Temple" priority=1 distance=19.94km, ID=544 "Shri Ashtalakshmi Temple" priority=0 distance=18.11km
[2025-12-10T02:55:20.925Z] [fetchSelectedHotspots] Matched 3 hotspots for route 298
[2025-12-10T02:55:20.926Z] [Timeline] Route 298: Selected 3 hotspots
[2025-12-10T02:55:20.927Z] [Timeline] Route 298 - currentTime: 11:00:00, routeEndTime: 20:00:00, routeEndSeconds: 72000
[2025-12-10T02:55:20.928Z] [Timeline] Hotspot 5 - currentSeconds: 39600, routeEndSeconds: 72000
[2025-12-10T02:55:20.929Z] [Timeline] Processing hotspot 5 for route 298
[2025-12-10T02:55:20.931Z] [Timeline] Hotspot 5 coords: lat=13.051080243192029, lon=80.27775926313883
[2025-12-10T02:55:33.743Z] [calculateTravelTimeWithCoords] distance=22.46719727986943km, travelTime=01:30:00, bufferTime=01:00:00
[2025-12-10T02:55:33.744Z] [calculateTravelTimeWithCoords] totalSeconds=9000, result=02:30:00
[2025-12-10T02:55:33.745Z] [Timeline] Checking operating hours for hotspot 5: visit window 13:30:00-20:00:00 on day 2
[2025-12-10T02:55:33.749Z] [Timeline] Hotspot 5 operating hours OK
[2025-12-10T02:55:33.750Z] [Timeline] Travel type for "Chennai International Airport" -> "Chennai International Airport|Chennai Domestic Airport|Chennai Central|Chennai|Chennai Egmore Station|Chennai Koyembedu|ECR Beach, Chennai, Tamil Nadu": 1 (1=local, 2=outstation)
[2025-12-10T02:55:43.504Z] [Timeline] Building hotspot row for hotspot_ID=5
[2025-12-10T02:55:43.508Z] [Timeline] Built hotspot row: item_type=4, hotspot_ID=5, order=2
[2025-12-10T02:55:43.511Z] [Timeline] Hotspot 4 - currentSeconds: 55800, routeEndSeconds: 72000
[2025-12-10T02:55:43.512Z] [Timeline] Processing hotspot 4 for route 298
[2025-12-10T02:55:43.515Z] [Timeline] Hotspot 4 coords: lat=13.033798514213936, lon=80.26977915213011
[2025-12-10T02:55:53.902Z] [calculateTravelTimeWithCoords] distance=3.1606920731405888km, travelTime=00:13:00, bufferTime=01:00:00
[2025-12-10T02:55:53.903Z] [calculateTravelTimeWithCoords] totalSeconds=4380, result=01:13:00
[2025-12-10T02:55:53.904Z] [Timeline] Checking operating hours for hotspot 4: visit window 16:43:00-23:13:00 on day 2
