[2025-12-11T04:37:24.756Z] === HOTSPOT OPTIMIZATION LOG ===
[2025-12-11T04:37:24.774Z] Started at: 2025-12-11T04:37:24.774Z

[2025-12-11T04:37:34.368Z] [Timeline] Route 491 (Chennai International Airport → Chennai): routeStartTime=11:00:00, routeEndTime=20:00:00, direct_to_next=0
[2025-12-11T04:37:34.482Z] [Timeline] Route 491 starting coords from location_id 165946: (12.9811068, 80.159623)
[2025-12-11T04:37:34.536Z] [Timeline] Route 491 - Added refreshment break: 11:00:00 - 12:00:00
[2025-12-11T04:37:34.589Z] [fetchSelectedHotspots] route 491 target="Chennai International Airport" next="Chennai" dow=4
[2025-12-11T04:37:34.755Z] [fetchSelectedHotspots] Found 583 total active hotspots
[2025-12-11T04:37:34.767Z] [fetchSelectedHotspots] direct_to_next_visiting_place=0
[2025-12-11T04:37:34.769Z] [fetchSelectedHotspots] source="Chennai International Airport", destination="Chennai"
[2025-12-11T04:37:34.807Z] [fetchSelectedHotspots] Starting coords from stored_locations: (12.9811068, 80.159623)
[2025-12-11T04:37:34.818Z] [fetchSelectedHotspots] Hotspot 4 "Kapaleeshwarar Temple" → SOURCE (matches "Chennai International Airport")
[2025-12-11T04:37:34.819Z] [fetchSelectedHotspots] Hotspot 4 "Kapaleeshwarar Temple" → DESTINATION (matches "Chennai")
[2025-12-11T04:37:34.838Z] [fetchSelectedHotspots] Hotspot 5 "Marina Beach" → SOURCE (matches "Chennai International Airport")
[2025-12-11T04:37:34.839Z] [fetchSelectedHotspots] Hotspot 5 "Marina Beach" → DESTINATION (matches "Chennai")
[2025-12-11T04:37:34.850Z] [fetchSelectedHotspots] Hotspot 6 "Fort St.George Museum" → SOURCE (matches "Chennai International Airport")
[2025-12-11T04:37:34.865Z] [fetchSelectedHotspots] Hotspot 7 "Government Museum Chennai" → SOURCE (matches "Chennai International Airport")
[2025-12-11T04:37:34.867Z] [fetchSelectedHotspots] Hotspot 8 "Santhome Cathedral Basilica" → SOURCE (matches "Chennai International Airport")
[2025-12-11T04:37:34.885Z] [fetchSelectedHotspots] Hotspot 9 "Thousand Lights Mosque" → SOURCE (matches "Chennai International Airport")
[2025-12-11T04:37:34.887Z] [fetchSelectedHotspots] Hotspot 10 "Guindy National Park" → SOURCE (matches "Chennai International Airport")
[2025-12-11T04:37:34.899Z] [fetchSelectedHotspots] Hotspot 11 "Parthasarathy Temple" → SOURCE (matches "Chennai International Airport")
[2025-12-11T04:37:34.900Z] [fetchSelectedHotspots] Hotspot 12 "Vivekanandar House" → SOURCE (matches "Chennai International Airport")
[2025-12-11T04:37:34.912Z] [fetchSelectedHotspots] Hotspot 13 "Arignar Anna Zoological Park" → SOURCE (matches "Chennai International Airport")
[2025-12-11T04:37:34.922Z] [fetchSelectedHotspots] Hotspot 290 "Vgp snow kingdom" → SOURCE (matches "Chennai International Airport")
[2025-12-11T04:37:34.938Z] [fetchSelectedHotspots] Hotspot 291 "Vgp marine kingdom" → SOURCE (matches "Chennai International Airport")
[2025-12-11T04:37:34.940Z] [fetchSelectedHotspots] Hotspot 292 "Guindy snake park" → SOURCE (matches "Chennai International Airport")
[2025-12-11T04:37:34.954Z] [fetchSelectedHotspots] Hotspot 293 "Queens land" → SOURCE (matches "Chennai International Airport")
[2025-12-11T04:37:34.978Z] [fetchSelectedHotspots] Hotspot 294 "light house marina" → SOURCE (matches "Chennai International Airport")
[2025-12-11T04:37:34.984Z] [fetchSelectedHotspots] Hotspot 296 "Anna tower park" → SOURCE (matches "Chennai International Airport")
[2025-12-11T04:37:35.007Z] [fetchSelectedHotspots] Hotspot 297 "B.M Birla planitourim." → SOURCE (matches "Chennai International Airport")
[2025-12-11T04:37:35.023Z] [fetchSelectedHotspots] Hotspot 298 "Click art museum" → SOURCE (matches "Chennai International Airport")
[2025-12-11T04:37:35.034Z] [fetchSelectedHotspots] Hotspot 299 "National art gallery" → SOURCE (matches "Chennai International Airport")
[2025-12-11T04:37:35.060Z] [fetchSelectedHotspots] Hotspot 300 "M G R  Memorial" → SOURCE (matches "Chennai International Airport")
[2025-12-11T04:37:35.065Z] [fetchSelectedHotspots] Hotspot 303 "Anna memorial." → SOURCE (matches "Chennai International Airport")
[2025-12-11T04:37:35.105Z] [fetchSelectedHotspots] Hotspot 544 "Shri Ashtalakshmi Temple" → SOURCE (matches "Chennai International Airport")
[2025-12-11T04:37:35.136Z] [fetchSelectedHotspots] Hotspot 544 "Shri Ashtalakshmi Temple" → DESTINATION (matches "Chennai")
[2025-12-11T04:37:35.147Z] [fetchSelectedHotspots] Filtered 14 priority-0 SOURCE hotspots (22 → 8)
[2025-12-11T04:37:35.172Z] [fetchSelectedHotspots] Categorized: source=8, destination=3, via=0
[2025-12-11T04:37:35.177Z] [fetchSelectedHotspots] AIRPORT ARRIVAL DETECTED: "Chennai International Airport" → "Chennai"
[2025-12-11T04:37:35.200Z] [fetchSelectedHotspots] direct_to_next_visiting_place=0 + AIRPORT ARRIVAL: Processing DESTINATION → VIA
[2025-12-11T04:37:35.214Z] [fetchSelectedHotspots] Matched 3 hotspots after PHP ordering
[2025-12-11T04:37:35.232Z] [fetchSelectedHotspots] First 5 hotspots (sorted): ID=4 "Kapaleeshwarar Temple" priority=1 distance=19.94km, ID=5 "Marina Beach" priority=2 distance=22.47km, ID=544 "Shri Ashtalakshmi Temple" priority=0 distance=18.11km
[2025-12-11T04:37:35.252Z] [fetchSelectedHotspots] Matched 3 hotspots for route 491
[2025-12-11T04:37:35.263Z] [Timeline] Route 491: Selected 3 hotspots
[2025-12-11T04:37:35.265Z] [Timeline] Route 491 - currentTime: 12:00:00, routeEndTime: 20:00:00, routeEndSeconds: 72000
[2025-12-11T04:37:35.289Z] [Timeline] Hotspot 4 - currentSeconds: 43200, routeEndSeconds: 72000
[2025-12-11T04:37:35.314Z] [Timeline] Processing hotspot 4 for route 491
[2025-12-11T04:37:35.330Z] [Timeline] Hotspot 4 coords: lat=13.033798514213936, lon=80.26977915213011
[2025-12-11T04:37:35.489Z] [Timeline] Checking operating hours for hotspot 4: visit window 12:30:00-13:30:00 on day 4
[2025-12-11T04:37:35.522Z] [Timeline] Hotspot 4 check window: 05:30:00-12:00:00, visit: 12:30:00-13:30:00
[2025-12-11T04:37:35.557Z] [Timeline] Hotspot 4 check window: 16:00:00-20:00:00, visit: 12:30:00-13:30:00
[2025-12-11T04:37:35.566Z] [Timeline] Hotspot 4 operating hours check FAILED - visit 12:30:00-13:30:00 doesn't fit in any window
[2025-12-11T04:37:35.590Z] [Timeline] Hotspot 4 not open during visit window 12:30:00-13:30:00 on day 4, skipping
[2025-12-11T04:37:35.601Z] [Timeline] Hotspot 5 - currentSeconds: 43200, routeEndSeconds: 72000
[2025-12-11T04:37:35.622Z] [Timeline] Processing hotspot 5 for route 491
[2025-12-11T04:37:35.648Z] [Timeline] Hotspot 5 coords: lat=13.051080243192029, lon=80.27775926313883
[2025-12-11T04:37:35.747Z] [Timeline] Checking operating hours for hotspot 5: visit window 12:34:00-13:34:00 on day 4
[2025-12-11T04:37:35.782Z] [Timeline] Hotspot 5 operating hours OK
[2025-12-11T04:37:35.812Z] [Timeline] Travel type for "Chennai International Airport" -> "Chennai International Airport|Chennai Domestic Airport|Chennai Central|Chennai|Chennai Egmore Station|Chennai Koyembedu|ECR Beach, Chennai, Tamil Nadu": 1 (1=local, 2=outstation)
[2025-12-11T04:37:35.879Z] [Timeline] Building hotspot row for hotspot_ID=5
[2025-12-11T04:37:35.898Z] [Timeline] Built hotspot row: item_type=4, hotspot_ID=5, order=2
[2025-12-11T04:37:35.968Z] [Timeline] Hotspot 544 - currentSeconds: 48840, routeEndSeconds: 72000
[2025-12-11T04:37:35.999Z] [Timeline] Processing hotspot 544 for route 491
[2025-12-11T04:37:36.032Z] [Timeline] Hotspot 544 coords: lat=12.993461140291483, lon=80.27030436931474
[2025-12-11T04:37:36.098Z] [Timeline] Checking operating hours for hotspot 544: visit window 13:49:00-19:49:00 on day 4
[2025-12-11T04:37:36.123Z] [Timeline] Hotspot 544 check window: 06:00:00-12:00:00, visit: 13:49:00-19:49:00
[2025-12-11T04:37:36.130Z] [Timeline] Hotspot 544 check window: 16:00:00-20:00:00, visit: 13:49:00-19:49:00
[2025-12-11T04:37:36.162Z] [Timeline] Hotspot 544 operating hours check FAILED - visit 13:49:00-19:49:00 doesn't fit in any window
[2025-12-11T04:37:36.168Z] [Timeline] Hotspot 544 not open during visit window 13:49:00-19:49:00 on day 4, skipping
[2025-12-11T04:37:36.244Z] [Timeline] Route 492 (Chennai → Pondicherry): routeStartTime=08:00:00, routeEndTime=20:00:00, direct_to_next=0
[2025-12-11T04:37:36.274Z] [Timeline] Route 492 starting coords from location_id 762: (13.0843007, 80.2704622)
[2025-12-11T04:37:36.301Z] [Timeline] Route 492 - Added refreshment break: 08:00:00 - 09:00:00
[2025-12-11T04:37:36.327Z] [fetchSelectedHotspots] route 492 target="Chennai" next="Pondicherry" dow=5
[2025-12-11T04:37:36.469Z] [fetchSelectedHotspots] Found 583 total active hotspots
[2025-12-11T04:37:36.485Z] [fetchSelectedHotspots] direct_to_next_visiting_place=0
[2025-12-11T04:37:36.499Z] [fetchSelectedHotspots] source="Chennai", destination="Pondicherry"
[2025-12-11T04:37:36.533Z] [fetchSelectedHotspots] Starting coords from stored_locations: (12.9811068, 80.159623)
[2025-12-11T04:37:36.565Z] [fetchSelectedHotspots] Hotspot 4 "Kapaleeshwarar Temple" → SOURCE (matches "Chennai")
[2025-12-11T04:37:36.570Z] [fetchSelectedHotspots] Hotspot 5 "Marina Beach" → SOURCE (matches "Chennai")
[2025-12-11T04:37:36.602Z] [fetchSelectedHotspots] Hotspot 17 "Sri Aurobindo Ashram" → DESTINATION (matches "Pondicherry")
[2025-12-11T04:37:36.616Z] [fetchSelectedHotspots] Hotspot 18 "Auroville" → DESTINATION (matches "Pondicherry")
[2025-12-11T04:37:36.639Z] [fetchSelectedHotspots] Hotspot 19 "Promenade Beach" → DESTINATION (matches "Pondicherry")
[2025-12-11T04:37:36.649Z] [fetchSelectedHotspots] Hotspot 20 "Chunnambar Boathouse" → DESTINATION (matches "Pondicherry")
[2025-12-11T04:37:36.669Z] [fetchSelectedHotspots] Hotspot 21 "The Basilica of the Sacred Heart of Jesus" → DESTINATION (matches "Pondicherry")
[2025-12-11T04:37:36.690Z] [fetchSelectedHotspots] Hotspot 24 "The Pondicherry Museum" → DESTINATION (matches "Pondicherry")
[2025-12-11T04:37:36.704Z] [fetchSelectedHotspots] Hotspot 25 "Manakula Vinayagar Temple" → DESTINATION (matches "Pondicherry")
[2025-12-11T04:37:36.741Z] [fetchSelectedHotspots] Hotspot 277 "Pondicherry Backwater" → DESTINATION (matches "Pondicherry")
[2025-12-11T04:37:36.778Z] [fetchSelectedHotspots] Hotspot 544 "Shri Ashtalakshmi Temple" → SOURCE (matches "Chennai")
[2025-12-11T04:37:36.804Z] [fetchSelectedHotspots] Hotspot 669 "Eden Beach - Blue flag Beach" → DESTINATION (matches "Pondicherry")
[2025-12-11T04:37:36.819Z] [fetchSelectedHotspots] Hotspot 676 "Botanical Garden" → DESTINATION (matches "Pondicherry")
[2025-12-11T04:37:36.824Z] [fetchSelectedHotspots] Hotspot 677 "Bharathi Park &amp; Aayi Mandapam" → DESTINATION (matches "Pondicherry")
[2025-12-11T04:37:36.863Z] [fetchSelectedHotspots] Hotspot 678 "French Colony" → DESTINATION (matches "Pondicherry")
[2025-12-11T04:37:36.888Z] [fetchSelectedHotspots] Hotspot 679 "Pondi Marina Beach" → DESTINATION (matches "Pondicherry")
[2025-12-11T04:37:36.898Z] [fetchSelectedHotspots] Filtered 1 priority-0 SOURCE hotspots (3 → 2)
[2025-12-11T04:37:36.913Z] [fetchSelectedHotspots] Categorized: source=2, destination=13, via=0
[2025-12-11T04:37:36.929Z] [fetchSelectedHotspots] direct_to_next_visiting_place=0: Processing SOURCE → DESTINATION → VIA
[2025-12-11T04:37:36.950Z] [fetchSelectedHotspots] Matched 15 hotspots after PHP ordering
[2025-12-11T04:37:36.967Z] [fetchSelectedHotspots] First 5 hotspots (sorted): ID=4 "Kapaleeshwarar Temple" priority=1 distance=19.94km, ID=5 "Marina Beach" priority=2 distance=22.47km, ID=18 "Auroville" priority=1 distance=171.53km, ID=25 "Manakula Vinayagar Temple" priority=2 distance=182.13km, ID=21 "The Basilica of the Sacred Heart of Jesus" priority=4 distance=184.07km
[2025-12-11T04:37:37.003Z] [fetchSelectedHotspots] Matched 15 hotspots for route 492
[2025-12-11T04:37:37.012Z] [Timeline] Route 492: Selected 15 hotspots
[2025-12-11T04:37:37.044Z] [Timeline] Route 492 - currentTime: 09:00:00, routeEndTime: 20:00:00, routeEndSeconds: 72000
[2025-12-11T04:37:37.065Z] [Timeline] Hotspot 4 - currentSeconds: 32400, routeEndSeconds: 72000
[2025-12-11T04:37:37.081Z] [Timeline] Processing hotspot 4 for route 492
[2025-12-11T04:37:37.111Z] [Timeline] Hotspot 4 coords: lat=13.033798514213936, lon=80.26977915213011
[2025-12-11T04:37:37.200Z] [Timeline] Checking operating hours for hotspot 4: visit window 09:13:00-10:13:00 on day 5
[2025-12-11T04:37:37.219Z] [Timeline] Hotspot 4 check window: 05:30:00-12:00:00, visit: 09:13:00-10:13:00
[2025-12-11T04:37:37.240Z] [Timeline] Hotspot 4 operating hours OK - entire visit 09:13:00-10:13:00 fits in 05:30:00-12:00:00
[2025-12-11T04:37:37.255Z] [Timeline] Hotspot 4 operating hours OK
[2025-12-11T04:37:37.274Z] [Timeline] Travel type for "Chennai" -> "Chennai International Airport|Chennai Domestic Airport|Chennai Central|Chennai|Chennai Egmore Station|Chennai Koyembedu|ECR Beach, Chennai, Tamil Nadu": 1 (1=local, 2=outstation)
[2025-12-11T04:37:37.347Z] [Timeline] Building hotspot row for hotspot_ID=4
[2025-12-11T04:37:37.385Z] [Timeline] Built hotspot row: item_type=4, hotspot_ID=4, order=2
[2025-12-11T04:37:37.470Z] [Timeline] Hotspot 5 - currentSeconds: 36780, routeEndSeconds: 72000
[2025-12-11T04:37:37.474Z] [Timeline] Processing hotspot 5 for route 492
[2025-12-11T04:37:37.499Z] [Timeline] Skipping hotspot 5 - already added to plan 5
[2025-12-11T04:37:37.514Z] [Timeline] Hotspot 18 - currentSeconds: 36780, routeEndSeconds: 72000
[2025-12-11T04:37:37.550Z] [Timeline] Processing hotspot 18 for route 492
[2025-12-11T04:37:37.588Z] [Timeline] Hotspot 18 coords: lat=12.008342334177776, lon=79.81781931258232
[2025-12-11T04:37:37.650Z] [Timeline] Checking operating hours for hotspot 18: visit window 13:19:00-15:19:00 on day 5
[2025-12-11T04:37:37.683Z] [Timeline] Hotspot 18 check window: 09:00:00-13:00:00, visit: 13:19:00-15:19:00
[2025-12-11T04:37:37.694Z] [Timeline] Hotspot 18 check window: 13:30:00-17:00:00, visit: 13:19:00-15:19:00
[2025-12-11T04:37:37.716Z] [Timeline] Hotspot 18 operating hours check FAILED - visit 13:19:00-15:19:00 doesn't fit in any window
[2025-12-11T04:37:37.729Z] [Timeline] Hotspot 18 not open during visit window 13:19:00-15:19:00 on day 5, skipping
[2025-12-11T04:37:37.753Z] [Timeline] Hotspot 25 - currentSeconds: 36780, routeEndSeconds: 72000
[2025-12-11T04:37:37.761Z] [Timeline] Processing hotspot 25 for route 492
[2025-12-11T04:37:37.788Z] [Timeline] Hotspot 25 coords: lat=11.936184966220257, lon=79.83484226674099
[2025-12-11T04:37:37.879Z] [Timeline] Checking operating hours for hotspot 25: visit window 13:29:00-13:59:00 on day 5
[2025-12-11T04:37:37.912Z] [Timeline] Hotspot 25 check window: 17:45:00-12:30:00, visit: 13:29:00-13:59:00
[2025-12-11T04:37:37.916Z] [Timeline] Hotspot 25 check window: 16:00:00-20:00:00, visit: 13:29:00-13:59:00
[2025-12-11T04:37:37.939Z] [Timeline] Hotspot 25 operating hours check FAILED - visit 13:29:00-13:59:00 doesn't fit in any window
[2025-12-11T04:37:37.946Z] [Timeline] Hotspot 25 not open during visit window 13:29:00-13:59:00 on day 5, skipping
[2025-12-11T04:37:37.981Z] [Timeline] Hotspot 21 - currentSeconds: 36780, routeEndSeconds: 72000
[2025-12-11T04:37:38.011Z] [Timeline] Processing hotspot 21 for route 492
[2025-12-11T04:37:38.025Z] [Timeline] Hotspot 21 coords: lat=11.926178758041798, lon=79.82779781515121
[2025-12-11T04:37:38.102Z] [Timeline] Checking operating hours for hotspot 21: visit window 13:31:00-14:01:00 on day 5
[2025-12-11T04:37:38.131Z] [Timeline] Hotspot 21 check window: 06:00:00-19:00:00, visit: 13:31:00-14:01:00
[2025-12-11T04:37:38.140Z] [Timeline] Hotspot 21 operating hours OK - entire visit 13:31:00-14:01:00 fits in 06:00:00-19:00:00
[2025-12-11T04:37:38.161Z] [Timeline] Hotspot 21 operating hours OK
[2025-12-11T04:37:38.179Z] [Timeline] Travel type for "Chennai International Airport|Chennai Domestic Airport|Chennai Central|Chennai|Chennai Egmore Station|Chennai Koyembedu|ECR Beach, Chennai, Tamil Nadu" -> "Pondicherry Airport|Pondicherry": 2 (1=local, 2=outstation)
[2025-12-11T04:37:38.240Z] [Timeline] Building hotspot row for hotspot_ID=21
[2025-12-11T04:37:38.266Z] [Timeline] Built hotspot row: item_type=4, hotspot_ID=21, order=3
[2025-12-11T04:37:38.310Z] [Timeline] Hotspot 19 - currentSeconds: 50460, routeEndSeconds: 72000
[2025-12-11T04:37:38.333Z] [Timeline] Processing hotspot 19 for route 492
[2025-12-11T04:37:38.347Z] [Timeline] Hotspot 19 coords: lat=11.931203427435934, lon=79.83580349426904
[2025-12-11T04:37:38.452Z] [Timeline] Checking operating hours for hotspot 19: visit window 14:03:00-15:03:00 on day 5
[2025-12-11T04:37:38.494Z] [Timeline] Hotspot 19 check window: 06:00:00-20:00:00, visit: 14:03:00-15:03:00
[2025-12-11T04:37:38.529Z] [Timeline] Hotspot 19 operating hours OK - entire visit 14:03:00-15:03:00 fits in 06:00:00-20:00:00
[2025-12-11T04:37:38.567Z] [Timeline] Hotspot 19 operating hours OK
[2025-12-11T04:37:38.572Z] [Timeline] Travel type for "Pondicherry Airport|Pondicherry" -> "Pondicherry Airport|Pondicherry": 1 (1=local, 2=outstation)
[2025-12-11T04:37:38.662Z] [Timeline] Building hotspot row for hotspot_ID=19
[2025-12-11T04:37:38.694Z] [Timeline] Built hotspot row: item_type=4, hotspot_ID=19, order=4
[2025-12-11T04:37:38.724Z] [Timeline] Hotspot 20 - currentSeconds: 54180, routeEndSeconds: 72000
[2025-12-11T04:37:38.733Z] [Timeline] Processing hotspot 20 for route 492
[2025-12-11T04:37:38.760Z] [Timeline] Hotspot 20 coords: lat=11.883875481616602, lon=79.80141705562612
[2025-12-11T04:37:38.817Z] [Timeline] Checking operating hours for hotspot 20: visit window 15:18:00-16:18:00 on day 5
[2025-12-11T04:37:38.841Z] [Timeline] Hotspot 20 check window: 09:30:00-16:00:00, visit: 15:18:00-16:18:00
[2025-12-11T04:37:38.847Z] [Timeline] Hotspot 20 operating hours check FAILED - visit 15:18:00-16:18:00 doesn't fit in any window
[2025-12-11T04:37:38.863Z] [Timeline] Hotspot 20 not open during visit window 15:18:00-16:18:00 on day 5, skipping
[2025-12-11T04:37:38.879Z] [Timeline] Hotspot 17 - currentSeconds: 54180, routeEndSeconds: 72000
[2025-12-11T04:37:38.894Z] [Timeline] Processing hotspot 17 for route 492
[2025-12-11T04:37:38.910Z] [Timeline] Hotspot 17 coords: lat=11.936929030828965, lon=79.83477998559515
[2025-12-11T04:37:38.979Z] [Timeline] Checking operating hours for hotspot 17: visit window 15:04:00-16:04:00 on day 5
[2025-12-11T04:37:38.989Z] [Timeline] Hotspot 17 check window: 10:30:00-19:00:00, visit: 15:04:00-16:04:00
[2025-12-11T04:37:39.020Z] [Timeline] Hotspot 17 operating hours OK - entire visit 15:04:00-16:04:00 fits in 10:30:00-19:00:00
[2025-12-11T04:37:39.053Z] [Timeline] Hotspot 17 operating hours OK
[2025-12-11T04:37:39.067Z] [Timeline] Travel type for "Pondicherry Airport|Pondicherry" -> "Pondicherry Airport|Pondicherry": 1 (1=local, 2=outstation)
[2025-12-11T04:37:39.132Z] [Timeline] Building hotspot row for hotspot_ID=17
[2025-12-11T04:37:39.144Z] [Timeline] Built hotspot row: item_type=4, hotspot_ID=17, order=5
[2025-12-11T04:37:39.171Z] [Timeline] Hotspot 24 - currentSeconds: 57840, routeEndSeconds: 72000
[2025-12-11T04:37:39.196Z] [Timeline] Processing hotspot 24 for route 492
[2025-12-11T04:37:39.214Z] [Timeline] Hotspot 24 coords: lat=11.934656339062595, lon=79.83484999477534
[2025-12-11T04:37:39.303Z] [Timeline] Checking operating hours for hotspot 24: visit window 16:05:00-16:35:00 on day 5
[2025-12-11T04:37:39.319Z] [Timeline] Hotspot 24 check window: 09:00:00-18:00:00, visit: 16:05:00-16:35:00
[2025-12-11T04:37:39.333Z] [Timeline] Hotspot 24 operating hours OK - entire visit 16:05:00-16:35:00 fits in 09:00:00-18:00:00
[2025-12-11T04:37:39.338Z] [Timeline] Hotspot 24 operating hours OK
[2025-12-11T04:37:39.365Z] [Timeline] Travel type for "Pondicherry Airport|Pondicherry" -> "Pondicherry Airport|Pondicherry": 1 (1=local, 2=outstation)
[2025-12-11T04:37:39.465Z] [Timeline] Building hotspot row for hotspot_ID=24
[2025-12-11T04:37:39.480Z] [Timeline] Built hotspot row: item_type=4, hotspot_ID=24, order=6
[2025-12-11T04:37:39.518Z] [Timeline] Hotspot 677 - currentSeconds: 59700, routeEndSeconds: 72000
[2025-12-11T04:37:39.532Z] [Timeline] Processing hotspot 677 for route 492
[2025-12-11T04:37:39.569Z] [Timeline] Hotspot 677 coords: lat=11.933029585291068, lon=79.83418306595088
[2025-12-11T04:37:39.616Z] [Timeline] Checking operating hours for hotspot 677: visit window 16:35:00-17:20:00 on day 5
[2025-12-11T04:37:39.647Z] [Timeline] Hotspot 677 check window: 06:00:00-19:00:00, visit: 16:35:00-17:20:00
[2025-12-11T04:37:39.673Z] [Timeline] Hotspot 677 operating hours OK - entire visit 16:35:00-17:20:00 fits in 06:00:00-19:00:00
[2025-12-11T04:37:39.683Z] [Timeline] Hotspot 677 operating hours OK
[2025-12-11T04:37:39.707Z] [Timeline] Travel type for "Pondicherry Airport|Pondicherry" -> "Pondicherry|Pondicherry Airport": 1 (1=local, 2=outstation)
[2025-12-11T04:37:39.760Z] [Timeline] Building hotspot row for hotspot_ID=677
[2025-12-11T04:37:39.783Z] [Timeline] Built hotspot row: item_type=4, hotspot_ID=677, order=7
[2025-12-11T04:37:39.821Z] [Timeline] Hotspot 678 - currentSeconds: 62400, routeEndSeconds: 72000
[2025-12-11T04:37:39.849Z] [Timeline] Processing hotspot 678 for route 492
[2025-12-11T04:37:39.872Z] [Timeline] Hotspot 678 coords: lat=11.928492248303817, lon=79.83303242117643
[2025-12-11T04:37:39.943Z] [Timeline] Checking operating hours for hotspot 678: visit window 17:21:00-18:21:00 on day 5
[2025-12-11T04:37:39.954Z] [Timeline] Hotspot 678 operating hours OK
[2025-12-11T04:37:39.982Z] [Timeline] Travel type for "Pondicherry|Pondicherry Airport" -> "Pondicherry|Pondicherry Airport": 1 (1=local, 2=outstation)
[2025-12-11T04:37:40.529Z] [Timeline] Building hotspot row for hotspot_ID=678
[2025-12-11T04:37:40.563Z] [Timeline] Built hotspot row: item_type=4, hotspot_ID=678, order=8
[2025-12-11T04:37:40.601Z] [Timeline] Hotspot 676 - currentSeconds: 66060, routeEndSeconds: 72000
[2025-12-11T04:37:40.631Z] [Timeline] Processing hotspot 676 for route 492
[2025-12-11T04:37:40.661Z] [Timeline] Hotspot 676 coords: lat=11.930177048465467, lon=79.8224313245787
[2025-12-11T04:37:40.737Z] [Timeline] Checking operating hours for hotspot 676: visit window 18:24:00-19:24:00 on day 5
[2025-12-11T04:37:40.754Z] [Timeline] Hotspot 676 check window: 10:00:00-17:00:00, visit: 18:24:00-19:24:00
[2025-12-11T04:37:40.766Z] [Timeline] Hotspot 676 operating hours check FAILED - visit 18:24:00-19:24:00 doesn't fit in any window
[2025-12-11T04:37:40.784Z] [Timeline] Hotspot 676 not open during visit window 18:24:00-19:24:00 on day 5, skipping
[2025-12-11T04:37:40.794Z] [Timeline] Hotspot 277 - currentSeconds: 66060, routeEndSeconds: 72000
[2025-12-11T04:37:40.815Z] [Timeline] Processing hotspot 277 for route 492
[2025-12-11T04:37:40.848Z] [Timeline] Hotspot 277 coords: lat=11.916309213225349, lon=79.82433098120615
[2025-12-11T04:37:40.897Z] [Timeline] Checking operating hours for hotspot 277: visit window 18:25:00-21:25:00 on day 5
[2025-12-11T04:37:40.929Z] [Timeline] Hotspot 277 check window: 09:00:00-18:00:00, visit: 18:25:00-21:25:00
[2025-12-11T04:37:40.934Z] [Timeline] Hotspot 277 operating hours check FAILED - visit 18:25:00-21:25:00 doesn't fit in any window
[2025-12-11T04:37:40.976Z] [Timeline] Hotspot 277 not open during visit window 18:25:00-21:25:00 on day 5, skipping
[2025-12-11T04:37:41.010Z] [Timeline] Hotspot 679 - currentSeconds: 66060, routeEndSeconds: 72000
[2025-12-11T04:37:41.043Z] [Timeline] Processing hotspot 679 for route 492
[2025-12-11T04:37:41.062Z] [Timeline] Hotspot 679 coords: lat=11.913052113056816, lon=79.82932149874199
[2025-12-11T04:37:41.136Z] [Timeline] Checking operating hours for hotspot 679: visit window 18:25:00-18:55:00 on day 5
[2025-12-11T04:37:41.172Z] [Timeline] Hotspot 679 operating hours OK
[2025-12-11T04:37:41.193Z] [Timeline] Travel type for "Pondicherry|Pondicherry Airport" -> "Pondicherry|Pondicherry Airport": 1 (1=local, 2=outstation)
[2025-12-11T04:37:41.267Z] [Timeline] Building hotspot row for hotspot_ID=679
[2025-12-11T04:37:41.301Z] [Timeline] Built hotspot row: item_type=4, hotspot_ID=679, order=9
[2025-12-11T04:37:41.354Z] [Timeline] Hotspot 669 - currentSeconds: 68100, routeEndSeconds: 72000
[2025-12-11T04:37:41.386Z] [Timeline] Processing hotspot 669 for route 492
[2025-12-11T04:37:41.454Z] [Timeline] Hotspot 669 coords: lat=11.882310987345338, lon=79.8244548517534
[2025-12-11T04:37:41.518Z] [Timeline] Checking operating hours for hotspot 669: visit window 19:03:00-20:03:00 on day 5
[2025-12-11T04:37:41.554Z] [Timeline] Hotspot 669 check window: 06:00:00-18:00:00, visit: 19:03:00-20:03:00
[2025-12-11T04:37:41.561Z] [Timeline] Hotspot 669 operating hours check FAILED - visit 19:03:00-20:03:00 doesn't fit in any window
[2025-12-11T04:37:41.587Z] [Timeline] Hotspot 669 not open during visit window 19:03:00-20:03:00 on day 5, skipping
[2025-12-11T04:37:41.634Z] [Timeline] Route 493 (Pondicherry → Pondicherry Airport): routeStartTime=08:00:00, routeEndTime=20:00:00, direct_to_next=0
[2025-12-11T04:37:41.645Z] [Timeline] Route 493 starting coords from location_id 5922: (11.9415915, 79.8083133)
[2025-12-11T04:37:41.680Z] [Timeline] Route 493 - Added refreshment break: 08:00:00 - 09:00:00
[2025-12-11T04:37:41.713Z] [fetchSelectedHotspots] route 493 target="Pondicherry" next="Pondicherry Airport" dow=6
[2025-12-11T04:37:41.863Z] [fetchSelectedHotspots] Found 583 total active hotspots
[2025-12-11T04:37:41.867Z] [fetchSelectedHotspots] direct_to_next_visiting_place=0
[2025-12-11T04:37:41.896Z] [fetchSelectedHotspots] source="Pondicherry", destination="Pondicherry Airport"
[2025-12-11T04:37:41.931Z] [fetchSelectedHotspots] Starting coords from stored_locations: (13.0827989, 80.2754246)
[2025-12-11T04:37:41.934Z] [fetchSelectedHotspots] Hotspot 16 "Paradise Beach" → DESTINATION (matches "Pondicherry Airport")
[2025-12-11T04:37:41.946Z] [fetchSelectedHotspots] Hotspot 17 "Sri Aurobindo Ashram" → SOURCE (matches "Pondicherry")
[2025-12-11T04:37:41.968Z] [fetchSelectedHotspots] Hotspot 17 "Sri Aurobindo Ashram" → DESTINATION (matches "Pondicherry Airport")
[2025-12-11T04:37:42.062Z] [fetchSelectedHotspots] Hotspot 18 "Auroville" → SOURCE (matches "Pondicherry")
[2025-12-11T04:37:42.096Z] [fetchSelectedHotspots] Hotspot 18 "Auroville" → DESTINATION (matches "Pondicherry Airport")
[2025-12-11T04:37:42.122Z] [fetchSelectedHotspots] Hotspot 19 "Promenade Beach" → SOURCE (matches "Pondicherry")
[2025-12-11T04:37:42.152Z] [fetchSelectedHotspots] Hotspot 19 "Promenade Beach" → DESTINATION (matches "Pondicherry Airport")
[2025-12-11T04:37:42.165Z] [fetchSelectedHotspots] Hotspot 20 "Chunnambar Boathouse" → SOURCE (matches "Pondicherry")
[2025-12-11T04:37:42.188Z] [fetchSelectedHotspots] Hotspot 20 "Chunnambar Boathouse" → DESTINATION (matches "Pondicherry Airport")
[2025-12-11T04:37:42.205Z] [fetchSelectedHotspots] Hotspot 21 "The Basilica of the Sacred Heart of Jesus" → SOURCE (matches "Pondicherry")
[2025-12-11T04:37:42.230Z] [fetchSelectedHotspots] Hotspot 21 "The Basilica of the Sacred Heart of Jesus" → DESTINATION (matches "Pondicherry Airport")
[2025-12-11T04:37:42.247Z] [fetchSelectedHotspots] Hotspot 23 "French War Memorial" → DESTINATION (matches "Pondicherry Airport")
[2025-12-11T04:37:42.270Z] [fetchSelectedHotspots] Hotspot 24 "The Pondicherry Museum" → SOURCE (matches "Pondicherry")
[2025-12-11T04:37:42.295Z] [fetchSelectedHotspots] Hotspot 24 "The Pondicherry Museum" → DESTINATION (matches "Pondicherry Airport")
[2025-12-11T04:37:42.322Z] [fetchSelectedHotspots] Hotspot 25 "Manakula Vinayagar Temple" → SOURCE (matches "Pondicherry")
[2025-12-11T04:37:42.335Z] [fetchSelectedHotspots] Hotspot 25 "Manakula Vinayagar Temple" → DESTINATION (matches "Pondicherry Airport")
[2025-12-11T04:37:42.369Z] [fetchSelectedHotspots] Hotspot 277 "Pondicherry Backwater" → SOURCE (matches "Pondicherry")
[2025-12-11T04:37:42.420Z] [fetchSelectedHotspots] Hotspot 277 "Pondicherry Backwater" → DESTINATION (matches "Pondicherry Airport")
[2025-12-11T04:37:42.473Z] [fetchSelectedHotspots] Hotspot 669 "Eden Beach - Blue flag Beach" → SOURCE (matches "Pondicherry")
[2025-12-11T04:37:42.499Z] [fetchSelectedHotspots] Hotspot 669 "Eden Beach - Blue flag Beach" → DESTINATION (matches "Pondicherry Airport")
[2025-12-11T04:37:42.535Z] [fetchSelectedHotspots] Hotspot 676 "Botanical Garden" → SOURCE (matches "Pondicherry")
[2025-12-11T04:37:42.569Z] [fetchSelectedHotspots] Hotspot 676 "Botanical Garden" → DESTINATION (matches "Pondicherry Airport")
[2025-12-11T04:37:42.584Z] [fetchSelectedHotspots] Hotspot 677 "Bharathi Park &amp; Aayi Mandapam" → SOURCE (matches "Pondicherry")
[2025-12-11T04:37:42.605Z] [fetchSelectedHotspots] Hotspot 677 "Bharathi Park &amp; Aayi Mandapam" → DESTINATION (matches "Pondicherry Airport")
[2025-12-11T04:37:42.621Z] [fetchSelectedHotspots] Hotspot 678 "French Colony" → SOURCE (matches "Pondicherry")
[2025-12-11T04:37:42.640Z] [fetchSelectedHotspots] Hotspot 678 "French Colony" → DESTINATION (matches "Pondicherry Airport")
[2025-12-11T04:37:42.656Z] [fetchSelectedHotspots] Hotspot 679 "Pondi Marina Beach" → SOURCE (matches "Pondicherry")
[2025-12-11T04:37:42.667Z] [fetchSelectedHotspots] Hotspot 679 "Pondi Marina Beach" → DESTINATION (matches "Pondicherry Airport")
[2025-12-11T04:37:42.672Z] [fetchSelectedHotspots] Filtered 7 priority-0 SOURCE hotspots (13 → 6)
[2025-12-11T04:37:42.697Z] [fetchSelectedHotspots] Categorized: source=6, destination=15, via=0
[2025-12-11T04:37:42.710Z] [fetchSelectedHotspots] direct_to_next_visiting_place=0: Processing SOURCE → DESTINATION → VIA
[2025-12-11T04:37:42.737Z] [fetchSelectedHotspots] Matched 21 hotspots after PHP ordering
[2025-12-11T04:37:42.745Z] [fetchSelectedHotspots] First 5 hotspots (sorted): ID=18 "Auroville" priority=1 distance=194.08km, ID=25 "Manakula Vinayagar Temple" priority=2 distance=204.26km, ID=21 "The Basilica of the Sacred Heart of Jesus" priority=4 distance=206.23km, ID=19 "Promenade Beach" priority=5 distance=204.98km, ID=20 "Chunnambar Boathouse" priority=5 distance=214.35km
[2025-12-11T04:37:42.776Z] [fetchSelectedHotspots] Matched 15 hotspots for route 493
[2025-12-11T04:37:42.783Z] [Timeline] Route 493: Selected 15 hotspots
[2025-12-11T04:37:42.810Z] [Timeline] Route 493 - currentTime: 09:00:00, routeEndTime: 20:00:00, routeEndSeconds: 72000
[2025-12-11T04:37:42.814Z] [Timeline] Hotspot 18 - currentSeconds: 32400, routeEndSeconds: 72000
[2025-12-11T04:37:42.838Z] [Timeline] Processing hotspot 18 for route 493
[2025-12-11T04:37:42.866Z] [Timeline] Hotspot 18 coords: lat=12.008342334177776, lon=79.81781931258232
[2025-12-11T04:37:42.930Z] [Timeline] Checking operating hours for hotspot 18: visit window 09:17:00-11:17:00 on day 6
[2025-12-11T04:37:42.950Z] [Timeline] Hotspot 18 check window: 09:00:00-13:00:00, visit: 09:17:00-11:17:00
[2025-12-11T04:37:42.999Z] [Timeline] Hotspot 18 operating hours OK - entire visit 09:17:00-11:17:00 fits in 09:00:00-13:00:00
[2025-12-11T04:37:43.043Z] [Timeline] Hotspot 18 operating hours OK
[2025-12-11T04:37:43.093Z] [Timeline] Travel type for "Pondicherry" -> "Pondicherry Airport|Pondicherry": 1 (1=local, 2=outstation)
[2025-12-11T04:37:43.169Z] [Timeline] Building hotspot row for hotspot_ID=18
[2025-12-11T04:37:43.201Z] [Timeline] Built hotspot row: item_type=4, hotspot_ID=18, order=2
[2025-12-11T04:37:43.239Z] [Timeline] Hotspot 25 - currentSeconds: 40620, routeEndSeconds: 72000
[2025-12-11T04:37:43.249Z] [Timeline] Processing hotspot 25 for route 493
[2025-12-11T04:37:43.288Z] [Timeline] Hotspot 25 coords: lat=11.936184966220257, lon=79.83484226674099
[2025-12-11T04:37:43.431Z] [Timeline] Checking operating hours for hotspot 25: visit window 11:36:00-12:06:00 on day 6
[2025-12-11T04:37:43.462Z] [Timeline] Hotspot 25 check window: 05:45:00-12:30:00, visit: 11:36:00-12:06:00
[2025-12-11T04:37:43.480Z] [Timeline] Hotspot 25 operating hours OK - entire visit 11:36:00-12:06:00 fits in 05:45:00-12:30:00
[2025-12-11T04:37:43.502Z] [Timeline] Hotspot 25 operating hours OK
[2025-12-11T04:37:43.520Z] [Timeline] Travel type for "Pondicherry Airport|Pondicherry" -> "Pondicherry Airport|Pondicherry": 1 (1=local, 2=outstation)
[2025-12-11T04:37:43.666Z] [Timeline] Building hotspot row for hotspot_ID=25
[2025-12-11T04:37:43.750Z] [Timeline] Built hotspot row: item_type=4, hotspot_ID=25, order=3
[2025-12-11T04:37:43.785Z] [Timeline] Hotspot 21 - currentSeconds: 43560, routeEndSeconds: 72000
[2025-12-11T04:37:43.806Z] [Timeline] Processing hotspot 21 for route 493
[2025-12-11T04:37:43.813Z] [Timeline] Skipping hotspot 21 - already added to plan 5
[2025-12-11T04:37:43.815Z] [Timeline] Hotspot 19 - currentSeconds: 43560, routeEndSeconds: 72000
[2025-12-11T04:37:43.844Z] [Timeline] Processing hotspot 19 for route 493
[2025-12-11T04:37:43.873Z] [Timeline] Skipping hotspot 19 - already added to plan 5
[2025-12-11T04:37:43.894Z] [Timeline] Hotspot 20 - currentSeconds: 43560, routeEndSeconds: 72000
[2025-12-11T04:37:43.936Z] [Timeline] Processing hotspot 20 for route 493
[2025-12-11T04:37:43.987Z] [Timeline] Hotspot 20 coords: lat=11.883875481616602, lon=79.80141705562612
[2025-12-11T04:37:44.131Z] [Timeline] Checking operating hours for hotspot 20: visit window 12:21:00-13:21:00 on day 6
[2025-12-11T04:37:44.177Z] [Timeline] Hotspot 20 check window: 09:30:00-16:00:00, visit: 12:21:00-13:21:00
[2025-12-11T04:37:44.201Z] [Timeline] Hotspot 20 operating hours OK - entire visit 12:21:00-13:21:00 fits in 09:30:00-16:00:00
[2025-12-11T04:37:44.237Z] [Timeline] Hotspot 20 operating hours OK
[2025-12-11T04:37:44.255Z] [Timeline] Travel type for "Pondicherry Airport|Pondicherry" -> "Pondicherry Airport|Pondicherry": 1 (1=local, 2=outstation)
[2025-12-11T04:37:44.345Z] [Timeline] Building hotspot row for hotspot_ID=20
[2025-12-11T04:37:44.394Z] [Timeline] Built hotspot row: item_type=4, hotspot_ID=20, order=4
[2025-12-11T04:37:44.466Z] [Timeline] Hotspot 17 - currentSeconds: 48060, routeEndSeconds: 72000
[2025-12-11T04:37:44.498Z] [Timeline] Processing hotspot 17 for route 493
[2025-12-11T04:37:44.513Z] [Timeline] Skipping hotspot 17 - already added to plan 5
[2025-12-11T04:37:44.544Z] [Timeline] Hotspot 16 - currentSeconds: 48060, routeEndSeconds: 72000
[2025-12-11T04:37:44.551Z] [Timeline] Processing hotspot 16 for route 493
[2025-12-11T04:37:44.583Z] [Timeline] Hotspot 16 coords: lat=11.894346668881749, lon=79.86265715952393
[2025-12-11T04:37:44.647Z] [Timeline] Checking operating hours for hotspot 16: visit window 13:36:00-14:06:00 on day 6
[2025-12-11T04:37:44.682Z] [Timeline] Hotspot 16 check window: 09:00:00-18:00:00, visit: 13:36:00-14:06:00
[2025-12-11T04:37:44.695Z] [Timeline] Hotspot 16 operating hours OK - entire visit 13:36:00-14:06:00 fits in 09:00:00-18:00:00
[2025-12-11T04:37:44.715Z] [Timeline] Hotspot 16 operating hours OK
[2025-12-11T04:37:44.722Z] [Timeline] Travel type for "Pondicherry Airport|Pondicherry" -> "Pondicherry Airport": 1 (1=local, 2=outstation)
[2025-12-11T04:37:44.801Z] [Timeline] Building hotspot row for hotspot_ID=16
[2025-12-11T04:37:44.829Z] [Timeline] Built hotspot row: item_type=4, hotspot_ID=16, order=5
[2025-12-11T04:37:44.863Z] [Timeline] Hotspot 23 - currentSeconds: 50760, routeEndSeconds: 72000
[2025-12-11T04:37:44.881Z] [Timeline] Processing hotspot 23 for route 493
[2025-12-11T04:37:44.893Z] [Timeline] Hotspot 23 coords: lat=11.93212951685565, lon=79.83535346593922
[2025-12-11T04:37:44.928Z] [Timeline] Checking operating hours for hotspot 23: visit window 14:06:00-14:26:00 on day 6
[2025-12-11T04:37:44.968Z] [Timeline] Hotspot 23 operating hours OK
[2025-12-11T04:37:44.998Z] [Timeline] Travel type for "Pondicherry Airport" -> "Pondicherry Airport": 1 (1=local, 2=outstation)
[2025-12-11T04:37:45.033Z] [Timeline] Building hotspot row for hotspot_ID=23
[2025-12-11T04:37:45.054Z] [Timeline] Built hotspot row: item_type=4, hotspot_ID=23, order=6
[2025-12-11T04:37:45.087Z] [Timeline] Hotspot 24 - currentSeconds: 51960, routeEndSeconds: 72000
[2025-12-11T04:37:45.094Z] [Timeline] Processing hotspot 24 for route 493
[2025-12-11T04:37:45.110Z] [Timeline] Skipping hotspot 24 - already added to plan 5
[2025-12-11T04:37:45.126Z] [Timeline] Hotspot 677 - currentSeconds: 51960, routeEndSeconds: 72000
[2025-12-11T04:37:45.146Z] [Timeline] Processing hotspot 677 for route 493
[2025-12-11T04:37:45.152Z] [Timeline] Skipping hotspot 677 - already added to plan 5
[2025-12-11T04:37:45.166Z] [Timeline] Hotspot 678 - currentSeconds: 51960, routeEndSeconds: 72000
[2025-12-11T04:37:45.184Z] [Timeline] Processing hotspot 678 for route 493
[2025-12-11T04:37:45.209Z] [Timeline] Skipping hotspot 678 - already added to plan 5
[2025-12-11T04:37:45.216Z] [Timeline] Hotspot 676 - currentSeconds: 51960, routeEndSeconds: 72000
[2025-12-11T04:37:45.240Z] [Timeline] Processing hotspot 676 for route 493
[2025-12-11T04:37:45.248Z] [Timeline] Hotspot 676 coords: lat=11.930177048465467, lon=79.8224313245787
[2025-12-11T04:37:45.300Z] [Timeline] Checking operating hours for hotspot 676: visit window 14:29:00-15:29:00 on day 6
[2025-12-11T04:37:45.331Z] [Timeline] Hotspot 676 check window: 10:00:00-17:00:00, visit: 14:29:00-15:29:00
[2025-12-11T04:37:45.359Z] [Timeline] Hotspot 676 operating hours OK - entire visit 14:29:00-15:29:00 fits in 10:00:00-17:00:00
[2025-12-11T04:37:45.373Z] [Timeline] Hotspot 676 operating hours OK
[2025-12-11T04:37:45.420Z] [Timeline] Travel type for "Pondicherry Airport" -> "Pondicherry|Pondicherry Airport": 1 (1=local, 2=outstation)
[2025-12-11T04:37:45.517Z] [Timeline] Building hotspot row for hotspot_ID=676
[2025-12-11T04:37:45.549Z] [Timeline] Built hotspot row: item_type=4, hotspot_ID=676, order=7
[2025-12-11T04:37:45.578Z] [Timeline] Hotspot 277 - currentSeconds: 55740, routeEndSeconds: 72000
[2025-12-11T04:37:45.610Z] [Timeline] Processing hotspot 277 for route 493
[2025-12-11T04:37:45.628Z] [Timeline] Hotspot 277 coords: lat=11.916309213225349, lon=79.82433098120615
[2025-12-11T04:37:45.728Z] [Timeline] Checking operating hours for hotspot 277: visit window 15:33:00-18:33:00 on day 6
[2025-12-11T04:37:45.756Z] [Timeline] Hotspot 277 check window: 09:00:00-18:00:00, visit: 15:33:00-18:33:00
[2025-12-11T04:37:45.764Z] [Timeline] Hotspot 277 operating hours check FAILED - visit 15:33:00-18:33:00 doesn't fit in any window
[2025-12-11T04:37:45.785Z] [Timeline] Hotspot 277 not open during visit window 15:33:00-18:33:00 on day 6, skipping
[2025-12-11T04:37:45.843Z] [Timeline] Hotspot 679 - currentSeconds: 55740, routeEndSeconds: 72000
[2025-12-11T04:37:46.015Z] [Timeline] Processing hotspot 679 for route 493
[2025-12-11T04:37:46.122Z] [Timeline] Skipping hotspot 679 - already added to plan 5
[2025-12-11T04:37:46.237Z] [Timeline] Hotspot 669 - currentSeconds: 55740, routeEndSeconds: 72000
[2025-12-11T04:37:46.280Z] [Timeline] Processing hotspot 669 for route 493
[2025-12-11T04:37:46.294Z] [Timeline] Hotspot 669 coords: lat=11.882310987345338, lon=79.8244548517534
[2025-12-11T04:37:46.453Z] [Timeline] Checking operating hours for hotspot 669: visit window 15:41:00-16:41:00 on day 6
[2025-12-11T04:37:46.485Z] [Timeline] Hotspot 669 check window: 06:00:00-18:00:00, visit: 15:41:00-16:41:00
[2025-12-11T04:37:46.518Z] [Timeline] Hotspot 669 operating hours OK - entire visit 15:41:00-16:41:00 fits in 06:00:00-18:00:00
[2025-12-11T04:37:46.530Z] [Timeline] Hotspot 669 operating hours OK
[2025-12-11T04:37:46.539Z] [Timeline] Travel type for "Pondicherry|Pondicherry Airport" -> "Pondicherry|Pondicherry Airport": 1 (1=local, 2=outstation)
[2025-12-11T04:37:46.618Z] [Timeline] Building hotspot row for hotspot_ID=669
[2025-12-11T04:37:46.623Z] [Timeline] Built hotspot row: item_type=4, hotspot_ID=669, order=8
[2025-12-11T04:37:46.649Z] [Timeline] Returning 42 hotspot rows and 0 parking rows
[2025-12-11T04:37:46.654Z] [Timeline] Hotspot rows item_types: 1, 3, 4, 5, 6, 1, 3, 4, 3, 4, 3, 4, 3, 4, 3, 4, 3, 4, 3, 4, 3, 4, 5, 6, 1, 3, 4, 3, 4, 3, 4, 3, 4, 3, 4, 3, 4, 3, 4, 5, 6, 7
[2025-12-11T04:37:46.685Z] [Timeline] Hotspot rows hotspot_IDs: , 5, 5, 0, 0, , 4, 4, 21, 21, 19, 19, 17, 17, 24, 24, 677, 677, 678, 678, 679, 679, 0, 0, , 18, 18, 25, 25, 20, 20, 16, 16, 23, 23, 676, 676, 669, 669, 0, 0, 0
[2025-12-11T04:37:46.689Z] 
=== LOG FILE SAVED TO: D:\wamp64\www\dvi_fullstack\dvi_backend\tmp\hotspot_optimization_1765427844756.log ===

