[2025-12-11T05:22:49.253Z] === HOTSPOT OPTIMIZATION LOG ===
[2025-12-11T05:22:49.276Z] Started at: 2025-12-11T05:22:49.276Z

[2025-12-11T05:22:59.425Z] [Timeline] Route 518 (Chennai International Airport → Chennai): routeStartTime=11:00:00, routeEndTime=20:00:00, direct_to_next=0
[2025-12-11T05:22:59.456Z] [Timeline] Route 518 starting coords from location_id 165946: (12.9811068, 80.159623)
[2025-12-11T05:22:59.478Z] [Timeline] Route 518 - Added refreshment break: 11:00:00 - 12:00:00
[2025-12-11T05:22:59.509Z] [fetchSelectedHotspots] route 518 target="Chennai International Airport" next="Chennai" dow=4
[2025-12-11T05:22:59.671Z] [fetchSelectedHotspots] Found 583 total active hotspots
[2025-12-11T05:22:59.699Z] [fetchSelectedHotspots] direct_to_next_visiting_place=0
[2025-12-11T05:22:59.701Z] [fetchSelectedHotspots] source="Chennai International Airport", destination="Chennai"
[2025-12-11T05:22:59.717Z] [fetchSelectedHotspots] Starting coords from stored_locations: (12.9811068, 80.159623)
[2025-12-11T05:22:59.750Z] [fetchSelectedHotspots] Hotspot 4 "Kapaleeshwarar Temple" → DESTINATION (matches "Chennai")
[2025-12-11T05:22:59.781Z] [fetchSelectedHotspots] Hotspot 5 "Marina Beach" → DESTINATION (matches "Chennai")
[2025-12-11T05:22:59.794Z] [fetchSelectedHotspots] Hotspot 6 "Fort St.George Museum" → SOURCE (matches "Chennai International Airport" - PRIMARY)
[2025-12-11T05:22:59.809Z] [fetchSelectedHotspots] Hotspot 7 "Government Museum Chennai" → SOURCE (matches "Chennai International Airport" - PRIMARY)
[2025-12-11T05:22:59.829Z] [fetchSelectedHotspots] Hotspot 8 "Santhome Cathedral Basilica" → SOURCE (matches "Chennai International Airport" - PRIMARY)
[2025-12-11T05:22:59.838Z] [fetchSelectedHotspots] Hotspot 9 "Thousand Lights Mosque" → SOURCE (matches "Chennai International Airport" - PRIMARY)
[2025-12-11T05:22:59.866Z] [fetchSelectedHotspots] Hotspot 10 "Guindy National Park" → SOURCE (matches "Chennai International Airport" - PRIMARY)
[2025-12-11T05:22:59.874Z] [fetchSelectedHotspots] Hotspot 11 "Parthasarathy Temple" → SOURCE (matches "Chennai International Airport" - PRIMARY)
[2025-12-11T05:22:59.912Z] [fetchSelectedHotspots] Hotspot 12 "Vivekanandar House" → SOURCE (matches "Chennai International Airport" - PRIMARY)
[2025-12-11T05:22:59.938Z] [fetchSelectedHotspots] Hotspot 13 "Arignar Anna Zoological Park" → SOURCE (matches "Chennai International Airport" - PRIMARY)
[2025-12-11T05:22:59.962Z] [fetchSelectedHotspots] Hotspot 290 "Vgp snow kingdom" → SOURCE (matches "Chennai International Airport" - PRIMARY)
[2025-12-11T05:23:00.062Z] [fetchSelectedHotspots] Hotspot 291 "Vgp marine kingdom" → SOURCE (matches "Chennai International Airport" - PRIMARY)
[2025-12-11T05:23:00.165Z] [fetchSelectedHotspots] Hotspot 292 "Guindy snake park" → SOURCE (matches "Chennai International Airport" - PRIMARY)
[2025-12-11T05:23:00.220Z] [fetchSelectedHotspots] Hotspot 293 "Queens land" → SOURCE (matches "Chennai International Airport" - PRIMARY)
[2025-12-11T05:23:00.288Z] [fetchSelectedHotspots] Hotspot 294 "light house marina" → SOURCE (matches "Chennai International Airport" - PRIMARY)
[2025-12-11T05:23:00.326Z] [fetchSelectedHotspots] Hotspot 296 "Anna tower park" → SOURCE (matches "Chennai International Airport" - PRIMARY)
[2025-12-11T05:23:00.367Z] [fetchSelectedHotspots] Hotspot 297 "B.M Birla planitourim." → SOURCE (matches "Chennai International Airport" - PRIMARY)
[2025-12-11T05:23:00.433Z] [fetchSelectedHotspots] Hotspot 298 "Click art museum" → SOURCE (matches "Chennai International Airport" - PRIMARY)
[2025-12-11T05:23:00.474Z] [fetchSelectedHotspots] Hotspot 299 "National art gallery" → SOURCE (matches "Chennai International Airport" - PRIMARY)
[2025-12-11T05:23:00.497Z] [fetchSelectedHotspots] Hotspot 300 "M G R  Memorial" → SOURCE (matches "Chennai International Airport" - PRIMARY)
[2025-12-11T05:23:00.563Z] [fetchSelectedHotspots] Hotspot 303 "Anna memorial." → SOURCE (matches "Chennai International Airport" - PRIMARY)
[2025-12-11T05:23:00.584Z] [fetchSelectedHotspots] Hotspot 544 "Shri Ashtalakshmi Temple" → DESTINATION (matches "Chennai")
[2025-12-11T05:23:00.630Z] [fetchSelectedHotspots] Filtered 13 priority-0 SOURCE hotspots (19 → 6)
[2025-12-11T05:23:00.660Z] [fetchSelectedHotspots] Categorized: source=6, destination=3, via=0
[2025-12-11T05:23:00.689Z] [fetchSelectedHotspots] AIRPORT ARRIVAL DETECTED: "Chennai International Airport" → "Chennai"
[2025-12-11T05:23:00.709Z] [fetchSelectedHotspots] direct_to_next_visiting_place=0 + AIRPORT ARRIVAL: Processing DESTINATION → VIA
[2025-12-11T05:23:00.721Z] [fetchSelectedHotspots] Matched 3 hotspots after PHP ordering
[2025-12-11T05:23:00.733Z] [fetchSelectedHotspots] First 5 hotspots (sorted): ID=4 "Kapaleeshwarar Temple" priority=1 distance=19.94km, ID=5 "Marina Beach" priority=2 distance=22.47km, ID=544 "Shri Ashtalakshmi Temple" priority=0 distance=18.11km
[2025-12-11T05:23:00.749Z] [fetchSelectedHotspots] Matched 3 hotspots for route 518
[2025-12-11T05:23:00.774Z] [Timeline] Route 518: Selected 3 hotspots
[2025-12-11T05:23:00.783Z] [Timeline] Route 518 - currentTime: 12:00:00, routeEndTime: 20:00:00, routeEndSeconds: 72000
[2025-12-11T05:23:00.809Z] [Timeline] Hotspot 4 - currentSeconds: 43200, routeEndSeconds: 72000
[2025-12-11T05:23:00.834Z] [Timeline] Processing hotspot 4 for route 518
[2025-12-11T05:23:00.845Z] [Timeline] Hotspot 4 coords: lat=13.033798514213936, lon=80.26977915213011
[2025-12-11T05:23:00.911Z] [Timeline] Checking operating hours for hotspot 4: visit window 12:30:00-13:30:00 on day 4
[2025-12-11T05:23:00.917Z] [Timeline] Hotspot 4 check window: 05:30:00-12:00:00, visit: 12:30:00-13:30:00
[2025-12-11T05:23:00.938Z] [Timeline] Hotspot 4 check window: 16:00:00-20:00:00, visit: 12:30:00-13:30:00
[2025-12-11T05:23:00.943Z] [Timeline] Hotspot 4 operating hours check FAILED - visit 12:30:00-13:30:00 doesn't fit in any window
[2025-12-11T05:23:00.944Z] [Timeline] Hotspot 4 not open during visit window 12:30:00-13:30:00 on day 4, skipping
[2025-12-11T05:23:00.949Z] [Timeline] Hotspot 5 - currentSeconds: 43200, routeEndSeconds: 72000
[2025-12-11T05:23:00.949Z] [Timeline] Processing hotspot 5 for route 518
[2025-12-11T05:23:00.968Z] [Timeline] Hotspot 5 coords: lat=13.051080243192029, lon=80.27775926313883
[2025-12-11T05:23:01.043Z] [Timeline] Checking operating hours for hotspot 5: visit window 12:34:00-13:34:00 on day 4
[2025-12-11T05:23:01.055Z] [Timeline] Hotspot 5 operating hours OK
[2025-12-11T05:23:01.062Z] [Timeline] Travel type for "Chennai International Airport" -> "Chennai International Airport|Chennai Domestic Airport|Chennai Central|Chennai|Chennai Egmore Station|Chennai Koyembedu|ECR Beach, Chennai, Tamil Nadu": 1 (1=local, 2=outstation)
[2025-12-11T05:23:01.129Z] [Timeline] Building hotspot row for hotspot_ID=5
[2025-12-11T05:23:01.161Z] [Timeline] Built hotspot row: item_type=4, hotspot_ID=5, order=2
[2025-12-11T05:23:01.188Z] [Timeline] Hotspot 544 - currentSeconds: 48840, routeEndSeconds: 72000
[2025-12-11T05:23:01.200Z] [Timeline] Processing hotspot 544 for route 518
[2025-12-11T05:23:01.238Z] [Timeline] Hotspot 544 coords: lat=12.993461140291483, lon=80.27030436931474
[2025-12-11T05:23:01.336Z] [Timeline] Checking operating hours for hotspot 544: visit window 13:49:00-19:49:00 on day 4
[2025-12-11T05:23:01.349Z] [Timeline] Hotspot 544 check window: 06:00:00-12:00:00, visit: 13:49:00-19:49:00
[2025-12-11T05:23:01.366Z] [Timeline] Hotspot 544 check window: 16:00:00-20:00:00, visit: 13:49:00-19:49:00
[2025-12-11T05:23:01.390Z] [Timeline] Hotspot 544 operating hours check FAILED - visit 13:49:00-19:49:00 doesn't fit in any window
[2025-12-11T05:23:01.396Z] [Timeline] Hotspot 544 not open during visit window 13:49:00-19:49:00 on day 4, skipping
[2025-12-11T05:23:01.449Z] [Timeline] Route 519 (Chennai → Pondicherry): routeStartTime=08:00:00, routeEndTime=20:00:00, direct_to_next=0
[2025-12-11T05:23:01.470Z] [Timeline] Route 519 starting coords from location_id 762: (13.0843007, 80.2704622)
[2025-12-11T05:23:01.503Z] [Timeline] Route 519 - Added refreshment break: 08:00:00 - 09:00:00
[2025-12-11T05:23:01.533Z] [fetchSelectedHotspots] route 519 target="Chennai" next="Pondicherry" dow=5
[2025-12-11T05:23:01.658Z] [fetchSelectedHotspots] Found 583 total active hotspots
[2025-12-11T05:23:01.673Z] [fetchSelectedHotspots] direct_to_next_visiting_place=0
[2025-12-11T05:23:01.692Z] [fetchSelectedHotspots] source="Chennai", destination="Pondicherry"
[2025-12-11T05:23:01.728Z] [fetchSelectedHotspots] Starting coords from stored_locations: (12.9811068, 80.159623)
[2025-12-11T05:23:01.736Z] [fetchSelectedHotspots] Hotspot 4 "Kapaleeshwarar Temple" → SOURCE (matches "Chennai")
[2025-12-11T05:23:01.755Z] [fetchSelectedHotspots] Hotspot 5 "Marina Beach" → SOURCE (matches "Chennai")
[2025-12-11T05:23:01.768Z] [fetchSelectedHotspots] Hotspot 17 "Sri Aurobindo Ashram" → DESTINATION (matches "Pondicherry")
[2025-12-11T05:23:01.788Z] [fetchSelectedHotspots] Hotspot 18 "Auroville" → DESTINATION (matches "Pondicherry")
[2025-12-11T05:23:01.792Z] [fetchSelectedHotspots] Hotspot 19 "Promenade Beach" → DESTINATION (matches "Pondicherry")
[2025-12-11T05:23:01.817Z] [fetchSelectedHotspots] Hotspot 20 "Chunnambar Boathouse" → DESTINATION (matches "Pondicherry")
[2025-12-11T05:23:01.847Z] [fetchSelectedHotspots] Hotspot 21 "The Basilica of the Sacred Heart of Jesus" → DESTINATION (matches "Pondicherry")
[2025-12-11T05:23:01.850Z] [fetchSelectedHotspots] Hotspot 24 "The Pondicherry Museum" → DESTINATION (matches "Pondicherry")
[2025-12-11T05:23:01.874Z] [fetchSelectedHotspots] Hotspot 25 "Manakula Vinayagar Temple" → DESTINATION (matches "Pondicherry")
[2025-12-11T05:23:01.890Z] [fetchSelectedHotspots] Hotspot 277 "Pondicherry Backwater" → DESTINATION (matches "Pondicherry")
[2025-12-11T05:23:01.917Z] [fetchSelectedHotspots] Hotspot 544 "Shri Ashtalakshmi Temple" → SOURCE (matches "Chennai")
[2025-12-11T05:23:01.935Z] [fetchSelectedHotspots] Hotspot 669 "Eden Beach - Blue flag Beach" → DESTINATION (matches "Pondicherry" - PRIMARY)
[2025-12-11T05:23:01.951Z] [fetchSelectedHotspots] Hotspot 676 "Botanical Garden" → DESTINATION (matches "Pondicherry" - PRIMARY)
[2025-12-11T05:23:01.980Z] [fetchSelectedHotspots] Hotspot 677 "Bharathi Park &amp; Aayi Mandapam" → DESTINATION (matches "Pondicherry" - PRIMARY)
[2025-12-11T05:23:02.039Z] [fetchSelectedHotspots] Hotspot 678 "French Colony" → DESTINATION (matches "Pondicherry" - PRIMARY)
[2025-12-11T05:23:02.078Z] [fetchSelectedHotspots] Hotspot 679 "Pondi Marina Beach" → DESTINATION (matches "Pondicherry" - PRIMARY)
[2025-12-11T05:23:02.088Z] [fetchSelectedHotspots] Filtered 1 priority-0 SOURCE hotspots (3 → 2)
[2025-12-11T05:23:02.111Z] [fetchSelectedHotspots] Categorized: source=2, destination=13, via=0
[2025-12-11T05:23:02.127Z] [fetchSelectedHotspots] direct_to_next_visiting_place=0: Processing SOURCE → DESTINATION → VIA
[2025-12-11T05:23:02.146Z] [fetchSelectedHotspots] Matched 15 hotspots after PHP ordering
[2025-12-11T05:23:02.155Z] [fetchSelectedHotspots] First 5 hotspots (sorted): ID=4 "Kapaleeshwarar Temple" priority=1 distance=19.94km, ID=5 "Marina Beach" priority=2 distance=22.47km, ID=18 "Auroville" priority=1 distance=171.53km, ID=25 "Manakula Vinayagar Temple" priority=2 distance=182.13km, ID=21 "The Basilica of the Sacred Heart of Jesus" priority=4 distance=184.07km
[2025-12-11T05:23:02.173Z] [fetchSelectedHotspots] Matched 15 hotspots for route 519
[2025-12-11T05:23:02.193Z] [Timeline] Route 519: Selected 15 hotspots
[2025-12-11T05:23:02.199Z] [Timeline] Route 519 - currentTime: 09:00:00, routeEndTime: 20:00:00, routeEndSeconds: 72000
[2025-12-11T05:23:02.224Z] [Timeline] Hotspot 4 - currentSeconds: 32400, routeEndSeconds: 72000
[2025-12-11T05:23:02.230Z] [Timeline] Processing hotspot 4 for route 519
[2025-12-11T05:23:02.260Z] [Timeline] Hotspot 4 coords: lat=13.033798514213936, lon=80.26977915213011
[2025-12-11T05:23:02.326Z] [Timeline] Checking operating hours for hotspot 4: visit window 09:13:00-10:13:00 on day 5
[2025-12-11T05:23:02.356Z] [Timeline] Hotspot 4 check window: 05:30:00-12:00:00, visit: 09:13:00-10:13:00
[2025-12-11T05:23:02.396Z] [Timeline] Hotspot 4 operating hours OK - entire visit 09:13:00-10:13:00 fits in 05:30:00-12:00:00
[2025-12-11T05:23:02.406Z] [Timeline] Hotspot 4 operating hours OK
[2025-12-11T05:23:02.437Z] [Timeline] Travel type for "Chennai" -> "Chennai International Airport|Chennai Domestic Airport|Chennai Central|Chennai|Chennai Egmore Station|Chennai Koyembedu|ECR Beach, Chennai, Tamil Nadu": 1 (1=local, 2=outstation)
[2025-12-11T05:23:02.490Z] [Timeline] Building hotspot row for hotspot_ID=4
[2025-12-11T05:23:02.518Z] [Timeline] Built hotspot row: item_type=4, hotspot_ID=4, order=2
[2025-12-11T05:23:02.549Z] [Timeline] Hotspot 5 - currentSeconds: 36780, routeEndSeconds: 72000
[2025-12-11T05:23:02.575Z] [Timeline] Processing hotspot 5 for route 519
[2025-12-11T05:23:02.587Z] [Timeline] Skipping hotspot 5 - already added to plan 5
[2025-12-11T05:23:02.611Z] [Timeline] Hotspot 18 - currentSeconds: 36780, routeEndSeconds: 72000
[2025-12-11T05:23:02.621Z] [Timeline] Processing hotspot 18 for route 519
[2025-12-11T05:23:02.647Z] [Timeline] Hotspot 18 coords: lat=12.008342334177776, lon=79.81781931258232
[2025-12-11T05:23:02.689Z] [Timeline] Checking operating hours for hotspot 18: visit window 13:19:00-15:19:00 on day 5
[2025-12-11T05:23:02.719Z] [Timeline] Hotspot 18 check window: 09:00:00-13:00:00, visit: 13:19:00-15:19:00
[2025-12-11T05:23:02.722Z] [Timeline] Hotspot 18 check window: 13:30:00-17:00:00, visit: 13:19:00-15:19:00
[2025-12-11T05:23:02.734Z] [Timeline] Hotspot 18 operating hours check FAILED - visit 13:19:00-15:19:00 doesn't fit in any window
[2025-12-11T05:23:02.736Z] [Timeline] Hotspot 18 not open during visit window 13:19:00-15:19:00 on day 5, skipping
[2025-12-11T05:23:02.746Z] [Timeline] Hotspot 25 - currentSeconds: 36780, routeEndSeconds: 72000
[2025-12-11T05:23:02.756Z] [Timeline] Processing hotspot 25 for route 519
[2025-12-11T05:23:02.763Z] [Timeline] Hotspot 25 coords: lat=11.936184966220257, lon=79.83484226674099
[2025-12-11T05:23:02.807Z] [Timeline] Checking operating hours for hotspot 25: visit window 13:29:00-13:59:00 on day 5
[2025-12-11T05:23:02.824Z] [Timeline] Hotspot 25 check window: 17:45:00-12:30:00, visit: 13:29:00-13:59:00
[2025-12-11T05:23:02.826Z] [Timeline] Hotspot 25 check window: 16:00:00-20:00:00, visit: 13:29:00-13:59:00
[2025-12-11T05:23:02.842Z] [Timeline] Hotspot 25 operating hours check FAILED - visit 13:29:00-13:59:00 doesn't fit in any window
[2025-12-11T05:23:02.854Z] [Timeline] Hotspot 25 not open during visit window 13:29:00-13:59:00 on day 5, skipping
[2025-12-11T05:23:02.866Z] [Timeline] Hotspot 21 - currentSeconds: 36780, routeEndSeconds: 72000
[2025-12-11T05:23:02.883Z] [Timeline] Processing hotspot 21 for route 519
[2025-12-11T05:23:02.894Z] [Timeline] Hotspot 21 coords: lat=11.926178758041798, lon=79.82779781515121
[2025-12-11T05:23:02.954Z] [Timeline] Checking operating hours for hotspot 21: visit window 13:31:00-14:01:00 on day 5
[2025-12-11T05:23:03.006Z] [Timeline] Hotspot 21 check window: 06:00:00-19:00:00, visit: 13:31:00-14:01:00
[2025-12-11T05:23:03.020Z] [Timeline] Hotspot 21 operating hours OK - entire visit 13:31:00-14:01:00 fits in 06:00:00-19:00:00
[2025-12-11T05:23:03.057Z] [Timeline] Hotspot 21 operating hours OK
[2025-12-11T05:23:03.083Z] [Timeline] Travel type for "Chennai International Airport|Chennai Domestic Airport|Chennai Central|Chennai|Chennai Egmore Station|Chennai Koyembedu|ECR Beach, Chennai, Tamil Nadu" -> "Pondicherry Airport|Pondicherry": 2 (1=local, 2=outstation)
[2025-12-11T05:23:03.141Z] [Timeline] Building hotspot row for hotspot_ID=21
[2025-12-11T05:23:03.158Z] [Timeline] Built hotspot row: item_type=4, hotspot_ID=21, order=3
[2025-12-11T05:23:03.197Z] [Timeline] Hotspot 19 - currentSeconds: 50460, routeEndSeconds: 72000
[2025-12-11T05:23:03.205Z] [Timeline] Processing hotspot 19 for route 519
[2025-12-11T05:23:03.234Z] [Timeline] Hotspot 19 coords: lat=11.931203427435934, lon=79.83580349426904
[2025-12-11T05:23:03.281Z] [Timeline] Checking operating hours for hotspot 19: visit window 14:03:00-15:03:00 on day 5
[2025-12-11T05:23:03.314Z] [Timeline] Hotspot 19 check window: 06:00:00-20:00:00, visit: 14:03:00-15:03:00
[2025-12-11T05:23:03.325Z] [Timeline] Hotspot 19 operating hours OK - entire visit 14:03:00-15:03:00 fits in 06:00:00-20:00:00
[2025-12-11T05:23:03.350Z] [Timeline] Hotspot 19 operating hours OK
[2025-12-11T05:23:03.355Z] [Timeline] Travel type for "Pondicherry Airport|Pondicherry" -> "Pondicherry Airport|Pondicherry": 1 (1=local, 2=outstation)
[2025-12-11T05:23:03.430Z] [Timeline] Building hotspot row for hotspot_ID=19
[2025-12-11T05:23:03.444Z] [Timeline] Built hotspot row: item_type=4, hotspot_ID=19, order=4
[2025-12-11T05:23:03.483Z] [Timeline] Hotspot 20 - currentSeconds: 54180, routeEndSeconds: 72000
[2025-12-11T05:23:03.489Z] [Timeline] Processing hotspot 20 for route 519
[2025-12-11T05:23:03.510Z] [Timeline] Hotspot 20 coords: lat=11.883875481616602, lon=79.80141705562612
[2025-12-11T05:23:03.566Z] [Timeline] Checking operating hours for hotspot 20: visit window 15:18:00-16:18:00 on day 5
[2025-12-11T05:23:03.593Z] [Timeline] Hotspot 20 check window: 09:30:00-16:00:00, visit: 15:18:00-16:18:00
[2025-12-11T05:23:03.607Z] [Timeline] Hotspot 20 operating hours check FAILED - visit 15:18:00-16:18:00 doesn't fit in any window
[2025-12-11T05:23:03.620Z] [Timeline] Hotspot 20 not open during visit window 15:18:00-16:18:00 on day 5, skipping
[2025-12-11T05:23:03.624Z] [Timeline] Hotspot 17 - currentSeconds: 54180, routeEndSeconds: 72000
[2025-12-11T05:23:03.636Z] [Timeline] Processing hotspot 17 for route 519
[2025-12-11T05:23:03.669Z] [Timeline] Hotspot 17 coords: lat=11.936929030828965, lon=79.83477998559515
[2025-12-11T05:23:03.755Z] [Timeline] Checking operating hours for hotspot 17: visit window 15:04:00-16:04:00 on day 5
[2025-12-11T05:23:03.775Z] [Timeline] Hotspot 17 check window: 10:30:00-19:00:00, visit: 15:04:00-16:04:00
[2025-12-11T05:23:03.782Z] [Timeline] Hotspot 17 operating hours OK - entire visit 15:04:00-16:04:00 fits in 10:30:00-19:00:00
[2025-12-11T05:23:03.786Z] [Timeline] Hotspot 17 operating hours OK
[2025-12-11T05:23:03.813Z] [Timeline] Travel type for "Pondicherry Airport|Pondicherry" -> "Pondicherry Airport|Pondicherry": 1 (1=local, 2=outstation)
[2025-12-11T05:23:03.881Z] [Timeline] Building hotspot row for hotspot_ID=17
[2025-12-11T05:23:03.903Z] [Timeline] Built hotspot row: item_type=4, hotspot_ID=17, order=5
[2025-12-11T05:23:03.941Z] [Timeline] Hotspot 677 - currentSeconds: 57840, routeEndSeconds: 72000
[2025-12-11T05:23:03.981Z] [Timeline] Processing hotspot 677 for route 519
[2025-12-11T05:23:04.047Z] [Timeline] Hotspot 677 coords: lat=11.933029585291068, lon=79.83418306595088
[2025-12-11T05:23:04.104Z] [Timeline] Checking operating hours for hotspot 677: visit window 16:05:00-16:50:00 on day 5
[2025-12-11T05:23:04.134Z] [Timeline] Hotspot 677 check window: 06:00:00-19:00:00, visit: 16:05:00-16:50:00
[2025-12-11T05:23:04.159Z] [Timeline] Hotspot 677 operating hours OK - entire visit 16:05:00-16:50:00 fits in 06:00:00-19:00:00
[2025-12-11T05:23:04.177Z] [Timeline] Hotspot 677 operating hours OK
[2025-12-11T05:23:04.179Z] [Timeline] Travel type for "Pondicherry Airport|Pondicherry" -> "Pondicherry|Pondicherry Airport": 1 (1=local, 2=outstation)
[2025-12-11T05:23:04.266Z] [Timeline] Building hotspot row for hotspot_ID=677
[2025-12-11T05:23:04.299Z] [Timeline] Built hotspot row: item_type=4, hotspot_ID=677, order=6
[2025-12-11T05:23:04.330Z] [Timeline] Hotspot 678 - currentSeconds: 60600, routeEndSeconds: 72000
[2025-12-11T05:23:04.362Z] [Timeline] Processing hotspot 678 for route 519
[2025-12-11T05:23:04.398Z] [Timeline] Hotspot 678 coords: lat=11.928492248303817, lon=79.83303242117643
[2025-12-11T05:23:04.455Z] [Timeline] Checking operating hours for hotspot 678: visit window 16:51:00-17:51:00 on day 5
[2025-12-11T05:23:04.481Z] [Timeline] Hotspot 678 operating hours OK
[2025-12-11T05:23:04.483Z] [Timeline] Travel type for "Pondicherry|Pondicherry Airport" -> "Pondicherry|Pondicherry Airport": 1 (1=local, 2=outstation)
[2025-12-11T05:23:04.562Z] [Timeline] Building hotspot row for hotspot_ID=678
[2025-12-11T05:23:04.592Z] [Timeline] Built hotspot row: item_type=4, hotspot_ID=678, order=7
[2025-12-11T05:23:04.624Z] [Timeline] Hotspot 676 - currentSeconds: 64260, routeEndSeconds: 72000
[2025-12-11T05:23:04.657Z] [Timeline] Processing hotspot 676 for route 519
[2025-12-11T05:23:04.688Z] [Timeline] Hotspot 676 coords: lat=11.930177048465467, lon=79.8224313245787
[2025-12-11T05:23:04.738Z] [Timeline] Checking operating hours for hotspot 676: visit window 17:54:00-18:54:00 on day 5
[2025-12-11T05:23:04.768Z] [Timeline] Hotspot 676 check window: 10:00:00-17:00:00, visit: 17:54:00-18:54:00
[2025-12-11T05:23:04.782Z] [Timeline] Hotspot 676 operating hours check FAILED - visit 17:54:00-18:54:00 doesn't fit in any window
[2025-12-11T05:23:04.798Z] [Timeline] Hotspot 676 not open during visit window 17:54:00-18:54:00 on day 5, skipping
[2025-12-11T05:23:04.812Z] [Timeline] Hotspot 679 - currentSeconds: 64260, routeEndSeconds: 72000
[2025-12-11T05:23:04.829Z] [Timeline] Processing hotspot 679 for route 519
[2025-12-11T05:23:04.855Z] [Timeline] Hotspot 679 coords: lat=11.913052113056816, lon=79.82932149874199
[2025-12-11T05:23:04.922Z] [Timeline] Checking operating hours for hotspot 679: visit window 17:55:00-18:25:00 on day 5
[2025-12-11T05:23:04.941Z] [Timeline] Hotspot 679 operating hours OK
[2025-12-11T05:23:04.973Z] [Timeline] Travel type for "Pondicherry|Pondicherry Airport" -> "Pondicherry|Pondicherry Airport": 1 (1=local, 2=outstation)
[2025-12-11T05:23:05.091Z] [Timeline] Building hotspot row for hotspot_ID=679
[2025-12-11T05:23:05.117Z] [Timeline] Built hotspot row: item_type=4, hotspot_ID=679, order=8
[2025-12-11T05:23:05.150Z] [Timeline] Hotspot 669 - currentSeconds: 66300, routeEndSeconds: 72000
[2025-12-11T05:23:05.165Z] [Timeline] Processing hotspot 669 for route 519
[2025-12-11T05:23:05.180Z] [Timeline] Hotspot 669 coords: lat=11.882310987345338, lon=79.8244548517534
[2025-12-11T05:23:05.239Z] [Timeline] Checking operating hours for hotspot 669: visit window 18:33:00-19:33:00 on day 5
[2025-12-11T05:23:05.244Z] [Timeline] Hotspot 669 check window: 06:00:00-18:00:00, visit: 18:33:00-19:33:00
[2025-12-11T05:23:05.269Z] [Timeline] Hotspot 669 operating hours check FAILED - visit 18:33:00-19:33:00 doesn't fit in any window
[2025-12-11T05:23:05.279Z] [Timeline] Hotspot 669 not open during visit window 18:33:00-19:33:00 on day 5, skipping
[2025-12-11T05:23:05.298Z] [Timeline] Hotspot 24 - currentSeconds: 66300, routeEndSeconds: 72000
[2025-12-11T05:23:05.319Z] [Timeline] Processing hotspot 24 for route 519
[2025-12-11T05:23:05.339Z] [Timeline] Hotspot 24 coords: lat=11.934656339062595, lon=79.83484999477534
[2025-12-11T05:23:05.389Z] [Timeline] Checking operating hours for hotspot 24: visit window 18:31:00-19:01:00 on day 5
[2025-12-11T05:23:05.414Z] [Timeline] Hotspot 24 check window: 09:00:00-18:00:00, visit: 18:31:00-19:01:00
[2025-12-11T05:23:05.432Z] [Timeline] Hotspot 24 operating hours check FAILED - visit 18:31:00-19:01:00 doesn't fit in any window
[2025-12-11T05:23:05.446Z] [Timeline] Hotspot 24 not open during visit window 18:31:00-19:01:00 on day 5, skipping
[2025-12-11T05:23:05.467Z] [Timeline] Hotspot 277 - currentSeconds: 66300, routeEndSeconds: 72000
[2025-12-11T05:23:05.475Z] [Timeline] Processing hotspot 277 for route 519
[2025-12-11T05:23:05.505Z] [Timeline] Hotspot 277 coords: lat=11.916309213225349, lon=79.82433098120615
[2025-12-11T05:23:05.556Z] [Timeline] Checking operating hours for hotspot 277: visit window 18:26:00-21:26:00 on day 5
[2025-12-11T05:23:05.587Z] [Timeline] Hotspot 277 check window: 09:00:00-18:00:00, visit: 18:26:00-21:26:00
[2025-12-11T05:23:05.627Z] [Timeline] Hotspot 277 operating hours check FAILED - visit 18:26:00-21:26:00 doesn't fit in any window
[2025-12-11T05:23:05.672Z] [Timeline] Hotspot 277 not open during visit window 18:26:00-21:26:00 on day 5, skipping
[2025-12-11T05:23:05.716Z] [Timeline] Route 520 (Pondicherry → Pondicherry Airport): routeStartTime=08:00:00, routeEndTime=20:00:00, direct_to_next=0
[2025-12-11T05:23:05.746Z] [Timeline] Route 520 starting coords from location_id 5922: (11.9415915, 79.8083133)
[2025-12-11T05:23:05.777Z] [Timeline] Route 520 - Skipping refreshment row (last route) but advancing time by 01:00:00 to 09:00:00
[2025-12-11T05:23:05.791Z] [fetchSelectedHotspots] route 520 target="Pondicherry" next="Pondicherry Airport" dow=6
[2025-12-11T05:23:05.928Z] [fetchSelectedHotspots] Found 583 total active hotspots
[2025-12-11T05:23:05.939Z] [fetchSelectedHotspots] direct_to_next_visiting_place=0
[2025-12-11T05:23:05.975Z] [fetchSelectedHotspots] source="Pondicherry", destination="Pondicherry Airport"
[2025-12-11T05:23:06.048Z] [fetchSelectedHotspots] Starting coords from stored_locations: (13.0827989, 80.2754246)
[2025-12-11T05:23:06.053Z] [fetchSelectedHotspots] Hotspot 16 "Paradise Beach" → DESTINATION (matches "Pondicherry Airport" - PRIMARY - ONLY)
[2025-12-11T05:23:06.079Z] [fetchSelectedHotspots] Hotspot 17 "Sri Aurobindo Ashram" → DESTINATION (matches "Pondicherry Airport" - PRIMARY)
[2025-12-11T05:23:06.090Z] [fetchSelectedHotspots] Hotspot 18 "Auroville" → DESTINATION (matches "Pondicherry Airport" - PRIMARY)
[2025-12-11T05:23:06.109Z] [fetchSelectedHotspots] Hotspot 19 "Promenade Beach" → DESTINATION (matches "Pondicherry Airport" - PRIMARY)
[2025-12-11T05:23:06.124Z] [fetchSelectedHotspots] Hotspot 20 "Chunnambar Boathouse" → DESTINATION (matches "Pondicherry Airport" - PRIMARY)
[2025-12-11T05:23:06.136Z] [fetchSelectedHotspots] Hotspot 21 "The Basilica of the Sacred Heart of Jesus" → DESTINATION (matches "Pondicherry Airport" - PRIMARY)
[2025-12-11T05:23:06.162Z] [fetchSelectedHotspots] Hotspot 23 "French War Memorial" → DESTINATION (matches "Pondicherry Airport" - PRIMARY - ONLY)
[2025-12-11T05:23:06.169Z] [fetchSelectedHotspots] Hotspot 24 "The Pondicherry Museum" → DESTINATION (matches "Pondicherry Airport" - PRIMARY)
[2025-12-11T05:23:06.198Z] [fetchSelectedHotspots] Hotspot 25 "Manakula Vinayagar Temple" → DESTINATION (matches "Pondicherry Airport" - PRIMARY)
[2025-12-11T05:23:06.238Z] [fetchSelectedHotspots] Hotspot 277 "Pondicherry Backwater" → DESTINATION (matches "Pondicherry Airport" - PRIMARY)
[2025-12-11T05:23:06.244Z] [fetchSelectedHotspots] Hotspot 669 "Eden Beach - Blue flag Beach" → DESTINATION (matches "Pondicherry Airport")
[2025-12-11T05:23:06.270Z] [fetchSelectedHotspots] Hotspot 676 "Botanical Garden" → DESTINATION (matches "Pondicherry Airport")
[2025-12-11T05:23:06.273Z] [fetchSelectedHotspots] Hotspot 677 "Bharathi Park &amp; Aayi Mandapam" → DESTINATION (matches "Pondicherry Airport")
[2025-12-11T05:23:06.296Z] [fetchSelectedHotspots] Hotspot 678 "French Colony" → DESTINATION (matches "Pondicherry Airport")
[2025-12-11T05:23:06.310Z] [fetchSelectedHotspots] Hotspot 679 "Pondi Marina Beach" → DESTINATION (matches "Pondicherry Airport")
[2025-12-11T05:23:06.324Z] [fetchSelectedHotspots] Categorized: source=0, destination=15, via=0
[2025-12-11T05:23:06.347Z] [fetchSelectedHotspots] direct_to_next_visiting_place=0: Processing SOURCE → DESTINATION → VIA
[2025-12-11T05:23:06.354Z] [fetchSelectedHotspots] Matched 15 hotspots after PHP ordering
[2025-12-11T05:23:06.382Z] [fetchSelectedHotspots] First 5 hotspots (sorted): ID=18 "Auroville" priority=1 distance=194.08km, ID=16 "Paradise Beach" priority=1 distance=209.31km, ID=25 "Manakula Vinayagar Temple" priority=2 distance=204.26km, ID=23 "French War Memorial" priority=3 distance=204.86km, ID=21 "The Basilica of the Sacred Heart of Jesus" priority=4 distance=206.23km
[2025-12-11T05:23:06.388Z] [fetchSelectedHotspots] Matched 15 hotspots for route 520
[2025-12-11T05:23:06.412Z] [Timeline] Route 520: Selected 15 hotspots
[2025-12-11T05:23:06.417Z] [Timeline] Route 520 - currentTime: 09:00:00, routeEndTime: 20:00:00, routeEndSeconds: 72000
[2025-12-11T05:23:06.424Z] [Timeline] Hotspot 18 - currentSeconds: 32400, routeEndSeconds: 72000
[2025-12-11T05:23:06.444Z] [Timeline] Processing hotspot 18 for route 520
[2025-12-11T05:23:06.462Z] [Timeline] Hotspot 18 coords: lat=12.008342334177776, lon=79.81781931258232
[2025-12-11T05:23:06.531Z] [Timeline] Checking operating hours for hotspot 18: visit window 09:17:00-11:17:00 on day 6
[2025-12-11T05:23:06.547Z] [Timeline] Hotspot 18 check window: 09:00:00-13:00:00, visit: 09:17:00-11:17:00
[2025-12-11T05:23:06.557Z] [Timeline] Hotspot 18 operating hours OK - entire visit 09:17:00-11:17:00 fits in 09:00:00-13:00:00
[2025-12-11T05:23:06.562Z] [Timeline] Hotspot 18 operating hours OK
[2025-12-11T05:23:06.586Z] [Timeline] Travel type for "Pondicherry" -> "Pondicherry Airport|Pondicherry": 1 (1=local, 2=outstation)
[2025-12-11T05:23:06.661Z] [Timeline] Building hotspot row for hotspot_ID=18
[2025-12-11T05:23:06.695Z] [Timeline] Built hotspot row: item_type=4, hotspot_ID=18, order=2
[2025-12-11T05:23:06.727Z] [Timeline] Hotspot 16 - currentSeconds: 40620, routeEndSeconds: 72000
[2025-12-11T05:23:06.742Z] [Timeline] Processing hotspot 16 for route 520
[2025-12-11T05:23:06.758Z] [Timeline] Hotspot 16 coords: lat=11.894346668881749, lon=79.86265715952393
[2025-12-11T05:23:06.828Z] [Timeline] Checking operating hours for hotspot 16: visit window 11:48:00-12:18:00 on day 6
[2025-12-11T05:23:06.854Z] [Timeline] Hotspot 16 check window: 09:00:00-18:00:00, visit: 11:48:00-12:18:00
[2025-12-11T05:23:06.858Z] [Timeline] Hotspot 16 operating hours OK - entire visit 11:48:00-12:18:00 fits in 09:00:00-18:00:00
[2025-12-11T05:23:06.888Z] [Timeline] Hotspot 16 operating hours OK
[2025-12-11T05:23:06.893Z] [Timeline] Travel type for "Pondicherry Airport|Pondicherry" -> "Pondicherry Airport": 1 (1=local, 2=outstation)
[2025-12-11T05:23:07.184Z] [Timeline] Building hotspot row for hotspot_ID=16
[2025-12-11T05:23:07.399Z] [Timeline] Built hotspot row: item_type=4, hotspot_ID=16, order=3
[2025-12-11T05:23:07.499Z] [Timeline] Hotspot 25 - currentSeconds: 44280, routeEndSeconds: 72000
[2025-12-11T05:23:07.523Z] [Timeline] Processing hotspot 25 for route 520
[2025-12-11T05:23:07.538Z] [Timeline] Hotspot 25 coords: lat=11.936184966220257, lon=79.83484226674099
[2025-12-11T05:23:07.615Z] [Timeline] Checking operating hours for hotspot 25: visit window 12:30:00-13:00:00 on day 6
[2025-12-11T05:23:07.653Z] [Timeline] Hotspot 25 check window: 05:45:00-12:30:00, visit: 12:30:00-13:00:00
[2025-12-11T05:23:07.656Z] [Timeline] Hotspot 25 check window: 16:00:00-20:00:00, visit: 12:30:00-13:00:00
[2025-12-11T05:23:07.680Z] [Timeline] Hotspot 25 operating hours check FAILED - visit 12:30:00-13:00:00 doesn't fit in any window
[2025-12-11T05:23:07.708Z] [Timeline] Hotspot 25 not open during visit window 12:30:00-13:00:00 on day 6, skipping
[2025-12-11T05:23:07.716Z] [Timeline] Hotspot 23 - currentSeconds: 44280, routeEndSeconds: 72000
[2025-12-11T05:23:07.724Z] [Timeline] Processing hotspot 23 for route 520
[2025-12-11T05:23:07.747Z] [Timeline] Hotspot 23 coords: lat=11.93212951685565, lon=79.83535346593922
[2025-12-11T05:23:07.770Z] [Timeline] Checking operating hours for hotspot 23: visit window 12:18:00-12:38:00 on day 6
[2025-12-11T05:23:07.779Z] [Timeline] Hotspot 23 operating hours OK
[2025-12-11T05:23:07.798Z] [Timeline] Travel type for "Pondicherry Airport" -> "Pondicherry Airport": 1 (1=local, 2=outstation)
[2025-12-11T05:23:07.827Z] [Timeline] Building hotspot row for hotspot_ID=23
[2025-12-11T05:23:07.840Z] [Timeline] Built hotspot row: item_type=4, hotspot_ID=23, order=4
[2025-12-11T05:23:07.891Z] [Timeline] Hotspot 21 - currentSeconds: 45480, routeEndSeconds: 72000
[2025-12-11T05:23:07.902Z] [Timeline] Processing hotspot 21 for route 520
[2025-12-11T05:23:07.916Z] [Timeline] Skipping hotspot 21 - already added to plan 5
[2025-12-11T05:23:07.925Z] [Timeline] Hotspot 19 - currentSeconds: 45480, routeEndSeconds: 72000
[2025-12-11T05:23:07.947Z] [Timeline] Processing hotspot 19 for route 520
[2025-12-11T05:23:07.953Z] [Timeline] Skipping hotspot 19 - already added to plan 5
[2025-12-11T05:23:07.982Z] [Timeline] Hotspot 20 - currentSeconds: 45480, routeEndSeconds: 72000
[2025-12-11T05:23:08.052Z] [Timeline] Processing hotspot 20 for route 520
[2025-12-11T05:23:08.064Z] [Timeline] Hotspot 20 coords: lat=11.883875481616602, lon=79.80141705562612
[2025-12-11T05:23:08.144Z] [Timeline] Checking operating hours for hotspot 20: visit window 12:53:00-13:53:00 on day 6
[2025-12-11T05:23:08.176Z] [Timeline] Hotspot 20 check window: 09:30:00-16:00:00, visit: 12:53:00-13:53:00
[2025-12-11T05:23:08.203Z] [Timeline] Hotspot 20 operating hours OK - entire visit 12:53:00-13:53:00 fits in 09:30:00-16:00:00
[2025-12-11T05:23:08.208Z] [Timeline] Hotspot 20 operating hours OK
[2025-12-11T05:23:08.229Z] [Timeline] Travel type for "Pondicherry Airport" -> "Pondicherry Airport|Pondicherry": 1 (1=local, 2=outstation)
[2025-12-11T05:23:08.279Z] [Timeline] Building hotspot row for hotspot_ID=20
[2025-12-11T05:23:08.305Z] [Timeline] Built hotspot row: item_type=4, hotspot_ID=20, order=5
[2025-12-11T05:23:08.333Z] [Timeline] Hotspot 17 - currentSeconds: 49980, routeEndSeconds: 72000
[2025-12-11T05:23:08.360Z] [Timeline] Processing hotspot 17 for route 520
[2025-12-11T05:23:08.361Z] [Timeline] Skipping hotspot 17 - already added to plan 5
[2025-12-11T05:23:08.389Z] [Timeline] Hotspot 24 - currentSeconds: 49980, routeEndSeconds: 72000
[2025-12-11T05:23:08.396Z] [Timeline] Processing hotspot 24 for route 520
[2025-12-11T05:23:08.419Z] [Timeline] Hotspot 24 coords: lat=11.934656339062595, lon=79.83484999477534
[2025-12-11T05:23:08.486Z] [Timeline] Checking operating hours for hotspot 24: visit window 14:08:00-14:38:00 on day 6
[2025-12-11T05:23:08.516Z] [Timeline] Hotspot 24 check window: 09:00:00-18:00:00, visit: 14:08:00-14:38:00
[2025-12-11T05:23:08.519Z] [Timeline] Hotspot 24 operating hours OK - entire visit 14:08:00-14:38:00 fits in 09:00:00-18:00:00
[2025-12-11T05:23:08.546Z] [Timeline] Hotspot 24 operating hours OK
[2025-12-11T05:23:08.549Z] [Timeline] Travel type for "Pondicherry Airport|Pondicherry" -> "Pondicherry Airport|Pondicherry": 1 (1=local, 2=outstation)
[2025-12-11T05:23:08.621Z] [Timeline] Building hotspot row for hotspot_ID=24
[2025-12-11T05:23:08.649Z] [Timeline] Built hotspot row: item_type=4, hotspot_ID=24, order=6
[2025-12-11T05:23:08.694Z] [Timeline] Hotspot 277 - currentSeconds: 52680, routeEndSeconds: 72000
[2025-12-11T05:23:08.730Z] [Timeline] Processing hotspot 277 for route 520
[2025-12-11T05:23:08.749Z] [Timeline] Hotspot 277 coords: lat=11.916309213225349, lon=79.82433098120615
[2025-12-11T05:23:08.823Z] [Timeline] Checking operating hours for hotspot 277: visit window 14:43:00-17:43:00 on day 6
[2025-12-11T05:23:08.853Z] [Timeline] Hotspot 277 check window: 09:00:00-18:00:00, visit: 14:43:00-17:43:00
[2025-12-11T05:23:08.879Z] [Timeline] Hotspot 277 operating hours OK - entire visit 14:43:00-17:43:00 fits in 09:00:00-18:00:00
[2025-12-11T05:23:08.882Z] [Timeline] Hotspot 277 operating hours OK
[2025-12-11T05:23:08.908Z] [Timeline] Travel type for "Pondicherry Airport|Pondicherry" -> "Pondicherry Airport|Pondicherry": 1 (1=local, 2=outstation)
[2025-12-11T05:23:08.979Z] [Timeline] Building hotspot row for hotspot_ID=277
[2025-12-11T05:23:09.045Z] [Timeline] Built hotspot row: item_type=4, hotspot_ID=277, order=7
[2025-12-11T05:23:09.081Z] [Timeline] Hotspot 677 - currentSeconds: 63780, routeEndSeconds: 72000
[2025-12-11T05:23:09.107Z] [Timeline] Processing hotspot 677 for route 520
[2025-12-11T05:23:09.121Z] [Timeline] Skipping hotspot 677 - already added to plan 5
[2025-12-11T05:23:09.146Z] [Timeline] Hotspot 678 - currentSeconds: 63780, routeEndSeconds: 72000
[2025-12-11T05:23:09.153Z] [Timeline] Processing hotspot 678 for route 520
[2025-12-11T05:23:09.180Z] [Timeline] Skipping hotspot 678 - already added to plan 5
[2025-12-11T05:23:09.195Z] [Timeline] Hotspot 676 - currentSeconds: 63780, routeEndSeconds: 72000
[2025-12-11T05:23:09.216Z] [Timeline] Processing hotspot 676 for route 520
[2025-12-11T05:23:09.234Z] [Timeline] Hotspot 676 coords: lat=11.930177048465467, lon=79.8224313245787
[2025-12-11T05:23:09.307Z] [Timeline] Checking operating hours for hotspot 676: visit window 17:47:00-18:47:00 on day 6
[2025-12-11T05:23:09.339Z] [Timeline] Hotspot 676 check window: 10:00:00-17:00:00, visit: 17:47:00-18:47:00
[2025-12-11T05:23:09.355Z] [Timeline] Hotspot 676 operating hours check FAILED - visit 17:47:00-18:47:00 doesn't fit in any window
[2025-12-11T05:23:09.369Z] [Timeline] Hotspot 676 not open during visit window 17:47:00-18:47:00 on day 6, skipping
[2025-12-11T05:23:09.381Z] [Timeline] Hotspot 679 - currentSeconds: 63780, routeEndSeconds: 72000
[2025-12-11T05:23:09.398Z] [Timeline] Processing hotspot 679 for route 520
[2025-12-11T05:23:09.403Z] [Timeline] Skipping hotspot 679 - already added to plan 5
[2025-12-11T05:23:09.404Z] [Timeline] Hotspot 669 - currentSeconds: 63780, routeEndSeconds: 72000
[2025-12-11T05:23:09.414Z] [Timeline] Processing hotspot 669 for route 520
[2025-12-11T05:23:09.417Z] [Timeline] Hotspot 669 coords: lat=11.882310987345338, lon=79.8244548517534
[2025-12-11T05:23:09.469Z] [Timeline] Checking operating hours for hotspot 669: visit window 17:52:00-18:52:00 on day 6
[2025-12-11T05:23:09.475Z] [Timeline] Hotspot 669 check window: 06:00:00-18:00:00, visit: 17:52:00-18:52:00
[2025-12-11T05:23:09.476Z] [Timeline] Hotspot 669 operating hours check FAILED - visit 17:52:00-18:52:00 doesn't fit in any window
[2025-12-11T05:23:09.478Z] [Timeline] Hotspot 669 not open during visit window 17:52:00-18:52:00 on day 6, skipping
[2025-12-11T05:23:09.505Z] [Timeline] Route 520 - Skipping hotel rows (last route - PHP behavior)
[2025-12-11T05:23:09.555Z] [Timeline] Returning 35 hotspot rows and 0 parking rows
[2025-12-11T05:23:09.581Z] [Timeline] Hotspot rows item_types: 1, 3, 4, 5, 6, 1, 3, 4, 3, 4, 3, 4, 3, 4, 3, 4, 3, 4, 3, 4, 5, 6, 3, 4, 3, 4, 3, 4, 3, 4, 3, 4, 3, 4, 7
[2025-12-11T05:23:09.588Z] [Timeline] Hotspot rows hotspot_IDs: , 5, 5, 0, 0, , 4, 4, 21, 21, 19, 19, 17, 17, 677, 677, 678, 678, 679, 679, 0, 0, 18, 18, 16, 16, 23, 23, 20, 20, 24, 24, 277, 277, 0
[2025-12-11T05:23:09.616Z] 
=== LOG FILE SAVED TO: D:\wamp64\www\dvi_fullstack\dvi_backend\tmp\hotspot_optimization_1765430569253.log ===

