[2025-12-11T06:08:34.754Z] === HOTSPOT OPTIMIZATION LOG ===
[2025-12-11T06:08:34.830Z] Started at: 2025-12-11T06:08:34.830Z

[2025-12-11T06:25:32.767Z] [Timeline] Route 545 (Chennai International Airport → Chennai): routeStartTime=11:00:00, routeEndTime=20:00:00, direct_to_next=0
[2025-12-11T06:25:32.812Z] [Timeline] Route 545 starting coords from location_id 165946: (12.9811068, 80.159623)
[2025-12-11T06:25:32.866Z] [Timeline] Route 545 - Added refreshment break: 11:00:00 - 12:00:00
[2025-12-11T06:25:32.918Z] [fetchSelectedHotspots] route 545 target="Chennai International Airport" next="Chennai" dow=4
[2025-12-11T06:25:33.142Z] [fetchSelectedHotspots] Found 583 total active hotspots
[2025-12-11T06:25:33.158Z] [fetchSelectedHotspots] direct_to_next_visiting_place=0
[2025-12-11T06:25:33.187Z] [fetchSelectedHotspots] source="Chennai International Airport", destination="Chennai"
[2025-12-11T06:25:33.233Z] [fetchSelectedHotspots] Starting coords from stored_locations: (12.9811068, 80.159623)
[2025-12-11T06:25:33.324Z] [fetchSelectedHotspots] Hotspot 4 "Kapaleeshwarar Temple" → SOURCE (matches "Chennai International Airport" - PRIMARY)
[2025-12-11T06:25:33.377Z] [fetchSelectedHotspots] Hotspot 4 "Kapaleeshwarar Temple" → DESTINATION (matches "Chennai")
[2025-12-11T06:25:33.447Z] [fetchSelectedHotspots] Hotspot 5 "Marina Beach" → SOURCE (matches "Chennai International Airport" - PRIMARY)
[2025-12-11T06:25:33.474Z] [fetchSelectedHotspots] Hotspot 5 "Marina Beach" → DESTINATION (matches "Chennai")
[2025-12-11T06:25:33.536Z] [fetchSelectedHotspots] Hotspot 6 "Fort St.George Museum" → SOURCE (matches "Chennai International Airport" - PRIMARY)
[2025-12-11T06:25:33.592Z] [fetchSelectedHotspots] Hotspot 7 "Government Museum Chennai" → SOURCE (matches "Chennai International Airport" - PRIMARY)
[2025-12-11T06:25:33.684Z] [fetchSelectedHotspots] Hotspot 8 "Santhome Cathedral Basilica" → SOURCE (matches "Chennai International Airport" - PRIMARY)
[2025-12-11T06:25:33.748Z] [fetchSelectedHotspots] Hotspot 9 "Thousand Lights Mosque" → SOURCE (matches "Chennai International Airport" - PRIMARY)
[2025-12-11T06:25:33.787Z] [fetchSelectedHotspots] Hotspot 10 "Guindy National Park" → SOURCE (matches "Chennai International Airport" - PRIMARY)
[2025-12-11T06:25:33.811Z] [fetchSelectedHotspots] Hotspot 11 "Parthasarathy Temple" → SOURCE (matches "Chennai International Airport" - PRIMARY)
[2025-12-11T06:25:33.861Z] [fetchSelectedHotspots] Hotspot 12 "Vivekanandar House" → SOURCE (matches "Chennai International Airport" - PRIMARY)
[2025-12-11T06:25:33.985Z] [fetchSelectedHotspots] Hotspot 13 "Arignar Anna Zoological Park" → SOURCE (matches "Chennai International Airport" - PRIMARY)
[2025-12-11T06:25:34.153Z] [fetchSelectedHotspots] Hotspot 290 "Vgp snow kingdom" → SOURCE (matches "Chennai International Airport" - PRIMARY)
[2025-12-11T06:25:34.215Z] [fetchSelectedHotspots] Hotspot 291 "Vgp marine kingdom" → SOURCE (matches "Chennai International Airport" - PRIMARY)
[2025-12-11T06:25:34.308Z] [fetchSelectedHotspots] Hotspot 292 "Guindy snake park" → SOURCE (matches "Chennai International Airport" - PRIMARY)
[2025-12-11T06:25:34.349Z] [fetchSelectedHotspots] Hotspot 293 "Queens land" → SOURCE (matches "Chennai International Airport" - PRIMARY)
[2025-12-11T06:25:34.398Z] [fetchSelectedHotspots] Hotspot 294 "light house marina" → SOURCE (matches "Chennai International Airport" - PRIMARY)
[2025-12-11T06:25:34.418Z] [fetchSelectedHotspots] Hotspot 296 "Anna tower park" → SOURCE (matches "Chennai International Airport" - PRIMARY)
[2025-12-11T06:25:34.443Z] [fetchSelectedHotspots] Hotspot 297 "B.M Birla planitourim." → SOURCE (matches "Chennai International Airport" - PRIMARY)
[2025-12-11T06:25:34.477Z] [fetchSelectedHotspots] Hotspot 298 "Click art museum" → SOURCE (matches "Chennai International Airport" - PRIMARY)
[2025-12-11T06:25:34.511Z] [fetchSelectedHotspots] Hotspot 299 "National art gallery" → SOURCE (matches "Chennai International Airport" - PRIMARY)
[2025-12-11T06:25:34.550Z] [fetchSelectedHotspots] Hotspot 300 "M G R  Memorial" → SOURCE (matches "Chennai International Airport" - PRIMARY)
[2025-12-11T06:25:34.580Z] [fetchSelectedHotspots] Hotspot 303 "Anna memorial." → SOURCE (matches "Chennai International Airport" - PRIMARY)
[2025-12-11T06:25:34.598Z] [fetchSelectedHotspots] Hotspot 544 "Shri Ashtalakshmi Temple" → SOURCE (matches "Chennai International Airport" - PRIMARY)
[2025-12-11T06:25:34.624Z] [fetchSelectedHotspots] Hotspot 544 "Shri Ashtalakshmi Temple" → DESTINATION (matches "Chennai")
[2025-12-11T06:25:34.638Z] [fetchSelectedHotspots] Filtered 14 priority-0 SOURCE hotspots (22 → 8)
[2025-12-11T06:25:34.648Z] [fetchSelectedHotspots] Categorized: source=8, destination=3, via=0
[2025-12-11T06:25:34.669Z] [fetchSelectedHotspots] AIRPORT ARRIVAL DETECTED: "Chennai International Airport" → "Chennai"
[2025-12-11T06:25:34.695Z] [fetchSelectedHotspots] direct_to_next_visiting_place=0 + AIRPORT ARRIVAL: Processing DESTINATION → VIA
[2025-12-11T06:25:34.729Z] [fetchSelectedHotspots] Matched 3 hotspots after PHP ordering
[2025-12-11T06:25:34.770Z] [fetchSelectedHotspots] First 5 hotspots (sorted): ID=4 "Kapaleeshwarar Temple" priority=1 distance=19.94km, ID=5 "Marina Beach" priority=2 distance=22.47km, ID=544 "Shri Ashtalakshmi Temple" priority=0 distance=18.11km
[2025-12-11T06:25:34.802Z] [fetchSelectedHotspots] Matched 3 hotspots for route 545
[2025-12-11T06:25:34.847Z] [Timeline] Route 545: Selected 3 hotspots
[2025-12-11T06:25:34.879Z] [Timeline] Route 545 - currentTime: 12:00:00, routeEndTime: 20:00:00, routeEndSeconds: 72000
[2025-12-11T06:25:34.887Z] [Timeline] Hotspot 4 - currentSeconds: 43200, routeEndSeconds: 72000
[2025-12-11T06:25:34.924Z] [Timeline] Processing hotspot 4 for route 545
[2025-12-11T06:25:34.998Z] [Timeline] Hotspot 4 coords: lat=13.033798514213936, lon=80.26977915213011
[2025-12-11T06:25:35.190Z] [Timeline] Checking operating hours for hotspot 4: visit window 12:30:00-13:30:00 on day 4
[2025-12-11T06:25:35.227Z] [Timeline] Hotspot 4 check window: 05:30:00-12:00:00, visit: 12:30:00-13:30:00
[2025-12-11T06:25:35.267Z] [Timeline] Hotspot 4 check window: 16:00:00-20:00:00, visit: 12:30:00-13:30:00
[2025-12-11T06:25:35.321Z] [Timeline] Hotspot 4 operating hours check FAILED - visit 12:30:00-13:30:00 doesn't fit in any window
[2025-12-11T06:25:35.383Z] [Timeline] Hotspot 4 not open during visit window 12:30:00-13:30:00 on day 4, skipping
[2025-12-11T06:25:35.403Z] [Timeline] Hotspot 5 - currentSeconds: 43200, routeEndSeconds: 72000
[2025-12-11T06:25:35.455Z] [Timeline] Processing hotspot 5 for route 545
[2025-12-11T06:25:35.524Z] [Timeline] Hotspot 5 coords: lat=13.051080243192029, lon=80.27775926313883
[2025-12-11T06:25:35.816Z] [Timeline] Checking operating hours for hotspot 5: visit window 12:34:00-13:34:00 on day 4
[2025-12-11T06:25:35.873Z] [Timeline] Hotspot 5 operating hours OK
[2025-12-11T06:25:35.923Z] [Timeline] Travel type for "Chennai International Airport" -> "Chennai International Airport|Chennai Domestic Airport|Chennai Central|Chennai|Chennai Egmore Station|Chennai Koyembedu|ECR Beach, Chennai, Tamil Nadu": 1 (1=local, 2=outstation)
[2025-12-11T06:25:36.367Z] [Timeline] Building hotspot row for hotspot_ID=5
[2025-12-11T06:25:36.465Z] [Timeline] Built hotspot row: item_type=4, hotspot_ID=5, order=2
[2025-12-11T06:25:36.557Z] [Timeline] Hotspot 544 - currentSeconds: 48840, routeEndSeconds: 72000
[2025-12-11T06:25:36.582Z] [Timeline] Processing hotspot 544 for route 545
[2025-12-11T06:25:36.687Z] [Timeline] Hotspot 544 coords: lat=12.993461140291483, lon=80.27030436931474
[2025-12-11T06:25:36.867Z] [Timeline] Checking operating hours for hotspot 544: visit window 13:49:00-19:49:00 on day 4
[2025-12-11T06:25:36.917Z] [Timeline] Hotspot 544 check window: 06:00:00-12:00:00, visit: 13:49:00-19:49:00
[2025-12-11T06:25:37.002Z] [Timeline] Hotspot 544 check window: 16:00:00-20:00:00, visit: 13:49:00-19:49:00
[2025-12-11T06:25:37.039Z] [Timeline] Hotspot 544 operating hours check FAILED - visit 13:49:00-19:49:00 doesn't fit in any window
[2025-12-11T06:25:37.096Z] [Timeline] Hotspot 544 not open during visit window 13:49:00-19:49:00 on day 4, skipping
[2025-12-11T06:25:37.239Z] [Timeline] Route 546 (Chennai → Pondicherry): routeStartTime=08:00:00, routeEndTime=20:00:00, direct_to_next=0
[2025-12-11T06:25:37.345Z] [Timeline] Route 546 starting coords from location_id 762: (13.0843007, 80.2704622)
[2025-12-11T06:25:37.455Z] [Timeline] Route 546 - Added refreshment break: 08:00:00 - 09:00:00
[2025-12-11T06:25:37.539Z] [fetchSelectedHotspots] route 546 target="Chennai" next="Pondicherry" dow=5
[2025-12-11T06:25:37.740Z] [fetchSelectedHotspots] Found 583 total active hotspots
[2025-12-11T06:25:37.812Z] [fetchSelectedHotspots] direct_to_next_visiting_place=0
[2025-12-11T06:25:37.911Z] [fetchSelectedHotspots] source="Chennai", destination="Pondicherry"
[2025-12-11T06:25:38.450Z] [fetchSelectedHotspots] Starting coords from stored_locations: (12.9811068, 80.159623)
[2025-12-11T06:25:38.526Z] [fetchSelectedHotspots] Hotspot 4 "Kapaleeshwarar Temple" → SOURCE (matches "Chennai")
[2025-12-11T06:25:38.585Z] [fetchSelectedHotspots] Hotspot 5 "Marina Beach" → SOURCE (matches "Chennai")
[2025-12-11T06:25:38.624Z] [fetchSelectedHotspots] Hotspot 17 "Sri Aurobindo Ashram" → DESTINATION (matches "Pondicherry")
[2025-12-11T06:25:38.687Z] [fetchSelectedHotspots] Hotspot 18 "Auroville" → DESTINATION (matches "Pondicherry")
[2025-12-11T06:25:38.756Z] [fetchSelectedHotspots] Hotspot 19 "Promenade Beach" → DESTINATION (matches "Pondicherry")
[2025-12-11T06:25:38.867Z] [fetchSelectedHotspots] Hotspot 20 "Chunnambar Boathouse" → DESTINATION (matches "Pondicherry")
[2025-12-11T06:25:38.912Z] [fetchSelectedHotspots] Hotspot 21 "The Basilica of the Sacred Heart of Jesus" → DESTINATION (matches "Pondicherry")
[2025-12-11T06:25:38.951Z] [fetchSelectedHotspots] Hotspot 24 "The Pondicherry Museum" → DESTINATION (matches "Pondicherry")
[2025-12-11T06:25:39.070Z] [fetchSelectedHotspots] Hotspot 25 "Manakula Vinayagar Temple" → DESTINATION (matches "Pondicherry")
[2025-12-11T06:25:39.165Z] [fetchSelectedHotspots] Hotspot 277 "Pondicherry Backwater" → DESTINATION (matches "Pondicherry")
[2025-12-11T06:25:39.247Z] [fetchSelectedHotspots] Hotspot 544 "Shri Ashtalakshmi Temple" → SOURCE (matches "Chennai")
[2025-12-11T06:25:39.315Z] [fetchSelectedHotspots] Hotspot 669 "Eden Beach - Blue flag Beach" → DESTINATION (matches "Pondicherry" - PRIMARY)
[2025-12-11T06:25:39.357Z] [fetchSelectedHotspots] Hotspot 676 "Botanical Garden" → DESTINATION (matches "Pondicherry" - PRIMARY)
[2025-12-11T06:25:39.412Z] [fetchSelectedHotspots] Hotspot 677 "Bharathi Park &amp; Aayi Mandapam" → DESTINATION (matches "Pondicherry" - PRIMARY)
[2025-12-11T06:25:39.457Z] [fetchSelectedHotspots] Hotspot 678 "French Colony" → DESTINATION (matches "Pondicherry" - PRIMARY)
[2025-12-11T06:25:39.506Z] [fetchSelectedHotspots] Hotspot 679 "Pondi Marina Beach" → DESTINATION (matches "Pondicherry" - PRIMARY)
[2025-12-11T06:25:39.553Z] [fetchSelectedHotspots] Filtered 1 priority-0 SOURCE hotspots (3 → 2)
[2025-12-11T06:25:39.612Z] [fetchSelectedHotspots] Categorized: source=2, destination=13, via=0
[2025-12-11T06:25:39.683Z] [fetchSelectedHotspots] direct_to_next_visiting_place=0: Processing SOURCE → DESTINATION → VIA
[2025-12-11T06:25:39.736Z] [fetchSelectedHotspots] Matched 15 hotspots after PHP ordering
[2025-12-11T06:25:39.784Z] [fetchSelectedHotspots] First 5 hotspots (sorted): ID=4 "Kapaleeshwarar Temple" priority=1 distance=19.94km, ID=5 "Marina Beach" priority=2 distance=22.47km, ID=18 "Auroville" priority=1 distance=171.53km, ID=25 "Manakula Vinayagar Temple" priority=2 distance=182.13km, ID=21 "The Basilica of the Sacred Heart of Jesus" priority=4 distance=184.07km
[2025-12-11T06:25:39.849Z] [fetchSelectedHotspots] Matched 15 hotspots for route 546
[2025-12-11T06:25:39.889Z] [Timeline] Route 546: Selected 15 hotspots
[2025-12-11T06:25:39.940Z] [Timeline] Route 546 - currentTime: 09:00:00, routeEndTime: 20:00:00, routeEndSeconds: 72000
[2025-12-11T06:25:40.002Z] [Timeline] Hotspot 4 - currentSeconds: 32400, routeEndSeconds: 72000
[2025-12-11T06:25:40.048Z] [Timeline] Processing hotspot 4 for route 546
[2025-12-11T06:25:40.119Z] [Timeline] Hotspot 4 coords: lat=13.033798514213936, lon=80.26977915213011
[2025-12-11T06:25:40.416Z] [Timeline] Checking operating hours for hotspot 4: visit window 09:13:00-10:13:00 on day 5
[2025-12-11T06:25:40.472Z] [Timeline] Hotspot 4 check window: 05:30:00-12:00:00, visit: 09:13:00-10:13:00
[2025-12-11T06:25:40.495Z] [Timeline] Hotspot 4 operating hours OK - entire visit 09:13:00-10:13:00 fits in 05:30:00-12:00:00
[2025-12-11T06:25:40.555Z] [Timeline] Hotspot 4 operating hours OK
[2025-12-11T06:25:40.598Z] [Timeline] Travel type for "Chennai" -> "Chennai International Airport|Chennai Domestic Airport|Chennai Central|Chennai|Chennai Egmore Station|Chennai Koyembedu|ECR Beach, Chennai, Tamil Nadu": 1 (1=local, 2=outstation)
[2025-12-11T06:25:40.770Z] [Timeline] Building hotspot row for hotspot_ID=4
[2025-12-11T06:25:40.851Z] [Timeline] Built hotspot row: item_type=4, hotspot_ID=4, order=2
[2025-12-11T06:25:40.944Z] [Timeline] Hotspot 5 - currentSeconds: 36780, routeEndSeconds: 72000
[2025-12-11T06:25:41.001Z] [Timeline] Processing hotspot 5 for route 546
[2025-12-11T06:25:41.086Z] [Timeline] Skipping hotspot 5 - already added to plan 5
[2025-12-11T06:25:41.123Z] [Timeline] Hotspot 18 - currentSeconds: 36780, routeEndSeconds: 72000
[2025-12-11T06:25:41.154Z] [Timeline] Processing hotspot 18 for route 546
[2025-12-11T06:25:41.307Z] [Timeline] Hotspot 18 coords: lat=12.008342334177776, lon=79.81781931258232
[2025-12-11T06:25:41.700Z] [Timeline] Checking operating hours for hotspot 18: visit window 13:19:00-15:19:00 on day 5
[2025-12-11T06:25:41.780Z] [Timeline] Hotspot 18 check window: 09:00:00-13:00:00, visit: 13:19:00-15:19:00
[2025-12-11T06:25:41.827Z] [Timeline] Hotspot 18 check window: 13:30:00-17:00:00, visit: 13:19:00-15:19:00
[2025-12-11T06:25:41.870Z] [Timeline] Hotspot 18 operating hours check FAILED - visit 13:19:00-15:19:00 doesn't fit in any window
[2025-12-11T06:25:41.906Z] [Timeline] Hotspot 18 not open during visit window 13:19:00-15:19:00 on day 5, skipping
[2025-12-11T06:25:41.949Z] [Timeline] Hotspot 25 - currentSeconds: 36780, routeEndSeconds: 72000
[2025-12-11T06:25:41.965Z] [Timeline] Processing hotspot 25 for route 546
[2025-12-11T06:25:42.186Z] [Timeline] Hotspot 25 coords: lat=11.936184966220257, lon=79.83484226674099
[2025-12-11T06:25:42.835Z] [Timeline] Checking operating hours for hotspot 25: visit window 13:29:00-13:59:00 on day 5
[2025-12-11T06:25:43.064Z] [Timeline] Hotspot 25 check window: 17:45:00-12:30:00, visit: 13:29:00-13:59:00
[2025-12-11T06:25:43.157Z] [Timeline] Hotspot 25 check window: 16:00:00-20:00:00, visit: 13:29:00-13:59:00
[2025-12-11T06:25:43.384Z] [Timeline] Hotspot 25 operating hours check FAILED - visit 13:29:00-13:59:00 doesn't fit in any window
[2025-12-11T06:25:43.757Z] [Timeline] Hotspot 25 not open during visit window 13:29:00-13:59:00 on day 5, skipping
[2025-12-11T06:25:44.209Z] [Timeline] Hotspot 21 - currentSeconds: 36780, routeEndSeconds: 72000
[2025-12-11T06:25:44.499Z] [Timeline] Processing hotspot 21 for route 546
[2025-12-11T06:25:44.778Z] [Timeline] Hotspot 21 coords: lat=11.926178758041798, lon=79.82779781515121
[2025-12-11T06:25:45.435Z] [Timeline] Checking operating hours for hotspot 21: visit window 13:31:00-14:01:00 on day 5
[2025-12-11T06:25:45.512Z] [Timeline] Hotspot 21 check window: 06:00:00-19:00:00, visit: 13:31:00-14:01:00
[2025-12-11T06:25:45.583Z] [Timeline] Hotspot 21 operating hours OK - entire visit 13:31:00-14:01:00 fits in 06:00:00-19:00:00
[2025-12-11T06:25:45.677Z] [Timeline] Hotspot 21 operating hours OK
[2025-12-11T06:25:45.705Z] [Timeline] Travel type for "Chennai International Airport|Chennai Domestic Airport|Chennai Central|Chennai|Chennai Egmore Station|Chennai Koyembedu|ECR Beach, Chennai, Tamil Nadu" -> "Pondicherry Airport|Pondicherry": 2 (1=local, 2=outstation)
[2025-12-11T06:25:45.920Z] [Timeline] Building hotspot row for hotspot_ID=21
[2025-12-11T06:25:46.001Z] [Timeline] Built hotspot row: item_type=4, hotspot_ID=21, order=3
[2025-12-11T06:25:46.135Z] [Timeline] Hotspot 19 - currentSeconds: 50460, routeEndSeconds: 72000
[2025-12-11T06:25:46.196Z] [Timeline] Processing hotspot 19 for route 546
[2025-12-11T06:25:46.222Z] [Timeline] Hotspot 19 coords: lat=11.931203427435934, lon=79.83580349426904
[2025-12-11T06:25:46.598Z] [Timeline] Checking operating hours for hotspot 19: visit window 14:03:00-15:03:00 on day 5
[2025-12-11T06:25:46.770Z] [Timeline] Hotspot 19 check window: 06:00:00-20:00:00, visit: 14:03:00-15:03:00
[2025-12-11T06:25:46.898Z] [Timeline] Hotspot 19 operating hours OK - entire visit 14:03:00-15:03:00 fits in 06:00:00-20:00:00
[2025-12-11T06:25:47.006Z] [Timeline] Hotspot 19 operating hours OK
[2025-12-11T06:25:47.150Z] [Timeline] Travel type for "Pondicherry Airport|Pondicherry" -> "Pondicherry Airport|Pondicherry": 1 (1=local, 2=outstation)
[2025-12-11T06:25:48.225Z] [Timeline] Building hotspot row for hotspot_ID=19
[2025-12-11T06:25:48.413Z] [Timeline] Built hotspot row: item_type=4, hotspot_ID=19, order=4
[2025-12-11T06:25:48.760Z] [Timeline] Hotspot 20 - currentSeconds: 54180, routeEndSeconds: 72000
[2025-12-11T06:25:48.843Z] [Timeline] Processing hotspot 20 for route 546
[2025-12-11T06:25:49.039Z] [Timeline] Hotspot 20 coords: lat=11.883875481616602, lon=79.80141705562612
[2025-12-11T06:25:49.514Z] [Timeline] Checking operating hours for hotspot 20: visit window 15:18:00-16:18:00 on day 5
[2025-12-11T06:25:49.552Z] [Timeline] Hotspot 20 check window: 09:30:00-16:00:00, visit: 15:18:00-16:18:00
[2025-12-11T06:25:49.564Z] [Timeline] Hotspot 20 operating hours check FAILED - visit 15:18:00-16:18:00 doesn't fit in any window
[2025-12-11T06:25:49.602Z] [Timeline] Hotspot 20 not open during visit window 15:18:00-16:18:00 on day 5, skipping
[2025-12-11T06:25:49.618Z] [Timeline] Hotspot 17 - currentSeconds: 54180, routeEndSeconds: 72000
[2025-12-11T06:25:49.655Z] [Timeline] Processing hotspot 17 for route 546
[2025-12-11T06:25:49.702Z] [Timeline] Hotspot 17 coords: lat=11.936929030828965, lon=79.83477998559515
[2025-12-11T06:25:49.815Z] [Timeline] Checking operating hours for hotspot 17: visit window 15:04:00-16:04:00 on day 5
[2025-12-11T06:25:49.861Z] [Timeline] Hotspot 17 check window: 10:30:00-19:00:00, visit: 15:04:00-16:04:00
[2025-12-11T06:25:49.895Z] [Timeline] Hotspot 17 operating hours OK - entire visit 15:04:00-16:04:00 fits in 10:30:00-19:00:00
[2025-12-11T06:25:49.900Z] [Timeline] Hotspot 17 operating hours OK
[2025-12-11T06:25:49.913Z] [Timeline] Travel type for "Pondicherry Airport|Pondicherry" -> "Pondicherry Airport|Pondicherry": 1 (1=local, 2=outstation)
[2025-12-11T06:25:50.116Z] [Timeline] Building hotspot row for hotspot_ID=17
[2025-12-11T06:25:50.178Z] [Timeline] Built hotspot row: item_type=4, hotspot_ID=17, order=5
[2025-12-11T06:25:50.251Z] [Timeline] Hotspot 677 - currentSeconds: 57840, routeEndSeconds: 72000
[2025-12-11T06:25:50.310Z] [Timeline] Processing hotspot 677 for route 546
[2025-12-11T06:25:50.373Z] [Timeline] Hotspot 677 coords: lat=11.933029585291068, lon=79.83418306595088
[2025-12-11T06:25:50.466Z] [Timeline] Checking operating hours for hotspot 677: visit window 16:05:00-16:50:00 on day 5
[2025-12-11T06:25:50.499Z] [Timeline] Hotspot 677 check window: 06:00:00-19:00:00, visit: 16:05:00-16:50:00
[2025-12-11T06:25:50.510Z] [Timeline] Hotspot 677 operating hours OK - entire visit 16:05:00-16:50:00 fits in 06:00:00-19:00:00
[2025-12-11T06:25:50.539Z] [Timeline] Hotspot 677 operating hours OK
[2025-12-11T06:25:50.577Z] [Timeline] Travel type for "Pondicherry Airport|Pondicherry" -> "Pondicherry|Pondicherry Airport": 1 (1=local, 2=outstation)
[2025-12-11T06:25:50.658Z] [Timeline] Building hotspot row for hotspot_ID=677
[2025-12-11T06:25:50.699Z] [Timeline] Built hotspot row: item_type=4, hotspot_ID=677, order=6
[2025-12-11T06:25:50.787Z] [Timeline] Hotspot 678 - currentSeconds: 60600, routeEndSeconds: 72000
[2025-12-11T06:25:50.830Z] [Timeline] Processing hotspot 678 for route 546
[2025-12-11T06:25:50.846Z] [Timeline] Hotspot 678 coords: lat=11.928492248303817, lon=79.83303242117643
[2025-12-11T06:25:50.948Z] [Timeline] Checking operating hours for hotspot 678: visit window 16:51:00-17:51:00 on day 5
[2025-12-11T06:25:50.974Z] [Timeline] Hotspot 678 operating hours OK
[2025-12-11T06:25:50.985Z] [Timeline] Travel type for "Pondicherry|Pondicherry Airport" -> "Pondicherry|Pondicherry Airport": 1 (1=local, 2=outstation)
[2025-12-11T06:25:51.144Z] [Timeline] Building hotspot row for hotspot_ID=678
[2025-12-11T06:25:51.178Z] [Timeline] Built hotspot row: item_type=4, hotspot_ID=678, order=7
[2025-12-11T06:25:51.239Z] [Timeline] Hotspot 676 - currentSeconds: 64260, routeEndSeconds: 72000
[2025-12-11T06:25:51.272Z] [Timeline] Processing hotspot 676 for route 546
[2025-12-11T06:25:51.391Z] [Timeline] Hotspot 676 coords: lat=11.930177048465467, lon=79.8224313245787
[2025-12-11T06:25:51.643Z] [Timeline] Checking operating hours for hotspot 676: visit window 17:54:00-18:54:00 on day 5
[2025-12-11T06:25:51.676Z] [Timeline] Hotspot 676 check window: 10:00:00-17:00:00, visit: 17:54:00-18:54:00
[2025-12-11T06:25:51.705Z] [Timeline] Hotspot 676 operating hours check FAILED - visit 17:54:00-18:54:00 doesn't fit in any window
[2025-12-11T06:25:51.727Z] [Timeline] Hotspot 676 not open during visit window 17:54:00-18:54:00 on day 5, skipping
[2025-12-11T06:25:51.777Z] [Timeline] Hotspot 679 - currentSeconds: 64260, routeEndSeconds: 72000
[2025-12-11T06:25:51.805Z] [Timeline] Processing hotspot 679 for route 546
[2025-12-11T06:25:51.813Z] [Timeline] Hotspot 679 coords: lat=11.913052113056816, lon=79.82932149874199
[2025-12-11T06:25:51.935Z] [Timeline] Checking operating hours for hotspot 679: visit window 17:55:00-18:25:00 on day 5
[2025-12-11T06:25:51.965Z] [Timeline] Hotspot 679 operating hours OK
[2025-12-11T06:25:51.979Z] [Timeline] Travel type for "Pondicherry|Pondicherry Airport" -> "Pondicherry|Pondicherry Airport": 1 (1=local, 2=outstation)
[2025-12-11T06:25:52.166Z] [Timeline] Building hotspot row for hotspot_ID=679
[2025-12-11T06:25:52.417Z] [Timeline] Built hotspot row: item_type=4, hotspot_ID=679, order=8
[2025-12-11T06:25:52.647Z] [Timeline] Hotspot 669 - currentSeconds: 66300, routeEndSeconds: 72000
[2025-12-11T06:25:52.714Z] [Timeline] Processing hotspot 669 for route 546
[2025-12-11T06:25:52.822Z] [Timeline] Hotspot 669 coords: lat=11.882310987345338, lon=79.8244548517534
[2025-12-11T06:25:53.202Z] [Timeline] Checking operating hours for hotspot 669: visit window 18:33:00-19:33:00 on day 5
[2025-12-11T06:25:53.278Z] [Timeline] Hotspot 669 check window: 06:00:00-18:00:00, visit: 18:33:00-19:33:00
[2025-12-11T06:25:53.367Z] [Timeline] Hotspot 669 operating hours check FAILED - visit 18:33:00-19:33:00 doesn't fit in any window
[2025-12-11T06:25:53.411Z] [Timeline] Hotspot 669 not open during visit window 18:33:00-19:33:00 on day 5, skipping
[2025-12-11T06:25:53.428Z] [Timeline] Hotspot 24 - currentSeconds: 66300, routeEndSeconds: 72000
[2025-12-11T06:25:53.462Z] [Timeline] Processing hotspot 24 for route 546
[2025-12-11T06:25:53.480Z] [Timeline] Hotspot 24 coords: lat=11.934656339062595, lon=79.83484999477534
[2025-12-11T06:25:53.630Z] [Timeline] Checking operating hours for hotspot 24: visit window 18:31:00-19:01:00 on day 5
[2025-12-11T06:25:53.670Z] [Timeline] Hotspot 24 check window: 09:00:00-18:00:00, visit: 18:31:00-19:01:00
[2025-12-11T06:25:53.710Z] [Timeline] Hotspot 24 operating hours check FAILED - visit 18:31:00-19:01:00 doesn't fit in any window
[2025-12-11T06:25:53.729Z] [Timeline] Hotspot 24 not open during visit window 18:31:00-19:01:00 on day 5, skipping
[2025-12-11T06:25:53.787Z] [Timeline] Hotspot 277 - currentSeconds: 66300, routeEndSeconds: 72000
[2025-12-11T06:25:53.862Z] [Timeline] Processing hotspot 277 for route 546
[2025-12-11T06:25:53.939Z] [Timeline] Hotspot 277 coords: lat=11.916309213225349, lon=79.82433098120615
[2025-12-11T06:25:54.098Z] [Timeline] Checking operating hours for hotspot 277: visit window 18:26:00-21:26:00 on day 5
[2025-12-11T06:25:54.152Z] [Timeline] Hotspot 277 check window: 09:00:00-18:00:00, visit: 18:26:00-21:26:00
[2025-12-11T06:25:54.197Z] [Timeline] Hotspot 277 operating hours check FAILED - visit 18:26:00-21:26:00 doesn't fit in any window
[2025-12-11T06:25:54.269Z] [Timeline] Hotspot 277 not open during visit window 18:26:00-21:26:00 on day 5, skipping
[2025-12-11T06:25:54.476Z] [Timeline] Route 547 (Pondicherry → Pondicherry Airport): routeStartTime=08:00:00, routeEndTime=20:00:00, direct_to_next=0
[2025-12-11T06:25:54.538Z] [Timeline] Route 547 starting coords from location_id 5922: (11.9415915, 79.8083133)
[2025-12-11T06:25:54.594Z] [Timeline] Route 547 - Skipping refreshment row (last route) but advancing time by 01:00:00 to 09:00:00
[2025-12-11T06:25:54.632Z] [fetchSelectedHotspots] route 547 target="Pondicherry" next="Pondicherry Airport" dow=6
[2025-12-11T06:25:54.820Z] [fetchSelectedHotspots] Found 583 total active hotspots
[2025-12-11T06:25:54.827Z] [fetchSelectedHotspots] direct_to_next_visiting_place=0
[2025-12-11T06:25:54.858Z] [fetchSelectedHotspots] source="Pondicherry", destination="Pondicherry Airport"
[2025-12-11T06:25:54.884Z] [fetchSelectedHotspots] Starting coords from stored_locations: (13.0827989, 80.2754246)
[2025-12-11T06:25:54.899Z] [fetchSelectedHotspots] Hotspot 16 "Paradise Beach" → DESTINATION (matches "Pondicherry Airport" - PRIMARY - ONLY)
[2025-12-11T06:25:54.904Z] [fetchSelectedHotspots] Hotspot 17 "Sri Aurobindo Ashram" → DESTINATION (matches "Pondicherry Airport" - PRIMARY)
[2025-12-11T06:25:54.907Z] [fetchSelectedHotspots] Hotspot 18 "Auroville" → DESTINATION (matches "Pondicherry Airport" - PRIMARY)
[2025-12-11T06:25:54.916Z] [fetchSelectedHotspots] Hotspot 19 "Promenade Beach" → DESTINATION (matches "Pondicherry Airport" - PRIMARY)
[2025-12-11T06:25:54.918Z] [fetchSelectedHotspots] Hotspot 20 "Chunnambar Boathouse" → DESTINATION (matches "Pondicherry Airport" - PRIMARY)
[2025-12-11T06:25:54.939Z] [fetchSelectedHotspots] Hotspot 21 "The Basilica of the Sacred Heart of Jesus" → DESTINATION (matches "Pondicherry Airport" - PRIMARY)
[2025-12-11T06:25:54.982Z] [fetchSelectedHotspots] Hotspot 23 "French War Memorial" → DESTINATION (matches "Pondicherry Airport" - PRIMARY - ONLY)
[2025-12-11T06:25:55.021Z] [fetchSelectedHotspots] Hotspot 24 "The Pondicherry Museum" → DESTINATION (matches "Pondicherry Airport" - PRIMARY)
[2025-12-11T06:25:55.054Z] [fetchSelectedHotspots] Hotspot 25 "Manakula Vinayagar Temple" → DESTINATION (matches "Pondicherry Airport" - PRIMARY)
[2025-12-11T06:25:55.087Z] [fetchSelectedHotspots] Hotspot 277 "Pondicherry Backwater" → DESTINATION (matches "Pondicherry Airport" - PRIMARY)
[2025-12-11T06:25:55.131Z] [fetchSelectedHotspots] Hotspot 669 "Eden Beach - Blue flag Beach" → SOURCE (matches "Pondicherry" - PRIMARY)
[2025-12-11T06:25:55.175Z] [fetchSelectedHotspots] Hotspot 669 "Eden Beach - Blue flag Beach" → DESTINATION (matches "Pondicherry Airport")
[2025-12-11T06:25:55.202Z] [fetchSelectedHotspots] Hotspot 676 "Botanical Garden" → SOURCE (matches "Pondicherry" - PRIMARY)
[2025-12-11T06:25:55.221Z] [fetchSelectedHotspots] Hotspot 676 "Botanical Garden" → DESTINATION (matches "Pondicherry Airport")
[2025-12-11T06:25:55.234Z] [fetchSelectedHotspots] Hotspot 677 "Bharathi Park &amp; Aayi Mandapam" → SOURCE (matches "Pondicherry" - PRIMARY)
[2025-12-11T06:25:55.251Z] [fetchSelectedHotspots] Hotspot 677 "Bharathi Park &amp; Aayi Mandapam" → DESTINATION (matches "Pondicherry Airport")
[2025-12-11T06:25:55.253Z] [fetchSelectedHotspots] Hotspot 678 "French Colony" → SOURCE (matches "Pondicherry" - PRIMARY)
[2025-12-11T06:25:55.283Z] [fetchSelectedHotspots] Hotspot 678 "French Colony" → DESTINATION (matches "Pondicherry Airport")
[2025-12-11T06:25:55.284Z] [fetchSelectedHotspots] Hotspot 679 "Pondi Marina Beach" → SOURCE (matches "Pondicherry" - PRIMARY)
[2025-12-11T06:25:55.337Z] [fetchSelectedHotspots] Hotspot 679 "Pondi Marina Beach" → DESTINATION (matches "Pondicherry Airport")
[2025-12-11T06:25:55.376Z] [fetchSelectedHotspots] Filtered 5 priority-0 SOURCE hotspots (5 → 0)
[2025-12-11T06:25:55.415Z] [fetchSelectedHotspots] Categorized: source=0, destination=15, via=0
[2025-12-11T06:25:55.457Z] [fetchSelectedHotspots] direct_to_next_visiting_place=0: Processing SOURCE → DESTINATION → VIA
[2025-12-11T06:25:55.489Z] [fetchSelectedHotspots] Matched 15 hotspots after PHP ordering
[2025-12-11T06:25:55.530Z] [fetchSelectedHotspots] First 5 hotspots (sorted): ID=18 "Auroville" priority=1 distance=194.08km, ID=16 "Paradise Beach" priority=1 distance=209.31km, ID=25 "Manakula Vinayagar Temple" priority=2 distance=204.26km, ID=23 "French War Memorial" priority=3 distance=204.86km, ID=21 "The Basilica of the Sacred Heart of Jesus" priority=4 distance=206.23km
[2025-12-11T06:25:55.545Z] [fetchSelectedHotspots] Matched 15 hotspots for route 547
[2025-12-11T06:25:55.604Z] [Timeline] Route 547: Selected 15 hotspots
[2025-12-11T06:25:55.625Z] [Timeline] Route 547 - currentTime: 09:00:00, routeEndTime: 20:00:00, routeEndSeconds: 72000
[2025-12-11T06:25:55.784Z] [Timeline] Hotspot 18 - currentSeconds: 32400, routeEndSeconds: 72000
[2025-12-11T06:25:55.937Z] [Timeline] Processing hotspot 18 for route 547
[2025-12-11T06:25:55.949Z] [Timeline] Hotspot 18 coords: lat=12.008342334177776, lon=79.81781931258232
[2025-12-11T06:25:56.087Z] [Timeline] Checking operating hours for hotspot 18: visit window 09:17:00-11:17:00 on day 6
[2025-12-11T06:25:56.138Z] [Timeline] Hotspot 18 check window: 09:00:00-13:00:00, visit: 09:17:00-11:17:00
[2025-12-11T06:25:56.171Z] [Timeline] Hotspot 18 operating hours OK - entire visit 09:17:00-11:17:00 fits in 09:00:00-13:00:00
[2025-12-11T06:25:56.189Z] [Timeline] Hotspot 18 operating hours OK
[2025-12-11T06:25:56.217Z] [Timeline] Travel type for "Pondicherry" -> "Pondicherry Airport|Pondicherry": 1 (1=local, 2=outstation)
[2025-12-11T06:25:56.362Z] [Timeline] Building hotspot row for hotspot_ID=18
[2025-12-11T06:25:56.384Z] [Timeline] Built hotspot row: item_type=4, hotspot_ID=18, order=2
[2025-12-11T06:25:56.455Z] [Timeline] Hotspot 16 - currentSeconds: 40620, routeEndSeconds: 72000
[2025-12-11T06:25:56.461Z] [Timeline] Processing hotspot 16 for route 547
[2025-12-11T06:25:56.506Z] [Timeline] Hotspot 16 coords: lat=11.894346668881749, lon=79.86265715952393
[2025-12-11T06:25:56.538Z] [Timeline] Checking operating hours for hotspot 16: visit window 11:48:00-12:18:00 on day 6
[2025-12-11T06:25:56.549Z] [Timeline] Hotspot 16 check window: 09:00:00-18:00:00, visit: 11:48:00-12:18:00
[2025-12-11T06:25:56.552Z] [Timeline] Hotspot 16 operating hours OK - entire visit 11:48:00-12:18:00 fits in 09:00:00-18:00:00
[2025-12-11T06:25:56.576Z] [Timeline] Hotspot 16 operating hours OK
[2025-12-11T06:25:56.651Z] [Timeline] Travel type for "Pondicherry Airport|Pondicherry" -> "Pondicherry Airport": 1 (1=local, 2=outstation)
[2025-12-11T06:25:56.919Z] [Timeline] Building hotspot row for hotspot_ID=16
[2025-12-11T06:25:56.977Z] [Timeline] Built hotspot row: item_type=4, hotspot_ID=16, order=3
[2025-12-11T06:25:57.088Z] [Timeline] Hotspot 25 - currentSeconds: 44280, routeEndSeconds: 72000
[2025-12-11T06:25:57.168Z] [Timeline] Processing hotspot 25 for route 547
[2025-12-11T06:25:57.249Z] [Timeline] Hotspot 25 coords: lat=11.936184966220257, lon=79.83484226674099
[2025-12-11T06:25:57.480Z] [Timeline] Checking operating hours for hotspot 25: visit window 12:30:00-13:00:00 on day 6
[2025-12-11T06:25:57.538Z] [Timeline] Hotspot 25 check window: 05:45:00-12:30:00, visit: 12:30:00-13:00:00
[2025-12-11T06:25:57.569Z] [Timeline] Hotspot 25 check window: 16:00:00-20:00:00, visit: 12:30:00-13:00:00
[2025-12-11T06:25:57.643Z] [Timeline] Hotspot 25 operating hours check FAILED - visit 12:30:00-13:00:00 doesn't fit in any window
[2025-12-11T06:25:57.689Z] [Timeline] Hotspot 25 not open during visit window 12:30:00-13:00:00 on day 6, skipping
[2025-12-11T06:25:57.751Z] [Timeline] Hotspot 23 - currentSeconds: 44280, routeEndSeconds: 72000
[2025-12-11T06:25:57.799Z] [Timeline] Processing hotspot 23 for route 547
[2025-12-11T06:25:57.850Z] [Timeline] Hotspot 23 coords: lat=11.93212951685565, lon=79.83535346593922
[2025-12-11T06:25:57.946Z] [Timeline] Checking operating hours for hotspot 23: visit window 12:18:00-12:38:00 on day 6
[2025-12-11T06:25:58.002Z] [Timeline] Hotspot 23 operating hours OK
[2025-12-11T06:25:58.050Z] [Timeline] Travel type for "Pondicherry Airport" -> "Pondicherry Airport": 1 (1=local, 2=outstation)
[2025-12-11T06:25:58.189Z] [Timeline] Building hotspot row for hotspot_ID=23
[2025-12-11T06:25:58.322Z] [Timeline] Built hotspot row: item_type=4, hotspot_ID=23, order=4
[2025-12-11T06:25:58.604Z] [Timeline] Hotspot 21 - currentSeconds: 45480, routeEndSeconds: 72000
[2025-12-11T06:25:58.687Z] [Timeline] Processing hotspot 21 for route 547
[2025-12-11T06:25:58.752Z] [Timeline] Skipping hotspot 21 - already added to plan 5
[2025-12-11T06:25:58.817Z] [Timeline] Hotspot 19 - currentSeconds: 45480, routeEndSeconds: 72000
[2025-12-11T06:25:58.865Z] [Timeline] Processing hotspot 19 for route 547
[2025-12-11T06:25:58.928Z] [Timeline] Skipping hotspot 19 - already added to plan 5
[2025-12-11T06:25:58.937Z] [Timeline] Hotspot 20 - currentSeconds: 45480, routeEndSeconds: 72000
[2025-12-11T06:25:58.970Z] [Timeline] Processing hotspot 20 for route 547
[2025-12-11T06:25:58.998Z] [Timeline] Hotspot 20 coords: lat=11.883875481616602, lon=79.80141705562612
[2025-12-11T06:25:59.078Z] [Timeline] Checking operating hours for hotspot 20: visit window 12:53:00-13:53:00 on day 6
[2025-12-11T06:25:59.101Z] [Timeline] Hotspot 20 check window: 09:30:00-16:00:00, visit: 12:53:00-13:53:00
[2025-12-11T06:25:59.113Z] [Timeline] Hotspot 20 operating hours OK - entire visit 12:53:00-13:53:00 fits in 09:30:00-16:00:00
[2025-12-11T06:25:59.144Z] [Timeline] Hotspot 20 operating hours OK
[2025-12-11T06:25:59.186Z] [Timeline] Travel type for "Pondicherry Airport" -> "Pondicherry Airport|Pondicherry": 1 (1=local, 2=outstation)
[2025-12-11T06:25:59.539Z] [Timeline] Building hotspot row for hotspot_ID=20
[2025-12-11T06:25:59.625Z] [Timeline] Built hotspot row: item_type=4, hotspot_ID=20, order=5
[2025-12-11T06:25:59.658Z] [Timeline] Hotspot 17 - currentSeconds: 49980, routeEndSeconds: 72000
[2025-12-11T06:25:59.693Z] [Timeline] Processing hotspot 17 for route 547
[2025-12-11T06:25:59.735Z] [Timeline] Skipping hotspot 17 - already added to plan 5
[2025-12-11T06:25:59.747Z] [Timeline] Hotspot 24 - currentSeconds: 49980, routeEndSeconds: 72000
[2025-12-11T06:25:59.784Z] [Timeline] Processing hotspot 24 for route 547
[2025-12-11T06:25:59.828Z] [Timeline] Hotspot 24 coords: lat=11.934656339062595, lon=79.83484999477534
[2025-12-11T06:26:00.035Z] [Timeline] Checking operating hours for hotspot 24: visit window 14:08:00-14:38:00 on day 6
[2025-12-11T06:26:51.517Z] [Timeline] Route 548 (Chennai International Airport → Chennai): routeStartTime=11:00:00, routeEndTime=20:00:00, direct_to_next=0
[2025-12-11T06:26:51.528Z] [Timeline] Route 548 starting coords from location_id 165946: (12.9811068, 80.159623)
[2025-12-11T06:26:51.538Z] [Timeline] Route 548 - Added refreshment break: 11:00:00 - 12:00:00
[2025-12-11T06:26:51.585Z] [fetchSelectedHotspots] route 548 target="Chennai International Airport" next="Chennai" dow=4
[2025-12-11T06:26:51.774Z] [fetchSelectedHotspots] Found 583 total active hotspots
[2025-12-11T06:26:51.805Z] [fetchSelectedHotspots] direct_to_next_visiting_place=0
[2025-12-11T06:26:51.814Z] [fetchSelectedHotspots] source="Chennai International Airport", destination="Chennai"
[2025-12-11T06:26:51.877Z] [fetchSelectedHotspots] Starting coords from stored_locations: (12.9811068, 80.159623)
[2025-12-11T06:26:51.921Z] [fetchSelectedHotspots] Hotspot 4 "Kapaleeshwarar Temple" → SOURCE (matches "Chennai International Airport" - PRIMARY)
[2025-12-11T06:26:51.941Z] [fetchSelectedHotspots] Hotspot 4 "Kapaleeshwarar Temple" → DESTINATION (matches "Chennai")
[2025-12-11T06:26:51.974Z] [fetchSelectedHotspots] Hotspot 5 "Marina Beach" → SOURCE (matches "Chennai International Airport" - PRIMARY)
[2025-12-11T06:26:51.988Z] [fetchSelectedHotspots] Hotspot 5 "Marina Beach" → DESTINATION (matches "Chennai")
[2025-12-11T06:26:52.016Z] [fetchSelectedHotspots] Hotspot 6 "Fort St.George Museum" → SOURCE (matches "Chennai International Airport" - PRIMARY)
[2025-12-11T06:26:52.026Z] [fetchSelectedHotspots] Hotspot 7 "Government Museum Chennai" → SOURCE (matches "Chennai International Airport" - PRIMARY)
[2025-12-11T06:26:52.056Z] [fetchSelectedHotspots] Hotspot 8 "Santhome Cathedral Basilica" → SOURCE (matches "Chennai International Airport" - PRIMARY)
[2025-12-11T06:26:52.095Z] [fetchSelectedHotspots] Hotspot 9 "Thousand Lights Mosque" → SOURCE (matches "Chennai International Airport" - PRIMARY)
[2025-12-11T06:26:52.128Z] [fetchSelectedHotspots] Hotspot 10 "Guindy National Park" → SOURCE (matches "Chennai International Airport" - PRIMARY)
[2025-12-11T06:26:52.149Z] [fetchSelectedHotspots] Hotspot 11 "Parthasarathy Temple" → SOURCE (matches "Chennai International Airport" - PRIMARY)
[2025-12-11T06:26:52.176Z] [fetchSelectedHotspots] Hotspot 12 "Vivekanandar House" → SOURCE (matches "Chennai International Airport" - PRIMARY)
[2025-12-11T06:26:52.190Z] [fetchSelectedHotspots] Hotspot 13 "Arignar Anna Zoological Park" → SOURCE (matches "Chennai International Airport" - PRIMARY)
[2025-12-11T06:26:52.222Z] [fetchSelectedHotspots] Hotspot 290 "Vgp snow kingdom" → SOURCE (matches "Chennai International Airport" - PRIMARY)
[2025-12-11T06:26:52.262Z] [fetchSelectedHotspots] Hotspot 291 "Vgp marine kingdom" → SOURCE (matches "Chennai International Airport" - PRIMARY)
[2025-12-11T06:26:52.344Z] [fetchSelectedHotspots] Hotspot 292 "Guindy snake park" → SOURCE (matches "Chennai International Airport" - PRIMARY)
[2025-12-11T06:26:52.391Z] [fetchSelectedHotspots] Hotspot 293 "Queens land" → SOURCE (matches "Chennai International Airport" - PRIMARY)
[2025-12-11T06:26:52.415Z] [fetchSelectedHotspots] Hotspot 294 "light house marina" → SOURCE (matches "Chennai International Airport" - PRIMARY)
[2025-12-11T06:26:52.423Z] [fetchSelectedHotspots] Hotspot 296 "Anna tower park" → SOURCE (matches "Chennai International Airport" - PRIMARY)
[2025-12-11T06:26:52.457Z] [fetchSelectedHotspots] Hotspot 297 "B.M Birla planitourim." → SOURCE (matches "Chennai International Airport" - PRIMARY)
[2025-12-11T06:26:52.463Z] [fetchSelectedHotspots] Hotspot 298 "Click art museum" → SOURCE (matches "Chennai International Airport" - PRIMARY)
[2025-12-11T06:26:52.498Z] [fetchSelectedHotspots] Hotspot 299 "National art gallery" → SOURCE (matches "Chennai International Airport" - PRIMARY)
[2025-12-11T06:26:52.545Z] [fetchSelectedHotspots] Hotspot 300 "M G R  Memorial" → SOURCE (matches "Chennai International Airport" - PRIMARY)
[2025-12-11T06:26:52.570Z] [fetchSelectedHotspots] Hotspot 303 "Anna memorial." → SOURCE (matches "Chennai International Airport" - PRIMARY)
[2025-12-11T06:26:52.594Z] [fetchSelectedHotspots] Hotspot 544 "Shri Ashtalakshmi Temple" → SOURCE (matches "Chennai International Airport" - PRIMARY)
[2025-12-11T06:26:52.630Z] [fetchSelectedHotspots] Hotspot 544 "Shri Ashtalakshmi Temple" → DESTINATION (matches "Chennai")
[2025-12-11T06:26:52.671Z] [fetchSelectedHotspots] Filtered 14 priority-0 SOURCE hotspots (22 → 8)
[2025-12-11T06:26:52.682Z] [fetchSelectedHotspots] Categorized: source=8, destination=3, via=0
[2025-12-11T06:26:52.712Z] [fetchSelectedHotspots] AIRPORT ARRIVAL DETECTED: "Chennai International Airport" → "Chennai"
[2025-12-11T06:26:52.743Z] [fetchSelectedHotspots] direct_to_next_visiting_place=0 + AIRPORT ARRIVAL: Processing DESTINATION → VIA
[2025-12-11T06:26:52.761Z] [fetchSelectedHotspots] Matched 3 hotspots after PHP ordering
[2025-12-11T06:26:52.792Z] [fetchSelectedHotspots] First 5 hotspots (sorted): ID=4 "Kapaleeshwarar Temple" priority=1 distance=19.94km, ID=5 "Marina Beach" priority=2 distance=22.47km, ID=544 "Shri Ashtalakshmi Temple" priority=0 distance=18.11km
[2025-12-11T06:26:52.808Z] [fetchSelectedHotspots] Matched 3 hotspots for route 548
[2025-12-11T06:26:52.965Z] [Timeline] Route 548: Selected 3 hotspots
[2025-12-11T06:26:53.062Z] [Timeline] Route 548 - currentTime: 12:00:00, routeEndTime: 20:00:00, routeEndSeconds: 72000
[2025-12-11T06:26:53.116Z] [Timeline] Hotspot 4 - currentSeconds: 43200, routeEndSeconds: 72000
[2025-12-11T06:26:53.147Z] [Timeline] Processing hotspot 4 for route 548
[2025-12-11T06:26:53.220Z] [Timeline] Hotspot 4 coords: lat=13.033798514213936, lon=80.26977915213011
[2025-12-11T06:26:53.364Z] [Timeline] Checking operating hours for hotspot 4: visit window 12:30:00-13:30:00 on day 4
[2025-12-11T06:26:53.443Z] [Timeline] Hotspot 4 check window: 05:30:00-12:00:00, visit: 12:30:00-13:30:00
[2025-12-11T06:26:53.456Z] [Timeline] Hotspot 4 check window: 16:00:00-20:00:00, visit: 12:30:00-13:30:00
[2025-12-11T06:26:53.466Z] [Timeline] Hotspot 4 operating hours check FAILED - visit 12:30:00-13:30:00 doesn't fit in any window
[2025-12-11T06:26:53.514Z] [Timeline] Hotspot 4 not open during visit window 12:30:00-13:30:00 on day 4, skipping
[2025-12-11T06:26:53.546Z] [Timeline] Hotspot 5 - currentSeconds: 43200, routeEndSeconds: 72000
[2025-12-11T06:26:53.577Z] [Timeline] Processing hotspot 5 for route 548
[2025-12-11T06:26:53.604Z] [Timeline] Hotspot 5 coords: lat=13.051080243192029, lon=80.27775926313883
[2025-12-11T06:26:53.729Z] [Timeline] Checking operating hours for hotspot 5: visit window 12:34:00-13:34:00 on day 4
[2025-12-11T06:26:53.765Z] [Timeline] Hotspot 5 operating hours OK
[2025-12-11T06:26:53.804Z] [Timeline] Travel type for "Chennai International Airport" -> "Chennai International Airport|Chennai Domestic Airport|Chennai Central|Chennai|Chennai Egmore Station|Chennai Koyembedu|ECR Beach, Chennai, Tamil Nadu": 1 (1=local, 2=outstation)
[2025-12-11T06:26:53.929Z] [Timeline] Building hotspot row for hotspot_ID=5
[2025-12-11T06:26:53.982Z] [Timeline] Built hotspot row: item_type=4, hotspot_ID=5, order=2
[2025-12-11T06:26:54.025Z] [Timeline] Hotspot 544 - currentSeconds: 48840, routeEndSeconds: 72000
[2025-12-11T06:26:54.061Z] [Timeline] Processing hotspot 544 for route 548
[2025-12-11T06:26:54.094Z] [Timeline] Hotspot 544 coords: lat=12.993461140291483, lon=80.27030436931474
[2025-12-11T06:26:54.240Z] [Timeline] Checking operating hours for hotspot 544: visit window 13:49:00-19:49:00 on day 4
[2025-12-11T06:26:54.288Z] [Timeline] Hotspot 544 check window: 06:00:00-12:00:00, visit: 13:49:00-19:49:00
[2025-12-11T06:26:54.331Z] [Timeline] Hotspot 544 check window: 16:00:00-20:00:00, visit: 13:49:00-19:49:00
[2025-12-11T06:26:54.371Z] [Timeline] Hotspot 544 operating hours check FAILED - visit 13:49:00-19:49:00 doesn't fit in any window
[2025-12-11T06:26:54.406Z] [Timeline] Hotspot 544 not open during visit window 13:49:00-19:49:00 on day 4, skipping
[2025-12-11T06:26:54.506Z] [Timeline] Route 549 (Chennai → Pondicherry): routeStartTime=08:00:00, routeEndTime=20:00:00, direct_to_next=0
[2025-12-11T06:26:54.542Z] [Timeline] Route 549 starting coords from location_id 762: (13.0843007, 80.2704622)
[2025-12-11T06:26:54.581Z] [Timeline] Route 549 - Added refreshment break: 08:00:00 - 09:00:00
[2025-12-11T06:26:54.654Z] [fetchSelectedHotspots] route 549 target="Chennai" next="Pondicherry" dow=5
[2025-12-11T06:26:54.828Z] [fetchSelectedHotspots] Found 583 total active hotspots
[2025-12-11T06:26:54.843Z] [fetchSelectedHotspots] direct_to_next_visiting_place=0
[2025-12-11T06:26:54.847Z] [fetchSelectedHotspots] source="Chennai", destination="Pondicherry"
[2025-12-11T06:26:54.911Z] [fetchSelectedHotspots] Starting coords from stored_locations: (12.9811068, 80.159623)
[2025-12-11T06:26:54.941Z] [fetchSelectedHotspots] Hotspot 4 "Kapaleeshwarar Temple" → SOURCE (matches "Chennai")
[2025-12-11T06:26:54.954Z] [fetchSelectedHotspots] Hotspot 5 "Marina Beach" → SOURCE (matches "Chennai")
[2025-12-11T06:26:55.019Z] [fetchSelectedHotspots] Hotspot 17 "Sri Aurobindo Ashram" → DESTINATION (matches "Pondicherry")
[2025-12-11T06:26:55.049Z] [fetchSelectedHotspots] Hotspot 18 "Auroville" → DESTINATION (matches "Pondicherry")
[2025-12-11T06:26:55.087Z] [fetchSelectedHotspots] Hotspot 19 "Promenade Beach" → DESTINATION (matches "Pondicherry")
[2025-12-11T06:26:55.132Z] [fetchSelectedHotspots] Hotspot 20 "Chunnambar Boathouse" → DESTINATION (matches "Pondicherry")
[2025-12-11T06:26:55.152Z] [fetchSelectedHotspots] Hotspot 21 "The Basilica of the Sacred Heart of Jesus" → DESTINATION (matches "Pondicherry")
[2025-12-11T06:26:55.182Z] [fetchSelectedHotspots] Hotspot 24 "The Pondicherry Museum" → DESTINATION (matches "Pondicherry")
[2025-12-11T06:26:55.190Z] [fetchSelectedHotspots] Hotspot 25 "Manakula Vinayagar Temple" → DESTINATION (matches "Pondicherry")
[2025-12-11T06:26:55.422Z] [fetchSelectedHotspots] Hotspot 277 "Pondicherry Backwater" → DESTINATION (matches "Pondicherry")
[2025-12-11T06:26:55.523Z] [fetchSelectedHotspots] Hotspot 544 "Shri Ashtalakshmi Temple" → SOURCE (matches "Chennai")
[2025-12-11T06:26:55.569Z] [fetchSelectedHotspots] Hotspot 669 "Eden Beach - Blue flag Beach" → DESTINATION (matches "Pondicherry" - PRIMARY)
[2025-12-11T06:26:55.612Z] [fetchSelectedHotspots] Hotspot 676 "Botanical Garden" → DESTINATION (matches "Pondicherry" - PRIMARY)
[2025-12-11T06:26:55.622Z] [fetchSelectedHotspots] Hotspot 677 "Bharathi Park &amp; Aayi Mandapam" → DESTINATION (matches "Pondicherry" - PRIMARY)
[2025-12-11T06:26:55.654Z] [fetchSelectedHotspots] Hotspot 678 "French Colony" → DESTINATION (matches "Pondicherry" - PRIMARY)
[2025-12-11T06:26:55.673Z] [fetchSelectedHotspots] Hotspot 679 "Pondi Marina Beach" → DESTINATION (matches "Pondicherry" - PRIMARY)
[2025-12-11T06:26:55.695Z] [fetchSelectedHotspots] Filtered 1 priority-0 SOURCE hotspots (3 → 2)
[2025-12-11T06:26:55.723Z] [fetchSelectedHotspots] Categorized: source=2, destination=13, via=0
[2025-12-11T06:26:55.745Z] [fetchSelectedHotspots] direct_to_next_visiting_place=0: Processing SOURCE → DESTINATION → VIA
[2025-12-11T06:26:55.781Z] [fetchSelectedHotspots] Matched 15 hotspots after PHP ordering
[2025-12-11T06:26:55.812Z] [fetchSelectedHotspots] First 5 hotspots (sorted): ID=4 "Kapaleeshwarar Temple" priority=1 distance=19.94km, ID=5 "Marina Beach" priority=2 distance=22.47km, ID=18 "Auroville" priority=1 distance=171.53km, ID=25 "Manakula Vinayagar Temple" priority=2 distance=182.13km, ID=21 "The Basilica of the Sacred Heart of Jesus" priority=4 distance=184.07km
[2025-12-11T06:26:55.823Z] [fetchSelectedHotspots] Matched 15 hotspots for route 549
[2025-12-11T06:26:55.849Z] [Timeline] Route 549: Selected 15 hotspots
[2025-12-11T06:26:55.863Z] [Timeline] Route 549 - currentTime: 09:00:00, routeEndTime: 20:00:00, routeEndSeconds: 72000
[2025-12-11T06:26:55.898Z] [Timeline] Hotspot 4 - currentSeconds: 32400, routeEndSeconds: 72000
[2025-12-11T06:26:55.922Z] [Timeline] Processing hotspot 4 for route 549
[2025-12-11T06:26:55.958Z] [Timeline] Hotspot 4 coords: lat=13.033798514213936, lon=80.26977915213011
[2025-12-11T06:26:56.073Z] [Timeline] Checking operating hours for hotspot 4: visit window 09:13:00-10:13:00 on day 5
[2025-12-11T06:26:56.115Z] [Timeline] Hotspot 4 check window: 05:30:00-12:00:00, visit: 09:13:00-10:13:00
[2025-12-11T06:26:56.145Z] [Timeline] Hotspot 4 operating hours OK - entire visit 09:13:00-10:13:00 fits in 05:30:00-12:00:00
[2025-12-11T06:26:56.180Z] [Timeline] Hotspot 4 operating hours OK
[2025-12-11T06:26:56.191Z] [Timeline] Travel type for "Chennai" -> "Chennai International Airport|Chennai Domestic Airport|Chennai Central|Chennai|Chennai Egmore Station|Chennai Koyembedu|ECR Beach, Chennai, Tamil Nadu": 1 (1=local, 2=outstation)
[2025-12-11T06:26:56.304Z] [Timeline] Building hotspot row for hotspot_ID=4
[2025-12-11T06:26:56.373Z] [Timeline] Built hotspot row: item_type=4, hotspot_ID=4, order=2
[2025-12-11T06:26:56.412Z] [Timeline] Hotspot 5 - currentSeconds: 36780, routeEndSeconds: 72000
[2025-12-11T06:26:56.439Z] [Timeline] Processing hotspot 5 for route 549
[2025-12-11T06:26:56.451Z] [Timeline] Skipping hotspot 5 - already added to plan 5
[2025-12-11T06:26:56.496Z] [Timeline] Hotspot 18 - currentSeconds: 36780, routeEndSeconds: 72000
[2025-12-11T06:26:56.532Z] [Timeline] Processing hotspot 18 for route 549
[2025-12-11T06:26:56.553Z] [Timeline] Hotspot 18 coords: lat=12.008342334177776, lon=79.81781931258232
[2025-12-11T06:26:56.723Z] [Timeline] Checking operating hours for hotspot 18: visit window 13:19:00-15:19:00 on day 5
[2025-12-11T06:26:56.753Z] [Timeline] Hotspot 18 check window: 09:00:00-13:00:00, visit: 13:19:00-15:19:00
[2025-12-11T06:26:56.781Z] [Timeline] Hotspot 18 check window: 13:30:00-17:00:00, visit: 13:19:00-15:19:00
[2025-12-11T06:26:56.829Z] [Timeline] Hotspot 18 operating hours check FAILED - visit 13:19:00-15:19:00 doesn't fit in any window
[2025-12-11T06:26:56.843Z] [Timeline] Hotspot 18 not open during visit window 13:19:00-15:19:00 on day 5, skipping
[2025-12-11T06:26:56.874Z] [Timeline] Hotspot 25 - currentSeconds: 36780, routeEndSeconds: 72000
[2025-12-11T06:26:56.911Z] [Timeline] Processing hotspot 25 for route 549
[2025-12-11T06:26:56.939Z] [Timeline] Hotspot 25 coords: lat=11.936184966220257, lon=79.83484226674099
[2025-12-11T06:26:57.069Z] [Timeline] Checking operating hours for hotspot 25: visit window 13:29:00-13:59:00 on day 5
[2025-12-11T06:26:57.101Z] [Timeline] Hotspot 25 check window: 17:45:00-12:30:00, visit: 13:29:00-13:59:00
[2025-12-11T06:26:57.144Z] [Timeline] Hotspot 25 check window: 16:00:00-20:00:00, visit: 13:29:00-13:59:00
[2025-12-11T06:26:57.156Z] [Timeline] Hotspot 25 operating hours check FAILED - visit 13:29:00-13:59:00 doesn't fit in any window
[2025-12-11T06:26:57.280Z] [Timeline] Hotspot 25 not open during visit window 13:29:00-13:59:00 on day 5, skipping
[2025-12-11T06:26:57.395Z] [Timeline] Hotspot 21 - currentSeconds: 36780, routeEndSeconds: 72000
[2025-12-11T06:26:57.464Z] [Timeline] Processing hotspot 21 for route 549
[2025-12-11T06:26:57.522Z] [Timeline] Hotspot 21 coords: lat=11.926178758041798, lon=79.82779781515121
[2025-12-11T06:26:57.697Z] [Timeline] Checking operating hours for hotspot 21: visit window 13:31:00-14:01:00 on day 5
[2025-12-11T06:26:57.727Z] [Timeline] Hotspot 21 check window: 06:00:00-19:00:00, visit: 13:31:00-14:01:00
[2025-12-11T06:26:57.755Z] [Timeline] Hotspot 21 operating hours OK - entire visit 13:31:00-14:01:00 fits in 06:00:00-19:00:00
[2025-12-11T06:26:57.792Z] [Timeline] Hotspot 21 operating hours OK
[2025-12-11T06:26:57.809Z] [Timeline] Travel type for "Chennai International Airport|Chennai Domestic Airport|Chennai Central|Chennai|Chennai Egmore Station|Chennai Koyembedu|ECR Beach, Chennai, Tamil Nadu" -> "Pondicherry Airport|Pondicherry": 2 (1=local, 2=outstation)
[2025-12-11T06:26:57.905Z] [Timeline] Building hotspot row for hotspot_ID=21
[2025-12-11T06:26:57.926Z] [Timeline] Built hotspot row: item_type=4, hotspot_ID=21, order=3
[2025-12-11T06:26:58.018Z] [Timeline] Hotspot 19 - currentSeconds: 50460, routeEndSeconds: 72000
[2025-12-11T06:26:58.056Z] [Timeline] Processing hotspot 19 for route 549
[2025-12-11T06:26:58.113Z] [Timeline] Hotspot 19 coords: lat=11.931203427435934, lon=79.83580349426904
[2025-12-11T06:26:58.228Z] [Timeline] Checking operating hours for hotspot 19: visit window 14:03:00-15:03:00 on day 5
[2025-12-11T06:26:58.273Z] [Timeline] Hotspot 19 check window: 06:00:00-20:00:00, visit: 14:03:00-15:03:00
[2025-12-11T06:26:58.317Z] [Timeline] Hotspot 19 operating hours OK - entire visit 14:03:00-15:03:00 fits in 06:00:00-20:00:00
[2025-12-11T06:26:58.362Z] [Timeline] Hotspot 19 operating hours OK
[2025-12-11T06:26:58.394Z] [Timeline] Travel type for "Pondicherry Airport|Pondicherry" -> "Pondicherry Airport|Pondicherry": 1 (1=local, 2=outstation)
[2025-12-11T06:26:58.555Z] [Timeline] Building hotspot row for hotspot_ID=19
[2025-12-11T06:26:58.621Z] [Timeline] Built hotspot row: item_type=4, hotspot_ID=19, order=4
[2025-12-11T06:26:58.678Z] [Timeline] Hotspot 20 - currentSeconds: 54180, routeEndSeconds: 72000
[2025-12-11T06:26:58.707Z] [Timeline] Processing hotspot 20 for route 549
[2025-12-11T06:26:58.791Z] [Timeline] Hotspot 20 coords: lat=11.883875481616602, lon=79.80141705562612
[2025-12-11T06:26:58.942Z] [Timeline] Checking operating hours for hotspot 20: visit window 15:18:00-16:18:00 on day 5
[2025-12-11T06:26:58.995Z] [Timeline] Hotspot 20 check window: 09:30:00-16:00:00, visit: 15:18:00-16:18:00
[2025-12-11T06:26:59.002Z] [Timeline] Hotspot 20 operating hours check FAILED - visit 15:18:00-16:18:00 doesn't fit in any window
[2025-12-11T06:26:59.017Z] [Timeline] Hotspot 20 not open during visit window 15:18:00-16:18:00 on day 5, skipping
[2025-12-11T06:26:59.051Z] [Timeline] Hotspot 17 - currentSeconds: 54180, routeEndSeconds: 72000
[2025-12-11T06:26:59.091Z] [Timeline] Processing hotspot 17 for route 549
[2025-12-11T06:26:59.111Z] [Timeline] Hotspot 17 coords: lat=11.936929030828965, lon=79.83477998559515
[2025-12-11T06:26:59.281Z] [Timeline] Checking operating hours for hotspot 17: visit window 15:04:00-16:04:00 on day 5
[2025-12-11T06:26:59.392Z] [Timeline] Hotspot 17 check window: 10:30:00-19:00:00, visit: 15:04:00-16:04:00
[2025-12-11T06:26:59.417Z] [Timeline] Hotspot 17 operating hours OK - entire visit 15:04:00-16:04:00 fits in 10:30:00-19:00:00
[2025-12-11T06:26:59.429Z] [Timeline] Hotspot 17 operating hours OK
[2025-12-11T06:26:59.462Z] [Timeline] Travel type for "Pondicherry Airport|Pondicherry" -> "Pondicherry Airport|Pondicherry": 1 (1=local, 2=outstation)
[2025-12-11T06:26:59.625Z] [Timeline] Building hotspot row for hotspot_ID=17
[2025-12-11T06:26:59.681Z] [Timeline] Built hotspot row: item_type=4, hotspot_ID=17, order=5
[2025-12-11T06:26:59.737Z] [Timeline] Hotspot 677 - currentSeconds: 57840, routeEndSeconds: 72000
[2025-12-11T06:26:59.749Z] [Timeline] Processing hotspot 677 for route 549
[2025-12-11T06:26:59.794Z] [Timeline] Hotspot 677 coords: lat=11.933029585291068, lon=79.83418306595088
[2025-12-11T06:26:59.953Z] [Timeline] Checking operating hours for hotspot 677: visit window 16:05:00-16:50:00 on day 5
[2025-12-11T06:27:00.004Z] [Timeline] Hotspot 677 check window: 06:00:00-19:00:00, visit: 16:05:00-16:50:00
[2025-12-11T06:27:00.041Z] [Timeline] Hotspot 677 operating hours OK - entire visit 16:05:00-16:50:00 fits in 06:00:00-19:00:00
[2025-12-11T06:27:00.106Z] [Timeline] Hotspot 677 operating hours OK
[2025-12-11T06:27:00.162Z] [Timeline] Travel type for "Pondicherry Airport|Pondicherry" -> "Pondicherry|Pondicherry Airport": 1 (1=local, 2=outstation)
[2025-12-11T06:27:00.344Z] [Timeline] Building hotspot row for hotspot_ID=677
[2025-12-11T06:27:00.395Z] [Timeline] Built hotspot row: item_type=4, hotspot_ID=677, order=6
[2025-12-11T06:27:00.434Z] [Timeline] Hotspot 678 - currentSeconds: 60600, routeEndSeconds: 72000
[2025-12-11T06:27:00.475Z] [Timeline] Processing hotspot 678 for route 549
[2025-12-11T06:27:00.528Z] [Timeline] Hotspot 678 coords: lat=11.928492248303817, lon=79.83303242117643
[2025-12-11T06:27:00.638Z] [Timeline] Checking operating hours for hotspot 678: visit window 16:51:00-17:51:00 on day 5
[2025-12-11T06:27:00.678Z] [Timeline] Hotspot 678 operating hours OK
[2025-12-11T06:27:00.696Z] [Timeline] Travel type for "Pondicherry|Pondicherry Airport" -> "Pondicherry|Pondicherry Airport": 1 (1=local, 2=outstation)
[2025-12-11T06:27:00.810Z] [Timeline] Building hotspot row for hotspot_ID=678
[2025-12-11T06:27:00.844Z] [Timeline] Built hotspot row: item_type=4, hotspot_ID=678, order=7
[2025-12-11T06:27:01.102Z] [Timeline] Hotspot 676 - currentSeconds: 64260, routeEndSeconds: 72000
[2025-12-11T06:27:01.163Z] [Timeline] Processing hotspot 676 for route 549
[2025-12-11T06:27:01.195Z] [Timeline] Hotspot 676 coords: lat=11.930177048465467, lon=79.8224313245787
[2025-12-11T06:27:01.365Z] [Timeline] Checking operating hours for hotspot 676: visit window 17:54:00-18:54:00 on day 5
[2025-12-11T06:27:01.397Z] [Timeline] Hotspot 676 check window: 10:00:00-17:00:00, visit: 17:54:00-18:54:00
[2025-12-11T06:27:01.422Z] [Timeline] Hotspot 676 operating hours check FAILED - visit 17:54:00-18:54:00 doesn't fit in any window
[2025-12-11T06:27:01.444Z] [Timeline] Hotspot 676 not open during visit window 17:54:00-18:54:00 on day 5, skipping
[2025-12-11T06:27:01.477Z] [Timeline] Hotspot 679 - currentSeconds: 64260, routeEndSeconds: 72000
[2025-12-11T06:27:01.503Z] [Timeline] Processing hotspot 679 for route 549
[2025-12-11T06:27:01.523Z] [Timeline] Hotspot 679 coords: lat=11.913052113056816, lon=79.82932149874199
[2025-12-11T06:27:01.642Z] [Timeline] Checking operating hours for hotspot 679: visit window 17:55:00-18:25:00 on day 5
[2025-12-11T06:27:01.682Z] [Timeline] Hotspot 679 operating hours OK
[2025-12-11T06:27:01.721Z] [Timeline] Travel type for "Pondicherry|Pondicherry Airport" -> "Pondicherry|Pondicherry Airport": 1 (1=local, 2=outstation)
[2025-12-11T06:27:02.012Z] [Timeline] Building hotspot row for hotspot_ID=679
[2025-12-11T06:27:02.080Z] [Timeline] Built hotspot row: item_type=4, hotspot_ID=679, order=8
[2025-12-11T06:27:02.142Z] [Timeline] Hotspot 669 - currentSeconds: 66300, routeEndSeconds: 72000
[2025-12-11T06:27:02.191Z] [Timeline] Processing hotspot 669 for route 549
[2025-12-11T06:27:02.229Z] [Timeline] Hotspot 669 coords: lat=11.882310987345338, lon=79.8244548517534
[2025-12-11T06:27:02.461Z] [Timeline] Checking operating hours for hotspot 669: visit window 18:33:00-19:33:00 on day 5
[2025-12-11T06:27:02.478Z] [Timeline] Hotspot 669 check window: 06:00:00-18:00:00, visit: 18:33:00-19:33:00
[2025-12-11T06:27:02.518Z] [Timeline] Hotspot 669 operating hours check FAILED - visit 18:33:00-19:33:00 doesn't fit in any window
[2025-12-11T06:27:02.558Z] [Timeline] Hotspot 669 not open during visit window 18:33:00-19:33:00 on day 5, skipping
[2025-12-11T06:27:02.576Z] [Timeline] Hotspot 24 - currentSeconds: 66300, routeEndSeconds: 72000
[2025-12-11T06:27:02.604Z] [Timeline] Processing hotspot 24 for route 549
[2025-12-11T06:27:02.651Z] [Timeline] Hotspot 24 coords: lat=11.934656339062595, lon=79.83484999477534
[2025-12-11T06:27:02.768Z] [Timeline] Checking operating hours for hotspot 24: visit window 18:31:00-19:01:00 on day 5
[2025-12-11T06:27:02.808Z] [Timeline] Hotspot 24 check window: 09:00:00-18:00:00, visit: 18:31:00-19:01:00
[2025-12-11T06:27:02.813Z] [Timeline] Hotspot 24 operating hours check FAILED - visit 18:31:00-19:01:00 doesn't fit in any window
[2025-12-11T06:27:02.845Z] [Timeline] Hotspot 24 not open during visit window 18:31:00-19:01:00 on day 5, skipping
[2025-12-11T06:27:02.871Z] [Timeline] Hotspot 277 - currentSeconds: 66300, routeEndSeconds: 72000
[2025-12-11T06:27:02.878Z] [Timeline] Processing hotspot 277 for route 549
[2025-12-11T06:27:02.898Z] [Timeline] Hotspot 277 coords: lat=11.916309213225349, lon=79.82433098120615
[2025-12-11T06:27:02.976Z] [Timeline] Checking operating hours for hotspot 277: visit window 18:26:00-21:26:00 on day 5
[2025-12-11T06:27:02.982Z] [Timeline] Hotspot 277 check window: 09:00:00-18:00:00, visit: 18:26:00-21:26:00
[2025-12-11T06:27:03.019Z] [Timeline] Hotspot 277 operating hours check FAILED - visit 18:26:00-21:26:00 doesn't fit in any window
[2025-12-11T06:27:03.060Z] [Timeline] Hotspot 277 not open during visit window 18:26:00-21:26:00 on day 5, skipping
[2025-12-11T06:27:03.129Z] [Timeline] Route 550 (Pondicherry → Pondicherry Airport): routeStartTime=08:00:00, routeEndTime=20:00:00, direct_to_next=0
[2025-12-11T06:27:03.164Z] [Timeline] Route 550 starting coords from location_id 5922: (11.9415915, 79.8083133)
[2025-12-11T06:27:03.212Z] [Timeline] Route 550 - Skipping refreshment row (last route) but advancing time by 01:00:00 to 09:00:00
[2025-12-11T06:27:03.225Z] [fetchSelectedHotspots] route 550 target="Pondicherry" next="Pondicherry Airport" dow=6
[2025-12-11T06:27:03.429Z] [fetchSelectedHotspots] Found 583 total active hotspots
[2025-12-11T06:27:03.446Z] [fetchSelectedHotspots] direct_to_next_visiting_place=0
[2025-12-11T06:27:03.459Z] [fetchSelectedHotspots] source="Pondicherry", destination="Pondicherry Airport"
[2025-12-11T06:27:03.495Z] [fetchSelectedHotspots] Starting coords from stored_locations: (13.0827989, 80.2754246)
[2025-12-11T06:27:03.507Z] [fetchSelectedHotspots] Hotspot 16 "Paradise Beach" → DESTINATION (matches "Pondicherry Airport" - PRIMARY - ONLY)
[2025-12-11T06:27:03.543Z] [fetchSelectedHotspots] Hotspot 17 "Sri Aurobindo Ashram" → DESTINATION (matches "Pondicherry Airport" - PRIMARY)
[2025-12-11T06:27:03.571Z] [fetchSelectedHotspots] Hotspot 18 "Auroville" → DESTINATION (matches "Pondicherry Airport" - PRIMARY)
[2025-12-11T06:27:03.594Z] [fetchSelectedHotspots] Hotspot 19 "Promenade Beach" → DESTINATION (matches "Pondicherry Airport" - PRIMARY)
[2025-12-11T06:27:03.626Z] [fetchSelectedHotspots] Hotspot 20 "Chunnambar Boathouse" → DESTINATION (matches "Pondicherry Airport" - PRIMARY)
[2025-12-11T06:27:03.646Z] [fetchSelectedHotspots] Hotspot 21 "The Basilica of the Sacred Heart of Jesus" → DESTINATION (matches "Pondicherry Airport" - PRIMARY)
[2025-12-11T06:27:03.698Z] [fetchSelectedHotspots] Hotspot 23 "French War Memorial" → DESTINATION (matches "Pondicherry Airport" - PRIMARY - ONLY)
[2025-12-11T06:27:03.743Z] [fetchSelectedHotspots] Hotspot 24 "The Pondicherry Museum" → DESTINATION (matches "Pondicherry Airport" - PRIMARY)
[2025-12-11T06:27:03.758Z] [fetchSelectedHotspots] Hotspot 25 "Manakula Vinayagar Temple" → DESTINATION (matches "Pondicherry Airport" - PRIMARY)
[2025-12-11T06:27:03.784Z] [fetchSelectedHotspots] Hotspot 277 "Pondicherry Backwater" → DESTINATION (matches "Pondicherry Airport" - PRIMARY)
[2025-12-11T06:27:03.792Z] [fetchSelectedHotspots] Hotspot 669 "Eden Beach - Blue flag Beach" → SOURCE (matches "Pondicherry" - PRIMARY)
[2025-12-11T06:27:03.838Z] [fetchSelectedHotspots] Hotspot 669 "Eden Beach - Blue flag Beach" → DESTINATION (matches "Pondicherry Airport")
[2025-12-11T06:27:03.877Z] [fetchSelectedHotspots] Hotspot 676 "Botanical Garden" → SOURCE (matches "Pondicherry" - PRIMARY)
[2025-12-11T06:27:03.910Z] [fetchSelectedHotspots] Hotspot 676 "Botanical Garden" → DESTINATION (matches "Pondicherry Airport")
[2025-12-11T06:27:03.965Z] [fetchSelectedHotspots] Hotspot 677 "Bharathi Park &amp; Aayi Mandapam" → SOURCE (matches "Pondicherry" - PRIMARY)
[2025-12-11T06:27:03.997Z] [fetchSelectedHotspots] Hotspot 677 "Bharathi Park &amp; Aayi Mandapam" → DESTINATION (matches "Pondicherry Airport")
[2025-12-11T06:27:04.027Z] [fetchSelectedHotspots] Hotspot 678 "French Colony" → SOURCE (matches "Pondicherry" - PRIMARY)
[2025-12-11T06:27:04.053Z] [fetchSelectedHotspots] Hotspot 678 "French Colony" → DESTINATION (matches "Pondicherry Airport")
[2025-12-11T06:27:04.086Z] [fetchSelectedHotspots] Hotspot 679 "Pondi Marina Beach" → SOURCE (matches "Pondicherry" - PRIMARY)
[2025-12-11T06:27:04.125Z] [fetchSelectedHotspots] Hotspot 679 "Pondi Marina Beach" → DESTINATION (matches "Pondicherry Airport")
[2025-12-11T06:27:04.143Z] [fetchSelectedHotspots] Filtered 5 priority-0 SOURCE hotspots (5 → 0)
[2025-12-11T06:27:04.178Z] [fetchSelectedHotspots] Categorized: source=0, destination=15, via=0
[2025-12-11T06:27:04.190Z] [fetchSelectedHotspots] direct_to_next_visiting_place=0: Processing SOURCE → DESTINATION → VIA
[2025-12-11T06:27:04.234Z] [fetchSelectedHotspots] Matched 15 hotspots after PHP ordering
[2025-12-11T06:27:04.276Z] [fetchSelectedHotspots] First 5 hotspots (sorted): ID=18 "Auroville" priority=1 distance=194.08km, ID=16 "Paradise Beach" priority=1 distance=209.31km, ID=25 "Manakula Vinayagar Temple" priority=2 distance=204.26km, ID=23 "French War Memorial" priority=3 distance=204.86km, ID=21 "The Basilica of the Sacred Heart of Jesus" priority=4 distance=206.23km
[2025-12-11T06:27:04.327Z] [fetchSelectedHotspots] Matched 15 hotspots for route 550
[2025-12-11T06:27:04.373Z] [Timeline] Route 550: Selected 15 hotspots
[2025-12-11T06:27:04.400Z] [Timeline] Route 550 - currentTime: 09:00:00, routeEndTime: 20:00:00, routeEndSeconds: 72000
[2025-12-11T06:27:04.452Z] [Timeline] Hotspot 18 - currentSeconds: 32400, routeEndSeconds: 72000
[2025-12-11T06:27:04.495Z] [Timeline] Processing hotspot 18 for route 550
[2025-12-11T06:27:04.512Z] [Timeline] Hotspot 18 coords: lat=12.008342334177776, lon=79.81781931258232
[2025-12-11T06:27:04.613Z] [Timeline] Checking operating hours for hotspot 18: visit window 09:17:00-11:17:00 on day 6
[2025-12-11T06:27:04.664Z] [Timeline] Hotspot 18 check window: 09:00:00-13:00:00, visit: 09:17:00-11:17:00
[2025-12-11T06:27:04.698Z] [Timeline] Hotspot 18 operating hours OK - entire visit 09:17:00-11:17:00 fits in 09:00:00-13:00:00
[2025-12-11T06:27:04.730Z] [Timeline] Hotspot 18 operating hours OK
[2025-12-11T06:27:04.771Z] [Timeline] Travel type for "Pondicherry" -> "Pondicherry Airport|Pondicherry": 1 (1=local, 2=outstation)
[2025-12-11T06:27:04.886Z] [Timeline] Building hotspot row for hotspot_ID=18
[2025-12-11T06:27:04.943Z] [Timeline] Built hotspot row: item_type=4, hotspot_ID=18, order=2
[2025-12-11T06:27:04.998Z] [Timeline] Hotspot 16 - currentSeconds: 40620, routeEndSeconds: 72000
[2025-12-11T06:27:05.047Z] [Timeline] Processing hotspot 16 for route 550
[2025-12-11T06:27:05.090Z] [Timeline] Hotspot 16 coords: lat=11.894346668881749, lon=79.86265715952393
[2025-12-11T06:27:05.240Z] [Timeline] Checking operating hours for hotspot 16: visit window 11:48:00-12:18:00 on day 6
[2025-12-11T06:27:05.425Z] [Timeline] Hotspot 16 check window: 09:00:00-18:00:00, visit: 11:48:00-12:18:00
[2025-12-11T06:27:05.498Z] [Timeline] Hotspot 16 operating hours OK - entire visit 11:48:00-12:18:00 fits in 09:00:00-18:00:00
[2025-12-11T06:27:05.553Z] [Timeline] Hotspot 16 operating hours OK
[2025-12-11T06:27:05.607Z] [Timeline] Travel type for "Pondicherry Airport|Pondicherry" -> "Pondicherry Airport": 1 (1=local, 2=outstation)
[2025-12-11T06:27:05.796Z] [Timeline] Building hotspot row for hotspot_ID=16
[2025-12-11T06:27:05.842Z] [Timeline] Built hotspot row: item_type=4, hotspot_ID=16, order=3
[2025-12-11T06:27:05.910Z] [Timeline] Hotspot 25 - currentSeconds: 44280, routeEndSeconds: 72000
[2025-12-11T06:27:05.931Z] [Timeline] Processing hotspot 25 for route 550
[2025-12-11T06:27:05.993Z] [Timeline] Hotspot 25 coords: lat=11.936184966220257, lon=79.83484226674099
[2025-12-11T06:27:06.158Z] [Timeline] Checking operating hours for hotspot 25: visit window 12:30:00-13:00:00 on day 6
[2025-12-11T06:27:06.204Z] [Timeline] Hotspot 25 check window: 05:45:00-12:30:00, visit: 12:30:00-13:00:00
[2025-12-11T06:27:06.235Z] [Timeline] Hotspot 25 check window: 16:00:00-20:00:00, visit: 12:30:00-13:00:00
[2025-12-11T06:27:06.261Z] [Timeline] Hotspot 25 operating hours check FAILED - visit 12:30:00-13:00:00 doesn't fit in any window
[2025-12-11T06:27:06.328Z] [Timeline] Hotspot 25 not open during visit window 12:30:00-13:00:00 on day 6, skipping
[2025-12-11T06:27:06.368Z] [Timeline] Hotspot 23 - currentSeconds: 44280, routeEndSeconds: 72000
[2025-12-11T06:27:06.387Z] [Timeline] Processing hotspot 23 for route 550
[2025-12-11T06:27:06.417Z] [Timeline] Hotspot 23 coords: lat=11.93212951685565, lon=79.83535346593922
[2025-12-11T06:27:06.437Z] [Timeline] Checking operating hours for hotspot 23: visit window 12:18:00-12:38:00 on day 6
[2025-12-11T06:27:06.503Z] [Timeline] Hotspot 23 operating hours OK
[2025-12-11T06:27:06.514Z] [Timeline] Travel type for "Pondicherry Airport" -> "Pondicherry Airport": 1 (1=local, 2=outstation)
[2025-12-11T06:27:06.564Z] [Timeline] Building hotspot row for hotspot_ID=23
[2025-12-11T06:27:06.594Z] [Timeline] Built hotspot row: item_type=4, hotspot_ID=23, order=4
[2025-12-11T06:27:06.645Z] [Timeline] Hotspot 21 - currentSeconds: 45480, routeEndSeconds: 72000
[2025-12-11T06:27:06.687Z] [Timeline] Processing hotspot 21 for route 550
[2025-12-11T06:27:06.744Z] [Timeline] Skipping hotspot 21 - already added to plan 5
[2025-12-11T06:27:06.776Z] [Timeline] Hotspot 19 - currentSeconds: 45480, routeEndSeconds: 72000
[2025-12-11T06:27:06.793Z] [Timeline] Processing hotspot 19 for route 550
[2025-12-11T06:27:06.822Z] [Timeline] Skipping hotspot 19 - already added to plan 5
[2025-12-11T06:27:06.858Z] [Timeline] Hotspot 20 - currentSeconds: 45480, routeEndSeconds: 72000
[2025-12-11T06:27:06.879Z] [Timeline] Processing hotspot 20 for route 550
[2025-12-11T06:27:06.919Z] [Timeline] Hotspot 20 coords: lat=11.883875481616602, lon=79.80141705562612
[2025-12-11T06:27:07.139Z] [Timeline] Checking operating hours for hotspot 20: visit window 12:53:00-13:53:00 on day 6
[2025-12-11T06:27:07.212Z] [Timeline] Hotspot 20 check window: 09:30:00-16:00:00, visit: 12:53:00-13:53:00
[2025-12-11T06:27:07.240Z] [Timeline] Hotspot 20 operating hours OK - entire visit 12:53:00-13:53:00 fits in 09:30:00-16:00:00
[2025-12-11T06:27:07.269Z] [Timeline] Hotspot 20 operating hours OK
[2025-12-11T06:27:07.324Z] [Timeline] Travel type for "Pondicherry Airport" -> "Pondicherry Airport|Pondicherry": 1 (1=local, 2=outstation)
[2025-12-11T06:27:07.448Z] [Timeline] Building hotspot row for hotspot_ID=20
[2025-12-11T06:27:07.486Z] [Timeline] Built hotspot row: item_type=4, hotspot_ID=20, order=5
[2025-12-11T06:27:07.564Z] [Timeline] Hotspot 17 - currentSeconds: 49980, routeEndSeconds: 72000
[2025-12-11T06:27:07.584Z] [Timeline] Processing hotspot 17 for route 550
[2025-12-11T06:27:07.618Z] [Timeline] Skipping hotspot 17 - already added to plan 5
[2025-12-11T06:27:07.640Z] [Timeline] Hotspot 24 - currentSeconds: 49980, routeEndSeconds: 72000
[2025-12-11T06:27:07.679Z] [Timeline] Processing hotspot 24 for route 550
[2025-12-11T06:27:07.742Z] [Timeline] Hotspot 24 coords: lat=11.934656339062595, lon=79.83484999477534
[2025-12-11T06:27:07.886Z] [Timeline] Checking operating hours for hotspot 24: visit window 14:08:00-14:38:00 on day 6
[2025-12-11T06:27:07.931Z] [Timeline] Hotspot 24 check window: 09:00:00-18:00:00, visit: 14:08:00-14:38:00
[2025-12-11T06:27:08.062Z] [Timeline] Hotspot 24 operating hours OK - entire visit 14:08:00-14:38:00 fits in 09:00:00-18:00:00
[2025-12-11T06:27:08.213Z] [Timeline] Hotspot 24 operating hours OK
[2025-12-11T06:27:08.262Z] [Timeline] Travel type for "Pondicherry Airport|Pondicherry" -> "Pondicherry Airport|Pondicherry": 1 (1=local, 2=outstation)
[2025-12-11T06:27:08.490Z] [Timeline] Building hotspot row for hotspot_ID=24
[2025-12-11T06:27:08.538Z] [Timeline] Built hotspot row: item_type=4, hotspot_ID=24, order=6
[2025-12-11T06:27:08.571Z] [Timeline] Hotspot 277 - currentSeconds: 52680, routeEndSeconds: 72000
[2025-12-11T06:27:08.613Z] [Timeline] Processing hotspot 277 for route 550
[2025-12-11T06:27:08.658Z] [Timeline] Hotspot 277 coords: lat=11.916309213225349, lon=79.82433098120615
[2025-12-11T06:27:08.829Z] [Timeline] Checking operating hours for hotspot 277: visit window 14:43:00-17:43:00 on day 6
[2025-12-11T06:27:08.879Z] [Timeline] Hotspot 277 check window: 09:00:00-18:00:00, visit: 14:43:00-17:43:00
[2025-12-11T06:27:08.937Z] [Timeline] Hotspot 277 operating hours OK - entire visit 14:43:00-17:43:00 fits in 09:00:00-18:00:00
[2025-12-11T06:27:08.978Z] [Timeline] Hotspot 277 operating hours OK
[2025-12-11T06:27:09.018Z] [Timeline] Travel type for "Pondicherry Airport|Pondicherry" -> "Pondicherry Airport|Pondicherry": 1 (1=local, 2=outstation)
[2025-12-11T06:27:09.175Z] [Timeline] Building hotspot row for hotspot_ID=277
[2025-12-11T06:27:09.217Z] [Timeline] Built hotspot row: item_type=4, hotspot_ID=277, order=7
[2025-12-11T06:27:09.258Z] [Timeline] Hotspot 677 - currentSeconds: 63780, routeEndSeconds: 72000
[2025-12-11T06:27:09.314Z] [Timeline] Processing hotspot 677 for route 550
[2025-12-11T06:27:09.370Z] [Timeline] Skipping hotspot 677 - already added to plan 5
[2025-12-11T06:27:09.407Z] [Timeline] Hotspot 678 - currentSeconds: 63780, routeEndSeconds: 72000
[2025-12-11T06:27:09.411Z] [Timeline] Processing hotspot 678 for route 550
[2025-12-11T06:27:09.412Z] [Timeline] Skipping hotspot 678 - already added to plan 5
[2025-12-11T06:27:09.430Z] [Timeline] Hotspot 676 - currentSeconds: 63780, routeEndSeconds: 72000
[2025-12-11T06:27:09.443Z] [Timeline] Processing hotspot 676 for route 550
[2025-12-11T06:27:09.454Z] [Timeline] Hotspot 676 coords: lat=11.930177048465467, lon=79.8224313245787
[2025-12-11T06:27:09.575Z] [Timeline] Checking operating hours for hotspot 676: visit window 17:47:00-18:47:00 on day 6
[2025-12-11T06:27:09.629Z] [Timeline] Hotspot 676 check window: 10:00:00-17:00:00, visit: 17:47:00-18:47:00
[2025-12-11T06:27:09.662Z] [Timeline] Hotspot 676 operating hours check FAILED - visit 17:47:00-18:47:00 doesn't fit in any window
[2025-12-11T06:27:09.675Z] [Timeline] Hotspot 676 not open during visit window 17:47:00-18:47:00 on day 6, skipping
[2025-12-11T06:27:09.704Z] [Timeline] Hotspot 679 - currentSeconds: 63780, routeEndSeconds: 72000
[2025-12-11T06:27:09.754Z] [Timeline] Processing hotspot 679 for route 550
[2025-12-11T06:27:09.796Z] [Timeline] Skipping hotspot 679 - already added to plan 5
[2025-12-11T06:27:09.839Z] [Timeline] Hotspot 669 - currentSeconds: 63780, routeEndSeconds: 72000
[2025-12-11T06:27:09.843Z] [Timeline] Processing hotspot 669 for route 550
[2025-12-11T06:27:09.887Z] [Timeline] Hotspot 669 coords: lat=11.882310987345338, lon=79.8244548517534
[2025-12-11T06:27:09.995Z] [Timeline] Checking operating hours for hotspot 669: visit window 17:52:00-18:52:00 on day 6
[2025-12-11T06:27:10.035Z] [Timeline] Hotspot 669 check window: 06:00:00-18:00:00, visit: 17:52:00-18:52:00
[2025-12-11T06:27:10.061Z] [Timeline] Hotspot 669 operating hours check FAILED - visit 17:52:00-18:52:00 doesn't fit in any window
[2025-12-11T06:27:10.068Z] [Timeline] Hotspot 669 not open during visit window 17:52:00-18:52:00 on day 6, skipping
[2025-12-11T06:27:10.113Z] [Timeline] Route 550 - Skipping hotel rows (last route - PHP behavior)
[2025-12-11T06:27:10.180Z] [Timeline] Returning 35 hotspot rows and 0 parking rows
[2025-12-11T06:27:10.197Z] [Timeline] Hotspot rows item_types: 1, 3, 4, 5, 6, 1, 3, 4, 3, 4, 3, 4, 3, 4, 3, 4, 3, 4, 3, 4, 5, 6, 3, 4, 3, 4, 3, 4, 3, 4, 3, 4, 3, 4, 7
[2025-12-11T06:27:10.236Z] [Timeline] Hotspot rows hotspot_IDs: , 5, 5, 0, 0, , 4, 4, 21, 21, 19, 19, 17, 17, 677, 677, 678, 678, 679, 679, 0, 0, 18, 18, 16, 16, 23, 23, 20, 20, 24, 24, 277, 277, 0
[2025-12-11T06:27:10.240Z] 
=== LOG FILE SAVED TO: D:\wamp64\www\dvi_fullstack\dvi_backend\tmp\hotspot_optimization_1765433314754.log ===

