[2025-12-11T07:51:35.463Z] === HOTSPOT OPTIMIZATION LOG ===
[2025-12-11T07:51:35.489Z] Started at: 2025-12-11T07:51:35.489Z

[2025-12-11T07:54:12.081Z] [Timeline] Route 584 (Chennai International Airport → Chennai): routeStartTime=11:00:00, routeEndTime=20:00:00, direct_to_next=0
[2025-12-11T07:54:12.128Z] [Timeline] Route 584 starting coords from location_id 165946: (12.9811068, 80.159623)
[2025-12-11T07:54:12.147Z] [Timeline] Route 584 - Added refreshment break: 11:00:00 - 12:00:00
[2025-12-11T07:54:12.184Z] [fetchSelectedHotspots] route 584 target="Chennai International Airport" next="Chennai" dow=4
[2025-12-11T07:54:12.370Z] [fetchSelectedHotspots] Found 583 total active hotspots
[2025-12-11T07:54:12.445Z] [fetchSelectedHotspots] Loaded operating hours for 584 hotspots
[2025-12-11T07:54:12.465Z] [fetchSelectedHotspots] direct_to_next_visiting_place=0
[2025-12-11T07:54:12.471Z] [fetchSelectedHotspots] source="Chennai International Airport", destination="Chennai"
[2025-12-11T07:54:12.524Z] [fetchSelectedHotspots] Starting coords from stored_locations: (12.9811068, 80.159623)
[2025-12-11T07:54:12.551Z] [fetchSelectedHotspots] Hotspot 4 "Kapaleeshwarar Temple" → SOURCE (matches "Chennai International Airport" - PRIMARY)
[2025-12-11T07:54:12.565Z] [fetchSelectedHotspots] Hotspot 4 "Kapaleeshwarar Temple" → DESTINATION (matches "Chennai")
[2025-12-11T07:54:12.607Z] [fetchSelectedHotspots] Hotspot 5 "Marina Beach" → SOURCE (matches "Chennai International Airport" - PRIMARY)
[2025-12-11T07:54:12.661Z] [fetchSelectedHotspots] Hotspot 5 "Marina Beach" → DESTINATION (matches "Chennai")
[2025-12-11T07:54:12.685Z] [fetchSelectedHotspots] Hotspot 6 "Fort St.George Museum" → SOURCE (matches "Chennai International Airport" - PRIMARY)
[2025-12-11T07:54:12.702Z] [fetchSelectedHotspots] Hotspot 7 "Government Museum Chennai" → SOURCE (matches "Chennai International Airport" - PRIMARY)
[2025-12-11T07:54:12.713Z] [fetchSelectedHotspots] Hotspot 8 "Santhome Cathedral Basilica" → SOURCE (matches "Chennai International Airport" - PRIMARY)
[2025-12-11T07:54:12.745Z] [fetchSelectedHotspots] Hotspot 9 "Thousand Lights Mosque" → SOURCE (matches "Chennai International Airport" - PRIMARY)
[2025-12-11T07:54:12.756Z] [fetchSelectedHotspots] Hotspot 10 "Guindy National Park" → SOURCE (matches "Chennai International Airport" - PRIMARY)
[2025-12-11T07:54:12.781Z] [fetchSelectedHotspots] Hotspot 11 "Parthasarathy Temple" → SOURCE (matches "Chennai International Airport" - PRIMARY)
[2025-12-11T07:54:12.795Z] [fetchSelectedHotspots] Hotspot 12 "Vivekanandar House" → SOURCE (matches "Chennai International Airport" - PRIMARY)
[2025-12-11T07:54:12.822Z] [fetchSelectedHotspots] Hotspot 13 "Arignar Anna Zoological Park" → SOURCE (matches "Chennai International Airport" - PRIMARY)
[2025-12-11T07:54:12.846Z] [fetchSelectedHotspots] Hotspot 290 "Vgp snow kingdom" → SOURCE (matches "Chennai International Airport" - PRIMARY)
[2025-12-11T07:54:12.863Z] [fetchSelectedHotspots] Hotspot 291 "Vgp marine kingdom" → SOURCE (matches "Chennai International Airport" - PRIMARY)
[2025-12-11T07:54:12.884Z] [fetchSelectedHotspots] Hotspot 292 "Guindy snake park" → SOURCE (matches "Chennai International Airport" - PRIMARY)
[2025-12-11T07:54:12.905Z] [fetchSelectedHotspots] Hotspot 293 "Queens land" → SOURCE (matches "Chennai International Airport" - PRIMARY)
[2025-12-11T07:54:12.914Z] [fetchSelectedHotspots] Hotspot 294 "light house marina" → SOURCE (matches "Chennai International Airport" - PRIMARY)
[2025-12-11T07:54:12.936Z] [fetchSelectedHotspots] Hotspot 296 "Anna tower park" → SOURCE (matches "Chennai International Airport" - PRIMARY)
[2025-12-11T07:54:12.968Z] [fetchSelectedHotspots] Hotspot 297 "B.M Birla planitourim." → SOURCE (matches "Chennai International Airport" - PRIMARY)
[2025-12-11T07:54:13.003Z] [fetchSelectedHotspots] Hotspot 298 "Click art museum" → SOURCE (matches "Chennai International Airport" - PRIMARY)
[2025-12-11T07:54:13.017Z] [fetchSelectedHotspots] Hotspot 299 "National art gallery" → SOURCE (matches "Chennai International Airport" - PRIMARY)
[2025-12-11T07:54:13.046Z] [fetchSelectedHotspots] Hotspot 300 "M G R  Memorial" → SOURCE (matches "Chennai International Airport" - PRIMARY)
[2025-12-11T07:54:13.074Z] [fetchSelectedHotspots] Hotspot 303 "Anna memorial." → SOURCE (matches "Chennai International Airport" - PRIMARY)
[2025-12-11T07:54:13.117Z] [fetchSelectedHotspots] Hotspot 544 "Shri Ashtalakshmi Temple" → SOURCE (matches "Chennai International Airport" - PRIMARY)
[2025-12-11T07:54:13.133Z] [fetchSelectedHotspots] Hotspot 544 "Shri Ashtalakshmi Temple" → DESTINATION (matches "Chennai")
[2025-12-11T07:54:13.153Z] [fetchSelectedHotspots] Filtered 14 priority-0 SOURCE hotspots (22 → 8)
[2025-12-11T07:54:13.181Z] [fetchSelectedHotspots] Categorized: source=8, destination=3, via=0
[2025-12-11T07:54:13.199Z] [fetchSelectedHotspots] AIRPORT ARRIVAL DETECTED: "Chennai International Airport" → "Chennai"
[2025-12-11T07:54:13.213Z] [fetchSelectedHotspots] direct_to_next_visiting_place=0 + AIRPORT ARRIVAL: Processing DESTINATION → VIA
[2025-12-11T07:54:13.238Z] [fetchSelectedHotspots] Matched 3 hotspots after PHP ordering
[2025-12-11T07:54:13.248Z] [fetchSelectedHotspots] First 5 hotspots (sorted): ID=4 "Kapaleeshwarar Temple" priority=1 distance=19.94km, ID=5 "Marina Beach" priority=2 distance=22.47km, ID=544 "Shri Ashtalakshmi Temple" priority=0 distance=18.11km
[2025-12-11T07:54:13.269Z] [fetchSelectedHotspots] Matched 3 hotspots for route 584
[2025-12-11T07:54:13.285Z] [Timeline] Route 584: Selected 3 hotspots
[2025-12-11T07:54:13.300Z] [Timeline] Route 584 - currentTime: 12:00:00, routeEndTime: 20:00:00, routeEndSeconds: 72000
[2025-12-11T07:54:13.321Z] [Timeline] Hotspot 4 - currentSeconds: 43200, routeEndSeconds: 72000
[2025-12-11T07:54:13.324Z] [Timeline] Processing hotspot 4 for route 584
[2025-12-11T07:54:13.333Z] [Timeline] Hotspot 4 coords: lat=13.033798514213936, lon=80.26977915213011
[2025-12-11T07:54:13.384Z] [Timeline] Checking operating hours for hotspot 4: visit window 12:30:00-13:30:00 on day 4
[2025-12-11T07:54:13.389Z] [Timeline] Hotspot 4 check window: 05:30:00-12:00:00, visit: 12:30:00-13:30:00
[2025-12-11T07:54:13.417Z] [Timeline] Hotspot 4 check window: 16:00:00-20:00:00, visit: 12:30:00-13:30:00
[2025-12-11T07:54:13.430Z] [Timeline] Hotspot 4 operating hours check FAILED - visit 12:30:00-13:30:00 doesn't fit in any window
[2025-12-11T07:54:13.457Z] [Timeline] Hotspot 4 not open during visit window 12:30:00-13:30:00 on day 4, skipping
[2025-12-11T07:54:13.496Z] [Timeline] Hotspot 5 - currentSeconds: 43200, routeEndSeconds: 72000
[2025-12-11T07:54:13.499Z] [Timeline] Processing hotspot 5 for route 584
[2025-12-11T07:54:13.522Z] [Timeline] Hotspot 5 coords: lat=13.051080243192029, lon=80.27775926313883
[2025-12-11T07:54:13.730Z] [Timeline] Checking operating hours for hotspot 5: visit window 12:34:00-13:34:00 on day 4
[2025-12-11T07:54:13.766Z] [Timeline] Hotspot 5 operating hours OK
[2025-12-11T07:54:13.799Z] [Timeline] Travel type for "Chennai International Airport" -> "Chennai International Airport|Chennai Domestic Airport|Chennai Central|Chennai|Chennai Egmore Station|Chennai Koyembedu|ECR Beach, Chennai, Tamil Nadu": 1 (1=local, 2=outstation)
[2025-12-11T07:54:13.848Z] [Timeline] Building hotspot row for hotspot_ID=5
[2025-12-11T07:54:13.883Z] [Timeline] Built hotspot row: item_type=4, hotspot_ID=5, order=2
[2025-12-11T07:54:13.916Z] [Timeline] Hotspot 544 - currentSeconds: 48840, routeEndSeconds: 72000
[2025-12-11T07:54:13.921Z] [Timeline] Processing hotspot 544 for route 584
[2025-12-11T07:54:13.943Z] [Timeline] Hotspot 544 coords: lat=12.993461140291483, lon=80.27030436931474
[2025-12-11T07:54:14.007Z] [Timeline] Checking operating hours for hotspot 544: visit window 13:49:00-19:49:00 on day 4
[2025-12-11T07:54:14.044Z] [Timeline] Hotspot 544 check window: 06:00:00-12:00:00, visit: 13:49:00-19:49:00
[2025-12-11T07:54:14.053Z] [Timeline] Hotspot 544 check window: 16:00:00-20:00:00, visit: 13:49:00-19:49:00
[2025-12-11T07:54:14.085Z] [Timeline] Hotspot 544 operating hours check FAILED - visit 13:49:00-19:49:00 doesn't fit in any window
[2025-12-11T07:54:14.113Z] [Timeline] Hotspot 544 not open during visit window 13:49:00-19:49:00 on day 4, skipping
[2025-12-11T07:54:14.157Z] [Timeline] Route 585 (Chennai → Pondicherry): routeStartTime=08:00:00, routeEndTime=20:00:00, direct_to_next=0
[2025-12-11T07:54:14.187Z] [Timeline] Route 585 starting coords from location_id 762: (13.0843007, 80.2704622)
[2025-12-11T07:54:14.202Z] [Timeline] Route 585 - Added refreshment break: 08:00:00 - 09:00:00
[2025-12-11T07:54:14.234Z] [fetchSelectedHotspots] route 585 target="Chennai" next="Pondicherry" dow=5
[2025-12-11T07:54:14.395Z] [fetchSelectedHotspots] Found 583 total active hotspots
[2025-12-11T07:54:14.482Z] [fetchSelectedHotspots] Loaded operating hours for 584 hotspots
[2025-12-11T07:54:14.512Z] [fetchSelectedHotspots] direct_to_next_visiting_place=0
[2025-12-11T07:54:14.515Z] [fetchSelectedHotspots] source="Chennai", destination="Pondicherry"
[2025-12-11T07:54:14.549Z] [fetchSelectedHotspots] Starting coords from stored_locations: (12.9811068, 80.159623)
[2025-12-11T07:54:14.557Z] [fetchSelectedHotspots] Hotspot 4 "Kapaleeshwarar Temple" → SOURCE (matches "Chennai")
[2025-12-11T07:54:14.607Z] [fetchSelectedHotspots] Hotspot 5 "Marina Beach" → SOURCE (matches "Chennai")
[2025-12-11T07:54:14.654Z] [fetchSelectedHotspots] Hotspot 17 "Sri Aurobindo Ashram" → DESTINATION (matches "Pondicherry")
[2025-12-11T07:54:14.664Z] [fetchSelectedHotspots] Hotspot 18 "Auroville" → DESTINATION (matches "Pondicherry")
[2025-12-11T07:54:14.695Z] [fetchSelectedHotspots] Hotspot 19 "Promenade Beach" → DESTINATION (matches "Pondicherry")
[2025-12-11T07:54:14.776Z] [fetchSelectedHotspots] Hotspot 20 "Chunnambar Boathouse" → DESTINATION (matches "Pondicherry")
[2025-12-11T07:54:14.930Z] [fetchSelectedHotspots] Hotspot 21 "The Basilica of the Sacred Heart of Jesus" → DESTINATION (matches "Pondicherry")
[2025-12-11T07:54:15.028Z] [fetchSelectedHotspots] Hotspot 24 "The Pondicherry Museum" → DESTINATION (matches "Pondicherry")
[2025-12-11T07:54:15.094Z] [fetchSelectedHotspots] Hotspot 25 "Manakula Vinayagar Temple" → DESTINATION (matches "Pondicherry")
[2025-12-11T07:54:15.136Z] [fetchSelectedHotspots] Hotspot 277 "Pondicherry Backwater" → DESTINATION (matches "Pondicherry")
[2025-12-11T07:54:15.147Z] [fetchSelectedHotspots] Hotspot 544 "Shri Ashtalakshmi Temple" → SOURCE (matches "Chennai")
[2025-12-11T07:54:15.179Z] [fetchSelectedHotspots] Hotspot 669 "Eden Beach - Blue flag Beach" → DESTINATION (matches "Pondicherry" - PRIMARY)
[2025-12-11T07:54:15.189Z] [fetchSelectedHotspots] Hotspot 676 "Botanical Garden" → DESTINATION (matches "Pondicherry" - PRIMARY)
[2025-12-11T07:54:15.214Z] [fetchSelectedHotspots] Hotspot 677 "Bharathi Park &amp; Aayi Mandapam" → DESTINATION (matches "Pondicherry" - PRIMARY)
[2025-12-11T07:54:15.238Z] [fetchSelectedHotspots] Hotspot 678 "French Colony" → DESTINATION (matches "Pondicherry" - PRIMARY)
[2025-12-11T07:54:15.249Z] [fetchSelectedHotspots] Hotspot 679 "Pondi Marina Beach" → DESTINATION (matches "Pondicherry" - PRIMARY)
[2025-12-11T07:54:15.279Z] [fetchSelectedHotspots] Filtered 1 priority-0 SOURCE hotspots (3 → 2)
[2025-12-11T07:54:15.284Z] [fetchSelectedHotspots] Categorized: source=2, destination=13, via=0
[2025-12-11T07:54:15.304Z] [fetchSelectedHotspots] direct_to_next_visiting_place=0: Processing SOURCE → DESTINATION → VIA
[2025-12-11T07:54:15.330Z] [fetchSelectedHotspots] Matched 15 hotspots after PHP ordering
[2025-12-11T07:54:15.349Z] [fetchSelectedHotspots] First 5 hotspots (sorted): ID=4 "Kapaleeshwarar Temple" priority=1 distance=19.94km, ID=5 "Marina Beach" priority=2 distance=22.47km, ID=25 "Manakula Vinayagar Temple" priority=2 distance=182.13km, ID=18 "Auroville" priority=1 distance=171.53km, ID=20 "Chunnambar Boathouse" priority=5 distance=192.08km
[2025-12-11T07:54:15.356Z] [fetchSelectedHotspots] Matched 15 hotspots for route 585
[2025-12-11T07:54:15.384Z] [Timeline] Route 585: Selected 15 hotspots
[2025-12-11T07:54:15.396Z] [Timeline] Route 585 - currentTime: 09:00:00, routeEndTime: 20:00:00, routeEndSeconds: 72000
[2025-12-11T07:54:15.428Z] [Timeline] Hotspot 4 - currentSeconds: 32400, routeEndSeconds: 72000
[2025-12-11T07:54:15.455Z] [Timeline] Processing hotspot 4 for route 585
[2025-12-11T07:54:15.481Z] [Timeline] Hotspot 4 coords: lat=13.033798514213936, lon=80.26977915213011
[2025-12-11T07:54:15.587Z] [Timeline] Checking operating hours for hotspot 4: visit window 09:13:00-10:13:00 on day 5
[2025-12-11T07:54:15.657Z] [Timeline] Hotspot 4 check window: 05:30:00-12:00:00, visit: 09:13:00-10:13:00
[2025-12-11T07:54:15.681Z] [Timeline] Hotspot 4 operating hours OK - entire visit 09:13:00-10:13:00 fits in 05:30:00-12:00:00
[2025-12-11T07:54:15.696Z] [Timeline] Hotspot 4 operating hours OK
[2025-12-11T07:54:15.720Z] [Timeline] Travel type for "Chennai" -> "Chennai International Airport|Chennai Domestic Airport|Chennai Central|Chennai|Chennai Egmore Station|Chennai Koyembedu|ECR Beach, Chennai, Tamil Nadu": 1 (1=local, 2=outstation)
[2025-12-11T07:54:15.794Z] [Timeline] Building hotspot row for hotspot_ID=4
[2025-12-11T07:54:15.820Z] [Timeline] Built hotspot row: item_type=4, hotspot_ID=4, order=2
[2025-12-11T07:54:15.837Z] [Timeline] Hotspot 5 - currentSeconds: 36780, routeEndSeconds: 72000
[2025-12-11T07:54:15.865Z] [Timeline] Processing hotspot 5 for route 585
[2025-12-11T07:54:15.872Z] [Timeline] Skipping hotspot 5 - already added to plan 5
[2025-12-11T07:54:15.890Z] [Timeline] Hotspot 25 - currentSeconds: 36780, routeEndSeconds: 72000
[2025-12-11T07:54:15.903Z] [Timeline] Processing hotspot 25 for route 585
[2025-12-11T07:54:15.931Z] [Timeline] Hotspot 25 coords: lat=11.936184966220257, lon=79.83484226674099
[2025-12-11T07:54:15.986Z] [Timeline] Checking operating hours for hotspot 25: visit window 13:29:00-13:59:00 on day 5
[2025-12-11T07:54:16.009Z] [Timeline] Hotspot 25 check window: 17:45:00-12:30:00, visit: 13:29:00-13:59:00
[2025-12-11T07:54:16.049Z] [Timeline] Hotspot 25 check window: 16:00:00-20:00:00, visit: 13:29:00-13:59:00
[2025-12-11T07:54:16.056Z] [Timeline] Hotspot 25 operating hours check FAILED - visit 13:29:00-13:59:00 doesn't fit in any window
[2025-12-11T07:54:16.095Z] [Timeline] Hotspot 25 not open during visit window 13:29:00-13:59:00 on day 5, skipping
[2025-12-11T07:54:16.115Z] [Timeline] Hotspot 18 - currentSeconds: 36780, routeEndSeconds: 72000
[2025-12-11T07:54:16.127Z] [Timeline] Processing hotspot 18 for route 585
[2025-12-11T07:54:16.163Z] [Timeline] Hotspot 18 coords: lat=12.008342334177776, lon=79.81781931258232
[2025-12-11T07:54:16.231Z] [Timeline] Checking operating hours for hotspot 18: visit window 13:19:00-15:19:00 on day 5
[2025-12-11T07:54:16.256Z] [Timeline] Hotspot 18 check window: 09:00:00-13:00:00, visit: 13:19:00-15:19:00
[2025-12-11T07:54:16.262Z] [Timeline] Hotspot 18 check window: 13:30:00-17:00:00, visit: 13:19:00-15:19:00
[2025-12-11T07:54:16.282Z] [Timeline] Hotspot 18 operating hours check FAILED - visit 13:19:00-15:19:00 doesn't fit in any window
[2025-12-11T07:54:16.296Z] [Timeline] Hotspot 18 not open during visit window 13:19:00-15:19:00 on day 5, skipping
[2025-12-11T07:54:16.322Z] [Timeline] Hotspot 20 - currentSeconds: 36780, routeEndSeconds: 72000
[2025-12-11T07:54:16.334Z] [Timeline] Processing hotspot 20 for route 585
[2025-12-11T07:54:16.365Z] [Timeline] Hotspot 20 coords: lat=11.883875481616602, lon=79.80141705562612
[2025-12-11T07:54:16.416Z] [Timeline] Checking operating hours for hotspot 20: visit window 13:39:00-14:39:00 on day 5
[2025-12-11T07:54:16.420Z] [Timeline] Hotspot 20 check window: 09:30:00-16:00:00, visit: 13:39:00-14:39:00
[2025-12-11T07:54:16.423Z] [Timeline] Hotspot 20 operating hours OK - entire visit 13:39:00-14:39:00 fits in 09:30:00-16:00:00
[2025-12-11T07:54:16.429Z] [Timeline] Hotspot 20 operating hours OK
[2025-12-11T07:54:16.431Z] [Timeline] Travel type for "Chennai International Airport|Chennai Domestic Airport|Chennai Central|Chennai|Chennai Egmore Station|Chennai Koyembedu|ECR Beach, Chennai, Tamil Nadu" -> "Pondicherry Airport|Pondicherry": 2 (1=local, 2=outstation)
[2025-12-11T07:54:16.487Z] [Timeline] Building hotspot row for hotspot_ID=20
[2025-12-11T07:54:16.492Z] [Timeline] Built hotspot row: item_type=4, hotspot_ID=20, order=3
[2025-12-11T07:54:16.548Z] [Timeline] Hotspot 17 - currentSeconds: 52740, routeEndSeconds: 72000
[2025-12-11T07:54:16.560Z] [Timeline] Processing hotspot 17 for route 585
[2025-12-11T07:54:16.590Z] [Timeline] Hotspot 17 coords: lat=11.936929030828965, lon=79.83477998559515
[2025-12-11T07:54:16.684Z] [Timeline] Checking operating hours for hotspot 17: visit window 14:55:00-15:55:00 on day 5
[2025-12-11T07:54:16.716Z] [Timeline] Hotspot 17 check window: 10:30:00-19:00:00, visit: 14:55:00-15:55:00
[2025-12-11T07:54:16.748Z] [Timeline] Hotspot 17 operating hours OK - entire visit 14:55:00-15:55:00 fits in 10:30:00-19:00:00
[2025-12-11T07:54:16.755Z] [Timeline] Hotspot 17 operating hours OK
[2025-12-11T07:54:16.780Z] [Timeline] Travel type for "Pondicherry Airport|Pondicherry" -> "Pondicherry Airport|Pondicherry": 1 (1=local, 2=outstation)
[2025-12-11T07:54:16.839Z] [Timeline] Building hotspot row for hotspot_ID=17
[2025-12-11T07:54:16.857Z] [Timeline] Built hotspot row: item_type=4, hotspot_ID=17, order=4
[2025-12-11T07:54:16.907Z] [Timeline] Hotspot 21 - currentSeconds: 57300, routeEndSeconds: 72000
[2025-12-11T07:54:16.919Z] [Timeline] Processing hotspot 21 for route 585
[2025-12-11T07:54:16.946Z] [Timeline] Hotspot 21 coords: lat=11.926178758041798, lon=79.82779781515121
[2025-12-11T07:54:17.013Z] [Timeline] Checking operating hours for hotspot 21: visit window 15:58:00-16:28:00 on day 5
[2025-12-11T07:54:17.020Z] [Timeline] Hotspot 21 check window: 06:00:00-19:00:00, visit: 15:58:00-16:28:00
[2025-12-11T07:54:17.038Z] [Timeline] Hotspot 21 operating hours OK - entire visit 15:58:00-16:28:00 fits in 06:00:00-19:00:00
[2025-12-11T07:54:17.048Z] [Timeline] Hotspot 21 operating hours OK
[2025-12-11T07:54:17.070Z] [Timeline] Travel type for "Pondicherry Airport|Pondicherry" -> "Pondicherry Airport|Pondicherry": 1 (1=local, 2=outstation)
[2025-12-11T07:54:17.145Z] [Timeline] Building hotspot row for hotspot_ID=21
[2025-12-11T07:54:17.162Z] [Timeline] Built hotspot row: item_type=4, hotspot_ID=21, order=5
[2025-12-11T07:54:17.198Z] [Timeline] Hotspot 19 - currentSeconds: 59280, routeEndSeconds: 72000
[2025-12-11T07:54:17.228Z] [Timeline] Processing hotspot 19 for route 585
[2025-12-11T07:54:17.261Z] [Timeline] Hotspot 19 coords: lat=11.931203427435934, lon=79.83580349426904
[2025-12-11T07:54:17.339Z] [Timeline] Checking operating hours for hotspot 19: visit window 16:30:00-17:30:00 on day 5
[2025-12-11T07:54:17.371Z] [Timeline] Hotspot 19 check window: 06:00:00-20:00:00, visit: 16:30:00-17:30:00
[2025-12-11T07:54:17.404Z] [Timeline] Hotspot 19 operating hours OK - entire visit 16:30:00-17:30:00 fits in 06:00:00-20:00:00
[2025-12-11T07:54:17.421Z] [Timeline] Hotspot 19 operating hours OK
[2025-12-11T07:54:17.445Z] [Timeline] Travel type for "Pondicherry Airport|Pondicherry" -> "Pondicherry Airport|Pondicherry": 1 (1=local, 2=outstation)
[2025-12-11T07:54:17.520Z] [Timeline] Building hotspot row for hotspot_ID=19
[2025-12-11T07:54:17.559Z] [Timeline] Built hotspot row: item_type=4, hotspot_ID=19, order=6
[2025-12-11T07:54:17.607Z] [Timeline] Hotspot 24 - currentSeconds: 63000, routeEndSeconds: 72000
[2025-12-11T07:54:17.660Z] [Timeline] Processing hotspot 24 for route 585
[2025-12-11T07:54:17.695Z] [Timeline] Hotspot 24 coords: lat=11.934656339062595, lon=79.83484999477534
[2025-12-11T07:54:17.778Z] [Timeline] Checking operating hours for hotspot 24: visit window 17:31:00-18:01:00 on day 5
[2025-12-11T07:54:17.811Z] [Timeline] Hotspot 24 check window: 09:00:00-18:00:00, visit: 17:31:00-18:01:00
[2025-12-11T07:54:17.828Z] [Timeline] Hotspot 24 operating hours check FAILED - visit 17:31:00-18:01:00 doesn't fit in any window
[2025-12-11T07:54:17.851Z] [Timeline] Hotspot 24 not open during visit window 17:31:00-18:01:00 on day 5, skipping
[2025-12-11T07:54:17.857Z] [Timeline] Hotspot 677 - currentSeconds: 63000, routeEndSeconds: 72000
[2025-12-11T07:54:17.881Z] [Timeline] Processing hotspot 677 for route 585
[2025-12-11T07:54:17.901Z] [Timeline] Hotspot 677 coords: lat=11.933029585291068, lon=79.83418306595088
[2025-12-11T07:54:18.001Z] [Timeline] Checking operating hours for hotspot 677: visit window 17:31:00-18:16:00 on day 5
[2025-12-11T07:54:18.038Z] [Timeline] Hotspot 677 check window: 06:00:00-19:00:00, visit: 17:31:00-18:16:00
[2025-12-11T07:54:18.048Z] [Timeline] Hotspot 677 operating hours OK - entire visit 17:31:00-18:16:00 fits in 06:00:00-19:00:00
[2025-12-11T07:54:18.070Z] [Timeline] Hotspot 677 operating hours OK
[2025-12-11T07:54:18.115Z] [Timeline] Travel type for "Pondicherry Airport|Pondicherry" -> "Pondicherry|Pondicherry Airport": 1 (1=local, 2=outstation)
[2025-12-11T07:54:18.180Z] [Timeline] Building hotspot row for hotspot_ID=677
[2025-12-11T07:54:18.211Z] [Timeline] Built hotspot row: item_type=4, hotspot_ID=677, order=7
[2025-12-11T07:54:18.251Z] [Timeline] Hotspot 678 - currentSeconds: 65760, routeEndSeconds: 72000
[2025-12-11T07:54:18.264Z] [Timeline] Processing hotspot 678 for route 585
[2025-12-11T07:54:18.289Z] [Timeline] Hotspot 678 coords: lat=11.928492248303817, lon=79.83303242117643
[2025-12-11T07:54:18.379Z] [Timeline] Checking operating hours for hotspot 678: visit window 18:17:00-19:17:00 on day 5
[2025-12-11T07:54:18.387Z] [Timeline] Hotspot 678 operating hours OK
[2025-12-11T07:54:18.416Z] [Timeline] Travel type for "Pondicherry|Pondicherry Airport" -> "Pondicherry|Pondicherry Airport": 1 (1=local, 2=outstation)
[2025-12-11T07:54:18.501Z] [Timeline] Building hotspot row for hotspot_ID=678
[2025-12-11T07:54:18.521Z] [Timeline] Built hotspot row: item_type=4, hotspot_ID=678, order=8
[2025-12-11T07:54:18.563Z] [Timeline] Hotspot 676 - currentSeconds: 69420, routeEndSeconds: 72000
[2025-12-11T07:54:18.577Z] [Timeline] Processing hotspot 676 for route 585
[2025-12-11T07:54:18.629Z] [Timeline] Hotspot 676 coords: lat=11.930177048465467, lon=79.8224313245787
[2025-12-11T07:54:18.716Z] [Timeline] Checking operating hours for hotspot 676: visit window 19:20:00-20:20:00 on day 5
[2025-12-11T07:54:18.752Z] [Timeline] Hotspot 676 check window: 10:00:00-17:00:00, visit: 19:20:00-20:20:00
[2025-12-11T07:54:18.763Z] [Timeline] Hotspot 676 operating hours check FAILED - visit 19:20:00-20:20:00 doesn't fit in any window
[2025-12-11T07:54:18.794Z] [Timeline] Hotspot 676 not open during visit window 19:20:00-20:20:00 on day 5, skipping
[2025-12-11T07:54:18.812Z] [Timeline] Hotspot 277 - currentSeconds: 69420, routeEndSeconds: 72000
[2025-12-11T07:54:18.856Z] [Timeline] Processing hotspot 277 for route 585
[2025-12-11T07:54:18.916Z] [Timeline] Hotspot 277 coords: lat=11.916309213225349, lon=79.82433098120615
[2025-12-11T07:54:18.997Z] [Timeline] Checking operating hours for hotspot 277: visit window 19:21:00-22:21:00 on day 5
[2025-12-11T07:54:19.031Z] [Timeline] Hotspot 277 check window: 09:00:00-18:00:00, visit: 19:21:00-22:21:00
[2025-12-11T07:54:19.055Z] [Timeline] Hotspot 277 operating hours check FAILED - visit 19:21:00-22:21:00 doesn't fit in any window
[2025-12-11T07:54:19.078Z] [Timeline] Hotspot 277 not open during visit window 19:21:00-22:21:00 on day 5, skipping
[2025-12-11T07:54:19.103Z] [Timeline] Hotspot 679 - currentSeconds: 69420, routeEndSeconds: 72000
[2025-12-11T07:54:19.115Z] [Timeline] Processing hotspot 679 for route 585
[2025-12-11T07:54:19.146Z] [Timeline] Hotspot 679 coords: lat=11.913052113056816, lon=79.82932149874199
[2025-12-11T07:54:19.214Z] [Timeline] Checking operating hours for hotspot 679: visit window 19:21:00-19:51:00 on day 5
[2025-12-11T07:54:19.249Z] [Timeline] Hotspot 679 operating hours OK
[2025-12-11T07:54:19.268Z] [Timeline] Travel type for "Pondicherry|Pondicherry Airport" -> "Pondicherry|Pondicherry Airport": 1 (1=local, 2=outstation)
[2025-12-11T07:54:19.347Z] [Timeline] Building hotspot row for hotspot_ID=679
[2025-12-11T07:54:19.363Z] [Timeline] Built hotspot row: item_type=4, hotspot_ID=679, order=9
[2025-12-11T07:54:19.395Z] [Timeline] Hotspot 669 - currentSeconds: 71460, routeEndSeconds: 72000
[2025-12-11T07:54:19.420Z] [Timeline] Processing hotspot 669 for route 585
[2025-12-11T07:54:19.455Z] [Timeline] Hotspot 669 coords: lat=11.882310987345338, lon=79.8244548517534
[2025-12-11T07:54:19.546Z] [Timeline] Checking operating hours for hotspot 669: visit window 19:59:00-20:59:00 on day 5
[2025-12-11T07:54:19.580Z] [Timeline] Hotspot 669 check window: 06:00:00-18:00:00, visit: 19:59:00-20:59:00
[2025-12-11T07:54:19.612Z] [Timeline] Hotspot 669 operating hours check FAILED - visit 19:59:00-20:59:00 doesn't fit in any window
[2025-12-11T07:54:19.624Z] [Timeline] Hotspot 669 not open during visit window 19:59:00-20:59:00 on day 5, skipping
[2025-12-11T07:54:19.705Z] [Timeline] Route 586 (Pondicherry → Pondicherry Airport): routeStartTime=08:00:00, routeEndTime=20:00:00, direct_to_next=0
[2025-12-11T07:54:19.716Z] [Timeline] Route 586 starting coords from location_id 5922: (11.9415915, 79.8083133)
[2025-12-11T07:54:19.821Z] [Timeline] Route 586 - Skipping refreshment row (last route) but advancing time by 01:00:00 to 09:00:00
[2025-12-11T07:54:20.031Z] [fetchSelectedHotspots] route 586 target="Pondicherry" next="Pondicherry Airport" dow=6
[2025-12-11T07:54:20.270Z] [fetchSelectedHotspots] Found 583 total active hotspots
[2025-12-11T07:54:20.338Z] [fetchSelectedHotspots] Loaded operating hours for 584 hotspots
[2025-12-11T07:54:20.363Z] [fetchSelectedHotspots] direct_to_next_visiting_place=0
[2025-12-11T07:54:20.372Z] [fetchSelectedHotspots] source="Pondicherry", destination="Pondicherry Airport"
[2025-12-11T07:54:20.404Z] [fetchSelectedHotspots] Starting coords from stored_locations: (13.0827989, 80.2754246)
[2025-12-11T07:54:20.436Z] [fetchSelectedHotspots] Hotspot 16 "Paradise Beach" → DESTINATION (matches "Pondicherry Airport" - PRIMARY - ONLY)
[2025-12-11T07:54:20.451Z] [fetchSelectedHotspots] Hotspot 17 "Sri Aurobindo Ashram" → DESTINATION (matches "Pondicherry Airport" - PRIMARY)
[2025-12-11T07:54:20.477Z] [fetchSelectedHotspots] Hotspot 18 "Auroville" → DESTINATION (matches "Pondicherry Airport" - PRIMARY)
[2025-12-11T07:54:20.484Z] [fetchSelectedHotspots] Hotspot 19 "Promenade Beach" → DESTINATION (matches "Pondicherry Airport" - PRIMARY)
[2025-12-11T07:54:20.515Z] [fetchSelectedHotspots] Hotspot 20 "Chunnambar Boathouse" → DESTINATION (matches "Pondicherry Airport" - PRIMARY)
[2025-12-11T07:54:20.520Z] [fetchSelectedHotspots] Hotspot 21 "The Basilica of the Sacred Heart of Jesus" → DESTINATION (matches "Pondicherry Airport" - PRIMARY)
[2025-12-11T07:54:20.555Z] [fetchSelectedHotspots] Hotspot 23 "French War Memorial" → DESTINATION (matches "Pondicherry Airport" - PRIMARY - ONLY)
[2025-12-11T07:54:20.562Z] [fetchSelectedHotspots] Hotspot 24 "The Pondicherry Museum" → DESTINATION (matches "Pondicherry Airport" - PRIMARY)
[2025-12-11T07:54:20.611Z] [fetchSelectedHotspots] Hotspot 25 "Manakula Vinayagar Temple" → DESTINATION (matches "Pondicherry Airport" - PRIMARY)
[2025-12-11T07:54:20.676Z] [fetchSelectedHotspots] Hotspot 277 "Pondicherry Backwater" → DESTINATION (matches "Pondicherry Airport" - PRIMARY)
[2025-12-11T07:54:20.705Z] [fetchSelectedHotspots] Hotspot 669 "Eden Beach - Blue flag Beach" → SOURCE (matches "Pondicherry" - PRIMARY)
[2025-12-11T07:54:20.737Z] [fetchSelectedHotspots] Hotspot 669 "Eden Beach - Blue flag Beach" → DESTINATION (matches "Pondicherry Airport")
[2025-12-11T07:54:20.768Z] [fetchSelectedHotspots] Hotspot 676 "Botanical Garden" → SOURCE (matches "Pondicherry" - PRIMARY)
[2025-12-11T07:54:20.781Z] [fetchSelectedHotspots] Hotspot 676 "Botanical Garden" → DESTINATION (matches "Pondicherry Airport")
[2025-12-11T07:54:20.800Z] [fetchSelectedHotspots] Hotspot 677 "Bharathi Park &amp; Aayi Mandapam" → SOURCE (matches "Pondicherry" - PRIMARY)
[2025-12-11T07:54:20.821Z] [fetchSelectedHotspots] Hotspot 677 "Bharathi Park &amp; Aayi Mandapam" → DESTINATION (matches "Pondicherry Airport")
[2025-12-11T07:54:20.837Z] [fetchSelectedHotspots] Hotspot 678 "French Colony" → SOURCE (matches "Pondicherry" - PRIMARY)
[2025-12-11T07:54:20.868Z] [fetchSelectedHotspots] Hotspot 678 "French Colony" → DESTINATION (matches "Pondicherry Airport")
[2025-12-11T07:54:20.904Z] [fetchSelectedHotspots] Hotspot 679 "Pondi Marina Beach" → SOURCE (matches "Pondicherry" - PRIMARY)
[2025-12-11T07:54:20.914Z] [fetchSelectedHotspots] Hotspot 679 "Pondi Marina Beach" → DESTINATION (matches "Pondicherry Airport")
[2025-12-11T07:54:20.944Z] [fetchSelectedHotspots] Filtered 5 priority-0 SOURCE hotspots (5 → 0)
[2025-12-11T07:54:20.988Z] [fetchSelectedHotspots] Categorized: source=0, destination=15, via=0
[2025-12-11T07:54:21.028Z] [fetchSelectedHotspots] direct_to_next_visiting_place=0: Processing SOURCE → DESTINATION → VIA
[2025-12-11T07:54:21.033Z] [fetchSelectedHotspots] Matched 15 hotspots after PHP ordering
[2025-12-11T07:54:21.062Z] [fetchSelectedHotspots] First 5 hotspots (sorted): ID=17 "Sri Aurobindo Ashram" priority=6 distance=204.15km, ID=25 "Manakula Vinayagar Temple" priority=2 distance=204.26km, ID=18 "Auroville" priority=1 distance=194.08km, ID=20 "Chunnambar Boathouse" priority=5 distance=214.35km, ID=16 "Paradise Beach" priority=1 distance=209.31km
[2025-12-11T07:54:21.089Z] [fetchSelectedHotspots] Matched 15 hotspots for route 586
[2025-12-11T07:54:21.115Z] [Timeline] Route 586: Selected 15 hotspots
[2025-12-11T07:54:21.143Z] [Timeline] Route 586 - currentTime: 09:00:00, routeEndTime: 20:00:00, routeEndSeconds: 72000
[2025-12-11T07:54:21.161Z] [Timeline] Hotspot 17 - currentSeconds: 32400, routeEndSeconds: 72000
[2025-12-11T07:54:21.171Z] [Timeline] Processing hotspot 17 for route 586
[2025-12-11T07:54:21.201Z] [Timeline] Skipping hotspot 17 - already added to plan 5
[2025-12-11T07:54:21.206Z] [Timeline] Hotspot 25 - currentSeconds: 32400, routeEndSeconds: 72000
[2025-12-11T07:54:21.244Z] [Timeline] Processing hotspot 25 for route 586
[2025-12-11T07:54:21.249Z] [Timeline] Hotspot 25 coords: lat=11.936184966220257, lon=79.83484226674099
[2025-12-11T07:54:21.303Z] [Timeline] Checking operating hours for hotspot 25: visit window 09:07:00-09:37:00 on day 6
[2025-12-11T07:54:21.323Z] [Timeline] Hotspot 25 check window: 05:45:00-12:30:00, visit: 09:07:00-09:37:00
[2025-12-11T07:54:21.336Z] [Timeline] Hotspot 25 operating hours OK - entire visit 09:07:00-09:37:00 fits in 05:45:00-12:30:00
[2025-12-11T07:54:21.380Z] [Timeline] Hotspot 25 operating hours OK
[2025-12-11T07:54:21.386Z] [Timeline] Travel type for "Pondicherry" -> "Pondicherry Airport|Pondicherry": 1 (1=local, 2=outstation)
[2025-12-11T07:54:21.494Z] [Timeline] Building hotspot row for hotspot_ID=25
[2025-12-11T07:54:21.513Z] [Timeline] Built hotspot row: item_type=4, hotspot_ID=25, order=2
[2025-12-11T07:54:21.544Z] [Timeline] Hotspot 18 - currentSeconds: 34620, routeEndSeconds: 72000
[2025-12-11T07:54:21.559Z] [Timeline] Processing hotspot 18 for route 586
[2025-12-11T07:54:21.595Z] [Timeline] Hotspot 18 coords: lat=12.008342334177776, lon=79.81781931258232
[2025-12-11T07:54:21.701Z] [Timeline] Checking operating hours for hotspot 18: visit window 09:56:00-11:56:00 on day 6
[2025-12-11T07:54:21.745Z] [Timeline] Hotspot 18 check window: 09:00:00-13:00:00, visit: 09:56:00-11:56:00
[2025-12-11T07:54:21.764Z] [Timeline] Hotspot 18 operating hours OK - entire visit 09:56:00-11:56:00 fits in 09:00:00-13:00:00
[2025-12-11T07:54:21.777Z] [Timeline] Hotspot 18 operating hours OK
[2025-12-11T07:54:21.810Z] [Timeline] Travel type for "Pondicherry Airport|Pondicherry" -> "Pondicherry Airport|Pondicherry": 1 (1=local, 2=outstation)
[2025-12-11T07:54:21.885Z] [Timeline] Building hotspot row for hotspot_ID=18
[2025-12-11T07:54:21.923Z] [Timeline] Built hotspot row: item_type=4, hotspot_ID=18, order=3
[2025-12-11T07:54:21.933Z] [Timeline] Hotspot 20 - currentSeconds: 42960, routeEndSeconds: 72000
[2025-12-11T07:54:21.967Z] [Timeline] Processing hotspot 20 for route 586
[2025-12-11T07:54:21.982Z] [Timeline] Skipping hotspot 20 - already added to plan 5
[2025-12-11T07:54:22.017Z] [Timeline] Hotspot 16 - currentSeconds: 42960, routeEndSeconds: 72000
[2025-12-11T07:54:22.055Z] [Timeline] Processing hotspot 16 for route 586
[2025-12-11T07:54:22.097Z] [Timeline] Hotspot 16 coords: lat=11.894346668881749, lon=79.86265715952393
[2025-12-11T07:54:22.151Z] [Timeline] Checking operating hours for hotspot 16: visit window 12:27:00-12:57:00 on day 6
[2025-12-11T07:54:22.187Z] [Timeline] Hotspot 16 check window: 09:00:00-18:00:00, visit: 12:27:00-12:57:00
[2025-12-11T07:54:22.189Z] [Timeline] Hotspot 16 operating hours OK - entire visit 12:27:00-12:57:00 fits in 09:00:00-18:00:00
[2025-12-11T07:54:22.227Z] [Timeline] Hotspot 16 operating hours OK
[2025-12-11T07:54:22.229Z] [Timeline] Travel type for "Pondicherry Airport|Pondicherry" -> "Pondicherry Airport": 1 (1=local, 2=outstation)
[2025-12-11T07:54:22.287Z] [Timeline] Building hotspot row for hotspot_ID=16
[2025-12-11T07:54:22.320Z] [Timeline] Built hotspot row: item_type=4, hotspot_ID=16, order=4
[2025-12-11T07:54:22.361Z] [Timeline] Hotspot 21 - currentSeconds: 46620, routeEndSeconds: 72000
[2025-12-11T07:54:22.386Z] [Timeline] Processing hotspot 21 for route 586
[2025-12-11T07:54:22.418Z] [Timeline] Skipping hotspot 21 - already added to plan 5
[2025-12-11T07:54:22.420Z] [Timeline] Hotspot 19 - currentSeconds: 46620, routeEndSeconds: 72000
[2025-12-11T07:54:22.428Z] [Timeline] Processing hotspot 19 for route 586
[2025-12-11T07:54:22.447Z] [Timeline] Skipping hotspot 19 - already added to plan 5
[2025-12-11T07:54:22.470Z] [Timeline] Hotspot 23 - currentSeconds: 46620, routeEndSeconds: 72000
[2025-12-11T07:54:22.493Z] [Timeline] Processing hotspot 23 for route 586
[2025-12-11T07:54:22.514Z] [Timeline] Hotspot 23 coords: lat=11.93212951685565, lon=79.83535346593922
[2025-12-11T07:54:22.549Z] [Timeline] Checking operating hours for hotspot 23: visit window 12:57:00-13:17:00 on day 6
[2025-12-11T07:54:22.571Z] [Timeline] Hotspot 23 operating hours OK
[2025-12-11T07:54:22.598Z] [Timeline] Travel type for "Pondicherry Airport" -> "Pondicherry Airport": 1 (1=local, 2=outstation)
[2025-12-11T07:54:22.664Z] [Timeline] Building hotspot row for hotspot_ID=23
[2025-12-11T07:54:22.699Z] [Timeline] Built hotspot row: item_type=4, hotspot_ID=23, order=5
[2025-12-11T07:54:22.730Z] [Timeline] Hotspot 24 - currentSeconds: 47820, routeEndSeconds: 72000
[2025-12-11T07:54:22.764Z] [Timeline] Processing hotspot 24 for route 586
[2025-12-11T07:54:22.802Z] [Timeline] Hotspot 24 coords: lat=11.934656339062595, lon=79.83484999477534
[2025-12-11T07:54:22.861Z] [Timeline] Checking operating hours for hotspot 24: visit window 13:18:00-13:48:00 on day 6
[2025-12-11T07:54:22.886Z] [Timeline] Hotspot 24 check window: 09:00:00-18:00:00, visit: 13:18:00-13:48:00
[2025-12-11T07:54:22.893Z] [Timeline] Hotspot 24 operating hours OK - entire visit 13:18:00-13:48:00 fits in 09:00:00-18:00:00
[2025-12-11T07:54:22.926Z] [Timeline] Hotspot 24 operating hours OK
[2025-12-11T07:54:22.931Z] [Timeline] Travel type for "Pondicherry Airport" -> "Pondicherry Airport|Pondicherry": 1 (1=local, 2=outstation)
[2025-12-11T07:54:23.051Z] [Timeline] Building hotspot row for hotspot_ID=24
[2025-12-11T07:54:23.066Z] [Timeline] Built hotspot row: item_type=4, hotspot_ID=24, order=6
[2025-12-11T07:54:23.118Z] [Timeline] Hotspot 677 - currentSeconds: 49680, routeEndSeconds: 72000
[2025-12-11T07:54:23.136Z] [Timeline] Processing hotspot 677 for route 586
[2025-12-11T07:54:23.153Z] [Timeline] Skipping hotspot 677 - already added to plan 5
[2025-12-11T07:54:23.171Z] [Timeline] Hotspot 678 - currentSeconds: 49680, routeEndSeconds: 72000
[2025-12-11T07:54:23.196Z] [Timeline] Processing hotspot 678 for route 586
[2025-12-11T07:54:23.201Z] [Timeline] Skipping hotspot 678 - already added to plan 5
[2025-12-11T07:54:23.232Z] [Timeline] Hotspot 676 - currentSeconds: 49680, routeEndSeconds: 72000
[2025-12-11T07:54:23.247Z] [Timeline] Processing hotspot 676 for route 586
[2025-12-11T07:54:23.280Z] [Timeline] Hotspot 676 coords: lat=11.930177048465467, lon=79.8224313245787
[2025-12-11T07:54:23.355Z] [Timeline] Checking operating hours for hotspot 676: visit window 13:51:00-14:51:00 on day 6
[2025-12-11T07:54:23.370Z] [Timeline] Hotspot 676 check window: 10:00:00-17:00:00, visit: 13:51:00-14:51:00
[2025-12-11T07:54:23.386Z] [Timeline] Hotspot 676 operating hours OK - entire visit 13:51:00-14:51:00 fits in 10:00:00-17:00:00
[2025-12-11T07:54:23.410Z] [Timeline] Hotspot 676 operating hours OK
[2025-12-11T07:54:23.416Z] [Timeline] Travel type for "Pondicherry Airport|Pondicherry" -> "Pondicherry|Pondicherry Airport": 1 (1=local, 2=outstation)
[2025-12-11T07:54:23.484Z] [Timeline] Building hotspot row for hotspot_ID=676
[2025-12-11T07:54:23.504Z] [Timeline] Built hotspot row: item_type=4, hotspot_ID=676, order=7
[2025-12-11T07:54:23.561Z] [Timeline] Hotspot 277 - currentSeconds: 53460, routeEndSeconds: 72000
[2025-12-11T07:54:23.593Z] [Timeline] Processing hotspot 277 for route 586
[2025-12-11T07:54:23.652Z] [Timeline] Hotspot 277 coords: lat=11.916309213225349, lon=79.82433098120615
[2025-12-11T07:54:23.794Z] [Timeline] Checking operating hours for hotspot 277: visit window 14:55:00-17:55:00 on day 6
[2025-12-11T07:54:23.810Z] [Timeline] Hotspot 277 check window: 09:00:00-18:00:00, visit: 14:55:00-17:55:00
[2025-12-11T07:54:23.832Z] [Timeline] Hotspot 277 operating hours OK - entire visit 14:55:00-17:55:00 fits in 09:00:00-18:00:00
[2025-12-11T07:54:23.861Z] [Timeline] Hotspot 277 operating hours OK
[2025-12-11T07:54:23.903Z] [Timeline] Travel type for "Pondicherry|Pondicherry Airport" -> "Pondicherry Airport|Pondicherry": 1 (1=local, 2=outstation)
[2025-12-11T07:54:23.994Z] [Timeline] Building hotspot row for hotspot_ID=277
[2025-12-11T07:54:24.019Z] [Timeline] Built hotspot row: item_type=4, hotspot_ID=277, order=8
[2025-12-11T07:54:24.093Z] [Timeline] Hotspot 679 - currentSeconds: 64500, routeEndSeconds: 72000
[2025-12-11T07:54:24.133Z] [Timeline] Processing hotspot 679 for route 586
[2025-12-11T07:54:24.170Z] [Timeline] Skipping hotspot 679 - already added to plan 5
[2025-12-11T07:54:24.181Z] [Timeline] Hotspot 669 - currentSeconds: 64500, routeEndSeconds: 72000
[2025-12-11T07:54:24.214Z] [Timeline] Processing hotspot 669 for route 586
[2025-12-11T07:54:24.227Z] [Timeline] Hotspot 669 coords: lat=11.882310987345338, lon=79.8244548517534
[2025-12-11T07:54:24.305Z] [Timeline] Checking operating hours for hotspot 669: visit window 18:04:00-19:04:00 on day 6
[2025-12-11T07:54:24.343Z] [Timeline] Hotspot 669 check window: 06:00:00-18:00:00, visit: 18:04:00-19:04:00
[2025-12-11T07:54:24.347Z] [Timeline] Hotspot 669 operating hours check FAILED - visit 18:04:00-19:04:00 doesn't fit in any window
[2025-12-11T07:54:24.353Z] [Timeline] Hotspot 669 not open during visit window 18:04:00-19:04:00 on day 6, skipping
[2025-12-11T07:54:24.381Z] [Timeline] Route 586 - Skipping hotel rows (last route - PHP behavior)
[2025-12-11T07:54:24.421Z] [Timeline] Returning 39 hotspot rows and 0 parking rows
[2025-12-11T07:54:24.433Z] [Timeline] Hotspot rows item_types: 1, 3, 4, 5, 6, 1, 3, 4, 3, 4, 3, 4, 3, 4, 3, 4, 3, 4, 3, 4, 3, 4, 5, 6, 3, 4, 3, 4, 3, 4, 3, 4, 3, 4, 3, 4, 3, 4, 7
[2025-12-11T07:54:24.440Z] [Timeline] Hotspot rows hotspot_IDs: , 5, 5, 0, 0, , 4, 4, 20, 20, 17, 17, 21, 21, 19, 19, 677, 677, 678, 678, 679, 679, 0, 0, 25, 25, 18, 18, 16, 16, 23, 23, 24, 24, 676, 676, 277, 277, 0
[2025-12-11T07:54:24.513Z] 
=== LOG FILE SAVED TO: D:\wamp64\www\dvi_fullstack\dvi_backend\tmp\hotspot_optimization_1765439495463.log ===

