[2025-12-11T03:43:02.053Z] === HOTSPOT OPTIMIZATION LOG ===
[2025-12-11T03:43:02.114Z] Started at: 2025-12-11T03:43:02.114Z

[2025-12-11T03:43:17.651Z] [Timeline] Route 479 (Chennai International Airport → Chennai): routeStartTime=11:00:00, routeEndTime=20:00:00, direct_to_next=0
[2025-12-11T03:43:17.746Z] [Timeline] Route 479 starting coords from location_id 165946: (12.9811068, 80.159623)
[2025-12-11T03:43:17.830Z] [Timeline] Route 479 - Added refreshment break: 11:00:00 - 12:00:00
[2025-12-11T03:43:17.898Z] [fetchSelectedHotspots] route 479 target="Chennai International Airport" next="Chennai" dow=4
[2025-12-11T03:43:18.194Z] [fetchSelectedHotspots] Found 583 total active hotspots
[2025-12-11T03:43:18.266Z] [fetchSelectedHotspots] direct_to_next_visiting_place=0
[2025-12-11T03:43:18.267Z] [fetchSelectedHotspots] source="Chennai International Airport", destination="Chennai"
[2025-12-11T03:43:18.428Z] [fetchSelectedHotspots] Starting coords from stored_locations: (12.9811068, 80.159623)
[2025-12-11T03:43:18.483Z] [fetchSelectedHotspots] Hotspot 4 "Kapaleeshwarar Temple" → SOURCE (matches "Chennai International Airport")
[2025-12-11T03:43:18.545Z] [fetchSelectedHotspots] Hotspot 4 "Kapaleeshwarar Temple" → DESTINATION (matches "Chennai")
[2025-12-11T03:43:18.594Z] [fetchSelectedHotspots] Hotspot 5 "Marina Beach" → SOURCE (matches "Chennai International Airport")
[2025-12-11T03:43:18.633Z] [fetchSelectedHotspots] Hotspot 5 "Marina Beach" → DESTINATION (matches "Chennai")
[2025-12-11T03:43:18.684Z] [fetchSelectedHotspots] Hotspot 6 "Fort St.George Museum" → SOURCE (matches "Chennai International Airport")
[2025-12-11T03:43:18.741Z] [fetchSelectedHotspots] Hotspot 7 "Government Museum Chennai" → SOURCE (matches "Chennai International Airport")
[2025-12-11T03:43:18.851Z] [fetchSelectedHotspots] Hotspot 8 "Santhome Cathedral Basilica" → SOURCE (matches "Chennai International Airport")
[2025-12-11T03:43:18.911Z] [fetchSelectedHotspots] Hotspot 9 "Thousand Lights Mosque" → SOURCE (matches "Chennai International Airport")
[2025-12-11T03:43:18.993Z] [fetchSelectedHotspots] Hotspot 10 "Guindy National Park" → SOURCE (matches "Chennai International Airport")
[2025-12-11T03:43:19.044Z] [fetchSelectedHotspots] Hotspot 11 "Parthasarathy Temple" → SOURCE (matches "Chennai International Airport")
[2025-12-11T03:43:19.080Z] [fetchSelectedHotspots] Hotspot 12 "Vivekanandar House" → SOURCE (matches "Chennai International Airport")
[2025-12-11T03:43:19.133Z] [fetchSelectedHotspots] Hotspot 13 "Arignar Anna Zoological Park" → SOURCE (matches "Chennai International Airport")
[2025-12-11T03:43:19.281Z] [fetchSelectedHotspots] Hotspot 290 "Vgp snow kingdom" → SOURCE (matches "Chennai International Airport")
[2025-12-11T03:43:19.360Z] [fetchSelectedHotspots] Hotspot 291 "Vgp marine kingdom" → SOURCE (matches "Chennai International Airport")
[2025-12-11T03:43:19.416Z] [fetchSelectedHotspots] Hotspot 292 "Guindy snake park" → SOURCE (matches "Chennai International Airport")
[2025-12-11T03:43:19.460Z] [fetchSelectedHotspots] Hotspot 293 "Queens land" → SOURCE (matches "Chennai International Airport")
[2025-12-11T03:43:19.557Z] [fetchSelectedHotspots] Hotspot 294 "light house marina" → SOURCE (matches "Chennai International Airport")
[2025-12-11T03:43:19.643Z] [fetchSelectedHotspots] Hotspot 296 "Anna tower park" → SOURCE (matches "Chennai International Airport")
[2025-12-11T03:43:19.698Z] [fetchSelectedHotspots] Hotspot 297 "B.M Birla planitourim." → SOURCE (matches "Chennai International Airport")
[2025-12-11T03:43:19.811Z] [fetchSelectedHotspots] Hotspot 298 "Click art museum" → SOURCE (matches "Chennai International Airport")
[2025-12-11T03:43:19.877Z] [fetchSelectedHotspots] Hotspot 299 "National art gallery" → SOURCE (matches "Chennai International Airport")
[2025-12-11T03:43:19.930Z] [fetchSelectedHotspots] Hotspot 300 "M G R  Memorial" → SOURCE (matches "Chennai International Airport")
[2025-12-11T03:43:19.994Z] [fetchSelectedHotspots] Hotspot 303 "Anna memorial." → SOURCE (matches "Chennai International Airport")
[2025-12-11T03:43:20.054Z] [fetchSelectedHotspots] Hotspot 544 "Shri Ashtalakshmi Temple" → SOURCE (matches "Chennai International Airport")
[2025-12-11T03:43:20.116Z] [fetchSelectedHotspots] Hotspot 544 "Shri Ashtalakshmi Temple" → DESTINATION (matches "Chennai")
[2025-12-11T03:43:20.166Z] [fetchSelectedHotspots] Filtered 14 priority-0 SOURCE hotspots (22 → 8)
[2025-12-11T03:43:20.456Z] [fetchSelectedHotspots] Categorized: source=8, destination=3, via=0
[2025-12-11T03:43:20.773Z] [fetchSelectedHotspots] AIRPORT ARRIVAL DETECTED: "Chennai International Airport" → "Chennai"
[2025-12-11T03:43:21.027Z] [fetchSelectedHotspots] direct_to_next_visiting_place=0 + AIRPORT ARRIVAL: Processing DESTINATION → VIA
[2025-12-11T03:43:21.249Z] [fetchSelectedHotspots] Matched 3 hotspots after PHP ordering
[2025-12-11T03:43:21.356Z] [fetchSelectedHotspots] First 5 hotspots (sorted): ID=4 "Kapaleeshwarar Temple" priority=1 distance=19.94km, ID=5 "Marina Beach" priority=2 distance=22.47km, ID=544 "Shri Ashtalakshmi Temple" priority=0 distance=18.11km
[2025-12-11T03:43:21.426Z] [fetchSelectedHotspots] Matched 3 hotspots for route 479
[2025-12-11T03:43:21.493Z] [Timeline] Route 479: Selected 3 hotspots
[2025-12-11T03:43:21.526Z] [Timeline] Route 479 - currentTime: 12:00:00, routeEndTime: 20:00:00, routeEndSeconds: 72000
[2025-12-11T03:43:21.559Z] [Timeline] Hotspot 4 - currentSeconds: 43200, routeEndSeconds: 72000
[2025-12-11T03:43:21.613Z] [Timeline] Processing hotspot 4 for route 479
[2025-12-11T03:43:21.684Z] [Timeline] Hotspot 4 coords: lat=13.033798514213936, lon=80.26977915213011
[2025-12-11T03:43:22.014Z] [Timeline] Checking operating hours for hotspot 4: visit window 12:30:00-13:30:00 on day 4
[2025-12-11T03:43:22.115Z] [Timeline] Hotspot 4 check window: 05:30:00-12:00:00, visit: 12:30:00-13:30:00
[2025-12-11T03:43:22.161Z] [Timeline] Hotspot 4 check window: 16:00:00-20:00:00, visit: 12:30:00-13:30:00
[2025-12-11T03:43:22.216Z] [Timeline] Hotspot 4 operating hours check FAILED - visit 12:30:00-13:30:00 doesn't fit in any window
[2025-12-11T03:43:22.294Z] [Timeline] Hotspot 4 not open during visit window 12:30:00-13:30:00 on day 4, skipping
[2025-12-11T03:43:22.344Z] [Timeline] Hotspot 5 - currentSeconds: 43200, routeEndSeconds: 72000
[2025-12-11T03:43:22.400Z] [Timeline] Processing hotspot 5 for route 479
[2025-12-11T03:43:22.633Z] [Timeline] Hotspot 5 coords: lat=13.051080243192029, lon=80.27775926313883
[2025-12-11T03:43:23.478Z] [Timeline] Checking operating hours for hotspot 5: visit window 12:34:00-13:34:00 on day 4
[2025-12-11T03:43:23.617Z] [Timeline] Hotspot 5 operating hours OK
[2025-12-11T03:43:23.696Z] [Timeline] Travel type for "Chennai International Airport" -> "Chennai International Airport|Chennai Domestic Airport|Chennai Central|Chennai|Chennai Egmore Station|Chennai Koyembedu|ECR Beach, Chennai, Tamil Nadu": 1 (1=local, 2=outstation)
[2025-12-11T03:43:24.228Z] [Timeline] Building hotspot row for hotspot_ID=5
[2025-12-11T03:43:24.376Z] [Timeline] Built hotspot row: item_type=4, hotspot_ID=5, order=3
[2025-12-11T03:43:24.977Z] [Timeline] Hotspot 544 - currentSeconds: 48840, routeEndSeconds: 72000
[2025-12-11T03:43:25.150Z] [Timeline] Processing hotspot 544 for route 479
[2025-12-11T03:43:25.446Z] [Timeline] Hotspot 544 coords: lat=12.993461140291483, lon=80.27030436931474
[2025-12-11T03:43:25.798Z] [Timeline] Checking operating hours for hotspot 544: visit window 13:49:00-19:49:00 on day 4
[2025-12-11T03:43:25.849Z] [Timeline] Hotspot 544 check window: 06:00:00-12:00:00, visit: 13:49:00-19:49:00
[2025-12-11T03:43:25.894Z] [Timeline] Hotspot 544 check window: 16:00:00-20:00:00, visit: 13:49:00-19:49:00
[2025-12-11T03:43:25.924Z] [Timeline] Hotspot 544 operating hours check FAILED - visit 13:49:00-19:49:00 doesn't fit in any window
[2025-12-11T03:43:25.933Z] [Timeline] Hotspot 544 not open during visit window 13:49:00-19:49:00 on day 4, skipping
[2025-12-11T03:43:26.050Z] [Timeline] Route 480 (Chennai → Pondicherry): routeStartTime=08:00:00, routeEndTime=20:00:00, direct_to_next=0
[2025-12-11T03:43:26.099Z] [Timeline] Route 480 starting coords from location_id 762: (13.0843007, 80.2704622)
[2025-12-11T03:43:26.160Z] [Timeline] Route 480 - Added refreshment break: 08:00:00 - 09:00:00
[2025-12-11T03:43:26.260Z] [fetchSelectedHotspots] route 480 target="Chennai" next="Pondicherry" dow=5
[2025-12-11T03:43:26.450Z] [fetchSelectedHotspots] Found 583 total active hotspots
[2025-12-11T03:43:26.498Z] [fetchSelectedHotspots] direct_to_next_visiting_place=0
[2025-12-11T03:43:26.510Z] [fetchSelectedHotspots] source="Chennai", destination="Pondicherry"
[2025-12-11T03:43:26.620Z] [fetchSelectedHotspots] Starting coords from stored_locations: (12.9811068, 80.159623)
[2025-12-11T03:43:26.641Z] [fetchSelectedHotspots] Hotspot 4 "Kapaleeshwarar Temple" → SOURCE (matches "Chennai")
[2025-12-11T03:43:26.644Z] [fetchSelectedHotspots] Hotspot 5 "Marina Beach" → SOURCE (matches "Chennai")
[2025-12-11T03:43:26.661Z] [fetchSelectedHotspots] Hotspot 17 "Sri Aurobindo Ashram" → DESTINATION (matches "Pondicherry")
[2025-12-11T03:43:26.678Z] [fetchSelectedHotspots] Hotspot 18 "Auroville" → DESTINATION (matches "Pondicherry")
[2025-12-11T03:43:26.682Z] [fetchSelectedHotspots] Hotspot 19 "Promenade Beach" → DESTINATION (matches "Pondicherry")
[2025-12-11T03:43:26.716Z] [fetchSelectedHotspots] Hotspot 20 "Chunnambar Boathouse" → DESTINATION (matches "Pondicherry")
[2025-12-11T03:43:26.759Z] [fetchSelectedHotspots] Hotspot 21 "The Basilica of the Sacred Heart of Jesus" → DESTINATION (matches "Pondicherry")
[2025-12-11T03:43:26.778Z] [fetchSelectedHotspots] Hotspot 24 "The Pondicherry Museum" → DESTINATION (matches "Pondicherry")
[2025-12-11T03:43:26.800Z] [fetchSelectedHotspots] Hotspot 25 "Manakula Vinayagar Temple" → DESTINATION (matches "Pondicherry")
[2025-12-11T03:43:26.833Z] [fetchSelectedHotspots] Hotspot 277 "Pondicherry Backwater" → DESTINATION (matches "Pondicherry")
[2025-12-11T03:43:26.864Z] [fetchSelectedHotspots] Hotspot 544 "Shri Ashtalakshmi Temple" → SOURCE (matches "Chennai")
[2025-12-11T03:43:26.897Z] [fetchSelectedHotspots] Hotspot 669 "Eden Beach - Blue flag Beach" → DESTINATION (matches "Pondicherry")
[2025-12-11T03:43:26.927Z] [fetchSelectedHotspots] Hotspot 676 "Botanical Garden" → DESTINATION (matches "Pondicherry")
[2025-12-11T03:43:26.947Z] [fetchSelectedHotspots] Hotspot 677 "Bharathi Park &amp; Aayi Mandapam" → DESTINATION (matches "Pondicherry")
[2025-12-11T03:43:26.993Z] [fetchSelectedHotspots] Hotspot 678 "French Colony" → DESTINATION (matches "Pondicherry")
[2025-12-11T03:43:27.008Z] [fetchSelectedHotspots] Hotspot 679 "Pondi Marina Beach" → DESTINATION (matches "Pondicherry")
[2025-12-11T03:43:27.032Z] [fetchSelectedHotspots] Filtered 1 priority-0 SOURCE hotspots (3 → 2)
[2025-12-11T03:43:27.048Z] [fetchSelectedHotspots] Categorized: source=2, destination=13, via=0
[2025-12-11T03:43:27.080Z] [fetchSelectedHotspots] direct_to_next_visiting_place=0: Processing SOURCE → DESTINATION → VIA
[2025-12-11T03:43:27.117Z] [fetchSelectedHotspots] Matched 15 hotspots after PHP ordering
[2025-12-11T03:43:27.129Z] [fetchSelectedHotspots] First 5 hotspots (sorted): ID=4 "Kapaleeshwarar Temple" priority=1 distance=19.94km, ID=5 "Marina Beach" priority=2 distance=22.47km, ID=18 "Auroville" priority=1 distance=171.53km, ID=25 "Manakula Vinayagar Temple" priority=2 distance=182.13km, ID=21 "The Basilica of the Sacred Heart of Jesus" priority=4 distance=184.07km
[2025-12-11T03:43:27.143Z] [fetchSelectedHotspots] Matched 15 hotspots for route 480
[2025-12-11T03:43:27.165Z] [Timeline] Route 480: Selected 15 hotspots
[2025-12-11T03:43:27.196Z] [Timeline] Route 480 - currentTime: 09:00:00, routeEndTime: 20:00:00, routeEndSeconds: 72000
[2025-12-11T03:43:27.232Z] [Timeline] Hotspot 4 - currentSeconds: 32400, routeEndSeconds: 72000
[2025-12-11T03:43:27.278Z] [Timeline] Processing hotspot 4 for route 480
[2025-12-11T03:43:27.340Z] [Timeline] Hotspot 4 coords: lat=13.033798514213936, lon=80.26977915213011
[2025-12-11T03:43:27.498Z] [Timeline] Checking operating hours for hotspot 4: visit window 09:13:00-10:13:00 on day 5
[2025-12-11T03:43:27.575Z] [Timeline] Hotspot 4 check window: 05:30:00-12:00:00, visit: 09:13:00-10:13:00
[2025-12-11T03:43:27.614Z] [Timeline] Hotspot 4 operating hours OK - entire visit 09:13:00-10:13:00 fits in 05:30:00-12:00:00
[2025-12-11T03:43:27.659Z] [Timeline] Hotspot 4 operating hours OK
[2025-12-11T03:43:27.695Z] [Timeline] Travel type for "Chennai" -> "Chennai International Airport|Chennai Domestic Airport|Chennai Central|Chennai|Chennai Egmore Station|Chennai Koyembedu|ECR Beach, Chennai, Tamil Nadu": 1 (1=local, 2=outstation)
[2025-12-11T03:43:27.781Z] [Timeline] Building hotspot row for hotspot_ID=4
[2025-12-11T03:43:27.812Z] [Timeline] Built hotspot row: item_type=4, hotspot_ID=4, order=3
[2025-12-11T03:43:27.862Z] [Timeline] Hotspot 5 - currentSeconds: 36780, routeEndSeconds: 72000
[2025-12-11T03:43:27.876Z] [Timeline] Processing hotspot 5 for route 480
[2025-12-11T03:43:27.912Z] [Timeline] Skipping hotspot 5 - already added to plan 5
[2025-12-11T03:43:27.949Z] [Timeline] Hotspot 18 - currentSeconds: 36780, routeEndSeconds: 72000
[2025-12-11T03:43:27.976Z] [Timeline] Processing hotspot 18 for route 480
[2025-12-11T03:43:27.998Z] [Timeline] Hotspot 18 coords: lat=12.008342334177776, lon=79.81781931258232
[2025-12-11T03:43:28.116Z] [Timeline] Checking operating hours for hotspot 18: visit window 13:19:00-15:19:00 on day 5
[2025-12-11T03:43:28.147Z] [Timeline] Hotspot 18 check window: 09:00:00-13:00:00, visit: 13:19:00-15:19:00
[2025-12-11T03:43:28.161Z] [Timeline] Hotspot 18 check window: 13:30:00-17:00:00, visit: 13:19:00-15:19:00
[2025-12-11T03:43:28.204Z] [Timeline] Hotspot 18 operating hours check FAILED - visit 13:19:00-15:19:00 doesn't fit in any window
[2025-12-11T03:43:28.259Z] [Timeline] Hotspot 18 not open during visit window 13:19:00-15:19:00 on day 5, skipping
[2025-12-11T03:43:28.298Z] [Timeline] Hotspot 25 - currentSeconds: 36780, routeEndSeconds: 72000
[2025-12-11T03:43:28.310Z] [Timeline] Processing hotspot 25 for route 480
[2025-12-11T03:43:28.344Z] [Timeline] Hotspot 25 coords: lat=11.936184966220257, lon=79.83484226674099
[2025-12-11T03:43:28.426Z] [Timeline] Checking operating hours for hotspot 25: visit window 13:29:00-13:59:00 on day 5
[2025-12-11T03:43:28.465Z] [Timeline] Hotspot 25 check window: 17:45:00-12:30:00, visit: 13:29:00-13:59:00
[2025-12-11T03:43:28.510Z] [Timeline] Hotspot 25 check window: 16:00:00-20:00:00, visit: 13:29:00-13:59:00
[2025-12-11T03:43:28.516Z] [Timeline] Hotspot 25 operating hours check FAILED - visit 13:29:00-13:59:00 doesn't fit in any window
[2025-12-11T03:43:28.549Z] [Timeline] Hotspot 25 not open during visit window 13:29:00-13:59:00 on day 5, skipping
[2025-12-11T03:43:28.579Z] [Timeline] Hotspot 21 - currentSeconds: 36780, routeEndSeconds: 72000
[2025-12-11T03:43:28.593Z] [Timeline] Processing hotspot 21 for route 480
[2025-12-11T03:43:28.604Z] [Timeline] Hotspot 21 coords: lat=11.926178758041798, lon=79.82779781515121
[2025-12-11T03:43:28.745Z] [Timeline] Checking operating hours for hotspot 21: visit window 13:31:00-14:01:00 on day 5
[2025-12-11T03:43:28.781Z] [Timeline] Hotspot 21 check window: 06:00:00-19:00:00, visit: 13:31:00-14:01:00
[2025-12-11T03:43:28.795Z] [Timeline] Hotspot 21 operating hours OK - entire visit 13:31:00-14:01:00 fits in 06:00:00-19:00:00
[2025-12-11T03:43:28.827Z] [Timeline] Hotspot 21 operating hours OK
[2025-12-11T03:43:28.860Z] [Timeline] Travel type for "Chennai International Airport|Chennai Domestic Airport|Chennai Central|Chennai|Chennai Egmore Station|Chennai Koyembedu|ECR Beach, Chennai, Tamil Nadu" -> "Pondicherry Airport|Pondicherry": 2 (1=local, 2=outstation)
[2025-12-11T03:43:28.954Z] [Timeline] Building hotspot row for hotspot_ID=21
[2025-12-11T03:43:29.012Z] [Timeline] Built hotspot row: item_type=4, hotspot_ID=21, order=5
[2025-12-11T03:43:29.062Z] [Timeline] Hotspot 19 - currentSeconds: 50460, routeEndSeconds: 72000
[2025-12-11T03:43:29.094Z] [Timeline] Processing hotspot 19 for route 480
[2025-12-11T03:43:29.110Z] [Timeline] Hotspot 19 coords: lat=11.931203427435934, lon=79.83580349426904
[2025-12-11T03:43:29.314Z] [Timeline] Checking operating hours for hotspot 19: visit window 14:03:00-15:03:00 on day 5
[2025-12-11T03:43:29.359Z] [Timeline] Hotspot 19 check window: 06:00:00-20:00:00, visit: 14:03:00-15:03:00
[2025-12-11T03:43:29.378Z] [Timeline] Hotspot 19 operating hours OK - entire visit 14:03:00-15:03:00 fits in 06:00:00-20:00:00
[2025-12-11T03:43:29.409Z] [Timeline] Hotspot 19 operating hours OK
[2025-12-11T03:43:29.416Z] [Timeline] Travel type for "Pondicherry Airport|Pondicherry" -> "Pondicherry Airport|Pondicherry": 1 (1=local, 2=outstation)
[2025-12-11T03:43:29.563Z] [Timeline] Building hotspot row for hotspot_ID=19
[2025-12-11T03:43:29.580Z] [Timeline] Built hotspot row: item_type=4, hotspot_ID=19, order=7
[2025-12-11T03:43:29.616Z] [Timeline] Hotspot 20 - currentSeconds: 54180, routeEndSeconds: 72000
[2025-12-11T03:43:29.650Z] [Timeline] Processing hotspot 20 for route 480
[2025-12-11T03:43:29.699Z] [Timeline] Hotspot 20 coords: lat=11.883875481616602, lon=79.80141705562612
[2025-12-11T03:43:29.829Z] [Timeline] Checking operating hours for hotspot 20: visit window 15:18:00-16:18:00 on day 5
[2025-12-11T03:43:29.878Z] [Timeline] Hotspot 20 check window: 09:30:00-16:00:00, visit: 15:18:00-16:18:00
[2025-12-11T03:43:29.914Z] [Timeline] Hotspot 20 operating hours check FAILED - visit 15:18:00-16:18:00 doesn't fit in any window
[2025-12-11T03:43:29.945Z] [Timeline] Hotspot 20 not open during visit window 15:18:00-16:18:00 on day 5, skipping
[2025-12-11T03:43:29.966Z] [Timeline] Hotspot 17 - currentSeconds: 54180, routeEndSeconds: 72000
[2025-12-11T03:43:29.999Z] [Timeline] Processing hotspot 17 for route 480
[2025-12-11T03:43:30.028Z] [Timeline] Hotspot 17 coords: lat=11.936929030828965, lon=79.83477998559515
[2025-12-11T03:43:30.161Z] [Timeline] Checking operating hours for hotspot 17: visit window 15:04:00-16:04:00 on day 5
[2025-12-11T03:43:30.179Z] [Timeline] Hotspot 17 check window: 10:30:00-19:00:00, visit: 15:04:00-16:04:00
[2025-12-11T03:43:30.195Z] [Timeline] Hotspot 17 operating hours OK - entire visit 15:04:00-16:04:00 fits in 10:30:00-19:00:00
[2025-12-11T03:43:30.261Z] [Timeline] Hotspot 17 operating hours OK
[2025-12-11T03:43:30.314Z] [Timeline] Travel type for "Pondicherry Airport|Pondicherry" -> "Pondicherry Airport|Pondicherry": 1 (1=local, 2=outstation)
[2025-12-11T03:43:30.431Z] [Timeline] Building hotspot row for hotspot_ID=17
[2025-12-11T03:43:30.453Z] [Timeline] Built hotspot row: item_type=4, hotspot_ID=17, order=9
[2025-12-11T03:43:30.513Z] [Timeline] Hotspot 24 - currentSeconds: 57840, routeEndSeconds: 72000
[2025-12-11T03:43:30.545Z] [Timeline] Processing hotspot 24 for route 480
[2025-12-11T03:43:30.593Z] [Timeline] Hotspot 24 coords: lat=11.934656339062595, lon=79.83484999477534
[2025-12-11T03:43:30.664Z] [Timeline] Checking operating hours for hotspot 24: visit window 16:05:00-16:35:00 on day 5
[2025-12-11T03:43:30.746Z] [Timeline] Hotspot 24 check window: 09:00:00-18:00:00, visit: 16:05:00-16:35:00
[2025-12-11T03:43:30.793Z] [Timeline] Hotspot 24 operating hours OK - entire visit 16:05:00-16:35:00 fits in 09:00:00-18:00:00
[2025-12-11T03:43:30.815Z] [Timeline] Hotspot 24 operating hours OK
[2025-12-11T03:43:30.865Z] [Timeline] Travel type for "Pondicherry Airport|Pondicherry" -> "Pondicherry Airport|Pondicherry": 1 (1=local, 2=outstation)
[2025-12-11T03:43:31.345Z] [Timeline] Building hotspot row for hotspot_ID=24
[2025-12-11T03:43:31.413Z] [Timeline] Built hotspot row: item_type=4, hotspot_ID=24, order=11
[2025-12-11T03:43:31.529Z] [Timeline] Hotspot 677 - currentSeconds: 59700, routeEndSeconds: 72000
[2025-12-11T03:43:31.580Z] [Timeline] Processing hotspot 677 for route 480
[2025-12-11T03:43:31.612Z] [Timeline] Hotspot 677 coords: lat=11.933029585291068, lon=79.83418306595088
[2025-12-11T03:43:31.898Z] [Timeline] Checking operating hours for hotspot 677: visit window 16:35:00-17:20:00 on day 5
[2025-12-11T03:43:31.976Z] [Timeline] Hotspot 677 check window: 06:00:00-19:00:00, visit: 16:35:00-17:20:00
[2025-12-11T03:43:32.010Z] [Timeline] Hotspot 677 operating hours OK - entire visit 16:35:00-17:20:00 fits in 06:00:00-19:00:00
[2025-12-11T03:43:32.047Z] [Timeline] Hotspot 677 operating hours OK
[2025-12-11T03:43:32.093Z] [Timeline] Travel type for "Pondicherry Airport|Pondicherry" -> "Pondicherry|Pondicherry Airport": 1 (1=local, 2=outstation)
[2025-12-11T03:43:32.345Z] [Timeline] Building hotspot row for hotspot_ID=677
[2025-12-11T03:43:32.372Z] [Timeline] Built hotspot row: item_type=4, hotspot_ID=677, order=13
[2025-12-11T03:43:32.430Z] [Timeline] Hotspot 678 - currentSeconds: 62400, routeEndSeconds: 72000
[2025-12-11T03:43:32.476Z] [Timeline] Processing hotspot 678 for route 480
[2025-12-11T03:43:32.528Z] [Timeline] Hotspot 678 coords: lat=11.928492248303817, lon=79.83303242117643
[2025-12-11T03:43:32.633Z] [Timeline] Checking operating hours for hotspot 678: visit window 17:21:00-18:21:00 on day 5
[2025-12-11T03:43:32.680Z] [Timeline] Hotspot 678 operating hours OK
[2025-12-11T03:43:32.724Z] [Timeline] Travel type for "Pondicherry|Pondicherry Airport" -> "Pondicherry|Pondicherry Airport": 1 (1=local, 2=outstation)
[2025-12-11T03:43:32.860Z] [Timeline] Building hotspot row for hotspot_ID=678
[2025-12-11T03:43:32.876Z] [Timeline] Built hotspot row: item_type=4, hotspot_ID=678, order=15
[2025-12-11T03:43:32.928Z] [Timeline] Hotspot 676 - currentSeconds: 66060, routeEndSeconds: 72000
[2025-12-11T03:43:32.978Z] [Timeline] Processing hotspot 676 for route 480
[2025-12-11T03:43:33.014Z] [Timeline] Hotspot 676 coords: lat=11.930177048465467, lon=79.8224313245787
[2025-12-11T03:43:33.129Z] [Timeline] Checking operating hours for hotspot 676: visit window 18:24:00-19:24:00 on day 5
[2025-12-11T03:43:33.177Z] [Timeline] Hotspot 676 check window: 10:00:00-17:00:00, visit: 18:24:00-19:24:00
[2025-12-11T03:43:33.213Z] [Timeline] Hotspot 676 operating hours check FAILED - visit 18:24:00-19:24:00 doesn't fit in any window
[2025-12-11T03:43:33.274Z] [Timeline] Hotspot 676 not open during visit window 18:24:00-19:24:00 on day 5, skipping
[2025-12-11T03:43:33.309Z] [Timeline] Hotspot 277 - currentSeconds: 66060, routeEndSeconds: 72000
[2025-12-11T03:43:33.322Z] [Timeline] Processing hotspot 277 for route 480
[2025-12-11T03:43:33.347Z] [Timeline] Hotspot 277 coords: lat=11.916309213225349, lon=79.82433098120615
[2025-12-11T03:43:33.443Z] [Timeline] Checking operating hours for hotspot 277: visit window 18:25:00-21:25:00 on day 5
[2025-12-11T03:43:33.483Z] [Timeline] Hotspot 277 check window: 09:00:00-18:00:00, visit: 18:25:00-21:25:00
[2025-12-11T03:43:33.530Z] [Timeline] Hotspot 277 operating hours check FAILED - visit 18:25:00-21:25:00 doesn't fit in any window
[2025-12-11T03:43:33.558Z] [Timeline] Hotspot 277 not open during visit window 18:25:00-21:25:00 on day 5, skipping
[2025-12-11T03:43:33.581Z] [Timeline] Hotspot 679 - currentSeconds: 66060, routeEndSeconds: 72000
[2025-12-11T03:43:33.609Z] [Timeline] Processing hotspot 679 for route 480
[2025-12-11T03:43:33.616Z] [Timeline] Hotspot 679 coords: lat=11.913052113056816, lon=79.82932149874199
[2025-12-11T03:43:33.712Z] [Timeline] Checking operating hours for hotspot 679: visit window 18:25:00-18:55:00 on day 5
[2025-12-11T03:43:33.763Z] [Timeline] Hotspot 679 operating hours OK
[2025-12-11T03:43:33.794Z] [Timeline] Travel type for "Pondicherry|Pondicherry Airport" -> "Pondicherry|Pondicherry Airport": 1 (1=local, 2=outstation)
[2025-12-11T03:43:33.888Z] [Timeline] Building hotspot row for hotspot_ID=679
[2025-12-11T03:43:33.897Z] [Timeline] Built hotspot row: item_type=4, hotspot_ID=679, order=17
[2025-12-11T03:43:33.982Z] [Timeline] Hotspot 669 - currentSeconds: 68100, routeEndSeconds: 72000
[2025-12-11T03:43:34.027Z] [Timeline] Processing hotspot 669 for route 480
[2025-12-11T03:43:34.033Z] [Timeline] Hotspot 669 coords: lat=11.882310987345338, lon=79.8244548517534
[2025-12-11T03:43:34.128Z] [Timeline] Checking operating hours for hotspot 669: visit window 19:03:00-20:03:00 on day 5
[2025-12-11T03:43:34.155Z] [Timeline] Hotspot 669 check window: 06:00:00-18:00:00, visit: 19:03:00-20:03:00
[2025-12-11T03:43:34.178Z] [Timeline] Hotspot 669 operating hours check FAILED - visit 19:03:00-20:03:00 doesn't fit in any window
[2025-12-11T03:43:34.213Z] [Timeline] Hotspot 669 not open during visit window 19:03:00-20:03:00 on day 5, skipping
[2025-12-11T03:43:34.344Z] [Timeline] Route 481 (Pondicherry → Pondicherry Airport): routeStartTime=08:00:00, routeEndTime=20:00:00, direct_to_next=0
[2025-12-11T03:43:34.379Z] [Timeline] Route 481 starting coords from location_id 5922: (11.9415915, 79.8083133)
[2025-12-11T03:43:34.427Z] [Timeline] Route 481 - Added refreshment break: 08:00:00 - 09:00:00
[2025-12-11T03:43:34.476Z] [fetchSelectedHotspots] route 481 target="Pondicherry" next="Pondicherry Airport" dow=6
[2025-12-11T03:43:34.682Z] [fetchSelectedHotspots] Found 583 total active hotspots
[2025-12-11T03:43:34.687Z] [fetchSelectedHotspots] direct_to_next_visiting_place=0
[2025-12-11T03:43:34.698Z] [fetchSelectedHotspots] source="Pondicherry", destination="Pondicherry Airport"
[2025-12-11T03:43:34.728Z] [fetchSelectedHotspots] Starting coords from stored_locations: (13.0827989, 80.2754246)
[2025-12-11T03:43:34.745Z] [fetchSelectedHotspots] Hotspot 16 "Paradise Beach" → DESTINATION (matches "Pondicherry Airport")
[2025-12-11T03:43:34.759Z] [fetchSelectedHotspots] Hotspot 17 "Sri Aurobindo Ashram" → SOURCE (matches "Pondicherry")
[2025-12-11T03:43:34.760Z] [fetchSelectedHotspots] Hotspot 17 "Sri Aurobindo Ashram" → DESTINATION (matches "Pondicherry Airport")
[2025-12-11T03:43:34.780Z] [fetchSelectedHotspots] Hotspot 18 "Auroville" → SOURCE (matches "Pondicherry")
[2025-12-11T03:43:34.808Z] [fetchSelectedHotspots] Hotspot 18 "Auroville" → DESTINATION (matches "Pondicherry Airport")
[2025-12-11T03:43:34.834Z] [fetchSelectedHotspots] Hotspot 19 "Promenade Beach" → SOURCE (matches "Pondicherry")
[2025-12-11T03:43:34.883Z] [fetchSelectedHotspots] Hotspot 19 "Promenade Beach" → DESTINATION (matches "Pondicherry Airport")
[2025-12-11T03:43:34.894Z] [fetchSelectedHotspots] Hotspot 20 "Chunnambar Boathouse" → SOURCE (matches "Pondicherry")
[2025-12-11T03:43:34.932Z] [fetchSelectedHotspots] Hotspot 20 "Chunnambar Boathouse" → DESTINATION (matches "Pondicherry Airport")
[2025-12-11T03:43:34.945Z] [fetchSelectedHotspots] Hotspot 21 "The Basilica of the Sacred Heart of Jesus" → SOURCE (matches "Pondicherry")
[2025-12-11T03:43:34.983Z] [fetchSelectedHotspots] Hotspot 21 "The Basilica of the Sacred Heart of Jesus" → DESTINATION (matches "Pondicherry Airport")
[2025-12-11T03:43:35.024Z] [fetchSelectedHotspots] Hotspot 23 "French War Memorial" → DESTINATION (matches "Pondicherry Airport")
[2025-12-11T03:43:35.033Z] [fetchSelectedHotspots] Hotspot 24 "The Pondicherry Museum" → SOURCE (matches "Pondicherry")
[2025-12-11T03:43:35.075Z] [fetchSelectedHotspots] Hotspot 24 "The Pondicherry Museum" → DESTINATION (matches "Pondicherry Airport")
[2025-12-11T03:43:35.081Z] [fetchSelectedHotspots] Hotspot 25 "Manakula Vinayagar Temple" → SOURCE (matches "Pondicherry")
[2025-12-11T03:43:35.109Z] [fetchSelectedHotspots] Hotspot 25 "Manakula Vinayagar Temple" → DESTINATION (matches "Pondicherry Airport")
[2025-12-11T03:43:35.136Z] [fetchSelectedHotspots] Hotspot 277 "Pondicherry Backwater" → SOURCE (matches "Pondicherry")
[2025-12-11T03:43:35.178Z] [fetchSelectedHotspots] Hotspot 277 "Pondicherry Backwater" → DESTINATION (matches "Pondicherry Airport")
[2025-12-11T03:43:35.214Z] [fetchSelectedHotspots] Hotspot 669 "Eden Beach - Blue flag Beach" → SOURCE (matches "Pondicherry")
[2025-12-11T03:43:35.289Z] [fetchSelectedHotspots] Hotspot 669 "Eden Beach - Blue flag Beach" → DESTINATION (matches "Pondicherry Airport")
[2025-12-11T03:43:35.326Z] [fetchSelectedHotspots] Hotspot 676 "Botanical Garden" → SOURCE (matches "Pondicherry")
[2025-12-11T03:43:35.330Z] [fetchSelectedHotspots] Hotspot 676 "Botanical Garden" → DESTINATION (matches "Pondicherry Airport")
[2025-12-11T03:43:35.331Z] [fetchSelectedHotspots] Hotspot 677 "Bharathi Park &amp; Aayi Mandapam" → SOURCE (matches "Pondicherry")
[2025-12-11T03:43:35.342Z] [fetchSelectedHotspots] Hotspot 677 "Bharathi Park &amp; Aayi Mandapam" → DESTINATION (matches "Pondicherry Airport")
[2025-12-11T03:43:35.365Z] [fetchSelectedHotspots] Hotspot 678 "French Colony" → SOURCE (matches "Pondicherry")
[2025-12-11T03:43:35.397Z] [fetchSelectedHotspots] Hotspot 678 "French Colony" → DESTINATION (matches "Pondicherry Airport")
[2025-12-11T03:43:35.409Z] [fetchSelectedHotspots] Hotspot 679 "Pondi Marina Beach" → SOURCE (matches "Pondicherry")
[2025-12-11T03:43:35.432Z] [fetchSelectedHotspots] Hotspot 679 "Pondi Marina Beach" → DESTINATION (matches "Pondicherry Airport")
[2025-12-11T03:43:35.476Z] [fetchSelectedHotspots] Filtered 7 priority-0 SOURCE hotspots (13 → 6)
[2025-12-11T03:43:35.481Z] [fetchSelectedHotspots] Categorized: source=6, destination=15, via=0
[2025-12-11T03:43:35.513Z] [fetchSelectedHotspots] direct_to_next_visiting_place=0: Processing SOURCE → DESTINATION → VIA
[2025-12-11T03:43:35.533Z] [fetchSelectedHotspots] Matched 21 hotspots after PHP ordering
[2025-12-11T03:43:35.576Z] [fetchSelectedHotspots] First 5 hotspots (sorted): ID=18 "Auroville" priority=1 distance=194.08km, ID=25 "Manakula Vinayagar Temple" priority=2 distance=204.26km, ID=21 "The Basilica of the Sacred Heart of Jesus" priority=4 distance=206.23km, ID=19 "Promenade Beach" priority=5 distance=204.98km, ID=20 "Chunnambar Boathouse" priority=5 distance=214.35km
[2025-12-11T03:43:35.609Z] [fetchSelectedHotspots] Matched 15 hotspots for route 481
[2025-12-11T03:43:35.613Z] [Timeline] Route 481: Selected 15 hotspots
[2025-12-11T03:43:35.632Z] [Timeline] Route 481 - currentTime: 09:00:00, routeEndTime: 20:00:00, routeEndSeconds: 72000
[2025-12-11T03:43:35.660Z] [Timeline] Hotspot 18 - currentSeconds: 32400, routeEndSeconds: 72000
[2025-12-11T03:43:35.679Z] [Timeline] Processing hotspot 18 for route 481
[2025-12-11T03:43:35.713Z] [Timeline] Hotspot 18 coords: lat=12.008342334177776, lon=79.81781931258232
[2025-12-11T03:43:35.796Z] [Timeline] Checking operating hours for hotspot 18: visit window 09:17:00-11:17:00 on day 6
[2025-12-11T03:43:35.811Z] [Timeline] Hotspot 18 check window: 09:00:00-13:00:00, visit: 09:17:00-11:17:00
[2025-12-11T03:43:35.842Z] [Timeline] Hotspot 18 operating hours OK - entire visit 09:17:00-11:17:00 fits in 09:00:00-13:00:00
[2025-12-11T03:43:35.846Z] [Timeline] Hotspot 18 operating hours OK
[2025-12-11T03:43:35.878Z] [Timeline] Travel type for "Pondicherry" -> "Pondicherry Airport|Pondicherry": 1 (1=local, 2=outstation)
[2025-12-11T03:43:36.009Z] [Timeline] Building hotspot row for hotspot_ID=18
[2025-12-11T03:43:36.046Z] [Timeline] Built hotspot row: item_type=4, hotspot_ID=18, order=3
[2025-12-11T03:43:36.091Z] [Timeline] Hotspot 25 - currentSeconds: 40620, routeEndSeconds: 72000
[2025-12-11T03:43:36.112Z] [Timeline] Processing hotspot 25 for route 481
[2025-12-11T03:43:36.144Z] [Timeline] Hotspot 25 coords: lat=11.936184966220257, lon=79.83484226674099
[2025-12-11T03:43:36.322Z] [Timeline] Checking operating hours for hotspot 25: visit window 11:36:00-12:06:00 on day 6
[2025-12-11T03:43:36.409Z] [Timeline] Hotspot 25 check window: 05:45:00-12:30:00, visit: 11:36:00-12:06:00
[2025-12-11T03:43:36.442Z] [Timeline] Hotspot 25 operating hours OK - entire visit 11:36:00-12:06:00 fits in 05:45:00-12:30:00
[2025-12-11T03:43:36.492Z] [Timeline] Hotspot 25 operating hours OK
[2025-12-11T03:43:36.496Z] [Timeline] Travel type for "Pondicherry Airport|Pondicherry" -> "Pondicherry Airport|Pondicherry": 1 (1=local, 2=outstation)
[2025-12-11T03:43:36.631Z] [Timeline] Building hotspot row for hotspot_ID=25
[2025-12-11T03:43:36.664Z] [Timeline] Built hotspot row: item_type=4, hotspot_ID=25, order=5
[2025-12-11T03:43:36.726Z] [Timeline] Hotspot 21 - currentSeconds: 43560, routeEndSeconds: 72000
[2025-12-11T03:43:36.759Z] [Timeline] Processing hotspot 21 for route 481
[2025-12-11T03:43:36.806Z] [Timeline] Skipping hotspot 21 - already added to plan 5
[2025-12-11T03:43:36.843Z] [Timeline] Hotspot 19 - currentSeconds: 43560, routeEndSeconds: 72000
[2025-12-11T03:43:36.878Z] [Timeline] Processing hotspot 19 for route 481
[2025-12-11T03:43:36.881Z] [Timeline] Skipping hotspot 19 - already added to plan 5
[2025-12-11T03:43:36.896Z] [Timeline] Hotspot 20 - currentSeconds: 43560, routeEndSeconds: 72000
[2025-12-11T03:43:36.927Z] [Timeline] Processing hotspot 20 for route 481
[2025-12-11T03:43:36.976Z] [Timeline] Hotspot 20 coords: lat=11.883875481616602, lon=79.80141705562612
[2025-12-11T03:43:37.189Z] [Timeline] Checking operating hours for hotspot 20: visit window 12:21:00-13:21:00 on day 6
[2025-12-11T03:43:37.327Z] [Timeline] Hotspot 20 check window: 09:30:00-16:00:00, visit: 12:21:00-13:21:00
[2025-12-11T03:43:37.374Z] [Timeline] Hotspot 20 operating hours OK - entire visit 12:21:00-13:21:00 fits in 09:30:00-16:00:00
[2025-12-11T03:43:37.408Z] [Timeline] Hotspot 20 operating hours OK
[2025-12-11T03:43:37.458Z] [Timeline] Travel type for "Pondicherry Airport|Pondicherry" -> "Pondicherry Airport|Pondicherry": 1 (1=local, 2=outstation)
[2025-12-11T03:43:37.775Z] [Timeline] Building hotspot row for hotspot_ID=20
[2025-12-11T03:43:37.831Z] [Timeline] Built hotspot row: item_type=4, hotspot_ID=20, order=7
[2025-12-11T03:43:37.908Z] [Timeline] Hotspot 17 - currentSeconds: 48060, routeEndSeconds: 72000
[2025-12-11T03:43:37.987Z] [Timeline] Processing hotspot 17 for route 481
[2025-12-11T03:43:38.030Z] [Timeline] Skipping hotspot 17 - already added to plan 5
[2025-12-11T03:43:38.060Z] [Timeline] Hotspot 16 - currentSeconds: 48060, routeEndSeconds: 72000
[2025-12-11T03:43:38.126Z] [Timeline] Processing hotspot 16 for route 481
[2025-12-11T03:43:38.221Z] [Timeline] Hotspot 16 coords: lat=11.894346668881749, lon=79.86265715952393
[2025-12-11T03:43:38.495Z] [Timeline] Checking operating hours for hotspot 16: visit window 13:36:00-14:06:00 on day 6
[2025-12-11T03:43:38.531Z] [Timeline] Hotspot 16 check window: 09:00:00-18:00:00, visit: 13:36:00-14:06:00
[2025-12-11T03:43:38.598Z] [Timeline] Hotspot 16 operating hours OK - entire visit 13:36:00-14:06:00 fits in 09:00:00-18:00:00
[2025-12-11T03:43:38.614Z] [Timeline] Hotspot 16 operating hours OK
[2025-12-11T03:43:38.661Z] [Timeline] Travel type for "Pondicherry Airport|Pondicherry" -> "Pondicherry Airport": 1 (1=local, 2=outstation)
[2025-12-11T03:43:38.780Z] [Timeline] Building hotspot row for hotspot_ID=16
[2025-12-11T03:43:38.829Z] [Timeline] Built hotspot row: item_type=4, hotspot_ID=16, order=9
[2025-12-11T03:43:38.882Z] [Timeline] Hotspot 23 - currentSeconds: 50760, routeEndSeconds: 72000
[2025-12-11T03:43:38.924Z] [Timeline] Processing hotspot 23 for route 481
[2025-12-11T03:43:38.935Z] [Timeline] Hotspot 23 coords: lat=11.93212951685565, lon=79.83535346593922
[2025-12-11T03:43:39.026Z] [Timeline] Checking operating hours for hotspot 23: visit window 14:06:00-14:26:00 on day 6
[2025-12-11T03:43:39.066Z] [Timeline] Hotspot 23 operating hours OK
[2025-12-11T03:43:39.076Z] [Timeline] Travel type for "Pondicherry Airport" -> "Pondicherry Airport": 1 (1=local, 2=outstation)
[2025-12-11T03:43:39.153Z] [Timeline] Building hotspot row for hotspot_ID=23
[2025-12-11T03:43:39.164Z] [Timeline] Built hotspot row: item_type=4, hotspot_ID=23, order=11
[2025-12-11T03:43:39.226Z] [Timeline] Hotspot 24 - currentSeconds: 51960, routeEndSeconds: 72000
[2025-12-11T03:43:39.311Z] [Timeline] Processing hotspot 24 for route 481
[2025-12-11T03:43:39.325Z] [Timeline] Skipping hotspot 24 - already added to plan 5
[2025-12-11T03:43:39.360Z] [Timeline] Hotspot 677 - currentSeconds: 51960, routeEndSeconds: 72000
[2025-12-11T03:43:39.392Z] [Timeline] Processing hotspot 677 for route 481
[2025-12-11T03:43:39.397Z] [Timeline] Skipping hotspot 677 - already added to plan 5
[2025-12-11T03:43:39.413Z] [Timeline] Hotspot 678 - currentSeconds: 51960, routeEndSeconds: 72000
[2025-12-11T03:43:39.460Z] [Timeline] Processing hotspot 678 for route 481
[2025-12-11T03:43:39.477Z] [Timeline] Skipping hotspot 678 - already added to plan 5
[2025-12-11T03:43:39.506Z] [Timeline] Hotspot 676 - currentSeconds: 51960, routeEndSeconds: 72000
[2025-12-11T03:43:39.541Z] [Timeline] Processing hotspot 676 for route 481
[2025-12-11T03:43:39.593Z] [Timeline] Hotspot 676 coords: lat=11.930177048465467, lon=79.8224313245787
[2025-12-11T03:43:39.694Z] [Timeline] Checking operating hours for hotspot 676: visit window 14:29:00-15:29:00 on day 6
[2025-12-11T03:43:39.740Z] [Timeline] Hotspot 676 check window: 10:00:00-17:00:00, visit: 14:29:00-15:29:00
[2025-12-11T03:43:39.759Z] [Timeline] Hotspot 676 operating hours OK - entire visit 14:29:00-15:29:00 fits in 10:00:00-17:00:00
[2025-12-11T03:43:39.780Z] [Timeline] Hotspot 676 operating hours OK
[2025-12-11T03:43:39.814Z] [Timeline] Travel type for "Pondicherry Airport" -> "Pondicherry|Pondicherry Airport": 1 (1=local, 2=outstation)
[2025-12-11T03:43:39.913Z] [Timeline] Building hotspot row for hotspot_ID=676
[2025-12-11T03:43:39.932Z] [Timeline] Built hotspot row: item_type=4, hotspot_ID=676, order=13
[2025-12-11T03:43:39.995Z] [Timeline] Hotspot 277 - currentSeconds: 55740, routeEndSeconds: 72000
[2025-12-11T03:43:40.011Z] [Timeline] Processing hotspot 277 for route 481
[2025-12-11T03:43:40.043Z] [Timeline] Hotspot 277 coords: lat=11.916309213225349, lon=79.82433098120615
[2025-12-11T03:43:40.129Z] [Timeline] Checking operating hours for hotspot 277: visit window 15:33:00-18:33:00 on day 6
[2025-12-11T03:43:40.165Z] [Timeline] Hotspot 277 check window: 09:00:00-18:00:00, visit: 15:33:00-18:33:00
[2025-12-11T03:43:40.213Z] [Timeline] Hotspot 277 operating hours check FAILED - visit 15:33:00-18:33:00 doesn't fit in any window
[2025-12-11T03:43:40.312Z] [Timeline] Hotspot 277 not open during visit window 15:33:00-18:33:00 on day 6, skipping
[2025-12-11T03:43:40.348Z] [Timeline] Hotspot 679 - currentSeconds: 55740, routeEndSeconds: 72000
[2025-12-11T03:43:40.512Z] [Timeline] Processing hotspot 679 for route 481
[2025-12-11T03:43:40.626Z] [Timeline] Skipping hotspot 679 - already added to plan 5
[2025-12-11T03:43:40.729Z] [Timeline] Hotspot 669 - currentSeconds: 55740, routeEndSeconds: 72000
[2025-12-11T03:43:40.848Z] [Timeline] Processing hotspot 669 for route 481
[2025-12-11T03:43:40.926Z] [Timeline] Hotspot 669 coords: lat=11.882310987345338, lon=79.8244548517534
[2025-12-11T03:43:41.431Z] [Timeline] Checking operating hours for hotspot 669: visit window 15:41:00-16:41:00 on day 6
[2025-12-11T03:43:41.558Z] [Timeline] Hotspot 669 check window: 06:00:00-18:00:00, visit: 15:41:00-16:41:00
[2025-12-11T03:43:41.626Z] [Timeline] Hotspot 669 operating hours OK - entire visit 15:41:00-16:41:00 fits in 06:00:00-18:00:00
[2025-12-11T03:43:41.719Z] [Timeline] Hotspot 669 operating hours OK
[2025-12-11T03:43:41.806Z] [Timeline] Travel type for "Pondicherry|Pondicherry Airport" -> "Pondicherry|Pondicherry Airport": 1 (1=local, 2=outstation)
[2025-12-11T03:43:42.310Z] [Timeline] Building hotspot row for hotspot_ID=669
[2025-12-11T03:43:42.746Z] [Timeline] Built hotspot row: item_type=4, hotspot_ID=669, order=15
[2025-12-11T03:43:43.928Z] [Timeline] Returning 42 hotspot rows and 0 parking rows
[2025-12-11T03:43:44.027Z] [Timeline] Hotspot rows item_types: 1, 3, 4, 5, 6, 1, 3, 4, 3, 4, 3, 4, 3, 4, 3, 4, 3, 4, 3, 4, 3, 4, 5, 6, 1, 3, 4, 3, 4, 3, 4, 3, 4, 3, 4, 3, 4, 3, 4, 5, 6, 7
[2025-12-11T03:43:44.078Z] [Timeline] Hotspot rows hotspot_IDs: , 5, 5, 0, 0, , 4, 4, 21, 21, 19, 19, 17, 17, 24, 24, 677, 677, 678, 678, 679, 679, 0, 0, , 18, 18, 25, 25, 20, 20, 16, 16, 23, 23, 676, 676, 669, 669, 0, 0, 0
[2025-12-11T03:43:44.146Z] 
=== LOG FILE SAVED TO: D:\wamp64\www\dvi_fullstack\dvi_backend\tmp\hotspot_optimization_1765424582053.log ===

