[2025-12-10T06:00:35.563Z] === HOTSPOT OPTIMIZATION LOG ===
[2025-12-10T06:00:35.571Z] Started at: 2025-12-10T06:00:35.571Z

[2025-12-10T06:00:45.549Z] [Timeline] Route 355 (Chennai International Airport → Chennai): routeStartTime=11:00:00, routeEndTime=20:00:00, direct_to_next=0
[2025-12-10T06:00:45.553Z] [Timeline] Route 355 starting coords from location_id 165946: (12.9811068, 80.159623)
[2025-12-10T06:00:45.558Z] [Timeline] Route 355 - Added refreshment break: 11:00:00 - 12:00:00
[2025-12-10T06:00:45.565Z] [fetchSelectedHotspots] route 355 target="Chennai International Airport" next="Chennai" dow=2
[2025-12-10T06:00:45.651Z] [fetchSelectedHotspots] Found 583 total active hotspots
[2025-12-10T06:00:45.658Z] [fetchSelectedHotspots] direct_to_next_visiting_place=0
[2025-12-10T06:00:45.665Z] [fetchSelectedHotspots] source="Chennai International Airport", destination="Chennai"
[2025-12-10T06:00:45.674Z] [fetchSelectedHotspots] Starting coords from stored_locations: (12.9811068, 80.159623)
[2025-12-10T06:00:45.678Z] [fetchSelectedHotspots] Hotspot 4 "Kapaleeshwarar Temple" → SOURCE (matches "Chennai International Airport")
[2025-12-10T06:00:45.679Z] [fetchSelectedHotspots] Hotspot 4 "Kapaleeshwarar Temple" → DESTINATION (matches "Chennai")
[2025-12-10T06:00:45.679Z] [fetchSelectedHotspots] Hotspot 5 "Marina Beach" → SOURCE (matches "Chennai International Airport")
[2025-12-10T06:00:45.680Z] [fetchSelectedHotspots] Hotspot 5 "Marina Beach" → DESTINATION (matches "Chennai")
[2025-12-10T06:00:45.685Z] [fetchSelectedHotspots] Hotspot 6 "Fort St.George Museum" → SOURCE (matches "Chennai International Airport")
[2025-12-10T06:00:45.686Z] [fetchSelectedHotspots] Hotspot 7 "Government Museum Chennai" → SOURCE (matches "Chennai International Airport")
[2025-12-10T06:00:45.687Z] [fetchSelectedHotspots] Hotspot 8 "Santhome Cathedral Basilica" → SOURCE (matches "Chennai International Airport")
[2025-12-10T06:00:45.688Z] [fetchSelectedHotspots] Hotspot 9 "Thousand Lights Mosque" → SOURCE (matches "Chennai International Airport")
[2025-12-10T06:00:45.688Z] [fetchSelectedHotspots] Hotspot 10 "Guindy National Park" → SOURCE (matches "Chennai International Airport")
[2025-12-10T06:00:45.689Z] [fetchSelectedHotspots] Hotspot 11 "Parthasarathy Temple" → SOURCE (matches "Chennai International Airport")
[2025-12-10T06:00:45.690Z] [fetchSelectedHotspots] Hotspot 12 "Vivekanandar House" → SOURCE (matches "Chennai International Airport")
[2025-12-10T06:00:45.690Z] [fetchSelectedHotspots] Hotspot 13 "Arignar Anna Zoological Park" → SOURCE (matches "Chennai International Airport")
[2025-12-10T06:00:45.700Z] [fetchSelectedHotspots] Hotspot 290 "Vgp snow kingdom" → SOURCE (matches "Chennai International Airport")
[2025-12-10T06:00:45.701Z] [fetchSelectedHotspots] Hotspot 291 "Vgp marine kingdom" → SOURCE (matches "Chennai International Airport")
[2025-12-10T06:00:45.701Z] [fetchSelectedHotspots] Hotspot 292 "Guindy snake park" → SOURCE (matches "Chennai International Airport")
[2025-12-10T06:00:45.702Z] [fetchSelectedHotspots] Hotspot 293 "Queens land" → SOURCE (matches "Chennai International Airport")
[2025-12-10T06:00:45.703Z] [fetchSelectedHotspots] Hotspot 294 "light house marina" → SOURCE (matches "Chennai International Airport")
[2025-12-10T06:00:45.703Z] [fetchSelectedHotspots] Hotspot 296 "Anna tower park" → SOURCE (matches "Chennai International Airport")
[2025-12-10T06:00:45.704Z] [fetchSelectedHotspots] Hotspot 297 "B.M Birla planitourim." → SOURCE (matches "Chennai International Airport")
[2025-12-10T06:00:45.705Z] [fetchSelectedHotspots] Hotspot 298 "Click art museum" → SOURCE (matches "Chennai International Airport")
[2025-12-10T06:00:45.705Z] [fetchSelectedHotspots] Hotspot 299 "National art gallery" → SOURCE (matches "Chennai International Airport")
[2025-12-10T06:00:45.706Z] [fetchSelectedHotspots] Hotspot 300 "M G R  Memorial" → SOURCE (matches "Chennai International Airport")
[2025-12-10T06:00:45.707Z] [fetchSelectedHotspots] Hotspot 303 "Anna memorial." → SOURCE (matches "Chennai International Airport")
[2025-12-10T06:00:45.715Z] [fetchSelectedHotspots] Hotspot 544 "Shri Ashtalakshmi Temple" → SOURCE (matches "Chennai International Airport")
[2025-12-10T06:00:45.717Z] [fetchSelectedHotspots] Hotspot 544 "Shri Ashtalakshmi Temple" → DESTINATION (matches "Chennai")
[2025-12-10T06:00:45.721Z] [fetchSelectedHotspots] Categorized: source=22, destination=3, via=0
[2025-12-10T06:00:45.722Z] [fetchSelectedHotspots] AIRPORT ARRIVAL DETECTED: "Chennai International Airport" → "Chennai"
[2025-12-10T06:00:45.722Z] [fetchSelectedHotspots] direct_to_next_visiting_place=0 + AIRPORT ARRIVAL: Processing DESTINATION → VIA
[2025-12-10T06:00:45.723Z] [fetchSelectedHotspots] Matched 3 hotspots after PHP ordering
[2025-12-10T06:00:45.723Z] [fetchSelectedHotspots] First 5 hotspots (sorted): ID=4 "Kapaleeshwarar Temple" priority=1 distance=19.94km, ID=5 "Marina Beach" priority=2 distance=22.47km, ID=544 "Shri Ashtalakshmi Temple" priority=0 distance=18.11km
[2025-12-10T06:00:45.724Z] [fetchSelectedHotspots] Matched 3 hotspots for route 355
[2025-12-10T06:00:45.724Z] [Timeline] Route 355: Selected 3 hotspots
[2025-12-10T06:00:45.725Z] [Timeline] Route 355 - currentTime: 12:00:00, routeEndTime: 20:00:00, routeEndSeconds: 72000
[2025-12-10T06:00:45.727Z] [Timeline] Hotspot 4 - currentSeconds: 43200, routeEndSeconds: 72000
[2025-12-10T06:00:45.732Z] [Timeline] Processing hotspot 4 for route 355
[2025-12-10T06:00:45.735Z] [Timeline] Hotspot 4 coords: lat=13.033798514213936, lon=80.26977915213011
[2025-12-10T06:00:45.752Z] [Timeline] Checking operating hours for hotspot 4: visit window 12:30:00-19:00:00 on day 2
[2025-12-10T06:00:45.756Z] [Timeline] Hotspot 4 timing window: 05:30:00-12:00:00 (19800s-43200s), visit: 12:30:00-19:00:00 (45000s-68400s)
[2025-12-10T06:00:45.757Z] [Timeline] Hotspot 4 timing window: 16:00:00-20:00:00 (57600s-72000s), visit: 12:30:00-19:00:00 (45000s-68400s)
[2025-12-10T06:00:45.758Z] [Timeline] Hotspot 4 not open during visit window 12:30:00-19:00:00 on day 2, skipping
[2025-12-10T06:00:45.762Z] [Timeline] Hotspot 5 - currentSeconds: 43200, routeEndSeconds: 72000
[2025-12-10T06:00:45.763Z] [Timeline] Processing hotspot 5 for route 355
[2025-12-10T06:00:45.766Z] [Timeline] Hotspot 5 coords: lat=13.051080243192029, lon=80.27775926313883
[2025-12-10T06:00:45.784Z] [Timeline] Checking operating hours for hotspot 5: visit window 12:34:00-19:04:00 on day 2
[2025-12-10T06:00:45.787Z] [Timeline] Hotspot 5 operating hours OK
[2025-12-10T06:00:45.787Z] [Timeline] Travel type for "Chennai International Airport" -> "Chennai International Airport|Chennai Domestic Airport|Chennai Central|Chennai|Chennai Egmore Station|Chennai Koyembedu|ECR Beach, Chennai, Tamil Nadu": 1 (1=local, 2=outstation)
[2025-12-10T06:00:45.804Z] [Timeline] Building hotspot row for hotspot_ID=5
[2025-12-10T06:00:45.814Z] [Timeline] Built hotspot row: item_type=4, hotspot_ID=5, order=3
[2025-12-10T06:00:45.819Z] [Timeline] Hotspot 544 - currentSeconds: 48840, routeEndSeconds: 72000
[2025-12-10T06:00:45.820Z] [Timeline] Processing hotspot 544 for route 355
[2025-12-10T06:00:45.822Z] [Timeline] Hotspot 544 coords: lat=12.993461140291483, lon=80.27030436931474
[2025-12-10T06:00:45.836Z] [Timeline] Checking operating hours for hotspot 544: visit window 13:49:00-25:19:00 on day 2
[2025-12-10T06:00:45.839Z] [Timeline] Hotspot 544 timing window: 06:00:00-12:00:00 (21600s-43200s), visit: 13:49:00-25:19:00 (49740s-91140s)
[2025-12-10T06:00:45.840Z] [Timeline] Hotspot 544 timing window: 16:00:00-20:00:00 (57600s-72000s), visit: 13:49:00-25:19:00 (49740s-91140s)
[2025-12-10T06:00:45.849Z] [Timeline] Hotspot 544 not open during visit window 13:49:00-25:19:00 on day 2, skipping
[2025-12-10T06:00:45.858Z] [Timeline] Route 356 (Chennai → Pondicherry): routeStartTime=08:00:00, routeEndTime=20:00:00, direct_to_next=0
[2025-12-10T06:00:45.863Z] [Timeline] Route 356 starting coords from location_id 762: (13.0843007, 80.2704622)
[2025-12-10T06:00:45.866Z] [Timeline] Route 356 - Added refreshment break: 08:00:00 - 09:00:00
[2025-12-10T06:00:45.869Z] [fetchSelectedHotspots] route 356 target="Chennai" next="Pondicherry" dow=3
[2025-12-10T06:00:45.934Z] [fetchSelectedHotspots] Found 583 total active hotspots
[2025-12-10T06:00:45.935Z] [fetchSelectedHotspots] direct_to_next_visiting_place=0
[2025-12-10T06:00:45.936Z] [fetchSelectedHotspots] source="Chennai", destination="Pondicherry"
[2025-12-10T06:00:45.944Z] [fetchSelectedHotspots] Starting coords from stored_locations: (12.9811068, 80.159623)
[2025-12-10T06:00:45.945Z] [fetchSelectedHotspots] Hotspot 4 "Kapaleeshwarar Temple" → SOURCE (matches "Chennai")
[2025-12-10T06:00:45.946Z] [fetchSelectedHotspots] Hotspot 5 "Marina Beach" → SOURCE (matches "Chennai")
[2025-12-10T06:00:45.948Z] [fetchSelectedHotspots] Hotspot 17 "Sri Aurobindo Ashram" → DESTINATION (matches "Pondicherry")
[2025-12-10T06:00:45.949Z] [fetchSelectedHotspots] Hotspot 18 "Auroville" → DESTINATION (matches "Pondicherry")
[2025-12-10T06:00:45.949Z] [fetchSelectedHotspots] Hotspot 19 "Promenade Beach" → DESTINATION (matches "Pondicherry")
[2025-12-10T06:00:45.949Z] [fetchSelectedHotspots] Hotspot 20 "Chunnambar Boathouse" → DESTINATION (matches "Pondicherry")
[2025-12-10T06:00:45.950Z] [fetchSelectedHotspots] Hotspot 21 "The Basilica of the Sacred Heart of Jesus" → DESTINATION (matches "Pondicherry")
[2025-12-10T06:00:45.951Z] [fetchSelectedHotspots] Hotspot 24 "The Pondicherry Museum" → DESTINATION (matches "Pondicherry")
[2025-12-10T06:00:45.951Z] [fetchSelectedHotspots] Hotspot 25 "Manakula Vinayagar Temple" → DESTINATION (matches "Pondicherry")
[2025-12-10T06:00:45.952Z] [fetchSelectedHotspots] Hotspot 277 "Pondicherry Backwater" → DESTINATION (matches "Pondicherry")
[2025-12-10T06:00:45.954Z] [fetchSelectedHotspots] Hotspot 544 "Shri Ashtalakshmi Temple" → SOURCE (matches "Chennai")
[2025-12-10T06:00:45.956Z] [fetchSelectedHotspots] Hotspot 669 "Eden Beach - Blue flag Beach" → DESTINATION (matches "Pondicherry")
[2025-12-10T06:00:45.957Z] [fetchSelectedHotspots] Hotspot 676 "Botanical Garden" → DESTINATION (matches "Pondicherry")
[2025-12-10T06:00:45.958Z] [fetchSelectedHotspots] Hotspot 677 "Bharathi Park &amp; Aayi Mandapam" → DESTINATION (matches "Pondicherry")
[2025-12-10T06:00:45.960Z] [fetchSelectedHotspots] Hotspot 678 "French Colony" → DESTINATION (matches "Pondicherry")
[2025-12-10T06:00:45.966Z] [fetchSelectedHotspots] Hotspot 679 "Pondi Marina Beach" → DESTINATION (matches "Pondicherry")
[2025-12-10T06:00:45.967Z] [fetchSelectedHotspots] Categorized: source=3, destination=13, via=0
[2025-12-10T06:00:45.968Z] [fetchSelectedHotspots] direct_to_next_visiting_place=0: Processing SOURCE → DESTINATION → VIA
[2025-12-10T06:00:45.968Z] [fetchSelectedHotspots] Matched 16 hotspots after PHP ordering
[2025-12-10T06:00:45.969Z] [fetchSelectedHotspots] First 5 hotspots (sorted): ID=4 "Kapaleeshwarar Temple" priority=1 distance=19.94km, ID=5 "Marina Beach" priority=2 distance=22.47km, ID=544 "Shri Ashtalakshmi Temple" priority=0 distance=18.11km, ID=18 "Auroville" priority=1 distance=171.53km, ID=25 "Manakula Vinayagar Temple" priority=2 distance=182.13km
[2025-12-10T06:00:45.970Z] [fetchSelectedHotspots] Matched 16 hotspots for route 356
[2025-12-10T06:00:45.970Z] [Timeline] Route 356: Selected 16 hotspots
[2025-12-10T06:00:45.971Z] [Timeline] Route 356 - currentTime: 09:00:00, routeEndTime: 20:00:00, routeEndSeconds: 72000
[2025-12-10T06:00:45.972Z] [Timeline] Hotspot 4 - currentSeconds: 32400, routeEndSeconds: 72000
[2025-12-10T06:00:45.972Z] [Timeline] Processing hotspot 4 for route 356
[2025-12-10T06:00:45.975Z] [Timeline] Hotspot 4 coords: lat=13.033798514213936, lon=80.26977915213011
[2025-12-10T06:00:45.995Z] [Timeline] Checking operating hours for hotspot 4: visit window 09:13:00-15:43:00 on day 3
[2025-12-10T06:00:46.000Z] [Timeline] Hotspot 4 timing window: 05:30:00-12:00:00 (19800s-43200s), visit: 09:13:00-15:43:00 (33180s-56580s)
[2025-12-10T06:00:46.001Z] [Timeline] Hotspot 4 timing window: 16:00:00-20:00:00 (57600s-72000s), visit: 09:13:00-15:43:00 (33180s-56580s)
[2025-12-10T06:00:46.002Z] [Timeline] Hotspot 4 not open during visit window 09:13:00-15:43:00 on day 3, skipping
[2025-12-10T06:00:46.003Z] [Timeline] Hotspot 5 - currentSeconds: 32400, routeEndSeconds: 72000
[2025-12-10T06:00:46.004Z] [Timeline] Processing hotspot 5 for route 356
[2025-12-10T06:00:46.005Z] [Timeline] Skipping hotspot 5 - already added to plan 5
[2025-12-10T06:00:46.005Z] [Timeline] Hotspot 544 - currentSeconds: 32400, routeEndSeconds: 72000
[2025-12-10T06:00:46.006Z] [Timeline] Processing hotspot 544 for route 356
[2025-12-10T06:00:46.017Z] [Timeline] Hotspot 544 coords: lat=12.993461140291483, lon=80.27030436931474
[2025-12-10T06:00:46.039Z] [Timeline] Checking operating hours for hotspot 544: visit window 09:23:00-20:53:00 on day 3
[2025-12-10T06:00:46.047Z] [Timeline] Hotspot 544 timing window: 06:00:00-12:00:00 (21600s-43200s), visit: 09:23:00-20:53:00 (33780s-75180s)
[2025-12-10T06:00:46.050Z] [Timeline] Hotspot 544 timing window: 16:00:00-20:00:00 (57600s-72000s), visit: 09:23:00-20:53:00 (33780s-75180s)
[2025-12-10T06:00:46.051Z] [Timeline] Hotspot 544 not open during visit window 09:23:00-20:53:00 on day 3, skipping
[2025-12-10T06:00:46.052Z] [Timeline] Hotspot 18 - currentSeconds: 32400, routeEndSeconds: 72000
[2025-12-10T06:00:46.052Z] [Timeline] Processing hotspot 18 for route 356
[2025-12-10T06:00:46.055Z] [Timeline] Hotspot 18 coords: lat=12.008342334177776, lon=79.81781931258232
[2025-12-10T06:00:46.085Z] [Timeline] Checking operating hours for hotspot 18: visit window 12:14:00-19:44:00 on day 3
[2025-12-10T06:00:46.094Z] [Timeline] Hotspot 18 timing window: 09:00:00-13:00:00 (32400s-46800s), visit: 12:14:00-19:44:00 (44040s-71040s)
[2025-12-10T06:00:46.099Z] [Timeline] Hotspot 18 timing window: 13:30:00-17:00:00 (48600s-61200s), visit: 12:14:00-19:44:00 (44040s-71040s)
[2025-12-10T06:00:46.104Z] [Timeline] Hotspot 18 not open during visit window 12:14:00-19:44:00 on day 3, skipping
[2025-12-10T06:00:46.105Z] [Timeline] Hotspot 25 - currentSeconds: 32400, routeEndSeconds: 72000
[2025-12-10T06:00:46.106Z] [Timeline] Processing hotspot 25 for route 356
[2025-12-10T06:00:46.115Z] [Timeline] Hotspot 25 coords: lat=11.936184966220257, lon=79.83484226674099
[2025-12-10T06:00:46.132Z] [Timeline] Checking operating hours for hotspot 25: visit window 12:24:00-18:24:00 on day 3
[2025-12-10T06:00:46.136Z] [Timeline] Hotspot 25 timing window: 05:45:00-12:30:00 (20700s-45000s), visit: 12:24:00-18:24:00 (44640s-66240s)
[2025-12-10T06:00:46.137Z] [Timeline] Hotspot 25 timing window: 16:00:00-20:00:00 (57600s-72000s), visit: 12:24:00-18:24:00 (44640s-66240s)
[2025-12-10T06:00:46.138Z] [Timeline] Hotspot 25 not open during visit window 12:24:00-18:24:00 on day 3, skipping
[2025-12-10T06:00:46.139Z] [Timeline] Hotspot 21 - currentSeconds: 32400, routeEndSeconds: 72000
[2025-12-10T06:00:46.139Z] [Timeline] Processing hotspot 21 for route 356
[2025-12-10T06:00:46.141Z] [Timeline] Hotspot 21 coords: lat=11.926178758041798, lon=79.82779781515121
[2025-12-10T06:00:46.167Z] [Timeline] Checking operating hours for hotspot 21: visit window 12:26:00-18:26:00 on day 3
[2025-12-10T06:00:46.170Z] [Timeline] Hotspot 21 timing window: 06:00:00-19:00:00 (21600s-68400s), visit: 12:26:00-18:26:00 (44760s-66360s)
[2025-12-10T06:00:46.172Z] [Timeline] Hotspot 21 MATCH on day 3
[2025-12-10T06:00:46.173Z] [Timeline] Hotspot 21 operating hours OK
[2025-12-10T06:00:46.174Z] [Timeline] Travel type for "Chennai" -> "Pondicherry Airport|Pondicherry": 2 (1=local, 2=outstation)
[2025-12-10T06:00:46.189Z] [Timeline] Building hotspot row for hotspot_ID=21
[2025-12-10T06:00:46.194Z] [Timeline] Built hotspot row: item_type=4, hotspot_ID=21, order=3
[2025-12-10T06:00:46.200Z] [Timeline] Hotspot 19 - currentSeconds: 48360, routeEndSeconds: 72000
[2025-12-10T06:00:46.201Z] [Timeline] Processing hotspot 19 for route 356
[2025-12-10T06:00:46.203Z] [Timeline] Hotspot 19 coords: lat=11.931203427435934, lon=79.83580349426904
[2025-12-10T06:00:46.222Z] [Timeline] Checking operating hours for hotspot 19: visit window 13:28:00-19:58:00 on day 3
[2025-12-10T06:00:46.225Z] [Timeline] Hotspot 19 timing window: 06:00:00-20:00:00 (21600s-72000s), visit: 13:28:00-19:58:00 (48480s-71880s)
[2025-12-10T06:00:46.227Z] [Timeline] Hotspot 19 MATCH on day 3
[2025-12-10T06:00:46.231Z] [Timeline] Hotspot 19 operating hours OK
[2025-12-10T06:00:46.232Z] [Timeline] Travel type for "Pondicherry Airport|Pondicherry" -> "Pondicherry Airport|Pondicherry": 1 (1=local, 2=outstation)
[2025-12-10T06:00:46.247Z] [Timeline] Building hotspot row for hotspot_ID=19
[2025-12-10T06:00:46.253Z] [Timeline] Built hotspot row: item_type=4, hotspot_ID=19, order=5
[2025-12-10T06:00:46.256Z] [Timeline] Hotspot 20 - currentSeconds: 52080, routeEndSeconds: 72000
[2025-12-10T06:00:46.266Z] [Timeline] Processing hotspot 20 for route 356
[2025-12-10T06:00:46.270Z] [Timeline] Hotspot 20 coords: lat=11.883875481616602, lon=79.80141705562612
[2025-12-10T06:00:46.285Z] [Timeline] Checking operating hours for hotspot 20: visit window 14:43:00-21:13:00 on day 3
[2025-12-10T06:00:46.288Z] [Timeline] Hotspot 20 timing window: 09:30:00-12:00:00 (34200s-43200s), visit: 14:43:00-21:13:00 (52980s-76380s)
[2025-12-10T06:00:46.288Z] [Timeline] Hotspot 20 not open during visit window 14:43:00-21:13:00 on day 3, skipping
[2025-12-10T06:00:46.289Z] [Timeline] Hotspot 17 - currentSeconds: 52080, routeEndSeconds: 72000
[2025-12-10T06:00:46.289Z] [Timeline] Processing hotspot 17 for route 356
[2025-12-10T06:00:46.291Z] [Timeline] Hotspot 17 coords: lat=11.936929030828965, lon=79.83477998559515
[2025-12-10T06:00:46.311Z] [Timeline] Checking operating hours for hotspot 17: visit window 14:29:00-20:59:00 on day 3
[2025-12-10T06:00:46.317Z] [Timeline] Hotspot 17 timing window: 10:30:00-19:00:00 (37800s-68400s), visit: 14:29:00-20:59:00 (52140s-75540s)
[2025-12-10T06:00:46.318Z] [Timeline] Hotspot 17 not open during visit window 14:29:00-20:59:00 on day 3, skipping
[2025-12-10T06:00:46.319Z] [Timeline] Hotspot 24 - currentSeconds: 52080, routeEndSeconds: 72000
[2025-12-10T06:00:46.319Z] [Timeline] Processing hotspot 24 for route 356
[2025-12-10T06:00:46.321Z] [Timeline] Hotspot 24 coords: lat=11.934656339062595, lon=79.83484999477534
[2025-12-10T06:00:46.335Z] [Timeline] Checking operating hours for hotspot 24: visit window 14:29:00-20:29:00 on day 3
[2025-12-10T06:00:46.337Z] [Timeline] Hotspot 24 timing window: 09:00:00-12:00:00 (32400s-43200s), visit: 14:29:00-20:29:00 (52140s-73740s)
[2025-12-10T06:00:46.337Z] [Timeline] Hotspot 24 not open during visit window 14:29:00-20:29:00 on day 3, skipping
[2025-12-10T06:00:46.340Z] [Timeline] Hotspot 677 - currentSeconds: 52080, routeEndSeconds: 72000
[2025-12-10T06:00:46.340Z] [Timeline] Processing hotspot 677 for route 356
[2025-12-10T06:00:46.343Z] [Timeline] Hotspot 677 coords: lat=11.933029585291068, lon=79.83418306595088
[2025-12-10T06:00:46.358Z] [Timeline] Checking operating hours for hotspot 677: visit window 14:29:00-20:44:00 on day 3
[2025-12-10T06:00:46.362Z] [Timeline] Hotspot 677 timing window: 06:00:00-19:00:00 (21600s-68400s), visit: 14:29:00-20:44:00 (52140s-74640s)
[2025-12-10T06:00:46.363Z] [Timeline] Hotspot 677 not open during visit window 14:29:00-20:44:00 on day 3, skipping
[2025-12-10T06:00:46.364Z] [Timeline] Hotspot 678 - currentSeconds: 52080, routeEndSeconds: 72000
[2025-12-10T06:00:46.365Z] [Timeline] Processing hotspot 678 for route 356
[2025-12-10T06:00:46.367Z] [Timeline] Hotspot 678 coords: lat=11.928492248303817, lon=79.83303242117643
[2025-12-10T06:00:46.379Z] [Timeline] Checking operating hours for hotspot 678: visit window 14:29:00-20:59:00 on day 3
[2025-12-10T06:00:46.382Z] [Timeline] Hotspot 678 operating hours OK
[2025-12-10T06:00:46.383Z] [Timeline] Hotspot 678 would end at 20:59:00 (75540s) (exceeds route_end_time 20:00:00 (72000s)), skipping
[2025-12-10T06:00:46.391Z] [Timeline] Route 357 (Pondicherry → Pondicherry Airport): routeStartTime=09:56:00, routeEndTime=10:00:00, direct_to_next=0
[2025-12-10T06:00:46.400Z] [Timeline] Route 357 starting coords from location_id 5922: (11.9415915, 79.8083133)
[2025-12-10T06:00:46.403Z] [Timeline] Route 357 - Skipping refreshment (not enough time): 10:56:00 > 10:00:00
[2025-12-10T06:00:46.404Z] [fetchSelectedHotspots] route 357 target="Pondicherry" next="Pondicherry Airport" dow=4
[2025-12-10T06:00:46.468Z] [fetchSelectedHotspots] Found 583 total active hotspots
[2025-12-10T06:00:46.469Z] [fetchSelectedHotspots] direct_to_next_visiting_place=0
[2025-12-10T06:00:46.470Z] [fetchSelectedHotspots] source="Pondicherry", destination="Pondicherry Airport"
[2025-12-10T06:00:46.472Z] [fetchSelectedHotspots] Starting coords from stored_locations: (13.0827989, 80.2754246)
[2025-12-10T06:00:46.473Z] [fetchSelectedHotspots] Hotspot 16 "Paradise Beach" → DESTINATION (matches "Pondicherry Airport")
[2025-12-10T06:00:46.474Z] [fetchSelectedHotspots] Hotspot 17 "Sri Aurobindo Ashram" → SOURCE (matches "Pondicherry")
[2025-12-10T06:00:46.474Z] [fetchSelectedHotspots] Hotspot 17 "Sri Aurobindo Ashram" → DESTINATION (matches "Pondicherry Airport")
[2025-12-10T06:00:46.475Z] [fetchSelectedHotspots] Hotspot 18 "Auroville" → SOURCE (matches "Pondicherry")
[2025-12-10T06:00:46.477Z] [fetchSelectedHotspots] Hotspot 18 "Auroville" → DESTINATION (matches "Pondicherry Airport")
[2025-12-10T06:00:46.477Z] [fetchSelectedHotspots] Hotspot 19 "Promenade Beach" → SOURCE (matches "Pondicherry")
[2025-12-10T06:00:46.478Z] [fetchSelectedHotspots] Hotspot 19 "Promenade Beach" → DESTINATION (matches "Pondicherry Airport")
[2025-12-10T06:00:46.479Z] [fetchSelectedHotspots] Hotspot 20 "Chunnambar Boathouse" → SOURCE (matches "Pondicherry")
[2025-12-10T06:00:46.479Z] [fetchSelectedHotspots] Hotspot 20 "Chunnambar Boathouse" → DESTINATION (matches "Pondicherry Airport")
[2025-12-10T06:00:46.480Z] [fetchSelectedHotspots] Hotspot 21 "The Basilica of the Sacred Heart of Jesus" → SOURCE (matches "Pondicherry")
[2025-12-10T06:00:46.480Z] [fetchSelectedHotspots] Hotspot 21 "The Basilica of the Sacred Heart of Jesus" → DESTINATION (matches "Pondicherry Airport")
[2025-12-10T06:00:46.484Z] [fetchSelectedHotspots] Hotspot 23 "French War Memorial" → DESTINATION (matches "Pondicherry Airport")
[2025-12-10T06:00:46.485Z] [fetchSelectedHotspots] Hotspot 24 "The Pondicherry Museum" → SOURCE (matches "Pondicherry")
[2025-12-10T06:00:46.486Z] [fetchSelectedHotspots] Hotspot 24 "The Pondicherry Museum" → DESTINATION (matches "Pondicherry Airport")
[2025-12-10T06:00:46.486Z] [fetchSelectedHotspots] Hotspot 25 "Manakula Vinayagar Temple" → SOURCE (matches "Pondicherry")
[2025-12-10T06:00:46.487Z] [fetchSelectedHotspots] Hotspot 25 "Manakula Vinayagar Temple" → DESTINATION (matches "Pondicherry Airport")
[2025-12-10T06:00:46.489Z] [fetchSelectedHotspots] Hotspot 277 "Pondicherry Backwater" → SOURCE (matches "Pondicherry")
[2025-12-10T06:00:46.490Z] [fetchSelectedHotspots] Hotspot 277 "Pondicherry Backwater" → DESTINATION (matches "Pondicherry Airport")
[2025-12-10T06:00:46.495Z] [fetchSelectedHotspots] Hotspot 669 "Eden Beach - Blue flag Beach" → SOURCE (matches "Pondicherry")
[2025-12-10T06:00:46.496Z] [fetchSelectedHotspots] Hotspot 669 "Eden Beach - Blue flag Beach" → DESTINATION (matches "Pondicherry Airport")
[2025-12-10T06:00:46.500Z] [fetchSelectedHotspots] Hotspot 676 "Botanical Garden" → SOURCE (matches "Pondicherry")
[2025-12-10T06:00:46.501Z] [fetchSelectedHotspots] Hotspot 676 "Botanical Garden" → DESTINATION (matches "Pondicherry Airport")
[2025-12-10T06:00:46.501Z] [fetchSelectedHotspots] Hotspot 677 "Bharathi Park &amp; Aayi Mandapam" → SOURCE (matches "Pondicherry")
[2025-12-10T06:00:46.502Z] [fetchSelectedHotspots] Hotspot 677 "Bharathi Park &amp; Aayi Mandapam" → DESTINATION (matches "Pondicherry Airport")
[2025-12-10T06:00:46.502Z] [fetchSelectedHotspots] Hotspot 678 "French Colony" → SOURCE (matches "Pondicherry")
[2025-12-10T06:00:46.503Z] [fetchSelectedHotspots] Hotspot 678 "French Colony" → DESTINATION (matches "Pondicherry Airport")
[2025-12-10T06:00:46.503Z] [fetchSelectedHotspots] Hotspot 679 "Pondi Marina Beach" → SOURCE (matches "Pondicherry")
[2025-12-10T06:00:46.504Z] [fetchSelectedHotspots] Hotspot 679 "Pondi Marina Beach" → DESTINATION (matches "Pondicherry Airport")
[2025-12-10T06:00:46.504Z] [fetchSelectedHotspots] Categorized: source=13, destination=15, via=0
[2025-12-10T06:00:46.504Z] [fetchSelectedHotspots] direct_to_next_visiting_place=0: Processing SOURCE → DESTINATION → VIA
[2025-12-10T06:00:46.505Z] [fetchSelectedHotspots] Matched 28 hotspots after PHP ordering
[2025-12-10T06:00:46.505Z] [fetchSelectedHotspots] First 5 hotspots (sorted): ID=18 "Auroville" priority=1 distance=194.08km, ID=25 "Manakula Vinayagar Temple" priority=2 distance=204.26km, ID=21 "The Basilica of the Sacred Heart of Jesus" priority=4 distance=206.23km, ID=19 "Promenade Beach" priority=5 distance=204.98km, ID=20 "Chunnambar Boathouse" priority=5 distance=214.35km
[2025-12-10T06:00:46.506Z] [fetchSelectedHotspots] Matched 15 hotspots for route 357
[2025-12-10T06:00:46.506Z] [Timeline] Route 357: Selected 15 hotspots
[2025-12-10T06:00:46.507Z] [Timeline] Route 357 - currentTime: 09:56:00, routeEndTime: 10:00:00, routeEndSeconds: 36000
[2025-12-10T06:00:46.507Z] [Timeline] Hotspot 18 - currentSeconds: 35760, routeEndSeconds: 36000
[2025-12-10T06:00:46.507Z] [Timeline] Processing hotspot 18 for route 357
[2025-12-10T06:00:46.510Z] [Timeline] Hotspot 18 coords: lat=12.008342334177776, lon=79.81781931258232
[2025-12-10T06:00:46.532Z] [Timeline] Checking operating hours for hotspot 18: visit window 10:13:00-17:43:00 on day 4
[2025-12-10T06:00:46.536Z] [Timeline] Hotspot 18 timing window: 09:00:00-13:00:00 (32400s-46800s), visit: 10:13:00-17:43:00 (36780s-63780s)
[2025-12-10T06:00:46.536Z] [Timeline] Hotspot 18 timing window: 13:30:00-17:00:00 (48600s-61200s), visit: 10:13:00-17:43:00 (36780s-63780s)
[2025-12-10T06:00:46.537Z] [Timeline] Hotspot 18 not open during visit window 10:13:00-17:43:00 on day 4, skipping
[2025-12-10T06:00:46.538Z] [Timeline] Hotspot 25 - currentSeconds: 35760, routeEndSeconds: 36000
[2025-12-10T06:00:46.538Z] [Timeline] Processing hotspot 25 for route 357
[2025-12-10T06:00:46.540Z] [Timeline] Hotspot 25 coords: lat=11.936184966220257, lon=79.83484226674099
[2025-12-10T06:00:46.555Z] [Timeline] Checking operating hours for hotspot 25: visit window 10:03:00-16:03:00 on day 4
[2025-12-10T06:00:46.558Z] [Timeline] Hotspot 25 timing window: 05:45:00-12:30:00 (20700s-45000s), visit: 10:03:00-16:03:00 (36180s-57780s)
[2025-12-10T06:00:46.559Z] [Timeline] Hotspot 25 timing window: 16:00:00-20:00:00 (57600s-72000s), visit: 10:03:00-16:03:00 (36180s-57780s)
[2025-12-10T06:00:46.565Z] [Timeline] Hotspot 25 not open during visit window 10:03:00-16:03:00 on day 4, skipping
[2025-12-10T06:00:46.566Z] [Timeline] Hotspot 21 - currentSeconds: 35760, routeEndSeconds: 36000
[2025-12-10T06:00:46.567Z] [Timeline] Processing hotspot 21 for route 357
[2025-12-10T06:00:46.568Z] [Timeline] Skipping hotspot 21 - already added to plan 5
[2025-12-10T06:00:46.568Z] [Timeline] Hotspot 19 - currentSeconds: 35760, routeEndSeconds: 36000
[2025-12-10T06:00:46.569Z] [Timeline] Processing hotspot 19 for route 357
[2025-12-10T06:00:46.569Z] [Timeline] Skipping hotspot 19 - already added to plan 5
[2025-12-10T06:00:46.570Z] [Timeline] Hotspot 20 - currentSeconds: 35760, routeEndSeconds: 36000
[2025-12-10T06:00:46.570Z] [Timeline] Processing hotspot 20 for route 357
[2025-12-10T06:00:46.572Z] [Timeline] Hotspot 20 coords: lat=11.883875481616602, lon=79.80141705562612
[2025-12-10T06:00:46.590Z] [Timeline] Checking operating hours for hotspot 20: visit window 10:11:00-16:41:00 on day 4
[2025-12-10T06:00:46.594Z] [Timeline] Hotspot 20 timing window: 09:30:00-16:00:00 (34200s-57600s), visit: 10:11:00-16:41:00 (36660s-60060s)
[2025-12-10T06:00:46.597Z] [Timeline] Hotspot 20 not open during visit window 10:11:00-16:41:00 on day 4, skipping
[2025-12-10T06:00:46.598Z] [Timeline] Hotspot 17 - currentSeconds: 35760, routeEndSeconds: 36000
[2025-12-10T06:00:46.599Z] [Timeline] Processing hotspot 17 for route 357
[2025-12-10T06:00:46.601Z] [Timeline] Hotspot 17 coords: lat=11.936929030828965, lon=79.83477998559515
[2025-12-10T06:00:46.614Z] [Timeline] Checking operating hours for hotspot 17: visit window 10:03:00-16:33:00 on day 4
[2025-12-10T06:00:46.619Z] [Timeline] Hotspot 17 timing window: 10:30:00-19:00:00 (37800s-68400s), visit: 10:03:00-16:33:00 (36180s-59580s)
[2025-12-10T06:00:46.622Z] [Timeline] Hotspot 17 not open during visit window 10:03:00-16:33:00 on day 4, skipping
[2025-12-10T06:00:46.629Z] [Timeline] Hotspot 24 - currentSeconds: 35760, routeEndSeconds: 36000
[2025-12-10T06:00:46.630Z] [Timeline] Processing hotspot 24 for route 357
[2025-12-10T06:00:46.632Z] [Timeline] Hotspot 24 coords: lat=11.934656339062595, lon=79.83484999477534
[2025-12-10T06:00:46.644Z] [Timeline] Checking operating hours for hotspot 24: visit window 10:03:00-16:03:00 on day 4
[2025-12-10T06:00:46.647Z] [Timeline] Hotspot 24 timing window: 09:00:00-18:00:00 (32400s-64800s), visit: 10:03:00-16:03:00 (36180s-57780s)
[2025-12-10T06:00:46.648Z] [Timeline] Hotspot 24 MATCH on day 4
[2025-12-10T06:00:46.649Z] [Timeline] Hotspot 24 operating hours OK
[2025-12-10T06:00:46.650Z] [Timeline] Hotspot 24 would end at 16:03:00 (57780s) (exceeds route_end_time 10:00:00 (36000s)), skipping
[2025-12-10T06:00:46.673Z] [Timeline] Returning 15 hotspot rows and 0 parking rows
[2025-12-10T06:00:46.674Z] [Timeline] Hotspot rows item_types: 1, 3, 4, 5, 6, 1, 3, 4, 3, 4, 5, 6, 5, 6, 7
[2025-12-10T06:00:46.675Z] [Timeline] Hotspot rows hotspot_IDs: , 5, 5, 0, 0, , 21, 21, 19, 19, 0, 0, 0, 0, 0
[2025-12-10T06:00:46.677Z] 
=== LOG FILE SAVED TO: D:\wamp64\www\dvi_fullstack\dvi_backend\tmp\hotspot_optimization_1765346435563.log ===

