[2025-12-11T13:05:59.850Z] === HOTSPOT OPTIMIZATION LOG ===
[2025-12-11T13:05:59.893Z] Started at: 2025-12-11T13:05:59.893Z

[2025-12-11T13:07:16.431Z] [Timeline] Route 611 (Chennai International Airport → Chennai): routeStartTime=11:00:00, routeEndTime=20:00:00, direct_to_next=0
[2025-12-11T13:07:16.497Z] [Timeline] Route 611 starting coords from location_id 165946: (12.9811068, 80.159623)
[2025-12-11T13:07:16.601Z] [Timeline] Route 611 - Added refreshment break: 11:00:00 - 12:00:00
[2025-12-11T13:07:16.676Z] [fetchSelectedHotspots] route 611 target="Chennai International Airport" next="Chennai" dow=4
[2025-12-11T13:07:17.059Z] [fetchSelectedHotspots] Found 583 total active hotspots
[2025-12-11T13:07:17.238Z] [fetchSelectedHotspots] Loaded operating hours for 584 hotspots
[2025-12-11T13:07:17.312Z] [fetchSelectedHotspots] direct_to_next_visiting_place=0
[2025-12-11T13:07:17.376Z] [fetchSelectedHotspots] source="Chennai International Airport", destination="Chennai"
[2025-12-11T13:07:17.501Z] [fetchSelectedHotspots] Starting coords from stored_locations: (12.9811068, 80.159623)
[2025-12-11T13:07:17.620Z] [fetchSelectedHotspots] Hotspot 4 "Kapaleeshwarar Temple" → SOURCE (matches "Chennai International Airport" - PRIMARY)
[2025-12-11T13:07:17.684Z] [fetchSelectedHotspots] Hotspot 4 "Kapaleeshwarar Temple" → DESTINATION (matches "Chennai")
[2025-12-11T13:07:17.771Z] [fetchSelectedHotspots] Hotspot 5 "Marina Beach" → SOURCE (matches "Chennai International Airport" - PRIMARY)
[2025-12-11T13:07:17.825Z] [fetchSelectedHotspots] Hotspot 5 "Marina Beach" → DESTINATION (matches "Chennai")
[2025-12-11T13:07:17.913Z] [fetchSelectedHotspots] Hotspot 6 "Fort St.George Museum" → SOURCE (matches "Chennai International Airport" - PRIMARY)
[2025-12-11T13:07:17.992Z] [fetchSelectedHotspots] Hotspot 7 "Government Museum Chennai" → SOURCE (matches "Chennai International Airport" - PRIMARY)
[2025-12-11T13:07:18.055Z] [fetchSelectedHotspots] Hotspot 8 "Santhome Cathedral Basilica" → SOURCE (matches "Chennai International Airport" - PRIMARY)
[2025-12-11T13:07:18.152Z] [fetchSelectedHotspots] Hotspot 9 "Thousand Lights Mosque" → SOURCE (matches "Chennai International Airport" - PRIMARY)
[2025-12-11T13:07:18.267Z] [fetchSelectedHotspots] Hotspot 10 "Guindy National Park" → SOURCE (matches "Chennai International Airport" - PRIMARY)
[2025-12-11T13:07:18.351Z] [fetchSelectedHotspots] Hotspot 11 "Parthasarathy Temple" → SOURCE (matches "Chennai International Airport" - PRIMARY)
[2025-12-11T13:07:18.408Z] [fetchSelectedHotspots] Hotspot 12 "Vivekanandar House" → SOURCE (matches "Chennai International Airport" - PRIMARY)
[2025-12-11T13:07:18.481Z] [fetchSelectedHotspots] Hotspot 13 "Arignar Anna Zoological Park" → SOURCE (matches "Chennai International Airport" - PRIMARY)
[2025-12-11T13:07:18.570Z] [fetchSelectedHotspots] Hotspot 290 "Vgp snow kingdom" → SOURCE (matches "Chennai International Airport" - PRIMARY)
[2025-12-11T13:07:18.615Z] [fetchSelectedHotspots] Hotspot 291 "Vgp marine kingdom" → SOURCE (matches "Chennai International Airport" - PRIMARY)
[2025-12-11T13:07:18.673Z] [fetchSelectedHotspots] Hotspot 292 "Guindy snake park" → SOURCE (matches "Chennai International Airport" - PRIMARY)
[2025-12-11T13:07:18.719Z] [fetchSelectedHotspots] Hotspot 293 "Queens land" → SOURCE (matches "Chennai International Airport" - PRIMARY)
[2025-12-11T13:07:18.782Z] [fetchSelectedHotspots] Hotspot 294 "light house marina" → SOURCE (matches "Chennai International Airport" - PRIMARY)
[2025-12-11T13:07:18.827Z] [fetchSelectedHotspots] Hotspot 296 "Anna tower park" → SOURCE (matches "Chennai International Airport" - PRIMARY)
[2025-12-11T13:07:18.874Z] [fetchSelectedHotspots] Hotspot 297 "B.M Birla planitourim." → SOURCE (matches "Chennai International Airport" - PRIMARY)
[2025-12-11T13:07:18.920Z] [fetchSelectedHotspots] Hotspot 298 "Click art museum" → SOURCE (matches "Chennai International Airport" - PRIMARY)
[2025-12-11T13:07:18.966Z] [fetchSelectedHotspots] Hotspot 299 "National art gallery" → SOURCE (matches "Chennai International Airport" - PRIMARY)
[2025-12-11T13:07:19.005Z] [fetchSelectedHotspots] Hotspot 300 "M G R  Memorial" → SOURCE (matches "Chennai International Airport" - PRIMARY)
[2025-12-11T13:07:19.058Z] [fetchSelectedHotspots] Hotspot 303 "Anna memorial." → SOURCE (matches "Chennai International Airport" - PRIMARY)
[2025-12-11T13:07:19.104Z] [fetchSelectedHotspots] Hotspot 544 "Shri Ashtalakshmi Temple" → SOURCE (matches "Chennai International Airport" - PRIMARY)
[2025-12-11T13:07:19.159Z] [fetchSelectedHotspots] Hotspot 544 "Shri Ashtalakshmi Temple" → DESTINATION (matches "Chennai")
[2025-12-11T13:07:19.239Z] [fetchSelectedHotspots] Filtered 14 priority-0 SOURCE hotspots (22 → 8)
[2025-12-11T13:07:19.303Z] [fetchSelectedHotspots] Categorized: source=8, destination=3, via=0
[2025-12-11T13:07:19.384Z] [fetchSelectedHotspots] AIRPORT ARRIVAL DETECTED: "Chennai International Airport" → "Chennai"
[2025-12-11T13:07:19.481Z] [fetchSelectedHotspots] direct_to_next_visiting_place=0 + AIRPORT ARRIVAL: Processing DESTINATION → VIA
[2025-12-11T13:07:19.521Z] [fetchSelectedHotspots] Matched 3 hotspots after PHP ordering
[2025-12-11T13:07:19.588Z] [fetchSelectedHotspots] First 5 hotspots (sorted): ID=4 "Kapaleeshwarar Temple" priority=1 distance=19.94km, ID=5 "Marina Beach" priority=2 distance=22.47km, ID=544 "Shri Ashtalakshmi Temple" priority=0 distance=18.11km
[2025-12-11T13:07:19.634Z] [fetchSelectedHotspots] Matched 3 hotspots for route 611
[2025-12-11T13:07:19.672Z] [Timeline] Route 611: Selected 3 hotspots
[2025-12-11T13:07:19.755Z] [Timeline] Route 611 - currentTime: 12:00:00, routeEndTime: 20:00:00, routeEndSeconds: 72000
[2025-12-11T13:07:19.814Z] [Timeline] Hotspot 4 - currentSeconds: 43200, routeEndSeconds: 72000
[2025-12-11T13:07:19.858Z] [Timeline] Processing hotspot 4 for route 611
[2025-12-11T13:07:19.907Z] [Timeline] Hotspot 4 coords: lat=13.033798514213936, lon=80.26977915213011
[2025-12-11T13:07:20.260Z] [Timeline] Checking operating hours for hotspot 4: visit window 12:30:00-13:30:00 on day 4
[2025-12-11T13:07:20.324Z] [Timeline] Hotspot 4 check window: 05:30:00-12:00:00, visit: 12:30:00-13:30:00
[2025-12-11T13:07:20.378Z] [Timeline] Hotspot 4 check window: 16:00:00-20:00:00, visit: 12:30:00-13:30:00
[2025-12-11T13:07:20.416Z] [Timeline] Hotspot 4 operating hours check FAILED - visit 12:30:00-13:30:00 doesn't fit in any window
[2025-12-11T13:07:20.483Z] [Timeline] Hotspot 4 not open during visit window 12:30:00-13:30:00 on day 4, skipping
[2025-12-11T13:07:20.564Z] [Timeline] Hotspot 5 - currentSeconds: 43200, routeEndSeconds: 72000
[2025-12-11T13:07:20.605Z] [Timeline] Processing hotspot 5 for route 611
[2025-12-11T13:07:20.647Z] [Timeline] Hotspot 5 coords: lat=13.051080243192029, lon=80.27775926313883
[2025-12-11T13:07:20.983Z] [Timeline] Checking operating hours for hotspot 5: visit window 12:34:00-13:34:00 on day 4
[2025-12-11T13:07:21.063Z] [Timeline] Hotspot 5 operating hours OK
[2025-12-11T13:07:21.118Z] [Timeline] Travel type for "Chennai International Airport" -> "Chennai International Airport|Chennai Domestic Airport|Chennai Central|Chennai|Chennai Egmore Station|Chennai Koyembedu|ECR Beach, Chennai, Tamil Nadu": 1 (1=local, 2=outstation)
[2025-12-11T13:07:21.467Z] [Timeline] Building hotspot row for hotspot_ID=5
[2025-12-11T13:07:21.583Z] [Timeline] Built hotspot row: item_type=4, hotspot_ID=5, order=2
[2025-12-11T13:07:21.683Z] [Timeline] Hotspot 544 - currentSeconds: 48840, routeEndSeconds: 72000
[2025-12-11T13:07:21.757Z] [Timeline] Processing hotspot 544 for route 611
[2025-12-11T13:07:21.835Z] [Timeline] Hotspot 544 coords: lat=12.993461140291483, lon=80.27030436931474
[2025-12-11T13:07:22.239Z] [Timeline] Checking operating hours for hotspot 544: visit window 13:49:00-19:49:00 on day 4
[2025-12-11T13:07:22.323Z] [Timeline] Hotspot 544 check window: 06:00:00-12:00:00, visit: 13:49:00-19:49:00
[2025-12-11T13:07:22.401Z] [Timeline] Hotspot 544 check window: 16:00:00-20:00:00, visit: 13:49:00-19:49:00
[2025-12-11T13:07:22.628Z] [Timeline] Hotspot 544 operating hours check FAILED - visit 13:49:00-19:49:00 doesn't fit in any window
[2025-12-11T13:07:22.799Z] [Timeline] Hotspot 544 not open during visit window 13:49:00-19:49:00 on day 4, skipping
[2025-12-11T13:07:23.005Z] [Timeline] Route 612 (Chennai → Pondicherry): routeStartTime=08:00:00, routeEndTime=20:00:00, direct_to_next=0
[2025-12-11T13:07:23.058Z] [Timeline] Route 612 starting coords from location_id 762: (13.0843007, 80.2704622)
[2025-12-11T13:07:23.138Z] [Timeline] Route 612 - Added refreshment break: 08:00:00 - 09:00:00
[2025-12-11T13:07:23.219Z] [fetchSelectedHotspots] route 612 target="Chennai" next="Pondicherry" dow=5
[2025-12-11T13:07:23.428Z] [fetchSelectedHotspots] Found 583 total active hotspots
[2025-12-11T13:07:23.580Z] [fetchSelectedHotspots] Loaded operating hours for 584 hotspots
[2025-12-11T13:07:23.646Z] [fetchSelectedHotspots] direct_to_next_visiting_place=0
[2025-12-11T13:07:23.704Z] [fetchSelectedHotspots] source="Chennai", destination="Pondicherry"
[2025-12-11T13:07:23.805Z] [fetchSelectedHotspots] Starting coords from stored_locations: (12.9811068, 80.159623)
[2025-12-11T13:07:23.847Z] [fetchSelectedHotspots] Hotspot 4 "Kapaleeshwarar Temple" → SOURCE (matches "Chennai")
[2025-12-11T13:07:23.903Z] [fetchSelectedHotspots] Hotspot 5 "Marina Beach" → SOURCE (matches "Chennai")
[2025-12-11T13:07:23.985Z] [fetchSelectedHotspots] Hotspot 17 "Sri Aurobindo Ashram" → DESTINATION (matches "Pondicherry")
[2025-12-11T13:07:24.035Z] [fetchSelectedHotspots] Hotspot 18 "Auroville" → DESTINATION (matches "Pondicherry")
[2025-12-11T13:07:24.133Z] [fetchSelectedHotspots] Hotspot 19 "Promenade Beach" → DESTINATION (matches "Pondicherry")
[2025-12-11T13:07:24.215Z] [fetchSelectedHotspots] Hotspot 20 "Chunnambar Boathouse" → DESTINATION (matches "Pondicherry")
[2025-12-11T13:07:24.329Z] [fetchSelectedHotspots] Hotspot 21 "The Basilica of the Sacred Heart of Jesus" → DESTINATION (matches "Pondicherry")
[2025-12-11T13:07:24.399Z] [fetchSelectedHotspots] Hotspot 24 "The Pondicherry Museum" → DESTINATION (matches "Pondicherry")
[2025-12-11T13:07:24.444Z] [fetchSelectedHotspots] Hotspot 25 "Manakula Vinayagar Temple" → DESTINATION (matches "Pondicherry")
[2025-12-11T13:07:24.487Z] [fetchSelectedHotspots] Hotspot 277 "Pondicherry Backwater" → DESTINATION (matches "Pondicherry")
[2025-12-11T13:07:24.605Z] [fetchSelectedHotspots] Hotspot 544 "Shri Ashtalakshmi Temple" → SOURCE (matches "Chennai")
[2025-12-11T13:07:24.690Z] [fetchSelectedHotspots] Hotspot 669 "Eden Beach - Blue flag Beach" → DESTINATION (matches "Pondicherry" - PRIMARY)
[2025-12-11T13:07:24.800Z] [fetchSelectedHotspots] Hotspot 676 "Botanical Garden" → DESTINATION (matches "Pondicherry" - PRIMARY)
[2025-12-11T13:07:24.892Z] [fetchSelectedHotspots] Hotspot 677 "Bharathi Park &amp; Aayi Mandapam" → DESTINATION (matches "Pondicherry" - PRIMARY)
[2025-12-11T13:07:25.013Z] [fetchSelectedHotspots] Hotspot 678 "French Colony" → DESTINATION (matches "Pondicherry" - PRIMARY)
[2025-12-11T13:07:25.065Z] [fetchSelectedHotspots] Hotspot 679 "Pondi Marina Beach" → DESTINATION (matches "Pondicherry" - PRIMARY)
[2025-12-11T13:07:25.109Z] [fetchSelectedHotspots] Filtered 1 priority-0 SOURCE hotspots (3 → 2)
[2025-12-11T13:07:25.186Z] [fetchSelectedHotspots] Categorized: source=2, destination=13, via=0
[2025-12-11T13:07:25.235Z] [fetchSelectedHotspots] direct_to_next_visiting_place=0: Processing SOURCE → DESTINATION → VIA
[2025-12-11T13:07:25.313Z] [fetchSelectedHotspots] Matched 15 hotspots after PHP ordering
[2025-12-11T13:07:25.356Z] [fetchSelectedHotspots] First 5 hotspots (sorted): ID=4 "Kapaleeshwarar Temple" priority=1 distance=19.94km, ID=5 "Marina Beach" priority=2 distance=22.47km, ID=18 "Auroville" priority=1 distance=171.53km, ID=25 "Manakula Vinayagar Temple" priority=2 distance=182.13km, ID=21 "The Basilica of the Sacred Heart of Jesus" priority=4 distance=184.07km
[2025-12-11T13:07:25.413Z] [fetchSelectedHotspots] Matched 15 hotspots for route 612
[2025-12-11T13:07:25.463Z] [Timeline] Route 612: Selected 15 hotspots
[2025-12-11T13:07:25.534Z] [Timeline] Route 612 - currentTime: 09:00:00, routeEndTime: 20:00:00, routeEndSeconds: 72000
[2025-12-11T13:07:25.611Z] [Timeline] Hotspot 4 - currentSeconds: 32400, routeEndSeconds: 72000
[2025-12-11T13:07:25.654Z] [Timeline] Processing hotspot 4 for route 612
[2025-12-11T13:07:25.741Z] [Timeline] Hotspot 4 coords: lat=13.033798514213936, lon=80.26977915213011
[2025-12-11T13:07:26.047Z] [Timeline] Checking operating hours for hotspot 4: visit window 09:13:00-10:13:00 on day 5
[2025-12-11T13:07:26.121Z] [Timeline] Hotspot 4 check window: 05:30:00-12:00:00, visit: 09:13:00-10:13:00
[2025-12-11T13:07:26.158Z] [Timeline] Hotspot 4 operating hours OK - entire visit 09:13:00-10:13:00 fits in 05:30:00-12:00:00
[2025-12-11T13:07:26.215Z] [Timeline] Hotspot 4 operating hours OK
[2025-12-11T13:07:26.257Z] [Timeline] Travel type for "Chennai" -> "Chennai International Airport|Chennai Domestic Airport|Chennai Central|Chennai|Chennai Egmore Station|Chennai Koyembedu|ECR Beach, Chennai, Tamil Nadu": 1 (1=local, 2=outstation)
[2025-12-11T13:07:26.651Z] [Timeline] Building hotspot row for hotspot_ID=4
[2025-12-11T13:07:26.727Z] [Timeline] Built hotspot row: item_type=4, hotspot_ID=4, order=2
[2025-12-11T13:07:26.879Z] [Timeline] Hotspot 5 - currentSeconds: 36780, routeEndSeconds: 72000
[2025-12-11T13:07:26.920Z] [Timeline] Processing hotspot 5 for route 612
[2025-12-11T13:07:26.957Z] [Timeline] Skipping hotspot 5 - already added to plan 5
[2025-12-11T13:07:27.029Z] [Timeline] Hotspot 18 - currentSeconds: 36780, routeEndSeconds: 72000
[2025-12-11T13:07:27.068Z] [Timeline] Processing hotspot 18 for route 612
[2025-12-11T13:07:27.125Z] [Timeline] Hotspot 18 coords: lat=12.008342334177776, lon=79.81781931258232
[2025-12-11T13:07:27.473Z] [Timeline] Checking operating hours for hotspot 18: visit window 13:19:00-15:19:00 on day 5
[2025-12-11T13:07:27.560Z] [Timeline] Hotspot 18 check window: 09:00:00-13:00:00, visit: 13:19:00-15:19:00
[2025-12-11T13:07:27.630Z] [Timeline] Hotspot 18 check window: 13:30:00-17:00:00, visit: 13:19:00-15:19:00
[2025-12-11T13:07:27.667Z] [Timeline] Hotspot 18 operating hours check FAILED - visit 13:19:00-15:19:00 doesn't fit in any window
[2025-12-11T13:07:27.730Z] [Timeline] Hotspot 18 not open during visit window 13:19:00-15:19:00 on day 5, skipping
[2025-12-11T13:07:27.771Z] [Timeline] Hotspot 25 - currentSeconds: 36780, routeEndSeconds: 72000
[2025-12-11T13:07:27.838Z] [Timeline] Processing hotspot 25 for route 612
[2025-12-11T13:07:27.908Z] [Timeline] Hotspot 25 coords: lat=11.936184966220257, lon=79.83484226674099
[2025-12-11T13:07:28.289Z] [Timeline] Checking operating hours for hotspot 25: visit window 13:29:00-13:59:00 on day 5
[2025-12-11T13:07:28.371Z] [Timeline] Hotspot 25 check window: 17:45:00-12:30:00, visit: 13:29:00-13:59:00
[2025-12-11T13:07:28.417Z] [Timeline] Hotspot 25 check window: 16:00:00-20:00:00, visit: 13:29:00-13:59:00
[2025-12-11T13:07:28.471Z] [Timeline] Hotspot 25 operating hours check FAILED - visit 13:29:00-13:59:00 doesn't fit in any window
[2025-12-11T13:07:28.530Z] [Timeline] Hotspot 25 not open during visit window 13:29:00-13:59:00 on day 5, skipping
[2025-12-11T13:07:28.621Z] [Timeline] Hotspot 21 - currentSeconds: 36780, routeEndSeconds: 72000
[2025-12-11T13:07:28.696Z] [Timeline] Processing hotspot 21 for route 612
[2025-12-11T13:07:28.756Z] [Timeline] Hotspot 21 coords: lat=11.926178758041798, lon=79.82779781515121
[2025-12-11T13:07:29.098Z] [Timeline] Checking operating hours for hotspot 21: visit window 13:31:00-14:01:00 on day 5
[2025-12-11T13:07:29.166Z] [Timeline] Hotspot 21 check window: 06:00:00-19:00:00, visit: 13:31:00-14:01:00
[2025-12-11T13:07:29.204Z] [Timeline] Hotspot 21 operating hours OK - entire visit 13:31:00-14:01:00 fits in 06:00:00-19:00:00
[2025-12-11T13:07:29.250Z] [Timeline] Hotspot 21 operating hours OK
[2025-12-11T13:07:29.323Z] [Timeline] Travel type for "Chennai International Airport|Chennai Domestic Airport|Chennai Central|Chennai|Chennai Egmore Station|Chennai Koyembedu|ECR Beach, Chennai, Tamil Nadu" -> "Pondicherry Airport|Pondicherry": 2 (1=local, 2=outstation)
[2025-12-11T13:07:29.729Z] [Timeline] Building hotspot row for hotspot_ID=21
[2025-12-11T13:07:29.824Z] [Timeline] Built hotspot row: item_type=4, hotspot_ID=21, order=3
[2025-12-11T13:07:29.955Z] [Timeline] Hotspot 20 - currentSeconds: 50460, routeEndSeconds: 72000
[2025-12-11T13:07:30.010Z] [Timeline] Processing hotspot 20 for route 612
[2025-12-11T13:07:30.089Z] [Timeline] Hotspot 20 coords: lat=11.883875481616602, lon=79.80141705562612
[2025-12-11T13:07:30.464Z] [Timeline] Checking operating hours for hotspot 20: visit window 14:13:00-15:13:00 on day 5
[2025-12-11T13:07:30.555Z] [Timeline] Hotspot 20 check window: 09:30:00-16:00:00, visit: 14:13:00-15:13:00
[2025-12-11T13:07:30.602Z] [Timeline] Hotspot 20 operating hours OK - entire visit 14:13:00-15:13:00 fits in 09:30:00-16:00:00
[2025-12-11T13:07:30.667Z] [Timeline] Hotspot 20 operating hours OK
[2025-12-11T13:07:30.717Z] [Timeline] Travel type for "Pondicherry Airport|Pondicherry" -> "Pondicherry Airport|Pondicherry": 1 (1=local, 2=outstation)
[2025-12-11T13:07:31.280Z] [Timeline] Building hotspot row for hotspot_ID=20
[2025-12-11T13:07:31.428Z] [Timeline] Built hotspot row: item_type=4, hotspot_ID=20, order=4
[2025-12-11T13:07:31.596Z] [Timeline] Hotspot 19 - currentSeconds: 54780, routeEndSeconds: 72000
[2025-12-11T13:07:31.636Z] [Timeline] Processing hotspot 19 for route 612
[2025-12-11T13:07:31.696Z] [Timeline] Hotspot 19 coords: lat=11.931203427435934, lon=79.83580349426904
[2025-12-11T13:07:32.254Z] [Timeline] Checking operating hours for hotspot 19: visit window 15:28:00-16:28:00 on day 5
[2025-12-11T13:07:32.336Z] [Timeline] Hotspot 19 check window: 06:00:00-20:00:00, visit: 15:28:00-16:28:00
[2025-12-11T13:07:32.382Z] [Timeline] Hotspot 19 operating hours OK - entire visit 15:28:00-16:28:00 fits in 06:00:00-20:00:00
[2025-12-11T13:07:32.430Z] [Timeline] Hotspot 19 operating hours OK
[2025-12-11T13:07:32.487Z] [Timeline] Travel type for "Pondicherry Airport|Pondicherry" -> "Pondicherry Airport|Pondicherry": 1 (1=local, 2=outstation)
[2025-12-11T13:07:32.846Z] [Timeline] Building hotspot row for hotspot_ID=19
[2025-12-11T13:07:32.917Z] [Timeline] Built hotspot row: item_type=4, hotspot_ID=19, order=5
[2025-12-11T13:07:32.982Z] [Timeline] Hotspot 17 - currentSeconds: 59280, routeEndSeconds: 72000
[2025-12-11T13:07:32.998Z] [Timeline] Processing hotspot 17 for route 612
[2025-12-11T13:07:33.070Z] [Timeline] Hotspot 17 coords: lat=11.936929030828965, lon=79.83477998559515
[2025-12-11T13:07:33.369Z] [Timeline] Checking operating hours for hotspot 17: visit window 16:29:00-17:29:00 on day 5
[2025-12-11T13:07:33.429Z] [Timeline] Hotspot 17 check window: 10:30:00-19:00:00, visit: 16:29:00-17:29:00
[2025-12-11T13:07:33.470Z] [Timeline] Hotspot 17 operating hours OK - entire visit 16:29:00-17:29:00 fits in 10:30:00-19:00:00
[2025-12-11T13:07:33.552Z] [Timeline] Hotspot 17 operating hours OK
[2025-12-11T13:07:33.591Z] [Timeline] Travel type for "Pondicherry Airport|Pondicherry" -> "Pondicherry Airport|Pondicherry": 1 (1=local, 2=outstation)
[2025-12-11T13:07:33.935Z] [Timeline] Building hotspot row for hotspot_ID=17
[2025-12-11T13:07:33.979Z] [Timeline] Built hotspot row: item_type=4, hotspot_ID=17, order=6
[2025-12-11T13:07:34.094Z] [Timeline] Hotspot 676 - currentSeconds: 62940, routeEndSeconds: 72000
[2025-12-11T13:07:34.134Z] [Timeline] Processing hotspot 676 for route 612
[2025-12-11T13:07:34.251Z] [Timeline] Hotspot 676 coords: lat=11.930177048465467, lon=79.8224313245787
[2025-12-11T13:07:34.596Z] [Timeline] Checking operating hours for hotspot 676: visit window 17:32:00-18:32:00 on day 5
[2025-12-11T13:07:34.663Z] [Timeline] Hotspot 676 check window: 10:00:00-17:00:00, visit: 17:32:00-18:32:00
[2025-12-11T13:07:34.723Z] [Timeline] Hotspot 676 operating hours check FAILED - visit 17:32:00-18:32:00 doesn't fit in any window
[2025-12-11T13:07:34.761Z] [Timeline] Hotspot 676 not open during visit window 17:32:00-18:32:00 on day 5, skipping
[2025-12-11T13:07:34.811Z] [Timeline] Hotspot 24 - currentSeconds: 62940, routeEndSeconds: 72000
[2025-12-11T13:07:34.857Z] [Timeline] Processing hotspot 24 for route 612
[2025-12-11T13:07:34.916Z] [Timeline] Hotspot 24 coords: lat=11.934656339062595, lon=79.83484999477534
[2025-12-11T13:07:35.256Z] [Timeline] Checking operating hours for hotspot 24: visit window 17:30:00-18:00:00 on day 5
[2025-12-11T13:07:35.318Z] [Timeline] Hotspot 24 check window: 09:00:00-18:00:00, visit: 17:30:00-18:00:00
[2025-12-11T13:07:35.376Z] [Timeline] Hotspot 24 operating hours OK - entire visit 17:30:00-18:00:00 fits in 09:00:00-18:00:00
[2025-12-11T13:07:35.432Z] [Timeline] Hotspot 24 operating hours OK
[2025-12-11T13:07:35.495Z] [Timeline] Travel type for "Pondicherry Airport|Pondicherry" -> "Pondicherry Airport|Pondicherry": 1 (1=local, 2=outstation)
[2025-12-11T13:07:35.838Z] [Timeline] Building hotspot row for hotspot_ID=24
[2025-12-11T13:07:35.923Z] [Timeline] Built hotspot row: item_type=4, hotspot_ID=24, order=7
[2025-12-11T13:07:36.010Z] [Timeline] Hotspot 277 - currentSeconds: 64800, routeEndSeconds: 72000
[2025-12-11T13:07:36.048Z] [Timeline] Processing hotspot 277 for route 612
[2025-12-11T13:07:36.130Z] [Timeline] Hotspot 277 coords: lat=11.916309213225349, lon=79.82433098120615
[2025-12-11T13:07:36.473Z] [Timeline] Checking operating hours for hotspot 277: visit window 18:05:00-21:05:00 on day 5
[2025-12-11T13:07:36.586Z] [Timeline] Hotspot 277 check window: 09:00:00-18:00:00, visit: 18:05:00-21:05:00
[2025-12-11T13:07:36.624Z] [Timeline] Hotspot 277 operating hours check FAILED - visit 18:05:00-21:05:00 doesn't fit in any window
[2025-12-11T13:07:36.698Z] [Timeline] Hotspot 277 not open during visit window 18:05:00-21:05:00 on day 5, skipping
[2025-12-11T13:07:36.739Z] [Timeline] Hotspot 669 - currentSeconds: 64800, routeEndSeconds: 72000
[2025-12-11T13:07:36.796Z] [Timeline] Processing hotspot 669 for route 612
[2025-12-11T13:07:36.876Z] [Timeline] Hotspot 669 coords: lat=11.882310987345338, lon=79.8244548517534
[2025-12-11T13:07:37.182Z] [Timeline] Checking operating hours for hotspot 669: visit window 18:13:00-19:13:00 on day 5
[2025-12-11T13:07:37.282Z] [Timeline] Hotspot 669 check window: 06:00:00-18:00:00, visit: 18:13:00-19:13:00
[2025-12-11T13:07:37.324Z] [Timeline] Hotspot 669 operating hours check FAILED - visit 18:13:00-19:13:00 doesn't fit in any window
[2025-12-11T13:07:37.384Z] [Timeline] Hotspot 669 not open during visit window 18:13:00-19:13:00 on day 5, skipping
[2025-12-11T13:07:37.428Z] [Timeline] Hotspot 677 - currentSeconds: 64800, routeEndSeconds: 72000
[2025-12-11T13:07:37.470Z] [Timeline] Processing hotspot 677 for route 612
[2025-12-11T13:07:37.545Z] [Timeline] Hotspot 677 coords: lat=11.933029585291068, lon=79.83418306595088
[2025-12-11T13:07:37.910Z] [Timeline] Checking operating hours for hotspot 677: visit window 18:00:00-18:45:00 on day 5
[2025-12-11T13:07:37.962Z] [Timeline] Hotspot 677 check window: 06:00:00-19:00:00, visit: 18:00:00-18:45:00
[2025-12-11T13:07:38.016Z] [Timeline] Hotspot 677 operating hours OK - entire visit 18:00:00-18:45:00 fits in 06:00:00-19:00:00
[2025-12-11T13:07:38.057Z] [Timeline] Hotspot 677 operating hours OK
[2025-12-11T13:07:38.131Z] [Timeline] Travel type for "Pondicherry Airport|Pondicherry" -> "Pondicherry|Pondicherry Airport": 1 (1=local, 2=outstation)
[2025-12-11T13:07:38.466Z] [Timeline] Building hotspot row for hotspot_ID=677
[2025-12-11T13:07:38.566Z] [Timeline] Built hotspot row: item_type=4, hotspot_ID=677, order=8
[2025-12-11T13:07:38.652Z] [Timeline] Hotspot 678 - currentSeconds: 67500, routeEndSeconds: 72000
[2025-12-11T13:07:38.700Z] [Timeline] Processing hotspot 678 for route 612
[2025-12-11T13:07:38.756Z] [Timeline] Hotspot 678 coords: lat=11.928492248303817, lon=79.83303242117643
[2025-12-11T13:07:39.128Z] [Timeline] Checking operating hours for hotspot 678: visit window 18:46:00-19:46:00 on day 5
[2025-12-11T13:07:39.204Z] [Timeline] Hotspot 678 operating hours OK
[2025-12-11T13:07:39.239Z] [Timeline] Travel type for "Pondicherry|Pondicherry Airport" -> "Pondicherry|Pondicherry Airport": 1 (1=local, 2=outstation)
[2025-12-11T13:07:39.577Z] [Timeline] Building hotspot row for hotspot_ID=678
[2025-12-11T13:07:39.634Z] [Timeline] Built hotspot row: item_type=4, hotspot_ID=678, order=9
[2025-12-11T13:07:39.711Z] [Timeline] Hotspot 679 - currentSeconds: 71160, routeEndSeconds: 72000
[2025-12-11T13:07:39.747Z] [Timeline] Processing hotspot 679 for route 612
[2025-12-11T13:07:39.790Z] [Timeline] Hotspot 679 coords: lat=11.913052113056816, lon=79.82932149874199
[2025-12-11T13:07:40.187Z] [Timeline] Checking operating hours for hotspot 679: visit window 19:50:00-20:20:00 on day 5
[2025-12-11T13:07:40.300Z] [Timeline] Hotspot 679 operating hours OK
[2025-12-11T13:07:40.362Z] [Timeline] Travel type for "Pondicherry|Pondicherry Airport" -> "Pondicherry|Pondicherry Airport": 1 (1=local, 2=outstation)
[2025-12-11T13:07:40.714Z] [Timeline] Building hotspot row for hotspot_ID=679
[2025-12-11T13:07:40.788Z] [Timeline] Built hotspot row: item_type=4, hotspot_ID=679, order=10
[2025-12-11T13:07:40.946Z] [Timeline] Route 613 (Pondicherry → Pondicherry Airport): routeStartTime=08:00:00, routeEndTime=20:00:00, direct_to_next=0
[2025-12-11T13:07:41.017Z] [Timeline] Route 613 starting coords from location_id 5922: (11.9415915, 79.8083133)
[2025-12-11T13:07:41.095Z] [Timeline] Route 613 - Skipping refreshment row (last route) but advancing time by 01:00:00 to 09:00:00
[2025-12-11T13:07:41.210Z] [fetchSelectedHotspots] route 613 target="Pondicherry" next="Pondicherry Airport" dow=6
[2025-12-11T13:07:41.540Z] [fetchSelectedHotspots] Found 583 total active hotspots
[2025-12-11T13:07:41.699Z] [fetchSelectedHotspots] Loaded operating hours for 584 hotspots
[2025-12-11T13:07:41.737Z] [fetchSelectedHotspots] direct_to_next_visiting_place=0
[2025-12-11T13:07:41.790Z] [fetchSelectedHotspots] source="Pondicherry", destination="Pondicherry Airport"
[2025-12-11T13:07:41.876Z] [fetchSelectedHotspots] Starting coords from stored_locations: (13.0827989, 80.2754246)
[2025-12-11T13:07:41.917Z] [fetchSelectedHotspots] Hotspot 16 "Paradise Beach" → DESTINATION (matches "Pondicherry Airport" - PRIMARY - ONLY)
[2025-12-11T13:07:41.985Z] [fetchSelectedHotspots] Hotspot 17 "Sri Aurobindo Ashram" → DESTINATION (matches "Pondicherry Airport" - PRIMARY)
[2025-12-11T13:07:42.029Z] [fetchSelectedHotspots] Hotspot 18 "Auroville" → DESTINATION (matches "Pondicherry Airport" - PRIMARY)
[2025-12-11T13:07:42.074Z] [fetchSelectedHotspots] Hotspot 19 "Promenade Beach" → DESTINATION (matches "Pondicherry Airport" - PRIMARY)
[2025-12-11T13:07:42.130Z] [fetchSelectedHotspots] Hotspot 20 "Chunnambar Boathouse" → DESTINATION (matches "Pondicherry Airport" - PRIMARY)
[2025-12-11T13:07:42.185Z] [fetchSelectedHotspots] Hotspot 21 "The Basilica of the Sacred Heart of Jesus" → DESTINATION (matches "Pondicherry Airport" - PRIMARY)
[2025-12-11T13:07:42.239Z] [fetchSelectedHotspots] Hotspot 23 "French War Memorial" → DESTINATION (matches "Pondicherry Airport" - PRIMARY - ONLY)
[2025-12-11T13:07:42.298Z] [fetchSelectedHotspots] Hotspot 24 "The Pondicherry Museum" → DESTINATION (matches "Pondicherry Airport" - PRIMARY)
[2025-12-11T13:07:42.345Z] [fetchSelectedHotspots] Hotspot 25 "Manakula Vinayagar Temple" → DESTINATION (matches "Pondicherry Airport" - PRIMARY)
[2025-12-11T13:07:42.410Z] [fetchSelectedHotspots] Hotspot 277 "Pondicherry Backwater" → DESTINATION (matches "Pondicherry Airport" - PRIMARY)
[2025-12-11T13:07:42.427Z] [fetchSelectedHotspots] Hotspot 669 "Eden Beach - Blue flag Beach" → SOURCE (matches "Pondicherry" - PRIMARY)
[2025-12-11T13:07:42.486Z] [fetchSelectedHotspots] Hotspot 669 "Eden Beach - Blue flag Beach" → DESTINATION (matches "Pondicherry Airport")
[2025-12-11T13:07:42.559Z] [fetchSelectedHotspots] Hotspot 676 "Botanical Garden" → SOURCE (matches "Pondicherry" - PRIMARY)
[2025-12-11T13:07:42.600Z] [fetchSelectedHotspots] Hotspot 676 "Botanical Garden" → DESTINATION (matches "Pondicherry Airport")
[2025-12-11T13:07:42.649Z] [fetchSelectedHotspots] Hotspot 677 "Bharathi Park &amp; Aayi Mandapam" → SOURCE (matches "Pondicherry" - PRIMARY)
[2025-12-11T13:07:42.698Z] [fetchSelectedHotspots] Hotspot 677 "Bharathi Park &amp; Aayi Mandapam" → DESTINATION (matches "Pondicherry Airport")
[2025-12-11T13:07:42.756Z] [fetchSelectedHotspots] Hotspot 678 "French Colony" → SOURCE (matches "Pondicherry" - PRIMARY)
[2025-12-11T13:07:42.794Z] [fetchSelectedHotspots] Hotspot 678 "French Colony" → DESTINATION (matches "Pondicherry Airport")
[2025-12-11T13:07:42.846Z] [fetchSelectedHotspots] Hotspot 679 "Pondi Marina Beach" → SOURCE (matches "Pondicherry" - PRIMARY)
[2025-12-11T13:07:42.900Z] [fetchSelectedHotspots] Hotspot 679 "Pondi Marina Beach" → DESTINATION (matches "Pondicherry Airport")
[2025-12-11T13:07:42.941Z] [fetchSelectedHotspots] Filtered 5 priority-0 SOURCE hotspots (5 → 0)
[2025-12-11T13:07:42.997Z] [fetchSelectedHotspots] Categorized: source=0, destination=15, via=0
[2025-12-11T13:07:43.046Z] [fetchSelectedHotspots] direct_to_next_visiting_place=0: Processing SOURCE → DESTINATION → VIA
[2025-12-11T13:07:43.110Z] [fetchSelectedHotspots] Matched 15 hotspots after PHP ordering
[2025-12-11T13:07:43.162Z] [fetchSelectedHotspots] First 5 hotspots (sorted): ID=18 "Auroville" priority=1 distance=194.08km, ID=16 "Paradise Beach" priority=1 distance=209.31km, ID=25 "Manakula Vinayagar Temple" priority=2 distance=204.26km, ID=23 "French War Memorial" priority=3 distance=204.86km, ID=21 "The Basilica of the Sacred Heart of Jesus" priority=4 distance=206.23km
[2025-12-11T13:07:43.228Z] [fetchSelectedHotspots] Matched 15 hotspots for route 613
[2025-12-11T13:07:43.266Z] [Timeline] Route 613: Selected 15 hotspots
[2025-12-11T13:07:43.311Z] [Timeline] Route 613 - currentTime: 09:00:00, routeEndTime: 20:00:00, routeEndSeconds: 72000
[2025-12-11T13:07:43.364Z] [Timeline] Hotspot 18 - currentSeconds: 32400, routeEndSeconds: 72000
[2025-12-11T13:07:43.418Z] [Timeline] Processing hotspot 18 for route 613
[2025-12-11T13:07:43.472Z] [Timeline] Hotspot 18 coords: lat=12.008342334177776, lon=79.81781931258232
[2025-12-11T13:07:43.852Z] [Timeline] Checking operating hours for hotspot 18: visit window 09:17:00-11:17:00 on day 6
[2025-12-11T13:07:43.908Z] [Timeline] Hotspot 18 check window: 09:00:00-13:00:00, visit: 09:17:00-11:17:00
[2025-12-11T13:07:43.966Z] [Timeline] Hotspot 18 operating hours OK - entire visit 09:17:00-11:17:00 fits in 09:00:00-13:00:00
[2025-12-11T13:07:44.016Z] [Timeline] Hotspot 18 operating hours OK
[2025-12-11T13:07:44.066Z] [Timeline] Travel type for "Pondicherry" -> "Pondicherry Airport|Pondicherry": 1 (1=local, 2=outstation)
[2025-12-11T13:07:44.425Z] [Timeline] Building hotspot row for hotspot_ID=18
[2025-12-11T13:07:44.496Z] [Timeline] Built hotspot row: item_type=4, hotspot_ID=18, order=2
[2025-12-11T13:07:44.628Z] [Timeline] Hotspot 16 - currentSeconds: 40620, routeEndSeconds: 72000
[2025-12-11T13:07:44.686Z] [Timeline] Processing hotspot 16 for route 613
[2025-12-11T13:07:44.765Z] [Timeline] Hotspot 16 coords: lat=11.894346668881749, lon=79.86265715952393
[2025-12-11T13:07:45.089Z] [Timeline] Checking operating hours for hotspot 16: visit window 11:48:00-12:18:00 on day 6
[2025-12-11T13:07:45.163Z] [Timeline] Hotspot 16 check window: 09:00:00-18:00:00, visit: 11:48:00-12:18:00
[2025-12-11T13:07:45.213Z] [Timeline] Hotspot 16 operating hours OK - entire visit 11:48:00-12:18:00 fits in 09:00:00-18:00:00
[2025-12-11T13:07:45.251Z] [Timeline] Hotspot 16 operating hours OK
[2025-12-11T13:07:45.312Z] [Timeline] Travel type for "Pondicherry Airport|Pondicherry" -> "Pondicherry Airport": 1 (1=local, 2=outstation)
[2025-12-11T13:07:45.646Z] [Timeline] Building hotspot row for hotspot_ID=16
[2025-12-11T13:07:45.711Z] [Timeline] Built hotspot row: item_type=4, hotspot_ID=16, order=3
[2025-12-11T13:07:45.856Z] [Timeline] Hotspot 25 - currentSeconds: 44280, routeEndSeconds: 72000
[2025-12-11T13:07:45.893Z] [Timeline] Processing hotspot 25 for route 613
[2025-12-11T13:07:45.953Z] [Timeline] Hotspot 25 coords: lat=11.936184966220257, lon=79.83484226674099
[2025-12-11T13:07:46.231Z] [Timeline] Checking operating hours for hotspot 25: visit window 12:30:00-13:00:00 on day 6
[2025-12-11T13:07:46.305Z] [Timeline] Hotspot 25 check window: 05:45:00-12:30:00, visit: 12:30:00-13:00:00
[2025-12-11T13:07:46.346Z] [Timeline] Hotspot 25 check window: 16:00:00-20:00:00, visit: 12:30:00-13:00:00
[2025-12-11T13:07:46.387Z] [Timeline] Hotspot 25 operating hours check FAILED - visit 12:30:00-13:00:00 doesn't fit in any window
[2025-12-11T13:07:46.445Z] [Timeline] Hotspot 25 not open during visit window 12:30:00-13:00:00 on day 6, skipping
[2025-12-11T13:07:46.483Z] [Timeline] Hotspot 23 - currentSeconds: 44280, routeEndSeconds: 72000
[2025-12-11T13:07:46.552Z] [Timeline] Processing hotspot 23 for route 613
[2025-12-11T13:07:46.666Z] [Timeline] Hotspot 23 coords: lat=11.93212951685565, lon=79.83535346593922
[2025-12-11T13:07:46.735Z] [Timeline] Checking operating hours for hotspot 23: visit window 12:18:00-12:38:00 on day 6
[2025-12-11T13:07:46.812Z] [Timeline] Hotspot 23 operating hours OK
[2025-12-11T13:07:46.861Z] [Timeline] Travel type for "Pondicherry Airport" -> "Pondicherry Airport": 1 (1=local, 2=outstation)
[2025-12-11T13:07:46.966Z] [Timeline] Building hotspot row for hotspot_ID=23
[2025-12-11T13:07:47.030Z] [Timeline] Built hotspot row: item_type=4, hotspot_ID=23, order=4
[2025-12-11T13:07:47.130Z] [Timeline] Hotspot 21 - currentSeconds: 45480, routeEndSeconds: 72000
[2025-12-11T13:07:47.171Z] [Timeline] Processing hotspot 21 for route 613
[2025-12-11T13:07:47.215Z] [Timeline] Skipping hotspot 21 - already added to plan 5
[2025-12-11T13:07:47.256Z] [Timeline] Hotspot 20 - currentSeconds: 45480, routeEndSeconds: 72000
[2025-12-11T13:07:47.313Z] [Timeline] Processing hotspot 20 for route 613
[2025-12-11T13:07:47.360Z] [Timeline] Skipping hotspot 20 - already added to plan 5
[2025-12-11T13:07:47.406Z] [Timeline] Hotspot 19 - currentSeconds: 45480, routeEndSeconds: 72000
[2025-12-11T13:07:47.448Z] [Timeline] Processing hotspot 19 for route 613
[2025-12-11T13:07:47.494Z] [Timeline] Skipping hotspot 19 - already added to plan 5
[2025-12-11T13:07:47.575Z] [Timeline] Hotspot 17 - currentSeconds: 45480, routeEndSeconds: 72000
[2025-12-11T13:07:47.625Z] [Timeline] Processing hotspot 17 for route 613
[2025-12-11T13:07:47.672Z] [Timeline] Skipping hotspot 17 - already added to plan 5
[2025-12-11T13:07:47.725Z] [Timeline] Hotspot 676 - currentSeconds: 45480, routeEndSeconds: 72000
[2025-12-11T13:07:47.770Z] [Timeline] Processing hotspot 676 for route 613
[2025-12-11T13:07:47.862Z] [Timeline] Hotspot 676 coords: lat=11.930177048465467, lon=79.8224313245787
[2025-12-11T13:07:48.169Z] [Timeline] Checking operating hours for hotspot 676: visit window 12:41:00-13:41:00 on day 6
[2025-12-11T13:07:48.272Z] [Timeline] Hotspot 676 check window: 10:00:00-17:00:00, visit: 12:41:00-13:41:00
[2025-12-11T13:07:48.315Z] [Timeline] Hotspot 676 operating hours OK - entire visit 12:41:00-13:41:00 fits in 10:00:00-17:00:00
[2025-12-11T13:07:48.355Z] [Timeline] Hotspot 676 operating hours OK
[2025-12-11T13:07:48.396Z] [Timeline] Travel type for "Pondicherry Airport" -> "Pondicherry|Pondicherry Airport": 1 (1=local, 2=outstation)
[2025-12-11T13:07:48.780Z] [Timeline] Building hotspot row for hotspot_ID=676
[2025-12-11T13:07:48.865Z] [Timeline] Built hotspot row: item_type=4, hotspot_ID=676, order=5
[2025-12-11T13:07:48.978Z] [Timeline] Hotspot 24 - currentSeconds: 49260, routeEndSeconds: 72000
[2025-12-11T13:07:49.036Z] [Timeline] Processing hotspot 24 for route 613
[2025-12-11T13:07:49.077Z] [Timeline] Skipping hotspot 24 - already added to plan 5
[2025-12-11T13:07:49.127Z] [Timeline] Hotspot 277 - currentSeconds: 49260, routeEndSeconds: 72000
[2025-12-11T13:07:49.169Z] [Timeline] Processing hotspot 277 for route 613
[2025-12-11T13:07:49.237Z] [Timeline] Hotspot 277 coords: lat=11.916309213225349, lon=79.82433098120615
[2025-12-11T13:07:49.660Z] [Timeline] Checking operating hours for hotspot 277: visit window 13:45:00-16:45:00 on day 6
[2025-12-11T13:07:49.870Z] [Timeline] Hotspot 277 check window: 09:00:00-18:00:00, visit: 13:45:00-16:45:00
[2025-12-11T13:07:49.945Z] [Timeline] Hotspot 277 operating hours OK - entire visit 13:45:00-16:45:00 fits in 09:00:00-18:00:00
[2025-12-11T13:07:50.003Z] [Timeline] Hotspot 277 operating hours OK
[2025-12-11T13:07:50.062Z] [Timeline] Travel type for "Pondicherry|Pondicherry Airport" -> "Pondicherry Airport|Pondicherry": 1 (1=local, 2=outstation)
[2025-12-11T13:07:50.352Z] [Timeline] Building hotspot row for hotspot_ID=277
[2025-12-11T13:07:50.430Z] [Timeline] Built hotspot row: item_type=4, hotspot_ID=277, order=6
[2025-12-11T13:07:50.602Z] [Timeline] Hotspot 669 - currentSeconds: 60300, routeEndSeconds: 72000
[2025-12-11T13:07:50.636Z] [Timeline] Processing hotspot 669 for route 613
[2025-12-11T13:07:50.697Z] [Timeline] Hotspot 669 coords: lat=11.882310987345338, lon=79.8244548517534
[2025-12-11T13:07:50.995Z] [Timeline] Checking operating hours for hotspot 669: visit window 16:54:00-17:54:00 on day 6
[2025-12-11T13:07:51.037Z] [Timeline] Hotspot 669 check window: 06:00:00-18:00:00, visit: 16:54:00-17:54:00
[2025-12-11T13:07:51.094Z] [Timeline] Hotspot 669 operating hours OK - entire visit 16:54:00-17:54:00 fits in 06:00:00-18:00:00
[2025-12-11T13:07:51.145Z] [Timeline] Hotspot 669 operating hours OK
[2025-12-11T13:07:51.182Z] [Timeline] Travel type for "Pondicherry Airport|Pondicherry" -> "Pondicherry|Pondicherry Airport": 1 (1=local, 2=outstation)
[2025-12-11T13:07:51.475Z] [Timeline] Building hotspot row for hotspot_ID=669
[2025-12-11T13:07:51.544Z] [Timeline] Built hotspot row: item_type=4, hotspot_ID=669, order=7
[2025-12-11T13:07:51.648Z] [Timeline] Hotspot 677 - currentSeconds: 64440, routeEndSeconds: 72000
[2025-12-11T13:07:51.696Z] [Timeline] Processing hotspot 677 for route 613
[2025-12-11T13:07:51.753Z] [Timeline] Skipping hotspot 677 - already added to plan 5
[2025-12-11T13:07:51.803Z] [Timeline] Hotspot 678 - currentSeconds: 64440, routeEndSeconds: 72000
[2025-12-11T13:07:51.848Z] [Timeline] Processing hotspot 678 for route 613
[2025-12-11T13:07:51.892Z] [Timeline] Skipping hotspot 678 - already added to plan 5
[2025-12-11T13:07:51.962Z] [Timeline] Hotspot 679 - currentSeconds: 64440, routeEndSeconds: 72000
[2025-12-11T13:07:52.028Z] [Timeline] Processing hotspot 679 for route 613
[2025-12-11T13:07:52.096Z] [Timeline] Skipping hotspot 679 - already added to plan 5
[2025-12-11T13:07:52.169Z] [Timeline] Route 613 - Skipping hotel rows (last route - PHP behavior)
[2025-12-11T13:07:52.310Z] [Timeline] Returning 39 hotspot rows and 16 parking rows
[2025-12-11T13:07:52.352Z] [Timeline] Hotspot rows item_types: 1, 3, 4, 5, 6, 1, 3, 4, 3, 4, 3, 4, 3, 4, 3, 4, 3, 4, 3, 4, 3, 4, 3, 4, 5, 6, 3, 4, 3, 4, 3, 4, 3, 4, 3, 4, 3, 4, 7
[2025-12-11T13:07:52.409Z] [Timeline] Hotspot rows hotspot_IDs: , 5, 5, 0, 0, , 4, 4, 21, 21, 20, 20, 19, 19, 17, 17, 24, 24, 677, 677, 678, 678, 679, 679, 0, 0, 18, 18, 16, 16, 23, 23, 676, 676, 277, 277, 669, 669, 0
[2025-12-11T13:07:52.484Z] 
=== LOG FILE SAVED TO: D:\wamp64\www\dvi_fullstack\dvi_backend\tmp\hotspot_optimization_1765458359850.log ===

