[2025-12-10T06:10:31.558Z] === HOTSPOT OPTIMIZATION LOG ===
[2025-12-10T06:10:31.559Z] Started at: 2025-12-10T06:10:31.559Z

[2025-12-10T06:10:34.444Z] [Timeline] Route 364 (Chennai International Airport → Chennai): routeStartTime=11:00:00, routeEndTime=20:00:00, direct_to_next=0
[2025-12-10T06:10:34.449Z] [Timeline] Route 364 starting coords from location_id 165946: (12.9811068, 80.159623)
[2025-12-10T06:10:34.457Z] [Timeline] Route 364 - Added refreshment break: 11:00:00 - 12:00:00
[2025-12-10T06:10:34.461Z] [fetchSelectedHotspots] route 364 target="Chennai International Airport" next="Chennai" dow=2
[2025-12-10T06:10:34.528Z] [fetchSelectedHotspots] Found 583 total active hotspots
[2025-12-10T06:10:34.534Z] [fetchSelectedHotspots] direct_to_next_visiting_place=0
[2025-12-10T06:10:34.535Z] [fetchSelectedHotspots] source="Chennai International Airport", destination="Chennai"
[2025-12-10T06:10:34.538Z] [fetchSelectedHotspots] Starting coords from stored_locations: (12.9811068, 80.159623)
[2025-12-10T06:10:34.539Z] [fetchSelectedHotspots] Hotspot 4 "Kapaleeshwarar Temple" → SOURCE (matches "Chennai International Airport")
[2025-12-10T06:10:34.540Z] [fetchSelectedHotspots] Hotspot 4 "Kapaleeshwarar Temple" → DESTINATION (matches "Chennai")
[2025-12-10T06:10:34.540Z] [fetchSelectedHotspots] Hotspot 5 "Marina Beach" → SOURCE (matches "Chennai International Airport")
[2025-12-10T06:10:34.541Z] [fetchSelectedHotspots] Hotspot 5 "Marina Beach" → DESTINATION (matches "Chennai")
[2025-12-10T06:10:34.541Z] [fetchSelectedHotspots] Hotspot 6 "Fort St.George Museum" → SOURCE (matches "Chennai International Airport")
[2025-12-10T06:10:34.542Z] [fetchSelectedHotspots] Hotspot 7 "Government Museum Chennai" → SOURCE (matches "Chennai International Airport")
[2025-12-10T06:10:34.542Z] [fetchSelectedHotspots] Hotspot 8 "Santhome Cathedral Basilica" → SOURCE (matches "Chennai International Airport")
[2025-12-10T06:10:34.543Z] [fetchSelectedHotspots] Hotspot 9 "Thousand Lights Mosque" → SOURCE (matches "Chennai International Airport")
[2025-12-10T06:10:34.543Z] [fetchSelectedHotspots] Hotspot 10 "Guindy National Park" → SOURCE (matches "Chennai International Airport")
[2025-12-10T06:10:34.544Z] [fetchSelectedHotspots] Hotspot 11 "Parthasarathy Temple" → SOURCE (matches "Chennai International Airport")
[2025-12-10T06:10:34.545Z] [fetchSelectedHotspots] Hotspot 12 "Vivekanandar House" → SOURCE (matches "Chennai International Airport")
[2025-12-10T06:10:34.545Z] [fetchSelectedHotspots] Hotspot 13 "Arignar Anna Zoological Park" → SOURCE (matches "Chennai International Airport")
[2025-12-10T06:10:34.554Z] [fetchSelectedHotspots] Hotspot 290 "Vgp snow kingdom" → SOURCE (matches "Chennai International Airport")
[2025-12-10T06:10:34.558Z] [fetchSelectedHotspots] Hotspot 291 "Vgp marine kingdom" → SOURCE (matches "Chennai International Airport")
[2025-12-10T06:10:34.558Z] [fetchSelectedHotspots] Hotspot 292 "Guindy snake park" → SOURCE (matches "Chennai International Airport")
[2025-12-10T06:10:34.559Z] [fetchSelectedHotspots] Hotspot 293 "Queens land" → SOURCE (matches "Chennai International Airport")
[2025-12-10T06:10:34.560Z] [fetchSelectedHotspots] Hotspot 294 "light house marina" → SOURCE (matches "Chennai International Airport")
[2025-12-10T06:10:34.560Z] [fetchSelectedHotspots] Hotspot 296 "Anna tower park" → SOURCE (matches "Chennai International Airport")
[2025-12-10T06:10:34.560Z] [fetchSelectedHotspots] Hotspot 297 "B.M Birla planitourim." → SOURCE (matches "Chennai International Airport")
[2025-12-10T06:10:34.561Z] [fetchSelectedHotspots] Hotspot 298 "Click art museum" → SOURCE (matches "Chennai International Airport")
[2025-12-10T06:10:34.562Z] [fetchSelectedHotspots] Hotspot 299 "National art gallery" → SOURCE (matches "Chennai International Airport")
[2025-12-10T06:10:34.562Z] [fetchSelectedHotspots] Hotspot 300 "M G R  Memorial" → SOURCE (matches "Chennai International Airport")
[2025-12-10T06:10:34.563Z] [fetchSelectedHotspots] Hotspot 303 "Anna memorial." → SOURCE (matches "Chennai International Airport")
[2025-12-10T06:10:34.568Z] [fetchSelectedHotspots] Hotspot 544 "Shri Ashtalakshmi Temple" → SOURCE (matches "Chennai International Airport")
[2025-12-10T06:10:34.569Z] [fetchSelectedHotspots] Hotspot 544 "Shri Ashtalakshmi Temple" → DESTINATION (matches "Chennai")
[2025-12-10T06:10:34.573Z] [fetchSelectedHotspots] Categorized: source=22, destination=3, via=0
[2025-12-10T06:10:34.573Z] [fetchSelectedHotspots] AIRPORT ARRIVAL DETECTED: "Chennai International Airport" → "Chennai"
[2025-12-10T06:10:34.574Z] [fetchSelectedHotspots] direct_to_next_visiting_place=0 + AIRPORT ARRIVAL: Processing DESTINATION → VIA
[2025-12-10T06:10:34.575Z] [fetchSelectedHotspots] Matched 3 hotspots after PHP ordering
[2025-12-10T06:10:34.575Z] [fetchSelectedHotspots] First 5 hotspots (sorted): ID=4 "Kapaleeshwarar Temple" priority=1 distance=19.94km, ID=5 "Marina Beach" priority=2 distance=22.47km, ID=544 "Shri Ashtalakshmi Temple" priority=0 distance=18.11km
[2025-12-10T06:10:34.576Z] [fetchSelectedHotspots] Matched 3 hotspots for route 364
[2025-12-10T06:10:34.577Z] [Timeline] Route 364: Selected 3 hotspots
[2025-12-10T06:10:34.578Z] [Timeline] Route 364 - currentTime: 12:00:00, routeEndTime: 20:00:00, routeEndSeconds: 72000
[2025-12-10T06:10:34.579Z] [Timeline] Hotspot 4 - currentSeconds: 43200, routeEndSeconds: 72000
[2025-12-10T06:10:34.579Z] [Timeline] Processing hotspot 4 for route 364
[2025-12-10T06:10:34.582Z] [Timeline] Hotspot 4 coords: lat=13.033798514213936, lon=80.26977915213011
[2025-12-10T06:10:34.598Z] [Timeline] Checking operating hours for hotspot 4: visit window 12:30:00-19:00:00 on day 2
[2025-12-10T06:10:34.603Z] [Timeline] Hotspot 4 timing window: 05:30:00-12:00:00 (19800s-43200s), visit: 12:30:00-19:00:00 (45000s-68400s)
[2025-12-10T06:10:34.604Z] [Timeline] Hotspot 4 timing window: 16:00:00-20:00:00 (57600s-72000s), visit: 12:30:00-19:00:00 (45000s-68400s)
[2025-12-10T06:10:34.605Z] [Timeline] Hotspot 4 not open during visit window 12:30:00-19:00:00 on day 2, skipping
[2025-12-10T06:10:34.606Z] [Timeline] Hotspot 5 - currentSeconds: 43200, routeEndSeconds: 72000
[2025-12-10T06:10:34.606Z] [Timeline] Processing hotspot 5 for route 364
[2025-12-10T06:10:34.608Z] [Timeline] Hotspot 5 coords: lat=13.051080243192029, lon=80.27775926313883
[2025-12-10T06:10:34.620Z] [Timeline] Checking operating hours for hotspot 5: visit window 12:34:00-19:04:00 on day 2
[2025-12-10T06:10:34.623Z] [Timeline] Hotspot 5 operating hours OK
[2025-12-10T06:10:34.624Z] [Timeline] Travel type for "Chennai International Airport" -> "Chennai International Airport|Chennai Domestic Airport|Chennai Central|Chennai|Chennai Egmore Station|Chennai Koyembedu|ECR Beach, Chennai, Tamil Nadu": 1 (1=local, 2=outstation)
[2025-12-10T06:10:34.634Z] [Timeline] Building hotspot row for hotspot_ID=5
[2025-12-10T06:10:34.638Z] [Timeline] Built hotspot row: item_type=4, hotspot_ID=5, order=3
[2025-12-10T06:10:34.642Z] [Timeline] Hotspot 544 - currentSeconds: 48840, routeEndSeconds: 72000
[2025-12-10T06:10:34.643Z] [Timeline] Processing hotspot 544 for route 364
[2025-12-10T06:10:34.647Z] [Timeline] Hotspot 544 coords: lat=12.993461140291483, lon=80.27030436931474
[2025-12-10T06:10:34.658Z] [Timeline] Checking operating hours for hotspot 544: visit window 13:49:00-25:19:00 on day 2
[2025-12-10T06:10:34.661Z] [Timeline] Hotspot 544 timing window: 06:00:00-12:00:00 (21600s-43200s), visit: 13:49:00-25:19:00 (49740s-91140s)
[2025-12-10T06:10:34.663Z] [Timeline] Hotspot 544 timing window: 16:00:00-20:00:00 (57600s-72000s), visit: 13:49:00-25:19:00 (49740s-91140s)
[2025-12-10T06:10:34.664Z] [Timeline] Hotspot 544 not open during visit window 13:49:00-25:19:00 on day 2, skipping
[2025-12-10T06:10:34.674Z] [Timeline] Route 365 (Chennai → Pondicherry): routeStartTime=08:00:00, routeEndTime=20:00:00, direct_to_next=0
[2025-12-10T06:10:34.676Z] [Timeline] Route 365 starting coords from location_id 762: (13.0843007, 80.2704622)
[2025-12-10T06:10:34.679Z] [Timeline] Route 365 - Added refreshment break: 08:00:00 - 09:00:00
[2025-12-10T06:10:34.682Z] [fetchSelectedHotspots] route 365 target="Chennai" next="Pondicherry" dow=3
[2025-12-10T06:10:34.743Z] [fetchSelectedHotspots] Found 583 total active hotspots
[2025-12-10T06:10:34.743Z] [fetchSelectedHotspots] direct_to_next_visiting_place=0
[2025-12-10T06:10:34.744Z] [fetchSelectedHotspots] source="Chennai", destination="Pondicherry"
[2025-12-10T06:10:34.748Z] [fetchSelectedHotspots] Starting coords from stored_locations: (12.9811068, 80.159623)
[2025-12-10T06:10:34.749Z] [fetchSelectedHotspots] Hotspot 4 "Kapaleeshwarar Temple" → SOURCE (matches "Chennai")
[2025-12-10T06:10:34.750Z] [fetchSelectedHotspots] Hotspot 5 "Marina Beach" → SOURCE (matches "Chennai")
[2025-12-10T06:10:34.750Z] [fetchSelectedHotspots] Hotspot 17 "Sri Aurobindo Ashram" → DESTINATION (matches "Pondicherry")
[2025-12-10T06:10:34.751Z] [fetchSelectedHotspots] Hotspot 18 "Auroville" → DESTINATION (matches "Pondicherry")
[2025-12-10T06:10:34.751Z] [fetchSelectedHotspots] Hotspot 19 "Promenade Beach" → DESTINATION (matches "Pondicherry")
[2025-12-10T06:10:34.752Z] [fetchSelectedHotspots] Hotspot 20 "Chunnambar Boathouse" → DESTINATION (matches "Pondicherry")
[2025-12-10T06:10:34.752Z] [fetchSelectedHotspots] Hotspot 21 "The Basilica of the Sacred Heart of Jesus" → DESTINATION (matches "Pondicherry")
[2025-12-10T06:10:34.753Z] [fetchSelectedHotspots] Hotspot 24 "The Pondicherry Museum" → DESTINATION (matches "Pondicherry")
[2025-12-10T06:10:34.753Z] [fetchSelectedHotspots] Hotspot 25 "Manakula Vinayagar Temple" → DESTINATION (matches "Pondicherry")
[2025-12-10T06:10:34.755Z] [fetchSelectedHotspots] Hotspot 277 "Pondicherry Backwater" → DESTINATION (matches "Pondicherry")
[2025-12-10T06:10:34.761Z] [fetchSelectedHotspots] Hotspot 544 "Shri Ashtalakshmi Temple" → SOURCE (matches "Chennai")
[2025-12-10T06:10:34.763Z] [fetchSelectedHotspots] Hotspot 669 "Eden Beach - Blue flag Beach" → DESTINATION (matches "Pondicherry")
[2025-12-10T06:10:34.763Z] [fetchSelectedHotspots] Hotspot 676 "Botanical Garden" → DESTINATION (matches "Pondicherry")
[2025-12-10T06:10:34.764Z] [fetchSelectedHotspots] Hotspot 677 "Bharathi Park &amp; Aayi Mandapam" → DESTINATION (matches "Pondicherry")
[2025-12-10T06:10:34.765Z] [fetchSelectedHotspots] Hotspot 678 "French Colony" → DESTINATION (matches "Pondicherry")
[2025-12-10T06:10:34.765Z] [fetchSelectedHotspots] Hotspot 679 "Pondi Marina Beach" → DESTINATION (matches "Pondicherry")
[2025-12-10T06:10:34.766Z] [fetchSelectedHotspots] Categorized: source=3, destination=13, via=0
[2025-12-10T06:10:34.766Z] [fetchSelectedHotspots] direct_to_next_visiting_place=0: Processing SOURCE → DESTINATION → VIA
[2025-12-10T06:10:34.767Z] [fetchSelectedHotspots] Matched 16 hotspots after PHP ordering
[2025-12-10T06:10:34.768Z] [fetchSelectedHotspots] First 5 hotspots (sorted): ID=4 "Kapaleeshwarar Temple" priority=1 distance=19.94km, ID=5 "Marina Beach" priority=2 distance=22.47km, ID=544 "Shri Ashtalakshmi Temple" priority=0 distance=18.11km, ID=18 "Auroville" priority=1 distance=171.53km, ID=25 "Manakula Vinayagar Temple" priority=2 distance=182.13km
[2025-12-10T06:10:34.768Z] [fetchSelectedHotspots] Matched 16 hotspots for route 365
[2025-12-10T06:10:34.769Z] [Timeline] Route 365: Selected 16 hotspots
[2025-12-10T06:10:34.769Z] [Timeline] Route 365 - currentTime: 09:00:00, routeEndTime: 20:00:00, routeEndSeconds: 72000
[2025-12-10T06:10:34.770Z] [Timeline] Hotspot 4 - currentSeconds: 32400, routeEndSeconds: 72000
[2025-12-10T06:10:34.770Z] [Timeline] Processing hotspot 4 for route 365
[2025-12-10T06:10:34.773Z] [Timeline] Hotspot 4 coords: lat=13.033798514213936, lon=80.26977915213011
[2025-12-10T06:10:34.783Z] [Timeline] Checking operating hours for hotspot 4: visit window 09:13:00-15:43:00 on day 3
[2025-12-10T06:10:34.788Z] [Timeline] Hotspot 4 timing window: 05:30:00-12:00:00 (19800s-43200s), visit: 09:13:00-15:43:00 (33180s-56580s)
[2025-12-10T06:10:34.790Z] [Timeline] Hotspot 4 timing window: 16:00:00-20:00:00 (57600s-72000s), visit: 09:13:00-15:43:00 (33180s-56580s)
[2025-12-10T06:10:34.791Z] [Timeline] Hotspot 4 not open during visit window 09:13:00-15:43:00 on day 3, skipping
[2025-12-10T06:10:34.793Z] [Timeline] Hotspot 5 - currentSeconds: 32400, routeEndSeconds: 72000
[2025-12-10T06:10:34.794Z] [Timeline] Processing hotspot 5 for route 365
[2025-12-10T06:10:34.825Z] [Timeline] Skipping hotspot 5 - already added to plan 5
[2025-12-10T06:10:34.831Z] [Timeline] Hotspot 544 - currentSeconds: 32400, routeEndSeconds: 72000
[2025-12-10T06:10:34.844Z] [Timeline] Processing hotspot 544 for route 365
[2025-12-10T06:10:34.849Z] [Timeline] Hotspot 544 coords: lat=12.993461140291483, lon=80.27030436931474
[2025-12-10T06:10:34.887Z] [Timeline] Checking operating hours for hotspot 544: visit window 09:23:00-20:53:00 on day 3
[2025-12-10T06:10:34.898Z] [Timeline] Hotspot 544 timing window: 06:00:00-12:00:00 (21600s-43200s), visit: 09:23:00-20:53:00 (33780s-75180s)
[2025-12-10T06:10:34.912Z] [Timeline] Hotspot 544 timing window: 16:00:00-20:00:00 (57600s-72000s), visit: 09:23:00-20:53:00 (33780s-75180s)
[2025-12-10T06:10:34.924Z] [Timeline] Hotspot 544 not open during visit window 09:23:00-20:53:00 on day 3, skipping
[2025-12-10T06:10:34.926Z] [Timeline] Hotspot 18 - currentSeconds: 32400, routeEndSeconds: 72000
[2025-12-10T06:10:34.927Z] [Timeline] Processing hotspot 18 for route 365
[2025-12-10T06:10:34.945Z] [Timeline] Hotspot 18 coords: lat=12.008342334177776, lon=79.81781931258232
[2025-12-10T06:10:34.993Z] [Timeline] Checking operating hours for hotspot 18: visit window 12:14:00-19:44:00 on day 3
[2025-12-10T06:10:35.007Z] [Timeline] Hotspot 18 timing window: 09:00:00-13:00:00 (32400s-46800s), visit: 12:14:00-19:44:00 (44040s-71040s)
[2025-12-10T06:10:35.014Z] [Timeline] Hotspot 18 timing window: 13:30:00-17:00:00 (48600s-61200s), visit: 12:14:00-19:44:00 (44040s-71040s)
[2025-12-10T06:10:35.026Z] [Timeline] Hotspot 18 not open during visit window 12:14:00-19:44:00 on day 3, skipping
[2025-12-10T06:10:35.027Z] [Timeline] Hotspot 25 - currentSeconds: 32400, routeEndSeconds: 72000
[2025-12-10T06:10:35.028Z] [Timeline] Processing hotspot 25 for route 365
[2025-12-10T06:10:35.031Z] [Timeline] Hotspot 25 coords: lat=11.936184966220257, lon=79.83484226674099
[2025-12-10T06:10:35.045Z] [Timeline] Checking operating hours for hotspot 25: visit window 12:24:00-18:24:00 on day 3
[2025-12-10T06:10:35.049Z] [Timeline] Hotspot 25 timing window: 05:45:00-12:30:00 (20700s-45000s), visit: 12:24:00-18:24:00 (44640s-66240s)
[2025-12-10T06:10:35.054Z] [Timeline] Hotspot 25 timing window: 16:00:00-20:00:00 (57600s-72000s), visit: 12:24:00-18:24:00 (44640s-66240s)
[2025-12-10T06:10:35.058Z] [Timeline] Hotspot 25 not open during visit window 12:24:00-18:24:00 on day 3, skipping
[2025-12-10T06:10:35.059Z] [Timeline] Hotspot 21 - currentSeconds: 32400, routeEndSeconds: 72000
[2025-12-10T06:10:35.059Z] [Timeline] Processing hotspot 21 for route 365
[2025-12-10T06:10:35.062Z] [Timeline] Hotspot 21 coords: lat=11.926178758041798, lon=79.82779781515121
[2025-12-10T06:10:35.082Z] [Timeline] Checking operating hours for hotspot 21: visit window 12:26:00-18:26:00 on day 3
[2025-12-10T06:10:35.087Z] [Timeline] Hotspot 21 timing window: 06:00:00-19:00:00 (21600s-68400s), visit: 12:26:00-18:26:00 (44760s-66360s)
[2025-12-10T06:10:35.092Z] [Timeline] Hotspot 21 MATCH on day 3
[2025-12-10T06:10:35.093Z] [Timeline] Hotspot 21 operating hours OK
[2025-12-10T06:10:35.095Z] [Timeline] Travel type for "Chennai" -> "Pondicherry Airport|Pondicherry": 2 (1=local, 2=outstation)
[2025-12-10T06:10:35.118Z] [Timeline] Building hotspot row for hotspot_ID=21
[2025-12-10T06:10:35.125Z] [Timeline] Built hotspot row: item_type=4, hotspot_ID=21, order=3
[2025-12-10T06:10:35.128Z] [Timeline] Hotspot 19 - currentSeconds: 48360, routeEndSeconds: 72000
[2025-12-10T06:10:35.129Z] [Timeline] Processing hotspot 19 for route 365
[2025-12-10T06:10:35.131Z] [Timeline] Hotspot 19 coords: lat=11.931203427435934, lon=79.83580349426904
[2025-12-10T06:10:35.161Z] [Timeline] Checking operating hours for hotspot 19: visit window 13:28:00-19:58:00 on day 3
[2025-12-10T06:10:35.164Z] [Timeline] Hotspot 19 timing window: 06:00:00-20:00:00 (21600s-72000s), visit: 13:28:00-19:58:00 (48480s-71880s)
[2025-12-10T06:10:35.164Z] [Timeline] Hotspot 19 MATCH on day 3
[2025-12-10T06:10:35.165Z] [Timeline] Hotspot 19 operating hours OK
[2025-12-10T06:10:35.165Z] [Timeline] Travel type for "Pondicherry Airport|Pondicherry" -> "Pondicherry Airport|Pondicherry": 1 (1=local, 2=outstation)
[2025-12-10T06:10:35.178Z] [Timeline] Building hotspot row for hotspot_ID=19
[2025-12-10T06:10:35.181Z] [Timeline] Built hotspot row: item_type=4, hotspot_ID=19, order=5
[2025-12-10T06:10:35.189Z] [Timeline] Hotspot 20 - currentSeconds: 52080, routeEndSeconds: 72000
[2025-12-10T06:10:35.190Z] [Timeline] Processing hotspot 20 for route 365
[2025-12-10T06:10:35.192Z] [Timeline] Hotspot 20 coords: lat=11.883875481616602, lon=79.80141705562612
[2025-12-10T06:10:35.212Z] [Timeline] Checking operating hours for hotspot 20: visit window 14:43:00-21:13:00 on day 3
[2025-12-10T06:10:35.217Z] [Timeline] Hotspot 20 timing window: 09:30:00-12:00:00 (34200s-43200s), visit: 14:43:00-21:13:00 (52980s-76380s)
[2025-12-10T06:10:35.219Z] [Timeline] Hotspot 20 not open during visit window 14:43:00-21:13:00 on day 3, skipping
[2025-12-10T06:10:35.221Z] [Timeline] Hotspot 17 - currentSeconds: 52080, routeEndSeconds: 72000
[2025-12-10T06:10:35.222Z] [Timeline] Processing hotspot 17 for route 365
[2025-12-10T06:10:35.227Z] [Timeline] Hotspot 17 coords: lat=11.936929030828965, lon=79.83477998559515
[2025-12-10T06:10:35.242Z] [Timeline] Checking operating hours for hotspot 17: visit window 14:29:00-20:59:00 on day 3
[2025-12-10T06:10:35.249Z] [Timeline] Hotspot 17 timing window: 10:30:00-19:00:00 (37800s-68400s), visit: 14:29:00-20:59:00 (52140s-75540s)
[2025-12-10T06:10:35.251Z] [Timeline] Hotspot 17 not open during visit window 14:29:00-20:59:00 on day 3, skipping
[2025-12-10T06:10:35.252Z] [Timeline] Hotspot 24 - currentSeconds: 52080, routeEndSeconds: 72000
[2025-12-10T06:10:35.253Z] [Timeline] Processing hotspot 24 for route 365
[2025-12-10T06:10:35.256Z] [Timeline] Hotspot 24 coords: lat=11.934656339062595, lon=79.83484999477534
[2025-12-10T06:10:35.271Z] [Timeline] Checking operating hours for hotspot 24: visit window 14:29:00-20:29:00 on day 3
[2025-12-10T06:10:35.276Z] [Timeline] Hotspot 24 timing window: 09:00:00-12:00:00 (32400s-43200s), visit: 14:29:00-20:29:00 (52140s-73740s)
[2025-12-10T06:10:35.277Z] [Timeline] Hotspot 24 not open during visit window 14:29:00-20:29:00 on day 3, skipping
[2025-12-10T06:10:35.278Z] [Timeline] Hotspot 677 - currentSeconds: 52080, routeEndSeconds: 72000
[2025-12-10T06:10:35.279Z] [Timeline] Processing hotspot 677 for route 365
[2025-12-10T06:10:35.291Z] [Timeline] Hotspot 677 coords: lat=11.933029585291068, lon=79.83418306595088
[2025-12-10T06:10:35.339Z] [Timeline] Checking operating hours for hotspot 677: visit window 14:29:00-20:44:00 on day 3
[2025-12-10T06:10:35.344Z] [Timeline] Hotspot 677 timing window: 06:00:00-19:00:00 (21600s-68400s), visit: 14:29:00-20:44:00 (52140s-74640s)
[2025-12-10T06:10:35.345Z] [Timeline] Hotspot 677 not open during visit window 14:29:00-20:44:00 on day 3, skipping
[2025-12-10T06:10:35.346Z] [Timeline] Hotspot 678 - currentSeconds: 52080, routeEndSeconds: 72000
[2025-12-10T06:10:35.347Z] [Timeline] Processing hotspot 678 for route 365
[2025-12-10T06:10:35.351Z] [Timeline] Hotspot 678 coords: lat=11.928492248303817, lon=79.83303242117643
[2025-12-10T06:10:35.373Z] [Timeline] Checking operating hours for hotspot 678: visit window 14:29:00-20:59:00 on day 3
[2025-12-10T06:10:35.380Z] [Timeline] Hotspot 678 operating hours OK
[2025-12-10T06:10:35.391Z] [Timeline] Hotspot 678 would end at 20:59:00 (75540s) (exceeds route_end_time 20:00:00 (72000s)), skipping
[2025-12-10T06:10:35.438Z] [Timeline] Route 366 (Pondicherry → Pondicherry Airport): routeStartTime=09:56:00, routeEndTime=10:00:00, direct_to_next=0
[2025-12-10T06:10:35.446Z] [Timeline] Route 366 starting coords from location_id 5922: (11.9415915, 79.8083133)
[2025-12-10T06:10:35.457Z] [Timeline] Route 366 - Skipping refreshment (not enough time): 10:56:00 > 10:00:00
[2025-12-10T06:10:35.461Z] [fetchSelectedHotspots] route 366 target="Pondicherry" next="Pondicherry Airport" dow=4
[2025-12-10T06:10:35.589Z] [fetchSelectedHotspots] Found 583 total active hotspots
[2025-12-10T06:10:35.591Z] [fetchSelectedHotspots] direct_to_next_visiting_place=0
[2025-12-10T06:10:35.593Z] [fetchSelectedHotspots] source="Pondicherry", destination="Pondicherry Airport"
[2025-12-10T06:10:35.597Z] [fetchSelectedHotspots] Starting coords from stored_locations: (13.0827989, 80.2754246)
[2025-12-10T06:10:35.598Z] [fetchSelectedHotspots] Hotspot 16 "Paradise Beach" → DESTINATION (matches "Pondicherry Airport")
[2025-12-10T06:10:35.605Z] [fetchSelectedHotspots] Hotspot 17 "Sri Aurobindo Ashram" → SOURCE (matches "Pondicherry")
[2025-12-10T06:10:35.623Z] [fetchSelectedHotspots] Hotspot 17 "Sri Aurobindo Ashram" → DESTINATION (matches "Pondicherry Airport")
[2025-12-10T06:10:35.631Z] [fetchSelectedHotspots] Hotspot 18 "Auroville" → SOURCE (matches "Pondicherry")
[2025-12-10T06:10:35.632Z] [fetchSelectedHotspots] Hotspot 18 "Auroville" → DESTINATION (matches "Pondicherry Airport")
[2025-12-10T06:10:35.644Z] [fetchSelectedHotspots] Hotspot 19 "Promenade Beach" → SOURCE (matches "Pondicherry")
[2025-12-10T06:10:35.646Z] [fetchSelectedHotspots] Hotspot 19 "Promenade Beach" → DESTINATION (matches "Pondicherry Airport")
[2025-12-10T06:10:35.647Z] [fetchSelectedHotspots] Hotspot 20 "Chunnambar Boathouse" → SOURCE (matches "Pondicherry")
[2025-12-10T06:10:35.661Z] [fetchSelectedHotspots] Hotspot 20 "Chunnambar Boathouse" → DESTINATION (matches "Pondicherry Airport")
[2025-12-10T06:10:35.662Z] [fetchSelectedHotspots] Hotspot 21 "The Basilica of the Sacred Heart of Jesus" → SOURCE (matches "Pondicherry")
[2025-12-10T06:10:35.663Z] [fetchSelectedHotspots] Hotspot 21 "The Basilica of the Sacred Heart of Jesus" → DESTINATION (matches "Pondicherry Airport")
[2025-12-10T06:10:35.664Z] [fetchSelectedHotspots] Hotspot 23 "French War Memorial" → DESTINATION (matches "Pondicherry Airport")
[2025-12-10T06:10:35.664Z] [fetchSelectedHotspots] Hotspot 24 "The Pondicherry Museum" → SOURCE (matches "Pondicherry")
[2025-12-10T06:10:35.665Z] [fetchSelectedHotspots] Hotspot 24 "The Pondicherry Museum" → DESTINATION (matches "Pondicherry Airport")
[2025-12-10T06:10:35.665Z] [fetchSelectedHotspots] Hotspot 25 "Manakula Vinayagar Temple" → SOURCE (matches "Pondicherry")
[2025-12-10T06:10:35.667Z] [fetchSelectedHotspots] Hotspot 25 "Manakula Vinayagar Temple" → DESTINATION (matches "Pondicherry Airport")
[2025-12-10T06:10:35.675Z] [fetchSelectedHotspots] Hotspot 277 "Pondicherry Backwater" → SOURCE (matches "Pondicherry")
[2025-12-10T06:10:35.678Z] [fetchSelectedHotspots] Hotspot 277 "Pondicherry Backwater" → DESTINATION (matches "Pondicherry Airport")
[2025-12-10T06:10:35.682Z] [fetchSelectedHotspots] Hotspot 669 "Eden Beach - Blue flag Beach" → SOURCE (matches "Pondicherry")
[2025-12-10T06:10:35.688Z] [fetchSelectedHotspots] Hotspot 669 "Eden Beach - Blue flag Beach" → DESTINATION (matches "Pondicherry Airport")
[2025-12-10T06:10:35.689Z] [fetchSelectedHotspots] Hotspot 676 "Botanical Garden" → SOURCE (matches "Pondicherry")
[2025-12-10T06:10:35.691Z] [fetchSelectedHotspots] Hotspot 676 "Botanical Garden" → DESTINATION (matches "Pondicherry Airport")
[2025-12-10T06:10:35.692Z] [fetchSelectedHotspots] Hotspot 677 "Bharathi Park &amp; Aayi Mandapam" → SOURCE (matches "Pondicherry")
[2025-12-10T06:10:35.693Z] [fetchSelectedHotspots] Hotspot 677 "Bharathi Park &amp; Aayi Mandapam" → DESTINATION (matches "Pondicherry Airport")
[2025-12-10T06:10:35.694Z] [fetchSelectedHotspots] Hotspot 678 "French Colony" → SOURCE (matches "Pondicherry")
[2025-12-10T06:10:35.696Z] [fetchSelectedHotspots] Hotspot 678 "French Colony" → DESTINATION (matches "Pondicherry Airport")
[2025-12-10T06:10:35.697Z] [fetchSelectedHotspots] Hotspot 679 "Pondi Marina Beach" → SOURCE (matches "Pondicherry")
[2025-12-10T06:10:35.698Z] [fetchSelectedHotspots] Hotspot 679 "Pondi Marina Beach" → DESTINATION (matches "Pondicherry Airport")
[2025-12-10T06:10:35.707Z] [fetchSelectedHotspots] Categorized: source=13, destination=15, via=0
[2025-12-10T06:10:35.711Z] [fetchSelectedHotspots] direct_to_next_visiting_place=0: Processing SOURCE → DESTINATION → VIA
[2025-12-10T06:10:35.712Z] [fetchSelectedHotspots] Matched 28 hotspots after PHP ordering
[2025-12-10T06:10:35.713Z] [fetchSelectedHotspots] First 5 hotspots (sorted): ID=18 "Auroville" priority=1 distance=194.08km, ID=25 "Manakula Vinayagar Temple" priority=2 distance=204.26km, ID=21 "The Basilica of the Sacred Heart of Jesus" priority=4 distance=206.23km, ID=19 "Promenade Beach" priority=5 distance=204.98km, ID=20 "Chunnambar Boathouse" priority=5 distance=214.35km
[2025-12-10T06:10:35.721Z] [fetchSelectedHotspots] Matched 15 hotspots for route 366
[2025-12-10T06:10:35.722Z] [Timeline] Route 366: Selected 15 hotspots
[2025-12-10T06:10:35.722Z] [Timeline] Route 366 - currentTime: 09:56:00, routeEndTime: 10:00:00, routeEndSeconds: 36000
[2025-12-10T06:10:35.723Z] [Timeline] Hotspot 18 - currentSeconds: 35760, routeEndSeconds: 36000
[2025-12-10T06:10:35.724Z] [Timeline] Processing hotspot 18 for route 366
[2025-12-10T06:10:35.727Z] [Timeline] Hotspot 18 coords: lat=12.008342334177776, lon=79.81781931258232
[2025-12-10T06:10:35.743Z] [Timeline] Checking operating hours for hotspot 18: visit window 10:13:00-17:43:00 on day 4
[2025-12-10T06:10:35.747Z] [Timeline] Hotspot 18 timing window: 09:00:00-13:00:00 (32400s-46800s), visit: 10:13:00-17:43:00 (36780s-63780s)
[2025-12-10T06:10:35.748Z] [Timeline] Hotspot 18 timing window: 13:30:00-17:00:00 (48600s-61200s), visit: 10:13:00-17:43:00 (36780s-63780s)
[2025-12-10T06:10:35.749Z] [Timeline] Hotspot 18 not open during visit window 10:13:00-17:43:00 on day 4, skipping
[2025-12-10T06:10:35.749Z] [Timeline] Hotspot 25 - currentSeconds: 35760, routeEndSeconds: 36000
[2025-12-10T06:10:35.750Z] [Timeline] Processing hotspot 25 for route 366
[2025-12-10T06:10:35.753Z] [Timeline] Hotspot 25 coords: lat=11.936184966220257, lon=79.83484226674099
[2025-12-10T06:10:35.770Z] [Timeline] Checking operating hours for hotspot 25: visit window 10:03:00-16:03:00 on day 4
[2025-12-10T06:10:35.774Z] [Timeline] Hotspot 25 timing window: 05:45:00-12:30:00 (20700s-45000s), visit: 10:03:00-16:03:00 (36180s-57780s)
[2025-12-10T06:10:35.774Z] [Timeline] Hotspot 25 timing window: 16:00:00-20:00:00 (57600s-72000s), visit: 10:03:00-16:03:00 (36180s-57780s)
[2025-12-10T06:10:35.775Z] [Timeline] Hotspot 25 not open during visit window 10:03:00-16:03:00 on day 4, skipping
[2025-12-10T06:10:35.776Z] [Timeline] Hotspot 21 - currentSeconds: 35760, routeEndSeconds: 36000
[2025-12-10T06:10:35.779Z] [Timeline] Processing hotspot 21 for route 366
[2025-12-10T06:10:35.780Z] [Timeline] Skipping hotspot 21 - already added to plan 5
[2025-12-10T06:10:35.782Z] [Timeline] Hotspot 19 - currentSeconds: 35760, routeEndSeconds: 36000
[2025-12-10T06:10:35.785Z] [Timeline] Processing hotspot 19 for route 366
[2025-12-10T06:10:35.786Z] [Timeline] Skipping hotspot 19 - already added to plan 5
[2025-12-10T06:10:35.787Z] [Timeline] Hotspot 20 - currentSeconds: 35760, routeEndSeconds: 36000
[2025-12-10T06:10:35.788Z] [Timeline] Processing hotspot 20 for route 366
[2025-12-10T06:10:35.791Z] [Timeline] Hotspot 20 coords: lat=11.883875481616602, lon=79.80141705562612
[2025-12-10T06:10:35.813Z] [Timeline] Checking operating hours for hotspot 20: visit window 10:11:00-16:41:00 on day 4
[2025-12-10T06:10:35.817Z] [Timeline] Hotspot 20 timing window: 09:30:00-16:00:00 (34200s-57600s), visit: 10:11:00-16:41:00 (36660s-60060s)
[2025-12-10T06:10:35.818Z] [Timeline] Hotspot 20 not open during visit window 10:11:00-16:41:00 on day 4, skipping
[2025-12-10T06:10:35.819Z] [Timeline] Hotspot 17 - currentSeconds: 35760, routeEndSeconds: 36000
[2025-12-10T06:10:35.821Z] [Timeline] Processing hotspot 17 for route 366
[2025-12-10T06:10:35.827Z] [Timeline] Hotspot 17 coords: lat=11.936929030828965, lon=79.83477998559515
[2025-12-10T06:10:35.840Z] [Timeline] Checking operating hours for hotspot 17: visit window 10:03:00-16:33:00 on day 4
[2025-12-10T06:10:35.846Z] [Timeline] Hotspot 17 timing window: 10:30:00-19:00:00 (37800s-68400s), visit: 10:03:00-16:33:00 (36180s-59580s)
[2025-12-10T06:10:35.847Z] [Timeline] Hotspot 17 not open during visit window 10:03:00-16:33:00 on day 4, skipping
[2025-12-10T06:10:35.848Z] [Timeline] Hotspot 24 - currentSeconds: 35760, routeEndSeconds: 36000
[2025-12-10T06:10:35.849Z] [Timeline] Processing hotspot 24 for route 366
[2025-12-10T06:10:35.853Z] [Timeline] Hotspot 24 coords: lat=11.934656339062595, lon=79.83484999477534
[2025-12-10T06:10:35.867Z] [Timeline] Checking operating hours for hotspot 24: visit window 10:03:00-16:03:00 on day 4
[2025-12-10T06:10:35.871Z] [Timeline] Hotspot 24 timing window: 09:00:00-18:00:00 (32400s-64800s), visit: 10:03:00-16:03:00 (36180s-57780s)
[2025-12-10T06:10:35.872Z] [Timeline] Hotspot 24 MATCH on day 4
[2025-12-10T06:10:35.875Z] [Timeline] Hotspot 24 operating hours OK
[2025-12-10T06:10:35.875Z] [Timeline] Hotspot 24 would end at 16:03:00 (57780s) (exceeds route_end_time 10:00:00 (36000s)), skipping
[2025-12-10T06:10:35.902Z] [Timeline] Returning 15 hotspot rows and 0 parking rows
[2025-12-10T06:10:35.905Z] [Timeline] Hotspot rows item_types: 1, 3, 4, 5, 6, 1, 3, 4, 3, 4, 5, 6, 5, 6, 7
[2025-12-10T06:10:35.906Z] [Timeline] Hotspot rows hotspot_IDs: , 5, 5, 0, 0, , 21, 21, 19, 19, 0, 0, 0, 0, 0
[2025-12-10T06:10:35.907Z] 
=== LOG FILE SAVED TO: D:\wamp64\www\dvi_fullstack\dvi_backend\tmp\hotspot_optimization_1765347031558.log ===

