[2025-12-11T07:10:01.729Z] === HOTSPOT OPTIMIZATION LOG ===
[2025-12-11T07:10:01.761Z] Started at: 2025-12-11T07:10:01.761Z

[2025-12-11T07:10:09.445Z] [Timeline] Route 566 (Chennai International Airport → Chennai): routeStartTime=11:00:00, routeEndTime=20:00:00, direct_to_next=0
[2025-12-11T07:10:09.469Z] [Timeline] Route 566 starting coords from location_id 165946: (12.9811068, 80.159623)
[2025-12-11T07:10:09.489Z] [Timeline] Route 566 - Added refreshment break: 11:00:00 - 12:00:00
[2025-12-11T07:10:09.517Z] [fetchSelectedHotspots] route 566 target="Chennai International Airport" next="Chennai" dow=4
[2025-12-11T07:10:09.701Z] [fetchSelectedHotspots] Found 583 total active hotspots
[2025-12-11T07:10:09.719Z] [fetchSelectedHotspots] direct_to_next_visiting_place=0
[2025-12-11T07:10:09.745Z] [fetchSelectedHotspots] source="Chennai International Airport", destination="Chennai"
[2025-12-11T07:10:09.783Z] [fetchSelectedHotspots] Starting coords from stored_locations: (12.9811068, 80.159623)
[2025-12-11T07:10:09.799Z] [fetchSelectedHotspots] Hotspot 4 "Kapaleeshwarar Temple" → SOURCE (matches "Chennai International Airport" - PRIMARY)
[2025-12-11T07:10:09.823Z] [fetchSelectedHotspots] Hotspot 4 "Kapaleeshwarar Temple" → DESTINATION (matches "Chennai")
[2025-12-11T07:10:09.831Z] [fetchSelectedHotspots] Hotspot 5 "Marina Beach" → SOURCE (matches "Chennai International Airport" - PRIMARY)
[2025-12-11T07:10:09.832Z] [fetchSelectedHotspots] Hotspot 5 "Marina Beach" → DESTINATION (matches "Chennai")
[2025-12-11T07:10:09.846Z] [fetchSelectedHotspots] Hotspot 6 "Fort St.George Museum" → SOURCE (matches "Chennai International Airport" - PRIMARY)
[2025-12-11T07:10:09.854Z] [fetchSelectedHotspots] Hotspot 7 "Government Museum Chennai" → SOURCE (matches "Chennai International Airport" - PRIMARY)
[2025-12-11T07:10:09.856Z] [fetchSelectedHotspots] Hotspot 8 "Santhome Cathedral Basilica" → SOURCE (matches "Chennai International Airport" - PRIMARY)
[2025-12-11T07:10:09.888Z] [fetchSelectedHotspots] Hotspot 9 "Thousand Lights Mosque" → SOURCE (matches "Chennai International Airport" - PRIMARY)
[2025-12-11T07:10:09.922Z] [fetchSelectedHotspots] Hotspot 10 "Guindy National Park" → SOURCE (matches "Chennai International Airport" - PRIMARY)
[2025-12-11T07:10:09.932Z] [fetchSelectedHotspots] Hotspot 11 "Parthasarathy Temple" → SOURCE (matches "Chennai International Airport" - PRIMARY)
[2025-12-11T07:10:09.966Z] [fetchSelectedHotspots] Hotspot 12 "Vivekanandar House" → SOURCE (matches "Chennai International Airport" - PRIMARY)
[2025-12-11T07:10:09.970Z] [fetchSelectedHotspots] Hotspot 13 "Arignar Anna Zoological Park" → SOURCE (matches "Chennai International Airport" - PRIMARY)
[2025-12-11T07:10:10.006Z] [fetchSelectedHotspots] Hotspot 290 "Vgp snow kingdom" → SOURCE (matches "Chennai International Airport" - PRIMARY)
[2025-12-11T07:10:10.044Z] [fetchSelectedHotspots] Hotspot 291 "Vgp marine kingdom" → SOURCE (matches "Chennai International Airport" - PRIMARY)
[2025-12-11T07:10:10.051Z] [fetchSelectedHotspots] Hotspot 292 "Guindy snake park" → SOURCE (matches "Chennai International Airport" - PRIMARY)
[2025-12-11T07:10:10.064Z] [fetchSelectedHotspots] Hotspot 293 "Queens land" → SOURCE (matches "Chennai International Airport" - PRIMARY)
[2025-12-11T07:10:10.073Z] [fetchSelectedHotspots] Hotspot 294 "light house marina" → SOURCE (matches "Chennai International Airport" - PRIMARY)
[2025-12-11T07:10:10.103Z] [fetchSelectedHotspots] Hotspot 296 "Anna tower park" → SOURCE (matches "Chennai International Airport" - PRIMARY)
[2025-12-11T07:10:10.120Z] [fetchSelectedHotspots] Hotspot 297 "B.M Birla planitourim." → SOURCE (matches "Chennai International Airport" - PRIMARY)
[2025-12-11T07:10:10.142Z] [fetchSelectedHotspots] Hotspot 298 "Click art museum" → SOURCE (matches "Chennai International Airport" - PRIMARY)
[2025-12-11T07:10:10.162Z] [fetchSelectedHotspots] Hotspot 299 "National art gallery" → SOURCE (matches "Chennai International Airport" - PRIMARY)
[2025-12-11T07:10:10.184Z] [fetchSelectedHotspots] Hotspot 300 "M G R  Memorial" → SOURCE (matches "Chennai International Airport" - PRIMARY)
[2025-12-11T07:10:10.205Z] [fetchSelectedHotspots] Hotspot 303 "Anna memorial." → SOURCE (matches "Chennai International Airport" - PRIMARY)
[2025-12-11T07:10:10.236Z] [fetchSelectedHotspots] Hotspot 544 "Shri Ashtalakshmi Temple" → SOURCE (matches "Chennai International Airport" - PRIMARY)
[2025-12-11T07:10:10.246Z] [fetchSelectedHotspots] Hotspot 544 "Shri Ashtalakshmi Temple" → DESTINATION (matches "Chennai")
[2025-12-11T07:10:10.312Z] [fetchSelectedHotspots] Filtered 14 priority-0 SOURCE hotspots (22 → 8)
[2025-12-11T07:10:10.545Z] [fetchSelectedHotspots] Categorized: source=8, destination=3, via=0
[2025-12-11T07:10:10.660Z] [fetchSelectedHotspots] AIRPORT ARRIVAL DETECTED: "Chennai International Airport" → "Chennai"
[2025-12-11T07:10:10.692Z] [fetchSelectedHotspots] direct_to_next_visiting_place=0 + AIRPORT ARRIVAL: Processing DESTINATION → VIA
[2025-12-11T07:10:10.717Z] [fetchSelectedHotspots] Matched 3 hotspots after PHP ordering
[2025-12-11T07:10:10.736Z] [fetchSelectedHotspots] First 5 hotspots (sorted): ID=4 "Kapaleeshwarar Temple" priority=1 distance=19.94km, ID=5 "Marina Beach" priority=2 distance=22.47km, ID=544 "Shri Ashtalakshmi Temple" priority=0 distance=18.11km
[2025-12-11T07:10:10.747Z] [fetchSelectedHotspots] Matched 3 hotspots for route 566
[2025-12-11T07:10:10.764Z] [Timeline] Route 566: Selected 3 hotspots
[2025-12-11T07:10:10.771Z] [Timeline] Route 566 - currentTime: 12:00:00, routeEndTime: 20:00:00, routeEndSeconds: 72000
[2025-12-11T07:10:10.794Z] [Timeline] Hotspot 4 - currentSeconds: 43200, routeEndSeconds: 72000
[2025-12-11T07:10:10.811Z] [Timeline] Processing hotspot 4 for route 566
[2025-12-11T07:10:10.845Z] [Timeline] Hotspot 4 coords: lat=13.033798514213936, lon=80.26977915213011
[2025-12-11T07:10:10.928Z] [Timeline] Checking operating hours for hotspot 4: visit window 12:30:00-13:30:00 on day 4
[2025-12-11T07:10:10.970Z] [Timeline] Hotspot 4 check window: 05:30:00-12:00:00, visit: 12:30:00-13:30:00
[2025-12-11T07:10:10.998Z] [Timeline] Hotspot 4 check window: 16:00:00-20:00:00, visit: 12:30:00-13:30:00
[2025-12-11T07:10:11.003Z] [Timeline] Hotspot 4 operating hours check FAILED - visit 12:30:00-13:30:00 doesn't fit in any window
[2025-12-11T07:10:11.027Z] [Timeline] Hotspot 4 not open during visit window 12:30:00-13:30:00 on day 4, skipping
[2025-12-11T07:10:11.039Z] [Timeline] Hotspot 5 - currentSeconds: 43200, routeEndSeconds: 72000
[2025-12-11T07:10:11.069Z] [Timeline] Processing hotspot 5 for route 566
[2025-12-11T07:10:11.096Z] [Timeline] Hotspot 5 coords: lat=13.051080243192029, lon=80.27775926313883
[2025-12-11T07:10:11.198Z] [Timeline] Checking operating hours for hotspot 5: visit window 12:34:00-13:34:00 on day 4
[2025-12-11T07:10:11.219Z] [Timeline] Hotspot 5 operating hours OK
[2025-12-11T07:10:11.230Z] [Timeline] Travel type for "Chennai International Airport" -> "Chennai International Airport|Chennai Domestic Airport|Chennai Central|Chennai|Chennai Egmore Station|Chennai Koyembedu|ECR Beach, Chennai, Tamil Nadu": 1 (1=local, 2=outstation)
[2025-12-11T07:10:11.294Z] [Timeline] Building hotspot row for hotspot_ID=5
[2025-12-11T07:10:11.339Z] [Timeline] Built hotspot row: item_type=4, hotspot_ID=5, order=2
[2025-12-11T07:10:11.415Z] [Timeline] Hotspot 544 - currentSeconds: 48840, routeEndSeconds: 72000
[2025-12-11T07:10:11.423Z] [Timeline] Processing hotspot 544 for route 566
[2025-12-11T07:10:11.451Z] [Timeline] Hotspot 544 coords: lat=12.993461140291483, lon=80.27030436931474
[2025-12-11T07:10:11.535Z] [Timeline] Checking operating hours for hotspot 544: visit window 13:49:00-19:49:00 on day 4
[2025-12-11T07:10:11.569Z] [Timeline] Hotspot 544 check window: 06:00:00-12:00:00, visit: 13:49:00-19:49:00
[2025-12-11T07:10:11.582Z] [Timeline] Hotspot 544 check window: 16:00:00-20:00:00, visit: 13:49:00-19:49:00
[2025-12-11T07:10:11.608Z] [Timeline] Hotspot 544 operating hours check FAILED - visit 13:49:00-19:49:00 doesn't fit in any window
[2025-12-11T07:10:11.620Z] [Timeline] Hotspot 544 not open during visit window 13:49:00-19:49:00 on day 4, skipping
[2025-12-11T07:10:11.685Z] [Timeline] Route 567 (Chennai → Pondicherry): routeStartTime=08:00:00, routeEndTime=20:00:00, direct_to_next=0
[2025-12-11T07:10:11.710Z] [Timeline] Route 567 starting coords from location_id 762: (13.0843007, 80.2704622)
[2025-12-11T07:10:11.726Z] [Timeline] Route 567 - Added refreshment break: 08:00:00 - 09:00:00
[2025-12-11T07:10:11.755Z] [fetchSelectedHotspots] route 567 target="Chennai" next="Pondicherry" dow=5
[2025-12-11T07:10:11.932Z] [fetchSelectedHotspots] Found 583 total active hotspots
[2025-12-11T07:10:11.949Z] [fetchSelectedHotspots] direct_to_next_visiting_place=0
[2025-12-11T07:10:11.968Z] [fetchSelectedHotspots] source="Chennai", destination="Pondicherry"
[2025-12-11T07:10:12.009Z] [fetchSelectedHotspots] Starting coords from stored_locations: (12.9811068, 80.159623)
[2025-12-11T07:10:12.033Z] [fetchSelectedHotspots] Hotspot 4 "Kapaleeshwarar Temple" → SOURCE (matches "Chennai")
[2025-12-11T07:10:12.050Z] [fetchSelectedHotspots] Hotspot 5 "Marina Beach" → SOURCE (matches "Chennai")
[2025-12-11T07:10:12.070Z] [fetchSelectedHotspots] Hotspot 17 "Sri Aurobindo Ashram" → DESTINATION (matches "Pondicherry")
[2025-12-11T07:10:12.083Z] [fetchSelectedHotspots] Hotspot 18 "Auroville" → DESTINATION (matches "Pondicherry")
[2025-12-11T07:10:12.120Z] [fetchSelectedHotspots] Hotspot 19 "Promenade Beach" → DESTINATION (matches "Pondicherry")
[2025-12-11T07:10:12.154Z] [fetchSelectedHotspots] Hotspot 20 "Chunnambar Boathouse" → DESTINATION (matches "Pondicherry")
[2025-12-11T07:10:12.158Z] [fetchSelectedHotspots] Hotspot 21 "The Basilica of the Sacred Heart of Jesus" → DESTINATION (matches "Pondicherry")
[2025-12-11T07:10:12.186Z] [fetchSelectedHotspots] Hotspot 24 "The Pondicherry Museum" → DESTINATION (matches "Pondicherry")
[2025-12-11T07:10:12.195Z] [fetchSelectedHotspots] Hotspot 25 "Manakula Vinayagar Temple" → DESTINATION (matches "Pondicherry")
[2025-12-11T07:10:12.233Z] [fetchSelectedHotspots] Hotspot 277 "Pondicherry Backwater" → DESTINATION (matches "Pondicherry")
[2025-12-11T07:10:12.254Z] [fetchSelectedHotspots] Hotspot 544 "Shri Ashtalakshmi Temple" → SOURCE (matches "Chennai")
[2025-12-11T07:10:12.268Z] [fetchSelectedHotspots] Hotspot 669 "Eden Beach - Blue flag Beach" → DESTINATION (matches "Pondicherry" - PRIMARY)
[2025-12-11T07:10:12.271Z] [fetchSelectedHotspots] Hotspot 676 "Botanical Garden" → DESTINATION (matches "Pondicherry" - PRIMARY)
[2025-12-11T07:10:12.277Z] [fetchSelectedHotspots] Hotspot 677 "Bharathi Park &amp; Aayi Mandapam" → DESTINATION (matches "Pondicherry" - PRIMARY)
[2025-12-11T07:10:12.307Z] [fetchSelectedHotspots] Hotspot 678 "French Colony" → DESTINATION (matches "Pondicherry" - PRIMARY)
[2025-12-11T07:10:12.357Z] [fetchSelectedHotspots] Hotspot 679 "Pondi Marina Beach" → DESTINATION (matches "Pondicherry" - PRIMARY)
[2025-12-11T07:10:12.371Z] [fetchSelectedHotspots] Filtered 1 priority-0 SOURCE hotspots (3 → 2)
[2025-12-11T07:10:12.376Z] [fetchSelectedHotspots] Categorized: source=2, destination=13, via=0
[2025-12-11T07:10:12.410Z] [fetchSelectedHotspots] direct_to_next_visiting_place=0: Processing SOURCE → DESTINATION → VIA
[2025-12-11T07:10:12.450Z] [fetchSelectedHotspots] Matched 15 hotspots after PHP ordering
[2025-12-11T07:10:12.482Z] [fetchSelectedHotspots] First 5 hotspots (sorted): ID=4 "Kapaleeshwarar Temple" priority=1 distance=19.94km, ID=5 "Marina Beach" priority=2 distance=22.47km, ID=18 "Auroville" priority=1 distance=171.53km, ID=25 "Manakula Vinayagar Temple" priority=2 distance=182.13km, ID=21 "The Basilica of the Sacred Heart of Jesus" priority=4 distance=184.07km
[2025-12-11T07:10:12.500Z] [fetchSelectedHotspots] Matched 15 hotspots for route 567
[2025-12-11T07:10:12.531Z] [Timeline] Route 567: Selected 15 hotspots
[2025-12-11T07:10:12.551Z] [Timeline] Route 567 - currentTime: 09:00:00, routeEndTime: 20:00:00, routeEndSeconds: 72000
[2025-12-11T07:10:12.554Z] [Timeline] Hotspot 4 - currentSeconds: 32400, routeEndSeconds: 72000
[2025-12-11T07:10:12.570Z] [Timeline] Processing hotspot 4 for route 567
[2025-12-11T07:10:12.588Z] [Timeline] Hotspot 4 coords: lat=13.033798514213936, lon=80.26977915213011
[2025-12-11T07:10:12.635Z] [Timeline] Checking operating hours for hotspot 4: visit window 09:13:00-10:13:00 on day 5
[2025-12-11T07:10:12.662Z] [Timeline] Hotspot 4 check window: 05:30:00-12:00:00, visit: 09:13:00-10:13:00
[2025-12-11T07:10:12.667Z] [Timeline] Hotspot 4 operating hours OK - entire visit 09:13:00-10:13:00 fits in 05:30:00-12:00:00
[2025-12-11T07:10:12.694Z] [Timeline] Hotspot 4 operating hours OK
[2025-12-11T07:10:12.698Z] [Timeline] Travel type for "Chennai" -> "Chennai International Airport|Chennai Domestic Airport|Chennai Central|Chennai|Chennai Egmore Station|Chennai Koyembedu|ECR Beach, Chennai, Tamil Nadu": 1 (1=local, 2=outstation)
[2025-12-11T07:10:12.762Z] [Timeline] Building hotspot row for hotspot_ID=4
[2025-12-11T07:10:12.793Z] [Timeline] Built hotspot row: item_type=4, hotspot_ID=4, order=2
[2025-12-11T07:10:12.819Z] [Timeline] Hotspot 5 - currentSeconds: 36780, routeEndSeconds: 72000
[2025-12-11T07:10:12.836Z] [Timeline] Processing hotspot 5 for route 567
[2025-12-11T07:10:12.869Z] [Timeline] Skipping hotspot 5 - already added to plan 5
[2025-12-11T07:10:12.877Z] [Timeline] Hotspot 18 - currentSeconds: 36780, routeEndSeconds: 72000
[2025-12-11T07:10:12.903Z] [Timeline] Processing hotspot 18 for route 567
[2025-12-11T07:10:12.935Z] [Timeline] Hotspot 18 coords: lat=12.008342334177776, lon=79.81781931258232
[2025-12-11T07:10:13.008Z] [Timeline] Checking operating hours for hotspot 18: visit window 13:19:00-15:19:00 on day 5
[2025-12-11T07:10:13.044Z] [Timeline] Hotspot 18 check window: 09:00:00-13:00:00, visit: 13:19:00-15:19:00
[2025-12-11T07:10:13.054Z] [Timeline] Hotspot 18 check window: 13:30:00-17:00:00, visit: 13:19:00-15:19:00
[2025-12-11T07:10:13.084Z] [Timeline] Hotspot 18 operating hours check FAILED - visit 13:19:00-15:19:00 doesn't fit in any window
[2025-12-11T07:10:13.093Z] [Timeline] Hotspot 18 not open during visit window 13:19:00-15:19:00 on day 5, skipping
[2025-12-11T07:10:13.121Z] [Timeline] Hotspot 25 - currentSeconds: 36780, routeEndSeconds: 72000
[2025-12-11T07:10:13.131Z] [Timeline] Processing hotspot 25 for route 567
[2025-12-11T07:10:13.155Z] [Timeline] Hotspot 25 coords: lat=11.936184966220257, lon=79.83484226674099
[2025-12-11T07:10:13.218Z] [Timeline] Checking operating hours for hotspot 25: visit window 13:29:00-13:59:00 on day 5
[2025-12-11T07:10:13.232Z] [Timeline] Hotspot 25 check window: 17:45:00-12:30:00, visit: 13:29:00-13:59:00
[2025-12-11T07:10:13.249Z] [Timeline] Hotspot 25 check window: 16:00:00-20:00:00, visit: 13:29:00-13:59:00
[2025-12-11T07:10:13.255Z] [Timeline] Hotspot 25 operating hours check FAILED - visit 13:29:00-13:59:00 doesn't fit in any window
[2025-12-11T07:10:13.285Z] [Timeline] Hotspot 25 not open during visit window 13:29:00-13:59:00 on day 5, skipping
[2025-12-11T07:10:13.299Z] [Timeline] Hotspot 21 - currentSeconds: 36780, routeEndSeconds: 72000
[2025-12-11T07:10:13.338Z] [Timeline] Processing hotspot 21 for route 567
[2025-12-11T07:10:13.380Z] [Timeline] Hotspot 21 coords: lat=11.926178758041798, lon=79.82779781515121
[2025-12-11T07:10:13.454Z] [Timeline] Checking operating hours for hotspot 21: visit window 13:31:00-14:01:00 on day 5
[2025-12-11T07:10:13.468Z] [Timeline] Hotspot 21 check window: 06:00:00-19:00:00, visit: 13:31:00-14:01:00
[2025-12-11T07:10:13.486Z] [Timeline] Hotspot 21 operating hours OK - entire visit 13:31:00-14:01:00 fits in 06:00:00-19:00:00
[2025-12-11T07:10:13.509Z] [Timeline] Hotspot 21 operating hours OK
[2025-12-11T07:10:13.526Z] [Timeline] Travel type for "Chennai International Airport|Chennai Domestic Airport|Chennai Central|Chennai|Chennai Egmore Station|Chennai Koyembedu|ECR Beach, Chennai, Tamil Nadu" -> "Pondicherry Airport|Pondicherry": 2 (1=local, 2=outstation)
[2025-12-11T07:10:13.601Z] [Timeline] Building hotspot row for hotspot_ID=21
[2025-12-11T07:10:13.626Z] [Timeline] Built hotspot row: item_type=4, hotspot_ID=21, order=3
[2025-12-11T07:10:13.671Z] [Timeline] Hotspot 19 - currentSeconds: 50460, routeEndSeconds: 72000
[2025-12-11T07:10:13.705Z] [Timeline] Processing hotspot 19 for route 567
[2025-12-11T07:10:13.719Z] [Timeline] Hotspot 19 coords: lat=11.931203427435934, lon=79.83580349426904
[2025-12-11T07:10:13.805Z] [Timeline] Checking operating hours for hotspot 19: visit window 14:03:00-15:03:00 on day 5
[2025-12-11T07:10:13.832Z] [Timeline] Hotspot 19 check window: 06:00:00-20:00:00, visit: 14:03:00-15:03:00
[2025-12-11T07:10:13.850Z] [Timeline] Hotspot 19 operating hours OK - entire visit 14:03:00-15:03:00 fits in 06:00:00-20:00:00
[2025-12-11T07:10:13.875Z] [Timeline] Hotspot 19 operating hours OK
[2025-12-11T07:10:13.903Z] [Timeline] Travel type for "Pondicherry Airport|Pondicherry" -> "Pondicherry Airport|Pondicherry": 1 (1=local, 2=outstation)
[2025-12-11T07:10:13.995Z] [Timeline] Building hotspot row for hotspot_ID=19
[2025-12-11T07:10:14.013Z] [Timeline] Built hotspot row: item_type=4, hotspot_ID=19, order=4
[2025-12-11T07:10:14.061Z] [Timeline] Hotspot 20 - currentSeconds: 54180, routeEndSeconds: 72000
[2025-12-11T07:10:14.093Z] [Timeline] Processing hotspot 20 for route 567
[2025-12-11T07:10:14.110Z] [Timeline] Hotspot 20 coords: lat=11.883875481616602, lon=79.80141705562612
[2025-12-11T07:10:14.174Z] [Timeline] Checking operating hours for hotspot 20: visit window 15:18:00-16:18:00 on day 5
[2025-12-11T07:10:14.197Z] [Timeline] Hotspot 20 check window: 09:30:00-16:00:00, visit: 15:18:00-16:18:00
[2025-12-11T07:10:14.231Z] [Timeline] Hotspot 20 operating hours check FAILED - visit 15:18:00-16:18:00 doesn't fit in any window
[2025-12-11T07:10:14.234Z] [Timeline] Hotspot 20 not open during visit window 15:18:00-16:18:00 on day 5, skipping
[2025-12-11T07:10:14.269Z] [Timeline] Hotspot 17 - currentSeconds: 54180, routeEndSeconds: 72000
[2025-12-11T07:10:14.281Z] [Timeline] Processing hotspot 17 for route 567
[2025-12-11T07:10:14.321Z] [Timeline] Hotspot 17 coords: lat=11.936929030828965, lon=79.83477998559515
[2025-12-11T07:10:14.427Z] [Timeline] Checking operating hours for hotspot 17: visit window 15:04:00-16:04:00 on day 5
[2025-12-11T07:10:14.458Z] [Timeline] Hotspot 17 check window: 10:30:00-19:00:00, visit: 15:04:00-16:04:00
[2025-12-11T07:10:14.477Z] [Timeline] Hotspot 17 operating hours OK - entire visit 15:04:00-16:04:00 fits in 10:30:00-19:00:00
[2025-12-11T07:10:14.497Z] [Timeline] Hotspot 17 operating hours OK
[2025-12-11T07:10:14.528Z] [Timeline] Travel type for "Pondicherry Airport|Pondicherry" -> "Pondicherry Airport|Pondicherry": 1 (1=local, 2=outstation)
[2025-12-11T07:10:14.584Z] [Timeline] Building hotspot row for hotspot_ID=17
[2025-12-11T07:10:14.617Z] [Timeline] Built hotspot row: item_type=4, hotspot_ID=17, order=5
[2025-12-11T07:10:14.654Z] [Timeline] Hotspot 24 - currentSeconds: 57840, routeEndSeconds: 72000
[2025-12-11T07:10:14.685Z] [Timeline] Processing hotspot 24 for route 567
[2025-12-11T07:10:14.719Z] [Timeline] Hotspot 24 coords: lat=11.934656339062595, lon=79.83484999477534
[2025-12-11T07:10:14.783Z] [Timeline] Checking operating hours for hotspot 24: visit window 16:05:00-16:35:00 on day 5
[2025-12-11T07:10:14.818Z] [Timeline] Hotspot 24 check window: 09:00:00-18:00:00, visit: 16:05:00-16:35:00
[2025-12-11T07:10:14.828Z] [Timeline] Hotspot 24 operating hours OK - entire visit 16:05:00-16:35:00 fits in 09:00:00-18:00:00
[2025-12-11T07:10:14.856Z] [Timeline] Hotspot 24 operating hours OK
[2025-12-11T07:10:14.868Z] [Timeline] Travel type for "Pondicherry Airport|Pondicherry" -> "Pondicherry Airport|Pondicherry": 1 (1=local, 2=outstation)
[2025-12-11T07:10:14.937Z] [Timeline] Building hotspot row for hotspot_ID=24
[2025-12-11T07:10:14.979Z] [Timeline] Built hotspot row: item_type=4, hotspot_ID=24, order=6
[2025-12-11T07:10:15.020Z] [Timeline] Hotspot 677 - currentSeconds: 59700, routeEndSeconds: 72000
[2025-12-11T07:10:15.031Z] [Timeline] Processing hotspot 677 for route 567
[2025-12-11T07:10:15.064Z] [Timeline] Hotspot 677 coords: lat=11.933029585291068, lon=79.83418306595088
[2025-12-11T07:10:15.146Z] [Timeline] Checking operating hours for hotspot 677: visit window 16:35:00-17:20:00 on day 5
[2025-12-11T07:10:15.179Z] [Timeline] Hotspot 677 check window: 06:00:00-19:00:00, visit: 16:35:00-17:20:00
[2025-12-11T07:10:15.211Z] [Timeline] Hotspot 677 operating hours OK - entire visit 16:35:00-17:20:00 fits in 06:00:00-19:00:00
[2025-12-11T07:10:15.216Z] [Timeline] Hotspot 677 operating hours OK
[2025-12-11T07:10:15.247Z] [Timeline] Travel type for "Pondicherry Airport|Pondicherry" -> "Pondicherry|Pondicherry Airport": 1 (1=local, 2=outstation)
[2025-12-11T07:10:15.370Z] [Timeline] Building hotspot row for hotspot_ID=677
[2025-12-11T07:10:15.388Z] [Timeline] Built hotspot row: item_type=4, hotspot_ID=677, order=7
[2025-12-11T07:10:15.430Z] [Timeline] Hotspot 678 - currentSeconds: 62400, routeEndSeconds: 72000
[2025-12-11T07:10:15.449Z] [Timeline] Processing hotspot 678 for route 567
[2025-12-11T07:10:15.458Z] [Timeline] Hotspot 678 coords: lat=11.928492248303817, lon=79.83303242117643
[2025-12-11T07:10:15.512Z] [Timeline] Checking operating hours for hotspot 678: visit window 17:21:00-18:21:00 on day 5
[2025-12-11T07:10:15.544Z] [Timeline] Hotspot 678 operating hours OK
[2025-12-11T07:10:15.560Z] [Timeline] Travel type for "Pondicherry|Pondicherry Airport" -> "Pondicherry|Pondicherry Airport": 1 (1=local, 2=outstation)
[2025-12-11T07:10:15.637Z] [Timeline] Building hotspot row for hotspot_ID=678
[2025-12-11T07:10:15.670Z] [Timeline] Built hotspot row: item_type=4, hotspot_ID=678, order=8
[2025-12-11T07:10:15.717Z] [Timeline] Hotspot 676 - currentSeconds: 66060, routeEndSeconds: 72000
[2025-12-11T07:10:15.749Z] [Timeline] Processing hotspot 676 for route 567
[2025-12-11T07:10:15.781Z] [Timeline] Hotspot 676 coords: lat=11.930177048465467, lon=79.8224313245787
[2025-12-11T07:10:15.839Z] [Timeline] Checking operating hours for hotspot 676: visit window 18:24:00-19:24:00 on day 5
[2025-12-11T07:10:15.879Z] [Timeline] Hotspot 676 check window: 10:00:00-17:00:00, visit: 18:24:00-19:24:00
[2025-12-11T07:10:15.881Z] [Timeline] Hotspot 676 operating hours check FAILED - visit 18:24:00-19:24:00 doesn't fit in any window
[2025-12-11T07:10:15.914Z] [Timeline] Hotspot 676 not open during visit window 18:24:00-19:24:00 on day 5, skipping
[2025-12-11T07:10:15.943Z] [Timeline] Hotspot 277 - currentSeconds: 66060, routeEndSeconds: 72000
[2025-12-11T07:10:15.955Z] [Timeline] Processing hotspot 277 for route 567
[2025-12-11T07:10:15.967Z] [Timeline] Hotspot 277 coords: lat=11.916309213225349, lon=79.82433098120615
[2025-12-11T07:10:16.021Z] [Timeline] Checking operating hours for hotspot 277: visit window 18:25:00-21:25:00 on day 5
[2025-12-11T07:10:16.025Z] [Timeline] Hotspot 277 check window: 09:00:00-18:00:00, visit: 18:25:00-21:25:00
[2025-12-11T07:10:16.052Z] [Timeline] Hotspot 277 operating hours check FAILED - visit 18:25:00-21:25:00 doesn't fit in any window
[2025-12-11T07:10:16.065Z] [Timeline] Hotspot 277 not open during visit window 18:25:00-21:25:00 on day 5, skipping
[2025-12-11T07:10:16.086Z] [Timeline] Hotspot 679 - currentSeconds: 66060, routeEndSeconds: 72000
[2025-12-11T07:10:16.109Z] [Timeline] Processing hotspot 679 for route 567
[2025-12-11T07:10:16.127Z] [Timeline] Hotspot 679 coords: lat=11.913052113056816, lon=79.82932149874199
[2025-12-11T07:10:16.172Z] [Timeline] Checking operating hours for hotspot 679: visit window 18:25:00-18:55:00 on day 5
[2025-12-11T07:10:16.190Z] [Timeline] Hotspot 679 operating hours OK
[2025-12-11T07:10:16.212Z] [Timeline] Travel type for "Pondicherry|Pondicherry Airport" -> "Pondicherry|Pondicherry Airport": 1 (1=local, 2=outstation)
[2025-12-11T07:10:16.289Z] [Timeline] Building hotspot row for hotspot_ID=679
[2025-12-11T07:10:16.313Z] [Timeline] Built hotspot row: item_type=4, hotspot_ID=679, order=9
[2025-12-11T07:10:16.380Z] [Timeline] Hotspot 669 - currentSeconds: 68100, routeEndSeconds: 72000
[2025-12-11T07:10:16.412Z] [Timeline] Processing hotspot 669 for route 567
[2025-12-11T07:10:16.446Z] [Timeline] Hotspot 669 coords: lat=11.882310987345338, lon=79.8244548517534
[2025-12-11T07:10:16.502Z] [Timeline] Checking operating hours for hotspot 669: visit window 19:03:00-20:03:00 on day 5
[2025-12-11T07:10:16.516Z] [Timeline] Hotspot 669 check window: 06:00:00-18:00:00, visit: 19:03:00-20:03:00
[2025-12-11T07:10:16.537Z] [Timeline] Hotspot 669 operating hours check FAILED - visit 19:03:00-20:03:00 doesn't fit in any window
[2025-12-11T07:10:16.562Z] [Timeline] Hotspot 669 not open during visit window 19:03:00-20:03:00 on day 5, skipping
[2025-12-11T07:10:16.615Z] [Timeline] Route 568 (Pondicherry → Pondicherry Airport): routeStartTime=08:00:00, routeEndTime=20:00:00, direct_to_next=0
[2025-12-11T07:10:16.629Z] [Timeline] Route 568 starting coords from location_id 5922: (11.9415915, 79.8083133)
[2025-12-11T07:10:16.662Z] [Timeline] Route 568 - Skipping refreshment row (last route) but advancing time by 01:00:00 to 09:00:00
[2025-12-11T07:10:16.699Z] [fetchSelectedHotspots] route 568 target="Pondicherry" next="Pondicherry Airport" dow=6
[2025-12-11T07:10:16.872Z] [fetchSelectedHotspots] Found 583 total active hotspots
[2025-12-11T07:10:16.879Z] [fetchSelectedHotspots] direct_to_next_visiting_place=0
[2025-12-11T07:10:16.898Z] [fetchSelectedHotspots] source="Pondicherry", destination="Pondicherry Airport"
[2025-12-11T07:10:16.937Z] [fetchSelectedHotspots] Starting coords from stored_locations: (13.0827989, 80.2754246)
[2025-12-11T07:10:16.949Z] [fetchSelectedHotspots] Hotspot 16 "Paradise Beach" → DESTINATION (matches "Pondicherry Airport" - PRIMARY - ONLY)
[2025-12-11T07:10:16.953Z] [fetchSelectedHotspots] Hotspot 17 "Sri Aurobindo Ashram" → DESTINATION (matches "Pondicherry Airport" - PRIMARY)
[2025-12-11T07:10:16.985Z] [fetchSelectedHotspots] Hotspot 18 "Auroville" → DESTINATION (matches "Pondicherry Airport" - PRIMARY)
[2025-12-11T07:10:16.995Z] [fetchSelectedHotspots] Hotspot 19 "Promenade Beach" → DESTINATION (matches "Pondicherry Airport" - PRIMARY)
[2025-12-11T07:10:16.997Z] [fetchSelectedHotspots] Hotspot 20 "Chunnambar Boathouse" → DESTINATION (matches "Pondicherry Airport" - PRIMARY)
[2025-12-11T07:10:17.030Z] [fetchSelectedHotspots] Hotspot 21 "The Basilica of the Sacred Heart of Jesus" → DESTINATION (matches "Pondicherry Airport" - PRIMARY)
[2025-12-11T07:10:17.034Z] [fetchSelectedHotspots] Hotspot 23 "French War Memorial" → DESTINATION (matches "Pondicherry Airport" - PRIMARY - ONLY)
[2025-12-11T07:10:17.067Z] [fetchSelectedHotspots] Hotspot 24 "The Pondicherry Museum" → DESTINATION (matches "Pondicherry Airport" - PRIMARY)
[2025-12-11T07:10:17.076Z] [fetchSelectedHotspots] Hotspot 25 "Manakula Vinayagar Temple" → DESTINATION (matches "Pondicherry Airport" - PRIMARY)
[2025-12-11T07:10:17.109Z] [fetchSelectedHotspots] Hotspot 277 "Pondicherry Backwater" → DESTINATION (matches "Pondicherry Airport" - PRIMARY)
[2025-12-11T07:10:17.143Z] [fetchSelectedHotspots] Hotspot 669 "Eden Beach - Blue flag Beach" → SOURCE (matches "Pondicherry" - PRIMARY)
[2025-12-11T07:10:17.153Z] [fetchSelectedHotspots] Hotspot 669 "Eden Beach - Blue flag Beach" → DESTINATION (matches "Pondicherry Airport")
[2025-12-11T07:10:17.178Z] [fetchSelectedHotspots] Hotspot 676 "Botanical Garden" → SOURCE (matches "Pondicherry" - PRIMARY)
[2025-12-11T07:10:17.184Z] [fetchSelectedHotspots] Hotspot 676 "Botanical Garden" → DESTINATION (matches "Pondicherry Airport")
[2025-12-11T07:10:17.211Z] [fetchSelectedHotspots] Hotspot 677 "Bharathi Park &amp; Aayi Mandapam" → SOURCE (matches "Pondicherry" - PRIMARY)
[2025-12-11T07:10:17.217Z] [fetchSelectedHotspots] Hotspot 677 "Bharathi Park &amp; Aayi Mandapam" → DESTINATION (matches "Pondicherry Airport")
[2025-12-11T07:10:17.236Z] [fetchSelectedHotspots] Hotspot 678 "French Colony" → SOURCE (matches "Pondicherry" - PRIMARY)
[2025-12-11T07:10:17.251Z] [fetchSelectedHotspots] Hotspot 678 "French Colony" → DESTINATION (matches "Pondicherry Airport")
[2025-12-11T07:10:17.272Z] [fetchSelectedHotspots] Hotspot 679 "Pondi Marina Beach" → SOURCE (matches "Pondicherry" - PRIMARY)
[2025-12-11T07:10:17.286Z] [fetchSelectedHotspots] Hotspot 679 "Pondi Marina Beach" → DESTINATION (matches "Pondicherry Airport")
[2025-12-11T07:10:17.316Z] [fetchSelectedHotspots] Filtered 5 priority-0 SOURCE hotspots (5 → 0)
[2025-12-11T07:10:17.368Z] [fetchSelectedHotspots] Categorized: source=0, destination=15, via=0
[2025-12-11T07:10:17.386Z] [fetchSelectedHotspots] direct_to_next_visiting_place=0: Processing SOURCE → DESTINATION → VIA
[2025-12-11T07:10:17.400Z] [fetchSelectedHotspots] Matched 15 hotspots after PHP ordering
[2025-12-11T07:10:17.420Z] [fetchSelectedHotspots] First 5 hotspots (sorted): ID=18 "Auroville" priority=1 distance=194.08km, ID=16 "Paradise Beach" priority=1 distance=209.31km, ID=25 "Manakula Vinayagar Temple" priority=2 distance=204.26km, ID=23 "French War Memorial" priority=3 distance=204.86km, ID=21 "The Basilica of the Sacred Heart of Jesus" priority=4 distance=206.23km
[2025-12-11T07:10:17.436Z] [fetchSelectedHotspots] Matched 15 hotspots for route 568
[2025-12-11T07:10:17.461Z] [Timeline] Route 568: Selected 15 hotspots
[2025-12-11T07:10:17.487Z] [Timeline] Route 568 - currentTime: 09:00:00, routeEndTime: 20:00:00, routeEndSeconds: 72000
[2025-12-11T07:10:17.494Z] [Timeline] Hotspot 18 - currentSeconds: 32400, routeEndSeconds: 72000
[2025-12-11T07:10:17.518Z] [Timeline] Processing hotspot 18 for route 568
[2025-12-11T07:10:17.543Z] [Timeline] Hotspot 18 coords: lat=12.008342334177776, lon=79.81781931258232
[2025-12-11T07:10:17.627Z] [Timeline] Checking operating hours for hotspot 18: visit window 09:17:00-11:17:00 on day 6
[2025-12-11T07:10:17.655Z] [Timeline] Hotspot 18 check window: 09:00:00-13:00:00, visit: 09:17:00-11:17:00
[2025-12-11T07:10:17.668Z] [Timeline] Hotspot 18 operating hours OK - entire visit 09:17:00-11:17:00 fits in 09:00:00-13:00:00
[2025-12-11T07:10:17.694Z] [Timeline] Hotspot 18 operating hours OK
[2025-12-11T07:10:17.710Z] [Timeline] Travel type for "Pondicherry" -> "Pondicherry Airport|Pondicherry": 1 (1=local, 2=outstation)
[2025-12-11T07:10:17.794Z] [Timeline] Building hotspot row for hotspot_ID=18
[2025-12-11T07:10:17.820Z] [Timeline] Built hotspot row: item_type=4, hotspot_ID=18, order=2
[2025-12-11T07:10:17.862Z] [Timeline] Hotspot 16 - currentSeconds: 40620, routeEndSeconds: 72000
[2025-12-11T07:10:17.869Z] [Timeline] Processing hotspot 16 for route 568
[2025-12-11T07:10:17.904Z] [Timeline] Hotspot 16 coords: lat=11.894346668881749, lon=79.86265715952393
[2025-12-11T07:10:17.987Z] [Timeline] Checking operating hours for hotspot 16: visit window 11:48:00-12:18:00 on day 6
[2025-12-11T07:10:18.013Z] [Timeline] Hotspot 16 check window: 09:00:00-18:00:00, visit: 11:48:00-12:18:00
[2025-12-11T07:10:18.053Z] [Timeline] Hotspot 16 operating hours OK - entire visit 11:48:00-12:18:00 fits in 09:00:00-18:00:00
[2025-12-11T07:10:18.092Z] [Timeline] Hotspot 16 operating hours OK
[2025-12-11T07:10:18.128Z] [Timeline] Travel type for "Pondicherry Airport|Pondicherry" -> "Pondicherry Airport": 1 (1=local, 2=outstation)
[2025-12-11T07:10:18.229Z] [Timeline] Building hotspot row for hotspot_ID=16
[2025-12-11T07:10:18.236Z] [Timeline] Built hotspot row: item_type=4, hotspot_ID=16, order=3
[2025-12-11T07:10:18.284Z] [Timeline] Hotspot 25 - currentSeconds: 44280, routeEndSeconds: 72000
[2025-12-11T07:10:18.342Z] [Timeline] Processing hotspot 25 for route 568
[2025-12-11T07:10:18.380Z] [Timeline] Hotspot 25 coords: lat=11.936184966220257, lon=79.83484226674099
[2025-12-11T07:10:18.447Z] [Timeline] Checking operating hours for hotspot 25: visit window 12:30:00-13:00:00 on day 6
[2025-12-11T07:10:18.454Z] [Timeline] Hotspot 25 check window: 05:45:00-12:30:00, visit: 12:30:00-13:00:00
[2025-12-11T07:10:18.478Z] [Timeline] Hotspot 25 check window: 16:00:00-20:00:00, visit: 12:30:00-13:00:00
[2025-12-11T07:10:18.486Z] [Timeline] Hotspot 25 operating hours check FAILED - visit 12:30:00-13:00:00 doesn't fit in any window
[2025-12-11T07:10:18.498Z] [Timeline] Hotspot 25 not open during visit window 12:30:00-13:00:00 on day 6, skipping
[2025-12-11T07:10:18.526Z] [Timeline] Hotspot 23 - currentSeconds: 44280, routeEndSeconds: 72000
[2025-12-11T07:10:18.584Z] [Timeline] Processing hotspot 23 for route 568
[2025-12-11T07:10:18.635Z] [Timeline] Hotspot 23 coords: lat=11.93212951685565, lon=79.83535346593922
[2025-12-11T07:10:18.684Z] [Timeline] Checking operating hours for hotspot 23: visit window 12:18:00-12:38:00 on day 6
[2025-12-11T07:10:18.723Z] [Timeline] Hotspot 23 operating hours OK
[2025-12-11T07:10:18.855Z] [Timeline] Travel type for "Pondicherry Airport" -> "Pondicherry Airport": 1 (1=local, 2=outstation)
[2025-12-11T07:10:19.063Z] [Timeline] Building hotspot row for hotspot_ID=23
[2025-12-11T07:10:19.169Z] [Timeline] Built hotspot row: item_type=4, hotspot_ID=23, order=4
[2025-12-11T07:10:19.200Z] [Timeline] Hotspot 21 - currentSeconds: 45480, routeEndSeconds: 72000
[2025-12-11T07:10:19.231Z] [Timeline] Processing hotspot 21 for route 568
[2025-12-11T07:10:19.242Z] [Timeline] Skipping hotspot 21 - already added to plan 5
[2025-12-11T07:10:19.276Z] [Timeline] Hotspot 19 - currentSeconds: 45480, routeEndSeconds: 72000
[2025-12-11T07:10:19.278Z] [Timeline] Processing hotspot 19 for route 568
[2025-12-11T07:10:19.295Z] [Timeline] Skipping hotspot 19 - already added to plan 5
[2025-12-11T07:10:19.327Z] [Timeline] Hotspot 20 - currentSeconds: 45480, routeEndSeconds: 72000
[2025-12-11T07:10:19.371Z] [Timeline] Processing hotspot 20 for route 568
[2025-12-11T07:10:19.378Z] [Timeline] Hotspot 20 coords: lat=11.883875481616602, lon=79.80141705562612
[2025-12-11T07:10:19.464Z] [Timeline] Checking operating hours for hotspot 20: visit window 12:53:00-13:53:00 on day 6
[2025-12-11T07:10:19.498Z] [Timeline] Hotspot 20 check window: 09:30:00-16:00:00, visit: 12:53:00-13:53:00
[2025-12-11T07:10:19.528Z] [Timeline] Hotspot 20 operating hours OK - entire visit 12:53:00-13:53:00 fits in 09:30:00-16:00:00
[2025-12-11T07:10:19.550Z] [Timeline] Hotspot 20 operating hours OK
[2025-12-11T07:10:19.577Z] [Timeline] Travel type for "Pondicherry Airport" -> "Pondicherry Airport|Pondicherry": 1 (1=local, 2=outstation)
[2025-12-11T07:10:19.642Z] [Timeline] Building hotspot row for hotspot_ID=20
[2025-12-11T07:10:19.678Z] [Timeline] Built hotspot row: item_type=4, hotspot_ID=20, order=5
[2025-12-11T07:10:19.717Z] [Timeline] Hotspot 17 - currentSeconds: 49980, routeEndSeconds: 72000
[2025-12-11T07:10:19.774Z] [Timeline] Processing hotspot 17 for route 568
[2025-12-11T07:10:19.938Z] [Timeline] Skipping hotspot 17 - already added to plan 5
[2025-12-11T07:10:20.035Z] [Timeline] Hotspot 24 - currentSeconds: 49980, routeEndSeconds: 72000
[2025-12-11T07:10:20.109Z] [Timeline] Processing hotspot 24 for route 568
[2025-12-11T07:10:20.147Z] [Timeline] Skipping hotspot 24 - already added to plan 5
[2025-12-11T07:10:20.153Z] [Timeline] Hotspot 677 - currentSeconds: 49980, routeEndSeconds: 72000
[2025-12-11T07:10:20.196Z] [Timeline] Processing hotspot 677 for route 568
[2025-12-11T07:10:20.233Z] [Timeline] Skipping hotspot 677 - already added to plan 5
[2025-12-11T07:10:20.265Z] [Timeline] Hotspot 678 - currentSeconds: 49980, routeEndSeconds: 72000
[2025-12-11T07:10:20.278Z] [Timeline] Processing hotspot 678 for route 568
[2025-12-11T07:10:20.296Z] [Timeline] Skipping hotspot 678 - already added to plan 5
[2025-12-11T07:10:20.320Z] [Timeline] Hotspot 676 - currentSeconds: 49980, routeEndSeconds: 72000
[2025-12-11T07:10:20.374Z] [Timeline] Processing hotspot 676 for route 568
[2025-12-11T07:10:20.388Z] [Timeline] Hotspot 676 coords: lat=11.930177048465467, lon=79.8224313245787
[2025-12-11T07:10:20.454Z] [Timeline] Checking operating hours for hotspot 676: visit window 14:06:00-15:06:00 on day 6
[2025-12-11T07:10:20.484Z] [Timeline] Hotspot 676 check window: 10:00:00-17:00:00, visit: 14:06:00-15:06:00
[2025-12-11T07:10:20.495Z] [Timeline] Hotspot 676 operating hours OK - entire visit 14:06:00-15:06:00 fits in 10:00:00-17:00:00
[2025-12-11T07:10:20.504Z] [Timeline] Hotspot 676 operating hours OK
[2025-12-11T07:10:20.528Z] [Timeline] Travel type for "Pondicherry Airport|Pondicherry" -> "Pondicherry|Pondicherry Airport": 1 (1=local, 2=outstation)
[2025-12-11T07:10:20.591Z] [Timeline] Building hotspot row for hotspot_ID=676
[2025-12-11T07:10:20.630Z] [Timeline] Built hotspot row: item_type=4, hotspot_ID=676, order=6
[2025-12-11T07:10:20.665Z] [Timeline] Hotspot 277 - currentSeconds: 54360, routeEndSeconds: 72000
[2025-12-11T07:10:20.668Z] [Timeline] Processing hotspot 277 for route 568
[2025-12-11T07:10:20.702Z] [Timeline] Hotspot 277 coords: lat=11.916309213225349, lon=79.82433098120615
[2025-12-11T07:10:20.754Z] [Timeline] Checking operating hours for hotspot 277: visit window 15:10:00-18:10:00 on day 6
[2025-12-11T07:10:20.788Z] [Timeline] Hotspot 277 check window: 09:00:00-18:00:00, visit: 15:10:00-18:10:00
[2025-12-11T07:10:20.792Z] [Timeline] Hotspot 277 operating hours check FAILED - visit 15:10:00-18:10:00 doesn't fit in any window
[2025-12-11T07:10:20.822Z] [Timeline] Hotspot 277 not open during visit window 15:10:00-18:10:00 on day 6, skipping
[2025-12-11T07:10:20.835Z] [Timeline] Hotspot 679 - currentSeconds: 54360, routeEndSeconds: 72000
[2025-12-11T07:10:20.861Z] [Timeline] Processing hotspot 679 for route 568
[2025-12-11T07:10:20.869Z] [Timeline] Skipping hotspot 679 - already added to plan 5
[2025-12-11T07:10:20.879Z] [Timeline] Hotspot 669 - currentSeconds: 54360, routeEndSeconds: 72000
[2025-12-11T07:10:20.900Z] [Timeline] Processing hotspot 669 for route 568
[2025-12-11T07:10:20.936Z] [Timeline] Hotspot 669 coords: lat=11.882310987345338, lon=79.8244548517534
[2025-12-11T07:10:21.010Z] [Timeline] Checking operating hours for hotspot 669: visit window 15:18:00-16:18:00 on day 6
[2025-12-11T07:10:21.033Z] [Timeline] Hotspot 669 check window: 06:00:00-18:00:00, visit: 15:18:00-16:18:00
[2025-12-11T07:10:21.046Z] [Timeline] Hotspot 669 operating hours OK - entire visit 15:18:00-16:18:00 fits in 06:00:00-18:00:00
[2025-12-11T07:10:21.065Z] [Timeline] Hotspot 669 operating hours OK
[2025-12-11T07:10:21.079Z] [Timeline] Travel type for "Pondicherry|Pondicherry Airport" -> "Pondicherry|Pondicherry Airport": 1 (1=local, 2=outstation)
[2025-12-11T07:10:21.127Z] [Timeline] Building hotspot row for hotspot_ID=669
[2025-12-11T07:10:21.137Z] [Timeline] Built hotspot row: item_type=4, hotspot_ID=669, order=7
[2025-12-11T07:10:21.179Z] [Timeline] Route 568 - Skipping hotel rows (last route - PHP behavior)
[2025-12-11T07:10:21.226Z] [Timeline] Returning 37 hotspot rows and 0 parking rows
[2025-12-11T07:10:21.258Z] [Timeline] Hotspot rows item_types: 1, 3, 4, 5, 6, 1, 3, 4, 3, 4, 3, 4, 3, 4, 3, 4, 3, 4, 3, 4, 3, 4, 5, 6, 3, 4, 3, 4, 3, 4, 3, 4, 3, 4, 3, 4, 7
[2025-12-11T07:10:21.277Z] [Timeline] Hotspot rows hotspot_IDs: , 5, 5, 0, 0, , 4, 4, 21, 21, 19, 19, 17, 17, 24, 24, 677, 677, 678, 678, 679, 679, 0, 0, 18, 18, 16, 16, 23, 23, 20, 20, 676, 676, 669, 669, 0
[2025-12-11T07:10:21.288Z] 
=== LOG FILE SAVED TO: D:\wamp64\www\dvi_fullstack\dvi_backend\tmp\hotspot_optimization_1765437001729.log ===

