[2025-12-11T05:01:04.982Z] === HOTSPOT OPTIMIZATION LOG ===
[2025-12-11T05:01:05.055Z] Started at: 2025-12-11T05:01:05.055Z

[2025-12-11T05:01:49.337Z] [Timeline] Route 503 (Chennai International Airport → Chennai): routeStartTime=11:00:00, routeEndTime=20:00:00, direct_to_next=0
[2025-12-11T05:01:49.383Z] [Timeline] Route 503 starting coords from location_id 165946: (12.9811068, 80.159623)
[2025-12-11T05:01:49.410Z] [Timeline] Route 503 - Added refreshment break: 11:00:00 - 12:00:00
[2025-12-11T05:01:49.461Z] [fetchSelectedHotspots] route 503 target="Chennai International Airport" next="Chennai" dow=4
[2025-12-11T05:01:49.623Z] [fetchSelectedHotspots] Found 583 total active hotspots
[2025-12-11T05:01:49.633Z] [fetchSelectedHotspots] direct_to_next_visiting_place=0
[2025-12-11T05:01:49.657Z] [fetchSelectedHotspots] source="Chennai International Airport", destination="Chennai"
[2025-12-11T05:01:49.678Z] [fetchSelectedHotspots] Starting coords from stored_locations: (12.9811068, 80.159623)
[2025-12-11T05:01:49.686Z] [fetchSelectedHotspots] Hotspot 4 "Kapaleeshwarar Temple" → SOURCE (matches "Chennai International Airport" - PRIMARY)
[2025-12-11T05:01:49.688Z] [fetchSelectedHotspots] Hotspot 4 "Kapaleeshwarar Temple" → DESTINATION (matches "Chennai")
[2025-12-11T05:01:49.713Z] [fetchSelectedHotspots] Hotspot 5 "Marina Beach" → SOURCE (matches "Chennai International Airport" - PRIMARY)
[2025-12-11T05:01:49.721Z] [fetchSelectedHotspots] Hotspot 5 "Marina Beach" → DESTINATION (matches "Chennai")
[2025-12-11T05:01:49.728Z] [fetchSelectedHotspots] Hotspot 6 "Fort St.George Museum" → SOURCE (matches "Chennai International Airport" - PRIMARY)
[2025-12-11T05:01:49.767Z] [fetchSelectedHotspots] Hotspot 7 "Government Museum Chennai" → SOURCE (matches "Chennai International Airport" - PRIMARY)
[2025-12-11T05:01:49.781Z] [fetchSelectedHotspots] Hotspot 8 "Santhome Cathedral Basilica" → SOURCE (matches "Chennai International Airport" - PRIMARY)
[2025-12-11T05:01:49.810Z] [fetchSelectedHotspots] Hotspot 9 "Thousand Lights Mosque" → SOURCE (matches "Chennai International Airport" - PRIMARY)
[2025-12-11T05:01:49.855Z] [fetchSelectedHotspots] Hotspot 10 "Guindy National Park" → SOURCE (matches "Chennai International Airport" - PRIMARY)
[2025-12-11T05:01:49.888Z] [fetchSelectedHotspots] Hotspot 11 "Parthasarathy Temple" → SOURCE (matches "Chennai International Airport" - PRIMARY)
[2025-12-11T05:01:49.951Z] [fetchSelectedHotspots] Hotspot 12 "Vivekanandar House" → SOURCE (matches "Chennai International Airport" - PRIMARY)
[2025-12-11T05:01:50.002Z] [fetchSelectedHotspots] Hotspot 13 "Arignar Anna Zoological Park" → SOURCE (matches "Chennai International Airport" - PRIMARY)
[2025-12-11T05:01:50.049Z] [fetchSelectedHotspots] Hotspot 290 "Vgp snow kingdom" → SOURCE (matches "Chennai International Airport" - PRIMARY)
[2025-12-11T05:01:50.061Z] [fetchSelectedHotspots] Hotspot 291 "Vgp marine kingdom" → SOURCE (matches "Chennai International Airport" - PRIMARY)
[2025-12-11T05:01:50.111Z] [fetchSelectedHotspots] Hotspot 292 "Guindy snake park" → SOURCE (matches "Chennai International Airport" - PRIMARY)
[2025-12-11T05:01:50.200Z] [fetchSelectedHotspots] Hotspot 293 "Queens land" → SOURCE (matches "Chennai International Airport" - PRIMARY)
[2025-12-11T05:01:50.243Z] [fetchSelectedHotspots] Hotspot 294 "light house marina" → SOURCE (matches "Chennai International Airport" - PRIMARY)
[2025-12-11T05:01:50.322Z] [fetchSelectedHotspots] Hotspot 296 "Anna tower park" → SOURCE (matches "Chennai International Airport" - PRIMARY)
[2025-12-11T05:01:50.394Z] [fetchSelectedHotspots] Hotspot 297 "B.M Birla planitourim." → SOURCE (matches "Chennai International Airport" - PRIMARY)
[2025-12-11T05:01:50.440Z] [fetchSelectedHotspots] Hotspot 298 "Click art museum" → SOURCE (matches "Chennai International Airport" - PRIMARY)
[2025-12-11T05:01:50.483Z] [fetchSelectedHotspots] Hotspot 299 "National art gallery" → SOURCE (matches "Chennai International Airport" - PRIMARY)
[2025-12-11T05:01:50.561Z] [fetchSelectedHotspots] Hotspot 300 "M G R  Memorial" → SOURCE (matches "Chennai International Airport" - PRIMARY)
[2025-12-11T05:01:50.605Z] [fetchSelectedHotspots] Hotspot 303 "Anna memorial." → SOURCE (matches "Chennai International Airport" - PRIMARY)
[2025-12-11T05:01:50.693Z] [fetchSelectedHotspots] Hotspot 544 "Shri Ashtalakshmi Temple" → SOURCE (matches "Chennai International Airport" - PRIMARY)
[2025-12-11T05:01:50.833Z] [fetchSelectedHotspots] Hotspot 544 "Shri Ashtalakshmi Temple" → DESTINATION (matches "Chennai")
[2025-12-11T05:01:50.998Z] [fetchSelectedHotspots] Filtered 14 priority-0 SOURCE hotspots (22 → 8)
[2025-12-11T05:01:51.192Z] [fetchSelectedHotspots] Categorized: source=8, destination=3, via=0
[2025-12-11T05:01:51.233Z] [fetchSelectedHotspots] AIRPORT ARRIVAL DETECTED: "Chennai International Airport" → "Chennai"
[2025-12-11T05:01:51.364Z] [fetchSelectedHotspots] direct_to_next_visiting_place=0 + AIRPORT ARRIVAL: Processing DESTINATION → VIA
[2025-12-11T05:01:51.423Z] [fetchSelectedHotspots] Matched 3 hotspots after PHP ordering
[2025-12-11T05:01:51.494Z] [fetchSelectedHotspots] First 5 hotspots (sorted): ID=4 "Kapaleeshwarar Temple" priority=1 distance=19.94km, ID=5 "Marina Beach" priority=2 distance=22.47km, ID=544 "Shri Ashtalakshmi Temple" priority=0 distance=18.11km
[2025-12-11T05:01:51.550Z] [fetchSelectedHotspots] Matched 3 hotspots for route 503
[2025-12-11T05:01:51.592Z] [Timeline] Route 503: Selected 3 hotspots
[2025-12-11T05:01:51.632Z] [Timeline] Route 503 - currentTime: 12:00:00, routeEndTime: 20:00:00, routeEndSeconds: 72000
[2025-12-11T05:01:51.651Z] [Timeline] Hotspot 4 - currentSeconds: 43200, routeEndSeconds: 72000
[2025-12-11T05:01:51.668Z] [Timeline] Processing hotspot 4 for route 503
[2025-12-11T05:01:51.694Z] [Timeline] Hotspot 4 coords: lat=13.033798514213936, lon=80.26977915213011
[2025-12-11T05:01:51.774Z] [Timeline] Checking operating hours for hotspot 4: visit window 12:30:00-13:30:00 on day 4
[2025-12-11T05:01:51.805Z] [Timeline] Hotspot 4 check window: 05:30:00-12:00:00, visit: 12:30:00-13:30:00
[2025-12-11T05:01:51.850Z] [Timeline] Hotspot 4 check window: 16:00:00-20:00:00, visit: 12:30:00-13:30:00
[2025-12-11T05:01:51.884Z] [Timeline] Hotspot 4 operating hours check FAILED - visit 12:30:00-13:30:00 doesn't fit in any window
[2025-12-11T05:01:51.923Z] [Timeline] Hotspot 4 not open during visit window 12:30:00-13:30:00 on day 4, skipping
[2025-12-11T05:01:51.926Z] [Timeline] Hotspot 5 - currentSeconds: 43200, routeEndSeconds: 72000
[2025-12-11T05:01:51.968Z] [Timeline] Processing hotspot 5 for route 503
[2025-12-11T05:01:51.991Z] [Timeline] Hotspot 5 coords: lat=13.051080243192029, lon=80.27775926313883
[2025-12-11T05:01:52.125Z] [Timeline] Checking operating hours for hotspot 5: visit window 12:34:00-13:34:00 on day 4
[2025-12-11T05:01:52.152Z] [Timeline] Hotspot 5 operating hours OK
[2025-12-11T05:01:52.177Z] [Timeline] Travel type for "Chennai International Airport" -> "Chennai International Airport|Chennai Domestic Airport|Chennai Central|Chennai|Chennai Egmore Station|Chennai Koyembedu|ECR Beach, Chennai, Tamil Nadu": 1 (1=local, 2=outstation)
[2025-12-11T05:01:52.260Z] [Timeline] Building hotspot row for hotspot_ID=5
[2025-12-11T05:01:52.290Z] [Timeline] Built hotspot row: item_type=4, hotspot_ID=5, order=2
[2025-12-11T05:01:52.324Z] [Timeline] Hotspot 544 - currentSeconds: 48840, routeEndSeconds: 72000
[2025-12-11T05:01:52.353Z] [Timeline] Processing hotspot 544 for route 503
[2025-12-11T05:01:52.366Z] [Timeline] Hotspot 544 coords: lat=12.993461140291483, lon=80.27030436931474
[2025-12-11T05:01:52.468Z] [Timeline] Checking operating hours for hotspot 544: visit window 13:49:00-19:49:00 on day 4
[2025-12-11T05:01:52.499Z] [Timeline] Hotspot 544 check window: 06:00:00-12:00:00, visit: 13:49:00-19:49:00
[2025-12-11T05:01:52.503Z] [Timeline] Hotspot 544 check window: 16:00:00-20:00:00, visit: 13:49:00-19:49:00
[2025-12-11T05:01:52.535Z] [Timeline] Hotspot 544 operating hours check FAILED - visit 13:49:00-19:49:00 doesn't fit in any window
[2025-12-11T05:01:52.544Z] [Timeline] Hotspot 544 not open during visit window 13:49:00-19:49:00 on day 4, skipping
[2025-12-11T05:01:52.618Z] [Timeline] Route 504 (Chennai → Pondicherry): routeStartTime=08:00:00, routeEndTime=20:00:00, direct_to_next=0
[2025-12-11T05:01:52.666Z] [Timeline] Route 504 starting coords from location_id 762: (13.0843007, 80.2704622)
[2025-12-11T05:01:52.703Z] [Timeline] Route 504 - Added refreshment break: 08:00:00 - 09:00:00
[2025-12-11T05:01:52.758Z] [fetchSelectedHotspots] route 504 target="Chennai" next="Pondicherry" dow=5
[2025-12-11T05:01:52.958Z] [fetchSelectedHotspots] Found 583 total active hotspots
[2025-12-11T05:01:53.000Z] [fetchSelectedHotspots] direct_to_next_visiting_place=0
[2025-12-11T05:01:53.033Z] [fetchSelectedHotspots] source="Chennai", destination="Pondicherry"
[2025-12-11T05:01:53.106Z] [fetchSelectedHotspots] Starting coords from stored_locations: (12.9811068, 80.159623)
[2025-12-11T05:01:53.141Z] [fetchSelectedHotspots] Hotspot 4 "Kapaleeshwarar Temple" → SOURCE (matches "Chennai")
[2025-12-11T05:01:53.151Z] [fetchSelectedHotspots] Hotspot 5 "Marina Beach" → SOURCE (matches "Chennai")
[2025-12-11T05:01:53.174Z] [fetchSelectedHotspots] Hotspot 17 "Sri Aurobindo Ashram" → DESTINATION (matches "Pondicherry")
[2025-12-11T05:01:53.192Z] [fetchSelectedHotspots] Hotspot 18 "Auroville" → DESTINATION (matches "Pondicherry")
[2025-12-11T05:01:53.212Z] [fetchSelectedHotspots] Hotspot 19 "Promenade Beach" → DESTINATION (matches "Pondicherry")
[2025-12-11T05:01:53.235Z] [fetchSelectedHotspots] Hotspot 20 "Chunnambar Boathouse" → DESTINATION (matches "Pondicherry")
[2025-12-11T05:01:53.237Z] [fetchSelectedHotspots] Hotspot 21 "The Basilica of the Sacred Heart of Jesus" → DESTINATION (matches "Pondicherry")
[2025-12-11T05:01:53.245Z] [fetchSelectedHotspots] Hotspot 24 "The Pondicherry Museum" → DESTINATION (matches "Pondicherry")
[2025-12-11T05:01:53.253Z] [fetchSelectedHotspots] Hotspot 25 "Manakula Vinayagar Temple" → DESTINATION (matches "Pondicherry")
[2025-12-11T05:01:53.282Z] [fetchSelectedHotspots] Hotspot 277 "Pondicherry Backwater" → DESTINATION (matches "Pondicherry")
[2025-12-11T05:01:53.321Z] [fetchSelectedHotspots] Hotspot 544 "Shri Ashtalakshmi Temple" → SOURCE (matches "Chennai")
[2025-12-11T05:01:53.361Z] [fetchSelectedHotspots] Hotspot 669 "Eden Beach - Blue flag Beach" → DESTINATION (matches "Pondicherry" - PRIMARY)
[2025-12-11T05:01:53.371Z] [fetchSelectedHotspots] Hotspot 676 "Botanical Garden" → DESTINATION (matches "Pondicherry" - PRIMARY)
[2025-12-11T05:01:53.419Z] [fetchSelectedHotspots] Hotspot 677 "Bharathi Park &amp; Aayi Mandapam" → DESTINATION (matches "Pondicherry" - PRIMARY)
[2025-12-11T05:01:53.485Z] [fetchSelectedHotspots] Hotspot 678 "French Colony" → DESTINATION (matches "Pondicherry" - PRIMARY)
[2025-12-11T05:01:53.562Z] [fetchSelectedHotspots] Hotspot 679 "Pondi Marina Beach" → DESTINATION (matches "Pondicherry" - PRIMARY)
[2025-12-11T05:01:53.667Z] [fetchSelectedHotspots] Filtered 1 priority-0 SOURCE hotspots (3 → 2)
[2025-12-11T05:01:53.756Z] [fetchSelectedHotspots] Categorized: source=2, destination=13, via=0
[2025-12-11T05:01:53.856Z] [fetchSelectedHotspots] direct_to_next_visiting_place=0: Processing SOURCE → DESTINATION → VIA
[2025-12-11T05:01:53.909Z] [fetchSelectedHotspots] Matched 15 hotspots after PHP ordering
[2025-12-11T05:01:53.967Z] [fetchSelectedHotspots] First 5 hotspots (sorted): ID=4 "Kapaleeshwarar Temple" priority=1 distance=19.94km, ID=5 "Marina Beach" priority=2 distance=22.47km, ID=18 "Auroville" priority=1 distance=171.53km, ID=25 "Manakula Vinayagar Temple" priority=2 distance=182.13km, ID=21 "The Basilica of the Sacred Heart of Jesus" priority=4 distance=184.07km
[2025-12-11T05:01:54.008Z] [fetchSelectedHotspots] Matched 15 hotspots for route 504
[2025-12-11T05:01:54.061Z] [Timeline] Route 504: Selected 15 hotspots
[2025-12-11T05:01:54.223Z] [Timeline] Route 504 - currentTime: 09:00:00, routeEndTime: 20:00:00, routeEndSeconds: 72000
[2025-12-11T05:01:54.309Z] [Timeline] Hotspot 4 - currentSeconds: 32400, routeEndSeconds: 72000
[2025-12-11T05:01:54.374Z] [Timeline] Processing hotspot 4 for route 504
[2025-12-11T05:01:54.408Z] [Timeline] Hotspot 4 coords: lat=13.033798514213936, lon=80.26977915213011
[2025-12-11T05:01:54.487Z] [Timeline] Checking operating hours for hotspot 4: visit window 09:13:00-10:13:00 on day 5
[2025-12-11T05:01:54.507Z] [Timeline] Hotspot 4 check window: 05:30:00-12:00:00, visit: 09:13:00-10:13:00
[2025-12-11T05:01:54.522Z] [Timeline] Hotspot 4 operating hours OK - entire visit 09:13:00-10:13:00 fits in 05:30:00-12:00:00
[2025-12-11T05:01:54.535Z] [Timeline] Hotspot 4 operating hours OK
[2025-12-11T05:01:54.551Z] [Timeline] Travel type for "Chennai" -> "Chennai International Airport|Chennai Domestic Airport|Chennai Central|Chennai|Chennai Egmore Station|Chennai Koyembedu|ECR Beach, Chennai, Tamil Nadu": 1 (1=local, 2=outstation)
[2025-12-11T05:01:54.665Z] [Timeline] Building hotspot row for hotspot_ID=4
[2025-12-11T05:01:54.706Z] [Timeline] Built hotspot row: item_type=4, hotspot_ID=4, order=2
[2025-12-11T05:01:54.751Z] [Timeline] Hotspot 5 - currentSeconds: 36780, routeEndSeconds: 72000
[2025-12-11T05:01:54.769Z] [Timeline] Processing hotspot 5 for route 504
[2025-12-11T05:01:54.790Z] [Timeline] Skipping hotspot 5 - already added to plan 5
[2025-12-11T05:01:54.836Z] [Timeline] Hotspot 18 - currentSeconds: 36780, routeEndSeconds: 72000
[2025-12-11T05:01:54.889Z] [Timeline] Processing hotspot 18 for route 504
[2025-12-11T05:01:54.941Z] [Timeline] Hotspot 18 coords: lat=12.008342334177776, lon=79.81781931258232
[2025-12-11T05:01:55.258Z] [Timeline] Checking operating hours for hotspot 18: visit window 13:19:00-15:19:00 on day 5
[2025-12-11T05:01:55.306Z] [Timeline] Hotspot 18 check window: 09:00:00-13:00:00, visit: 13:19:00-15:19:00
[2025-12-11T05:01:55.341Z] [Timeline] Hotspot 18 check window: 13:30:00-17:00:00, visit: 13:19:00-15:19:00
[2025-12-11T05:01:55.390Z] [Timeline] Hotspot 18 operating hours check FAILED - visit 13:19:00-15:19:00 doesn't fit in any window
[2025-12-11T05:01:55.428Z] [Timeline] Hotspot 18 not open during visit window 13:19:00-15:19:00 on day 5, skipping
[2025-12-11T05:01:55.467Z] [Timeline] Hotspot 25 - currentSeconds: 36780, routeEndSeconds: 72000
[2025-12-11T05:01:55.499Z] [Timeline] Processing hotspot 25 for route 504
[2025-12-11T05:01:55.537Z] [Timeline] Hotspot 25 coords: lat=11.936184966220257, lon=79.83484226674099
[2025-12-11T05:01:55.647Z] [Timeline] Checking operating hours for hotspot 25: visit window 13:29:00-13:59:00 on day 5
[2025-12-11T05:01:55.688Z] [Timeline] Hotspot 25 check window: 17:45:00-12:30:00, visit: 13:29:00-13:59:00
[2025-12-11T05:01:55.711Z] [Timeline] Hotspot 25 check window: 16:00:00-20:00:00, visit: 13:29:00-13:59:00
[2025-12-11T05:01:55.751Z] [Timeline] Hotspot 25 operating hours check FAILED - visit 13:29:00-13:59:00 doesn't fit in any window
[2025-12-11T05:01:55.792Z] [Timeline] Hotspot 25 not open during visit window 13:29:00-13:59:00 on day 5, skipping
[2025-12-11T05:01:55.860Z] [Timeline] Hotspot 21 - currentSeconds: 36780, routeEndSeconds: 72000
[2025-12-11T05:01:55.909Z] [Timeline] Processing hotspot 21 for route 504
[2025-12-11T05:01:55.941Z] [Timeline] Hotspot 21 coords: lat=11.926178758041798, lon=79.82779781515121
[2025-12-11T05:01:56.034Z] [Timeline] Checking operating hours for hotspot 21: visit window 13:31:00-14:01:00 on day 5
[2025-12-11T05:01:56.055Z] [Timeline] Hotspot 21 check window: 06:00:00-19:00:00, visit: 13:31:00-14:01:00
[2025-12-11T05:01:56.068Z] [Timeline] Hotspot 21 operating hours OK - entire visit 13:31:00-14:01:00 fits in 06:00:00-19:00:00
[2025-12-11T05:01:56.090Z] [Timeline] Hotspot 21 operating hours OK
[2025-12-11T05:01:56.107Z] [Timeline] Travel type for "Chennai International Airport|Chennai Domestic Airport|Chennai Central|Chennai|Chennai Egmore Station|Chennai Koyembedu|ECR Beach, Chennai, Tamil Nadu" -> "Pondicherry Airport|Pondicherry": 2 (1=local, 2=outstation)
[2025-12-11T05:01:56.191Z] [Timeline] Building hotspot row for hotspot_ID=21
[2025-12-11T05:01:56.197Z] [Timeline] Built hotspot row: item_type=4, hotspot_ID=21, order=3
[2025-12-11T05:01:56.207Z] [Timeline] Hotspot 19 - currentSeconds: 50460, routeEndSeconds: 72000
[2025-12-11T05:01:56.226Z] [Timeline] Processing hotspot 19 for route 504
[2025-12-11T05:01:56.230Z] [Timeline] Hotspot 19 coords: lat=11.931203427435934, lon=79.83580349426904
[2025-12-11T05:01:56.293Z] [Timeline] Checking operating hours for hotspot 19: visit window 14:03:00-15:03:00 on day 5
[2025-12-11T05:01:56.307Z] [Timeline] Hotspot 19 check window: 06:00:00-20:00:00, visit: 14:03:00-15:03:00
[2025-12-11T05:01:56.325Z] [Timeline] Hotspot 19 operating hours OK - entire visit 14:03:00-15:03:00 fits in 06:00:00-20:00:00
[2025-12-11T05:01:56.336Z] [Timeline] Hotspot 19 operating hours OK
[2025-12-11T05:01:56.344Z] [Timeline] Travel type for "Pondicherry Airport|Pondicherry" -> "Pondicherry Airport|Pondicherry": 1 (1=local, 2=outstation)
[2025-12-11T05:01:56.391Z] [Timeline] Building hotspot row for hotspot_ID=19
[2025-12-11T05:01:56.420Z] [Timeline] Built hotspot row: item_type=4, hotspot_ID=19, order=4
[2025-12-11T05:01:56.508Z] [Timeline] Hotspot 20 - currentSeconds: 54180, routeEndSeconds: 72000
[2025-12-11T05:01:56.518Z] [Timeline] Processing hotspot 20 for route 504
[2025-12-11T05:01:56.549Z] [Timeline] Hotspot 20 coords: lat=11.883875481616602, lon=79.80141705562612
[2025-12-11T05:01:56.619Z] [Timeline] Checking operating hours for hotspot 20: visit window 15:18:00-16:18:00 on day 5
[2025-12-11T05:01:56.626Z] [Timeline] Hotspot 20 check window: 09:30:00-16:00:00, visit: 15:18:00-16:18:00
[2025-12-11T05:01:56.653Z] [Timeline] Hotspot 20 operating hours check FAILED - visit 15:18:00-16:18:00 doesn't fit in any window
[2025-12-11T05:01:56.682Z] [Timeline] Hotspot 20 not open during visit window 15:18:00-16:18:00 on day 5, skipping
[2025-12-11T05:01:56.688Z] [Timeline] Hotspot 17 - currentSeconds: 54180, routeEndSeconds: 72000
[2025-12-11T05:01:56.708Z] [Timeline] Processing hotspot 17 for route 504
[2025-12-11T05:01:56.723Z] [Timeline] Hotspot 17 coords: lat=11.936929030828965, lon=79.83477998559515
[2025-12-11T05:01:56.890Z] [Timeline] Checking operating hours for hotspot 17: visit window 15:04:00-16:04:00 on day 5
[2025-12-11T05:01:56.933Z] [Timeline] Hotspot 17 check window: 10:30:00-19:00:00, visit: 15:04:00-16:04:00
[2025-12-11T05:01:56.953Z] [Timeline] Hotspot 17 operating hours OK - entire visit 15:04:00-16:04:00 fits in 10:30:00-19:00:00
[2025-12-11T05:01:56.970Z] [Timeline] Hotspot 17 operating hours OK
[2025-12-11T05:01:56.991Z] [Timeline] Travel type for "Pondicherry Airport|Pondicherry" -> "Pondicherry Airport|Pondicherry": 1 (1=local, 2=outstation)
[2025-12-11T05:01:57.043Z] [Timeline] Building hotspot row for hotspot_ID=17
[2025-12-11T05:01:57.052Z] [Timeline] Built hotspot row: item_type=4, hotspot_ID=17, order=5
[2025-12-11T05:01:57.084Z] [Timeline] Hotspot 677 - currentSeconds: 57840, routeEndSeconds: 72000
[2025-12-11T05:01:57.088Z] [Timeline] Processing hotspot 677 for route 504
[2025-12-11T05:01:57.112Z] [Timeline] Hotspot 677 coords: lat=11.933029585291068, lon=79.83418306595088
[2025-12-11T05:01:57.149Z] [Timeline] Checking operating hours for hotspot 677: visit window 16:05:00-16:50:00 on day 5
[2025-12-11T05:01:57.155Z] [Timeline] Hotspot 677 check window: 06:00:00-19:00:00, visit: 16:05:00-16:50:00
[2025-12-11T05:01:57.183Z] [Timeline] Hotspot 677 operating hours OK - entire visit 16:05:00-16:50:00 fits in 06:00:00-19:00:00
[2025-12-11T05:01:57.210Z] [Timeline] Hotspot 677 operating hours OK
[2025-12-11T05:01:57.222Z] [Timeline] Travel type for "Pondicherry Airport|Pondicherry" -> "Pondicherry|Pondicherry Airport": 1 (1=local, 2=outstation)
[2025-12-11T05:01:57.303Z] [Timeline] Building hotspot row for hotspot_ID=677
[2025-12-11T05:01:57.324Z] [Timeline] Built hotspot row: item_type=4, hotspot_ID=677, order=6
[2025-12-11T05:01:57.381Z] [Timeline] Hotspot 678 - currentSeconds: 60600, routeEndSeconds: 72000
[2025-12-11T05:01:57.391Z] [Timeline] Processing hotspot 678 for route 504
[2025-12-11T05:01:57.426Z] [Timeline] Hotspot 678 coords: lat=11.928492248303817, lon=79.83303242117643
[2025-12-11T05:01:57.501Z] [Timeline] Checking operating hours for hotspot 678: visit window 16:51:00-17:51:00 on day 5
[2025-12-11T05:01:57.525Z] [Timeline] Hotspot 678 operating hours OK
[2025-12-11T05:01:57.544Z] [Timeline] Travel type for "Pondicherry|Pondicherry Airport" -> "Pondicherry|Pondicherry Airport": 1 (1=local, 2=outstation)
[2025-12-11T05:01:57.601Z] [Timeline] Building hotspot row for hotspot_ID=678
[2025-12-11T05:01:57.613Z] [Timeline] Built hotspot row: item_type=4, hotspot_ID=678, order=7
[2025-12-11T05:01:57.643Z] [Timeline] Hotspot 676 - currentSeconds: 64260, routeEndSeconds: 72000
[2025-12-11T05:01:57.655Z] [Timeline] Processing hotspot 676 for route 504
[2025-12-11T05:01:57.690Z] [Timeline] Hotspot 676 coords: lat=11.930177048465467, lon=79.8224313245787
[2025-12-11T05:01:57.747Z] [Timeline] Checking operating hours for hotspot 676: visit window 17:54:00-18:54:00 on day 5
[2025-12-11T05:01:57.758Z] [Timeline] Hotspot 676 check window: 10:00:00-17:00:00, visit: 17:54:00-18:54:00
[2025-12-11T05:01:57.782Z] [Timeline] Hotspot 676 operating hours check FAILED - visit 17:54:00-18:54:00 doesn't fit in any window
[2025-12-11T05:01:57.821Z] [Timeline] Hotspot 676 not open during visit window 17:54:00-18:54:00 on day 5, skipping
[2025-12-11T05:01:57.871Z] [Timeline] Hotspot 679 - currentSeconds: 64260, routeEndSeconds: 72000
[2025-12-11T05:01:57.884Z] [Timeline] Processing hotspot 679 for route 504
[2025-12-11T05:01:57.922Z] [Timeline] Hotspot 679 coords: lat=11.913052113056816, lon=79.82932149874199
[2025-12-11T05:01:58.040Z] [Timeline] Checking operating hours for hotspot 679: visit window 17:55:00-18:25:00 on day 5
[2025-12-11T05:01:58.090Z] [Timeline] Hotspot 679 operating hours OK
[2025-12-11T05:01:58.117Z] [Timeline] Travel type for "Pondicherry|Pondicherry Airport" -> "Pondicherry|Pondicherry Airport": 1 (1=local, 2=outstation)
[2025-12-11T05:01:58.189Z] [Timeline] Building hotspot row for hotspot_ID=679
[2025-12-11T05:01:58.223Z] [Timeline] Built hotspot row: item_type=4, hotspot_ID=679, order=8
[2025-12-11T05:01:58.306Z] [Timeline] Hotspot 669 - currentSeconds: 66300, routeEndSeconds: 72000
[2025-12-11T05:01:58.338Z] [Timeline] Processing hotspot 669 for route 504
[2025-12-11T05:01:58.392Z] [Timeline] Hotspot 669 coords: lat=11.882310987345338, lon=79.8244548517534
[2025-12-11T05:01:58.520Z] [Timeline] Checking operating hours for hotspot 669: visit window 18:33:00-19:33:00 on day 5
[2025-12-11T05:01:58.558Z] [Timeline] Hotspot 669 check window: 06:00:00-18:00:00, visit: 18:33:00-19:33:00
[2025-12-11T05:01:58.592Z] [Timeline] Hotspot 669 operating hours check FAILED - visit 18:33:00-19:33:00 doesn't fit in any window
[2025-12-11T05:01:58.617Z] [Timeline] Hotspot 669 not open during visit window 18:33:00-19:33:00 on day 5, skipping
[2025-12-11T05:01:58.653Z] [Timeline] Hotspot 24 - currentSeconds: 66300, routeEndSeconds: 72000
[2025-12-11T05:01:58.701Z] [Timeline] Processing hotspot 24 for route 504
[2025-12-11T05:01:58.820Z] [Timeline] Hotspot 24 coords: lat=11.934656339062595, lon=79.83484999477534
[2025-12-11T05:01:59.140Z] [Timeline] Checking operating hours for hotspot 24: visit window 18:31:00-19:01:00 on day 5
[2025-12-11T05:01:59.185Z] [Timeline] Hotspot 24 check window: 09:00:00-18:00:00, visit: 18:31:00-19:01:00
[2025-12-11T05:01:59.267Z] [Timeline] Hotspot 24 operating hours check FAILED - visit 18:31:00-19:01:00 doesn't fit in any window
[2025-12-11T05:01:59.334Z] [Timeline] Hotspot 24 not open during visit window 18:31:00-19:01:00 on day 5, skipping
[2025-12-11T05:01:59.358Z] [Timeline] Hotspot 277 - currentSeconds: 66300, routeEndSeconds: 72000
[2025-12-11T05:01:59.375Z] [Timeline] Processing hotspot 277 for route 504
[2025-12-11T05:01:59.420Z] [Timeline] Hotspot 277 coords: lat=11.916309213225349, lon=79.82433098120615
[2025-12-11T05:01:59.490Z] [Timeline] Checking operating hours for hotspot 277: visit window 18:26:00-21:26:00 on day 5
[2025-12-11T05:01:59.525Z] [Timeline] Hotspot 277 check window: 09:00:00-18:00:00, visit: 18:26:00-21:26:00
[2025-12-11T05:01:59.554Z] [Timeline] Hotspot 277 operating hours check FAILED - visit 18:26:00-21:26:00 doesn't fit in any window
[2025-12-11T05:01:59.570Z] [Timeline] Hotspot 277 not open during visit window 18:26:00-21:26:00 on day 5, skipping
[2025-12-11T05:01:59.615Z] [Timeline] Route 505 (Pondicherry → Pondicherry Airport): routeStartTime=08:00:00, routeEndTime=20:00:00, direct_to_next=0
[2025-12-11T05:01:59.654Z] [Timeline] Route 505 starting coords from location_id 5922: (11.9415915, 79.8083133)
[2025-12-11T05:01:59.691Z] [Timeline] Route 505 - Skipping refreshment row (last route) but advancing time by 01:00:00 to 09:00:00
[2025-12-11T05:01:59.732Z] [fetchSelectedHotspots] route 505 target="Pondicherry" next="Pondicherry Airport" dow=6
[2025-12-11T05:01:59.954Z] [fetchSelectedHotspots] Found 583 total active hotspots
[2025-12-11T05:01:59.970Z] [fetchSelectedHotspots] direct_to_next_visiting_place=0
[2025-12-11T05:02:00.011Z] [fetchSelectedHotspots] source="Pondicherry", destination="Pondicherry Airport"
[2025-12-11T05:02:00.100Z] [fetchSelectedHotspots] Starting coords from stored_locations: (13.0827989, 80.2754246)
[2025-12-11T05:02:00.140Z] [fetchSelectedHotspots] Hotspot 16 "Paradise Beach" → DESTINATION (matches "Pondicherry Airport" - PRIMARY)
[2025-12-11T05:02:00.171Z] [fetchSelectedHotspots] Hotspot 17 "Sri Aurobindo Ashram" → SOURCE (matches "Pondicherry")
[2025-12-11T05:02:00.194Z] [fetchSelectedHotspots] Hotspot 17 "Sri Aurobindo Ashram" → DESTINATION (matches "Pondicherry Airport" - PRIMARY)
[2025-12-11T05:02:00.215Z] [fetchSelectedHotspots] Hotspot 18 "Auroville" → SOURCE (matches "Pondicherry")
[2025-12-11T05:02:00.223Z] [fetchSelectedHotspots] Hotspot 18 "Auroville" → DESTINATION (matches "Pondicherry Airport" - PRIMARY)
[2025-12-11T05:02:00.239Z] [fetchSelectedHotspots] Hotspot 19 "Promenade Beach" → SOURCE (matches "Pondicherry")
[2025-12-11T05:02:00.255Z] [fetchSelectedHotspots] Hotspot 19 "Promenade Beach" → DESTINATION (matches "Pondicherry Airport" - PRIMARY)
[2025-12-11T05:02:00.275Z] [fetchSelectedHotspots] Hotspot 20 "Chunnambar Boathouse" → SOURCE (matches "Pondicherry")
[2025-12-11T05:02:00.290Z] [fetchSelectedHotspots] Hotspot 20 "Chunnambar Boathouse" → DESTINATION (matches "Pondicherry Airport" - PRIMARY)
[2025-12-11T05:02:00.317Z] [fetchSelectedHotspots] Hotspot 21 "The Basilica of the Sacred Heart of Jesus" → SOURCE (matches "Pondicherry")
[2025-12-11T05:02:00.326Z] [fetchSelectedHotspots] Hotspot 21 "The Basilica of the Sacred Heart of Jesus" → DESTINATION (matches "Pondicherry Airport" - PRIMARY)
[2025-12-11T05:02:00.356Z] [fetchSelectedHotspots] Hotspot 23 "French War Memorial" → DESTINATION (matches "Pondicherry Airport" - PRIMARY)
[2025-12-11T05:02:00.372Z] [fetchSelectedHotspots] Hotspot 24 "The Pondicherry Museum" → SOURCE (matches "Pondicherry")
[2025-12-11T05:02:00.394Z] [fetchSelectedHotspots] Hotspot 24 "The Pondicherry Museum" → DESTINATION (matches "Pondicherry Airport" - PRIMARY)
[2025-12-11T05:02:00.444Z] [fetchSelectedHotspots] Hotspot 25 "Manakula Vinayagar Temple" → SOURCE (matches "Pondicherry")
[2025-12-11T05:02:00.481Z] [fetchSelectedHotspots] Hotspot 25 "Manakula Vinayagar Temple" → DESTINATION (matches "Pondicherry Airport" - PRIMARY)
[2025-12-11T05:02:00.590Z] [fetchSelectedHotspots] Hotspot 277 "Pondicherry Backwater" → SOURCE (matches "Pondicherry")
[2025-12-11T05:02:00.684Z] [fetchSelectedHotspots] Hotspot 277 "Pondicherry Backwater" → DESTINATION (matches "Pondicherry Airport" - PRIMARY)
[2025-12-11T05:02:00.695Z] [fetchSelectedHotspots] Hotspot 669 "Eden Beach - Blue flag Beach" → SOURCE (matches "Pondicherry" - PRIMARY)
[2025-12-11T05:02:00.740Z] [fetchSelectedHotspots] Hotspot 669 "Eden Beach - Blue flag Beach" → DESTINATION (matches "Pondicherry Airport")
[2025-12-11T05:02:00.831Z] [fetchSelectedHotspots] Hotspot 676 "Botanical Garden" → SOURCE (matches "Pondicherry" - PRIMARY)
[2025-12-11T05:02:00.869Z] [fetchSelectedHotspots] Hotspot 676 "Botanical Garden" → DESTINATION (matches "Pondicherry Airport")
[2025-12-11T05:02:00.916Z] [fetchSelectedHotspots] Hotspot 677 "Bharathi Park &amp; Aayi Mandapam" → SOURCE (matches "Pondicherry" - PRIMARY)
[2025-12-11T05:02:00.920Z] [fetchSelectedHotspots] Hotspot 677 "Bharathi Park &amp; Aayi Mandapam" → DESTINATION (matches "Pondicherry Airport")
[2025-12-11T05:02:00.952Z] [fetchSelectedHotspots] Hotspot 678 "French Colony" → SOURCE (matches "Pondicherry" - PRIMARY)
[2025-12-11T05:02:00.983Z] [fetchSelectedHotspots] Hotspot 678 "French Colony" → DESTINATION (matches "Pondicherry Airport")
[2025-12-11T05:02:01.024Z] [fetchSelectedHotspots] Hotspot 679 "Pondi Marina Beach" → SOURCE (matches "Pondicherry" - PRIMARY)
[2025-12-11T05:02:01.059Z] [fetchSelectedHotspots] Hotspot 679 "Pondi Marina Beach" → DESTINATION (matches "Pondicherry Airport")
[2025-12-11T05:02:01.072Z] [fetchSelectedHotspots] Filtered 7 priority-0 SOURCE hotspots (13 → 6)
[2025-12-11T05:02:01.104Z] [fetchSelectedHotspots] Categorized: source=6, destination=15, via=0
[2025-12-11T05:02:01.114Z] [fetchSelectedHotspots] direct_to_next_visiting_place=0: Processing SOURCE → DESTINATION → VIA
[2025-12-11T05:02:01.143Z] [fetchSelectedHotspots] Matched 21 hotspots after PHP ordering
[2025-12-11T05:02:01.153Z] [fetchSelectedHotspots] First 5 hotspots (sorted): ID=18 "Auroville" priority=1 distance=194.08km, ID=25 "Manakula Vinayagar Temple" priority=2 distance=204.26km, ID=21 "The Basilica of the Sacred Heart of Jesus" priority=4 distance=206.23km, ID=19 "Promenade Beach" priority=5 distance=204.98km, ID=20 "Chunnambar Boathouse" priority=5 distance=214.35km
[2025-12-11T05:02:01.187Z] [fetchSelectedHotspots] Matched 15 hotspots for route 505
[2025-12-11T05:02:01.191Z] [Timeline] Route 505: Selected 15 hotspots
[2025-12-11T05:02:01.222Z] [Timeline] Route 505 - currentTime: 09:00:00, routeEndTime: 20:00:00, routeEndSeconds: 72000
[2025-12-11T05:02:01.235Z] [Timeline] Hotspot 18 - currentSeconds: 32400, routeEndSeconds: 72000
[2025-12-11T05:02:01.267Z] [Timeline] Processing hotspot 18 for route 505
[2025-12-11T05:02:01.298Z] [Timeline] Hotspot 18 coords: lat=12.008342334177776, lon=79.81781931258232
[2025-12-11T05:02:01.382Z] [Timeline] Checking operating hours for hotspot 18: visit window 09:17:00-11:17:00 on day 6
[2025-12-11T05:02:01.419Z] [Timeline] Hotspot 18 check window: 09:00:00-13:00:00, visit: 09:17:00-11:17:00
[2025-12-11T05:02:01.451Z] [Timeline] Hotspot 18 operating hours OK - entire visit 09:17:00-11:17:00 fits in 09:00:00-13:00:00
[2025-12-11T05:02:01.465Z] [Timeline] Hotspot 18 operating hours OK
[2025-12-11T05:02:01.493Z] [Timeline] Travel type for "Pondicherry" -> "Pondicherry Airport|Pondicherry": 1 (1=local, 2=outstation)
[2025-12-11T05:02:01.567Z] [Timeline] Building hotspot row for hotspot_ID=18
[2025-12-11T05:02:01.599Z] [Timeline] Built hotspot row: item_type=4, hotspot_ID=18, order=2
[2025-12-11T05:02:01.636Z] [Timeline] Hotspot 25 - currentSeconds: 40620, routeEndSeconds: 72000
[2025-12-11T05:02:01.665Z] [Timeline] Processing hotspot 25 for route 505
[2025-12-11T05:02:01.706Z] [Timeline] Hotspot 25 coords: lat=11.936184966220257, lon=79.83484226674099
[2025-12-11T05:02:01.834Z] [Timeline] Checking operating hours for hotspot 25: visit window 11:36:00-12:06:00 on day 6
[2025-12-11T05:02:01.900Z] [Timeline] Hotspot 25 check window: 05:45:00-12:30:00, visit: 11:36:00-12:06:00
[2025-12-11T05:02:01.914Z] [Timeline] Hotspot 25 operating hours OK - entire visit 11:36:00-12:06:00 fits in 05:45:00-12:30:00
[2025-12-11T05:02:01.943Z] [Timeline] Hotspot 25 operating hours OK
[2025-12-11T05:02:01.966Z] [Timeline] Travel type for "Pondicherry Airport|Pondicherry" -> "Pondicherry Airport|Pondicherry": 1 (1=local, 2=outstation)
[2025-12-11T05:02:02.071Z] [Timeline] Building hotspot row for hotspot_ID=25
[2025-12-11T05:02:02.115Z] [Timeline] Built hotspot row: item_type=4, hotspot_ID=25, order=3
[2025-12-11T05:02:02.158Z] [Timeline] Hotspot 21 - currentSeconds: 43560, routeEndSeconds: 72000
[2025-12-11T05:02:02.186Z] [Timeline] Processing hotspot 21 for route 505
[2025-12-11T05:02:02.190Z] [Timeline] Skipping hotspot 21 - already added to plan 5
[2025-12-11T05:02:02.223Z] [Timeline] Hotspot 19 - currentSeconds: 43560, routeEndSeconds: 72000
[2025-12-11T05:02:02.227Z] [Timeline] Processing hotspot 19 for route 505
[2025-12-11T05:02:02.255Z] [Timeline] Skipping hotspot 19 - already added to plan 5
[2025-12-11T05:02:02.268Z] [Timeline] Hotspot 20 - currentSeconds: 43560, routeEndSeconds: 72000
[2025-12-11T05:02:02.293Z] [Timeline] Processing hotspot 20 for route 505
[2025-12-11T05:02:02.334Z] [Timeline] Hotspot 20 coords: lat=11.883875481616602, lon=79.80141705562612
[2025-12-11T05:02:03.269Z] [Timeline] Checking operating hours for hotspot 20: visit window 12:21:00-13:21:00 on day 6
[2025-12-11T05:02:03.348Z] [Timeline] Hotspot 20 check window: 09:30:00-16:00:00, visit: 12:21:00-13:21:00
[2025-12-11T05:02:03.397Z] [Timeline] Hotspot 20 operating hours OK - entire visit 12:21:00-13:21:00 fits in 09:30:00-16:00:00
[2025-12-11T05:02:03.438Z] [Timeline] Hotspot 20 operating hours OK
[2025-12-11T05:02:03.474Z] [Timeline] Travel type for "Pondicherry Airport|Pondicherry" -> "Pondicherry Airport|Pondicherry": 1 (1=local, 2=outstation)
[2025-12-11T05:02:03.664Z] [Timeline] Building hotspot row for hotspot_ID=20
[2025-12-11T05:02:03.725Z] [Timeline] Built hotspot row: item_type=4, hotspot_ID=20, order=4
[2025-12-11T05:02:03.788Z] [Timeline] Hotspot 17 - currentSeconds: 48060, routeEndSeconds: 72000
[2025-12-11T05:02:03.835Z] [Timeline] Processing hotspot 17 for route 505
[2025-12-11T05:02:03.907Z] [Timeline] Skipping hotspot 17 - already added to plan 5
[2025-12-11T05:02:03.925Z] [Timeline] Hotspot 16 - currentSeconds: 48060, routeEndSeconds: 72000
[2025-12-11T05:02:03.954Z] [Timeline] Processing hotspot 16 for route 505
[2025-12-11T05:02:03.987Z] [Timeline] Hotspot 16 coords: lat=11.894346668881749, lon=79.86265715952393
[2025-12-11T05:02:04.069Z] [Timeline] Checking operating hours for hotspot 16: visit window 13:36:00-14:06:00 on day 6
[2025-12-11T05:02:04.100Z] [Timeline] Hotspot 16 check window: 09:00:00-18:00:00, visit: 13:36:00-14:06:00
[2025-12-11T05:02:04.107Z] [Timeline] Hotspot 16 operating hours OK - entire visit 13:36:00-14:06:00 fits in 09:00:00-18:00:00
[2025-12-11T05:02:04.133Z] [Timeline] Hotspot 16 operating hours OK
[2025-12-11T05:02:04.137Z] [Timeline] Travel type for "Pondicherry Airport|Pondicherry" -> "Pondicherry Airport": 1 (1=local, 2=outstation)
[2025-12-11T05:02:04.197Z] [Timeline] Building hotspot row for hotspot_ID=16
[2025-12-11T05:02:04.203Z] [Timeline] Built hotspot row: item_type=4, hotspot_ID=16, order=5
[2025-12-11T05:02:04.244Z] [Timeline] Hotspot 23 - currentSeconds: 50760, routeEndSeconds: 72000
[2025-12-11T05:02:04.288Z] [Timeline] Processing hotspot 23 for route 505
[2025-12-11T05:02:04.329Z] [Timeline] Hotspot 23 coords: lat=11.93212951685565, lon=79.83535346593922
[2025-12-11T05:02:04.375Z] [Timeline] Checking operating hours for hotspot 23: visit window 14:06:00-14:26:00 on day 6
[2025-12-11T05:02:04.383Z] [Timeline] Hotspot 23 operating hours OK
[2025-12-11T05:02:04.408Z] [Timeline] Travel type for "Pondicherry Airport" -> "Pondicherry Airport": 1 (1=local, 2=outstation)
[2025-12-11T05:02:04.424Z] [Timeline] Building hotspot row for hotspot_ID=23
[2025-12-11T05:02:04.448Z] [Timeline] Built hotspot row: item_type=4, hotspot_ID=23, order=6
[2025-12-11T05:02:04.540Z] [Timeline] Hotspot 24 - currentSeconds: 51960, routeEndSeconds: 72000
[2025-12-11T05:02:04.560Z] [Timeline] Processing hotspot 24 for route 505
[2025-12-11T05:02:04.597Z] [Timeline] Hotspot 24 coords: lat=11.934656339062595, lon=79.83484999477534
[2025-12-11T05:02:04.652Z] [Timeline] Checking operating hours for hotspot 24: visit window 14:27:00-14:57:00 on day 6
[2025-12-11T05:02:04.685Z] [Timeline] Hotspot 24 check window: 09:00:00-18:00:00, visit: 14:27:00-14:57:00
[2025-12-11T05:02:04.716Z] [Timeline] Hotspot 24 operating hours OK - entire visit 14:27:00-14:57:00 fits in 09:00:00-18:00:00
[2025-12-11T05:02:04.720Z] [Timeline] Hotspot 24 operating hours OK
[2025-12-11T05:02:04.739Z] [Timeline] Travel type for "Pondicherry Airport" -> "Pondicherry Airport|Pondicherry": 1 (1=local, 2=outstation)
[2025-12-11T05:02:04.902Z] [Timeline] Building hotspot row for hotspot_ID=24
[2025-12-11T05:02:04.942Z] [Timeline] Built hotspot row: item_type=4, hotspot_ID=24, order=7
[2025-12-11T05:02:04.977Z] [Timeline] Hotspot 277 - currentSeconds: 53820, routeEndSeconds: 72000
[2025-12-11T05:02:05.006Z] [Timeline] Processing hotspot 277 for route 505
[2025-12-11T05:02:05.019Z] [Timeline] Hotspot 277 coords: lat=11.916309213225349, lon=79.82433098120615
[2025-12-11T05:02:05.113Z] [Timeline] Checking operating hours for hotspot 277: visit window 15:02:00-18:02:00 on day 6
[2025-12-11T05:02:05.135Z] [Timeline] Hotspot 277 check window: 09:00:00-18:00:00, visit: 15:02:00-18:02:00
[2025-12-11T05:02:05.142Z] [Timeline] Hotspot 277 operating hours check FAILED - visit 15:02:00-18:02:00 doesn't fit in any window
[2025-12-11T05:02:05.172Z] [Timeline] Hotspot 277 not open during visit window 15:02:00-18:02:00 on day 6, skipping
[2025-12-11T05:02:05.176Z] [Timeline] Hotspot 677 - currentSeconds: 53820, routeEndSeconds: 72000
[2025-12-11T05:02:05.209Z] [Timeline] Processing hotspot 677 for route 505
[2025-12-11T05:02:05.213Z] [Timeline] Skipping hotspot 677 - already added to plan 5
[2025-12-11T05:02:05.243Z] [Timeline] Hotspot 678 - currentSeconds: 53820, routeEndSeconds: 72000
[2025-12-11T05:02:05.247Z] [Timeline] Processing hotspot 678 for route 505
[2025-12-11T05:02:05.281Z] [Timeline] Skipping hotspot 678 - already added to plan 5
[2025-12-11T05:02:05.285Z] [Timeline] Hotspot 676 - currentSeconds: 53820, routeEndSeconds: 72000
[2025-12-11T05:02:05.319Z] [Timeline] Processing hotspot 676 for route 505
[2025-12-11T05:02:05.353Z] [Timeline] Hotspot 676 coords: lat=11.930177048465467, lon=79.8224313245787
[2025-12-11T05:02:05.424Z] [Timeline] Checking operating hours for hotspot 676: visit window 15:00:00-16:00:00 on day 6
[2025-12-11T05:02:05.433Z] [Timeline] Hotspot 676 check window: 10:00:00-17:00:00, visit: 15:00:00-16:00:00
[2025-12-11T05:02:05.464Z] [Timeline] Hotspot 676 operating hours OK - entire visit 15:00:00-16:00:00 fits in 10:00:00-17:00:00
[2025-12-11T05:02:05.487Z] [Timeline] Hotspot 676 operating hours OK
[2025-12-11T05:02:05.504Z] [Timeline] Travel type for "Pondicherry Airport|Pondicherry" -> "Pondicherry|Pondicherry Airport": 1 (1=local, 2=outstation)
[2025-12-11T05:02:05.570Z] [Timeline] Building hotspot row for hotspot_ID=676
[2025-12-11T05:02:05.579Z] [Timeline] Built hotspot row: item_type=4, hotspot_ID=676, order=8
[2025-12-11T05:02:05.610Z] [Timeline] Hotspot 679 - currentSeconds: 57600, routeEndSeconds: 72000
[2025-12-11T05:02:05.623Z] [Timeline] Processing hotspot 679 for route 505
[2025-12-11T05:02:05.649Z] [Timeline] Skipping hotspot 679 - already added to plan 5
[2025-12-11T05:02:05.660Z] [Timeline] Hotspot 669 - currentSeconds: 57600, routeEndSeconds: 72000
[2025-12-11T05:02:05.683Z] [Timeline] Processing hotspot 669 for route 505
[2025-12-11T05:02:05.714Z] [Timeline] Hotspot 669 coords: lat=11.882310987345338, lon=79.8244548517534
[2025-12-11T05:02:05.767Z] [Timeline] Checking operating hours for hotspot 669: visit window 16:12:00-17:12:00 on day 6
[2025-12-11T05:02:05.793Z] [Timeline] Hotspot 669 check window: 06:00:00-18:00:00, visit: 16:12:00-17:12:00
[2025-12-11T05:02:05.818Z] [Timeline] Hotspot 669 operating hours OK - entire visit 16:12:00-17:12:00 fits in 06:00:00-18:00:00
[2025-12-11T05:02:05.874Z] [Timeline] Hotspot 669 operating hours OK
[2025-12-11T05:02:05.883Z] [Timeline] Travel type for "Pondicherry|Pondicherry Airport" -> "Pondicherry|Pondicherry Airport": 1 (1=local, 2=outstation)
[2025-12-11T05:02:05.933Z] [Timeline] Building hotspot row for hotspot_ID=669
[2025-12-11T05:02:05.959Z] [Timeline] Built hotspot row: item_type=4, hotspot_ID=669, order=9
[2025-12-11T05:02:05.998Z] [Timeline] Route 505 - Skipping hotel rows (last route - PHP behavior)
[2025-12-11T05:02:06.030Z] [Timeline] Returning 39 hotspot rows and 0 parking rows
[2025-12-11T05:02:06.032Z] [Timeline] Hotspot rows item_types: 1, 3, 4, 5, 6, 1, 3, 4, 3, 4, 3, 4, 3, 4, 3, 4, 3, 4, 3, 4, 5, 6, 3, 4, 3, 4, 3, 4, 3, 4, 3, 4, 3, 4, 3, 4, 3, 4, 7
[2025-12-11T05:02:06.060Z] [Timeline] Hotspot rows hotspot_IDs: , 5, 5, 0, 0, , 4, 4, 21, 21, 19, 19, 17, 17, 677, 677, 678, 678, 679, 679, 0, 0, 18, 18, 25, 25, 20, 20, 16, 16, 23, 23, 24, 24, 676, 676, 669, 669, 0
[2025-12-11T05:02:06.075Z] 
=== LOG FILE SAVED TO: D:\wamp64\www\dvi_fullstack\dvi_backend\tmp\hotspot_optimization_1765429264982.log ===

