[2025-12-11T06:04:49.918Z] === HOTSPOT OPTIMIZATION LOG ===
[2025-12-11T06:04:50.147Z] Started at: 2025-12-11T06:04:50.147Z

[2025-12-11T06:05:39.464Z] [Timeline] Route 542 (Chennai International Airport → Chennai): routeStartTime=11:00:00, routeEndTime=20:00:00, direct_to_next=0
[2025-12-11T06:05:39.597Z] [Timeline] Route 542 starting coords from location_id 165946: (12.9811068, 80.159623)
[2025-12-11T06:05:39.666Z] [Timeline] Route 542 - Added refreshment break: 11:00:00 - 12:00:00
[2025-12-11T06:05:39.824Z] [fetchSelectedHotspots] route 542 target="Chennai International Airport" next="Chennai" dow=4
[2025-12-11T06:05:40.167Z] [fetchSelectedHotspots] Found 583 total active hotspots
[2025-12-11T06:05:40.288Z] [fetchSelectedHotspots] direct_to_next_visiting_place=0
[2025-12-11T06:05:40.591Z] [fetchSelectedHotspots] source="Chennai International Airport", destination="Chennai"
[2025-12-11T06:05:40.849Z] [fetchSelectedHotspots] Starting coords from stored_locations: (12.9811068, 80.159623)
[2025-12-11T06:05:40.969Z] [fetchSelectedHotspots] Hotspot 4 "Kapaleeshwarar Temple" → SOURCE (matches "Chennai International Airport" - PRIMARY)
[2025-12-11T06:05:41.039Z] [fetchSelectedHotspots] Hotspot 4 "Kapaleeshwarar Temple" → DESTINATION (matches "Chennai")
[2025-12-11T06:05:41.125Z] [fetchSelectedHotspots] Hotspot 5 "Marina Beach" → SOURCE (matches "Chennai International Airport" - PRIMARY)
[2025-12-11T06:05:41.191Z] [fetchSelectedHotspots] Hotspot 5 "Marina Beach" → DESTINATION (matches "Chennai")
[2025-12-11T06:05:41.285Z] [fetchSelectedHotspots] Hotspot 6 "Fort St.George Museum" → SOURCE (matches "Chennai International Airport" - PRIMARY)
[2025-12-11T06:05:41.313Z] [fetchSelectedHotspots] Hotspot 7 "Government Museum Chennai" → SOURCE (matches "Chennai International Airport" - PRIMARY)
[2025-12-11T06:05:41.377Z] [fetchSelectedHotspots] Hotspot 8 "Santhome Cathedral Basilica" → SOURCE (matches "Chennai International Airport" - PRIMARY)
[2025-12-11T06:05:41.483Z] [fetchSelectedHotspots] Hotspot 9 "Thousand Lights Mosque" → SOURCE (matches "Chennai International Airport" - PRIMARY)
[2025-12-11T06:05:41.506Z] [fetchSelectedHotspots] Hotspot 10 "Guindy National Park" → SOURCE (matches "Chennai International Airport" - PRIMARY)
[2025-12-11T06:05:41.602Z] [fetchSelectedHotspots] Hotspot 11 "Parthasarathy Temple" → SOURCE (matches "Chennai International Airport" - PRIMARY)
[2025-12-11T06:05:41.658Z] [fetchSelectedHotspots] Hotspot 12 "Vivekanandar House" → SOURCE (matches "Chennai International Airport" - PRIMARY)
[2025-12-11T06:05:41.698Z] [fetchSelectedHotspots] Hotspot 13 "Arignar Anna Zoological Park" → SOURCE (matches "Chennai International Airport" - PRIMARY)
[2025-12-11T06:05:41.792Z] [fetchSelectedHotspots] Hotspot 290 "Vgp snow kingdom" → SOURCE (matches "Chennai International Airport" - PRIMARY)
[2025-12-11T06:05:41.925Z] [fetchSelectedHotspots] Hotspot 291 "Vgp marine kingdom" → SOURCE (matches "Chennai International Airport" - PRIMARY)
[2025-12-11T06:05:42.025Z] [fetchSelectedHotspots] Hotspot 292 "Guindy snake park" → SOURCE (matches "Chennai International Airport" - PRIMARY)
[2025-12-11T06:05:42.073Z] [fetchSelectedHotspots] Hotspot 293 "Queens land" → SOURCE (matches "Chennai International Airport" - PRIMARY)
[2025-12-11T06:05:42.149Z] [fetchSelectedHotspots] Hotspot 294 "light house marina" → SOURCE (matches "Chennai International Airport" - PRIMARY)
[2025-12-11T06:05:42.199Z] [fetchSelectedHotspots] Hotspot 296 "Anna tower park" → SOURCE (matches "Chennai International Airport" - PRIMARY)
[2025-12-11T06:05:42.299Z] [fetchSelectedHotspots] Hotspot 297 "B.M Birla planitourim." → SOURCE (matches "Chennai International Airport" - PRIMARY)
[2025-12-11T06:05:42.400Z] [fetchSelectedHotspots] Hotspot 298 "Click art museum" → SOURCE (matches "Chennai International Airport" - PRIMARY)
[2025-12-11T06:05:42.587Z] [fetchSelectedHotspots] Hotspot 299 "National art gallery" → SOURCE (matches "Chennai International Airport" - PRIMARY)
[2025-12-11T06:05:42.723Z] [fetchSelectedHotspots] Hotspot 300 "M G R  Memorial" → SOURCE (matches "Chennai International Airport" - PRIMARY)
[2025-12-11T06:05:42.904Z] [fetchSelectedHotspots] Hotspot 303 "Anna memorial." → SOURCE (matches "Chennai International Airport" - PRIMARY)
[2025-12-11T06:05:43.050Z] [fetchSelectedHotspots] Hotspot 544 "Shri Ashtalakshmi Temple" → SOURCE (matches "Chennai International Airport" - PRIMARY)
[2025-12-11T06:05:43.175Z] [fetchSelectedHotspots] Hotspot 544 "Shri Ashtalakshmi Temple" → DESTINATION (matches "Chennai")
[2025-12-11T06:05:43.322Z] [fetchSelectedHotspots] Filtered 14 priority-0 SOURCE hotspots (22 → 8)
[2025-12-11T06:05:43.463Z] [fetchSelectedHotspots] Categorized: source=8, destination=3, via=0
[2025-12-11T06:05:43.577Z] [fetchSelectedHotspots] AIRPORT ARRIVAL DETECTED: "Chennai International Airport" → "Chennai"
[2025-12-11T06:05:43.721Z] [fetchSelectedHotspots] direct_to_next_visiting_place=0 + AIRPORT ARRIVAL: Processing DESTINATION → VIA
[2025-12-11T06:05:43.954Z] [fetchSelectedHotspots] Matched 3 hotspots after PHP ordering
[2025-12-11T06:05:44.074Z] [fetchSelectedHotspots] First 5 hotspots (sorted): ID=4 "Kapaleeshwarar Temple" priority=1 distance=19.94km, ID=5 "Marina Beach" priority=2 distance=22.47km, ID=544 "Shri Ashtalakshmi Temple" priority=0 distance=18.11km
[2025-12-11T06:05:44.234Z] [fetchSelectedHotspots] Matched 3 hotspots for route 542
[2025-12-11T06:05:44.424Z] [Timeline] Route 542: Selected 3 hotspots
[2025-12-11T06:05:44.611Z] [Timeline] Route 542 - currentTime: 12:00:00, routeEndTime: 20:00:00, routeEndSeconds: 72000
[2025-12-11T06:05:44.858Z] [Timeline] Hotspot 4 - currentSeconds: 43200, routeEndSeconds: 72000
[2025-12-11T06:05:45.038Z] [Timeline] Processing hotspot 4 for route 542
[2025-12-11T06:05:45.151Z] [Timeline] Hotspot 4 coords: lat=13.033798514213936, lon=80.26977915213011
[2025-12-11T06:05:45.982Z] [Timeline] Checking operating hours for hotspot 4: visit window 12:30:00-13:30:00 on day 4
[2025-12-11T06:05:46.113Z] [Timeline] Hotspot 4 check window: 05:30:00-12:00:00, visit: 12:30:00-13:30:00
[2025-12-11T06:05:46.282Z] [Timeline] Hotspot 4 check window: 16:00:00-20:00:00, visit: 12:30:00-13:30:00
[2025-12-11T06:05:46.467Z] [Timeline] Hotspot 4 operating hours check FAILED - visit 12:30:00-13:30:00 doesn't fit in any window
[2025-12-11T06:05:46.772Z] [Timeline] Hotspot 4 not open during visit window 12:30:00-13:30:00 on day 4, skipping
[2025-12-11T06:05:46.918Z] [Timeline] Hotspot 5 - currentSeconds: 43200, routeEndSeconds: 72000
[2025-12-11T06:05:47.033Z] [Timeline] Processing hotspot 5 for route 542
[2025-12-11T06:05:47.148Z] [Timeline] Hotspot 5 coords: lat=13.051080243192029, lon=80.27775926313883
[2025-12-11T06:05:47.772Z] [Timeline] Checking operating hours for hotspot 5: visit window 12:34:00-13:34:00 on day 4
[2025-12-11T06:05:47.979Z] [Timeline] Hotspot 5 operating hours OK
[2025-12-11T06:05:48.148Z] [Timeline] Travel type for "Chennai International Airport" -> "Chennai International Airport|Chennai Domestic Airport|Chennai Central|Chennai|Chennai Egmore Station|Chennai Koyembedu|ECR Beach, Chennai, Tamil Nadu": 1 (1=local, 2=outstation)
[2025-12-11T06:05:49.226Z] [Timeline] Building hotspot row for hotspot_ID=5
[2025-12-11T06:05:49.529Z] [Timeline] Built hotspot row: item_type=4, hotspot_ID=5, order=2
[2025-12-11T06:05:50.240Z] [Timeline] Hotspot 544 - currentSeconds: 48840, routeEndSeconds: 72000
[2025-12-11T06:05:50.576Z] [Timeline] Processing hotspot 544 for route 542
[2025-12-11T06:05:51.370Z] [Timeline] Hotspot 544 coords: lat=12.993461140291483, lon=80.27030436931474
[2025-12-11T06:05:52.981Z] [Timeline] Checking operating hours for hotspot 544: visit window 13:49:00-19:49:00 on day 4
[2025-12-11T06:05:53.712Z] [Timeline] Hotspot 544 check window: 06:00:00-12:00:00, visit: 13:49:00-19:49:00
[2025-12-11T06:05:54.156Z] [Timeline] Hotspot 544 check window: 16:00:00-20:00:00, visit: 13:49:00-19:49:00
[2025-12-11T06:05:54.415Z] [Timeline] Hotspot 544 operating hours check FAILED - visit 13:49:00-19:49:00 doesn't fit in any window
[2025-12-11T06:05:54.706Z] [Timeline] Hotspot 544 not open during visit window 13:49:00-19:49:00 on day 4, skipping
[2025-12-11T06:05:55.430Z] [Timeline] Route 543 (Chennai → Pondicherry): routeStartTime=08:00:00, routeEndTime=20:00:00, direct_to_next=0
[2025-12-11T06:05:55.654Z] [Timeline] Route 543 starting coords from location_id 762: (13.0843007, 80.2704622)
[2025-12-11T06:05:55.788Z] [Timeline] Route 543 - Added refreshment break: 08:00:00 - 09:00:00
[2025-12-11T06:05:55.987Z] [fetchSelectedHotspots] route 543 target="Chennai" next="Pondicherry" dow=5
[2025-12-11T06:05:56.283Z] [fetchSelectedHotspots] Found 583 total active hotspots
[2025-12-11T06:05:56.313Z] [fetchSelectedHotspots] direct_to_next_visiting_place=0
[2025-12-11T06:05:56.385Z] [fetchSelectedHotspots] source="Chennai", destination="Pondicherry"
[2025-12-11T06:05:56.567Z] [fetchSelectedHotspots] Starting coords from stored_locations: (12.9811068, 80.159623)
[2025-12-11T06:05:56.641Z] [fetchSelectedHotspots] Hotspot 4 "Kapaleeshwarar Temple" → SOURCE (matches "Chennai")
[2025-12-11T06:05:56.746Z] [fetchSelectedHotspots] Hotspot 5 "Marina Beach" → SOURCE (matches "Chennai")
[2025-12-11T06:05:56.888Z] [fetchSelectedHotspots] Hotspot 17 "Sri Aurobindo Ashram" → DESTINATION (matches "Pondicherry")
[2025-12-11T06:05:56.996Z] [fetchSelectedHotspots] Hotspot 18 "Auroville" → DESTINATION (matches "Pondicherry")
[2025-12-11T06:05:57.091Z] [fetchSelectedHotspots] Hotspot 19 "Promenade Beach" → DESTINATION (matches "Pondicherry")
[2025-12-11T06:05:57.186Z] [fetchSelectedHotspots] Hotspot 20 "Chunnambar Boathouse" → DESTINATION (matches "Pondicherry")
[2025-12-11T06:05:57.347Z] [fetchSelectedHotspots] Hotspot 21 "The Basilica of the Sacred Heart of Jesus" → DESTINATION (matches "Pondicherry")
[2025-12-11T06:05:57.499Z] [fetchSelectedHotspots] Hotspot 24 "The Pondicherry Museum" → DESTINATION (matches "Pondicherry")
[2025-12-11T06:05:57.574Z] [fetchSelectedHotspots] Hotspot 25 "Manakula Vinayagar Temple" → DESTINATION (matches "Pondicherry")
[2025-12-11T06:05:57.672Z] [fetchSelectedHotspots] Hotspot 277 "Pondicherry Backwater" → DESTINATION (matches "Pondicherry")
[2025-12-11T06:05:57.785Z] [fetchSelectedHotspots] Hotspot 544 "Shri Ashtalakshmi Temple" → SOURCE (matches "Chennai")
[2025-12-11T06:05:57.966Z] [fetchSelectedHotspots] Hotspot 669 "Eden Beach - Blue flag Beach" → DESTINATION (PRIMARY match "Pondicherry")
[2025-12-11T06:05:58.120Z] [fetchSelectedHotspots] Hotspot 676 "Botanical Garden" → DESTINATION (PRIMARY match "Pondicherry")
[2025-12-11T06:05:58.369Z] [fetchSelectedHotspots] Hotspot 677 "Bharathi Park &amp; Aayi Mandapam" → DESTINATION (PRIMARY match "Pondicherry")
[2025-12-11T06:05:58.565Z] [fetchSelectedHotspots] Hotspot 678 "French Colony" → DESTINATION (PRIMARY match "Pondicherry")
[2025-12-11T06:05:58.667Z] [fetchSelectedHotspots] Hotspot 679 "Pondi Marina Beach" → DESTINATION (PRIMARY match "Pondicherry")
[2025-12-11T06:05:58.788Z] [fetchSelectedHotspots] Filtered 1 priority-0 SOURCE hotspots (3 → 2)
[2025-12-11T06:05:59.019Z] [fetchSelectedHotspots] Categorized: source=2, destination=13, via=0
[2025-12-11T06:05:59.226Z] [fetchSelectedHotspots] direct_to_next_visiting_place=0: Processing SOURCE → DESTINATION → VIA
[2025-12-11T06:05:59.419Z] [fetchSelectedHotspots] Matched 15 hotspots after PHP ordering
[2025-12-11T06:05:59.547Z] [fetchSelectedHotspots] First 5 hotspots (sorted): ID=4 "Kapaleeshwarar Temple" priority=1 distance=19.94km, ID=5 "Marina Beach" priority=2 distance=22.47km, ID=18 "Auroville" priority=1 distance=171.53km, ID=25 "Manakula Vinayagar Temple" priority=2 distance=182.13km, ID=21 "The Basilica of the Sacred Heart of Jesus" priority=4 distance=184.07km
[2025-12-11T06:05:59.704Z] [fetchSelectedHotspots] Matched 15 hotspots for route 543
[2025-12-11T06:05:59.816Z] [Timeline] Route 543: Selected 15 hotspots
[2025-12-11T06:06:00.101Z] [Timeline] Route 543 - currentTime: 09:00:00, routeEndTime: 20:00:00, routeEndSeconds: 72000
[2025-12-11T06:06:00.318Z] [Timeline] Hotspot 4 - currentSeconds: 32400, routeEndSeconds: 72000
[2025-12-11T06:06:00.430Z] [Timeline] Processing hotspot 4 for route 543
[2025-12-11T06:06:00.572Z] [Timeline] Hotspot 4 coords: lat=13.033798514213936, lon=80.26977915213011
[2025-12-11T06:06:01.418Z] [Timeline] Checking operating hours for hotspot 4: visit window 09:13:00-10:13:00 on day 5
[2025-12-11T06:06:01.556Z] [Timeline] Hotspot 4 check window: 05:30:00-12:00:00, visit: 09:13:00-10:13:00
[2025-12-11T06:06:01.698Z] [Timeline] Hotspot 4 operating hours OK - entire visit 09:13:00-10:13:00 fits in 05:30:00-12:00:00
[2025-12-11T06:06:01.808Z] [Timeline] Hotspot 4 operating hours OK
[2025-12-11T06:06:02.031Z] [Timeline] Travel type for "Chennai" -> "Chennai International Airport|Chennai Domestic Airport|Chennai Central|Chennai|Chennai Egmore Station|Chennai Koyembedu|ECR Beach, Chennai, Tamil Nadu": 1 (1=local, 2=outstation)
[2025-12-11T06:06:02.529Z] [Timeline] Building hotspot row for hotspot_ID=4
[2025-12-11T06:06:02.607Z] [Timeline] Built hotspot row: item_type=4, hotspot_ID=4, order=2
[2025-12-11T06:06:03.122Z] [Timeline] Hotspot 5 - currentSeconds: 36780, routeEndSeconds: 72000
[2025-12-11T06:06:03.185Z] [Timeline] Processing hotspot 5 for route 543
[2025-12-11T06:06:03.253Z] [Timeline] Skipping hotspot 5 - already added to plan 5
[2025-12-11T06:06:03.445Z] [Timeline] Hotspot 18 - currentSeconds: 36780, routeEndSeconds: 72000
[2025-12-11T06:06:03.557Z] [Timeline] Processing hotspot 18 for route 543
[2025-12-11T06:06:03.720Z] [Timeline] Hotspot 18 coords: lat=12.008342334177776, lon=79.81781931258232
[2025-12-11T06:06:04.291Z] [Timeline] Checking operating hours for hotspot 18: visit window 13:19:00-15:19:00 on day 5
[2025-12-11T06:06:04.412Z] [Timeline] Hotspot 18 check window: 09:00:00-13:00:00, visit: 13:19:00-15:19:00
[2025-12-11T06:06:04.510Z] [Timeline] Hotspot 18 check window: 13:30:00-17:00:00, visit: 13:19:00-15:19:00
[2025-12-11T06:06:04.632Z] [Timeline] Hotspot 18 operating hours check FAILED - visit 13:19:00-15:19:00 doesn't fit in any window
[2025-12-11T06:06:04.786Z] [Timeline] Hotspot 18 not open during visit window 13:19:00-15:19:00 on day 5, skipping
[2025-12-11T06:06:05.058Z] [Timeline] Hotspot 25 - currentSeconds: 36780, routeEndSeconds: 72000
[2025-12-11T06:06:05.214Z] [Timeline] Processing hotspot 25 for route 543
[2025-12-11T06:06:05.354Z] [Timeline] Hotspot 25 coords: lat=11.936184966220257, lon=79.83484226674099
[2025-12-11T06:06:06.188Z] [Timeline] Checking operating hours for hotspot 25: visit window 13:29:00-13:59:00 on day 5
[2025-12-11T06:06:06.305Z] [Timeline] Hotspot 25 check window: 17:45:00-12:30:00, visit: 13:29:00-13:59:00
[2025-12-11T06:06:06.465Z] [Timeline] Hotspot 25 check window: 16:00:00-20:00:00, visit: 13:29:00-13:59:00
[2025-12-11T06:06:06.598Z] [Timeline] Hotspot 25 operating hours check FAILED - visit 13:29:00-13:59:00 doesn't fit in any window
[2025-12-11T06:06:06.764Z] [Timeline] Hotspot 25 not open during visit window 13:29:00-13:59:00 on day 5, skipping
[2025-12-11T06:06:06.914Z] [Timeline] Hotspot 21 - currentSeconds: 36780, routeEndSeconds: 72000
[2025-12-11T06:06:06.990Z] [Timeline] Processing hotspot 21 for route 543
[2025-12-11T06:06:07.089Z] [Timeline] Hotspot 21 coords: lat=11.926178758041798, lon=79.82779781515121
[2025-12-11T06:06:07.414Z] [Timeline] Checking operating hours for hotspot 21: visit window 13:31:00-14:01:00 on day 5
