[2025-12-11T03:36:46.512Z] === HOTSPOT OPTIMIZATION LOG ===
[2025-12-11T03:36:46.543Z] Started at: 2025-12-11T03:36:46.543Z

[2025-12-11T03:36:58.467Z] [Timeline] Route 475 (Chennai International Airport → Chennai): routeStartTime=11:00:00, routeEndTime=20:00:00, direct_to_next=0
[2025-12-11T03:36:58.520Z] [Timeline] Route 475 starting coords from location_id 165946: (12.9811068, 80.159623)
[2025-12-11T03:36:58.630Z] [Timeline] Route 475 - Added refreshment break: 11:00:00 - 12:00:00
[2025-12-11T03:36:58.849Z] [fetchSelectedHotspots] route 475 target="Chennai International Airport" next="Chennai" dow=4
[2025-12-11T03:36:59.238Z] [fetchSelectedHotspots] Found 583 total active hotspots
[2025-12-11T03:36:59.370Z] [fetchSelectedHotspots] direct_to_next_visiting_place=0
[2025-12-11T03:36:59.434Z] [fetchSelectedHotspots] source="Chennai International Airport", destination="Chennai"
[2025-12-11T03:36:59.884Z] [fetchSelectedHotspots] Starting coords from stored_locations: (12.9811068, 80.159623)
[2025-12-11T03:37:00.136Z] [fetchSelectedHotspots] Hotspot 4 "Kapaleeshwarar Temple" → SOURCE (matches "Chennai International Airport")
[2025-12-11T03:37:00.506Z] [fetchSelectedHotspots] Hotspot 4 "Kapaleeshwarar Temple" → DESTINATION (matches "Chennai")
[2025-12-11T03:37:00.734Z] [fetchSelectedHotspots] Hotspot 5 "Marina Beach" → SOURCE (matches "Chennai International Airport")
[2025-12-11T03:37:00.800Z] [fetchSelectedHotspots] Hotspot 5 "Marina Beach" → DESTINATION (matches "Chennai")
[2025-12-11T03:37:00.868Z] [fetchSelectedHotspots] Hotspot 6 "Fort St.George Museum" → SOURCE (matches "Chennai International Airport")
[2025-12-11T03:37:00.920Z] [fetchSelectedHotspots] Hotspot 7 "Government Museum Chennai" → SOURCE (matches "Chennai International Airport")
[2025-12-11T03:37:01.001Z] [fetchSelectedHotspots] Hotspot 8 "Santhome Cathedral Basilica" → SOURCE (matches "Chennai International Airport")
[2025-12-11T03:37:01.051Z] [fetchSelectedHotspots] Hotspot 9 "Thousand Lights Mosque" → SOURCE (matches "Chennai International Airport")
[2025-12-11T03:37:01.184Z] [fetchSelectedHotspots] Hotspot 10 "Guindy National Park" → SOURCE (matches "Chennai International Airport")
[2025-12-11T03:37:01.250Z] [fetchSelectedHotspots] Hotspot 11 "Parthasarathy Temple" → SOURCE (matches "Chennai International Airport")
[2025-12-11T03:37:01.491Z] [fetchSelectedHotspots] Hotspot 12 "Vivekanandar House" → SOURCE (matches "Chennai International Airport")
[2025-12-11T03:37:01.718Z] [fetchSelectedHotspots] Hotspot 13 "Arignar Anna Zoological Park" → SOURCE (matches "Chennai International Airport")
[2025-12-11T03:37:01.875Z] [fetchSelectedHotspots] Hotspot 290 "Vgp snow kingdom" → SOURCE (matches "Chennai International Airport")
[2025-12-11T03:37:01.999Z] [fetchSelectedHotspots] Hotspot 291 "Vgp marine kingdom" → SOURCE (matches "Chennai International Airport")
[2025-12-11T03:37:02.099Z] [fetchSelectedHotspots] Hotspot 292 "Guindy snake park" → SOURCE (matches "Chennai International Airport")
[2025-12-11T03:37:02.270Z] [fetchSelectedHotspots] Hotspot 293 "Queens land" → SOURCE (matches "Chennai International Airport")
[2025-12-11T03:37:02.350Z] [fetchSelectedHotspots] Hotspot 294 "light house marina" → SOURCE (matches "Chennai International Airport")
[2025-12-11T03:37:02.418Z] [fetchSelectedHotspots] Hotspot 296 "Anna tower park" → SOURCE (matches "Chennai International Airport")
[2025-12-11T03:37:02.513Z] [fetchSelectedHotspots] Hotspot 297 "B.M Birla planitourim." → SOURCE (matches "Chennai International Airport")
[2025-12-11T03:37:02.582Z] [fetchSelectedHotspots] Hotspot 298 "Click art museum" → SOURCE (matches "Chennai International Airport")
[2025-12-11T03:37:02.654Z] [fetchSelectedHotspots] Hotspot 299 "National art gallery" → SOURCE (matches "Chennai International Airport")
[2025-12-11T03:37:02.705Z] [fetchSelectedHotspots] Hotspot 300 "M G R  Memorial" → SOURCE (matches "Chennai International Airport")
[2025-12-11T03:37:02.766Z] [fetchSelectedHotspots] Hotspot 303 "Anna memorial." → SOURCE (matches "Chennai International Airport")
[2025-12-11T03:37:02.809Z] [fetchSelectedHotspots] Hotspot 544 "Shri Ashtalakshmi Temple" → SOURCE (matches "Chennai International Airport")
[2025-12-11T03:37:02.865Z] [fetchSelectedHotspots] Hotspot 544 "Shri Ashtalakshmi Temple" → DESTINATION (matches "Chennai")
[2025-12-11T03:37:02.927Z] [fetchSelectedHotspots] Filtered 14 priority-0 SOURCE hotspots (22 → 8)
[2025-12-11T03:37:03.016Z] [fetchSelectedHotspots] Categorized: source=8, destination=3, via=0
[2025-12-11T03:37:03.070Z] [fetchSelectedHotspots] AIRPORT ARRIVAL DETECTED: "Chennai International Airport" → "Chennai"
[2025-12-11T03:37:03.119Z] [fetchSelectedHotspots] direct_to_next_visiting_place=0 + AIRPORT ARRIVAL: Processing DESTINATION → VIA
[2025-12-11T03:37:03.222Z] [fetchSelectedHotspots] Matched 3 hotspots after PHP ordering
[2025-12-11T03:37:03.267Z] [fetchSelectedHotspots] First 5 hotspots (sorted): ID=4 "Kapaleeshwarar Temple" priority=1 distance=19.94km, ID=5 "Marina Beach" priority=2 distance=22.47km, ID=544 "Shri Ashtalakshmi Temple" priority=0 distance=18.11km
[2025-12-11T03:37:03.317Z] [fetchSelectedHotspots] Matched 3 hotspots for route 475
[2025-12-11T03:37:03.366Z] [Timeline] Route 475: Selected 3 hotspots
[2025-12-11T03:37:03.417Z] [Timeline] Route 475 - currentTime: 12:00:00, routeEndTime: 20:00:00, routeEndSeconds: 72000
[2025-12-11T03:37:03.516Z] [Timeline] Hotspot 4 - currentSeconds: 43200, routeEndSeconds: 72000
[2025-12-11T03:37:03.748Z] [Timeline] Processing hotspot 4 for route 475
[2025-12-11T03:37:04.004Z] [Timeline] Hotspot 4 coords: lat=13.033798514213936, lon=80.26977915213011
[2025-12-11T03:37:04.633Z] [Timeline] Checking operating hours for hotspot 4: visit window 12:30:00-13:30:00 on day 4
[2025-12-11T03:37:04.785Z] [Timeline] Hotspot 4 check window: 05:30:00-12:00:00, visit: 12:30:00-13:30:00
[2025-12-11T03:37:04.851Z] [Timeline] Hotspot 4 check window: 16:00:00-20:00:00, visit: 12:30:00-13:30:00
[2025-12-11T03:37:04.905Z] [Timeline] Hotspot 4 operating hours check FAILED - visit 12:30:00-13:30:00 doesn't fit in any window
[2025-12-11T03:37:04.986Z] [Timeline] Hotspot 4 not open during visit window 12:30:00-13:30:00 on day 4, skipping
[2025-12-11T03:37:05.085Z] [Timeline] Hotspot 5 - currentSeconds: 43200, routeEndSeconds: 72000
[2025-12-11T03:37:05.205Z] [Timeline] Processing hotspot 5 for route 475
[2025-12-11T03:37:05.351Z] [Timeline] Hotspot 5 coords: lat=13.051080243192029, lon=80.27775926313883
[2025-12-11T03:37:06.495Z] [Timeline] Checking operating hours for hotspot 5: visit window 12:34:00-13:34:00 on day 4
[2025-12-11T03:37:06.604Z] [Timeline] Hotspot 5 operating hours OK
[2025-12-11T03:37:06.736Z] [Timeline] Travel type for "Chennai International Airport" -> "Chennai International Airport|Chennai Domestic Airport|Chennai Central|Chennai|Chennai Egmore Station|Chennai Koyembedu|ECR Beach, Chennai, Tamil Nadu": 1 (1=local, 2=outstation)
[2025-12-11T03:37:07.092Z] [Timeline] Building hotspot row for hotspot_ID=5
[2025-12-11T03:37:07.220Z] [Timeline] Built hotspot row: item_type=4, hotspot_ID=5, order=3
[2025-12-11T03:37:07.347Z] [Timeline] Hotspot 544 - currentSeconds: 48840, routeEndSeconds: 72000
[2025-12-11T03:37:07.415Z] [Timeline] Processing hotspot 544 for route 475
[2025-12-11T03:37:07.452Z] [Timeline] Hotspot 544 coords: lat=12.993461140291483, lon=80.27030436931474
[2025-12-11T03:37:07.603Z] [Timeline] Checking operating hours for hotspot 544: visit window 13:49:00-19:49:00 on day 4
[2025-12-11T03:37:07.638Z] [Timeline] Hotspot 544 check window: 06:00:00-12:00:00, visit: 13:49:00-19:49:00
[2025-12-11T03:37:07.683Z] [Timeline] Hotspot 544 check window: 16:00:00-20:00:00, visit: 13:49:00-19:49:00
[2025-12-11T03:37:07.705Z] [Timeline] Hotspot 544 operating hours check FAILED - visit 13:49:00-19:49:00 doesn't fit in any window
[2025-12-11T03:37:07.720Z] [Timeline] Hotspot 544 not open during visit window 13:49:00-19:49:00 on day 4, skipping
[2025-12-11T03:37:07.800Z] [Timeline] Route 476 (Chennai → Pondicherry): routeStartTime=08:00:00, routeEndTime=20:00:00, direct_to_next=0
[2025-12-11T03:37:07.847Z] [Timeline] Route 476 starting coords from location_id 762: (13.0843007, 80.2704622)
[2025-12-11T03:37:07.868Z] [Timeline] Route 476 - Added refreshment break: 08:00:00 - 09:00:00
[2025-12-11T03:37:07.903Z] [fetchSelectedHotspots] route 476 target="Chennai" next="Pondicherry" dow=5
[2025-12-11T03:37:08.163Z] [fetchSelectedHotspots] Found 583 total active hotspots
[2025-12-11T03:37:08.216Z] [fetchSelectedHotspots] direct_to_next_visiting_place=0
[2025-12-11T03:37:08.251Z] [fetchSelectedHotspots] source="Chennai", destination="Pondicherry"
[2025-12-11T03:37:08.288Z] [fetchSelectedHotspots] Starting coords from stored_locations: (12.9811068, 80.159623)
[2025-12-11T03:37:08.333Z] [fetchSelectedHotspots] Hotspot 4 "Kapaleeshwarar Temple" → SOURCE (matches "Chennai")
[2025-12-11T03:37:08.349Z] [fetchSelectedHotspots] Hotspot 5 "Marina Beach" → SOURCE (matches "Chennai")
[2025-12-11T03:37:08.369Z] [fetchSelectedHotspots] Hotspot 17 "Sri Aurobindo Ashram" → DESTINATION (matches "Pondicherry")
[2025-12-11T03:37:08.410Z] [fetchSelectedHotspots] Hotspot 18 "Auroville" → DESTINATION (matches "Pondicherry")
[2025-12-11T03:37:08.418Z] [fetchSelectedHotspots] Hotspot 19 "Promenade Beach" → DESTINATION (matches "Pondicherry")
[2025-12-11T03:37:08.451Z] [fetchSelectedHotspots] Hotspot 20 "Chunnambar Boathouse" → DESTINATION (matches "Pondicherry")
[2025-12-11T03:37:08.471Z] [fetchSelectedHotspots] Hotspot 21 "The Basilica of the Sacred Heart of Jesus" → DESTINATION (matches "Pondicherry")
[2025-12-11T03:37:08.500Z] [fetchSelectedHotspots] Hotspot 24 "The Pondicherry Museum" → DESTINATION (matches "Pondicherry")
[2025-12-11T03:37:08.533Z] [fetchSelectedHotspots] Hotspot 25 "Manakula Vinayagar Temple" → DESTINATION (matches "Pondicherry")
[2025-12-11T03:37:08.553Z] [fetchSelectedHotspots] Hotspot 277 "Pondicherry Backwater" → DESTINATION (matches "Pondicherry")
[2025-12-11T03:37:08.587Z] [fetchSelectedHotspots] Hotspot 544 "Shri Ashtalakshmi Temple" → SOURCE (matches "Chennai")
[2025-12-11T03:37:08.634Z] [fetchSelectedHotspots] Hotspot 669 "Eden Beach - Blue flag Beach" → DESTINATION (matches "Pondicherry")
[2025-12-11T03:37:08.671Z] [fetchSelectedHotspots] Hotspot 676 "Botanical Garden" → DESTINATION (matches "Pondicherry")
[2025-12-11T03:37:08.720Z] [fetchSelectedHotspots] Hotspot 677 "Bharathi Park &amp; Aayi Mandapam" → DESTINATION (matches "Pondicherry")
[2025-12-11T03:37:08.798Z] [fetchSelectedHotspots] Hotspot 678 "French Colony" → DESTINATION (matches "Pondicherry")
[2025-12-11T03:37:08.803Z] [fetchSelectedHotspots] Hotspot 679 "Pondi Marina Beach" → DESTINATION (matches "Pondicherry")
[2025-12-11T03:37:08.837Z] [fetchSelectedHotspots] Filtered 1 priority-0 SOURCE hotspots (3 → 2)
[2025-12-11T03:37:08.866Z] [fetchSelectedHotspots] Categorized: source=2, destination=13, via=0
[2025-12-11T03:37:08.898Z] [fetchSelectedHotspots] direct_to_next_visiting_place=0: Processing SOURCE → DESTINATION → VIA
[2025-12-11T03:37:08.950Z] [fetchSelectedHotspots] Matched 15 hotspots after PHP ordering
[2025-12-11T03:37:08.954Z] [fetchSelectedHotspots] First 5 hotspots (sorted): ID=4 "Kapaleeshwarar Temple" priority=1 distance=19.94km, ID=5 "Marina Beach" priority=2 distance=22.47km, ID=18 "Auroville" priority=1 distance=171.53km, ID=25 "Manakula Vinayagar Temple" priority=2 distance=182.13km, ID=21 "The Basilica of the Sacred Heart of Jesus" priority=4 distance=184.07km
[2025-12-11T03:37:08.988Z] [fetchSelectedHotspots] Matched 15 hotspots for route 476
[2025-12-11T03:37:09.038Z] [Timeline] Route 476: Selected 15 hotspots
[2025-12-11T03:37:09.053Z] [Timeline] Route 476 - currentTime: 09:00:00, routeEndTime: 20:00:00, routeEndSeconds: 72000
[2025-12-11T03:37:09.099Z] [Timeline] Hotspot 4 - currentSeconds: 32400, routeEndSeconds: 72000
[2025-12-11T03:37:09.126Z] [Timeline] Processing hotspot 4 for route 476
[2025-12-11T03:37:09.216Z] [Timeline] Hotspot 4 coords: lat=13.033798514213936, lon=80.26977915213011
[2025-12-11T03:37:09.354Z] [Timeline] Checking operating hours for hotspot 4: visit window 09:13:00-10:13:00 on day 5
[2025-12-11T03:37:09.420Z] [Timeline] Hotspot 4 check window: 05:30:00-12:00:00, visit: 09:13:00-10:13:00
[2025-12-11T03:37:09.470Z] [Timeline] Hotspot 4 operating hours OK - entire visit 09:13:00-10:13:00 fits in 05:30:00-12:00:00
[2025-12-11T03:37:09.483Z] [Timeline] Hotspot 4 operating hours OK
[2025-12-11T03:37:09.516Z] [Timeline] Travel type for "Chennai" -> "Chennai International Airport|Chennai Domestic Airport|Chennai Central|Chennai|Chennai Egmore Station|Chennai Koyembedu|ECR Beach, Chennai, Tamil Nadu": 1 (1=local, 2=outstation)
[2025-12-11T03:37:09.669Z] [Timeline] Building hotspot row for hotspot_ID=4
[2025-12-11T03:37:09.700Z] [Timeline] Built hotspot row: item_type=4, hotspot_ID=4, order=3
[2025-12-11T03:37:09.768Z] [Timeline] Hotspot 5 - currentSeconds: 36780, routeEndSeconds: 72000
[2025-12-11T03:37:09.794Z] [Timeline] Processing hotspot 5 for route 476
[2025-12-11T03:37:09.802Z] [Timeline] Skipping hotspot 5 - already added to plan 5
[2025-12-11T03:37:09.845Z] [Timeline] Hotspot 18 - currentSeconds: 36780, routeEndSeconds: 72000
[2025-12-11T03:37:09.850Z] [Timeline] Processing hotspot 18 for route 476
[2025-12-11T03:37:09.900Z] [Timeline] Hotspot 18 coords: lat=12.008342334177776, lon=79.81781931258232
[2025-12-11T03:37:10.033Z] [Timeline] Checking operating hours for hotspot 18: visit window 13:19:00-15:19:00 on day 5
[2025-12-11T03:37:10.059Z] [Timeline] Hotspot 18 check window: 09:00:00-13:00:00, visit: 13:19:00-15:19:00
[2025-12-11T03:37:10.070Z] [Timeline] Hotspot 18 check window: 13:30:00-17:00:00, visit: 13:19:00-15:19:00
[2025-12-11T03:37:10.117Z] [Timeline] Hotspot 18 operating hours check FAILED - visit 13:19:00-15:19:00 doesn't fit in any window
[2025-12-11T03:37:10.186Z] [Timeline] Hotspot 18 not open during visit window 13:19:00-15:19:00 on day 5, skipping
[2025-12-11T03:37:10.202Z] [Timeline] Hotspot 25 - currentSeconds: 36780, routeEndSeconds: 72000
[2025-12-11T03:37:10.234Z] [Timeline] Processing hotspot 25 for route 476
[2025-12-11T03:37:10.268Z] [Timeline] Hotspot 25 coords: lat=11.936184966220257, lon=79.83484226674099
[2025-12-11T03:37:10.368Z] [Timeline] Checking operating hours for hotspot 25: visit window 13:29:00-13:59:00 on day 5
[2025-12-11T03:37:10.417Z] [Timeline] Hotspot 25 check window: 17:45:00-12:30:00, visit: 13:29:00-13:59:00
[2025-12-11T03:37:10.447Z] [Timeline] Hotspot 25 check window: 16:00:00-20:00:00, visit: 13:29:00-13:59:00
[2025-12-11T03:37:10.470Z] [Timeline] Hotspot 25 operating hours check FAILED - visit 13:29:00-13:59:00 doesn't fit in any window
[2025-12-11T03:37:10.499Z] [Timeline] Hotspot 25 not open during visit window 13:29:00-13:59:00 on day 5, skipping
[2025-12-11T03:37:10.521Z] [Timeline] Hotspot 21 - currentSeconds: 36780, routeEndSeconds: 72000
[2025-12-11T03:37:10.563Z] [Timeline] Processing hotspot 21 for route 476
[2025-12-11T03:37:10.610Z] [Timeline] Hotspot 21 coords: lat=11.926178758041798, lon=79.82779781515121
[2025-12-11T03:37:10.752Z] [Timeline] Checking operating hours for hotspot 21: visit window 13:31:00-14:01:00 on day 5
[2025-12-11T03:37:10.786Z] [Timeline] Hotspot 21 check window: 06:00:00-19:00:00, visit: 13:31:00-14:01:00
[2025-12-11T03:37:10.799Z] [Timeline] Hotspot 21 operating hours OK - entire visit 13:31:00-14:01:00 fits in 06:00:00-19:00:00
[2025-12-11T03:37:10.834Z] [Timeline] Hotspot 21 operating hours OK
[2025-12-11T03:37:10.866Z] [Timeline] Travel type for "Chennai International Airport|Chennai Domestic Airport|Chennai Central|Chennai|Chennai Egmore Station|Chennai Koyembedu|ECR Beach, Chennai, Tamil Nadu" -> "Pondicherry Airport|Pondicherry": 2 (1=local, 2=outstation)
[2025-12-11T03:37:10.949Z] [Timeline] Building hotspot row for hotspot_ID=21
[2025-12-11T03:37:10.988Z] [Timeline] Built hotspot row: item_type=4, hotspot_ID=21, order=5
[2025-12-11T03:37:11.052Z] [Timeline] Hotspot 19 - currentSeconds: 50460, routeEndSeconds: 72000
[2025-12-11T03:37:11.066Z] [Timeline] Processing hotspot 19 for route 476
[2025-12-11T03:37:11.112Z] [Timeline] Hotspot 19 coords: lat=11.931203427435934, lon=79.83580349426904
[2025-12-11T03:37:11.250Z] [Timeline] Checking operating hours for hotspot 19: visit window 14:03:00-15:03:00 on day 5
[2025-12-11T03:37:11.296Z] [Timeline] Hotspot 19 check window: 06:00:00-20:00:00, visit: 14:03:00-15:03:00
[2025-12-11T03:37:11.300Z] [Timeline] Hotspot 19 operating hours OK - entire visit 14:03:00-15:03:00 fits in 06:00:00-20:00:00
[2025-12-11T03:37:11.347Z] [Timeline] Hotspot 19 operating hours OK
[2025-12-11T03:37:11.369Z] [Timeline] Travel type for "Pondicherry Airport|Pondicherry" -> "Pondicherry Airport|Pondicherry": 1 (1=local, 2=outstation)
[2025-12-11T03:37:11.471Z] [Timeline] Building hotspot row for hotspot_ID=19
[2025-12-11T03:37:11.533Z] [Timeline] Built hotspot row: item_type=4, hotspot_ID=19, order=7
[2025-12-11T03:37:11.600Z] [Timeline] Hotspot 20 - currentSeconds: 54180, routeEndSeconds: 72000
[2025-12-11T03:37:11.615Z] [Timeline] Processing hotspot 20 for route 476
[2025-12-11T03:37:11.664Z] [Timeline] Hotspot 20 coords: lat=11.883875481616602, lon=79.80141705562612
[2025-12-11T03:37:11.776Z] [Timeline] Checking operating hours for hotspot 20: visit window 15:18:00-16:18:00 on day 5
[2025-12-11T03:37:11.844Z] [Timeline] Hotspot 20 check window: 09:30:00-16:00:00, visit: 15:18:00-16:18:00
[2025-12-11T03:37:11.885Z] [Timeline] Hotspot 20 operating hours check FAILED - visit 15:18:00-16:18:00 doesn't fit in any window
[2025-12-11T03:37:11.887Z] [Timeline] Hotspot 20 not open during visit window 15:18:00-16:18:00 on day 5, skipping
[2025-12-11T03:37:11.937Z] [Timeline] Hotspot 17 - currentSeconds: 54180, routeEndSeconds: 72000
[2025-12-11T03:37:11.967Z] [Timeline] Processing hotspot 17 for route 476
[2025-12-11T03:37:12.015Z] [Timeline] Hotspot 17 coords: lat=11.936929030828965, lon=79.83477998559515
[2025-12-11T03:37:12.252Z] [Timeline] Checking operating hours for hotspot 17: visit window 15:04:00-16:04:00 on day 5
[2025-12-11T03:37:12.278Z] [Timeline] Hotspot 17 check window: 10:30:00-19:00:00, visit: 15:04:00-16:04:00
[2025-12-11T03:37:12.285Z] [Timeline] Hotspot 17 operating hours OK - entire visit 15:04:00-16:04:00 fits in 10:30:00-19:00:00
[2025-12-11T03:37:12.332Z] [Timeline] Hotspot 17 operating hours OK
[2025-12-11T03:37:12.349Z] [Timeline] Travel type for "Pondicherry Airport|Pondicherry" -> "Pondicherry Airport|Pondicherry": 1 (1=local, 2=outstation)
[2025-12-11T03:37:12.467Z] [Timeline] Building hotspot row for hotspot_ID=17
[2025-12-11T03:37:12.513Z] [Timeline] Built hotspot row: item_type=4, hotspot_ID=17, order=9
[2025-12-11T03:37:12.571Z] [Timeline] Hotspot 24 - currentSeconds: 57840, routeEndSeconds: 72000
[2025-12-11T03:37:12.601Z] [Timeline] Processing hotspot 24 for route 476
[2025-12-11T03:37:12.634Z] [Timeline] Hotspot 24 coords: lat=11.934656339062595, lon=79.83484999477534
[2025-12-11T03:37:12.751Z] [Timeline] Checking operating hours for hotspot 24: visit window 16:05:00-16:35:00 on day 5
[2025-12-11T03:37:12.814Z] [Timeline] Hotspot 24 check window: 09:00:00-18:00:00, visit: 16:05:00-16:35:00
[2025-12-11T03:37:12.851Z] [Timeline] Hotspot 24 operating hours OK - entire visit 16:05:00-16:35:00 fits in 09:00:00-18:00:00
[2025-12-11T03:37:12.881Z] [Timeline] Hotspot 24 operating hours OK
[2025-12-11T03:37:12.886Z] [Timeline] Travel type for "Pondicherry Airport|Pondicherry" -> "Pondicherry Airport|Pondicherry": 1 (1=local, 2=outstation)
[2025-12-11T03:37:13.002Z] [Timeline] Building hotspot row for hotspot_ID=24
[2025-12-11T03:37:13.049Z] [Timeline] Built hotspot row: item_type=4, hotspot_ID=24, order=11
[2025-12-11T03:37:13.168Z] [Timeline] Hotspot 677 - currentSeconds: 59700, routeEndSeconds: 72000
[2025-12-11T03:37:13.197Z] [Timeline] Processing hotspot 677 for route 476
[2025-12-11T03:37:13.244Z] [Timeline] Hotspot 677 coords: lat=11.933029585291068, lon=79.83418306595088
[2025-12-11T03:37:13.350Z] [Timeline] Checking operating hours for hotspot 677: visit window 16:35:00-17:20:00 on day 5
[2025-12-11T03:37:13.402Z] [Timeline] Hotspot 677 check window: 06:00:00-19:00:00, visit: 16:35:00-17:20:00
[2025-12-11T03:37:13.432Z] [Timeline] Hotspot 677 operating hours OK - entire visit 16:35:00-17:20:00 fits in 06:00:00-19:00:00
[2025-12-11T03:37:13.468Z] [Timeline] Hotspot 677 operating hours OK
[2025-12-11T03:37:13.485Z] [Timeline] Travel type for "Pondicherry Airport|Pondicherry" -> "Pondicherry|Pondicherry Airport": 1 (1=local, 2=outstation)
[2025-12-11T03:37:13.649Z] [Timeline] Building hotspot row for hotspot_ID=677
[2025-12-11T03:37:13.686Z] [Timeline] Built hotspot row: item_type=4, hotspot_ID=677, order=13
[2025-12-11T03:37:13.731Z] [Timeline] Hotspot 678 - currentSeconds: 62400, routeEndSeconds: 72000
[2025-12-11T03:37:13.770Z] [Timeline] Processing hotspot 678 for route 476
[2025-12-11T03:37:13.833Z] [Timeline] Hotspot 678 coords: lat=11.928492248303817, lon=79.83303242117643
[2025-12-11T03:37:13.966Z] [Timeline] Checking operating hours for hotspot 678: visit window 17:21:00-18:21:00 on day 5
[2025-12-11T03:37:14.018Z] [Timeline] Hotspot 678 operating hours OK
[2025-12-11T03:37:14.048Z] [Timeline] Travel type for "Pondicherry|Pondicherry Airport" -> "Pondicherry|Pondicherry Airport": 1 (1=local, 2=outstation)
[2025-12-11T03:37:14.217Z] [Timeline] Building hotspot row for hotspot_ID=678
[2025-12-11T03:37:14.277Z] [Timeline] Built hotspot row: item_type=4, hotspot_ID=678, order=15
[2025-12-11T03:37:14.317Z] [Timeline] Hotspot 676 - currentSeconds: 66060, routeEndSeconds: 72000
[2025-12-11T03:37:14.332Z] [Timeline] Processing hotspot 676 for route 476
[2025-12-11T03:37:14.366Z] [Timeline] Hotspot 676 coords: lat=11.930177048465467, lon=79.8224313245787
[2025-12-11T03:37:14.435Z] [Timeline] Checking operating hours for hotspot 676: visit window 18:24:00-19:24:00 on day 5
[2025-12-11T03:37:14.469Z] [Timeline] Hotspot 676 check window: 10:00:00-17:00:00, visit: 18:24:00-19:24:00
[2025-12-11T03:37:14.482Z] [Timeline] Hotspot 676 operating hours check FAILED - visit 18:24:00-19:24:00 doesn't fit in any window
[2025-12-11T03:37:14.531Z] [Timeline] Hotspot 676 not open during visit window 18:24:00-19:24:00 on day 5, skipping
[2025-12-11T03:37:14.550Z] [Timeline] Hotspot 277 - currentSeconds: 66060, routeEndSeconds: 72000
[2025-12-11T03:37:14.584Z] [Timeline] Processing hotspot 277 for route 476
[2025-12-11T03:37:14.620Z] [Timeline] Hotspot 277 coords: lat=11.916309213225349, lon=79.82433098120615
[2025-12-11T03:37:14.718Z] [Timeline] Checking operating hours for hotspot 277: visit window 18:25:00-21:25:00 on day 5
[2025-12-11T03:37:14.750Z] [Timeline] Hotspot 277 check window: 09:00:00-18:00:00, visit: 18:25:00-21:25:00
[2025-12-11T03:37:14.765Z] [Timeline] Hotspot 277 operating hours check FAILED - visit 18:25:00-21:25:00 doesn't fit in any window
[2025-12-11T03:37:14.784Z] [Timeline] Hotspot 277 not open during visit window 18:25:00-21:25:00 on day 5, skipping
[2025-12-11T03:37:14.798Z] [Timeline] Hotspot 679 - currentSeconds: 66060, routeEndSeconds: 72000
[2025-12-11T03:37:14.816Z] [Timeline] Processing hotspot 679 for route 476
[2025-12-11T03:37:14.868Z] [Timeline] Hotspot 679 coords: lat=11.913052113056816, lon=79.82932149874199
[2025-12-11T03:37:14.954Z] [Timeline] Checking operating hours for hotspot 679: visit window 18:25:00-18:55:00 on day 5
[2025-12-11T03:37:15.025Z] [Timeline] Hotspot 679 operating hours OK
[2025-12-11T03:37:15.063Z] [Timeline] Travel type for "Pondicherry|Pondicherry Airport" -> "Pondicherry|Pondicherry Airport": 1 (1=local, 2=outstation)
[2025-12-11T03:37:15.119Z] [Timeline] Building hotspot row for hotspot_ID=679
[2025-12-11T03:37:15.192Z] [Timeline] Built hotspot row: item_type=4, hotspot_ID=679, order=17
[2025-12-11T03:37:15.235Z] [Timeline] Hotspot 669 - currentSeconds: 68100, routeEndSeconds: 72000
[2025-12-11T03:37:15.269Z] [Timeline] Processing hotspot 669 for route 476
[2025-12-11T03:37:15.320Z] [Timeline] Hotspot 669 coords: lat=11.882310987345338, lon=79.8244548517534
[2025-12-11T03:37:15.436Z] [Timeline] Checking operating hours for hotspot 669: visit window 19:03:00-20:03:00 on day 5
[2025-12-11T03:37:15.517Z] [Timeline] Hotspot 669 check window: 06:00:00-18:00:00, visit: 19:03:00-20:03:00
[2025-12-11T03:37:15.545Z] [Timeline] Hotspot 669 operating hours check FAILED - visit 19:03:00-20:03:00 doesn't fit in any window
[2025-12-11T03:37:15.568Z] [Timeline] Hotspot 669 not open during visit window 19:03:00-20:03:00 on day 5, skipping
[2025-12-11T03:37:15.635Z] [Timeline] Route 477 (Pondicherry → Pondicherry Airport): routeStartTime=08:00:00, routeEndTime=20:00:00, direct_to_next=0
[2025-12-11T03:37:15.681Z] [Timeline] Route 477 starting coords from location_id 5922: (11.9415915, 79.8083133)
[2025-12-11T03:37:15.699Z] [Timeline] Route 477 - Added refreshment break: 08:00:00 - 09:00:00
[2025-12-11T03:37:15.718Z] [fetchSelectedHotspots] route 477 target="Pondicherry" next="Pondicherry Airport" dow=6
[2025-12-11T03:37:15.901Z] [fetchSelectedHotspots] Found 583 total active hotspots
[2025-12-11T03:37:15.935Z] [fetchSelectedHotspots] direct_to_next_visiting_place=0
[2025-12-11T03:37:15.965Z] [fetchSelectedHotspots] source="Pondicherry", destination="Pondicherry Airport"
[2025-12-11T03:37:16.032Z] [fetchSelectedHotspots] Starting coords from stored_locations: (13.0827989, 80.2754246)
[2025-12-11T03:37:16.050Z] [fetchSelectedHotspots] Hotspot 16 "Paradise Beach" → DESTINATION (matches "Pondicherry Airport")
[2025-12-11T03:37:16.081Z] [fetchSelectedHotspots] Hotspot 17 "Sri Aurobindo Ashram" → SOURCE (matches "Pondicherry")
[2025-12-11T03:37:16.099Z] [fetchSelectedHotspots] Hotspot 17 "Sri Aurobindo Ashram" → DESTINATION (matches "Pondicherry Airport")
[2025-12-11T03:37:16.184Z] [fetchSelectedHotspots] Hotspot 18 "Auroville" → SOURCE (matches "Pondicherry")
[2025-12-11T03:37:16.202Z] [fetchSelectedHotspots] Hotspot 18 "Auroville" → DESTINATION (matches "Pondicherry Airport")
[2025-12-11T03:37:16.218Z] [fetchSelectedHotspots] Hotspot 19 "Promenade Beach" → SOURCE (matches "Pondicherry")
[2025-12-11T03:37:16.232Z] [fetchSelectedHotspots] Hotspot 19 "Promenade Beach" → DESTINATION (matches "Pondicherry Airport")
[2025-12-11T03:37:16.252Z] [fetchSelectedHotspots] Hotspot 20 "Chunnambar Boathouse" → SOURCE (matches "Pondicherry")
[2025-12-11T03:37:16.284Z] [fetchSelectedHotspots] Hotspot 20 "Chunnambar Boathouse" → DESTINATION (matches "Pondicherry Airport")
[2025-12-11T03:37:16.311Z] [fetchSelectedHotspots] Hotspot 21 "The Basilica of the Sacred Heart of Jesus" → SOURCE (matches "Pondicherry")
[2025-12-11T03:37:16.350Z] [fetchSelectedHotspots] Hotspot 21 "The Basilica of the Sacred Heart of Jesus" → DESTINATION (matches "Pondicherry Airport")
[2025-12-11T03:37:16.352Z] [fetchSelectedHotspots] Hotspot 23 "French War Memorial" → DESTINATION (matches "Pondicherry Airport")
[2025-12-11T03:37:16.398Z] [fetchSelectedHotspots] Hotspot 24 "The Pondicherry Museum" → SOURCE (matches "Pondicherry")
[2025-12-11T03:37:16.416Z] [fetchSelectedHotspots] Hotspot 24 "The Pondicherry Museum" → DESTINATION (matches "Pondicherry Airport")
[2025-12-11T03:37:16.448Z] [fetchSelectedHotspots] Hotspot 25 "Manakula Vinayagar Temple" → SOURCE (matches "Pondicherry")
[2025-12-11T03:37:16.483Z] [fetchSelectedHotspots] Hotspot 25 "Manakula Vinayagar Temple" → DESTINATION (matches "Pondicherry Airport")
[2025-12-11T03:37:16.498Z] [fetchSelectedHotspots] Hotspot 277 "Pondicherry Backwater" → SOURCE (matches "Pondicherry")
[2025-12-11T03:37:16.532Z] [fetchSelectedHotspots] Hotspot 277 "Pondicherry Backwater" → DESTINATION (matches "Pondicherry Airport")
[2025-12-11T03:37:16.577Z] [fetchSelectedHotspots] Hotspot 669 "Eden Beach - Blue flag Beach" → SOURCE (matches "Pondicherry")
[2025-12-11T03:37:16.586Z] [fetchSelectedHotspots] Hotspot 669 "Eden Beach - Blue flag Beach" → DESTINATION (matches "Pondicherry Airport")
[2025-12-11T03:37:16.616Z] [fetchSelectedHotspots] Hotspot 676 "Botanical Garden" → SOURCE (matches "Pondicherry")
[2025-12-11T03:37:16.651Z] [fetchSelectedHotspots] Hotspot 676 "Botanical Garden" → DESTINATION (matches "Pondicherry Airport")
[2025-12-11T03:37:16.695Z] [fetchSelectedHotspots] Hotspot 677 "Bharathi Park &amp; Aayi Mandapam" → SOURCE (matches "Pondicherry")
[2025-12-11T03:37:16.704Z] [fetchSelectedHotspots] Hotspot 677 "Bharathi Park &amp; Aayi Mandapam" → DESTINATION (matches "Pondicherry Airport")
[2025-12-11T03:37:16.751Z] [fetchSelectedHotspots] Hotspot 678 "French Colony" → SOURCE (matches "Pondicherry")
[2025-12-11T03:37:16.777Z] [fetchSelectedHotspots] Hotspot 678 "French Colony" → DESTINATION (matches "Pondicherry Airport")
[2025-12-11T03:37:16.814Z] [fetchSelectedHotspots] Hotspot 679 "Pondi Marina Beach" → SOURCE (matches "Pondicherry")
[2025-12-11T03:37:16.818Z] [fetchSelectedHotspots] Hotspot 679 "Pondi Marina Beach" → DESTINATION (matches "Pondicherry Airport")
[2025-12-11T03:37:16.852Z] [fetchSelectedHotspots] Filtered 7 priority-0 SOURCE hotspots (13 → 6)
[2025-12-11T03:37:16.869Z] [fetchSelectedHotspots] Categorized: source=6, destination=15, via=0
[2025-12-11T03:37:16.902Z] [fetchSelectedHotspots] direct_to_next_visiting_place=0: Processing SOURCE → DESTINATION → VIA
[2025-12-11T03:37:16.933Z] [fetchSelectedHotspots] Matched 21 hotspots after PHP ordering
[2025-12-11T03:37:16.968Z] [fetchSelectedHotspots] First 5 hotspots (sorted): ID=18 "Auroville" priority=1 distance=194.08km, ID=25 "Manakula Vinayagar Temple" priority=2 distance=204.26km, ID=21 "The Basilica of the Sacred Heart of Jesus" priority=4 distance=206.23km, ID=19 "Promenade Beach" priority=5 distance=204.98km, ID=20 "Chunnambar Boathouse" priority=5 distance=214.35km
[2025-12-11T03:37:17.010Z] [fetchSelectedHotspots] Matched 15 hotspots for route 477
[2025-12-11T03:37:17.050Z] [Timeline] Route 477: Selected 15 hotspots
[2025-12-11T03:37:17.052Z] [Timeline] Route 477 - currentTime: 09:00:00, routeEndTime: 20:00:00, routeEndSeconds: 72000
[2025-12-11T03:37:17.064Z] [Timeline] Hotspot 18 - currentSeconds: 32400, routeEndSeconds: 72000
[2025-12-11T03:37:17.101Z] [Timeline] Processing hotspot 18 for route 477
[2025-12-11T03:37:17.162Z] [Timeline] Hotspot 18 coords: lat=12.008342334177776, lon=79.81781931258232
[2025-12-11T03:37:17.302Z] [Timeline] Checking operating hours for hotspot 18: visit window 09:17:00-11:17:00 on day 6
[2025-12-11T03:37:17.362Z] [Timeline] Hotspot 18 check window: 09:00:00-13:00:00, visit: 09:17:00-11:17:00
[2025-12-11T03:37:17.365Z] [Timeline] Hotspot 18 operating hours OK - entire visit 09:17:00-11:17:00 fits in 09:00:00-13:00:00
[2025-12-11T03:37:17.401Z] [Timeline] Hotspot 18 operating hours OK
[2025-12-11T03:37:17.436Z] [Timeline] Travel type for "Pondicherry" -> "Pondicherry Airport|Pondicherry": 1 (1=local, 2=outstation)
[2025-12-11T03:37:17.565Z] [Timeline] Building hotspot row for hotspot_ID=18
[2025-12-11T03:37:17.603Z] [Timeline] Built hotspot row: item_type=4, hotspot_ID=18, order=3
[2025-12-11T03:37:17.664Z] [Timeline] Hotspot 25 - currentSeconds: 40620, routeEndSeconds: 72000
[2025-12-11T03:37:17.698Z] [Timeline] Processing hotspot 25 for route 477
[2025-12-11T03:37:17.734Z] [Timeline] Hotspot 25 coords: lat=11.936184966220257, lon=79.83484226674099
[2025-12-11T03:37:17.801Z] [Timeline] Checking operating hours for hotspot 25: visit window 11:36:00-12:06:00 on day 6
[2025-12-11T03:37:17.864Z] [Timeline] Hotspot 25 check window: 05:45:00-12:30:00, visit: 11:36:00-12:06:00
[2025-12-11T03:37:17.897Z] [Timeline] Hotspot 25 operating hours OK - entire visit 11:36:00-12:06:00 fits in 05:45:00-12:30:00
[2025-12-11T03:37:17.931Z] [Timeline] Hotspot 25 operating hours OK
[2025-12-11T03:37:17.951Z] [Timeline] Travel type for "Pondicherry Airport|Pondicherry" -> "Pondicherry Airport|Pondicherry": 1 (1=local, 2=outstation)
[2025-12-11T03:37:18.063Z] [Timeline] Building hotspot row for hotspot_ID=25
[2025-12-11T03:37:18.164Z] [Timeline] Built hotspot row: item_type=4, hotspot_ID=25, order=5
[2025-12-11T03:37:18.232Z] [Timeline] Hotspot 21 - currentSeconds: 43560, routeEndSeconds: 72000
[2025-12-11T03:37:18.279Z] [Timeline] Processing hotspot 21 for route 477
[2025-12-11T03:37:18.316Z] [Timeline] Skipping hotspot 21 - already added to plan 5
[2025-12-11T03:37:18.333Z] [Timeline] Hotspot 19 - currentSeconds: 43560, routeEndSeconds: 72000
[2025-12-11T03:37:18.364Z] [Timeline] Processing hotspot 19 for route 477
[2025-12-11T03:37:18.367Z] [Timeline] Skipping hotspot 19 - already added to plan 5
[2025-12-11T03:37:18.404Z] [Timeline] Hotspot 20 - currentSeconds: 43560, routeEndSeconds: 72000
[2025-12-11T03:37:18.448Z] [Timeline] Processing hotspot 20 for route 477
[2025-12-11T03:37:18.463Z] [Timeline] Hotspot 20 coords: lat=11.883875481616602, lon=79.80141705562612
[2025-12-11T03:37:18.601Z] [Timeline] Checking operating hours for hotspot 20: visit window 12:21:00-13:21:00 on day 6
[2025-12-11T03:37:18.615Z] [Timeline] Hotspot 20 check window: 09:30:00-16:00:00, visit: 12:21:00-13:21:00
[2025-12-11T03:37:18.648Z] [Timeline] Hotspot 20 operating hours OK - entire visit 12:21:00-13:21:00 fits in 09:30:00-16:00:00
[2025-12-11T03:37:18.665Z] [Timeline] Hotspot 20 operating hours OK
[2025-12-11T03:37:18.697Z] [Timeline] Travel type for "Pondicherry Airport|Pondicherry" -> "Pondicherry Airport|Pondicherry": 1 (1=local, 2=outstation)
[2025-12-11T03:37:18.786Z] [Timeline] Building hotspot row for hotspot_ID=20
[2025-12-11T03:37:18.835Z] [Timeline] Built hotspot row: item_type=4, hotspot_ID=20, order=7
[2025-12-11T03:37:18.883Z] [Timeline] Hotspot 17 - currentSeconds: 48060, routeEndSeconds: 72000
[2025-12-11T03:37:18.913Z] [Timeline] Processing hotspot 17 for route 477
[2025-12-11T03:37:18.936Z] [Timeline] Skipping hotspot 17 - already added to plan 5
[2025-12-11T03:37:18.966Z] [Timeline] Hotspot 16 - currentSeconds: 48060, routeEndSeconds: 72000
[2025-12-11T03:37:18.969Z] [Timeline] Processing hotspot 16 for route 477
[2025-12-11T03:37:19.019Z] [Timeline] Hotspot 16 coords: lat=11.894346668881749, lon=79.86265715952393
[2025-12-11T03:37:19.100Z] [Timeline] Checking operating hours for hotspot 16: visit window 13:36:00-14:06:00 on day 6
[2025-12-11T03:37:19.135Z] [Timeline] Hotspot 16 check window: 09:00:00-18:00:00, visit: 13:36:00-14:06:00
[2025-12-11T03:37:19.215Z] [Timeline] Hotspot 16 operating hours OK - entire visit 13:36:00-14:06:00 fits in 09:00:00-18:00:00
[2025-12-11T03:37:19.220Z] [Timeline] Hotspot 16 operating hours OK
[2025-12-11T03:37:19.266Z] [Timeline] Travel type for "Pondicherry Airport|Pondicherry" -> "Pondicherry Airport": 1 (1=local, 2=outstation)
[2025-12-11T03:37:19.354Z] [Timeline] Building hotspot row for hotspot_ID=16
[2025-12-11T03:37:19.415Z] [Timeline] Built hotspot row: item_type=4, hotspot_ID=16, order=9
[2025-12-11T03:37:19.466Z] [Timeline] Hotspot 23 - currentSeconds: 50760, routeEndSeconds: 72000
[2025-12-11T03:37:19.499Z] [Timeline] Processing hotspot 23 for route 477
[2025-12-11T03:37:19.545Z] [Timeline] Hotspot 23 coords: lat=11.93212951685565, lon=79.83535346593922
[2025-12-11T03:37:19.586Z] [Timeline] Checking operating hours for hotspot 23: visit window 14:06:00-14:26:00 on day 6
[2025-12-11T03:37:19.618Z] [Timeline] Hotspot 23 operating hours OK
[2025-12-11T03:37:19.651Z] [Timeline] Travel type for "Pondicherry Airport" -> "Pondicherry Airport": 1 (1=local, 2=outstation)
[2025-12-11T03:37:19.698Z] [Timeline] Building hotspot row for hotspot_ID=23
[2025-12-11T03:37:19.733Z] [Timeline] Built hotspot row: item_type=4, hotspot_ID=23, order=11
[2025-12-11T03:37:19.767Z] [Timeline] Hotspot 24 - currentSeconds: 51960, routeEndSeconds: 72000
[2025-12-11T03:37:19.780Z] [Timeline] Processing hotspot 24 for route 477
[2025-12-11T03:37:19.802Z] [Timeline] Skipping hotspot 24 - already added to plan 5
[2025-12-11T03:37:19.831Z] [Timeline] Hotspot 677 - currentSeconds: 51960, routeEndSeconds: 72000
[2025-12-11T03:37:19.848Z] [Timeline] Processing hotspot 677 for route 477
[2025-12-11T03:37:19.850Z] [Timeline] Skipping hotspot 677 - already added to plan 5
[2025-12-11T03:37:19.882Z] [Timeline] Hotspot 678 - currentSeconds: 51960, routeEndSeconds: 72000
[2025-12-11T03:37:19.899Z] [Timeline] Processing hotspot 678 for route 477
[2025-12-11T03:37:19.944Z] [Timeline] Skipping hotspot 678 - already added to plan 5
[2025-12-11T03:37:19.950Z] [Timeline] Hotspot 676 - currentSeconds: 51960, routeEndSeconds: 72000
[2025-12-11T03:37:20.000Z] [Timeline] Processing hotspot 676 for route 477
[2025-12-11T03:37:20.048Z] [Timeline] Hotspot 676 coords: lat=11.930177048465467, lon=79.8224313245787
[2025-12-11T03:37:20.270Z] [Timeline] Checking operating hours for hotspot 676: visit window 14:29:00-15:29:00 on day 6
[2025-12-11T03:37:20.345Z] [Timeline] Hotspot 676 check window: 10:00:00-17:00:00, visit: 14:29:00-15:29:00
[2025-12-11T03:37:20.382Z] [Timeline] Hotspot 676 operating hours OK - entire visit 14:29:00-15:29:00 fits in 10:00:00-17:00:00
[2025-12-11T03:37:20.414Z] [Timeline] Hotspot 676 operating hours OK
[2025-12-11T03:37:20.418Z] [Timeline] Travel type for "Pondicherry Airport" -> "Pondicherry|Pondicherry Airport": 1 (1=local, 2=outstation)
[2025-12-11T03:37:20.532Z] [Timeline] Building hotspot row for hotspot_ID=676
[2025-12-11T03:37:20.580Z] [Timeline] Built hotspot row: item_type=4, hotspot_ID=676, order=13
[2025-12-11T03:37:20.632Z] [Timeline] Hotspot 277 - currentSeconds: 55740, routeEndSeconds: 72000
[2025-12-11T03:37:20.676Z] [Timeline] Processing hotspot 277 for route 477
[2025-12-11T03:37:20.850Z] [Timeline] Hotspot 277 coords: lat=11.916309213225349, lon=79.82433098120615
[2025-12-11T03:37:21.549Z] [Timeline] Checking operating hours for hotspot 277: visit window 15:33:00-18:33:00 on day 6
[2025-12-11T03:37:21.587Z] [Timeline] Hotspot 277 check window: 09:00:00-18:00:00, visit: 15:33:00-18:33:00
[2025-12-11T03:37:21.617Z] [Timeline] Hotspot 277 operating hours check FAILED - visit 15:33:00-18:33:00 doesn't fit in any window
[2025-12-11T03:37:21.653Z] [Timeline] Hotspot 277 not open during visit window 15:33:00-18:33:00 on day 6, skipping
[2025-12-11T03:37:21.698Z] [Timeline] Hotspot 679 - currentSeconds: 55740, routeEndSeconds: 72000
[2025-12-11T03:37:21.744Z] [Timeline] Processing hotspot 679 for route 477
[2025-12-11T03:37:21.783Z] [Timeline] Skipping hotspot 679 - already added to plan 5
[2025-12-11T03:37:21.798Z] [Timeline] Hotspot 669 - currentSeconds: 55740, routeEndSeconds: 72000
[2025-12-11T03:37:21.801Z] [Timeline] Processing hotspot 669 for route 477
[2025-12-11T03:37:21.848Z] [Timeline] Hotspot 669 coords: lat=11.882310987345338, lon=79.8244548517534
[2025-12-11T03:37:21.986Z] [Timeline] Checking operating hours for hotspot 669: visit window 15:41:00-16:41:00 on day 6
[2025-12-11T03:37:22.031Z] [Timeline] Hotspot 669 check window: 06:00:00-18:00:00, visit: 15:41:00-16:41:00
[2025-12-11T03:37:22.051Z] [Timeline] Hotspot 669 operating hours OK - entire visit 15:41:00-16:41:00 fits in 06:00:00-18:00:00
[2025-12-11T03:37:22.083Z] [Timeline] Hotspot 669 operating hours OK
[2025-12-11T03:37:22.114Z] [Timeline] Travel type for "Pondicherry|Pondicherry Airport" -> "Pondicherry|Pondicherry Airport": 1 (1=local, 2=outstation)
[2025-12-11T03:37:22.253Z] [Timeline] Building hotspot row for hotspot_ID=669
[2025-12-11T03:37:22.325Z] [Timeline] Built hotspot row: item_type=4, hotspot_ID=669, order=15
[2025-12-11T03:37:22.414Z] [Timeline] Returning 42 hotspot rows and 0 parking rows
[2025-12-11T03:37:22.431Z] [Timeline] Hotspot rows item_types: 1, 3, 4, 5, 6, 1, 3, 4, 3, 4, 3, 4, 3, 4, 3, 4, 3, 4, 3, 4, 3, 4, 5, 6, 1, 3, 4, 3, 4, 3, 4, 3, 4, 3, 4, 3, 4, 3, 4, 5, 6, 7
[2025-12-11T03:37:22.452Z] [Timeline] Hotspot rows hotspot_IDs: , 5, 5, 0, 0, , 4, 4, 21, 21, 19, 19, 17, 17, 24, 24, 677, 677, 678, 678, 679, 679, 0, 0, , 18, 18, 25, 25, 20, 20, 16, 16, 23, 23, 676, 676, 669, 669, 0, 0, 0
[2025-12-11T03:37:22.467Z] 
=== LOG FILE SAVED TO: D:\wamp64\www\dvi_fullstack\dvi_backend\tmp\hotspot_optimization_1765424206512.log ===

