[2025-12-11T09:15:49.696Z] === HOTSPOT OPTIMIZATION LOG ===
[2025-12-11T09:15:49.709Z] Started at: 2025-12-11T09:15:49.709Z

[2025-12-11T09:17:58.617Z] [Timeline] Route 593 (Chennai International Airport → Chennai): routeStartTime=11:00:00, routeEndTime=20:00:00, direct_to_next=0
[2025-12-11T09:17:58.643Z] [Timeline] Route 593 starting coords from location_id 165946: (12.9811068, 80.159623)
[2025-12-11T09:17:58.654Z] [Timeline] Route 593 - Added refreshment break: 11:00:00 - 12:00:00
[2025-12-11T09:17:58.684Z] [fetchSelectedHotspots] route 593 target="Chennai International Airport" next="Chennai" dow=4
[2025-12-11T09:17:58.863Z] [fetchSelectedHotspots] Found 583 total active hotspots
[2025-12-11T09:17:58.943Z] [fetchSelectedHotspots] Loaded operating hours for 584 hotspots
[2025-12-11T09:17:58.966Z] [fetchSelectedHotspots] direct_to_next_visiting_place=0
[2025-12-11T09:17:58.978Z] [fetchSelectedHotspots] source="Chennai International Airport", destination="Chennai"
[2025-12-11T09:17:59.008Z] [fetchSelectedHotspots] Starting coords from stored_locations: (12.9811068, 80.159623)
[2025-12-11T09:17:59.038Z] [fetchSelectedHotspots] Hotspot 4 "Kapaleeshwarar Temple" → SOURCE (matches "Chennai International Airport" - PRIMARY)
[2025-12-11T09:17:59.043Z] [fetchSelectedHotspots] Hotspot 4 "Kapaleeshwarar Temple" → DESTINATION (matches "Chennai")
[2025-12-11T09:17:59.070Z] [fetchSelectedHotspots] Hotspot 5 "Marina Beach" → SOURCE (matches "Chennai International Airport" - PRIMARY)
[2025-12-11T09:17:59.094Z] [fetchSelectedHotspots] Hotspot 5 "Marina Beach" → DESTINATION (matches "Chennai")
[2025-12-11T09:17:59.119Z] [fetchSelectedHotspots] Hotspot 6 "Fort St.George Museum" → SOURCE (matches "Chennai International Airport" - PRIMARY)
[2025-12-11T09:17:59.129Z] [fetchSelectedHotspots] Hotspot 7 "Government Museum Chennai" → SOURCE (matches "Chennai International Airport" - PRIMARY)
[2025-12-11T09:17:59.158Z] [fetchSelectedHotspots] Hotspot 8 "Santhome Cathedral Basilica" → SOURCE (matches "Chennai International Airport" - PRIMARY)
[2025-12-11T09:17:59.190Z] [fetchSelectedHotspots] Hotspot 9 "Thousand Lights Mosque" → SOURCE (matches "Chennai International Airport" - PRIMARY)
[2025-12-11T09:17:59.200Z] [fetchSelectedHotspots] Hotspot 10 "Guindy National Park" → SOURCE (matches "Chennai International Airport" - PRIMARY)
[2025-12-11T09:17:59.221Z] [fetchSelectedHotspots] Hotspot 11 "Parthasarathy Temple" → SOURCE (matches "Chennai International Airport" - PRIMARY)
[2025-12-11T09:17:59.235Z] [fetchSelectedHotspots] Hotspot 12 "Vivekanandar House" → SOURCE (matches "Chennai International Airport" - PRIMARY)
[2025-12-11T09:17:59.250Z] [fetchSelectedHotspots] Hotspot 13 "Arignar Anna Zoological Park" → SOURCE (matches "Chennai International Airport" - PRIMARY)
[2025-12-11T09:17:59.287Z] [fetchSelectedHotspots] Hotspot 290 "Vgp snow kingdom" → SOURCE (matches "Chennai International Airport" - PRIMARY)
[2025-12-11T09:17:59.312Z] [fetchSelectedHotspots] Hotspot 291 "Vgp marine kingdom" → SOURCE (matches "Chennai International Airport" - PRIMARY)
[2025-12-11T09:17:59.345Z] [fetchSelectedHotspots] Hotspot 292 "Guindy snake park" → SOURCE (matches "Chennai International Airport" - PRIMARY)
[2025-12-11T09:17:59.352Z] [fetchSelectedHotspots] Hotspot 293 "Queens land" → SOURCE (matches "Chennai International Airport" - PRIMARY)
[2025-12-11T09:17:59.379Z] [fetchSelectedHotspots] Hotspot 294 "light house marina" → SOURCE (matches "Chennai International Airport" - PRIMARY)
[2025-12-11T09:17:59.386Z] [fetchSelectedHotspots] Hotspot 296 "Anna tower park" → SOURCE (matches "Chennai International Airport" - PRIMARY)
[2025-12-11T09:17:59.404Z] [fetchSelectedHotspots] Hotspot 297 "B.M Birla planitourim." → SOURCE (matches "Chennai International Airport" - PRIMARY)
[2025-12-11T09:17:59.412Z] [fetchSelectedHotspots] Hotspot 298 "Click art museum" → SOURCE (matches "Chennai International Airport" - PRIMARY)
[2025-12-11T09:17:59.425Z] [fetchSelectedHotspots] Hotspot 299 "National art gallery" → SOURCE (matches "Chennai International Airport" - PRIMARY)
[2025-12-11T09:17:59.441Z] [fetchSelectedHotspots] Hotspot 300 "M G R  Memorial" → SOURCE (matches "Chennai International Airport" - PRIMARY)
[2025-12-11T09:17:59.458Z] [fetchSelectedHotspots] Hotspot 303 "Anna memorial." → SOURCE (matches "Chennai International Airport" - PRIMARY)
[2025-12-11T09:17:59.529Z] [fetchSelectedHotspots] Hotspot 544 "Shri Ashtalakshmi Temple" → SOURCE (matches "Chennai International Airport" - PRIMARY)
[2025-12-11T09:17:59.642Z] [fetchSelectedHotspots] Hotspot 544 "Shri Ashtalakshmi Temple" → DESTINATION (matches "Chennai")
[2025-12-11T09:17:59.782Z] [fetchSelectedHotspots] Filtered 14 priority-0 SOURCE hotspots (22 → 8)
[2025-12-11T09:17:59.853Z] [fetchSelectedHotspots] Categorized: source=8, destination=3, via=0
[2025-12-11T09:17:59.898Z] [fetchSelectedHotspots] AIRPORT ARRIVAL DETECTED: "Chennai International Airport" → "Chennai"
[2025-12-11T09:17:59.952Z] [fetchSelectedHotspots] direct_to_next_visiting_place=0 + AIRPORT ARRIVAL: Processing DESTINATION → VIA
[2025-12-11T09:17:59.974Z] [fetchSelectedHotspots] Matched 3 hotspots after PHP ordering
[2025-12-11T09:17:59.992Z] [fetchSelectedHotspots] First 5 hotspots (sorted): ID=4 "Kapaleeshwarar Temple" priority=1 distance=19.94km, ID=5 "Marina Beach" priority=2 distance=22.47km, ID=544 "Shri Ashtalakshmi Temple" priority=0 distance=18.11km
[2025-12-11T09:18:00.019Z] [fetchSelectedHotspots] Matched 3 hotspots for route 593
[2025-12-11T09:18:00.053Z] [Timeline] Route 593: Selected 3 hotspots
[2025-12-11T09:18:00.065Z] [Timeline] Route 593 - currentTime: 12:00:00, routeEndTime: 20:00:00, routeEndSeconds: 72000
[2025-12-11T09:18:00.109Z] [Timeline] Hotspot 4 - currentSeconds: 43200, routeEndSeconds: 72000
[2025-12-11T09:18:00.137Z] [Timeline] Processing hotspot 4 for route 593
[2025-12-11T09:18:00.184Z] [Timeline] Hotspot 4 coords: lat=13.033798514213936, lon=80.26977915213011
[2025-12-11T09:18:00.320Z] [Timeline] Checking operating hours for hotspot 4: visit window 12:30:00-13:30:00 on day 4
[2025-12-11T09:18:00.359Z] [Timeline] Hotspot 4 check window: 05:30:00-12:00:00, visit: 12:30:00-13:30:00
[2025-12-11T09:18:00.394Z] [Timeline] Hotspot 4 check window: 16:00:00-20:00:00, visit: 12:30:00-13:30:00
[2025-12-11T09:18:00.421Z] [Timeline] Hotspot 4 operating hours check FAILED - visit 12:30:00-13:30:00 doesn't fit in any window
[2025-12-11T09:18:00.434Z] [Timeline] Hotspot 4 not open during visit window 12:30:00-13:30:00 on day 4, skipping
[2025-12-11T09:18:00.445Z] [Timeline] Hotspot 5 - currentSeconds: 43200, routeEndSeconds: 72000
[2025-12-11T09:18:00.476Z] [Timeline] Processing hotspot 5 for route 593
[2025-12-11T09:18:00.524Z] [Timeline] Hotspot 5 coords: lat=13.051080243192029, lon=80.27775926313883
[2025-12-11T09:18:00.616Z] [Timeline] Checking operating hours for hotspot 5: visit window 12:34:00-13:34:00 on day 4
[2025-12-11T09:18:00.644Z] [Timeline] Hotspot 5 operating hours OK
[2025-12-11T09:18:00.661Z] [Timeline] Travel type for "Chennai International Airport" -> "Chennai International Airport|Chennai Domestic Airport|Chennai Central|Chennai|Chennai Egmore Station|Chennai Koyembedu|ECR Beach, Chennai, Tamil Nadu": 1 (1=local, 2=outstation)
[2025-12-11T09:18:00.708Z] [Timeline] Building hotspot row for hotspot_ID=5
[2025-12-11T09:18:00.752Z] [Timeline] Built hotspot row: item_type=4, hotspot_ID=5, order=2
[2025-12-11T09:18:00.803Z] [Timeline] Hotspot 544 - currentSeconds: 48840, routeEndSeconds: 72000
[2025-12-11T09:18:00.815Z] [Timeline] Processing hotspot 544 for route 593
[2025-12-11T09:18:00.855Z] [Timeline] Hotspot 544 coords: lat=12.993461140291483, lon=80.27030436931474
[2025-12-11T09:18:00.993Z] [Timeline] Checking operating hours for hotspot 544: visit window 13:49:00-19:49:00 on day 4
[2025-12-11T09:18:01.048Z] [Timeline] Hotspot 544 check window: 06:00:00-12:00:00, visit: 13:49:00-19:49:00
[2025-12-11T09:18:01.077Z] [Timeline] Hotspot 544 check window: 16:00:00-20:00:00, visit: 13:49:00-19:49:00
[2025-12-11T09:18:01.099Z] [Timeline] Hotspot 544 operating hours check FAILED - visit 13:49:00-19:49:00 doesn't fit in any window
[2025-12-11T09:18:01.117Z] [Timeline] Hotspot 544 not open during visit window 13:49:00-19:49:00 on day 4, skipping
[2025-12-11T09:18:01.190Z] [Timeline] Route 594 (Chennai → Pondicherry): routeStartTime=08:00:00, routeEndTime=20:00:00, direct_to_next=0
[2025-12-11T09:18:01.215Z] [Timeline] Route 594 starting coords from location_id 762: (13.0843007, 80.2704622)
[2025-12-11T09:18:01.235Z] [Timeline] Route 594 - Added refreshment break: 08:00:00 - 09:00:00
[2025-12-11T09:18:01.283Z] [fetchSelectedHotspots] route 594 target="Chennai" next="Pondicherry" dow=5
[2025-12-11T09:18:01.444Z] [fetchSelectedHotspots] Found 583 total active hotspots
[2025-12-11T09:18:01.531Z] [fetchSelectedHotspots] Loaded operating hours for 584 hotspots
[2025-12-11T09:18:01.540Z] [fetchSelectedHotspots] direct_to_next_visiting_place=0
[2025-12-11T09:18:01.546Z] [fetchSelectedHotspots] source="Chennai", destination="Pondicherry"
[2025-12-11T09:18:01.563Z] [fetchSelectedHotspots] Starting coords from stored_locations: (12.9811068, 80.159623)
[2025-12-11T09:18:01.585Z] [fetchSelectedHotspots] Hotspot 4 "Kapaleeshwarar Temple" → SOURCE (matches "Chennai")
[2025-12-11T09:18:01.607Z] [fetchSelectedHotspots] Hotspot 5 "Marina Beach" → SOURCE (matches "Chennai")
[2025-12-11T09:18:01.613Z] [fetchSelectedHotspots] Hotspot 17 "Sri Aurobindo Ashram" → DESTINATION (matches "Pondicherry")
[2025-12-11T09:18:01.623Z] [fetchSelectedHotspots] Hotspot 18 "Auroville" → DESTINATION (matches "Pondicherry")
[2025-12-11T09:18:01.636Z] [fetchSelectedHotspots] Hotspot 19 "Promenade Beach" → DESTINATION (matches "Pondicherry")
[2025-12-11T09:18:01.651Z] [fetchSelectedHotspots] Hotspot 20 "Chunnambar Boathouse" → DESTINATION (matches "Pondicherry")
[2025-12-11T09:18:01.657Z] [fetchSelectedHotspots] Hotspot 21 "The Basilica of the Sacred Heart of Jesus" → DESTINATION (matches "Pondicherry")
[2025-12-11T09:18:01.676Z] [fetchSelectedHotspots] Hotspot 24 "The Pondicherry Museum" → DESTINATION (matches "Pondicherry")
[2025-12-11T09:18:01.708Z] [fetchSelectedHotspots] Hotspot 25 "Manakula Vinayagar Temple" → DESTINATION (matches "Pondicherry")
[2025-12-11T09:18:01.749Z] [fetchSelectedHotspots] Hotspot 277 "Pondicherry Backwater" → DESTINATION (matches "Pondicherry")
[2025-12-11T09:18:01.766Z] [fetchSelectedHotspots] Hotspot 544 "Shri Ashtalakshmi Temple" → SOURCE (matches "Chennai")
[2025-12-11T09:18:01.794Z] [fetchSelectedHotspots] Hotspot 669 "Eden Beach - Blue flag Beach" → DESTINATION (matches "Pondicherry" - PRIMARY)
[2025-12-11T09:18:01.828Z] [fetchSelectedHotspots] Hotspot 676 "Botanical Garden" → DESTINATION (matches "Pondicherry" - PRIMARY)
[2025-12-11T09:18:01.874Z] [fetchSelectedHotspots] Hotspot 677 "Bharathi Park &amp; Aayi Mandapam" → DESTINATION (matches "Pondicherry" - PRIMARY)
[2025-12-11T09:18:01.914Z] [fetchSelectedHotspots] Hotspot 678 "French Colony" → DESTINATION (matches "Pondicherry" - PRIMARY)
[2025-12-11T09:18:01.953Z] [fetchSelectedHotspots] Hotspot 679 "Pondi Marina Beach" → DESTINATION (matches "Pondicherry" - PRIMARY)
[2025-12-11T09:18:01.984Z] [fetchSelectedHotspots] Filtered 1 priority-0 SOURCE hotspots (3 → 2)
[2025-12-11T09:18:01.993Z] [fetchSelectedHotspots] Categorized: source=2, destination=13, via=0
[2025-12-11T09:18:02.023Z] [fetchSelectedHotspots] direct_to_next_visiting_place=0: Processing SOURCE → DESTINATION → VIA
[2025-12-11T09:18:02.059Z] [fetchSelectedHotspots] Matched 15 hotspots after PHP ordering
[2025-12-11T09:18:02.069Z] [fetchSelectedHotspots] First 5 hotspots (sorted): ID=4 "Kapaleeshwarar Temple" priority=1 distance=19.94km, ID=5 "Marina Beach" priority=2 distance=22.47km, ID=18 "Auroville" priority=1 distance=171.53km, ID=25 "Manakula Vinayagar Temple" priority=2 distance=182.13km, ID=21 "The Basilica of the Sacred Heart of Jesus" priority=4 distance=184.07km
[2025-12-11T09:18:02.111Z] [fetchSelectedHotspots] Matched 15 hotspots for route 594
[2025-12-11T09:18:02.144Z] [Timeline] Route 594: Selected 15 hotspots
[2025-12-11T09:18:02.156Z] [Timeline] Route 594 - currentTime: 09:00:00, routeEndTime: 20:00:00, routeEndSeconds: 72000
[2025-12-11T09:18:02.182Z] [Timeline] Hotspot 4 - currentSeconds: 32400, routeEndSeconds: 72000
[2025-12-11T09:18:02.193Z] [Timeline] Processing hotspot 4 for route 594
[2025-12-11T09:18:02.227Z] [Timeline] Hotspot 4 coords: lat=13.033798514213936, lon=80.26977915213011
[2025-12-11T09:18:02.291Z] [Timeline] Checking operating hours for hotspot 4: visit window 09:13:00-10:13:00 on day 5
[2025-12-11T09:18:02.342Z] [Timeline] Hotspot 4 check window: 05:30:00-12:00:00, visit: 09:13:00-10:13:00
[2025-12-11T09:18:02.359Z] [Timeline] Hotspot 4 operating hours OK - entire visit 09:13:00-10:13:00 fits in 05:30:00-12:00:00
[2025-12-11T09:18:02.374Z] [Timeline] Hotspot 4 operating hours OK
[2025-12-11T09:18:02.409Z] [Timeline] Travel type for "Chennai" -> "Chennai International Airport|Chennai Domestic Airport|Chennai Central|Chennai|Chennai Egmore Station|Chennai Koyembedu|ECR Beach, Chennai, Tamil Nadu": 1 (1=local, 2=outstation)
[2025-12-11T09:18:02.485Z] [Timeline] Building hotspot row for hotspot_ID=4
[2025-12-11T09:18:02.508Z] [Timeline] Built hotspot row: item_type=4, hotspot_ID=4, order=2
[2025-12-11T09:18:02.553Z] [Timeline] Hotspot 5 - currentSeconds: 36780, routeEndSeconds: 72000
[2025-12-11T09:18:02.561Z] [Timeline] Processing hotspot 5 for route 594
[2025-12-11T09:18:02.593Z] [Timeline] Skipping hotspot 5 - already added to plan 5
[2025-12-11T09:18:02.601Z] [Timeline] Hotspot 18 - currentSeconds: 36780, routeEndSeconds: 72000
[2025-12-11T09:18:02.636Z] [Timeline] Processing hotspot 18 for route 594
[2025-12-11T09:18:02.650Z] [Timeline] Hotspot 18 coords: lat=12.008342334177776, lon=79.81781931258232
[2025-12-11T09:18:02.809Z] [Timeline] Checking operating hours for hotspot 18: visit window 13:19:00-15:19:00 on day 5
[2025-12-11T09:18:02.888Z] [Timeline] Hotspot 18 check window: 09:00:00-13:00:00, visit: 13:19:00-15:19:00
[2025-12-11T09:18:02.922Z] [Timeline] Hotspot 18 check window: 13:30:00-17:00:00, visit: 13:19:00-15:19:00
[2025-12-11T09:18:02.951Z] [Timeline] Hotspot 18 operating hours check FAILED - visit 13:19:00-15:19:00 doesn't fit in any window
[2025-12-11T09:18:02.974Z] [Timeline] Hotspot 18 not open during visit window 13:19:00-15:19:00 on day 5, skipping
[2025-12-11T09:18:02.987Z] [Timeline] Hotspot 25 - currentSeconds: 36780, routeEndSeconds: 72000
[2025-12-11T09:18:03.011Z] [Timeline] Processing hotspot 25 for route 594
[2025-12-11T09:18:03.029Z] [Timeline] Hotspot 25 coords: lat=11.936184966220257, lon=79.83484226674099
[2025-12-11T09:18:03.126Z] [Timeline] Checking operating hours for hotspot 25: visit window 13:29:00-13:59:00 on day 5
[2025-12-11T09:18:03.155Z] [Timeline] Hotspot 25 check window: 17:45:00-12:30:00, visit: 13:29:00-13:59:00
[2025-12-11T09:18:03.183Z] [Timeline] Hotspot 25 check window: 16:00:00-20:00:00, visit: 13:29:00-13:59:00
[2025-12-11T09:18:03.189Z] [Timeline] Hotspot 25 operating hours check FAILED - visit 13:29:00-13:59:00 doesn't fit in any window
[2025-12-11T09:18:03.221Z] [Timeline] Hotspot 25 not open during visit window 13:29:00-13:59:00 on day 5, skipping
[2025-12-11T09:18:03.223Z] [Timeline] Hotspot 21 - currentSeconds: 36780, routeEndSeconds: 72000
[2025-12-11T09:18:03.249Z] [Timeline] Processing hotspot 21 for route 594
[2025-12-11T09:18:03.277Z] [Timeline] Hotspot 21 coords: lat=11.926178758041798, lon=79.82779781515121
[2025-12-11T09:18:03.386Z] [Timeline] Checking operating hours for hotspot 21: visit window 13:31:00-14:01:00 on day 5
[2025-12-11T09:18:03.426Z] [Timeline] Hotspot 21 check window: 06:00:00-19:00:00, visit: 13:31:00-14:01:00
[2025-12-11T09:18:03.437Z] [Timeline] Hotspot 21 operating hours OK - entire visit 13:31:00-14:01:00 fits in 06:00:00-19:00:00
[2025-12-11T09:18:03.467Z] [Timeline] Hotspot 21 operating hours OK
[2025-12-11T09:18:03.491Z] [Timeline] Travel type for "Chennai International Airport|Chennai Domestic Airport|Chennai Central|Chennai|Chennai Egmore Station|Chennai Koyembedu|ECR Beach, Chennai, Tamil Nadu" -> "Pondicherry Airport|Pondicherry": 2 (1=local, 2=outstation)
[2025-12-11T09:18:03.616Z] [Timeline] Building hotspot row for hotspot_ID=21
[2025-12-11T09:18:03.656Z] [Timeline] Built hotspot row: item_type=4, hotspot_ID=21, order=3
[2025-12-11T09:18:03.684Z] [Timeline] Hotspot 20 - currentSeconds: 50460, routeEndSeconds: 72000
[2025-12-11T09:18:03.707Z] [Timeline] Processing hotspot 20 for route 594
[2025-12-11T09:18:03.734Z] [Timeline] Hotspot 20 coords: lat=11.883875481616602, lon=79.80141705562612
[2025-12-11T09:18:03.902Z] [Timeline] Checking operating hours for hotspot 20: visit window 14:13:00-15:13:00 on day 5
[2025-12-11T09:18:03.928Z] [Timeline] Hotspot 20 check window: 09:30:00-16:00:00, visit: 14:13:00-15:13:00
[2025-12-11T09:18:03.977Z] [Timeline] Hotspot 20 operating hours OK - entire visit 14:13:00-15:13:00 fits in 09:30:00-16:00:00
[2025-12-11T09:18:04.002Z] [Timeline] Hotspot 20 operating hours OK
[2025-12-11T09:18:04.028Z] [Timeline] Travel type for "Pondicherry Airport|Pondicherry" -> "Pondicherry Airport|Pondicherry": 1 (1=local, 2=outstation)
[2025-12-11T09:18:04.109Z] [Timeline] Building hotspot row for hotspot_ID=20
[2025-12-11T09:18:04.159Z] [Timeline] Built hotspot row: item_type=4, hotspot_ID=20, order=4
[2025-12-11T09:18:04.221Z] [Timeline] Hotspot 19 - currentSeconds: 54780, routeEndSeconds: 72000
[2025-12-11T09:18:04.225Z] [Timeline] Processing hotspot 19 for route 594
[2025-12-11T09:18:04.277Z] [Timeline] Hotspot 19 coords: lat=11.931203427435934, lon=79.83580349426904
[2025-12-11T09:18:04.395Z] [Timeline] Checking operating hours for hotspot 19: visit window 15:28:00-16:28:00 on day 5
[2025-12-11T09:18:04.425Z] [Timeline] Hotspot 19 check window: 06:00:00-20:00:00, visit: 15:28:00-16:28:00
[2025-12-11T09:18:04.452Z] [Timeline] Hotspot 19 operating hours OK - entire visit 15:28:00-16:28:00 fits in 06:00:00-20:00:00
[2025-12-11T09:18:04.483Z] [Timeline] Hotspot 19 operating hours OK
[2025-12-11T09:18:04.495Z] [Timeline] Travel type for "Pondicherry Airport|Pondicherry" -> "Pondicherry Airport|Pondicherry": 1 (1=local, 2=outstation)
[2025-12-11T09:18:04.587Z] [Timeline] Building hotspot row for hotspot_ID=19
[2025-12-11T09:18:04.603Z] [Timeline] Built hotspot row: item_type=4, hotspot_ID=19, order=5
[2025-12-11T09:18:04.666Z] [Timeline] Hotspot 17 - currentSeconds: 59280, routeEndSeconds: 72000
[2025-12-11T09:18:04.690Z] [Timeline] Processing hotspot 17 for route 594
[2025-12-11T09:18:04.716Z] [Timeline] Hotspot 17 coords: lat=11.936929030828965, lon=79.83477998559515
[2025-12-11T09:18:04.902Z] [Timeline] Checking operating hours for hotspot 17: visit window 16:29:00-17:29:00 on day 5
[2025-12-11T09:18:04.966Z] [Timeline] Hotspot 17 check window: 10:30:00-19:00:00, visit: 16:29:00-17:29:00
[2025-12-11T09:18:04.975Z] [Timeline] Hotspot 17 operating hours OK - entire visit 16:29:00-17:29:00 fits in 10:30:00-19:00:00
[2025-12-11T09:18:05.007Z] [Timeline] Hotspot 17 operating hours OK
[2025-12-11T09:18:05.034Z] [Timeline] Travel type for "Pondicherry Airport|Pondicherry" -> "Pondicherry Airport|Pondicherry": 1 (1=local, 2=outstation)
[2025-12-11T09:18:05.500Z] [Timeline] Building hotspot row for hotspot_ID=17
[2025-12-11T09:18:05.524Z] [Timeline] Built hotspot row: item_type=4, hotspot_ID=17, order=6
[2025-12-11T09:18:05.565Z] [Timeline] Hotspot 676 - currentSeconds: 62940, routeEndSeconds: 72000
[2025-12-11T09:18:05.586Z] [Timeline] Processing hotspot 676 for route 594
[2025-12-11T09:18:05.629Z] [Timeline] Hotspot 676 coords: lat=11.930177048465467, lon=79.8224313245787
[2025-12-11T09:18:05.711Z] [Timeline] Checking operating hours for hotspot 676: visit window 17:32:00-18:32:00 on day 5
[2025-12-11T09:18:05.742Z] [Timeline] Hotspot 676 check window: 10:00:00-17:00:00, visit: 17:32:00-18:32:00
[2025-12-11T09:18:05.770Z] [Timeline] Hotspot 676 operating hours check FAILED - visit 17:32:00-18:32:00 doesn't fit in any window
[2025-12-11T09:18:05.791Z] [Timeline] Hotspot 676 not open during visit window 17:32:00-18:32:00 on day 5, skipping
[2025-12-11T09:18:05.802Z] [Timeline] Hotspot 24 - currentSeconds: 62940, routeEndSeconds: 72000
[2025-12-11T09:18:05.860Z] [Timeline] Processing hotspot 24 for route 594
[2025-12-11T09:18:05.907Z] [Timeline] Hotspot 24 coords: lat=11.934656339062595, lon=79.83484999477534
[2025-12-11T09:18:05.953Z] [Timeline] Checking operating hours for hotspot 24: visit window 17:30:00-18:00:00 on day 5
[2025-12-11T09:18:05.979Z] [Timeline] Hotspot 24 check window: 09:00:00-18:00:00, visit: 17:30:00-18:00:00
[2025-12-11T09:18:06.009Z] [Timeline] Hotspot 24 operating hours OK - entire visit 17:30:00-18:00:00 fits in 09:00:00-18:00:00
[2025-12-11T09:18:06.040Z] [Timeline] Hotspot 24 operating hours OK
[2025-12-11T09:18:06.049Z] [Timeline] Travel type for "Pondicherry Airport|Pondicherry" -> "Pondicherry Airport|Pondicherry": 1 (1=local, 2=outstation)
[2025-12-11T09:18:06.103Z] [Timeline] Building hotspot row for hotspot_ID=24
[2025-12-11T09:18:06.133Z] [Timeline] Built hotspot row: item_type=4, hotspot_ID=24, order=7
[2025-12-11T09:18:06.160Z] [Timeline] Hotspot 277 - currentSeconds: 64800, routeEndSeconds: 72000
[2025-12-11T09:18:06.188Z] [Timeline] Processing hotspot 277 for route 594
[2025-12-11T09:18:06.195Z] [Timeline] Hotspot 277 coords: lat=11.916309213225349, lon=79.82433098120615
[2025-12-11T09:18:06.249Z] [Timeline] Checking operating hours for hotspot 277: visit window 18:05:00-21:05:00 on day 5
[2025-12-11T09:18:06.253Z] [Timeline] Hotspot 277 check window: 09:00:00-18:00:00, visit: 18:05:00-21:05:00
[2025-12-11T09:18:06.282Z] [Timeline] Hotspot 277 operating hours check FAILED - visit 18:05:00-21:05:00 doesn't fit in any window
[2025-12-11T09:18:06.295Z] [Timeline] Hotspot 277 not open during visit window 18:05:00-21:05:00 on day 5, skipping
[2025-12-11T09:18:06.298Z] [Timeline] Hotspot 669 - currentSeconds: 64800, routeEndSeconds: 72000
[2025-12-11T09:18:06.316Z] [Timeline] Processing hotspot 669 for route 594
[2025-12-11T09:18:06.324Z] [Timeline] Hotspot 669 coords: lat=11.882310987345338, lon=79.8244548517534
[2025-12-11T09:18:06.372Z] [Timeline] Checking operating hours for hotspot 669: visit window 18:13:00-19:13:00 on day 5
[2025-12-11T09:18:06.376Z] [Timeline] Hotspot 669 check window: 06:00:00-18:00:00, visit: 18:13:00-19:13:00
[2025-12-11T09:18:06.382Z] [Timeline] Hotspot 669 operating hours check FAILED - visit 18:13:00-19:13:00 doesn't fit in any window
[2025-12-11T09:18:06.399Z] [Timeline] Hotspot 669 not open during visit window 18:13:00-19:13:00 on day 5, skipping
[2025-12-11T09:18:06.401Z] [Timeline] Hotspot 677 - currentSeconds: 64800, routeEndSeconds: 72000
[2025-12-11T09:18:06.405Z] [Timeline] Processing hotspot 677 for route 594
[2025-12-11T09:18:06.410Z] [Timeline] Hotspot 677 coords: lat=11.933029585291068, lon=79.83418306595088
[2025-12-11T09:18:06.472Z] [Timeline] Checking operating hours for hotspot 677: visit window 18:00:00-18:45:00 on day 5
[2025-12-11T09:18:06.477Z] [Timeline] Hotspot 677 check window: 06:00:00-19:00:00, visit: 18:00:00-18:45:00
[2025-12-11T09:18:06.490Z] [Timeline] Hotspot 677 operating hours OK - entire visit 18:00:00-18:45:00 fits in 06:00:00-19:00:00
[2025-12-11T09:18:06.504Z] [Timeline] Hotspot 677 operating hours OK
[2025-12-11T09:18:06.517Z] [Timeline] Travel type for "Pondicherry Airport|Pondicherry" -> "Pondicherry|Pondicherry Airport": 1 (1=local, 2=outstation)
[2025-12-11T09:18:06.573Z] [Timeline] Building hotspot row for hotspot_ID=677
[2025-12-11T09:18:06.602Z] [Timeline] Built hotspot row: item_type=4, hotspot_ID=677, order=8
[2025-12-11T09:18:06.637Z] [Timeline] Hotspot 678 - currentSeconds: 67500, routeEndSeconds: 72000
[2025-12-11T09:18:06.645Z] [Timeline] Processing hotspot 678 for route 594
[2025-12-11T09:18:06.668Z] [Timeline] Hotspot 678 coords: lat=11.928492248303817, lon=79.83303242117643
[2025-12-11T09:18:06.719Z] [Timeline] Checking operating hours for hotspot 678: visit window 18:46:00-19:46:00 on day 5
[2025-12-11T09:18:06.749Z] [Timeline] Hotspot 678 operating hours OK
[2025-12-11T09:18:06.757Z] [Timeline] Travel type for "Pondicherry|Pondicherry Airport" -> "Pondicherry|Pondicherry Airport": 1 (1=local, 2=outstation)
[2025-12-11T09:18:06.895Z] [Timeline] Building hotspot row for hotspot_ID=678
[2025-12-11T09:18:06.927Z] [Timeline] Built hotspot row: item_type=4, hotspot_ID=678, order=9
[2025-12-11T09:18:06.972Z] [Timeline] Hotspot 679 - currentSeconds: 71160, routeEndSeconds: 72000
[2025-12-11T09:18:06.976Z] [Timeline] Processing hotspot 679 for route 594
[2025-12-11T09:18:07.008Z] [Timeline] Hotspot 679 coords: lat=11.913052113056816, lon=79.82932149874199
[2025-12-11T09:18:07.054Z] [Timeline] Checking operating hours for hotspot 679: visit window 19:50:00-20:20:00 on day 5
[2025-12-11T09:18:07.068Z] [Timeline] Hotspot 679 operating hours OK
[2025-12-11T09:18:07.086Z] [Timeline] Travel type for "Pondicherry|Pondicherry Airport" -> "Pondicherry|Pondicherry Airport": 1 (1=local, 2=outstation)
[2025-12-11T09:18:07.170Z] [Timeline] Building hotspot row for hotspot_ID=679
[2025-12-11T09:18:07.192Z] [Timeline] Built hotspot row: item_type=4, hotspot_ID=679, order=10
[2025-12-11T09:18:07.241Z] [Timeline] Route 595 (Pondicherry → Pondicherry Airport): routeStartTime=08:00:00, routeEndTime=20:00:00, direct_to_next=0
[2025-12-11T09:18:07.276Z] [Timeline] Route 595 starting coords from location_id 5922: (11.9415915, 79.8083133)
[2025-12-11T09:18:07.289Z] [Timeline] Route 595 - Skipping refreshment row (last route) but advancing time by 01:00:00 to 09:00:00
[2025-12-11T09:18:07.313Z] [fetchSelectedHotspots] route 595 target="Pondicherry" next="Pondicherry Airport" dow=6
[2025-12-11T09:18:07.438Z] [fetchSelectedHotspots] Found 583 total active hotspots
[2025-12-11T09:18:07.495Z] [fetchSelectedHotspots] Loaded operating hours for 584 hotspots
[2025-12-11T09:18:07.501Z] [fetchSelectedHotspots] direct_to_next_visiting_place=0
[2025-12-11T09:18:07.524Z] [fetchSelectedHotspots] source="Pondicherry", destination="Pondicherry Airport"
[2025-12-11T09:18:07.552Z] [fetchSelectedHotspots] Starting coords from stored_locations: (13.0827989, 80.2754246)
[2025-12-11T09:18:07.562Z] [fetchSelectedHotspots] Hotspot 16 "Paradise Beach" → DESTINATION (matches "Pondicherry Airport" - PRIMARY - ONLY)
[2025-12-11T09:18:07.573Z] [fetchSelectedHotspots] Hotspot 17 "Sri Aurobindo Ashram" → DESTINATION (matches "Pondicherry Airport" - PRIMARY)
[2025-12-11T09:18:07.591Z] [fetchSelectedHotspots] Hotspot 18 "Auroville" → DESTINATION (matches "Pondicherry Airport" - PRIMARY)
[2025-12-11T09:18:07.610Z] [fetchSelectedHotspots] Hotspot 19 "Promenade Beach" → DESTINATION (matches "Pondicherry Airport" - PRIMARY)
[2025-12-11T09:18:07.626Z] [fetchSelectedHotspots] Hotspot 20 "Chunnambar Boathouse" → DESTINATION (matches "Pondicherry Airport" - PRIMARY)
[2025-12-11T09:18:07.644Z] [fetchSelectedHotspots] Hotspot 21 "The Basilica of the Sacred Heart of Jesus" → DESTINATION (matches "Pondicherry Airport" - PRIMARY)
[2025-12-11T09:18:07.662Z] [fetchSelectedHotspots] Hotspot 23 "French War Memorial" → DESTINATION (matches "Pondicherry Airport" - PRIMARY - ONLY)
[2025-12-11T09:18:07.683Z] [fetchSelectedHotspots] Hotspot 24 "The Pondicherry Museum" → DESTINATION (matches "Pondicherry Airport" - PRIMARY)
[2025-12-11T09:18:07.693Z] [fetchSelectedHotspots] Hotspot 25 "Manakula Vinayagar Temple" → DESTINATION (matches "Pondicherry Airport" - PRIMARY)
[2025-12-11T09:18:07.710Z] [fetchSelectedHotspots] Hotspot 277 "Pondicherry Backwater" → DESTINATION (matches "Pondicherry Airport" - PRIMARY)
[2025-12-11T09:18:07.734Z] [fetchSelectedHotspots] Hotspot 669 "Eden Beach - Blue flag Beach" → SOURCE (matches "Pondicherry" - PRIMARY)
[2025-12-11T09:18:07.759Z] [fetchSelectedHotspots] Hotspot 669 "Eden Beach - Blue flag Beach" → DESTINATION (matches "Pondicherry Airport")
[2025-12-11T09:18:07.770Z] [fetchSelectedHotspots] Hotspot 676 "Botanical Garden" → SOURCE (matches "Pondicherry" - PRIMARY)
[2025-12-11T09:18:07.789Z] [fetchSelectedHotspots] Hotspot 676 "Botanical Garden" → DESTINATION (matches "Pondicherry Airport")
[2025-12-11T09:18:07.819Z] [fetchSelectedHotspots] Hotspot 677 "Bharathi Park &amp; Aayi Mandapam" → SOURCE (matches "Pondicherry" - PRIMARY)
[2025-12-11T09:18:07.842Z] [fetchSelectedHotspots] Hotspot 677 "Bharathi Park &amp; Aayi Mandapam" → DESTINATION (matches "Pondicherry Airport")
[2025-12-11T09:18:07.883Z] [fetchSelectedHotspots] Hotspot 678 "French Colony" → SOURCE (matches "Pondicherry" - PRIMARY)
[2025-12-11T09:18:07.905Z] [fetchSelectedHotspots] Hotspot 678 "French Colony" → DESTINATION (matches "Pondicherry Airport")
[2025-12-11T09:18:07.920Z] [fetchSelectedHotspots] Hotspot 679 "Pondi Marina Beach" → SOURCE (matches "Pondicherry" - PRIMARY)
[2025-12-11T09:18:07.948Z] [fetchSelectedHotspots] Hotspot 679 "Pondi Marina Beach" → DESTINATION (matches "Pondicherry Airport")
[2025-12-11T09:18:07.954Z] [fetchSelectedHotspots] Filtered 5 priority-0 SOURCE hotspots (5 → 0)
[2025-12-11T09:18:07.955Z] [fetchSelectedHotspots] Categorized: source=0, destination=15, via=0
[2025-12-11T09:18:07.978Z] [fetchSelectedHotspots] direct_to_next_visiting_place=0: Processing SOURCE → DESTINATION → VIA
[2025-12-11T09:18:07.985Z] [fetchSelectedHotspots] Matched 15 hotspots after PHP ordering
[2025-12-11T09:18:07.987Z] [fetchSelectedHotspots] First 5 hotspots (sorted): ID=18 "Auroville" priority=1 distance=194.08km, ID=16 "Paradise Beach" priority=1 distance=209.31km, ID=25 "Manakula Vinayagar Temple" priority=2 distance=204.26km, ID=23 "French War Memorial" priority=3 distance=204.86km, ID=21 "The Basilica of the Sacred Heart of Jesus" priority=4 distance=206.23km
[2025-12-11T09:18:08.015Z] [fetchSelectedHotspots] Matched 15 hotspots for route 595
[2025-12-11T09:18:08.025Z] [Timeline] Route 595: Selected 15 hotspots
[2025-12-11T09:18:08.049Z] [Timeline] Route 595 - currentTime: 09:00:00, routeEndTime: 20:00:00, routeEndSeconds: 72000
[2025-12-11T09:18:08.058Z] [Timeline] Hotspot 18 - currentSeconds: 32400, routeEndSeconds: 72000
[2025-12-11T09:18:08.077Z] [Timeline] Processing hotspot 18 for route 595
[2025-12-11T09:18:08.099Z] [Timeline] Hotspot 18 coords: lat=12.008342334177776, lon=79.81781931258232
[2025-12-11T09:18:08.166Z] [Timeline] Checking operating hours for hotspot 18: visit window 09:17:00-11:17:00 on day 6
[2025-12-11T09:18:08.182Z] [Timeline] Hotspot 18 check window: 09:00:00-13:00:00, visit: 09:17:00-11:17:00
[2025-12-11T09:18:08.195Z] [Timeline] Hotspot 18 operating hours OK - entire visit 09:17:00-11:17:00 fits in 09:00:00-13:00:00
[2025-12-11T09:18:08.200Z] [Timeline] Hotspot 18 operating hours OK
[2025-12-11T09:18:08.208Z] [Timeline] Travel type for "Pondicherry" -> "Pondicherry Airport|Pondicherry": 1 (1=local, 2=outstation)
[2025-12-11T09:18:08.266Z] [Timeline] Building hotspot row for hotspot_ID=18
[2025-12-11T09:18:08.275Z] [Timeline] Built hotspot row: item_type=4, hotspot_ID=18, order=2
[2025-12-11T09:18:08.298Z] [Timeline] Hotspot 16 - currentSeconds: 40620, routeEndSeconds: 72000
[2025-12-11T09:18:08.302Z] [Timeline] Processing hotspot 16 for route 595
[2025-12-11T09:18:08.308Z] [Timeline] Hotspot 16 coords: lat=11.894346668881749, lon=79.86265715952393
[2025-12-11T09:18:08.358Z] [Timeline] Checking operating hours for hotspot 16: visit window 11:48:00-12:18:00 on day 6
[2025-12-11T09:18:08.386Z] [Timeline] Hotspot 16 check window: 09:00:00-18:00:00, visit: 11:48:00-12:18:00
[2025-12-11T09:18:08.415Z] [Timeline] Hotspot 16 operating hours OK - entire visit 11:48:00-12:18:00 fits in 09:00:00-18:00:00
[2025-12-11T09:18:08.440Z] [Timeline] Hotspot 16 operating hours OK
[2025-12-11T09:18:08.450Z] [Timeline] Travel type for "Pondicherry Airport|Pondicherry" -> "Pondicherry Airport": 1 (1=local, 2=outstation)
[2025-12-11T09:18:08.527Z] [Timeline] Building hotspot row for hotspot_ID=16
[2025-12-11T09:18:08.555Z] [Timeline] Built hotspot row: item_type=4, hotspot_ID=16, order=3
[2025-12-11T09:18:08.570Z] [Timeline] Hotspot 25 - currentSeconds: 44280, routeEndSeconds: 72000
[2025-12-11T09:18:08.589Z] [Timeline] Processing hotspot 25 for route 595
[2025-12-11T09:18:08.608Z] [Timeline] Hotspot 25 coords: lat=11.936184966220257, lon=79.83484226674099
[2025-12-11T09:18:08.672Z] [Timeline] Checking operating hours for hotspot 25: visit window 12:30:00-13:00:00 on day 6
[2025-12-11T09:18:08.688Z] [Timeline] Hotspot 25 check window: 05:45:00-12:30:00, visit: 12:30:00-13:00:00
[2025-12-11T09:18:08.700Z] [Timeline] Hotspot 25 check window: 16:00:00-20:00:00, visit: 12:30:00-13:00:00
[2025-12-11T09:18:08.724Z] [Timeline] Hotspot 25 operating hours check FAILED - visit 12:30:00-13:00:00 doesn't fit in any window
[2025-12-11T09:18:08.729Z] [Timeline] Hotspot 25 not open during visit window 12:30:00-13:00:00 on day 6, skipping
[2025-12-11T09:18:08.734Z] [Timeline] Hotspot 23 - currentSeconds: 44280, routeEndSeconds: 72000
[2025-12-11T09:18:08.765Z] [Timeline] Processing hotspot 23 for route 595
[2025-12-11T09:18:08.791Z] [Timeline] Hotspot 23 coords: lat=11.93212951685565, lon=79.83535346593922
[2025-12-11T09:18:08.853Z] [Timeline] Checking operating hours for hotspot 23: visit window 12:18:00-12:38:00 on day 6
[2025-12-11T09:18:08.892Z] [Timeline] Hotspot 23 operating hours OK
[2025-12-11T09:18:08.893Z] [Timeline] Travel type for "Pondicherry Airport" -> "Pondicherry Airport": 1 (1=local, 2=outstation)
[2025-12-11T09:18:08.928Z] [Timeline] Building hotspot row for hotspot_ID=23
[2025-12-11T09:18:08.966Z] [Timeline] Built hotspot row: item_type=4, hotspot_ID=23, order=4
[2025-12-11T09:18:08.993Z] [Timeline] Hotspot 21 - currentSeconds: 45480, routeEndSeconds: 72000
[2025-12-11T09:18:09.006Z] [Timeline] Processing hotspot 21 for route 595
[2025-12-11T09:18:09.020Z] [Timeline] Skipping hotspot 21 - already added to plan 5
[2025-12-11T09:18:09.026Z] [Timeline] Hotspot 20 - currentSeconds: 45480, routeEndSeconds: 72000
[2025-12-11T09:18:09.050Z] [Timeline] Processing hotspot 20 for route 595
[2025-12-11T09:18:09.061Z] [Timeline] Skipping hotspot 20 - already added to plan 5
[2025-12-11T09:18:09.077Z] [Timeline] Hotspot 19 - currentSeconds: 45480, routeEndSeconds: 72000
[2025-12-11T09:18:09.100Z] [Timeline] Processing hotspot 19 for route 595
[2025-12-11T09:18:09.104Z] [Timeline] Skipping hotspot 19 - already added to plan 5
[2025-12-11T09:18:09.137Z] [Timeline] Hotspot 17 - currentSeconds: 45480, routeEndSeconds: 72000
[2025-12-11T09:18:09.161Z] [Timeline] Processing hotspot 17 for route 595
[2025-12-11T09:18:09.168Z] [Timeline] Skipping hotspot 17 - already added to plan 5
[2025-12-11T09:18:09.194Z] [Timeline] Hotspot 676 - currentSeconds: 45480, routeEndSeconds: 72000
[2025-12-11T09:18:09.201Z] [Timeline] Processing hotspot 676 for route 595
[2025-12-11T09:18:09.225Z] [Timeline] Hotspot 676 coords: lat=11.930177048465467, lon=79.8224313245787
[2025-12-11T09:18:09.273Z] [Timeline] Checking operating hours for hotspot 676: visit window 12:41:00-13:41:00 on day 6
[2025-12-11T09:18:09.285Z] [Timeline] Hotspot 676 check window: 10:00:00-17:00:00, visit: 12:41:00-13:41:00
[2025-12-11T09:18:09.301Z] [Timeline] Hotspot 676 operating hours OK - entire visit 12:41:00-13:41:00 fits in 10:00:00-17:00:00
[2025-12-11T09:18:09.317Z] [Timeline] Hotspot 676 operating hours OK
[2025-12-11T09:18:09.332Z] [Timeline] Travel type for "Pondicherry Airport" -> "Pondicherry|Pondicherry Airport": 1 (1=local, 2=outstation)
[2025-12-11T09:18:09.386Z] [Timeline] Building hotspot row for hotspot_ID=676
[2025-12-11T09:18:09.407Z] [Timeline] Built hotspot row: item_type=4, hotspot_ID=676, order=5
[2025-12-11T09:18:09.424Z] [Timeline] Hotspot 24 - currentSeconds: 49260, routeEndSeconds: 72000
[2025-12-11T09:18:09.441Z] [Timeline] Processing hotspot 24 for route 595
[2025-12-11T09:18:09.452Z] [Timeline] Skipping hotspot 24 - already added to plan 5
[2025-12-11T09:18:09.481Z] [Timeline] Hotspot 277 - currentSeconds: 49260, routeEndSeconds: 72000
[2025-12-11T09:18:09.486Z] [Timeline] Processing hotspot 277 for route 595
[2025-12-11T09:18:09.518Z] [Timeline] Hotspot 277 coords: lat=11.916309213225349, lon=79.82433098120615
[2025-12-11T09:18:09.567Z] [Timeline] Checking operating hours for hotspot 277: visit window 13:45:00-16:45:00 on day 6
[2025-12-11T09:18:09.599Z] [Timeline] Hotspot 277 check window: 09:00:00-18:00:00, visit: 13:45:00-16:45:00
[2025-12-11T09:18:09.602Z] [Timeline] Hotspot 277 operating hours OK - entire visit 13:45:00-16:45:00 fits in 09:00:00-18:00:00
[2025-12-11T09:18:09.633Z] [Timeline] Hotspot 277 operating hours OK
[2025-12-11T09:18:09.665Z] [Timeline] Travel type for "Pondicherry|Pondicherry Airport" -> "Pondicherry Airport|Pondicherry": 1 (1=local, 2=outstation)
[2025-12-11T09:18:09.723Z] [Timeline] Building hotspot row for hotspot_ID=277
[2025-12-11T09:18:09.754Z] [Timeline] Built hotspot row: item_type=4, hotspot_ID=277, order=6
[2025-12-11T09:18:09.788Z] [Timeline] Hotspot 669 - currentSeconds: 60300, routeEndSeconds: 72000
[2025-12-11T09:18:09.794Z] [Timeline] Processing hotspot 669 for route 595
[2025-12-11T09:18:09.832Z] [Timeline] Hotspot 669 coords: lat=11.882310987345338, lon=79.8244548517534
[2025-12-11T09:18:09.905Z] [Timeline] Checking operating hours for hotspot 669: visit window 16:54:00-17:54:00 on day 6
[2025-12-11T09:18:09.936Z] [Timeline] Hotspot 669 check window: 06:00:00-18:00:00, visit: 16:54:00-17:54:00
[2025-12-11T09:18:09.939Z] [Timeline] Hotspot 669 operating hours OK - entire visit 16:54:00-17:54:00 fits in 06:00:00-18:00:00
[2025-12-11T09:18:09.961Z] [Timeline] Hotspot 669 operating hours OK
[2025-12-11T09:18:09.969Z] [Timeline] Travel type for "Pondicherry Airport|Pondicherry" -> "Pondicherry|Pondicherry Airport": 1 (1=local, 2=outstation)
[2025-12-11T09:18:10.028Z] [Timeline] Building hotspot row for hotspot_ID=669
[2025-12-11T09:18:10.059Z] [Timeline] Built hotspot row: item_type=4, hotspot_ID=669, order=7
[2025-12-11T09:18:10.189Z] [Timeline] Hotspot 677 - currentSeconds: 64440, routeEndSeconds: 72000
[2025-12-11T09:18:10.300Z] [Timeline] Processing hotspot 677 for route 595
[2025-12-11T09:18:10.423Z] [Timeline] Skipping hotspot 677 - already added to plan 5
[2025-12-11T09:18:10.462Z] [Timeline] Hotspot 678 - currentSeconds: 64440, routeEndSeconds: 72000
[2025-12-11T09:18:10.481Z] [Timeline] Processing hotspot 678 for route 595
[2025-12-11T09:18:10.498Z] [Timeline] Skipping hotspot 678 - already added to plan 5
[2025-12-11T09:18:10.520Z] [Timeline] Hotspot 679 - currentSeconds: 64440, routeEndSeconds: 72000
[2025-12-11T09:18:10.534Z] [Timeline] Processing hotspot 679 for route 595
[2025-12-11T09:18:10.570Z] [Timeline] Skipping hotspot 679 - already added to plan 5
[2025-12-11T09:18:10.599Z] [Timeline] Route 595 - Skipping hotel rows (last route - PHP behavior)
[2025-12-11T09:18:10.628Z] [Timeline] Returning 39 hotspot rows and 0 parking rows
[2025-12-11T09:18:10.641Z] [Timeline] Hotspot rows item_types: 1, 3, 4, 5, 6, 1, 3, 4, 3, 4, 3, 4, 3, 4, 3, 4, 3, 4, 3, 4, 3, 4, 3, 4, 5, 6, 3, 4, 3, 4, 3, 4, 3, 4, 3, 4, 3, 4, 7
[2025-12-11T09:18:10.651Z] [Timeline] Hotspot rows hotspot_IDs: , 5, 5, 0, 0, , 4, 4, 21, 21, 20, 20, 19, 19, 17, 17, 24, 24, 677, 677, 678, 678, 679, 679, 0, 0, 18, 18, 16, 16, 23, 23, 676, 676, 277, 277, 669, 669, 0
[2025-12-11T09:18:10.667Z] 
=== LOG FILE SAVED TO: D:\wamp64\www\dvi_fullstack\dvi_backend\tmp\hotspot_optimization_1765444549696.log ===

