[2025-12-11T04:35:36.416Z] [Timeline] Route 488 (Chennai International Airport → Chennai): routeStartTime=11:00:00, routeEndTime=20:00:00, direct_to_next=0
[2025-12-11T04:35:36.452Z] [Timeline] Route 488 starting coords from location_id 165946: (12.9811068, 80.159623)
[2025-12-11T04:35:36.478Z] [Timeline] Route 488 - Added refreshment break: 11:00:00 - 12:00:00
[2025-12-11T04:35:36.496Z] [fetchSelectedHotspots] route 488 target="Chennai International Airport" next="Chennai" dow=4
[2025-12-11T04:35:36.677Z] [fetchSelectedHotspots] Found 583 total active hotspots
[2025-12-11T04:35:36.683Z] [fetchSelectedHotspots] direct_to_next_visiting_place=0
[2025-12-11T04:35:36.702Z] [fetchSelectedHotspots] source="Chennai International Airport", destination="Chennai"
[2025-12-11T04:35:36.719Z] [fetchSelectedHotspots] Starting coords from stored_locations: (12.9811068, 80.159623)
[2025-12-11T04:35:36.731Z] [fetchSelectedHotspots] Hotspot 4 "Kapaleeshwarar Temple" → SOURCE (matches "Chennai International Airport")
[2025-12-11T04:35:36.747Z] [fetchSelectedHotspots] Hotspot 4 "Kapaleeshwarar Temple" → DESTINATION (matches "Chennai")
[2025-12-11T04:35:36.749Z] [fetchSelectedHotspots] Hotspot 5 "Marina Beach" → SOURCE (matches "Chennai International Airport")
[2025-12-11T04:35:36.757Z] [fetchSelectedHotspots] Hotspot 5 "Marina Beach" → DESTINATION (matches "Chennai")
[2025-12-11T04:35:36.759Z] [fetchSelectedHotspots] Hotspot 6 "Fort St.George Museum" → SOURCE (matches "Chennai International Airport")
[2025-12-11T04:35:36.769Z] [fetchSelectedHotspots] Hotspot 7 "Government Museum Chennai" → SOURCE (matches "Chennai International Airport")
[2025-12-11T04:35:36.782Z] [fetchSelectedHotspots] Hotspot 8 "Santhome Cathedral Basilica" → SOURCE (matches "Chennai International Airport")
[2025-12-11T04:35:36.798Z] [fetchSelectedHotspots] Hotspot 9 "Thousand Lights Mosque" → SOURCE (matches "Chennai International Airport")
[2025-12-11T04:35:36.809Z] [fetchSelectedHotspots] Hotspot 10 "Guindy National Park" → SOURCE (matches "Chennai International Airport")
[2025-12-11T04:35:36.816Z] [fetchSelectedHotspots] Hotspot 11 "Parthasarathy Temple" → SOURCE (matches "Chennai International Airport")
[2025-12-11T04:35:36.817Z] [fetchSelectedHotspots] Hotspot 12 "Vivekanandar House" → SOURCE (matches "Chennai International Airport")
[2025-12-11T04:35:36.832Z] [fetchSelectedHotspots] Hotspot 13 "Arignar Anna Zoological Park" → SOURCE (matches "Chennai International Airport")
[2025-12-11T04:35:36.840Z] [fetchSelectedHotspots] Hotspot 290 "Vgp snow kingdom" → SOURCE (matches "Chennai International Airport")
[2025-12-11T04:35:36.846Z] [fetchSelectedHotspots] Hotspot 291 "Vgp marine kingdom" → SOURCE (matches "Chennai International Airport")
[2025-12-11T04:35:36.861Z] [fetchSelectedHotspots] Hotspot 292 "Guindy snake park" → SOURCE (matches "Chennai International Airport")
[2025-12-11T04:35:36.863Z] [fetchSelectedHotspots] Hotspot 293 "Queens land" → SOURCE (matches "Chennai International Airport")
[2025-12-11T04:35:36.884Z] [fetchSelectedHotspots] Hotspot 294 "light house marina" → SOURCE (matches "Chennai International Airport")
[2025-12-11T04:35:36.885Z] [fetchSelectedHotspots] Hotspot 296 "Anna tower park" → SOURCE (matches "Chennai International Airport")
[2025-12-11T04:35:36.891Z] [fetchSelectedHotspots] Hotspot 297 "B.M Birla planitourim." → SOURCE (matches "Chennai International Airport")
[2025-12-11T04:35:36.893Z] [fetchSelectedHotspots] Hotspot 298 "Click art museum" → SOURCE (matches "Chennai International Airport")
[2025-12-11T04:35:36.910Z] [fetchSelectedHotspots] Hotspot 299 "National art gallery" → SOURCE (matches "Chennai International Airport")
[2025-12-11T04:35:36.933Z] [fetchSelectedHotspots] Hotspot 300 "M G R  Memorial" → SOURCE (matches "Chennai International Airport")
[2025-12-11T04:35:36.942Z] [fetchSelectedHotspots] Hotspot 303 "Anna memorial." → SOURCE (matches "Chennai International Airport")
[2025-12-11T04:35:36.950Z] [fetchSelectedHotspots] Hotspot 544 "Shri Ashtalakshmi Temple" → SOURCE (matches "Chennai International Airport")
[2025-12-11T04:35:36.976Z] [fetchSelectedHotspots] Hotspot 544 "Shri Ashtalakshmi Temple" → DESTINATION (matches "Chennai")
[2025-12-11T04:35:36.997Z] [fetchSelectedHotspots] Filtered 14 priority-0 SOURCE hotspots (22 → 8)
[2025-12-11T04:35:37.024Z] [fetchSelectedHotspots] Categorized: source=8, destination=3, via=0
[2025-12-11T04:35:37.069Z] [fetchSelectedHotspots] AIRPORT ARRIVAL DETECTED: "Chennai International Airport" → "Chennai"
[2025-12-11T04:35:37.095Z] [fetchSelectedHotspots] direct_to_next_visiting_place=0 + AIRPORT ARRIVAL: Processing DESTINATION → VIA
[2025-12-11T04:35:37.114Z] [fetchSelectedHotspots] Matched 3 hotspots after PHP ordering
[2025-12-11T04:35:37.132Z] [fetchSelectedHotspots] First 5 hotspots (sorted): ID=4 "Kapaleeshwarar Temple" priority=1 distance=19.94km, ID=5 "Marina Beach" priority=2 distance=22.47km, ID=544 "Shri Ashtalakshmi Temple" priority=0 distance=18.11km
[2025-12-11T04:35:37.148Z] [fetchSelectedHotspots] Matched 3 hotspots for route 488
[2025-12-11T04:35:37.158Z] [Timeline] Route 488: Selected 3 hotspots
[2025-12-11T04:35:37.178Z] [Timeline] Route 488 - currentTime: 12:00:00, routeEndTime: 20:00:00, routeEndSeconds: 72000
[2025-12-11T04:35:37.204Z] [Timeline] Hotspot 4 - currentSeconds: 43200, routeEndSeconds: 72000
[2025-12-11T04:35:37.229Z] [Timeline] Processing hotspot 4 for route 488
[2025-12-11T04:35:37.292Z] [Timeline] Hotspot 4 coords: lat=13.033798514213936, lon=80.26977915213011
[2025-12-11T04:35:37.352Z] [Timeline] Checking operating hours for hotspot 4: visit window 12:30:00-13:30:00 on day 4
[2025-12-11T04:35:37.374Z] [Timeline] Hotspot 4 check window: 05:30:00-12:00:00, visit: 12:30:00-13:30:00
[2025-12-11T04:35:37.385Z] [Timeline] Hotspot 4 check window: 16:00:00-20:00:00, visit: 12:30:00-13:30:00
[2025-12-11T04:35:37.407Z] [Timeline] Hotspot 4 operating hours check FAILED - visit 12:30:00-13:30:00 doesn't fit in any window
[2025-12-11T04:35:37.465Z] [Timeline] Hotspot 4 not open during visit window 12:30:00-13:30:00 on day 4, skipping
[2025-12-11T04:35:37.491Z] [Timeline] Hotspot 5 - currentSeconds: 43200, routeEndSeconds: 72000
[2025-12-11T04:35:37.502Z] [Timeline] Processing hotspot 5 for route 488
[2025-12-11T04:35:37.527Z] [Timeline] Hotspot 5 coords: lat=13.051080243192029, lon=80.27775926313883
[2025-12-11T04:35:37.706Z] [Timeline] Checking operating hours for hotspot 5: visit window 12:34:00-13:34:00 on day 4
[2025-12-11T04:35:37.756Z] [Timeline] Hotspot 5 operating hours OK
[2025-12-11T04:35:37.791Z] [Timeline] Travel type for "Chennai International Airport" -> "Chennai International Airport|Chennai Domestic Airport|Chennai Central|Chennai|Chennai Egmore Station|Chennai Koyembedu|ECR Beach, Chennai, Tamil Nadu": 1 (1=local, 2=outstation)
[2025-12-11T04:35:37.894Z] [Timeline] Building hotspot row for hotspot_ID=5
[2025-12-11T04:35:37.919Z] [Timeline] Built hotspot row: item_type=4, hotspot_ID=5, order=3
[2025-12-11T04:35:37.963Z] [Timeline] Hotspot 544 - currentSeconds: 48840, routeEndSeconds: 72000
[2025-12-11T04:35:38.002Z] [Timeline] Processing hotspot 544 for route 488
[2025-12-11T04:35:38.019Z] [Timeline] Hotspot 544 coords: lat=12.993461140291483, lon=80.27030436931474
[2025-12-11T04:35:38.099Z] [Timeline] Checking operating hours for hotspot 544: visit window 13:49:00-19:49:00 on day 4
[2025-12-11T04:35:38.128Z] [Timeline] Hotspot 544 check window: 06:00:00-12:00:00, visit: 13:49:00-19:49:00
[2025-12-11T04:35:38.136Z] [Timeline] Hotspot 544 check window: 16:00:00-20:00:00, visit: 13:49:00-19:49:00
[2025-12-11T04:35:38.157Z] [Timeline] Hotspot 544 operating hours check FAILED - visit 13:49:00-19:49:00 doesn't fit in any window
[2025-12-11T04:35:38.162Z] [Timeline] Hotspot 544 not open during visit window 13:49:00-19:49:00 on day 4, skipping
[2025-12-11T04:35:38.230Z] [Timeline] Route 489 (Chennai → Pondicherry): routeStartTime=08:00:00, routeEndTime=20:00:00, direct_to_next=0
[2025-12-11T04:35:38.274Z] [Timeline] Route 489 starting coords from location_id 762: (13.0843007, 80.2704622)
[2025-12-11T04:35:38.340Z] [Timeline] Route 489 - Added refreshment break: 08:00:00 - 09:00:00
[2025-12-11T04:35:38.363Z] [fetchSelectedHotspots] route 489 target="Chennai" next="Pondicherry" dow=5
[2025-12-11T04:35:38.508Z] [fetchSelectedHotspots] Found 583 total active hotspots
[2025-12-11T04:35:38.533Z] [fetchSelectedHotspots] direct_to_next_visiting_place=0
[2025-12-11T04:35:38.549Z] [fetchSelectedHotspots] source="Chennai", destination="Pondicherry"
[2025-12-11T04:35:38.575Z] [fetchSelectedHotspots] Starting coords from stored_locations: (12.9811068, 80.159623)
[2025-12-11T04:35:38.591Z] [fetchSelectedHotspots] Hotspot 4 "Kapaleeshwarar Temple" → SOURCE (matches "Chennai")
[2025-12-11T04:35:38.602Z] [fetchSelectedHotspots] Hotspot 5 "Marina Beach" → SOURCE (matches "Chennai")
[2025-12-11T04:35:38.623Z] [fetchSelectedHotspots] Hotspot 17 "Sri Aurobindo Ashram" → DESTINATION (matches "Pondicherry")
[2025-12-11T04:35:38.635Z] [fetchSelectedHotspots] Hotspot 18 "Auroville" → DESTINATION (matches "Pondicherry")
[2025-12-11T04:35:38.641Z] [fetchSelectedHotspots] Hotspot 19 "Promenade Beach" → DESTINATION (matches "Pondicherry")
[2025-12-11T04:35:38.665Z] [fetchSelectedHotspots] Hotspot 20 "Chunnambar Boathouse" → DESTINATION (matches "Pondicherry")
[2025-12-11T04:35:38.678Z] [fetchSelectedHotspots] Hotspot 21 "The Basilica of the Sacred Heart of Jesus" → DESTINATION (matches "Pondicherry")
[2025-12-11T04:35:38.693Z] [fetchSelectedHotspots] Hotspot 24 "The Pondicherry Museum" → DESTINATION (matches "Pondicherry")
[2025-12-11T04:35:38.708Z] [fetchSelectedHotspots] Hotspot 25 "Manakula Vinayagar Temple" → DESTINATION (matches "Pondicherry")
[2025-12-11T04:35:38.726Z] [fetchSelectedHotspots] Hotspot 277 "Pondicherry Backwater" → DESTINATION (matches "Pondicherry")
[2025-12-11T04:35:38.755Z] [fetchSelectedHotspots] Hotspot 544 "Shri Ashtalakshmi Temple" → SOURCE (matches "Chennai")
[2025-12-11T04:35:38.762Z] [fetchSelectedHotspots] Hotspot 669 "Eden Beach - Blue flag Beach" → DESTINATION (matches "Pondicherry")
[2025-12-11T04:35:38.782Z] [fetchSelectedHotspots] Hotspot 676 "Botanical Garden" → DESTINATION (matches "Pondicherry")
[2025-12-11T04:35:38.790Z] [fetchSelectedHotspots] Hotspot 677 "Bharathi Park &amp; Aayi Mandapam" → DESTINATION (matches "Pondicherry")
[2025-12-11T04:35:38.791Z] [fetchSelectedHotspots] Hotspot 678 "French Colony" → DESTINATION (matches "Pondicherry")
[2025-12-11T04:35:38.798Z] [fetchSelectedHotspots] Hotspot 679 "Pondi Marina Beach" → DESTINATION (matches "Pondicherry")
[2025-12-11T04:35:38.806Z] [fetchSelectedHotspots] Filtered 1 priority-0 SOURCE hotspots (3 → 2)
[2025-12-11T04:35:38.807Z] [fetchSelectedHotspots] Categorized: source=2, destination=13, via=0
[2025-12-11T04:35:38.815Z] [fetchSelectedHotspots] direct_to_next_visiting_place=0: Processing SOURCE → DESTINATION → VIA
[2025-12-11T04:35:38.840Z] [fetchSelectedHotspots] Matched 15 hotspots after PHP ordering
[2025-12-11T04:35:38.842Z] [fetchSelectedHotspots] First 5 hotspots (sorted): ID=4 "Kapaleeshwarar Temple" priority=1 distance=19.94km, ID=5 "Marina Beach" priority=2 distance=22.47km, ID=18 "Auroville" priority=1 distance=171.53km, ID=25 "Manakula Vinayagar Temple" priority=2 distance=182.13km, ID=21 "The Basilica of the Sacred Heart of Jesus" priority=4 distance=184.07km
[2025-12-11T04:35:38.851Z] [fetchSelectedHotspots] Matched 15 hotspots for route 489
[2025-12-11T04:35:38.856Z] [Timeline] Route 489: Selected 15 hotspots
[2025-12-11T04:35:38.858Z] [Timeline] Route 489 - currentTime: 09:00:00, routeEndTime: 20:00:00, routeEndSeconds: 72000
[2025-12-11T04:35:38.865Z] [Timeline] Hotspot 4 - currentSeconds: 32400, routeEndSeconds: 72000
[2025-12-11T04:35:38.874Z] [Timeline] Processing hotspot 4 for route 489
[2025-12-11T04:35:38.883Z] [Timeline] Hotspot 4 coords: lat=13.033798514213936, lon=80.26977915213011
[2025-12-11T04:35:38.944Z] [Timeline] Checking operating hours for hotspot 4: visit window 09:13:00-10:13:00 on day 5
[2025-12-11T04:35:38.983Z] [Timeline] Hotspot 4 check window: 05:30:00-12:00:00, visit: 09:13:00-10:13:00
[2025-12-11T04:35:38.991Z] [Timeline] Hotspot 4 operating hours OK - entire visit 09:13:00-10:13:00 fits in 05:30:00-12:00:00
[2025-12-11T04:35:39.013Z] [Timeline] Hotspot 4 operating hours OK
[2025-12-11T04:35:39.031Z] [Timeline] Travel type for "Chennai" -> "Chennai International Airport|Chennai Domestic Airport|Chennai Central|Chennai|Chennai Egmore Station|Chennai Koyembedu|ECR Beach, Chennai, Tamil Nadu": 1 (1=local, 2=outstation)
[2025-12-11T04:35:39.091Z] [Timeline] Building hotspot row for hotspot_ID=4
[2025-12-11T04:35:39.113Z] [Timeline] Built hotspot row: item_type=4, hotspot_ID=4, order=3
[2025-12-11T04:35:39.146Z] [Timeline] Hotspot 5 - currentSeconds: 36780, routeEndSeconds: 72000
[2025-12-11T04:35:39.151Z] [Timeline] Processing hotspot 5 for route 489
[2025-12-11T04:35:39.176Z] [Timeline] Skipping hotspot 5 - already added to plan 5
[2025-12-11T04:35:39.183Z] [Timeline] Hotspot 18 - currentSeconds: 36780, routeEndSeconds: 72000
[2025-12-11T04:35:39.219Z] [Timeline] Processing hotspot 18 for route 489
[2025-12-11T04:35:39.261Z] [Timeline] Hotspot 18 coords: lat=12.008342334177776, lon=79.81781931258232
[2025-12-11T04:35:39.347Z] [Timeline] Checking operating hours for hotspot 18: visit window 13:19:00-15:19:00 on day 5
[2025-12-11T04:35:39.352Z] [Timeline] Hotspot 18 check window: 09:00:00-13:00:00, visit: 13:19:00-15:19:00
[2025-12-11T04:35:39.367Z] [Timeline] Hotspot 18 check window: 13:30:00-17:00:00, visit: 13:19:00-15:19:00
[2025-12-11T04:35:39.376Z] [Timeline] Hotspot 18 operating hours check FAILED - visit 13:19:00-15:19:00 doesn't fit in any window
[2025-12-11T04:35:39.378Z] [Timeline] Hotspot 18 not open during visit window 13:19:00-15:19:00 on day 5, skipping
[2025-12-11T04:35:39.381Z] [Timeline] Hotspot 25 - currentSeconds: 36780, routeEndSeconds: 72000
[2025-12-11T04:35:39.383Z] [Timeline] Processing hotspot 25 for route 489
[2025-12-11T04:35:39.386Z] [Timeline] Hotspot 25 coords: lat=11.936184966220257, lon=79.83484226674099
[2025-12-11T04:35:39.441Z] [Timeline] Checking operating hours for hotspot 25: visit window 13:29:00-13:59:00 on day 5
[2025-12-11T04:35:39.470Z] [Timeline] Hotspot 25 check window: 17:45:00-12:30:00, visit: 13:29:00-13:59:00
[2025-12-11T04:35:39.475Z] [Timeline] Hotspot 25 check window: 16:00:00-20:00:00, visit: 13:29:00-13:59:00
[2025-12-11T04:35:39.484Z] [Timeline] Hotspot 25 operating hours check FAILED - visit 13:29:00-13:59:00 doesn't fit in any window
[2025-12-11T04:35:39.495Z] [Timeline] Hotspot 25 not open during visit window 13:29:00-13:59:00 on day 5, skipping
[2025-12-11T04:35:39.498Z] [Timeline] Hotspot 21 - currentSeconds: 36780, routeEndSeconds: 72000
[2025-12-11T04:35:39.513Z] [Timeline] Processing hotspot 21 for route 489
[2025-12-11T04:35:39.525Z] [Timeline] Hotspot 21 coords: lat=11.926178758041798, lon=79.82779781515121
[2025-12-11T04:35:39.575Z] [Timeline] Checking operating hours for hotspot 21: visit window 13:31:00-14:01:00 on day 5
[2025-12-11T04:35:39.580Z] [Timeline] Hotspot 21 check window: 06:00:00-19:00:00, visit: 13:31:00-14:01:00
[2025-12-11T04:35:39.597Z] [Timeline] Hotspot 21 operating hours OK - entire visit 13:31:00-14:01:00 fits in 06:00:00-19:00:00
[2025-12-11T04:35:39.599Z] [Timeline] Hotspot 21 operating hours OK
[2025-12-11T04:35:39.611Z] [Timeline] Travel type for "Chennai International Airport|Chennai Domestic Airport|Chennai Central|Chennai|Chennai Egmore Station|Chennai Koyembedu|ECR Beach, Chennai, Tamil Nadu" -> "Pondicherry Airport|Pondicherry": 2 (1=local, 2=outstation)
[2025-12-11T04:35:39.644Z] [Timeline] Building hotspot row for hotspot_ID=21
[2025-12-11T04:35:39.660Z] [Timeline] Built hotspot row: item_type=4, hotspot_ID=21, order=5
[2025-12-11T04:35:39.676Z] [Timeline] Hotspot 19 - currentSeconds: 50460, routeEndSeconds: 72000
[2025-12-11T04:35:39.689Z] [Timeline] Processing hotspot 19 for route 489
[2025-12-11T04:35:39.692Z] [Timeline] Hotspot 19 coords: lat=11.931203427435934, lon=79.83580349426904
[2025-12-11T04:35:39.760Z] [Timeline] Checking operating hours for hotspot 19: visit window 14:03:00-15:03:00 on day 5
[2025-12-11T04:35:39.779Z] [Timeline] Hotspot 19 check window: 06:00:00-20:00:00, visit: 14:03:00-15:03:00
[2025-12-11T04:35:39.814Z] [Timeline] Hotspot 19 operating hours OK - entire visit 14:03:00-15:03:00 fits in 06:00:00-20:00:00
[2025-12-11T04:35:39.841Z] [Timeline] Hotspot 19 operating hours OK
[2025-12-11T04:35:39.857Z] [Timeline] Travel type for "Pondicherry Airport|Pondicherry" -> "Pondicherry Airport|Pondicherry": 1 (1=local, 2=outstation)
[2025-12-11T04:35:39.941Z] [Timeline] Building hotspot row for hotspot_ID=19
[2025-12-11T04:35:39.967Z] [Timeline] Built hotspot row: item_type=4, hotspot_ID=19, order=7
[2025-12-11T04:35:40.001Z] [Timeline] Hotspot 20 - currentSeconds: 54180, routeEndSeconds: 72000
[2025-12-11T04:35:40.033Z] [Timeline] Processing hotspot 20 for route 489
[2025-12-11T04:35:40.052Z] [Timeline] Hotspot 20 coords: lat=11.883875481616602, lon=79.80141705562612
[2025-12-11T04:35:40.131Z] [Timeline] Checking operating hours for hotspot 20: visit window 15:18:00-16:18:00 on day 5
[2025-12-11T04:35:40.139Z] [Timeline] Hotspot 20 check window: 09:30:00-16:00:00, visit: 15:18:00-16:18:00
[2025-12-11T04:35:40.159Z] [Timeline] Hotspot 20 operating hours check FAILED - visit 15:18:00-16:18:00 doesn't fit in any window
[2025-12-11T04:35:40.162Z] [Timeline] Hotspot 20 not open during visit window 15:18:00-16:18:00 on day 5, skipping
[2025-12-11T04:35:40.191Z] [Timeline] Hotspot 17 - currentSeconds: 54180, routeEndSeconds: 72000
[2025-12-11T04:35:40.221Z] [Timeline] Processing hotspot 17 for route 489
[2025-12-11T04:35:40.268Z] [Timeline] Hotspot 17 coords: lat=11.936929030828965, lon=79.83477998559515
[2025-12-11T04:35:40.774Z] [Timeline] Checking operating hours for hotspot 17: visit window 15:04:00-16:04:00 on day 5
[2025-12-11T04:35:40.798Z] [Timeline] Hotspot 17 check window: 10:30:00-19:00:00, visit: 15:04:00-16:04:00
[2025-12-11T04:35:40.808Z] [Timeline] Hotspot 17 operating hours OK - entire visit 15:04:00-16:04:00 fits in 10:30:00-19:00:00
[2025-12-11T04:35:40.842Z] [Timeline] Hotspot 17 operating hours OK
[2025-12-11T04:35:40.872Z] [Timeline] Travel type for "Pondicherry Airport|Pondicherry" -> "Pondicherry Airport|Pondicherry": 1 (1=local, 2=outstation)
[2025-12-11T04:35:40.925Z] [Timeline] Building hotspot row for hotspot_ID=17
[2025-12-11T04:35:40.964Z] [Timeline] Built hotspot row: item_type=4, hotspot_ID=17, order=9
[2025-12-11T04:35:41.007Z] [Timeline] Hotspot 24 - currentSeconds: 57840, routeEndSeconds: 72000
[2025-12-11T04:35:41.009Z] [Timeline] Processing hotspot 24 for route 489
[2025-12-11T04:35:41.055Z] [Timeline] Hotspot 24 coords: lat=11.934656339062595, lon=79.83484999477534
[2025-12-11T04:35:41.141Z] [Timeline] Checking operating hours for hotspot 24: visit window 16:05:00-16:35:00 on day 5
[2025-12-11T04:35:41.167Z] [Timeline] Hotspot 24 check window: 09:00:00-18:00:00, visit: 16:05:00-16:35:00
[2025-12-11T04:35:41.193Z] [Timeline] Hotspot 24 operating hours OK - entire visit 16:05:00-16:35:00 fits in 09:00:00-18:00:00
[2025-12-11T04:35:41.196Z] [Timeline] Hotspot 24 operating hours OK
[2025-12-11T04:35:41.234Z] [Timeline] Travel type for "Pondicherry Airport|Pondicherry" -> "Pondicherry Airport|Pondicherry": 1 (1=local, 2=outstation)
[2025-12-11T04:35:41.314Z] [Timeline] Building hotspot row for hotspot_ID=24
[2025-12-11T04:35:41.343Z] [Timeline] Built hotspot row: item_type=4, hotspot_ID=24, order=11
[2025-12-11T04:35:41.375Z] [Timeline] Hotspot 677 - currentSeconds: 59700, routeEndSeconds: 72000
[2025-12-11T04:35:41.405Z] [Timeline] Processing hotspot 677 for route 489
[2025-12-11T04:35:41.444Z] [Timeline] Hotspot 677 coords: lat=11.933029585291068, lon=79.83418306595088
[2025-12-11T04:35:41.498Z] [Timeline] Checking operating hours for hotspot 677: visit window 16:35:00-17:20:00 on day 5
[2025-12-11T04:35:41.533Z] [Timeline] Hotspot 677 check window: 06:00:00-19:00:00, visit: 16:35:00-17:20:00
[2025-12-11T04:35:41.561Z] [Timeline] Hotspot 677 operating hours OK - entire visit 16:35:00-17:20:00 fits in 06:00:00-19:00:00
[2025-12-11T04:35:41.571Z] [Timeline] Hotspot 677 operating hours OK
[2025-12-11T04:35:41.609Z] [Timeline] Travel type for "Pondicherry Airport|Pondicherry" -> "Pondicherry|Pondicherry Airport": 1 (1=local, 2=outstation)
[2025-12-11T04:35:41.685Z] [Timeline] Building hotspot row for hotspot_ID=677
[2025-12-11T04:35:41.717Z] [Timeline] Built hotspot row: item_type=4, hotspot_ID=677, order=13
[2025-12-11T04:35:41.748Z] [Timeline] Hotspot 678 - currentSeconds: 62400, routeEndSeconds: 72000
[2025-12-11T04:35:41.765Z] [Timeline] Processing hotspot 678 for route 489
[2025-12-11T04:35:41.779Z] [Timeline] Hotspot 678 coords: lat=11.928492248303817, lon=79.83303242117643
[2025-12-11T04:35:41.840Z] [Timeline] Checking operating hours for hotspot 678: visit window 17:21:00-18:21:00 on day 5
[2025-12-11T04:35:41.874Z] [Timeline] Hotspot 678 operating hours OK
[2025-12-11T04:35:41.893Z] [Timeline] Travel type for "Pondicherry|Pondicherry Airport" -> "Pondicherry|Pondicherry Airport": 1 (1=local, 2=outstation)
[2025-12-11T04:35:41.983Z] [Timeline] Building hotspot row for hotspot_ID=678
[2025-12-11T04:35:42.008Z] [Timeline] Built hotspot row: item_type=4, hotspot_ID=678, order=15
[2025-12-11T04:35:42.041Z] [Timeline] Hotspot 676 - currentSeconds: 66060, routeEndSeconds: 72000
[2025-12-11T04:35:42.068Z] [Timeline] Processing hotspot 676 for route 489
[2025-12-11T04:35:42.096Z] [Timeline] Hotspot 676 coords: lat=11.930177048465467, lon=79.8224313245787
[2025-12-11T04:35:42.156Z] [Timeline] Checking operating hours for hotspot 676: visit window 18:24:00-19:24:00 on day 5
[2025-12-11T04:35:42.185Z] [Timeline] Hotspot 676 check window: 10:00:00-17:00:00, visit: 18:24:00-19:24:00
[2025-12-11T04:35:42.222Z] [Timeline] Hotspot 676 operating hours check FAILED - visit 18:24:00-19:24:00 doesn't fit in any window
[2025-12-11T04:35:42.227Z] [Timeline] Hotspot 676 not open during visit window 18:24:00-19:24:00 on day 5, skipping
[2025-12-11T04:35:42.289Z] [Timeline] Hotspot 277 - currentSeconds: 66060, routeEndSeconds: 72000
[2025-12-11T04:35:42.309Z] [Timeline] Processing hotspot 277 for route 489
[2025-12-11T04:35:42.346Z] [Timeline] Hotspot 277 coords: lat=11.916309213225349, lon=79.82433098120615
[2025-12-11T04:35:42.441Z] [Timeline] Checking operating hours for hotspot 277: visit window 18:25:00-21:25:00 on day 5
[2025-12-11T04:35:42.473Z] [Timeline] Hotspot 277 check window: 09:00:00-18:00:00, visit: 18:25:00-21:25:00
[2025-12-11T04:35:42.476Z] [Timeline] Hotspot 277 operating hours check FAILED - visit 18:25:00-21:25:00 doesn't fit in any window
[2025-12-11T04:35:42.510Z] [Timeline] Hotspot 277 not open during visit window 18:25:00-21:25:00 on day 5, skipping
[2025-12-11T04:35:42.541Z] [Timeline] Hotspot 679 - currentSeconds: 66060, routeEndSeconds: 72000
[2025-12-11T04:35:42.545Z] [Timeline] Processing hotspot 679 for route 489
[2025-12-11T04:35:42.569Z] [Timeline] Hotspot 679 coords: lat=11.913052113056816, lon=79.82932149874199
[2025-12-11T04:35:42.623Z] [Timeline] Checking operating hours for hotspot 679: visit window 18:25:00-18:55:00 on day 5
[2025-12-11T04:35:42.643Z] [Timeline] Hotspot 679 operating hours OK
[2025-12-11T04:35:42.656Z] [Timeline] Travel type for "Pondicherry|Pondicherry Airport" -> "Pondicherry|Pondicherry Airport": 1 (1=local, 2=outstation)
[2025-12-11T04:35:42.701Z] [Timeline] Building hotspot row for hotspot_ID=679
[2025-12-11T04:35:42.729Z] [Timeline] Built hotspot row: item_type=4, hotspot_ID=679, order=17
[2025-12-11T04:35:42.761Z] [Timeline] Hotspot 669 - currentSeconds: 68100, routeEndSeconds: 72000
[2025-12-11T04:35:42.781Z] [Timeline] Processing hotspot 669 for route 489
[2025-12-11T04:35:42.794Z] [Timeline] Hotspot 669 coords: lat=11.882310987345338, lon=79.8244548517534
[2025-12-11T04:35:42.848Z] [Timeline] Checking operating hours for hotspot 669: visit window 19:03:00-20:03:00 on day 5
[2025-12-11T04:35:42.877Z] [Timeline] Hotspot 669 check window: 06:00:00-18:00:00, visit: 19:03:00-20:03:00
[2025-12-11T04:35:42.906Z] [Timeline] Hotspot 669 operating hours check FAILED - visit 19:03:00-20:03:00 doesn't fit in any window
[2025-12-11T04:35:42.913Z] [Timeline] Hotspot 669 not open during visit window 19:03:00-20:03:00 on day 5, skipping
[2025-12-11T04:35:43.044Z] [Timeline] Route 490 (Pondicherry → Pondicherry Airport): routeStartTime=08:00:00, routeEndTime=20:00:00, direct_to_next=0
[2025-12-11T04:35:43.077Z] [Timeline] Route 490 starting coords from location_id 5922: (11.9415915, 79.8083133)
[2025-12-11T04:35:43.092Z] [Timeline] Route 490 - Added refreshment break: 08:00:00 - 09:00:00
[2025-12-11T04:35:43.129Z] [fetchSelectedHotspots] route 490 target="Pondicherry" next="Pondicherry Airport" dow=6
[2025-12-11T04:35:43.315Z] [fetchSelectedHotspots] Found 583 total active hotspots
[2025-12-11T04:35:43.350Z] [fetchSelectedHotspots] direct_to_next_visiting_place=0
[2025-12-11T04:35:43.364Z] [fetchSelectedHotspots] source="Pondicherry", destination="Pondicherry Airport"
[2025-12-11T04:35:43.415Z] [fetchSelectedHotspots] Starting coords from stored_locations: (13.0827989, 80.2754246)
[2025-12-11T04:35:43.449Z] [fetchSelectedHotspots] Hotspot 16 "Paradise Beach" → DESTINATION (matches "Pondicherry Airport")
[2025-12-11T04:35:43.509Z] [fetchSelectedHotspots] Hotspot 17 "Sri Aurobindo Ashram" → SOURCE (matches "Pondicherry")
[2025-12-11T04:35:43.532Z] [fetchSelectedHotspots] Hotspot 17 "Sri Aurobindo Ashram" → DESTINATION (matches "Pondicherry Airport")
[2025-12-11T04:35:43.558Z] [fetchSelectedHotspots] Hotspot 18 "Auroville" → SOURCE (matches "Pondicherry")
[2025-12-11T04:35:43.599Z] [fetchSelectedHotspots] Hotspot 18 "Auroville" → DESTINATION (matches "Pondicherry Airport")
[2025-12-11T04:35:43.612Z] [fetchSelectedHotspots] Hotspot 19 "Promenade Beach" → SOURCE (matches "Pondicherry")
[2025-12-11T04:35:43.650Z] [fetchSelectedHotspots] Hotspot 19 "Promenade Beach" → DESTINATION (matches "Pondicherry Airport")
[2025-12-11T04:35:43.659Z] [fetchSelectedHotspots] Hotspot 20 "Chunnambar Boathouse" → SOURCE (matches "Pondicherry")
[2025-12-11T04:35:43.682Z] [fetchSelectedHotspots] Hotspot 20 "Chunnambar Boathouse" → DESTINATION (matches "Pondicherry Airport")
[2025-12-11T04:35:43.696Z] [fetchSelectedHotspots] Hotspot 21 "The Basilica of the Sacred Heart of Jesus" → SOURCE (matches "Pondicherry")
[2025-12-11T04:35:43.724Z] [fetchSelectedHotspots] Hotspot 21 "The Basilica of the Sacred Heart of Jesus" → DESTINATION (matches "Pondicherry Airport")
[2025-12-11T04:35:43.730Z] [fetchSelectedHotspots] Hotspot 23 "French War Memorial" → DESTINATION (matches "Pondicherry Airport")
[2025-12-11T04:35:43.739Z] [fetchSelectedHotspots] Hotspot 24 "The Pondicherry Museum" → SOURCE (matches "Pondicherry")
[2025-12-11T04:35:43.766Z] [fetchSelectedHotspots] Hotspot 24 "The Pondicherry Museum" → DESTINATION (matches "Pondicherry Airport")
[2025-12-11T04:35:43.783Z] [fetchSelectedHotspots] Hotspot 25 "Manakula Vinayagar Temple" → SOURCE (matches "Pondicherry")
[2025-12-11T04:35:43.811Z] [fetchSelectedHotspots] Hotspot 25 "Manakula Vinayagar Temple" → DESTINATION (matches "Pondicherry Airport")
[2025-12-11T04:35:43.835Z] [fetchSelectedHotspots] Hotspot 277 "Pondicherry Backwater" → SOURCE (matches "Pondicherry")
[2025-12-11T04:35:43.857Z] [fetchSelectedHotspots] Hotspot 277 "Pondicherry Backwater" → DESTINATION (matches "Pondicherry Airport")
[2025-12-11T04:35:43.899Z] [fetchSelectedHotspots] Hotspot 669 "Eden Beach - Blue flag Beach" → SOURCE (matches "Pondicherry")
[2025-12-11T04:35:43.931Z] [fetchSelectedHotspots] Hotspot 669 "Eden Beach - Blue flag Beach" → DESTINATION (matches "Pondicherry Airport")
[2025-12-11T04:35:43.939Z] [fetchSelectedHotspots] Hotspot 676 "Botanical Garden" → SOURCE (matches "Pondicherry")
[2025-12-11T04:35:43.968Z] [fetchSelectedHotspots] Hotspot 676 "Botanical Garden" → DESTINATION (matches "Pondicherry Airport")
[2025-12-11T04:35:43.977Z] [fetchSelectedHotspots] Hotspot 677 "Bharathi Park &amp; Aayi Mandapam" → SOURCE (matches "Pondicherry")
[2025-12-11T04:35:44.009Z] [fetchSelectedHotspots] Hotspot 677 "Bharathi Park &amp; Aayi Mandapam" → DESTINATION (matches "Pondicherry Airport")
[2025-12-11T04:35:44.024Z] [fetchSelectedHotspots] Hotspot 678 "French Colony" → SOURCE (matches "Pondicherry")
[2025-12-11T04:35:44.042Z] [fetchSelectedHotspots] Hotspot 678 "French Colony" → DESTINATION (matches "Pondicherry Airport")
[2025-12-11T04:35:44.060Z] [fetchSelectedHotspots] Hotspot 679 "Pondi Marina Beach" → SOURCE (matches "Pondicherry")
[2025-12-11T04:35:44.075Z] [fetchSelectedHotspots] Hotspot 679 "Pondi Marina Beach" → DESTINATION (matches "Pondicherry Airport")
[2025-12-11T04:35:44.080Z] [fetchSelectedHotspots] Filtered 7 priority-0 SOURCE hotspots (13 → 6)
[2025-12-11T04:35:44.108Z] [fetchSelectedHotspots] Categorized: source=6, destination=15, via=0
[2025-12-11T04:35:44.139Z] [fetchSelectedHotspots] direct_to_next_visiting_place=0: Processing SOURCE → DESTINATION → VIA
[2025-12-11T04:35:44.142Z] [fetchSelectedHotspots] Matched 21 hotspots after PHP ordering
[2025-12-11T04:35:44.150Z] [fetchSelectedHotspots] First 5 hotspots (sorted): ID=18 "Auroville" priority=1 distance=194.08km, ID=25 "Manakula Vinayagar Temple" priority=2 distance=204.26km, ID=21 "The Basilica of the Sacred Heart of Jesus" priority=4 distance=206.23km, ID=19 "Promenade Beach" priority=5 distance=204.98km, ID=20 "Chunnambar Boathouse" priority=5 distance=214.35km
[2025-12-11T04:35:44.173Z] [fetchSelectedHotspots] Matched 15 hotspots for route 490
[2025-12-11T04:35:44.189Z] [Timeline] Route 490: Selected 15 hotspots
[2025-12-11T04:35:44.200Z] [Timeline] Route 490 - currentTime: 09:00:00, routeEndTime: 20:00:00, routeEndSeconds: 72000
[2025-12-11T04:35:44.231Z] [Timeline] Hotspot 18 - currentSeconds: 32400, routeEndSeconds: 72000
[2025-12-11T04:35:44.275Z] [Timeline] Processing hotspot 18 for route 490
[2025-12-11T04:35:44.298Z] [Timeline] Hotspot 18 coords: lat=12.008342334177776, lon=79.81781931258232
[2025-12-11T04:35:44.410Z] [Timeline] Checking operating hours for hotspot 18: visit window 09:17:00-11:17:00 on day 6
[2025-12-11T04:35:44.430Z] [Timeline] Hotspot 18 check window: 09:00:00-13:00:00, visit: 09:17:00-11:17:00
[2025-12-11T04:35:44.443Z] [Timeline] Hotspot 18 operating hours OK - entire visit 09:17:00-11:17:00 fits in 09:00:00-13:00:00
[2025-12-11T04:35:44.474Z] [Timeline] Hotspot 18 operating hours OK
[2025-12-11T04:35:44.526Z] [Timeline] Travel type for "Pondicherry" -> "Pondicherry Airport|Pondicherry": 1 (1=local, 2=outstation)
[2025-12-11T04:35:44.983Z] [Timeline] Building hotspot row for hotspot_ID=18
[2025-12-11T04:35:45.113Z] [Timeline] Built hotspot row: item_type=4, hotspot_ID=18, order=3
[2025-12-11T04:35:45.160Z] [Timeline] Hotspot 25 - currentSeconds: 40620, routeEndSeconds: 72000
[2025-12-11T04:35:45.181Z] [Timeline] Processing hotspot 25 for route 490
[2025-12-11T04:35:45.213Z] [Timeline] Hotspot 25 coords: lat=11.936184966220257, lon=79.83484226674099
[2025-12-11T04:35:45.547Z] [Timeline] Checking operating hours for hotspot 25: visit window 11:36:00-12:06:00 on day 6
[2025-12-11T04:35:45.561Z] [Timeline] Hotspot 25 check window: 05:45:00-12:30:00, visit: 11:36:00-12:06:00
[2025-12-11T04:35:45.595Z] [Timeline] Hotspot 25 operating hours OK - entire visit 11:36:00-12:06:00 fits in 05:45:00-12:30:00
[2025-12-11T04:35:45.612Z] [Timeline] Hotspot 25 operating hours OK
[2025-12-11T04:35:45.633Z] [Timeline] Travel type for "Pondicherry Airport|Pondicherry" -> "Pondicherry Airport|Pondicherry": 1 (1=local, 2=outstation)
[2025-12-11T04:35:45.803Z] [Timeline] Building hotspot row for hotspot_ID=25
[2025-12-11T04:35:45.850Z] [Timeline] Built hotspot row: item_type=4, hotspot_ID=25, order=5
[2025-12-11T04:35:45.900Z] [Timeline] Hotspot 21 - currentSeconds: 43560, routeEndSeconds: 72000
[2025-12-11T04:35:45.943Z] [Timeline] Processing hotspot 21 for route 490
[2025-12-11T04:35:45.966Z] [Timeline] Skipping hotspot 21 - already added to plan 5
[2025-12-11T04:35:46.000Z] [Timeline] Hotspot 19 - currentSeconds: 43560, routeEndSeconds: 72000
[2025-12-11T04:35:46.033Z] [Timeline] Processing hotspot 19 for route 490
[2025-12-11T04:35:46.052Z] [Timeline] Skipping hotspot 19 - already added to plan 5
[2025-12-11T04:35:46.079Z] [Timeline] Hotspot 20 - currentSeconds: 43560, routeEndSeconds: 72000
[2025-12-11T04:35:46.096Z] [Timeline] Processing hotspot 20 for route 490
[2025-12-11T04:35:46.149Z] [Timeline] Hotspot 20 coords: lat=11.883875481616602, lon=79.80141705562612
[2025-12-11T04:35:46.344Z] [Timeline] Checking operating hours for hotspot 20: visit window 12:21:00-13:21:00 on day 6
[2025-12-11T04:35:46.383Z] [Timeline] Hotspot 20 check window: 09:30:00-16:00:00, visit: 12:21:00-13:21:00
[2025-12-11T04:35:46.401Z] [Timeline] Hotspot 20 operating hours OK - entire visit 12:21:00-13:21:00 fits in 09:30:00-16:00:00
[2025-12-11T04:35:46.433Z] [Timeline] Hotspot 20 operating hours OK
[2025-12-11T04:35:46.463Z] [Timeline] Travel type for "Pondicherry Airport|Pondicherry" -> "Pondicherry Airport|Pondicherry": 1 (1=local, 2=outstation)
[2025-12-11T04:35:46.545Z] [Timeline] Building hotspot row for hotspot_ID=20
[2025-12-11T04:35:46.578Z] [Timeline] Built hotspot row: item_type=4, hotspot_ID=20, order=7
[2025-12-11T04:35:46.615Z] [Timeline] Hotspot 17 - currentSeconds: 48060, routeEndSeconds: 72000
[2025-12-11T04:35:46.644Z] [Timeline] Processing hotspot 17 for route 490
[2025-12-11T04:35:46.659Z] [Timeline] Skipping hotspot 17 - already added to plan 5
[2025-12-11T04:35:46.678Z] [Timeline] Hotspot 16 - currentSeconds: 48060, routeEndSeconds: 72000
[2025-12-11T04:35:46.697Z] [Timeline] Processing hotspot 16 for route 490
[2025-12-11T04:35:46.711Z] [Timeline] Hotspot 16 coords: lat=11.894346668881749, lon=79.86265715952393
[2025-12-11T04:35:46.792Z] [Timeline] Checking operating hours for hotspot 16: visit window 13:36:00-14:06:00 on day 6
[2025-12-11T04:35:46.825Z] [Timeline] Hotspot 16 check window: 09:00:00-18:00:00, visit: 13:36:00-14:06:00
[2025-12-11T04:35:46.843Z] [Timeline] Hotspot 16 operating hours OK - entire visit 13:36:00-14:06:00 fits in 09:00:00-18:00:00
[2025-12-11T04:35:46.858Z] [Timeline] Hotspot 16 operating hours OK
[2025-12-11T04:35:46.865Z] [Timeline] Travel type for "Pondicherry Airport|Pondicherry" -> "Pondicherry Airport": 1 (1=local, 2=outstation)
[2025-12-11T04:35:46.977Z] [Timeline] Building hotspot row for hotspot_ID=16
[2025-12-11T04:35:47.040Z] [Timeline] Built hotspot row: item_type=4, hotspot_ID=16, order=9
[2025-12-11T04:35:47.230Z] [Timeline] Hotspot 23 - currentSeconds: 50760, routeEndSeconds: 72000
[2025-12-11T04:35:47.338Z] [Timeline] Processing hotspot 23 for route 490
[2025-12-11T04:35:47.561Z] [Timeline] Hotspot 23 coords: lat=11.93212951685565, lon=79.83535346593922
[2025-12-11T04:35:47.726Z] [Timeline] Checking operating hours for hotspot 23: visit window 14:06:00-14:26:00 on day 6
[2025-12-11T04:35:47.916Z] [Timeline] Hotspot 23 operating hours OK
[2025-12-11T04:35:48.030Z] [Timeline] Travel type for "Pondicherry Airport" -> "Pondicherry Airport": 1 (1=local, 2=outstation)
[2025-12-11T04:35:48.113Z] [Timeline] Building hotspot row for hotspot_ID=23
[2025-12-11T04:35:48.142Z] [Timeline] Built hotspot row: item_type=4, hotspot_ID=23, order=11
[2025-12-11T04:35:48.177Z] [Timeline] Hotspot 24 - currentSeconds: 51960, routeEndSeconds: 72000
[2025-12-11T04:35:48.183Z] [Timeline] Processing hotspot 24 for route 490
[2025-12-11T04:35:48.210Z] [Timeline] Skipping hotspot 24 - already added to plan 5
[2025-12-11T04:35:48.232Z] [Timeline] Hotspot 677 - currentSeconds: 51960, routeEndSeconds: 72000
[2025-12-11T04:35:48.276Z] [Timeline] Processing hotspot 677 for route 490
[2025-12-11T04:35:48.295Z] [Timeline] Skipping hotspot 677 - already added to plan 5
[2025-12-11T04:35:48.322Z] [Timeline] Hotspot 678 - currentSeconds: 51960, routeEndSeconds: 72000
[2025-12-11T04:35:48.325Z] [Timeline] Processing hotspot 678 for route 490
[2025-12-11T04:35:48.356Z] [Timeline] Skipping hotspot 678 - already added to plan 5
[2025-12-11T04:35:48.364Z] [Timeline] Hotspot 676 - currentSeconds: 51960, routeEndSeconds: 72000
[2025-12-11T04:35:48.395Z] [Timeline] Processing hotspot 676 for route 490
[2025-12-11T04:35:48.413Z] [Timeline] Hotspot 676 coords: lat=11.930177048465467, lon=79.8224313245787
[2025-12-11T04:35:48.483Z] [Timeline] Checking operating hours for hotspot 676: visit window 14:29:00-15:29:00 on day 6
[2025-12-11T04:35:48.498Z] [Timeline] Hotspot 676 check window: 10:00:00-17:00:00, visit: 14:29:00-15:29:00
[2025-12-11T04:35:48.522Z] [Timeline] Hotspot 676 operating hours OK - entire visit 14:29:00-15:29:00 fits in 10:00:00-17:00:00
[2025-12-11T04:35:48.531Z] [Timeline] Hotspot 676 operating hours OK
[2025-12-11T04:35:48.558Z] [Timeline] Travel type for "Pondicherry Airport" -> "Pondicherry|Pondicherry Airport": 1 (1=local, 2=outstation)
[2025-12-11T04:35:48.647Z] [Timeline] Building hotspot row for hotspot_ID=676
[2025-12-11T04:35:48.680Z] [Timeline] Built hotspot row: item_type=4, hotspot_ID=676, order=13
[2025-12-11T04:35:48.723Z] [Timeline] Hotspot 277 - currentSeconds: 55740, routeEndSeconds: 72000
[2025-12-11T04:35:48.756Z] [Timeline] Processing hotspot 277 for route 490
[2025-12-11T04:35:48.790Z] [Timeline] Hotspot 277 coords: lat=11.916309213225349, lon=79.82433098120615
[2025-12-11T04:35:48.848Z] [Timeline] Checking operating hours for hotspot 277: visit window 15:33:00-18:33:00 on day 6
[2025-12-11T04:35:48.876Z] [Timeline] Hotspot 277 check window: 09:00:00-18:00:00, visit: 15:33:00-18:33:00
[2025-12-11T04:35:48.888Z] [Timeline] Hotspot 277 operating hours check FAILED - visit 15:33:00-18:33:00 doesn't fit in any window
[2025-12-11T04:35:48.918Z] [Timeline] Hotspot 277 not open during visit window 15:33:00-18:33:00 on day 6, skipping
[2025-12-11T04:35:48.965Z] [Timeline] Hotspot 679 - currentSeconds: 55740, routeEndSeconds: 72000
[2025-12-11T04:35:48.976Z] [Timeline] Processing hotspot 679 for route 490
[2025-12-11T04:35:49.004Z] [Timeline] Skipping hotspot 679 - already added to plan 5
[2025-12-11T04:35:49.014Z] [Timeline] Hotspot 669 - currentSeconds: 55740, routeEndSeconds: 72000
[2025-12-11T04:35:49.042Z] [Timeline] Processing hotspot 669 for route 490
[2025-12-11T04:35:49.072Z] [Timeline] Hotspot 669 coords: lat=11.882310987345338, lon=79.8244548517534
[2025-12-11T04:35:49.134Z] [Timeline] Checking operating hours for hotspot 669: visit window 15:41:00-16:41:00 on day 6
[2025-12-11T04:35:49.150Z] [Timeline] Hotspot 669 check window: 06:00:00-18:00:00, visit: 15:41:00-16:41:00
[2025-12-11T04:35:49.174Z] [Timeline] Hotspot 669 operating hours OK - entire visit 15:41:00-16:41:00 fits in 06:00:00-18:00:00
[2025-12-11T04:35:49.190Z] [Timeline] Hotspot 669 operating hours OK
[2025-12-11T04:35:49.214Z] [Timeline] Travel type for "Pondicherry|Pondicherry Airport" -> "Pondicherry|Pondicherry Airport": 1 (1=local, 2=outstation)
[2025-12-11T04:35:49.542Z] [Timeline] Building hotspot row for hotspot_ID=669
[2025-12-11T04:35:49.646Z] [Timeline] Built hotspot row: item_type=4, hotspot_ID=669, order=15
[2025-12-11T04:35:49.877Z] [Timeline] Returning 42 hotspot rows and 0 parking rows
[2025-12-11T04:35:49.921Z] [Timeline] Hotspot rows item_types: 1, 3, 4, 5, 6, 1, 3, 4, 3, 4, 3, 4, 3, 4, 3, 4, 3, 4, 3, 4, 3, 4, 5, 6, 1, 3, 4, 3, 4, 3, 4, 3, 4, 3, 4, 3, 4, 3, 4, 5, 6, 7
[2025-12-11T04:35:49.945Z] [Timeline] Hotspot rows hotspot_IDs: , 5, 5, 0, 0, , 4, 4, 21, 21, 19, 19, 17, 17, 24, 24, 677, 677, 678, 678, 679, 679, 0, 0, , 18, 18, 25, 25, 20, 20, 16, 16, 23, 23, 676, 676, 669, 669, 0, 0, 0
[2025-12-11T04:35:49.971Z] 
=== LOG FILE SAVED TO: D:\wamp64\www\dvi_fullstack\dvi_backend\tmp\hotspot_optimization_1765425284241.log ===

