[2025-12-10T06:13:54.012Z] === HOTSPOT OPTIMIZATION LOG ===
[2025-12-10T06:13:54.019Z] Started at: 2025-12-10T06:13:54.019Z

[2025-12-10T06:14:00.799Z] [Timeline] Route 373 (Chennai International Airport → Chennai): routeStartTime=11:00:00, routeEndTime=20:00:00, direct_to_next=0
[2025-12-10T06:14:00.803Z] [Timeline] Route 373 starting coords from location_id 165946: (12.9811068, 80.159623)
[2025-12-10T06:14:00.807Z] [Timeline] Route 373 - Added refreshment break: 11:00:00 - 12:00:00
[2025-12-10T06:14:00.809Z] [fetchSelectedHotspots] route 373 target="Chennai International Airport" next="Chennai" dow=2
[2025-12-10T06:14:00.886Z] [fetchSelectedHotspots] Found 583 total active hotspots
[2025-12-10T06:14:00.892Z] [fetchSelectedHotspots] direct_to_next_visiting_place=0
[2025-12-10T06:14:00.893Z] [fetchSelectedHotspots] source="Chennai International Airport", destination="Chennai"
[2025-12-10T06:14:00.897Z] [fetchSelectedHotspots] Starting coords from stored_locations: (12.9811068, 80.159623)
[2025-12-10T06:14:00.898Z] [fetchSelectedHotspots] Hotspot 4 "Kapaleeshwarar Temple" → SOURCE (matches "Chennai International Airport")
[2025-12-10T06:14:00.899Z] [fetchSelectedHotspots] Hotspot 4 "Kapaleeshwarar Temple" → DESTINATION (matches "Chennai")
[2025-12-10T06:14:00.900Z] [fetchSelectedHotspots] Hotspot 5 "Marina Beach" → SOURCE (matches "Chennai International Airport")
[2025-12-10T06:14:00.901Z] [fetchSelectedHotspots] Hotspot 5 "Marina Beach" → DESTINATION (matches "Chennai")
[2025-12-10T06:14:00.902Z] [fetchSelectedHotspots] Hotspot 6 "Fort St.George Museum" → SOURCE (matches "Chennai International Airport")
[2025-12-10T06:14:00.903Z] [fetchSelectedHotspots] Hotspot 7 "Government Museum Chennai" → SOURCE (matches "Chennai International Airport")
[2025-12-10T06:14:00.905Z] [fetchSelectedHotspots] Hotspot 8 "Santhome Cathedral Basilica" → SOURCE (matches "Chennai International Airport")
[2025-12-10T06:14:00.906Z] [fetchSelectedHotspots] Hotspot 9 "Thousand Lights Mosque" → SOURCE (matches "Chennai International Airport")
[2025-12-10T06:14:00.906Z] [fetchSelectedHotspots] Hotspot 10 "Guindy National Park" → SOURCE (matches "Chennai International Airport")
[2025-12-10T06:14:00.907Z] [fetchSelectedHotspots] Hotspot 11 "Parthasarathy Temple" → SOURCE (matches "Chennai International Airport")
[2025-12-10T06:14:00.908Z] [fetchSelectedHotspots] Hotspot 12 "Vivekanandar House" → SOURCE (matches "Chennai International Airport")
[2025-12-10T06:14:00.908Z] [fetchSelectedHotspots] Hotspot 13 "Arignar Anna Zoological Park" → SOURCE (matches "Chennai International Airport")
[2025-12-10T06:14:00.919Z] [fetchSelectedHotspots] Hotspot 290 "Vgp snow kingdom" → SOURCE (matches "Chennai International Airport")
[2025-12-10T06:14:00.920Z] [fetchSelectedHotspots] Hotspot 291 "Vgp marine kingdom" → SOURCE (matches "Chennai International Airport")
[2025-12-10T06:14:00.921Z] [fetchSelectedHotspots] Hotspot 292 "Guindy snake park" → SOURCE (matches "Chennai International Airport")
[2025-12-10T06:14:00.921Z] [fetchSelectedHotspots] Hotspot 293 "Queens land" → SOURCE (matches "Chennai International Airport")
[2025-12-10T06:14:00.922Z] [fetchSelectedHotspots] Hotspot 294 "light house marina" → SOURCE (matches "Chennai International Airport")
[2025-12-10T06:14:00.922Z] [fetchSelectedHotspots] Hotspot 296 "Anna tower park" → SOURCE (matches "Chennai International Airport")
[2025-12-10T06:14:00.923Z] [fetchSelectedHotspots] Hotspot 297 "B.M Birla planitourim." → SOURCE (matches "Chennai International Airport")
[2025-12-10T06:14:00.923Z] [fetchSelectedHotspots] Hotspot 298 "Click art museum" → SOURCE (matches "Chennai International Airport")
[2025-12-10T06:14:00.924Z] [fetchSelectedHotspots] Hotspot 299 "National art gallery" → SOURCE (matches "Chennai International Airport")
[2025-12-10T06:14:00.924Z] [fetchSelectedHotspots] Hotspot 300 "M G R  Memorial" → SOURCE (matches "Chennai International Airport")
[2025-12-10T06:14:00.925Z] [fetchSelectedHotspots] Hotspot 303 "Anna memorial." → SOURCE (matches "Chennai International Airport")
[2025-12-10T06:14:00.932Z] [fetchSelectedHotspots] Hotspot 544 "Shri Ashtalakshmi Temple" → SOURCE (matches "Chennai International Airport")
[2025-12-10T06:14:00.936Z] [fetchSelectedHotspots] Hotspot 544 "Shri Ashtalakshmi Temple" → DESTINATION (matches "Chennai")
[2025-12-10T06:14:00.940Z] [fetchSelectedHotspots] Categorized: source=22, destination=3, via=0
[2025-12-10T06:14:00.941Z] [fetchSelectedHotspots] AIRPORT ARRIVAL DETECTED: "Chennai International Airport" → "Chennai"
[2025-12-10T06:14:00.942Z] [fetchSelectedHotspots] direct_to_next_visiting_place=0 + AIRPORT ARRIVAL: Processing DESTINATION → VIA
[2025-12-10T06:14:00.945Z] [fetchSelectedHotspots] Matched 3 hotspots after PHP ordering
[2025-12-10T06:14:00.948Z] [fetchSelectedHotspots] First 5 hotspots (sorted): ID=4 "Kapaleeshwarar Temple" priority=1 distance=19.94km, ID=5 "Marina Beach" priority=2 distance=22.47km, ID=544 "Shri Ashtalakshmi Temple" priority=0 distance=18.11km
[2025-12-10T06:14:00.950Z] [fetchSelectedHotspots] Matched 3 hotspots for route 373
[2025-12-10T06:14:00.951Z] [Timeline] Route 373: Selected 3 hotspots
[2025-12-10T06:14:00.953Z] [Timeline] Route 373 - currentTime: 12:00:00, routeEndTime: 20:00:00, routeEndSeconds: 72000
[2025-12-10T06:14:00.954Z] [Timeline] Hotspot 4 - currentSeconds: 43200, routeEndSeconds: 72000
[2025-12-10T06:14:00.956Z] [Timeline] Processing hotspot 4 for route 373
[2025-12-10T06:14:00.960Z] [Timeline] Hotspot 4 coords: lat=13.033798514213936, lon=80.26977915213011
[2025-12-10T06:14:00.977Z] [Timeline] Checking operating hours for hotspot 4: visit window 12:30:00-19:00:00 on day 2
[2025-12-10T06:14:00.982Z] [Timeline] Hotspot 4 timing window: 05:30:00-12:00:00 (19800s-43200s), visit: 12:30:00-19:00:00 (45000s-68400s)
[2025-12-10T06:14:00.983Z] [Timeline] Hotspot 4 timing window: 16:00:00-20:00:00 (57600s-72000s), visit: 12:30:00-19:00:00 (45000s-68400s)
[2025-12-10T06:14:00.985Z] [Timeline] Hotspot 4 not open during visit window 12:30:00-19:00:00 on day 2, skipping
[2025-12-10T06:14:00.986Z] [Timeline] Hotspot 5 - currentSeconds: 43200, routeEndSeconds: 72000
[2025-12-10T06:14:00.987Z] [Timeline] Processing hotspot 5 for route 373
[2025-12-10T06:14:00.988Z] [Timeline] Hotspot 5 coords: lat=13.051080243192029, lon=80.27775926313883
[2025-12-10T06:14:01.001Z] [Timeline] Checking operating hours for hotspot 5: visit window 12:34:00-19:04:00 on day 2
[2025-12-10T06:14:01.005Z] [Timeline] Hotspot 5 operating hours OK
[2025-12-10T06:14:01.005Z] [Timeline] Travel type for "Chennai International Airport" -> "Chennai International Airport|Chennai Domestic Airport|Chennai Central|Chennai|Chennai Egmore Station|Chennai Koyembedu|ECR Beach, Chennai, Tamil Nadu": 1 (1=local, 2=outstation)
[2025-12-10T06:14:01.016Z] [Timeline] Building hotspot row for hotspot_ID=5
[2025-12-10T06:14:01.020Z] [Timeline] Built hotspot row: item_type=4, hotspot_ID=5, order=3
[2025-12-10T06:14:01.024Z] [Timeline] Hotspot 544 - currentSeconds: 48840, routeEndSeconds: 72000
[2025-12-10T06:14:01.025Z] [Timeline] Processing hotspot 544 for route 373
[2025-12-10T06:14:01.027Z] [Timeline] Hotspot 544 coords: lat=12.993461140291483, lon=80.27030436931474
[2025-12-10T06:14:01.037Z] [Timeline] Checking operating hours for hotspot 544: visit window 13:49:00-25:19:00 on day 2
[2025-12-10T06:14:01.041Z] [Timeline] Hotspot 544 timing window: 06:00:00-12:00:00 (21600s-43200s), visit: 13:49:00-25:19:00 (49740s-91140s)
[2025-12-10T06:14:01.041Z] [Timeline] Hotspot 544 timing window: 16:00:00-20:00:00 (57600s-72000s), visit: 13:49:00-25:19:00 (49740s-91140s)
[2025-12-10T06:14:01.042Z] [Timeline] Hotspot 544 not open during visit window 13:49:00-25:19:00 on day 2, skipping
[2025-12-10T06:14:01.052Z] [Timeline] Route 374 (Chennai → Pondicherry): routeStartTime=08:00:00, routeEndTime=20:00:00, direct_to_next=0
[2025-12-10T06:14:01.054Z] [Timeline] Route 374 starting coords from location_id 762: (13.0843007, 80.2704622)
[2025-12-10T06:14:01.058Z] [Timeline] Route 374 - Added refreshment break: 08:00:00 - 09:00:00
[2025-12-10T06:14:01.060Z] [fetchSelectedHotspots] route 374 target="Chennai" next="Pondicherry" dow=3
[2025-12-10T06:14:01.152Z] [fetchSelectedHotspots] Found 583 total active hotspots
[2025-12-10T06:14:01.156Z] [fetchSelectedHotspots] direct_to_next_visiting_place=0
[2025-12-10T06:14:01.158Z] [fetchSelectedHotspots] source="Chennai", destination="Pondicherry"
[2025-12-10T06:14:01.167Z] [fetchSelectedHotspots] Starting coords from stored_locations: (12.9811068, 80.159623)
[2025-12-10T06:14:01.168Z] [fetchSelectedHotspots] Hotspot 4 "Kapaleeshwarar Temple" → SOURCE (matches "Chennai")
[2025-12-10T06:14:01.168Z] [fetchSelectedHotspots] Hotspot 5 "Marina Beach" → SOURCE (matches "Chennai")
[2025-12-10T06:14:01.169Z] [fetchSelectedHotspots] Hotspot 17 "Sri Aurobindo Ashram" → DESTINATION (matches "Pondicherry")
[2025-12-10T06:14:01.170Z] [fetchSelectedHotspots] Hotspot 18 "Auroville" → DESTINATION (matches "Pondicherry")
[2025-12-10T06:14:01.170Z] [fetchSelectedHotspots] Hotspot 19 "Promenade Beach" → DESTINATION (matches "Pondicherry")
[2025-12-10T06:14:01.171Z] [fetchSelectedHotspots] Hotspot 20 "Chunnambar Boathouse" → DESTINATION (matches "Pondicherry")
[2025-12-10T06:14:01.171Z] [fetchSelectedHotspots] Hotspot 21 "The Basilica of the Sacred Heart of Jesus" → DESTINATION (matches "Pondicherry")
[2025-12-10T06:14:01.172Z] [fetchSelectedHotspots] Hotspot 24 "The Pondicherry Museum" → DESTINATION (matches "Pondicherry")
[2025-12-10T06:14:01.172Z] [fetchSelectedHotspots] Hotspot 25 "Manakula Vinayagar Temple" → DESTINATION (matches "Pondicherry")
[2025-12-10T06:14:01.175Z] [fetchSelectedHotspots] Hotspot 277 "Pondicherry Backwater" → DESTINATION (matches "Pondicherry")
[2025-12-10T06:14:01.177Z] [fetchSelectedHotspots] Hotspot 544 "Shri Ashtalakshmi Temple" → SOURCE (matches "Chennai")
[2025-12-10T06:14:01.180Z] [fetchSelectedHotspots] Hotspot 669 "Eden Beach - Blue flag Beach" → DESTINATION (matches "Pondicherry")
[2025-12-10T06:14:01.186Z] [fetchSelectedHotspots] Hotspot 676 "Botanical Garden" → DESTINATION (matches "Pondicherry")
[2025-12-10T06:14:01.187Z] [fetchSelectedHotspots] Hotspot 677 "Bharathi Park &amp; Aayi Mandapam" → DESTINATION (matches "Pondicherry")
[2025-12-10T06:14:01.187Z] [fetchSelectedHotspots] Hotspot 678 "French Colony" → DESTINATION (matches "Pondicherry")
[2025-12-10T06:14:01.188Z] [fetchSelectedHotspots] Hotspot 679 "Pondi Marina Beach" → DESTINATION (matches "Pondicherry")
[2025-12-10T06:14:01.189Z] [fetchSelectedHotspots] Categorized: source=3, destination=13, via=0
[2025-12-10T06:14:01.189Z] [fetchSelectedHotspots] direct_to_next_visiting_place=0: Processing SOURCE → DESTINATION → VIA
[2025-12-10T06:14:01.190Z] [fetchSelectedHotspots] Matched 16 hotspots after PHP ordering
[2025-12-10T06:14:01.190Z] [fetchSelectedHotspots] First 5 hotspots (sorted): ID=4 "Kapaleeshwarar Temple" priority=1 distance=19.94km, ID=5 "Marina Beach" priority=2 distance=22.47km, ID=544 "Shri Ashtalakshmi Temple" priority=0 distance=18.11km, ID=18 "Auroville" priority=1 distance=171.53km, ID=25 "Manakula Vinayagar Temple" priority=2 distance=182.13km
[2025-12-10T06:14:01.191Z] [fetchSelectedHotspots] Matched 16 hotspots for route 374
[2025-12-10T06:14:01.192Z] [Timeline] Route 374: Selected 16 hotspots
[2025-12-10T06:14:01.193Z] [Timeline] Route 374 - currentTime: 09:00:00, routeEndTime: 20:00:00, routeEndSeconds: 72000
[2025-12-10T06:14:01.193Z] [Timeline] Hotspot 4 - currentSeconds: 32400, routeEndSeconds: 72000
[2025-12-10T06:14:01.194Z] [Timeline] Processing hotspot 4 for route 374
[2025-12-10T06:14:01.201Z] [Timeline] Hotspot 4 coords: lat=13.033798514213936, lon=80.26977915213011
[2025-12-10T06:14:01.211Z] [Timeline] Checking operating hours for hotspot 4: visit window 09:13:00-15:43:00 on day 3
[2025-12-10T06:14:01.214Z] [Timeline] Hotspot 4 timing window: 05:30:00-12:00:00 (19800s-43200s), visit: 09:13:00-15:43:00 (33180s-56580s)
[2025-12-10T06:14:01.217Z] [Timeline] Hotspot 4 MATCH on day 3 (visit starts within operating hours)
[2025-12-10T06:14:01.218Z] [Timeline] Hotspot 4 operating hours OK
[2025-12-10T06:14:01.218Z] [Timeline] Travel type for "Chennai" -> "Chennai International Airport|Chennai Domestic Airport|Chennai Central|Chennai|Chennai Egmore Station|Chennai Koyembedu|ECR Beach, Chennai, Tamil Nadu": 1 (1=local, 2=outstation)
[2025-12-10T06:14:01.227Z] [Timeline] Building hotspot row for hotspot_ID=4
[2025-12-10T06:14:01.232Z] [Timeline] Built hotspot row: item_type=4, hotspot_ID=4, order=3
[2025-12-10T06:14:01.236Z] [Timeline] Hotspot 5 - currentSeconds: 36780, routeEndSeconds: 72000
[2025-12-10T06:14:01.237Z] [Timeline] Processing hotspot 5 for route 374
[2025-12-10T06:14:01.237Z] [Timeline] Skipping hotspot 5 - already added to plan 5
[2025-12-10T06:14:01.238Z] [Timeline] Hotspot 544 - currentSeconds: 36780, routeEndSeconds: 72000
[2025-12-10T06:14:01.239Z] [Timeline] Processing hotspot 544 for route 374
[2025-12-10T06:14:01.241Z] [Timeline] Hotspot 544 coords: lat=12.993461140291483, lon=80.27030436931474
[2025-12-10T06:14:01.254Z] [Timeline] Checking operating hours for hotspot 544: visit window 10:23:00-21:53:00 on day 3
[2025-12-10T06:14:01.257Z] [Timeline] Hotspot 544 timing window: 06:00:00-12:00:00 (21600s-43200s), visit: 10:23:00-21:53:00 (37380s-78780s)
[2025-12-10T06:14:01.257Z] [Timeline] Hotspot 544 MATCH on day 3 (visit starts within operating hours)
[2025-12-10T06:14:01.258Z] [Timeline] Hotspot 544 operating hours OK
[2025-12-10T06:14:01.258Z] [Timeline] Travel type for "Chennai International Airport|Chennai Domestic Airport|Chennai Central|Chennai|Chennai Egmore Station|Chennai Koyembedu|ECR Beach, Chennai, Tamil Nadu" -> "Chennai International Airport|Chennai Domestic Airport|Chennai Central|Chennai|Chennai Egmore Station|Chennai Koyembedu|ECR Beach, Chennai, Tamil Nadu": 1 (1=local, 2=outstation)
[2025-12-10T06:14:01.274Z] [Timeline] Building hotspot row for hotspot_ID=544
[2025-12-10T06:14:01.277Z] [Timeline] Built hotspot row: item_type=4, hotspot_ID=544, order=5
[2025-12-10T06:14:01.280Z] [Timeline] Hotspot 18 - currentSeconds: 40980, routeEndSeconds: 72000
[2025-12-10T06:14:01.281Z] [Timeline] Processing hotspot 18 for route 374
[2025-12-10T06:14:01.284Z] [Timeline] Hotspot 18 coords: lat=12.008342334177776, lon=79.81781931258232
[2025-12-10T06:14:01.293Z] [Timeline] Checking operating hours for hotspot 18: visit window 14:23:00-21:53:00 on day 3
[2025-12-10T06:14:01.297Z] [Timeline] Hotspot 18 timing window: 09:00:00-13:00:00 (32400s-46800s), visit: 14:23:00-21:53:00 (51780s-78780s)
[2025-12-10T06:14:01.298Z] [Timeline] Hotspot 18 timing window: 13:30:00-17:00:00 (48600s-61200s), visit: 14:23:00-21:53:00 (51780s-78780s)
[2025-12-10T06:14:01.299Z] [Timeline] Hotspot 18 MATCH on day 3 (visit starts within operating hours)
[2025-12-10T06:14:01.299Z] [Timeline] Hotspot 18 operating hours OK
[2025-12-10T06:14:01.300Z] [Timeline] Travel type for "Chennai International Airport|Chennai Domestic Airport|Chennai Central|Chennai|Chennai Egmore Station|Chennai Koyembedu|ECR Beach, Chennai, Tamil Nadu" -> "Pondicherry Airport|Pondicherry": 2 (1=local, 2=outstation)
[2025-12-10T06:14:01.311Z] [Timeline] Building hotspot row for hotspot_ID=18
[2025-12-10T06:14:01.314Z] [Timeline] Built hotspot row: item_type=4, hotspot_ID=18, order=7
[2025-12-10T06:14:01.318Z] [Timeline] Hotspot 25 - currentSeconds: 55380, routeEndSeconds: 72000
[2025-12-10T06:14:01.319Z] [Timeline] Processing hotspot 25 for route 374
[2025-12-10T06:14:01.320Z] [Timeline] Hotspot 25 coords: lat=11.936184966220257, lon=79.83484226674099
[2025-12-10T06:14:01.332Z] [Timeline] Checking operating hours for hotspot 25: visit window 15:42:00-21:42:00 on day 3
[2025-12-10T06:14:01.335Z] [Timeline] Hotspot 25 timing window: 05:45:00-12:30:00 (20700s-45000s), visit: 15:42:00-21:42:00 (56520s-78120s)
[2025-12-10T06:14:01.336Z] [Timeline] Hotspot 25 timing window: 16:00:00-20:00:00 (57600s-72000s), visit: 15:42:00-21:42:00 (56520s-78120s)
[2025-12-10T06:14:01.336Z] [Timeline] Hotspot 25 not open during visit window 15:42:00-21:42:00 on day 3, skipping
[2025-12-10T06:14:01.337Z] [Timeline] Hotspot 21 - currentSeconds: 55380, routeEndSeconds: 72000
[2025-12-10T06:14:01.337Z] [Timeline] Processing hotspot 21 for route 374
[2025-12-10T06:14:01.341Z] [Timeline] Hotspot 21 coords: lat=11.926178758041798, lon=79.82779781515121
[2025-12-10T06:14:01.352Z] [Timeline] Checking operating hours for hotspot 21: visit window 15:44:00-21:44:00 on day 3
[2025-12-10T06:14:01.355Z] [Timeline] Hotspot 21 timing window: 06:00:00-19:00:00 (21600s-68400s), visit: 15:44:00-21:44:00 (56640s-78240s)
[2025-12-10T06:14:01.355Z] [Timeline] Hotspot 21 MATCH on day 3 (visit starts within operating hours)
[2025-12-10T06:14:01.356Z] [Timeline] Hotspot 21 operating hours OK
[2025-12-10T06:14:01.357Z] [Timeline] Travel type for "Pondicherry Airport|Pondicherry" -> "Pondicherry Airport|Pondicherry": 1 (1=local, 2=outstation)
[2025-12-10T06:14:01.369Z] [Timeline] Building hotspot row for hotspot_ID=21
[2025-12-10T06:14:01.374Z] [Timeline] Built hotspot row: item_type=4, hotspot_ID=21, order=9
[2025-12-10T06:14:01.377Z] [Timeline] Hotspot 19 - currentSeconds: 60240, routeEndSeconds: 72000
[2025-12-10T06:14:01.377Z] [Timeline] Processing hotspot 19 for route 374
[2025-12-10T06:14:01.381Z] [Timeline] Hotspot 19 coords: lat=11.931203427435934, lon=79.83580349426904
[2025-12-10T06:14:01.395Z] [Timeline] Checking operating hours for hotspot 19: visit window 16:46:00-23:16:00 on day 3
[2025-12-10T06:14:01.401Z] [Timeline] Hotspot 19 timing window: 06:00:00-20:00:00 (21600s-72000s), visit: 16:46:00-23:16:00 (60360s-83760s)
[2025-12-10T06:14:01.406Z] [Timeline] Hotspot 19 MATCH on day 3 (visit starts within operating hours)
[2025-12-10T06:14:01.406Z] [Timeline] Hotspot 19 operating hours OK
[2025-12-10T06:14:01.407Z] [Timeline] Hotspot 19 would end at 23:16:00 (83760s) (exceeds route_end_time 20:00:00 (72000s) + buffer), skipping
[2025-12-10T06:14:01.417Z] [Timeline] Route 375 (Pondicherry → Pondicherry Airport): routeStartTime=08:00:00, routeEndTime=20:00:00, direct_to_next=0
[2025-12-10T06:14:01.422Z] [Timeline] Route 375 starting coords from location_id 5922: (11.9415915, 79.8083133)
[2025-12-10T06:14:01.425Z] [Timeline] Route 375 - Added refreshment break: 08:00:00 - 09:00:00
[2025-12-10T06:14:01.428Z] [fetchSelectedHotspots] route 375 target="Pondicherry" next="Pondicherry Airport" dow=4
[2025-12-10T06:14:01.521Z] [fetchSelectedHotspots] Found 583 total active hotspots
[2025-12-10T06:14:01.522Z] [fetchSelectedHotspots] direct_to_next_visiting_place=0
[2025-12-10T06:14:01.523Z] [fetchSelectedHotspots] source="Pondicherry", destination="Pondicherry Airport"
[2025-12-10T06:14:01.526Z] [fetchSelectedHotspots] Starting coords from stored_locations: (13.0827989, 80.2754246)
[2025-12-10T06:14:01.527Z] [fetchSelectedHotspots] Hotspot 16 "Paradise Beach" → DESTINATION (matches "Pondicherry Airport")
[2025-12-10T06:14:01.528Z] [fetchSelectedHotspots] Hotspot 17 "Sri Aurobindo Ashram" → SOURCE (matches "Pondicherry")
[2025-12-10T06:14:01.531Z] [fetchSelectedHotspots] Hotspot 17 "Sri Aurobindo Ashram" → DESTINATION (matches "Pondicherry Airport")
[2025-12-10T06:14:01.532Z] [fetchSelectedHotspots] Hotspot 18 "Auroville" → SOURCE (matches "Pondicherry")
[2025-12-10T06:14:01.532Z] [fetchSelectedHotspots] Hotspot 18 "Auroville" → DESTINATION (matches "Pondicherry Airport")
[2025-12-10T06:14:01.533Z] [fetchSelectedHotspots] Hotspot 19 "Promenade Beach" → SOURCE (matches "Pondicherry")
[2025-12-10T06:14:01.534Z] [fetchSelectedHotspots] Hotspot 19 "Promenade Beach" → DESTINATION (matches "Pondicherry Airport")
[2025-12-10T06:14:01.535Z] [fetchSelectedHotspots] Hotspot 20 "Chunnambar Boathouse" → SOURCE (matches "Pondicherry")
[2025-12-10T06:14:01.536Z] [fetchSelectedHotspots] Hotspot 20 "Chunnambar Boathouse" → DESTINATION (matches "Pondicherry Airport")
[2025-12-10T06:14:01.536Z] [fetchSelectedHotspots] Hotspot 21 "The Basilica of the Sacred Heart of Jesus" → SOURCE (matches "Pondicherry")
[2025-12-10T06:14:01.537Z] [fetchSelectedHotspots] Hotspot 21 "The Basilica of the Sacred Heart of Jesus" → DESTINATION (matches "Pondicherry Airport")
[2025-12-10T06:14:01.538Z] [fetchSelectedHotspots] Hotspot 23 "French War Memorial" → DESTINATION (matches "Pondicherry Airport")
[2025-12-10T06:14:01.538Z] [fetchSelectedHotspots] Hotspot 24 "The Pondicherry Museum" → SOURCE (matches "Pondicherry")
[2025-12-10T06:14:01.539Z] [fetchSelectedHotspots] Hotspot 24 "The Pondicherry Museum" → DESTINATION (matches "Pondicherry Airport")
[2025-12-10T06:14:01.539Z] [fetchSelectedHotspots] Hotspot 25 "Manakula Vinayagar Temple" → SOURCE (matches "Pondicherry")
[2025-12-10T06:14:01.540Z] [fetchSelectedHotspots] Hotspot 25 "Manakula Vinayagar Temple" → DESTINATION (matches "Pondicherry Airport")
[2025-12-10T06:14:01.543Z] [fetchSelectedHotspots] Hotspot 277 "Pondicherry Backwater" → SOURCE (matches "Pondicherry")
[2025-12-10T06:14:01.543Z] [fetchSelectedHotspots] Hotspot 277 "Pondicherry Backwater" → DESTINATION (matches "Pondicherry Airport")
[2025-12-10T06:14:01.551Z] [fetchSelectedHotspots] Hotspot 669 "Eden Beach - Blue flag Beach" → SOURCE (matches "Pondicherry")
[2025-12-10T06:14:01.551Z] [fetchSelectedHotspots] Hotspot 669 "Eden Beach - Blue flag Beach" → DESTINATION (matches "Pondicherry Airport")
[2025-12-10T06:14:01.552Z] [fetchSelectedHotspots] Hotspot 676 "Botanical Garden" → SOURCE (matches "Pondicherry")
[2025-12-10T06:14:01.553Z] [fetchSelectedHotspots] Hotspot 676 "Botanical Garden" → DESTINATION (matches "Pondicherry Airport")
[2025-12-10T06:14:01.553Z] [fetchSelectedHotspots] Hotspot 677 "Bharathi Park &amp; Aayi Mandapam" → SOURCE (matches "Pondicherry")
[2025-12-10T06:14:01.554Z] [fetchSelectedHotspots] Hotspot 677 "Bharathi Park &amp; Aayi Mandapam" → DESTINATION (matches "Pondicherry Airport")
[2025-12-10T06:14:01.554Z] [fetchSelectedHotspots] Hotspot 678 "French Colony" → SOURCE (matches "Pondicherry")
[2025-12-10T06:14:01.555Z] [fetchSelectedHotspots] Hotspot 678 "French Colony" → DESTINATION (matches "Pondicherry Airport")
[2025-12-10T06:14:01.555Z] [fetchSelectedHotspots] Hotspot 679 "Pondi Marina Beach" → SOURCE (matches "Pondicherry")
[2025-12-10T06:14:01.556Z] [fetchSelectedHotspots] Hotspot 679 "Pondi Marina Beach" → DESTINATION (matches "Pondicherry Airport")
[2025-12-10T06:14:01.556Z] [fetchSelectedHotspots] Categorized: source=13, destination=15, via=0
[2025-12-10T06:14:01.558Z] [fetchSelectedHotspots] direct_to_next_visiting_place=0: Processing SOURCE → DESTINATION → VIA
[2025-12-10T06:14:01.559Z] [fetchSelectedHotspots] Matched 28 hotspots after PHP ordering
[2025-12-10T06:14:01.559Z] [fetchSelectedHotspots] First 5 hotspots (sorted): ID=18 "Auroville" priority=1 distance=194.08km, ID=25 "Manakula Vinayagar Temple" priority=2 distance=204.26km, ID=21 "The Basilica of the Sacred Heart of Jesus" priority=4 distance=206.23km, ID=19 "Promenade Beach" priority=5 distance=204.98km, ID=20 "Chunnambar Boathouse" priority=5 distance=214.35km
[2025-12-10T06:14:01.560Z] [fetchSelectedHotspots] Matched 15 hotspots for route 375
[2025-12-10T06:14:01.566Z] [Timeline] Route 375: Selected 15 hotspots
[2025-12-10T06:14:01.567Z] [Timeline] Route 375 - currentTime: 09:00:00, routeEndTime: 20:00:00, routeEndSeconds: 72000
[2025-12-10T06:14:01.568Z] [Timeline] Hotspot 18 - currentSeconds: 32400, routeEndSeconds: 72000
[2025-12-10T06:14:01.569Z] [Timeline] Processing hotspot 18 for route 375
[2025-12-10T06:14:01.569Z] [Timeline] Skipping hotspot 18 - already added to plan 5
[2025-12-10T06:14:01.570Z] [Timeline] Hotspot 25 - currentSeconds: 32400, routeEndSeconds: 72000
[2025-12-10T06:14:01.570Z] [Timeline] Processing hotspot 25 for route 375
[2025-12-10T06:14:01.572Z] [Timeline] Hotspot 25 coords: lat=11.936184966220257, lon=79.83484226674099
[2025-12-10T06:14:01.586Z] [Timeline] Checking operating hours for hotspot 25: visit window 09:07:00-15:07:00 on day 4
[2025-12-10T06:14:01.588Z] [Timeline] Hotspot 25 timing window: 05:45:00-12:30:00 (20700s-45000s), visit: 09:07:00-15:07:00 (32820s-54420s)
[2025-12-10T06:14:01.589Z] [Timeline] Hotspot 25 MATCH on day 4 (visit starts within operating hours)
[2025-12-10T06:14:01.589Z] [Timeline] Hotspot 25 operating hours OK
[2025-12-10T06:14:01.590Z] [Timeline] Travel type for "Pondicherry" -> "Pondicherry Airport|Pondicherry": 1 (1=local, 2=outstation)
[2025-12-10T06:14:01.601Z] [Timeline] Building hotspot row for hotspot_ID=25
[2025-12-10T06:14:01.604Z] [Timeline] Built hotspot row: item_type=4, hotspot_ID=25, order=3
[2025-12-10T06:14:01.608Z] [Timeline] Hotspot 21 - currentSeconds: 36420, routeEndSeconds: 72000
[2025-12-10T06:14:01.608Z] [Timeline] Processing hotspot 21 for route 375
[2025-12-10T06:14:01.609Z] [Timeline] Skipping hotspot 21 - already added to plan 5
[2025-12-10T06:14:01.609Z] [Timeline] Hotspot 19 - currentSeconds: 36420, routeEndSeconds: 72000
[2025-12-10T06:14:01.609Z] [Timeline] Processing hotspot 19 for route 375
[2025-12-10T06:14:01.611Z] [Timeline] Hotspot 19 coords: lat=11.931203427435934, lon=79.83580349426904
[2025-12-10T06:14:01.622Z] [Timeline] Checking operating hours for hotspot 19: visit window 10:08:00-16:38:00 on day 4
[2025-12-10T06:14:01.626Z] [Timeline] Hotspot 19 timing window: 06:00:00-20:00:00 (21600s-72000s), visit: 10:08:00-16:38:00 (36480s-59880s)
[2025-12-10T06:14:01.627Z] [Timeline] Hotspot 19 MATCH on day 4 (visit starts within operating hours)
[2025-12-10T06:14:01.628Z] [Timeline] Hotspot 19 operating hours OK
[2025-12-10T06:14:01.628Z] [Timeline] Travel type for "Pondicherry Airport|Pondicherry" -> "Pondicherry Airport|Pondicherry": 1 (1=local, 2=outstation)
[2025-12-10T06:14:01.639Z] [Timeline] Building hotspot row for hotspot_ID=19
[2025-12-10T06:14:01.642Z] [Timeline] Built hotspot row: item_type=4, hotspot_ID=19, order=5
[2025-12-10T06:14:01.644Z] [Timeline] Hotspot 20 - currentSeconds: 40080, routeEndSeconds: 72000
[2025-12-10T06:14:01.645Z] [Timeline] Processing hotspot 20 for route 375
[2025-12-10T06:14:01.648Z] [Timeline] Hotspot 20 coords: lat=11.883875481616602, lon=79.80141705562612
[2025-12-10T06:14:01.660Z] [Timeline] Checking operating hours for hotspot 20: visit window 11:23:00-17:53:00 on day 4
[2025-12-10T06:14:01.664Z] [Timeline] Hotspot 20 timing window: 09:30:00-16:00:00 (34200s-57600s), visit: 11:23:00-17:53:00 (40980s-64380s)
[2025-12-10T06:14:01.664Z] [Timeline] Hotspot 20 MATCH on day 4 (visit starts within operating hours)
[2025-12-10T06:14:01.665Z] [Timeline] Hotspot 20 operating hours OK
[2025-12-10T06:14:01.666Z] [Timeline] Travel type for "Pondicherry Airport|Pondicherry" -> "Pondicherry Airport|Pondicherry": 1 (1=local, 2=outstation)
[2025-12-10T06:14:01.676Z] [Timeline] Building hotspot row for hotspot_ID=20
[2025-12-10T06:14:01.678Z] [Timeline] Built hotspot row: item_type=4, hotspot_ID=20, order=7
[2025-12-10T06:14:01.681Z] [Timeline] Hotspot 17 - currentSeconds: 44580, routeEndSeconds: 72000
[2025-12-10T06:14:01.682Z] [Timeline] Processing hotspot 17 for route 375
[2025-12-10T06:14:01.685Z] [Timeline] Hotspot 17 coords: lat=11.936929030828965, lon=79.83477998559515
[2025-12-10T06:14:01.699Z] [Timeline] Checking operating hours for hotspot 17: visit window 12:39:00-19:09:00 on day 4
[2025-12-10T06:14:01.702Z] [Timeline] Hotspot 17 timing window: 10:30:00-19:00:00 (37800s-68400s), visit: 12:39:00-19:09:00 (45540s-68940s)
[2025-12-10T06:14:01.703Z] [Timeline] Hotspot 17 MATCH on day 4 (visit starts within operating hours)
[2025-12-10T06:14:01.704Z] [Timeline] Hotspot 17 operating hours OK
[2025-12-10T06:14:01.704Z] [Timeline] Travel type for "Pondicherry Airport|Pondicherry" -> "Pondicherry Airport|Pondicherry": 1 (1=local, 2=outstation)
[2025-12-10T06:14:01.714Z] [Timeline] Building hotspot row for hotspot_ID=17
[2025-12-10T06:14:01.717Z] [Timeline] Built hotspot row: item_type=4, hotspot_ID=17, order=9
[2025-12-10T06:14:01.723Z] [Timeline] Hotspot 24 - currentSeconds: 49140, routeEndSeconds: 72000
[2025-12-10T06:14:01.723Z] [Timeline] Processing hotspot 24 for route 375
[2025-12-10T06:14:01.725Z] [Timeline] Hotspot 24 coords: lat=11.934656339062595, lon=79.83484999477534
[2025-12-10T06:14:01.737Z] [Timeline] Checking operating hours for hotspot 24: visit window 13:40:00-19:40:00 on day 4
[2025-12-10T06:14:01.739Z] [Timeline] Hotspot 24 timing window: 09:00:00-18:00:00 (32400s-64800s), visit: 13:40:00-19:40:00 (49200s-70800s)
[2025-12-10T06:14:01.740Z] [Timeline] Hotspot 24 MATCH on day 4 (visit starts within operating hours)
[2025-12-10T06:14:01.740Z] [Timeline] Hotspot 24 operating hours OK
[2025-12-10T06:14:01.741Z] [Timeline] Travel type for "Pondicherry Airport|Pondicherry" -> "Pondicherry Airport|Pondicherry": 1 (1=local, 2=outstation)
[2025-12-10T06:14:01.753Z] [Timeline] Building hotspot row for hotspot_ID=24
[2025-12-10T06:14:01.755Z] [Timeline] Built hotspot row: item_type=4, hotspot_ID=24, order=11
[2025-12-10T06:14:01.758Z] [Timeline] Hotspot 677 - currentSeconds: 52800, routeEndSeconds: 72000
[2025-12-10T06:14:01.758Z] [Timeline] Processing hotspot 677 for route 375
[2025-12-10T06:14:01.760Z] [Timeline] Hotspot 677 coords: lat=11.933029585291068, lon=79.83418306595088
[2025-12-10T06:14:01.772Z] [Timeline] Checking operating hours for hotspot 677: visit window 14:40:00-20:55:00 on day 4
[2025-12-10T06:14:01.774Z] [Timeline] Hotspot 677 timing window: 06:00:00-19:00:00 (21600s-68400s), visit: 14:40:00-20:55:00 (52800s-75300s)
[2025-12-10T06:14:01.774Z] [Timeline] Hotspot 677 MATCH on day 4 (visit starts within operating hours)
[2025-12-10T06:14:01.775Z] [Timeline] Hotspot 677 operating hours OK
[2025-12-10T06:14:01.775Z] [Timeline] Travel type for "Pondicherry Airport|Pondicherry" -> "Pondicherry|Pondicherry Airport": 1 (1=local, 2=outstation)
[2025-12-10T06:14:01.788Z] [Timeline] Building hotspot row for hotspot_ID=677
[2025-12-10T06:14:01.791Z] [Timeline] Built hotspot row: item_type=4, hotspot_ID=677, order=13
[2025-12-10T06:14:01.793Z] [Timeline] Hotspot 678 - currentSeconds: 56400, routeEndSeconds: 72000
[2025-12-10T06:14:01.794Z] [Timeline] Processing hotspot 678 for route 375
[2025-12-10T06:14:01.795Z] [Timeline] Hotspot 678 coords: lat=11.928492248303817, lon=79.83303242117643
[2025-12-10T06:14:01.808Z] [Timeline] Checking operating hours for hotspot 678: visit window 15:41:00-22:11:00 on day 4
[2025-12-10T06:14:01.810Z] [Timeline] Hotspot 678 operating hours OK
[2025-12-10T06:14:01.811Z] [Timeline] Travel type for "Pondicherry|Pondicherry Airport" -> "Pondicherry|Pondicherry Airport": 1 (1=local, 2=outstation)
[2025-12-10T06:14:01.826Z] [Timeline] Building hotspot row for hotspot_ID=678
[2025-12-10T06:14:01.830Z] [Timeline] Built hotspot row: item_type=4, hotspot_ID=678, order=15
[2025-12-10T06:14:01.834Z] [Timeline] Hotspot 676 - currentSeconds: 60060, routeEndSeconds: 72000
[2025-12-10T06:14:01.835Z] [Timeline] Processing hotspot 676 for route 375
[2025-12-10T06:14:01.837Z] [Timeline] Hotspot 676 coords: lat=11.930177048465467, lon=79.8224313245787
[2025-12-10T06:14:01.847Z] [Timeline] Checking operating hours for hotspot 676: visit window 16:44:00-23:14:00 on day 4
[2025-12-10T06:14:01.850Z] [Timeline] Hotspot 676 timing window: 10:00:00-17:00:00 (36000s-61200s), visit: 16:44:00-23:14:00 (60240s-83640s)
[2025-12-10T06:14:01.851Z] [Timeline] Hotspot 676 MATCH on day 4 (visit starts within operating hours)
[2025-12-10T06:14:01.852Z] [Timeline] Hotspot 676 operating hours OK
[2025-12-10T06:14:01.852Z] [Timeline] Hotspot 676 would end at 23:14:00 (83640s) (exceeds route_end_time 20:00:00 (72000s) + buffer), skipping
[2025-12-10T06:14:01.869Z] [Timeline] Returning 34 hotspot rows and 0 parking rows
[2025-12-10T06:14:01.870Z] [Timeline] Hotspot rows item_types: 1, 3, 4, 5, 6, 1, 3, 4, 3, 4, 3, 4, 3, 4, 5, 6, 1, 3, 4, 3, 4, 3, 4, 3, 4, 3, 4, 3, 4, 3, 4, 5, 6, 7
[2025-12-10T06:14:01.870Z] [Timeline] Hotspot rows hotspot_IDs: , 5, 5, 0, 0, , 4, 4, 544, 544, 18, 18, 21, 21, 0, 0, , 25, 25, 19, 19, 20, 20, 17, 17, 24, 24, 677, 677, 678, 678, 0, 0, 0
[2025-12-10T06:14:01.871Z] 
=== LOG FILE SAVED TO: D:\wamp64\www\dvi_fullstack\dvi_backend\tmp\hotspot_optimization_1765347234012.log ===

