[2025-12-10T23:46:34.255Z] === HOTSPOT OPTIMIZATION LOG ===
[2025-12-10T23:46:34.288Z] Started at: 2025-12-10T23:46:34.288Z

[2025-12-10T23:47:20.447Z] [Timeline] Route 418 (Chennai International Airport → Chennai): routeStartTime=11:00:00, routeEndTime=20:00:00, direct_to_next=0
[2025-12-10T23:47:20.482Z] [Timeline] Route 418 starting coords from location_id 165946: (12.9811068, 80.159623)
[2025-12-10T23:47:20.520Z] [Timeline] Route 418 - Added refreshment break: 11:00:00 - 12:00:00
[2025-12-10T23:47:20.562Z] [fetchSelectedHotspots] route 418 target="Chennai International Airport" next="Chennai" dow=2
[2025-12-10T23:47:20.705Z] [fetchSelectedHotspots] Found 583 total active hotspots
[2025-12-10T23:47:20.721Z] [fetchSelectedHotspots] direct_to_next_visiting_place=0
[2025-12-10T23:47:20.747Z] [fetchSelectedHotspots] source="Chennai International Airport", destination="Chennai"
[2025-12-10T23:47:20.821Z] [fetchSelectedHotspots] Starting coords from stored_locations: (12.9811068, 80.159623)
[2025-12-10T23:47:20.855Z] [fetchSelectedHotspots] Hotspot 4 "Kapaleeshwarar Temple" → SOURCE (matches "Chennai International Airport")
[2025-12-10T23:47:20.866Z] [fetchSelectedHotspots] Hotspot 4 "Kapaleeshwarar Temple" → DESTINATION (matches "Chennai")
[2025-12-10T23:47:20.870Z] [fetchSelectedHotspots] Hotspot 5 "Marina Beach" → SOURCE (matches "Chennai International Airport")
[2025-12-10T23:47:20.900Z] [fetchSelectedHotspots] Hotspot 5 "Marina Beach" → DESTINATION (matches "Chennai")
[2025-12-10T23:47:20.937Z] [fetchSelectedHotspots] Hotspot 6 "Fort St.George Museum" → SOURCE (matches "Chennai International Airport")
[2025-12-10T23:47:20.978Z] [fetchSelectedHotspots] Hotspot 7 "Government Museum Chennai" → SOURCE (matches "Chennai International Airport")
[2025-12-10T23:47:20.981Z] [fetchSelectedHotspots] Hotspot 8 "Santhome Cathedral Basilica" → SOURCE (matches "Chennai International Airport")
[2025-12-10T23:47:21.020Z] [fetchSelectedHotspots] Hotspot 9 "Thousand Lights Mosque" → SOURCE (matches "Chennai International Airport")
[2025-12-10T23:47:21.055Z] [fetchSelectedHotspots] Hotspot 10 "Guindy National Park" → SOURCE (matches "Chennai International Airport")
[2025-12-10T23:47:21.087Z] [fetchSelectedHotspots] Hotspot 11 "Parthasarathy Temple" → SOURCE (matches "Chennai International Airport")
[2025-12-10T23:47:21.116Z] [fetchSelectedHotspots] Hotspot 12 "Vivekanandar House" → SOURCE (matches "Chennai International Airport")
[2025-12-10T23:47:21.128Z] [fetchSelectedHotspots] Hotspot 13 "Arignar Anna Zoological Park" → SOURCE (matches "Chennai International Airport")
[2025-12-10T23:47:21.177Z] [fetchSelectedHotspots] Hotspot 290 "Vgp snow kingdom" → SOURCE (matches "Chennai International Airport")
[2025-12-10T23:47:21.181Z] [fetchSelectedHotspots] Hotspot 291 "Vgp marine kingdom" → SOURCE (matches "Chennai International Airport")
[2025-12-10T23:47:21.203Z] [fetchSelectedHotspots] Hotspot 292 "Guindy snake park" → SOURCE (matches "Chennai International Airport")
[2025-12-10T23:47:21.210Z] [fetchSelectedHotspots] Hotspot 293 "Queens land" → SOURCE (matches "Chennai International Airport")
[2025-12-10T23:47:21.227Z] [fetchSelectedHotspots] Hotspot 294 "light house marina" → SOURCE (matches "Chennai International Airport")
[2025-12-10T23:47:21.263Z] [fetchSelectedHotspots] Hotspot 296 "Anna tower park" → SOURCE (matches "Chennai International Airport")
[2025-12-10T23:47:21.289Z] [fetchSelectedHotspots] Hotspot 297 "B.M Birla planitourim." → SOURCE (matches "Chennai International Airport")
[2025-12-10T23:47:21.306Z] [fetchSelectedHotspots] Hotspot 298 "Click art museum" → SOURCE (matches "Chennai International Airport")
[2025-12-10T23:47:21.322Z] [fetchSelectedHotspots] Hotspot 299 "National art gallery" → SOURCE (matches "Chennai International Airport")
[2025-12-10T23:47:21.343Z] [fetchSelectedHotspots] Hotspot 300 "M G R  Memorial" → SOURCE (matches "Chennai International Airport")
[2025-12-10T23:47:21.366Z] [fetchSelectedHotspots] Hotspot 303 "Anna memorial." → SOURCE (matches "Chennai International Airport")
[2025-12-10T23:47:21.386Z] [fetchSelectedHotspots] Hotspot 544 "Shri Ashtalakshmi Temple" → SOURCE (matches "Chennai International Airport")
[2025-12-10T23:47:21.393Z] [fetchSelectedHotspots] Hotspot 544 "Shri Ashtalakshmi Temple" → DESTINATION (matches "Chennai")
[2025-12-10T23:47:21.419Z] [fetchSelectedHotspots] Filtered 14 priority-0 SOURCE hotspots (22 → 8)
[2025-12-10T23:47:21.465Z] [fetchSelectedHotspots] Categorized: source=8, destination=3, via=0
[2025-12-10T23:47:21.506Z] [fetchSelectedHotspots] AIRPORT ARRIVAL DETECTED: "Chennai International Airport" → "Chennai"
[2025-12-10T23:47:21.515Z] [fetchSelectedHotspots] direct_to_next_visiting_place=0 + AIRPORT ARRIVAL: Processing DESTINATION → VIA
[2025-12-10T23:47:21.551Z] [fetchSelectedHotspots] Matched 3 hotspots after PHP ordering
[2025-12-10T23:47:21.556Z] [fetchSelectedHotspots] First 5 hotspots (sorted): ID=4 "Kapaleeshwarar Temple" priority=1 distance=19.94km, ID=5 "Marina Beach" priority=2 distance=22.47km, ID=544 "Shri Ashtalakshmi Temple" priority=0 distance=18.11km
[2025-12-10T23:47:21.586Z] [fetchSelectedHotspots] Matched 3 hotspots for route 418
[2025-12-10T23:47:21.611Z] [Timeline] Route 418: Selected 3 hotspots
[2025-12-10T23:47:21.631Z] [Timeline] Route 418 - currentTime: 12:00:00, routeEndTime: 20:00:00, routeEndSeconds: 72000
[2025-12-10T23:47:21.650Z] [Timeline] Hotspot 4 - currentSeconds: 43200, routeEndSeconds: 72000
[2025-12-10T23:47:21.667Z] [Timeline] Processing hotspot 4 for route 418
[2025-12-10T23:47:21.698Z] [Timeline] Hotspot 4 coords: lat=13.033798514213936, lon=80.26977915213011
[2025-12-10T23:47:21.849Z] [Timeline] Checking operating hours for hotspot 4: visit window 12:30:00-19:00:00 on day 2
[2025-12-10T23:47:21.890Z] [Timeline] Hotspot 4 timing window: 05:30:00-12:00:00 (19800s-43200s), visit: 12:30:00-19:00:00 (45000s-68400s)
[2025-12-10T23:47:21.918Z] [Timeline] Hotspot 4 timing window: 16:00:00-20:00:00 (57600s-72000s), visit: 12:30:00-19:00:00 (45000s-68400s)
[2025-12-10T23:47:21.933Z] [Timeline] Hotspot 4 not open during visit window 12:30:00-19:00:00 on day 2, skipping
[2025-12-10T23:47:21.970Z] [Timeline] Hotspot 5 - currentSeconds: 43200, routeEndSeconds: 72000
[2025-12-10T23:47:22.004Z] [Timeline] Processing hotspot 5 for route 418
[2025-12-10T23:47:22.041Z] [Timeline] Hotspot 5 coords: lat=13.051080243192029, lon=80.27775926313883
[2025-12-10T23:47:22.136Z] [Timeline] Checking operating hours for hotspot 5: visit window 12:34:00-19:04:00 on day 2
[2025-12-10T23:47:22.167Z] [Timeline] Hotspot 5 operating hours OK
[2025-12-10T23:47:22.197Z] [Timeline] Travel type for "Chennai International Airport" -> "Chennai International Airport|Chennai Domestic Airport|Chennai Central|Chennai|Chennai Egmore Station|Chennai Koyembedu|ECR Beach, Chennai, Tamil Nadu": 1 (1=local, 2=outstation)
[2025-12-10T23:47:22.255Z] [Timeline] Building hotspot row for hotspot_ID=5
[2025-12-10T23:47:22.280Z] [Timeline] Built hotspot row: item_type=4, hotspot_ID=5, order=3
[2025-12-10T23:47:22.299Z] [Timeline] Hotspot 544 - currentSeconds: 48840, routeEndSeconds: 72000
[2025-12-10T23:47:22.320Z] [Timeline] Processing hotspot 544 for route 418
[2025-12-10T23:47:22.332Z] [Timeline] Hotspot 544 coords: lat=12.993461140291483, lon=80.27030436931474
[2025-12-10T23:47:22.408Z] [Timeline] Checking operating hours for hotspot 544: visit window 13:49:00-25:19:00 on day 2
[2025-12-10T23:47:22.452Z] [Timeline] Hotspot 544 timing window: 06:00:00-12:00:00 (21600s-43200s), visit: 13:49:00-25:19:00 (49740s-91140s)
[2025-12-10T23:47:22.482Z] [Timeline] Hotspot 544 timing window: 16:00:00-20:00:00 (57600s-72000s), visit: 13:49:00-25:19:00 (49740s-91140s)
[2025-12-10T23:47:22.487Z] [Timeline] Hotspot 544 not open during visit window 13:49:00-25:19:00 on day 2, skipping
[2025-12-10T23:47:22.543Z] [Timeline] Route 419 (Chennai → Pondicherry): routeStartTime=08:00:00, routeEndTime=20:00:00, direct_to_next=0
[2025-12-10T23:47:22.584Z] [Timeline] Route 419 starting coords from location_id 762: (13.0843007, 80.2704622)
[2025-12-10T23:47:22.612Z] [Timeline] Route 419 - Added refreshment break: 08:00:00 - 09:00:00
[2025-12-10T23:47:22.646Z] [fetchSelectedHotspots] route 419 target="Chennai" next="Pondicherry" dow=3
[2025-12-10T23:47:22.771Z] [fetchSelectedHotspots] Found 583 total active hotspots
[2025-12-10T23:47:22.811Z] [fetchSelectedHotspots] direct_to_next_visiting_place=0
[2025-12-10T23:47:22.850Z] [fetchSelectedHotspots] source="Chennai", destination="Pondicherry"
[2025-12-10T23:47:22.919Z] [fetchSelectedHotspots] Starting coords from stored_locations: (12.9811068, 80.159623)
[2025-12-10T23:47:22.931Z] [fetchSelectedHotspots] Hotspot 4 "Kapaleeshwarar Temple" → SOURCE (matches "Chennai")
[2025-12-10T23:47:22.962Z] [fetchSelectedHotspots] Hotspot 5 "Marina Beach" → SOURCE (matches "Chennai")
[2025-12-10T23:47:23.000Z] [fetchSelectedHotspots] Hotspot 17 "Sri Aurobindo Ashram" → DESTINATION (matches "Pondicherry")
[2025-12-10T23:47:23.014Z] [fetchSelectedHotspots] Hotspot 18 "Auroville" → DESTINATION (matches "Pondicherry")
[2025-12-10T23:47:23.048Z] [fetchSelectedHotspots] Hotspot 19 "Promenade Beach" → DESTINATION (matches "Pondicherry")
[2025-12-10T23:47:23.062Z] [fetchSelectedHotspots] Hotspot 20 "Chunnambar Boathouse" → DESTINATION (matches "Pondicherry")
[2025-12-10T23:47:23.086Z] [fetchSelectedHotspots] Hotspot 21 "The Basilica of the Sacred Heart of Jesus" → DESTINATION (matches "Pondicherry")
[2025-12-10T23:47:23.108Z] [fetchSelectedHotspots] Hotspot 24 "The Pondicherry Museum" → DESTINATION (matches "Pondicherry")
[2025-12-10T23:47:23.131Z] [fetchSelectedHotspots] Hotspot 25 "Manakula Vinayagar Temple" → DESTINATION (matches "Pondicherry")
[2025-12-10T23:47:23.167Z] [fetchSelectedHotspots] Hotspot 277 "Pondicherry Backwater" → DESTINATION (matches "Pondicherry")
[2025-12-10T23:47:23.197Z] [fetchSelectedHotspots] Hotspot 544 "Shri Ashtalakshmi Temple" → SOURCE (matches "Chennai")
[2025-12-10T23:47:23.219Z] [fetchSelectedHotspots] Hotspot 669 "Eden Beach - Blue flag Beach" → DESTINATION (matches "Pondicherry")
[2025-12-10T23:47:23.246Z] [fetchSelectedHotspots] Hotspot 676 "Botanical Garden" → DESTINATION (matches "Pondicherry")
[2025-12-10T23:47:23.271Z] [fetchSelectedHotspots] Hotspot 677 "Bharathi Park &amp; Aayi Mandapam" → DESTINATION (matches "Pondicherry")
[2025-12-10T23:47:23.284Z] [fetchSelectedHotspots] Hotspot 678 "French Colony" → DESTINATION (matches "Pondicherry")
[2025-12-10T23:47:23.319Z] [fetchSelectedHotspots] Hotspot 679 "Pondi Marina Beach" → DESTINATION (matches "Pondicherry")
[2025-12-10T23:47:23.349Z] [fetchSelectedHotspots] Filtered 1 priority-0 SOURCE hotspots (3 → 2)
[2025-12-10T23:47:23.363Z] [fetchSelectedHotspots] Categorized: source=2, destination=13, via=0
[2025-12-10T23:47:23.392Z] [fetchSelectedHotspots] direct_to_next_visiting_place=0: Processing SOURCE → DESTINATION → VIA
[2025-12-10T23:47:23.426Z] [fetchSelectedHotspots] Matched 15 hotspots after PHP ordering
[2025-12-10T23:47:23.444Z] [fetchSelectedHotspots] First 5 hotspots (sorted): ID=4 "Kapaleeshwarar Temple" priority=1 distance=19.94km, ID=5 "Marina Beach" priority=2 distance=22.47km, ID=18 "Auroville" priority=1 distance=171.53km, ID=25 "Manakula Vinayagar Temple" priority=2 distance=182.13km, ID=21 "The Basilica of the Sacred Heart of Jesus" priority=4 distance=184.07km
[2025-12-10T23:47:23.465Z] [fetchSelectedHotspots] Matched 15 hotspots for route 419
[2025-12-10T23:47:23.472Z] [Timeline] Route 419: Selected 15 hotspots
[2025-12-10T23:47:23.504Z] [Timeline] Route 419 - currentTime: 09:00:00, routeEndTime: 20:00:00, routeEndSeconds: 72000
[2025-12-10T23:47:23.522Z] [Timeline] Hotspot 4 - currentSeconds: 32400, routeEndSeconds: 72000
[2025-12-10T23:47:23.547Z] [Timeline] Processing hotspot 4 for route 419
[2025-12-10T23:47:23.601Z] [Timeline] Hotspot 4 coords: lat=13.033798514213936, lon=80.26977915213011
[2025-12-10T23:47:23.713Z] [Timeline] Checking operating hours for hotspot 4: visit window 09:13:00-15:43:00 on day 3
[2025-12-10T23:47:23.728Z] [Timeline] Hotspot 4 timing window: 05:30:00-12:00:00 (19800s-43200s), visit: 09:13:00-15:43:00 (33180s-56580s)
[2025-12-10T23:47:23.769Z] [Timeline] Hotspot 4 MATCH on day 3 (visit starts within operating hours)
[2025-12-10T23:47:23.837Z] [Timeline] Hotspot 4 operating hours OK
[2025-12-10T23:47:23.850Z] [Timeline] Travel type for "Chennai" -> "Chennai International Airport|Chennai Domestic Airport|Chennai Central|Chennai|Chennai Egmore Station|Chennai Koyembedu|ECR Beach, Chennai, Tamil Nadu": 1 (1=local, 2=outstation)
[2025-12-10T23:47:23.978Z] [Timeline] Building hotspot row for hotspot_ID=4
[2025-12-10T23:47:24.025Z] [Timeline] Built hotspot row: item_type=4, hotspot_ID=4, order=3
[2025-12-10T23:47:24.067Z] [Timeline] Hotspot 5 - currentSeconds: 36780, routeEndSeconds: 72000
[2025-12-10T23:47:24.096Z] [Timeline] Processing hotspot 5 for route 419
[2025-12-10T23:47:24.109Z] [Timeline] Skipping hotspot 5 - already added to plan 5
[2025-12-10T23:47:24.131Z] [Timeline] Hotspot 18 - currentSeconds: 36780, routeEndSeconds: 72000
[2025-12-10T23:47:24.160Z] [Timeline] Processing hotspot 18 for route 419
[2025-12-10T23:47:24.186Z] [Timeline] Hotspot 18 coords: lat=12.008342334177776, lon=79.81781931258232
[2025-12-10T23:47:24.300Z] [Timeline] Checking operating hours for hotspot 18: visit window 13:19:00-20:49:00 on day 3
[2025-12-10T23:47:24.333Z] [Timeline] Hotspot 18 timing window: 09:00:00-13:00:00 (32400s-46800s), visit: 13:19:00-20:49:00 (47940s-74940s)
[2025-12-10T23:47:24.350Z] [Timeline] Hotspot 18 timing window: 13:30:00-17:00:00 (48600s-61200s), visit: 13:19:00-20:49:00 (47940s-74940s)
[2025-12-10T23:47:24.372Z] [Timeline] Hotspot 18 not open during visit window 13:19:00-20:49:00 on day 3, skipping
[2025-12-10T23:47:24.394Z] [Timeline] Hotspot 25 - currentSeconds: 36780, routeEndSeconds: 72000
[2025-12-10T23:47:24.411Z] [Timeline] Processing hotspot 25 for route 419
[2025-12-10T23:47:24.483Z] [Timeline] Hotspot 25 coords: lat=11.936184966220257, lon=79.83484226674099
[2025-12-10T23:47:24.558Z] [Timeline] Checking operating hours for hotspot 25: visit window 13:29:00-19:29:00 on day 3
[2025-12-10T23:47:24.582Z] [Timeline] Hotspot 25 timing window: 05:45:00-12:30:00 (20700s-45000s), visit: 13:29:00-19:29:00 (48540s-70140s)
[2025-12-10T23:47:24.611Z] [Timeline] Hotspot 25 timing window: 16:00:00-20:00:00 (57600s-72000s), visit: 13:29:00-19:29:00 (48540s-70140s)
[2025-12-10T23:47:24.638Z] [Timeline] Hotspot 25 not open during visit window 13:29:00-19:29:00 on day 3, skipping
[2025-12-10T23:47:24.661Z] [Timeline] Hotspot 21 - currentSeconds: 36780, routeEndSeconds: 72000
[2025-12-10T23:47:24.685Z] [Timeline] Processing hotspot 21 for route 419
[2025-12-10T23:47:24.702Z] [Timeline] Hotspot 21 coords: lat=11.926178758041798, lon=79.82779781515121
[2025-12-10T23:47:24.854Z] [Timeline] Checking operating hours for hotspot 21: visit window 13:31:00-19:31:00 on day 3
[2025-12-10T23:47:24.883Z] [Timeline] Hotspot 21 timing window: 06:00:00-19:00:00 (21600s-68400s), visit: 13:31:00-19:31:00 (48660s-70260s)
[2025-12-10T23:47:24.924Z] [Timeline] Hotspot 21 MATCH on day 3 (visit starts within operating hours)
[2025-12-10T23:47:24.954Z] [Timeline] Hotspot 21 operating hours OK
[2025-12-10T23:47:24.967Z] [Timeline] Travel type for "Chennai International Airport|Chennai Domestic Airport|Chennai Central|Chennai|Chennai Egmore Station|Chennai Koyembedu|ECR Beach, Chennai, Tamil Nadu" -> "Pondicherry Airport|Pondicherry": 2 (1=local, 2=outstation)
[2025-12-10T23:47:25.053Z] [Timeline] Building hotspot row for hotspot_ID=21
[2025-12-10T23:47:25.081Z] [Timeline] Built hotspot row: item_type=4, hotspot_ID=21, order=5
[2025-12-10T23:47:25.116Z] [Timeline] Hotspot 19 - currentSeconds: 50460, routeEndSeconds: 72000
[2025-12-10T23:47:25.141Z] [Timeline] Processing hotspot 19 for route 419
[2025-12-10T23:47:25.179Z] [Timeline] Hotspot 19 coords: lat=11.931203427435934, lon=79.83580349426904
[2025-12-10T23:47:25.278Z] [Timeline] Checking operating hours for hotspot 19: visit window 14:03:00-20:33:00 on day 3
[2025-12-10T23:47:25.317Z] [Timeline] Hotspot 19 timing window: 06:00:00-20:00:00 (21600s-72000s), visit: 14:03:00-20:33:00 (50580s-73980s)
[2025-12-10T23:47:25.345Z] [Timeline] Hotspot 19 MATCH on day 3 (visit starts within operating hours)
[2025-12-10T23:47:25.359Z] [Timeline] Hotspot 19 operating hours OK
[2025-12-10T23:47:25.383Z] [Timeline] Travel type for "Pondicherry Airport|Pondicherry" -> "Pondicherry Airport|Pondicherry": 1 (1=local, 2=outstation)
[2025-12-10T23:47:25.484Z] [Timeline] Building hotspot row for hotspot_ID=19
[2025-12-10T23:47:25.507Z] [Timeline] Built hotspot row: item_type=4, hotspot_ID=19, order=7
[2025-12-10T23:47:25.544Z] [Timeline] Hotspot 20 - currentSeconds: 54180, routeEndSeconds: 72000
[2025-12-10T23:47:25.554Z] [Timeline] Processing hotspot 20 for route 419
[2025-12-10T23:47:25.595Z] [Timeline] Hotspot 20 coords: lat=11.883875481616602, lon=79.80141705562612
[2025-12-10T23:47:25.712Z] [Timeline] Checking operating hours for hotspot 20: visit window 15:18:00-21:48:00 on day 3
[2025-12-10T23:47:25.747Z] [Timeline] Hotspot 20 timing window: 09:30:00-12:00:00 (34200s-43200s), visit: 15:18:00-21:48:00 (55080s-78480s)
[2025-12-10T23:47:25.759Z] [Timeline] Hotspot 20 not open during visit window 15:18:00-21:48:00 on day 3, skipping
[2025-12-10T23:47:25.782Z] [Timeline] Hotspot 17 - currentSeconds: 54180, routeEndSeconds: 72000
[2025-12-10T23:47:25.818Z] [Timeline] Processing hotspot 17 for route 419
[2025-12-10T23:47:25.862Z] [Timeline] Hotspot 17 coords: lat=11.936929030828965, lon=79.83477998559515
[2025-12-10T23:47:25.978Z] [Timeline] Checking operating hours for hotspot 17: visit window 15:04:00-21:34:00 on day 3
[2025-12-10T23:47:26.016Z] [Timeline] Hotspot 17 timing window: 10:30:00-19:00:00 (37800s-68400s), visit: 15:04:00-21:34:00 (54240s-77640s)
[2025-12-10T23:47:26.027Z] [Timeline] Hotspot 17 MATCH on day 3 (visit starts within operating hours)
[2025-12-10T23:47:26.053Z] [Timeline] Hotspot 17 operating hours OK
[2025-12-10T23:47:26.086Z] [Timeline] Travel type for "Pondicherry Airport|Pondicherry" -> "Pondicherry Airport|Pondicherry": 1 (1=local, 2=outstation)
[2025-12-10T23:47:26.157Z] [Timeline] Building hotspot row for hotspot_ID=17
[2025-12-10T23:47:26.182Z] [Timeline] Built hotspot row: item_type=4, hotspot_ID=17, order=9
[2025-12-10T23:47:26.208Z] [Timeline] Hotspot 24 - currentSeconds: 57840, routeEndSeconds: 72000
[2025-12-10T23:47:26.231Z] [Timeline] Processing hotspot 24 for route 419
[2025-12-10T23:47:26.254Z] [Timeline] Hotspot 24 coords: lat=11.934656339062595, lon=79.83484999477534
[2025-12-10T23:47:26.332Z] [Timeline] Checking operating hours for hotspot 24: visit window 16:05:00-22:05:00 on day 3
[2025-12-10T23:47:26.362Z] [Timeline] Hotspot 24 timing window: 09:00:00-12:00:00 (32400s-43200s), visit: 16:05:00-22:05:00 (57900s-79500s)
[2025-12-10T23:47:26.370Z] [Timeline] Hotspot 24 not open during visit window 16:05:00-22:05:00 on day 3, skipping
[2025-12-10T23:47:26.398Z] [Timeline] Hotspot 677 - currentSeconds: 57840, routeEndSeconds: 72000
[2025-12-10T23:47:26.409Z] [Timeline] Processing hotspot 677 for route 419
[2025-12-10T23:47:26.457Z] [Timeline] Hotspot 677 coords: lat=11.933029585291068, lon=79.83418306595088
[2025-12-10T23:47:26.560Z] [Timeline] Checking operating hours for hotspot 677: visit window 16:05:00-22:20:00 on day 3
[2025-12-10T23:47:26.576Z] [Timeline] Hotspot 677 timing window: 06:00:00-19:00:00 (21600s-68400s), visit: 16:05:00-22:20:00 (57900s-80400s)
[2025-12-10T23:47:26.615Z] [Timeline] Hotspot 677 MATCH on day 3 (visit starts within operating hours)
[2025-12-10T23:47:26.618Z] [Timeline] Hotspot 677 operating hours OK
[2025-12-10T23:47:26.652Z] [Timeline] Travel type for "Pondicherry Airport|Pondicherry" -> "Pondicherry|Pondicherry Airport": 1 (1=local, 2=outstation)
[2025-12-10T23:47:26.729Z] [Timeline] Building hotspot row for hotspot_ID=677
[2025-12-10T23:47:26.748Z] [Timeline] Built hotspot row: item_type=4, hotspot_ID=677, order=11
[2025-12-10T23:47:26.827Z] [Timeline] Hotspot 678 - currentSeconds: 60600, routeEndSeconds: 72000
[2025-12-10T23:47:26.843Z] [Timeline] Processing hotspot 678 for route 419
[2025-12-10T23:47:26.883Z] [Timeline] Hotspot 678 coords: lat=11.928492248303817, lon=79.83303242117643
[2025-12-10T23:47:26.994Z] [Timeline] Checking operating hours for hotspot 678: visit window 16:51:00-23:21:00 on day 3
[2025-12-10T23:47:27.028Z] [Timeline] Hotspot 678 operating hours OK
[2025-12-10T23:47:27.065Z] [Timeline] Travel type for "Pondicherry|Pondicherry Airport" -> "Pondicherry|Pondicherry Airport": 1 (1=local, 2=outstation)
[2025-12-10T23:47:27.144Z] [Timeline] Building hotspot row for hotspot_ID=678
[2025-12-10T23:47:27.180Z] [Timeline] Built hotspot row: item_type=4, hotspot_ID=678, order=13
[2025-12-10T23:47:27.207Z] [Timeline] Hotspot 676 - currentSeconds: 64260, routeEndSeconds: 72000
[2025-12-10T23:47:27.242Z] [Timeline] Processing hotspot 676 for route 419
[2025-12-10T23:47:27.278Z] [Timeline] Hotspot 676 coords: lat=11.930177048465467, lon=79.8224313245787
[2025-12-10T23:47:27.380Z] [Timeline] Checking operating hours for hotspot 676: visit window 17:54:00-24:24:00 on day 3
[2025-12-10T23:47:27.416Z] [Timeline] Hotspot 676 timing window: 10:00:00-17:00:00 (36000s-61200s), visit: 17:54:00-24:24:00 (64440s-87840s)
[2025-12-10T23:47:27.451Z] [Timeline] Hotspot 676 not open during visit window 17:54:00-24:24:00 on day 3, skipping
[2025-12-10T23:47:27.491Z] [Timeline] Hotspot 277 - currentSeconds: 64260, routeEndSeconds: 72000
[2025-12-10T23:47:27.531Z] [Timeline] Processing hotspot 277 for route 419
[2025-12-10T23:47:27.569Z] [Timeline] Hotspot 277 coords: lat=11.916309213225349, lon=79.82433098120615
[2025-12-10T23:47:27.645Z] [Timeline] Checking operating hours for hotspot 277: visit window 17:55:00-26:25:00 on day 3
[2025-12-10T23:47:27.681Z] [Timeline] Hotspot 277 timing window: 09:00:00-18:00:00 (32400s-64800s), visit: 17:55:00-26:25:00 (64500s-95100s)
[2025-12-10T23:47:27.685Z] [Timeline] Hotspot 277 MATCH on day 3 (visit starts within operating hours)
[2025-12-10T23:47:27.706Z] [Timeline] Hotspot 277 operating hours OK
[2025-12-10T23:47:27.718Z] [Timeline] Hotspot 277 would end at 26:25:00 (95100s) (exceeds route_end_time 20:00:00 (72000s) + buffer), skipping
[2025-12-10T23:47:27.742Z] [Timeline] Hotspot 679 - currentSeconds: 64260, routeEndSeconds: 72000
[2025-12-10T23:47:27.762Z] [Timeline] Processing hotspot 679 for route 419
[2025-12-10T23:47:27.803Z] [Timeline] Hotspot 679 coords: lat=11.913052113056816, lon=79.82932149874199
[2025-12-10T23:47:27.934Z] [Timeline] Checking operating hours for hotspot 679: visit window 17:55:00-23:55:00 on day 3
[2025-12-10T23:47:27.961Z] [Timeline] Hotspot 679 operating hours OK
[2025-12-10T23:47:27.991Z] [Timeline] Travel type for "Pondicherry|Pondicherry Airport" -> "Pondicherry|Pondicherry Airport": 1 (1=local, 2=outstation)
[2025-12-10T23:47:28.077Z] [Timeline] Building hotspot row for hotspot_ID=679
[2025-12-10T23:47:28.103Z] [Timeline] Built hotspot row: item_type=4, hotspot_ID=679, order=15
[2025-12-10T23:47:28.146Z] [Timeline] Hotspot 669 - currentSeconds: 66300, routeEndSeconds: 72000
[2025-12-10T23:47:28.164Z] [Timeline] Processing hotspot 669 for route 419
[2025-12-10T23:47:28.212Z] [Timeline] Hotspot 669 coords: lat=11.882310987345338, lon=79.8244548517534
[2025-12-10T23:47:28.290Z] [Timeline] Checking operating hours for hotspot 669: visit window 18:33:00-25:03:00 on day 3
[2025-12-10T23:47:28.317Z] [Timeline] Hotspot 669 timing window: 06:00:00-18:00:00 (21600s-64800s), visit: 18:33:00-25:03:00 (66780s-90180s)
[2025-12-10T23:47:28.344Z] [Timeline] Hotspot 669 not open during visit window 18:33:00-25:03:00 on day 3, skipping
[2025-12-10T23:47:28.398Z] [Timeline] Route 420 (Pondicherry → Pondicherry Airport): routeStartTime=08:00:00, routeEndTime=20:00:00, direct_to_next=0
[2025-12-10T23:47:28.433Z] [Timeline] Route 420 starting coords from location_id 5922: (11.9415915, 79.8083133)
[2025-12-10T23:47:28.475Z] [Timeline] Route 420 - Added refreshment break: 08:00:00 - 09:00:00
[2025-12-10T23:47:28.486Z] [fetchSelectedHotspots] route 420 target="Pondicherry" next="Pondicherry Airport" dow=4
[2025-12-10T23:47:28.622Z] [fetchSelectedHotspots] Found 583 total active hotspots
[2025-12-10T23:47:28.626Z] [fetchSelectedHotspots] direct_to_next_visiting_place=0
[2025-12-10T23:47:28.650Z] [fetchSelectedHotspots] source="Pondicherry", destination="Pondicherry Airport"
[2025-12-10T23:47:28.697Z] [fetchSelectedHotspots] Starting coords from stored_locations: (13.0827989, 80.2754246)
[2025-12-10T23:47:28.725Z] [fetchSelectedHotspots] Hotspot 16 "Paradise Beach" → DESTINATION (matches "Pondicherry Airport")
[2025-12-10T23:47:28.729Z] [fetchSelectedHotspots] Hotspot 17 "Sri Aurobindo Ashram" → SOURCE (matches "Pondicherry")
[2025-12-10T23:47:28.757Z] [fetchSelectedHotspots] Hotspot 17 "Sri Aurobindo Ashram" → DESTINATION (matches "Pondicherry Airport")
[2025-12-10T23:47:28.796Z] [fetchSelectedHotspots] Hotspot 18 "Auroville" → SOURCE (matches "Pondicherry")
[2025-12-10T23:47:28.850Z] [fetchSelectedHotspots] Hotspot 18 "Auroville" → DESTINATION (matches "Pondicherry Airport")
[2025-12-10T23:47:28.880Z] [fetchSelectedHotspots] Hotspot 19 "Promenade Beach" → SOURCE (matches "Pondicherry")
[2025-12-10T23:47:28.883Z] [fetchSelectedHotspots] Hotspot 19 "Promenade Beach" → DESTINATION (matches "Pondicherry Airport")
[2025-12-10T23:47:28.909Z] [fetchSelectedHotspots] Hotspot 20 "Chunnambar Boathouse" → SOURCE (matches "Pondicherry")
[2025-12-10T23:47:28.918Z] [fetchSelectedHotspots] Hotspot 20 "Chunnambar Boathouse" → DESTINATION (matches "Pondicherry Airport")
[2025-12-10T23:47:28.950Z] [fetchSelectedHotspots] Hotspot 21 "The Basilica of the Sacred Heart of Jesus" → SOURCE (matches "Pondicherry")
[2025-12-10T23:47:28.972Z] [fetchSelectedHotspots] Hotspot 21 "The Basilica of the Sacred Heart of Jesus" → DESTINATION (matches "Pondicherry Airport")
[2025-12-10T23:47:28.999Z] [fetchSelectedHotspots] Hotspot 23 "French War Memorial" → DESTINATION (matches "Pondicherry Airport")
[2025-12-10T23:47:29.029Z] [fetchSelectedHotspots] Hotspot 24 "The Pondicherry Museum" → SOURCE (matches "Pondicherry")
[2025-12-10T23:47:29.063Z] [fetchSelectedHotspots] Hotspot 24 "The Pondicherry Museum" → DESTINATION (matches "Pondicherry Airport")
[2025-12-10T23:47:29.093Z] [fetchSelectedHotspots] Hotspot 25 "Manakula Vinayagar Temple" → SOURCE (matches "Pondicherry")
[2025-12-10T23:47:29.108Z] [fetchSelectedHotspots] Hotspot 25 "Manakula Vinayagar Temple" → DESTINATION (matches "Pondicherry Airport")
[2025-12-10T23:47:29.141Z] [fetchSelectedHotspots] Hotspot 277 "Pondicherry Backwater" → SOURCE (matches "Pondicherry")
[2025-12-10T23:47:29.163Z] [fetchSelectedHotspots] Hotspot 277 "Pondicherry Backwater" → DESTINATION (matches "Pondicherry Airport")
[2025-12-10T23:47:29.188Z] [fetchSelectedHotspots] Hotspot 669 "Eden Beach - Blue flag Beach" → SOURCE (matches "Pondicherry")
[2025-12-10T23:47:29.208Z] [fetchSelectedHotspots] Hotspot 669 "Eden Beach - Blue flag Beach" → DESTINATION (matches "Pondicherry Airport")
[2025-12-10T23:47:29.232Z] [fetchSelectedHotspots] Hotspot 676 "Botanical Garden" → SOURCE (matches "Pondicherry")
[2025-12-10T23:47:29.264Z] [fetchSelectedHotspots] Hotspot 676 "Botanical Garden" → DESTINATION (matches "Pondicherry Airport")
[2025-12-10T23:47:29.279Z] [fetchSelectedHotspots] Hotspot 677 "Bharathi Park &amp; Aayi Mandapam" → SOURCE (matches "Pondicherry")
[2025-12-10T23:47:29.298Z] [fetchSelectedHotspots] Hotspot 677 "Bharathi Park &amp; Aayi Mandapam" → DESTINATION (matches "Pondicherry Airport")
[2025-12-10T23:47:29.324Z] [fetchSelectedHotspots] Hotspot 678 "French Colony" → SOURCE (matches "Pondicherry")
[2025-12-10T23:47:29.327Z] [fetchSelectedHotspots] Hotspot 678 "French Colony" → DESTINATION (matches "Pondicherry Airport")
[2025-12-10T23:47:29.356Z] [fetchSelectedHotspots] Hotspot 679 "Pondi Marina Beach" → SOURCE (matches "Pondicherry")
[2025-12-10T23:47:29.366Z] [fetchSelectedHotspots] Hotspot 679 "Pondi Marina Beach" → DESTINATION (matches "Pondicherry Airport")
[2025-12-10T23:47:29.392Z] [fetchSelectedHotspots] Filtered 7 priority-0 SOURCE hotspots (13 → 6)
[2025-12-10T23:47:29.407Z] [fetchSelectedHotspots] Categorized: source=6, destination=15, via=0
[2025-12-10T23:47:29.432Z] [fetchSelectedHotspots] direct_to_next_visiting_place=0: Processing SOURCE → DESTINATION → VIA
[2025-12-10T23:47:29.464Z] [fetchSelectedHotspots] Matched 21 hotspots after PHP ordering
[2025-12-10T23:47:29.467Z] [fetchSelectedHotspots] First 5 hotspots (sorted): ID=18 "Auroville" priority=1 distance=194.08km, ID=25 "Manakula Vinayagar Temple" priority=2 distance=204.26km, ID=21 "The Basilica of the Sacred Heart of Jesus" priority=4 distance=206.23km, ID=19 "Promenade Beach" priority=5 distance=204.98km, ID=20 "Chunnambar Boathouse" priority=5 distance=214.35km
[2025-12-10T23:47:29.495Z] [fetchSelectedHotspots] Matched 15 hotspots for route 420
[2025-12-10T23:47:29.508Z] [Timeline] Route 420: Selected 15 hotspots
[2025-12-10T23:47:29.534Z] [Timeline] Route 420 - currentTime: 09:00:00, routeEndTime: 20:00:00, routeEndSeconds: 72000
[2025-12-10T23:47:29.558Z] [Timeline] Hotspot 18 - currentSeconds: 32400, routeEndSeconds: 72000
[2025-12-10T23:47:29.574Z] [Timeline] Processing hotspot 18 for route 420
[2025-12-10T23:47:29.611Z] [Timeline] Hotspot 18 coords: lat=12.008342334177776, lon=79.81781931258232
[2025-12-10T23:47:29.696Z] [Timeline] Checking operating hours for hotspot 18: visit window 09:17:00-16:47:00 on day 4
[2025-12-10T23:47:29.726Z] [Timeline] Hotspot 18 timing window: 09:00:00-13:00:00 (32400s-46800s), visit: 09:17:00-16:47:00 (33420s-60420s)
[2025-12-10T23:47:29.738Z] [Timeline] Hotspot 18 MATCH on day 4 (visit starts within operating hours)
[2025-12-10T23:47:29.757Z] [Timeline] Hotspot 18 operating hours OK
[2025-12-10T23:47:29.791Z] [Timeline] Travel type for "Pondicherry" -> "Pondicherry Airport|Pondicherry": 1 (1=local, 2=outstation)
[2025-12-10T23:47:29.922Z] [Timeline] Building hotspot row for hotspot_ID=18
[2025-12-10T23:47:29.964Z] [Timeline] Built hotspot row: item_type=4, hotspot_ID=18, order=3
[2025-12-10T23:47:30.003Z] [Timeline] Hotspot 25 - currentSeconds: 40620, routeEndSeconds: 72000
[2025-12-10T23:47:30.042Z] [Timeline] Processing hotspot 25 for route 420
[2025-12-10T23:47:30.082Z] [Timeline] Hotspot 25 coords: lat=11.936184966220257, lon=79.83484226674099
[2025-12-10T23:47:30.149Z] [Timeline] Checking operating hours for hotspot 25: visit window 11:36:00-17:36:00 on day 4
[2025-12-10T23:47:30.190Z] [Timeline] Hotspot 25 timing window: 05:45:00-12:30:00 (20700s-45000s), visit: 11:36:00-17:36:00 (41760s-63360s)
[2025-12-10T23:47:30.220Z] [Timeline] Hotspot 25 MATCH on day 4 (visit starts within operating hours)
[2025-12-10T23:47:30.226Z] [Timeline] Hotspot 25 operating hours OK
[2025-12-10T23:47:30.258Z] [Timeline] Travel type for "Pondicherry Airport|Pondicherry" -> "Pondicherry Airport|Pondicherry": 1 (1=local, 2=outstation)
[2025-12-10T23:47:30.340Z] [Timeline] Building hotspot row for hotspot_ID=25
[2025-12-10T23:47:30.371Z] [Timeline] Built hotspot row: item_type=4, hotspot_ID=25, order=5
[2025-12-10T23:47:30.411Z] [Timeline] Hotspot 21 - currentSeconds: 43560, routeEndSeconds: 72000
[2025-12-10T23:47:30.438Z] [Timeline] Processing hotspot 21 for route 420
[2025-12-10T23:47:30.445Z] [Timeline] Skipping hotspot 21 - already added to plan 5
[2025-12-10T23:47:30.497Z] [Timeline] Hotspot 19 - currentSeconds: 43560, routeEndSeconds: 72000
[2025-12-10T23:47:30.526Z] [Timeline] Processing hotspot 19 for route 420
[2025-12-10T23:47:30.555Z] [Timeline] Skipping hotspot 19 - already added to plan 5
[2025-12-10T23:47:30.560Z] [Timeline] Hotspot 20 - currentSeconds: 43560, routeEndSeconds: 72000
[2025-12-10T23:47:30.598Z] [Timeline] Processing hotspot 20 for route 420
[2025-12-10T23:47:30.629Z] [Timeline] Hotspot 20 coords: lat=11.883875481616602, lon=79.80141705562612
[2025-12-10T23:47:30.716Z] [Timeline] Checking operating hours for hotspot 20: visit window 12:21:00-18:51:00 on day 4
[2025-12-10T23:47:30.755Z] [Timeline] Hotspot 20 timing window: 09:30:00-16:00:00 (34200s-57600s), visit: 12:21:00-18:51:00 (44460s-67860s)
[2025-12-10T23:47:30.794Z] [Timeline] Hotspot 20 MATCH on day 4 (visit starts within operating hours)
[2025-12-10T23:47:30.831Z] [Timeline] Hotspot 20 operating hours OK
[2025-12-10T23:47:30.870Z] [Timeline] Travel type for "Pondicherry Airport|Pondicherry" -> "Pondicherry Airport|Pondicherry": 1 (1=local, 2=outstation)
[2025-12-10T23:47:30.949Z] [Timeline] Building hotspot row for hotspot_ID=20
[2025-12-10T23:47:30.996Z] [Timeline] Built hotspot row: item_type=4, hotspot_ID=20, order=7
[2025-12-10T23:47:31.038Z] [Timeline] Hotspot 17 - currentSeconds: 48060, routeEndSeconds: 72000
[2025-12-10T23:47:31.048Z] [Timeline] Processing hotspot 17 for route 420
[2025-12-10T23:47:31.083Z] [Timeline] Skipping hotspot 17 - already added to plan 5
[2025-12-10T23:47:31.115Z] [Timeline] Hotspot 16 - currentSeconds: 48060, routeEndSeconds: 72000
[2025-12-10T23:47:31.144Z] [Timeline] Processing hotspot 16 for route 420
[2025-12-10T23:47:31.162Z] [Timeline] Hotspot 16 coords: lat=11.894346668881749, lon=79.86265715952393
[2025-12-10T23:47:31.276Z] [Timeline] Checking operating hours for hotspot 16: visit window 13:36:00-19:36:00 on day 4
[2025-12-10T23:47:31.316Z] [Timeline] Hotspot 16 timing window: 09:00:00-18:00:00 (32400s-64800s), visit: 13:36:00-19:36:00 (48960s-70560s)
[2025-12-10T23:47:31.336Z] [Timeline] Hotspot 16 MATCH on day 4 (visit starts within operating hours)
[2025-12-10T23:47:31.348Z] [Timeline] Hotspot 16 operating hours OK
[2025-12-10T23:47:31.363Z] [Timeline] Travel type for "Pondicherry Airport|Pondicherry" -> "Pondicherry Airport": 1 (1=local, 2=outstation)
[2025-12-10T23:47:31.506Z] [Timeline] Building hotspot row for hotspot_ID=16
[2025-12-10T23:47:31.531Z] [Timeline] Built hotspot row: item_type=4, hotspot_ID=16, order=9
[2025-12-10T23:47:31.565Z] [Timeline] Hotspot 23 - currentSeconds: 50760, routeEndSeconds: 72000
[2025-12-10T23:47:31.580Z] [Timeline] Processing hotspot 23 for route 420
[2025-12-10T23:47:31.601Z] [Timeline] Hotspot 23 coords: lat=11.93212951685565, lon=79.83535346593922
[2025-12-10T23:47:31.628Z] [Timeline] Checking operating hours for hotspot 23: visit window 14:06:00-19:56:00 on day 4
[2025-12-10T23:47:31.643Z] [Timeline] Hotspot 23 operating hours OK
[2025-12-10T23:47:31.659Z] [Timeline] Travel type for "Pondicherry Airport" -> "Pondicherry Airport": 1 (1=local, 2=outstation)
[2025-12-10T23:47:31.676Z] [Timeline] Building hotspot row for hotspot_ID=23
[2025-12-10T23:47:31.701Z] [Timeline] Built hotspot row: item_type=4, hotspot_ID=23, order=11
[2025-12-10T23:47:31.725Z] [Timeline] Hotspot 24 - currentSeconds: 51960, routeEndSeconds: 72000
[2025-12-10T23:47:31.748Z] [Timeline] Processing hotspot 24 for route 420
[2025-12-10T23:47:31.766Z] [Timeline] Hotspot 24 coords: lat=11.934656339062595, lon=79.83484999477534
[2025-12-10T23:47:31.898Z] [Timeline] Checking operating hours for hotspot 24: visit window 14:27:00-20:27:00 on day 4
[2025-12-10T23:47:31.932Z] [Timeline] Hotspot 24 timing window: 09:00:00-18:00:00 (32400s-64800s), visit: 14:27:00-20:27:00 (52020s-73620s)
[2025-12-10T23:47:31.943Z] [Timeline] Hotspot 24 MATCH on day 4 (visit starts within operating hours)
[2025-12-10T23:47:31.972Z] [Timeline] Hotspot 24 operating hours OK
[2025-12-10T23:47:31.987Z] [Timeline] Travel type for "Pondicherry Airport" -> "Pondicherry Airport|Pondicherry": 1 (1=local, 2=outstation)
[2025-12-10T23:47:32.095Z] [Timeline] Building hotspot row for hotspot_ID=24
[2025-12-10T23:47:32.137Z] [Timeline] Built hotspot row: item_type=4, hotspot_ID=24, order=13
[2025-12-10T23:47:32.171Z] [Timeline] Hotspot 677 - currentSeconds: 53820, routeEndSeconds: 72000
[2025-12-10T23:47:32.174Z] [Timeline] Processing hotspot 677 for route 420
[2025-12-10T23:47:32.199Z] [Timeline] Skipping hotspot 677 - already added to plan 5
[2025-12-10T23:47:32.205Z] [Timeline] Hotspot 678 - currentSeconds: 53820, routeEndSeconds: 72000
[2025-12-10T23:47:32.232Z] [Timeline] Processing hotspot 678 for route 420
[2025-12-10T23:47:32.243Z] [Timeline] Skipping hotspot 678 - already added to plan 5
[2025-12-10T23:47:32.269Z] [Timeline] Hotspot 676 - currentSeconds: 53820, routeEndSeconds: 72000
[2025-12-10T23:47:32.290Z] [Timeline] Processing hotspot 676 for route 420
[2025-12-10T23:47:32.329Z] [Timeline] Hotspot 676 coords: lat=11.930177048465467, lon=79.8224313245787
[2025-12-10T23:47:32.409Z] [Timeline] Checking operating hours for hotspot 676: visit window 15:00:00-21:30:00 on day 4
[2025-12-10T23:47:32.451Z] [Timeline] Hotspot 676 timing window: 10:00:00-17:00:00 (36000s-61200s), visit: 15:00:00-21:30:00 (54000s-77400s)
[2025-12-10T23:47:32.464Z] [Timeline] Hotspot 676 MATCH on day 4 (visit starts within operating hours)
[2025-12-10T23:47:32.487Z] [Timeline] Hotspot 676 operating hours OK
[2025-12-10T23:47:32.519Z] [Timeline] Travel type for "Pondicherry Airport|Pondicherry" -> "Pondicherry|Pondicherry Airport": 1 (1=local, 2=outstation)
[2025-12-10T23:47:32.593Z] [Timeline] Building hotspot row for hotspot_ID=676
[2025-12-10T23:47:32.610Z] [Timeline] Built hotspot row: item_type=4, hotspot_ID=676, order=15
[2025-12-10T23:47:32.636Z] [Timeline] Hotspot 277 - currentSeconds: 57600, routeEndSeconds: 72000
[2025-12-10T23:47:32.660Z] [Timeline] Processing hotspot 277 for route 420
[2025-12-10T23:47:32.693Z] [Timeline] Hotspot 277 coords: lat=11.916309213225349, lon=79.82433098120615
[2025-12-10T23:47:32.835Z] [Timeline] Checking operating hours for hotspot 277: visit window 16:04:00-24:34:00 on day 4
[2025-12-10T23:47:32.875Z] [Timeline] Hotspot 277 timing window: 09:00:00-18:00:00 (32400s-64800s), visit: 16:04:00-24:34:00 (57840s-88440s)
[2025-12-10T23:47:32.905Z] [Timeline] Hotspot 277 MATCH on day 4 (visit starts within operating hours)
[2025-12-10T23:47:32.907Z] [Timeline] Hotspot 277 operating hours OK
[2025-12-10T23:47:32.915Z] [Timeline] Hotspot 277 would end at 24:34:00 (88440s) (exceeds route_end_time 20:00:00 (72000s) + buffer), skipping
[2025-12-10T23:47:32.939Z] [Timeline] Hotspot 679 - currentSeconds: 57600, routeEndSeconds: 72000
[2025-12-10T23:47:32.959Z] [Timeline] Processing hotspot 679 for route 420
[2025-12-10T23:47:32.965Z] [Timeline] Skipping hotspot 679 - already added to plan 5
[2025-12-10T23:47:32.998Z] [Timeline] Hotspot 669 - currentSeconds: 57600, routeEndSeconds: 72000
[2025-12-10T23:47:33.015Z] [Timeline] Processing hotspot 669 for route 420
[2025-12-10T23:47:33.048Z] [Timeline] Hotspot 669 coords: lat=11.882310987345338, lon=79.8244548517534
[2025-12-10T23:47:33.156Z] [Timeline] Checking operating hours for hotspot 669: visit window 16:12:00-22:42:00 on day 4
[2025-12-10T23:47:33.173Z] [Timeline] Hotspot 669 timing window: 06:00:00-18:00:00 (21600s-64800s), visit: 16:12:00-22:42:00 (58320s-81720s)
[2025-12-10T23:47:33.186Z] [Timeline] Hotspot 669 MATCH on day 4 (visit starts within operating hours)
[2025-12-10T23:47:33.215Z] [Timeline] Hotspot 669 operating hours OK
[2025-12-10T23:47:33.251Z] [Timeline] Travel type for "Pondicherry|Pondicherry Airport" -> "Pondicherry|Pondicherry Airport": 1 (1=local, 2=outstation)
[2025-12-10T23:47:33.392Z] [Timeline] Building hotspot row for hotspot_ID=669
[2025-12-10T23:47:33.445Z] [Timeline] Built hotspot row: item_type=4, hotspot_ID=669, order=17
[2025-12-10T23:47:33.519Z] [Timeline] Returning 42 hotspot rows and 0 parking rows
[2025-12-10T23:47:33.545Z] [Timeline] Hotspot rows item_types: 1, 3, 4, 5, 6, 1, 3, 4, 3, 4, 3, 4, 3, 4, 3, 4, 3, 4, 3, 4, 5, 6, 1, 3, 4, 3, 4, 3, 4, 3, 4, 3, 4, 3, 4, 3, 4, 3, 4, 5, 6, 7
[2025-12-10T23:47:33.573Z] [Timeline] Hotspot rows hotspot_IDs: , 5, 5, 0, 0, , 4, 4, 21, 21, 19, 19, 17, 17, 677, 677, 678, 678, 679, 679, 0, 0, , 18, 18, 25, 25, 20, 20, 16, 16, 23, 23, 24, 24, 676, 676, 669, 669, 0, 0, 0
[2025-12-10T23:47:33.602Z] 
=== LOG FILE SAVED TO: D:\wamp64\www\dvi_fullstack\dvi_backend\tmp\hotspot_optimization_1765410394255.log ===

