[2025-12-11T07:04:09.206Z] === HOTSPOT OPTIMIZATION LOG ===
[2025-12-11T07:04:09.329Z] Started at: 2025-12-11T07:04:09.329Z

[2025-12-11T07:04:39.161Z] [Timeline] Route 557 (Chennai International Airport → Chennai): routeStartTime=11:00:00, routeEndTime=20:00:00, direct_to_next=0
[2025-12-11T07:04:39.198Z] [Timeline] Route 557 starting coords from location_id 165946: (12.9811068, 80.159623)
[2025-12-11T07:04:39.269Z] [Timeline] Route 557 - Added refreshment break: 11:00:00 - 12:00:00
[2025-12-11T07:04:39.310Z] [fetchSelectedHotspots] route 557 target="Chennai International Airport" next="Chennai" dow=4
[2025-12-11T07:04:39.504Z] [fetchSelectedHotspots] Found 583 total active hotspots
[2025-12-11T07:04:39.511Z] [fetchSelectedHotspots] direct_to_next_visiting_place=0
[2025-12-11T07:04:39.519Z] [fetchSelectedHotspots] source="Chennai International Airport", destination="Chennai"
[2025-12-11T07:04:39.547Z] [fetchSelectedHotspots] Starting coords from stored_locations: (12.9811068, 80.159623)
[2025-12-11T07:04:39.559Z] [fetchSelectedHotspots] Hotspot 4 "Kapaleeshwarar Temple" → SOURCE (matches "Chennai International Airport" - PRIMARY)
[2025-12-11T07:04:39.569Z] [fetchSelectedHotspots] Hotspot 4 "Kapaleeshwarar Temple" → DESTINATION (matches "Chennai")
[2025-12-11T07:04:39.578Z] [fetchSelectedHotspots] Hotspot 5 "Marina Beach" → SOURCE (matches "Chennai International Airport" - PRIMARY)
[2025-12-11T07:04:39.590Z] [fetchSelectedHotspots] Hotspot 5 "Marina Beach" → DESTINATION (matches "Chennai")
[2025-12-11T07:04:39.610Z] [fetchSelectedHotspots] Hotspot 6 "Fort St.George Museum" → SOURCE (matches "Chennai International Airport" - PRIMARY)
[2025-12-11T07:04:39.617Z] [fetchSelectedHotspots] Hotspot 7 "Government Museum Chennai" → SOURCE (matches "Chennai International Airport" - PRIMARY)
[2025-12-11T07:04:39.637Z] [fetchSelectedHotspots] Hotspot 8 "Santhome Cathedral Basilica" → SOURCE (matches "Chennai International Airport" - PRIMARY)
[2025-12-11T07:04:39.645Z] [fetchSelectedHotspots] Hotspot 9 "Thousand Lights Mosque" → SOURCE (matches "Chennai International Airport" - PRIMARY)
[2025-12-11T07:04:39.669Z] [fetchSelectedHotspots] Hotspot 10 "Guindy National Park" → SOURCE (matches "Chennai International Airport" - PRIMARY)
[2025-12-11T07:04:39.674Z] [fetchSelectedHotspots] Hotspot 11 "Parthasarathy Temple" → SOURCE (matches "Chennai International Airport" - PRIMARY)
[2025-12-11T07:04:39.678Z] [fetchSelectedHotspots] Hotspot 12 "Vivekanandar House" → SOURCE (matches "Chennai International Airport" - PRIMARY)
[2025-12-11T07:04:39.701Z] [fetchSelectedHotspots] Hotspot 13 "Arignar Anna Zoological Park" → SOURCE (matches "Chennai International Airport" - PRIMARY)
[2025-12-11T07:04:39.721Z] [fetchSelectedHotspots] Hotspot 290 "Vgp snow kingdom" → SOURCE (matches "Chennai International Airport" - PRIMARY)
[2025-12-11T07:04:39.751Z] [fetchSelectedHotspots] Hotspot 291 "Vgp marine kingdom" → SOURCE (matches "Chennai International Airport" - PRIMARY)
[2025-12-11T07:04:39.766Z] [fetchSelectedHotspots] Hotspot 292 "Guindy snake park" → SOURCE (matches "Chennai International Airport" - PRIMARY)
[2025-12-11T07:04:39.793Z] [fetchSelectedHotspots] Hotspot 293 "Queens land" → SOURCE (matches "Chennai International Airport" - PRIMARY)
[2025-12-11T07:04:39.810Z] [fetchSelectedHotspots] Hotspot 294 "light house marina" → SOURCE (matches "Chennai International Airport" - PRIMARY)
[2025-12-11T07:04:39.836Z] [fetchSelectedHotspots] Hotspot 296 "Anna tower park" → SOURCE (matches "Chennai International Airport" - PRIMARY)
[2025-12-11T07:04:39.857Z] [fetchSelectedHotspots] Hotspot 297 "B.M Birla planitourim." → SOURCE (matches "Chennai International Airport" - PRIMARY)
[2025-12-11T07:04:39.870Z] [fetchSelectedHotspots] Hotspot 298 "Click art museum" → SOURCE (matches "Chennai International Airport" - PRIMARY)
[2025-12-11T07:04:39.903Z] [fetchSelectedHotspots] Hotspot 299 "National art gallery" → SOURCE (matches "Chennai International Airport" - PRIMARY)
[2025-12-11T07:04:39.917Z] [fetchSelectedHotspots] Hotspot 300 "M G R  Memorial" → SOURCE (matches "Chennai International Airport" - PRIMARY)
[2025-12-11T07:04:39.978Z] [fetchSelectedHotspots] Hotspot 303 "Anna memorial." → SOURCE (matches "Chennai International Airport" - PRIMARY)
[2025-12-11T07:04:40.027Z] [fetchSelectedHotspots] Hotspot 544 "Shri Ashtalakshmi Temple" → SOURCE (matches "Chennai International Airport" - PRIMARY)
[2025-12-11T07:04:40.062Z] [fetchSelectedHotspots] Hotspot 544 "Shri Ashtalakshmi Temple" → DESTINATION (matches "Chennai")
[2025-12-11T07:04:40.081Z] [fetchSelectedHotspots] Filtered 14 priority-0 SOURCE hotspots (22 → 8)
[2025-12-11T07:04:40.109Z] [fetchSelectedHotspots] Categorized: source=8, destination=3, via=0
[2025-12-11T07:04:40.145Z] [fetchSelectedHotspots] AIRPORT ARRIVAL DETECTED: "Chennai International Airport" → "Chennai"
[2025-12-11T07:04:40.184Z] [fetchSelectedHotspots] direct_to_next_visiting_place=0 + AIRPORT ARRIVAL: Processing DESTINATION → VIA
[2025-12-11T07:04:40.188Z] [fetchSelectedHotspots] Matched 3 hotspots after PHP ordering
[2025-12-11T07:04:40.226Z] [fetchSelectedHotspots] First 5 hotspots (sorted): ID=4 "Kapaleeshwarar Temple" priority=1 distance=19.94km, ID=5 "Marina Beach" priority=2 distance=22.47km, ID=544 "Shri Ashtalakshmi Temple" priority=0 distance=18.11km
[2025-12-11T07:04:40.263Z] [fetchSelectedHotspots] Matched 3 hotspots for route 557
[2025-12-11T07:04:40.276Z] [Timeline] Route 557: Selected 3 hotspots
[2025-12-11T07:04:40.300Z] [Timeline] Route 557 - currentTime: 12:00:00, routeEndTime: 20:00:00, routeEndSeconds: 72000
[2025-12-11T07:04:40.310Z] [Timeline] Hotspot 4 - currentSeconds: 43200, routeEndSeconds: 72000
[2025-12-11T07:04:40.332Z] [Timeline] Processing hotspot 4 for route 557
[2025-12-11T07:04:40.355Z] [Timeline] Hotspot 4 coords: lat=13.033798514213936, lon=80.26977915213011
[2025-12-11T07:04:40.436Z] [Timeline] Checking operating hours for hotspot 4: visit window 12:30:00-13:30:00 on day 4
[2025-12-11T07:04:40.460Z] [Timeline] Hotspot 4 check window: 05:30:00-12:00:00, visit: 12:30:00-13:30:00
[2025-12-11T07:04:40.470Z] [Timeline] Hotspot 4 check window: 16:00:00-20:00:00, visit: 12:30:00-13:30:00
[2025-12-11T07:04:40.485Z] [Timeline] Hotspot 4 operating hours check FAILED - visit 12:30:00-13:30:00 doesn't fit in any window
[2025-12-11T07:04:40.516Z] [Timeline] Hotspot 4 not open during visit window 12:30:00-13:30:00 on day 4, skipping
[2025-12-11T07:04:40.541Z] [Timeline] Hotspot 5 - currentSeconds: 43200, routeEndSeconds: 72000
[2025-12-11T07:04:40.559Z] [Timeline] Processing hotspot 5 for route 557
[2025-12-11T07:04:40.580Z] [Timeline] Hotspot 5 coords: lat=13.051080243192029, lon=80.27775926313883
[2025-12-11T07:04:40.659Z] [Timeline] Checking operating hours for hotspot 5: visit window 12:34:00-13:34:00 on day 4
[2025-12-11T07:04:40.684Z] [Timeline] Hotspot 5 operating hours OK
[2025-12-11T07:04:40.694Z] [Timeline] Travel type for "Chennai International Airport" -> "Chennai International Airport|Chennai Domestic Airport|Chennai Central|Chennai|Chennai Egmore Station|Chennai Koyembedu|ECR Beach, Chennai, Tamil Nadu": 1 (1=local, 2=outstation)
[2025-12-11T07:04:40.764Z] [Timeline] Building hotspot row for hotspot_ID=5
[2025-12-11T07:04:40.781Z] [Timeline] Built hotspot row: item_type=4, hotspot_ID=5, order=2
[2025-12-11T07:04:40.845Z] [Timeline] Hotspot 544 - currentSeconds: 48840, routeEndSeconds: 72000
[2025-12-11T07:04:40.878Z] [Timeline] Processing hotspot 544 for route 557
[2025-12-11T07:04:40.902Z] [Timeline] Hotspot 544 coords: lat=12.993461140291483, lon=80.27030436931474
[2025-12-11T07:04:41.131Z] [Timeline] Checking operating hours for hotspot 544: visit window 13:49:00-19:49:00 on day 4
[2025-12-11T07:04:41.147Z] [Timeline] Hotspot 544 check window: 06:00:00-12:00:00, visit: 13:49:00-19:49:00
[2025-12-11T07:04:41.177Z] [Timeline] Hotspot 544 check window: 16:00:00-20:00:00, visit: 13:49:00-19:49:00
[2025-12-11T07:04:41.208Z] [Timeline] Hotspot 544 operating hours check FAILED - visit 13:49:00-19:49:00 doesn't fit in any window
[2025-12-11T07:04:41.215Z] [Timeline] Hotspot 544 not open during visit window 13:49:00-19:49:00 on day 4, skipping
[2025-12-11T07:04:41.314Z] [Timeline] Route 558 (Chennai → Pondicherry): routeStartTime=08:00:00, routeEndTime=20:00:00, direct_to_next=0
[2025-12-11T07:04:41.353Z] [Timeline] Route 558 starting coords from location_id 762: (13.0843007, 80.2704622)
[2025-12-11T07:04:41.378Z] [Timeline] Route 558 - Added refreshment break: 08:00:00 - 09:00:00
[2025-12-11T07:04:41.388Z] [fetchSelectedHotspots] route 558 target="Chennai" next="Pondicherry" dow=5
[2025-12-11T07:04:41.552Z] [fetchSelectedHotspots] Found 583 total active hotspots
[2025-12-11T07:04:41.563Z] [fetchSelectedHotspots] direct_to_next_visiting_place=0
[2025-12-11T07:04:41.569Z] [fetchSelectedHotspots] source="Chennai", destination="Pondicherry"
[2025-12-11T07:04:41.587Z] [fetchSelectedHotspots] Starting coords from stored_locations: (12.9811068, 80.159623)
[2025-12-11T07:04:41.594Z] [fetchSelectedHotspots] Hotspot 4 "Kapaleeshwarar Temple" → SOURCE (matches "Chennai")
[2025-12-11T07:04:41.612Z] [fetchSelectedHotspots] Hotspot 5 "Marina Beach" → SOURCE (matches "Chennai")
[2025-12-11T07:04:41.615Z] [fetchSelectedHotspots] Hotspot 17 "Sri Aurobindo Ashram" → DESTINATION (matches "Pondicherry")
[2025-12-11T07:04:41.651Z] [fetchSelectedHotspots] Hotspot 18 "Auroville" → DESTINATION (matches "Pondicherry")
[2025-12-11T07:04:41.658Z] [fetchSelectedHotspots] Hotspot 19 "Promenade Beach" → DESTINATION (matches "Pondicherry")
[2025-12-11T07:04:41.691Z] [fetchSelectedHotspots] Hotspot 20 "Chunnambar Boathouse" → DESTINATION (matches "Pondicherry")
[2025-12-11T07:04:41.698Z] [fetchSelectedHotspots] Hotspot 21 "The Basilica of the Sacred Heart of Jesus" → DESTINATION (matches "Pondicherry")
[2025-12-11T07:04:41.729Z] [fetchSelectedHotspots] Hotspot 24 "The Pondicherry Museum" → DESTINATION (matches "Pondicherry")
[2025-12-11T07:04:41.736Z] [fetchSelectedHotspots] Hotspot 25 "Manakula Vinayagar Temple" → DESTINATION (matches "Pondicherry")
[2025-12-11T07:04:41.774Z] [fetchSelectedHotspots] Hotspot 277 "Pondicherry Backwater" → DESTINATION (matches "Pondicherry")
[2025-12-11T07:04:41.813Z] [fetchSelectedHotspots] Hotspot 544 "Shri Ashtalakshmi Temple" → SOURCE (matches "Chennai")
[2025-12-11T07:04:41.828Z] [fetchSelectedHotspots] Hotspot 669 "Eden Beach - Blue flag Beach" → DESTINATION (matches "Pondicherry" - PRIMARY)
[2025-12-11T07:04:41.851Z] [fetchSelectedHotspots] Hotspot 676 "Botanical Garden" → DESTINATION (matches "Pondicherry" - PRIMARY)
[2025-12-11T07:04:41.860Z] [fetchSelectedHotspots] Hotspot 677 "Bharathi Park &amp; Aayi Mandapam" → DESTINATION (matches "Pondicherry" - PRIMARY)
[2025-12-11T07:04:41.884Z] [fetchSelectedHotspots] Hotspot 678 "French Colony" → DESTINATION (matches "Pondicherry" - PRIMARY)
[2025-12-11T07:04:41.898Z] [fetchSelectedHotspots] Hotspot 679 "Pondi Marina Beach" → DESTINATION (matches "Pondicherry" - PRIMARY)
[2025-12-11T07:04:41.916Z] [fetchSelectedHotspots] Filtered 1 priority-0 SOURCE hotspots (3 → 2)
[2025-12-11T07:04:41.962Z] [fetchSelectedHotspots] Categorized: source=2, destination=13, via=0
[2025-12-11T07:04:42.009Z] [fetchSelectedHotspots] direct_to_next_visiting_place=0: Processing SOURCE → DESTINATION → VIA
[2025-12-11T07:04:42.035Z] [fetchSelectedHotspots] Matched 15 hotspots after PHP ordering
[2025-12-11T07:04:42.052Z] [fetchSelectedHotspots] First 5 hotspots (sorted): ID=4 "Kapaleeshwarar Temple" priority=1 distance=19.94km, ID=5 "Marina Beach" priority=2 distance=22.47km, ID=18 "Auroville" priority=1 distance=171.53km, ID=25 "Manakula Vinayagar Temple" priority=2 distance=182.13km, ID=21 "The Basilica of the Sacred Heart of Jesus" priority=4 distance=184.07km
[2025-12-11T07:04:42.085Z] [fetchSelectedHotspots] Matched 15 hotspots for route 558
[2025-12-11T07:04:42.117Z] [Timeline] Route 558: Selected 15 hotspots
[2025-12-11T07:04:42.138Z] [Timeline] Route 558 - currentTime: 09:00:00, routeEndTime: 20:00:00, routeEndSeconds: 72000
[2025-12-11T07:04:42.149Z] [Timeline] Hotspot 4 - currentSeconds: 32400, routeEndSeconds: 72000
[2025-12-11T07:04:42.167Z] [Timeline] Processing hotspot 4 for route 558
[2025-12-11T07:04:42.210Z] [Timeline] Hotspot 4 coords: lat=13.033798514213936, lon=80.26977915213011
[2025-12-11T07:04:42.275Z] [Timeline] Checking operating hours for hotspot 4: visit window 09:13:00-10:13:00 on day 5
[2025-12-11T07:04:42.310Z] [Timeline] Hotspot 4 check window: 05:30:00-12:00:00, visit: 09:13:00-10:13:00
[2025-12-11T07:04:42.327Z] [Timeline] Hotspot 4 operating hours OK - entire visit 09:13:00-10:13:00 fits in 05:30:00-12:00:00
[2025-12-11T07:04:42.344Z] [Timeline] Hotspot 4 operating hours OK
[2025-12-11T07:04:42.366Z] [Timeline] Travel type for "Chennai" -> "Chennai International Airport|Chennai Domestic Airport|Chennai Central|Chennai|Chennai Egmore Station|Chennai Koyembedu|ECR Beach, Chennai, Tamil Nadu": 1 (1=local, 2=outstation)
[2025-12-11T07:04:42.448Z] [Timeline] Building hotspot row for hotspot_ID=4
[2025-12-11T07:04:42.468Z] [Timeline] Built hotspot row: item_type=4, hotspot_ID=4, order=2
[2025-12-11T07:04:42.494Z] [Timeline] Hotspot 5 - currentSeconds: 36780, routeEndSeconds: 72000
[2025-12-11T07:04:42.510Z] [Timeline] Processing hotspot 5 for route 558
[2025-12-11T07:04:42.517Z] [Timeline] Skipping hotspot 5 - already added to plan 5
[2025-12-11T07:04:42.537Z] [Timeline] Hotspot 18 - currentSeconds: 36780, routeEndSeconds: 72000
[2025-12-11T07:04:42.547Z] [Timeline] Processing hotspot 18 for route 558
[2025-12-11T07:04:42.575Z] [Timeline] Hotspot 18 coords: lat=12.008342334177776, lon=79.81781931258232
[2025-12-11T07:04:42.651Z] [Timeline] Checking operating hours for hotspot 18: visit window 13:19:00-15:19:00 on day 5
[2025-12-11T07:04:42.682Z] [Timeline] Hotspot 18 check window: 09:00:00-13:00:00, visit: 13:19:00-15:19:00
[2025-12-11T07:04:42.702Z] [Timeline] Hotspot 18 check window: 13:30:00-17:00:00, visit: 13:19:00-15:19:00
[2025-12-11T07:04:42.717Z] [Timeline] Hotspot 18 operating hours check FAILED - visit 13:19:00-15:19:00 doesn't fit in any window
[2025-12-11T07:04:42.743Z] [Timeline] Hotspot 18 not open during visit window 13:19:00-15:19:00 on day 5, skipping
[2025-12-11T07:04:42.755Z] [Timeline] Hotspot 25 - currentSeconds: 36780, routeEndSeconds: 72000
[2025-12-11T07:04:42.783Z] [Timeline] Processing hotspot 25 for route 558
[2025-12-11T07:04:42.795Z] [Timeline] Hotspot 25 coords: lat=11.936184966220257, lon=79.83484226674099
[2025-12-11T07:04:42.888Z] [Timeline] Checking operating hours for hotspot 25: visit window 13:29:00-13:59:00 on day 5
[2025-12-11T07:04:42.921Z] [Timeline] Hotspot 25 check window: 17:45:00-12:30:00, visit: 13:29:00-13:59:00
[2025-12-11T07:04:42.968Z] [Timeline] Hotspot 25 check window: 16:00:00-20:00:00, visit: 13:29:00-13:59:00
[2025-12-11T07:04:43.027Z] [Timeline] Hotspot 25 operating hours check FAILED - visit 13:29:00-13:59:00 doesn't fit in any window
[2025-12-11T07:04:43.029Z] [Timeline] Hotspot 25 not open during visit window 13:29:00-13:59:00 on day 5, skipping
[2025-12-11T07:04:43.058Z] [Timeline] Hotspot 21 - currentSeconds: 36780, routeEndSeconds: 72000
[2025-12-11T07:04:43.069Z] [Timeline] Processing hotspot 21 for route 558
[2025-12-11T07:04:43.109Z] [Timeline] Hotspot 21 coords: lat=11.926178758041798, lon=79.82779781515121
[2025-12-11T07:04:43.168Z] [Timeline] Checking operating hours for hotspot 21: visit window 13:31:00-14:01:00 on day 5
[2025-12-11T07:04:43.203Z] [Timeline] Hotspot 21 check window: 06:00:00-19:00:00, visit: 13:31:00-14:01:00
[2025-12-11T07:04:43.242Z] [Timeline] Hotspot 21 operating hours OK - entire visit 13:31:00-14:01:00 fits in 06:00:00-19:00:00
[2025-12-11T07:04:43.261Z] [Timeline] Hotspot 21 operating hours OK
[2025-12-11T07:04:43.280Z] [Timeline] Travel type for "Chennai International Airport|Chennai Domestic Airport|Chennai Central|Chennai|Chennai Egmore Station|Chennai Koyembedu|ECR Beach, Chennai, Tamil Nadu" -> "Pondicherry Airport|Pondicherry": 2 (1=local, 2=outstation)
[2025-12-11T07:04:43.670Z] [Timeline] Building hotspot row for hotspot_ID=21
[2025-12-11T07:04:43.682Z] [Timeline] Built hotspot row: item_type=4, hotspot_ID=21, order=3
[2025-12-11T07:04:43.743Z] [Timeline] Hotspot 19 - currentSeconds: 50460, routeEndSeconds: 72000
[2025-12-11T07:04:43.758Z] [Timeline] Processing hotspot 19 for route 558
[2025-12-11T07:04:43.782Z] [Timeline] Hotspot 19 coords: lat=11.931203427435934, lon=79.83580349426904
[2025-12-11T07:04:43.866Z] [Timeline] Checking operating hours for hotspot 19: visit window 14:03:00-15:03:00 on day 5
[2025-12-11T07:04:43.908Z] [Timeline] Hotspot 19 check window: 06:00:00-20:00:00, visit: 14:03:00-15:03:00
[2025-12-11T07:04:43.943Z] [Timeline] Hotspot 19 operating hours OK - entire visit 14:03:00-15:03:00 fits in 06:00:00-20:00:00
[2025-12-11T07:04:43.964Z] [Timeline] Hotspot 19 operating hours OK
[2025-12-11T07:04:44.032Z] [Timeline] Travel type for "Pondicherry Airport|Pondicherry" -> "Pondicherry Airport|Pondicherry": 1 (1=local, 2=outstation)
[2025-12-11T07:04:44.114Z] [Timeline] Building hotspot row for hotspot_ID=19
[2025-12-11T07:04:44.151Z] [Timeline] Built hotspot row: item_type=4, hotspot_ID=19, order=4
[2025-12-11T07:04:44.209Z] [Timeline] Hotspot 20 - currentSeconds: 54180, routeEndSeconds: 72000
[2025-12-11T07:04:44.237Z] [Timeline] Processing hotspot 20 for route 558
[2025-12-11T07:04:44.274Z] [Timeline] Hotspot 20 coords: lat=11.883875481616602, lon=79.80141705562612
[2025-12-11T07:04:44.328Z] [Timeline] Checking operating hours for hotspot 20: visit window 15:18:00-16:18:00 on day 5
[2025-12-11T07:04:44.360Z] [Timeline] Hotspot 20 check window: 09:30:00-16:00:00, visit: 15:18:00-16:18:00
[2025-12-11T07:04:44.364Z] [Timeline] Hotspot 20 operating hours check FAILED - visit 15:18:00-16:18:00 doesn't fit in any window
[2025-12-11T07:04:44.396Z] [Timeline] Hotspot 20 not open during visit window 15:18:00-16:18:00 on day 5, skipping
[2025-12-11T07:04:44.408Z] [Timeline] Hotspot 17 - currentSeconds: 54180, routeEndSeconds: 72000
[2025-12-11T07:04:44.430Z] [Timeline] Processing hotspot 17 for route 558
[2025-12-11T07:04:44.462Z] [Timeline] Hotspot 17 coords: lat=11.936929030828965, lon=79.83477998559515
[2025-12-11T07:04:44.524Z] [Timeline] Checking operating hours for hotspot 17: visit window 15:04:00-16:04:00 on day 5
[2025-12-11T07:04:44.560Z] [Timeline] Hotspot 17 check window: 10:30:00-19:00:00, visit: 15:04:00-16:04:00
[2025-12-11T07:04:44.602Z] [Timeline] Hotspot 17 operating hours OK - entire visit 15:04:00-16:04:00 fits in 10:30:00-19:00:00
[2025-12-11T07:04:44.620Z] [Timeline] Hotspot 17 operating hours OK
[2025-12-11T07:04:44.650Z] [Timeline] Travel type for "Pondicherry Airport|Pondicherry" -> "Pondicherry Airport|Pondicherry": 1 (1=local, 2=outstation)
[2025-12-11T07:04:44.749Z] [Timeline] Building hotspot row for hotspot_ID=17
[2025-12-11T07:04:44.791Z] [Timeline] Built hotspot row: item_type=4, hotspot_ID=17, order=5
[2025-12-11T07:04:44.838Z] [Timeline] Hotspot 24 - currentSeconds: 57840, routeEndSeconds: 72000
[2025-12-11T07:04:44.850Z] [Timeline] Processing hotspot 24 for route 558
[2025-12-11T07:04:44.931Z] [Timeline] Hotspot 24 coords: lat=11.934656339062595, lon=79.83484999477534
[2025-12-11T07:04:45.061Z] [Timeline] Checking operating hours for hotspot 24: visit window 16:05:00-16:35:00 on day 5
[2025-12-11T07:04:45.086Z] [Timeline] Hotspot 24 check window: 09:00:00-18:00:00, visit: 16:05:00-16:35:00
[2025-12-11T07:04:45.094Z] [Timeline] Hotspot 24 operating hours OK - entire visit 16:05:00-16:35:00 fits in 09:00:00-18:00:00
[2025-12-11T07:04:45.100Z] [Timeline] Hotspot 24 operating hours OK
[2025-12-11T07:04:45.114Z] [Timeline] Travel type for "Pondicherry Airport|Pondicherry" -> "Pondicherry Airport|Pondicherry": 1 (1=local, 2=outstation)
[2025-12-11T07:04:45.193Z] [Timeline] Building hotspot row for hotspot_ID=24
[2025-12-11T07:04:45.200Z] [Timeline] Built hotspot row: item_type=4, hotspot_ID=24, order=6
[2025-12-11T07:04:45.221Z] [Timeline] Hotspot 677 - currentSeconds: 59700, routeEndSeconds: 72000
[2025-12-11T07:04:45.232Z] [Timeline] Processing hotspot 677 for route 558
[2025-12-11T07:04:45.235Z] [Timeline] Hotspot 677 coords: lat=11.933029585291068, lon=79.83418306595088
[2025-12-11T07:04:45.286Z] [Timeline] Checking operating hours for hotspot 677: visit window 16:35:00-17:20:00 on day 5
[2025-12-11T07:04:45.299Z] [Timeline] Hotspot 677 check window: 06:00:00-19:00:00, visit: 16:35:00-17:20:00
[2025-12-11T07:04:45.312Z] [Timeline] Hotspot 677 operating hours OK - entire visit 16:35:00-17:20:00 fits in 06:00:00-19:00:00
[2025-12-11T07:04:45.319Z] [Timeline] Hotspot 677 operating hours OK
[2025-12-11T07:04:45.332Z] [Timeline] Travel type for "Pondicherry Airport|Pondicherry" -> "Pondicherry|Pondicherry Airport": 1 (1=local, 2=outstation)
[2025-12-11T07:04:45.382Z] [Timeline] Building hotspot row for hotspot_ID=677
[2025-12-11T07:04:45.386Z] [Timeline] Built hotspot row: item_type=4, hotspot_ID=677, order=7
[2025-12-11T07:04:45.421Z] [Timeline] Hotspot 678 - currentSeconds: 62400, routeEndSeconds: 72000
[2025-12-11T07:04:45.448Z] [Timeline] Processing hotspot 678 for route 558
[2025-12-11T07:04:45.469Z] [Timeline] Hotspot 678 coords: lat=11.928492248303817, lon=79.83303242117643
[2025-12-11T07:04:45.547Z] [Timeline] Checking operating hours for hotspot 678: visit window 17:21:00-18:21:00 on day 5
[2025-12-11T07:04:45.586Z] [Timeline] Hotspot 678 operating hours OK
[2025-12-11T07:04:45.626Z] [Timeline] Travel type for "Pondicherry|Pondicherry Airport" -> "Pondicherry|Pondicherry Airport": 1 (1=local, 2=outstation)
[2025-12-11T07:04:45.969Z] [Timeline] Building hotspot row for hotspot_ID=678
[2025-12-11T07:04:46.220Z] [Timeline] Built hotspot row: item_type=4, hotspot_ID=678, order=8
[2025-12-11T07:04:46.295Z] [Timeline] Hotspot 676 - currentSeconds: 66060, routeEndSeconds: 72000
[2025-12-11T07:04:46.321Z] [Timeline] Processing hotspot 676 for route 558
[2025-12-11T07:04:46.332Z] [Timeline] Hotspot 676 coords: lat=11.930177048465467, lon=79.8224313245787
[2025-12-11T07:04:46.421Z] [Timeline] Checking operating hours for hotspot 676: visit window 18:24:00-19:24:00 on day 5
[2025-12-11T07:04:46.435Z] [Timeline] Hotspot 676 check window: 10:00:00-17:00:00, visit: 18:24:00-19:24:00
[2025-12-11T07:04:46.462Z] [Timeline] Hotspot 676 operating hours check FAILED - visit 18:24:00-19:24:00 doesn't fit in any window
[2025-12-11T07:04:46.484Z] [Timeline] Hotspot 676 not open during visit window 18:24:00-19:24:00 on day 5, skipping
[2025-12-11T07:04:46.498Z] [Timeline] Hotspot 277 - currentSeconds: 66060, routeEndSeconds: 72000
[2025-12-11T07:04:46.527Z] [Timeline] Processing hotspot 277 for route 558
[2025-12-11T07:04:46.536Z] [Timeline] Hotspot 277 coords: lat=11.916309213225349, lon=79.82433098120615
[2025-12-11T07:04:46.602Z] [Timeline] Checking operating hours for hotspot 277: visit window 18:25:00-21:25:00 on day 5
[2025-12-11T07:04:46.628Z] [Timeline] Hotspot 277 check window: 09:00:00-18:00:00, visit: 18:25:00-21:25:00
[2025-12-11T07:04:46.636Z] [Timeline] Hotspot 277 operating hours check FAILED - visit 18:25:00-21:25:00 doesn't fit in any window
[2025-12-11T07:04:46.658Z] [Timeline] Hotspot 277 not open during visit window 18:25:00-21:25:00 on day 5, skipping
[2025-12-11T07:04:46.670Z] [Timeline] Hotspot 679 - currentSeconds: 66060, routeEndSeconds: 72000
[2025-12-11T07:04:46.696Z] [Timeline] Processing hotspot 679 for route 558
[2025-12-11T07:04:46.710Z] [Timeline] Hotspot 679 coords: lat=11.913052113056816, lon=79.82932149874199
[2025-12-11T07:04:46.765Z] [Timeline] Checking operating hours for hotspot 679: visit window 18:25:00-18:55:00 on day 5
[2025-12-11T07:04:46.797Z] [Timeline] Hotspot 679 operating hours OK
[2025-12-11T07:04:46.801Z] [Timeline] Travel type for "Pondicherry|Pondicherry Airport" -> "Pondicherry|Pondicherry Airport": 1 (1=local, 2=outstation)
[2025-12-11T07:04:46.891Z] [Timeline] Building hotspot row for hotspot_ID=679
[2025-12-11T07:04:46.923Z] [Timeline] Built hotspot row: item_type=4, hotspot_ID=679, order=9
[2025-12-11T07:04:47.015Z] [Timeline] Hotspot 669 - currentSeconds: 68100, routeEndSeconds: 72000
[2025-12-11T07:04:47.058Z] [Timeline] Processing hotspot 669 for route 558
[2025-12-11T07:04:47.068Z] [Timeline] Hotspot 669 coords: lat=11.882310987345338, lon=79.8244548517534
[2025-12-11T07:04:47.146Z] [Timeline] Checking operating hours for hotspot 669: visit window 19:03:00-20:03:00 on day 5
[2025-12-11T07:04:47.179Z] [Timeline] Hotspot 669 check window: 06:00:00-18:00:00, visit: 19:03:00-20:03:00
[2025-12-11T07:04:47.180Z] [Timeline] Hotspot 669 operating hours check FAILED - visit 19:03:00-20:03:00 doesn't fit in any window
[2025-12-11T07:04:47.218Z] [Timeline] Hotspot 669 not open during visit window 19:03:00-20:03:00 on day 5, skipping
[2025-12-11T07:04:47.276Z] [Timeline] Route 559 (Pondicherry → Pondicherry Airport): routeStartTime=08:00:00, routeEndTime=20:00:00, direct_to_next=0
[2025-12-11T07:04:47.307Z] [Timeline] Route 559 starting coords from location_id 5922: (11.9415915, 79.8083133)
[2025-12-11T07:04:47.340Z] [Timeline] Route 559 - Skipping refreshment row (last route) but advancing time by 01:00:00 to 09:00:00
[2025-12-11T07:04:47.351Z] [fetchSelectedHotspots] route 559 target="Pondicherry" next="Pondicherry Airport" dow=6
[2025-12-11T07:04:47.519Z] [fetchSelectedHotspots] Found 583 total active hotspots
[2025-12-11T07:04:47.530Z] [fetchSelectedHotspots] direct_to_next_visiting_place=0
[2025-12-11T07:04:47.552Z] [fetchSelectedHotspots] source="Pondicherry", destination="Pondicherry Airport"
[2025-12-11T07:04:47.593Z] [fetchSelectedHotspots] Starting coords from stored_locations: (13.0827989, 80.2754246)
[2025-12-11T07:04:47.625Z] [fetchSelectedHotspots] Hotspot 16 "Paradise Beach" → DESTINATION (matches "Pondicherry Airport" - PRIMARY - ONLY)
[2025-12-11T07:04:47.634Z] [fetchSelectedHotspots] Hotspot 17 "Sri Aurobindo Ashram" → DESTINATION (matches "Pondicherry Airport" - PRIMARY)
[2025-12-11T07:04:47.660Z] [fetchSelectedHotspots] Hotspot 18 "Auroville" → DESTINATION (matches "Pondicherry Airport" - PRIMARY)
[2025-12-11T07:04:47.678Z] [fetchSelectedHotspots] Hotspot 19 "Promenade Beach" → DESTINATION (matches "Pondicherry Airport" - PRIMARY)
[2025-12-11T07:04:47.702Z] [fetchSelectedHotspots] Hotspot 20 "Chunnambar Boathouse" → DESTINATION (matches "Pondicherry Airport" - PRIMARY)
[2025-12-11T07:04:47.724Z] [fetchSelectedHotspots] Hotspot 21 "The Basilica of the Sacred Heart of Jesus" → DESTINATION (matches "Pondicherry Airport" - PRIMARY)
[2025-12-11T07:04:47.743Z] [fetchSelectedHotspots] Hotspot 23 "French War Memorial" → DESTINATION (matches "Pondicherry Airport" - PRIMARY - ONLY)
[2025-12-11T07:04:47.764Z] [fetchSelectedHotspots] Hotspot 24 "The Pondicherry Museum" → DESTINATION (matches "Pondicherry Airport" - PRIMARY)
[2025-12-11T07:04:47.778Z] [fetchSelectedHotspots] Hotspot 25 "Manakula Vinayagar Temple" → DESTINATION (matches "Pondicherry Airport" - PRIMARY)
[2025-12-11T07:04:47.811Z] [fetchSelectedHotspots] Hotspot 277 "Pondicherry Backwater" → DESTINATION (matches "Pondicherry Airport" - PRIMARY)
[2025-12-11T07:04:47.837Z] [fetchSelectedHotspots] Hotspot 669 "Eden Beach - Blue flag Beach" → SOURCE (matches "Pondicherry" - PRIMARY)
[2025-12-11T07:04:47.846Z] [fetchSelectedHotspots] Hotspot 669 "Eden Beach - Blue flag Beach" → DESTINATION (matches "Pondicherry Airport")
[2025-12-11T07:04:47.878Z] [fetchSelectedHotspots] Hotspot 676 "Botanical Garden" → SOURCE (matches "Pondicherry" - PRIMARY)
[2025-12-11T07:04:47.892Z] [fetchSelectedHotspots] Hotspot 676 "Botanical Garden" → DESTINATION (matches "Pondicherry Airport")
[2025-12-11T07:04:47.914Z] [fetchSelectedHotspots] Hotspot 677 "Bharathi Park &amp; Aayi Mandapam" → SOURCE (matches "Pondicherry" - PRIMARY)
[2025-12-11T07:04:47.918Z] [fetchSelectedHotspots] Hotspot 677 "Bharathi Park &amp; Aayi Mandapam" → DESTINATION (matches "Pondicherry Airport")
[2025-12-11T07:04:47.935Z] [fetchSelectedHotspots] Hotspot 678 "French Colony" → SOURCE (matches "Pondicherry" - PRIMARY)
[2025-12-11T07:04:47.970Z] [fetchSelectedHotspots] Hotspot 678 "French Colony" → DESTINATION (matches "Pondicherry Airport")
[2025-12-11T07:04:48.041Z] [fetchSelectedHotspots] Hotspot 679 "Pondi Marina Beach" → SOURCE (matches "Pondicherry" - PRIMARY)
[2025-12-11T07:04:48.054Z] [fetchSelectedHotspots] Hotspot 679 "Pondi Marina Beach" → DESTINATION (matches "Pondicherry Airport")
[2025-12-11T07:04:48.087Z] [fetchSelectedHotspots] Filtered 5 priority-0 SOURCE hotspots (5 → 0)
[2025-12-11T07:04:48.093Z] [fetchSelectedHotspots] Categorized: source=0, destination=15, via=0
[2025-12-11T07:04:48.124Z] [fetchSelectedHotspots] direct_to_next_visiting_place=0: Processing SOURCE → DESTINATION → VIA
[2025-12-11T07:04:48.153Z] [fetchSelectedHotspots] Matched 15 hotspots after PHP ordering
[2025-12-11T07:04:48.170Z] [fetchSelectedHotspots] First 5 hotspots (sorted): ID=18 "Auroville" priority=1 distance=194.08km, ID=16 "Paradise Beach" priority=1 distance=209.31km, ID=25 "Manakula Vinayagar Temple" priority=2 distance=204.26km, ID=23 "French War Memorial" priority=3 distance=204.86km, ID=21 "The Basilica of the Sacred Heart of Jesus" priority=4 distance=206.23km
[2025-12-11T07:04:48.199Z] [fetchSelectedHotspots] Matched 15 hotspots for route 559
[2025-12-11T07:04:48.215Z] [Timeline] Route 559: Selected 15 hotspots
[2025-12-11T07:04:48.244Z] [Timeline] Route 559 - currentTime: 09:00:00, routeEndTime: 20:00:00, routeEndSeconds: 72000
[2025-12-11T07:04:48.253Z] [Timeline] Hotspot 18 - currentSeconds: 32400, routeEndSeconds: 72000
[2025-12-11T07:04:48.254Z] [Timeline] Processing hotspot 18 for route 559
[2025-12-11T07:04:48.260Z] [Timeline] Hotspot 18 coords: lat=12.008342334177776, lon=79.81781931258232
[2025-12-11T07:04:48.347Z] [Timeline] Checking operating hours for hotspot 18: visit window 09:17:00-11:17:00 on day 6
[2025-12-11T07:04:48.390Z] [Timeline] Hotspot 18 check window: 09:00:00-13:00:00, visit: 09:17:00-11:17:00
[2025-12-11T07:04:48.418Z] [Timeline] Hotspot 18 operating hours OK - entire visit 09:17:00-11:17:00 fits in 09:00:00-13:00:00
[2025-12-11T07:04:48.458Z] [Timeline] Hotspot 18 operating hours OK
[2025-12-11T07:04:48.467Z] [Timeline] Travel type for "Pondicherry" -> "Pondicherry Airport|Pondicherry": 1 (1=local, 2=outstation)
[2025-12-11T07:04:48.525Z] [Timeline] Building hotspot row for hotspot_ID=18
[2025-12-11T07:04:48.529Z] [Timeline] Built hotspot row: item_type=4, hotspot_ID=18, order=2
[2025-12-11T07:04:48.551Z] [Timeline] Hotspot 16 - currentSeconds: 40620, routeEndSeconds: 72000
[2025-12-11T07:04:48.558Z] [Timeline] Processing hotspot 16 for route 559
[2025-12-11T07:04:48.562Z] [Timeline] Hotspot 16 coords: lat=11.894346668881749, lon=79.86265715952393
[2025-12-11T07:04:48.658Z] [Timeline] Checking operating hours for hotspot 16: visit window 11:48:00-12:18:00 on day 6
[2025-12-11T07:04:48.704Z] [Timeline] Hotspot 16 check window: 09:00:00-18:00:00, visit: 11:48:00-12:18:00
[2025-12-11T07:04:48.717Z] [Timeline] Hotspot 16 operating hours OK - entire visit 11:48:00-12:18:00 fits in 09:00:00-18:00:00
[2025-12-11T07:04:48.745Z] [Timeline] Hotspot 16 operating hours OK
[2025-12-11T07:04:48.759Z] [Timeline] Travel type for "Pondicherry Airport|Pondicherry" -> "Pondicherry Airport": 1 (1=local, 2=outstation)
[2025-12-11T07:04:48.843Z] [Timeline] Building hotspot row for hotspot_ID=16
[2025-12-11T07:04:48.882Z] [Timeline] Built hotspot row: item_type=4, hotspot_ID=16, order=3
[2025-12-11T07:04:48.919Z] [Timeline] Hotspot 25 - currentSeconds: 44280, routeEndSeconds: 72000
[2025-12-11T07:04:48.961Z] [Timeline] Processing hotspot 25 for route 559
[2025-12-11T07:04:49.032Z] [Timeline] Hotspot 25 coords: lat=11.936184966220257, lon=79.83484226674099
[2025-12-11T07:04:49.086Z] [Timeline] Checking operating hours for hotspot 25: visit window 12:30:00-13:00:00 on day 6
[2025-12-11T07:04:49.117Z] [Timeline] Hotspot 25 check window: 05:45:00-12:30:00, visit: 12:30:00-13:00:00
[2025-12-11T07:04:49.136Z] [Timeline] Hotspot 25 check window: 16:00:00-20:00:00, visit: 12:30:00-13:00:00
[2025-12-11T07:04:49.150Z] [Timeline] Hotspot 25 operating hours check FAILED - visit 12:30:00-13:00:00 doesn't fit in any window
[2025-12-11T07:04:49.182Z] [Timeline] Hotspot 25 not open during visit window 12:30:00-13:00:00 on day 6, skipping
[2025-12-11T07:04:49.192Z] [Timeline] Hotspot 23 - currentSeconds: 44280, routeEndSeconds: 72000
[2025-12-11T07:04:49.226Z] [Timeline] Processing hotspot 23 for route 559
[2025-12-11T07:04:49.271Z] [Timeline] Hotspot 23 coords: lat=11.93212951685565, lon=79.83535346593922
[2025-12-11T07:04:49.316Z] [Timeline] Checking operating hours for hotspot 23: visit window 12:18:00-12:38:00 on day 6
[2025-12-11T07:04:49.351Z] [Timeline] Hotspot 23 operating hours OK
[2025-12-11T07:04:49.359Z] [Timeline] Travel type for "Pondicherry Airport" -> "Pondicherry Airport": 1 (1=local, 2=outstation)
[2025-12-11T07:04:49.421Z] [Timeline] Building hotspot row for hotspot_ID=23
[2025-12-11T07:04:49.457Z] [Timeline] Built hotspot row: item_type=4, hotspot_ID=23, order=4
[2025-12-11T07:04:49.492Z] [Timeline] Hotspot 21 - currentSeconds: 45480, routeEndSeconds: 72000
[2025-12-11T07:04:49.524Z] [Timeline] Processing hotspot 21 for route 559
[2025-12-11T07:04:49.527Z] [Timeline] Skipping hotspot 21 - already added to plan 5
[2025-12-11T07:04:49.533Z] [Timeline] Hotspot 19 - currentSeconds: 45480, routeEndSeconds: 72000
[2025-12-11T07:04:49.561Z] [Timeline] Processing hotspot 19 for route 559
[2025-12-11T07:04:49.570Z] [Timeline] Skipping hotspot 19 - already added to plan 5
[2025-12-11T07:04:49.593Z] [Timeline] Hotspot 20 - currentSeconds: 45480, routeEndSeconds: 72000
[2025-12-11T07:04:49.616Z] [Timeline] Processing hotspot 20 for route 559
[2025-12-11T07:04:49.634Z] [Timeline] Hotspot 20 coords: lat=11.883875481616602, lon=79.80141705562612
[2025-12-11T07:04:49.694Z] [Timeline] Checking operating hours for hotspot 20: visit window 12:53:00-13:53:00 on day 6
[2025-12-11T07:04:49.717Z] [Timeline] Hotspot 20 check window: 09:30:00-16:00:00, visit: 12:53:00-13:53:00
[2025-12-11T07:04:49.737Z] [Timeline] Hotspot 20 operating hours OK - entire visit 12:53:00-13:53:00 fits in 09:30:00-16:00:00
[2025-12-11T07:04:49.753Z] [Timeline] Hotspot 20 operating hours OK
[2025-12-11T07:04:49.768Z] [Timeline] Travel type for "Pondicherry Airport" -> "Pondicherry Airport|Pondicherry": 1 (1=local, 2=outstation)
[2025-12-11T07:04:49.892Z] [Timeline] Building hotspot row for hotspot_ID=20
[2025-12-11T07:04:49.931Z] [Timeline] Built hotspot row: item_type=4, hotspot_ID=20, order=5
[2025-12-11T07:04:50.035Z] [Timeline] Hotspot 17 - currentSeconds: 49980, routeEndSeconds: 72000
[2025-12-11T07:04:50.070Z] [Timeline] Processing hotspot 17 for route 559
[2025-12-11T07:04:50.083Z] [Timeline] Skipping hotspot 17 - already added to plan 5
[2025-12-11T07:04:50.113Z] [Timeline] Hotspot 24 - currentSeconds: 49980, routeEndSeconds: 72000
[2025-12-11T07:04:50.147Z] [Timeline] Processing hotspot 24 for route 559
[2025-12-11T07:04:50.188Z] [Timeline] Skipping hotspot 24 - already added to plan 5
[2025-12-11T07:04:50.194Z] [Timeline] Hotspot 677 - currentSeconds: 49980, routeEndSeconds: 72000
[2025-12-11T07:04:50.226Z] [Timeline] Processing hotspot 677 for route 559
[2025-12-11T07:04:50.245Z] [Timeline] Skipping hotspot 677 - already added to plan 5
[2025-12-11T07:04:50.264Z] [Timeline] Hotspot 678 - currentSeconds: 49980, routeEndSeconds: 72000
[2025-12-11T07:04:50.266Z] [Timeline] Processing hotspot 678 for route 559
[2025-12-11T07:04:50.288Z] [Timeline] Skipping hotspot 678 - already added to plan 5
[2025-12-11T07:04:50.317Z] [Timeline] Hotspot 676 - currentSeconds: 49980, routeEndSeconds: 72000
[2025-12-11T07:04:50.330Z] [Timeline] Processing hotspot 676 for route 559
[2025-12-11T07:04:50.393Z] [Timeline] Hotspot 676 coords: lat=11.930177048465467, lon=79.8224313245787
[2025-12-11T07:04:50.492Z] [Timeline] Checking operating hours for hotspot 676: visit window 14:06:00-15:06:00 on day 6
[2025-12-11T07:04:50.497Z] [Timeline] Hotspot 676 check window: 10:00:00-17:00:00, visit: 14:06:00-15:06:00
[2025-12-11T07:04:50.528Z] [Timeline] Hotspot 676 operating hours OK - entire visit 14:06:00-15:06:00 fits in 10:00:00-17:00:00
[2025-12-11T07:04:50.547Z] [Timeline] Hotspot 676 operating hours OK
[2025-12-11T07:04:50.600Z] [Timeline] Travel type for "Pondicherry Airport|Pondicherry" -> "Pondicherry|Pondicherry Airport": 1 (1=local, 2=outstation)
[2025-12-11T07:04:50.676Z] [Timeline] Building hotspot row for hotspot_ID=676
[2025-12-11T07:04:50.688Z] [Timeline] Built hotspot row: item_type=4, hotspot_ID=676, order=6
[2025-12-11T07:04:50.731Z] [Timeline] Hotspot 277 - currentSeconds: 54360, routeEndSeconds: 72000
[2025-12-11T07:04:50.748Z] [Timeline] Processing hotspot 277 for route 559
[2025-12-11T07:04:50.813Z] [Timeline] Hotspot 277 coords: lat=11.916309213225349, lon=79.82433098120615
[2025-12-11T07:04:51.179Z] [Timeline] Checking operating hours for hotspot 277: visit window 15:10:00-18:10:00 on day 6
[2025-12-11T07:04:51.209Z] [Timeline] Hotspot 277 check window: 09:00:00-18:00:00, visit: 15:10:00-18:10:00
[2025-12-11T07:04:51.253Z] [Timeline] Hotspot 277 operating hours check FAILED - visit 15:10:00-18:10:00 doesn't fit in any window
[2025-12-11T07:04:51.294Z] [Timeline] Hotspot 277 not open during visit window 15:10:00-18:10:00 on day 6, skipping
[2025-12-11T07:04:51.326Z] [Timeline] Hotspot 679 - currentSeconds: 54360, routeEndSeconds: 72000
[2025-12-11T07:04:51.342Z] [Timeline] Processing hotspot 679 for route 559
[2025-12-11T07:04:51.391Z] [Timeline] Skipping hotspot 679 - already added to plan 5
[2025-12-11T07:04:51.431Z] [Timeline] Hotspot 669 - currentSeconds: 54360, routeEndSeconds: 72000
[2025-12-11T07:04:51.435Z] [Timeline] Processing hotspot 669 for route 559
[2025-12-11T07:04:51.527Z] [Timeline] Hotspot 669 coords: lat=11.882310987345338, lon=79.8244548517534
[2025-12-11T07:04:51.604Z] [Timeline] Checking operating hours for hotspot 669: visit window 15:18:00-16:18:00 on day 6
[2025-12-11T07:04:51.634Z] [Timeline] Hotspot 669 check window: 06:00:00-18:00:00, visit: 15:18:00-16:18:00
[2025-12-11T07:04:51.652Z] [Timeline] Hotspot 669 operating hours OK - entire visit 15:18:00-16:18:00 fits in 06:00:00-18:00:00
[2025-12-11T07:04:51.698Z] [Timeline] Hotspot 669 operating hours OK
[2025-12-11T07:04:51.709Z] [Timeline] Travel type for "Pondicherry|Pondicherry Airport" -> "Pondicherry|Pondicherry Airport": 1 (1=local, 2=outstation)
[2025-12-11T07:04:51.900Z] [Timeline] Building hotspot row for hotspot_ID=669
[2025-12-11T07:04:52.003Z] [Timeline] Built hotspot row: item_type=4, hotspot_ID=669, order=7
[2025-12-11T07:04:52.068Z] [Timeline] Route 559 - Skipping hotel rows (last route - PHP behavior)
[2025-12-11T07:04:52.284Z] [Timeline] Returning 37 hotspot rows and 0 parking rows
[2025-12-11T07:04:52.491Z] [Timeline] Hotspot rows item_types: 1, 3, 4, 5, 6, 1, 3, 4, 3, 4, 3, 4, 3, 4, 3, 4, 3, 4, 3, 4, 3, 4, 5, 6, 3, 4, 3, 4, 3, 4, 3, 4, 3, 4, 3, 4, 7
[2025-12-11T07:04:52.527Z] [Timeline] Hotspot rows hotspot_IDs: , 5, 5, 0, 0, , 4, 4, 21, 21, 19, 19, 17, 17, 24, 24, 677, 677, 678, 678, 679, 679, 0, 0, 18, 18, 16, 16, 23, 23, 20, 20, 676, 676, 669, 669, 0
[2025-12-11T07:04:52.575Z] 
=== LOG FILE SAVED TO: D:\wamp64\www\dvi_fullstack\dvi_backend\tmp\hotspot_optimization_1765436649206.log ===

