[2025-12-11T07:06:08.438Z] === HOTSPOT OPTIMIZATION LOG ===
[2025-12-11T07:06:08.450Z] Started at: 2025-12-11T07:06:08.450Z

[2025-12-11T07:06:17.199Z] [Timeline] Route 560 (Chennai International Airport → Chennai): routeStartTime=11:00:00, routeEndTime=20:00:00, direct_to_next=0
[2025-12-11T07:06:17.223Z] [Timeline] Route 560 starting coords from location_id 165946: (12.9811068, 80.159623)
[2025-12-11T07:06:17.236Z] [Timeline] Route 560 - Added refreshment break: 11:00:00 - 12:00:00
[2025-12-11T07:06:17.269Z] [fetchSelectedHotspots] route 560 target="Chennai International Airport" next="Chennai" dow=4
[2025-12-11T07:06:17.442Z] [fetchSelectedHotspots] Found 583 total active hotspots
[2025-12-11T07:06:17.455Z] [fetchSelectedHotspots] direct_to_next_visiting_place=0
[2025-12-11T07:06:17.470Z] [fetchSelectedHotspots] source="Chennai International Airport", destination="Chennai"
[2025-12-11T07:06:17.495Z] [fetchSelectedHotspots] Starting coords from stored_locations: (12.9811068, 80.159623)
[2025-12-11T07:06:17.502Z] [fetchSelectedHotspots] Hotspot 4 "Kapaleeshwarar Temple" → SOURCE (matches "Chennai International Airport" - PRIMARY)
[2025-12-11T07:06:17.510Z] [fetchSelectedHotspots] Hotspot 4 "Kapaleeshwarar Temple" → DESTINATION (matches "Chennai")
[2025-12-11T07:06:17.522Z] [fetchSelectedHotspots] Hotspot 5 "Marina Beach" → SOURCE (matches "Chennai International Airport" - PRIMARY)
[2025-12-11T07:06:17.525Z] [fetchSelectedHotspots] Hotspot 5 "Marina Beach" → DESTINATION (matches "Chennai")
[2025-12-11T07:06:17.535Z] [fetchSelectedHotspots] Hotspot 6 "Fort St.George Museum" → SOURCE (matches "Chennai International Airport" - PRIMARY)
[2025-12-11T07:06:17.551Z] [fetchSelectedHotspots] Hotspot 7 "Government Museum Chennai" → SOURCE (matches "Chennai International Airport" - PRIMARY)
[2025-12-11T07:06:17.552Z] [fetchSelectedHotspots] Hotspot 8 "Santhome Cathedral Basilica" → SOURCE (matches "Chennai International Airport" - PRIMARY)
[2025-12-11T07:06:17.557Z] [fetchSelectedHotspots] Hotspot 9 "Thousand Lights Mosque" → SOURCE (matches "Chennai International Airport" - PRIMARY)
[2025-12-11T07:06:17.601Z] [fetchSelectedHotspots] Hotspot 10 "Guindy National Park" → SOURCE (matches "Chennai International Airport" - PRIMARY)
[2025-12-11T07:06:17.623Z] [fetchSelectedHotspots] Hotspot 11 "Parthasarathy Temple" → SOURCE (matches "Chennai International Airport" - PRIMARY)
[2025-12-11T07:06:17.640Z] [fetchSelectedHotspots] Hotspot 12 "Vivekanandar House" → SOURCE (matches "Chennai International Airport" - PRIMARY)
[2025-12-11T07:06:17.668Z] [fetchSelectedHotspots] Hotspot 13 "Arignar Anna Zoological Park" → SOURCE (matches "Chennai International Airport" - PRIMARY)
[2025-12-11T07:06:17.713Z] [fetchSelectedHotspots] Hotspot 290 "Vgp snow kingdom" → SOURCE (matches "Chennai International Airport" - PRIMARY)
[2025-12-11T07:06:17.724Z] [fetchSelectedHotspots] Hotspot 291 "Vgp marine kingdom" → SOURCE (matches "Chennai International Airport" - PRIMARY)
[2025-12-11T07:06:17.745Z] [fetchSelectedHotspots] Hotspot 292 "Guindy snake park" → SOURCE (matches "Chennai International Airport" - PRIMARY)
[2025-12-11T07:06:17.766Z] [fetchSelectedHotspots] Hotspot 293 "Queens land" → SOURCE (matches "Chennai International Airport" - PRIMARY)
[2025-12-11T07:06:17.804Z] [fetchSelectedHotspots] Hotspot 294 "light house marina" → SOURCE (matches "Chennai International Airport" - PRIMARY)
[2025-12-11T07:06:17.819Z] [fetchSelectedHotspots] Hotspot 296 "Anna tower park" → SOURCE (matches "Chennai International Airport" - PRIMARY)
[2025-12-11T07:06:17.838Z] [fetchSelectedHotspots] Hotspot 297 "B.M Birla planitourim." → SOURCE (matches "Chennai International Airport" - PRIMARY)
[2025-12-11T07:06:17.845Z] [fetchSelectedHotspots] Hotspot 298 "Click art museum" → SOURCE (matches "Chennai International Airport" - PRIMARY)
[2025-12-11T07:06:17.870Z] [fetchSelectedHotspots] Hotspot 299 "National art gallery" → SOURCE (matches "Chennai International Airport" - PRIMARY)
[2025-12-11T07:06:17.901Z] [fetchSelectedHotspots] Hotspot 300 "M G R  Memorial" → SOURCE (matches "Chennai International Airport" - PRIMARY)
[2025-12-11T07:06:17.904Z] [fetchSelectedHotspots] Hotspot 303 "Anna memorial." → SOURCE (matches "Chennai International Airport" - PRIMARY)
[2025-12-11T07:06:17.953Z] [fetchSelectedHotspots] Hotspot 544 "Shri Ashtalakshmi Temple" → SOURCE (matches "Chennai International Airport" - PRIMARY)
[2025-12-11T07:06:17.990Z] [fetchSelectedHotspots] Hotspot 544 "Shri Ashtalakshmi Temple" → DESTINATION (matches "Chennai")
[2025-12-11T07:06:18.015Z] [fetchSelectedHotspots] Filtered 14 priority-0 SOURCE hotspots (22 → 8)
[2025-12-11T07:06:18.056Z] [fetchSelectedHotspots] Categorized: source=8, destination=3, via=0
[2025-12-11T07:06:18.160Z] [fetchSelectedHotspots] AIRPORT ARRIVAL DETECTED: "Chennai International Airport" → "Chennai"
[2025-12-11T07:06:18.180Z] [fetchSelectedHotspots] direct_to_next_visiting_place=0 + AIRPORT ARRIVAL: Processing DESTINATION → VIA
[2025-12-11T07:06:18.203Z] [fetchSelectedHotspots] Matched 3 hotspots after PHP ordering
[2025-12-11T07:06:18.224Z] [fetchSelectedHotspots] First 5 hotspots (sorted): ID=4 "Kapaleeshwarar Temple" priority=1 distance=19.94km, ID=5 "Marina Beach" priority=2 distance=22.47km, ID=544 "Shri Ashtalakshmi Temple" priority=0 distance=18.11km
[2025-12-11T07:06:18.243Z] [fetchSelectedHotspots] Matched 3 hotspots for route 560
[2025-12-11T07:06:18.259Z] [Timeline] Route 560: Selected 3 hotspots
[2025-12-11T07:06:18.261Z] [Timeline] Route 560 - currentTime: 12:00:00, routeEndTime: 20:00:00, routeEndSeconds: 72000
[2025-12-11T07:06:18.284Z] [Timeline] Hotspot 4 - currentSeconds: 43200, routeEndSeconds: 72000
[2025-12-11T07:06:18.295Z] [Timeline] Processing hotspot 4 for route 560
[2025-12-11T07:06:18.327Z] [Timeline] Hotspot 4 coords: lat=13.033798514213936, lon=80.26977915213011
[2025-12-11T07:06:18.385Z] [Timeline] Checking operating hours for hotspot 4: visit window 12:30:00-13:30:00 on day 4
[2025-12-11T07:06:18.416Z] [Timeline] Hotspot 4 check window: 05:30:00-12:00:00, visit: 12:30:00-13:30:00
[2025-12-11T07:06:18.424Z] [Timeline] Hotspot 4 check window: 16:00:00-20:00:00, visit: 12:30:00-13:30:00
[2025-12-11T07:06:18.445Z] [Timeline] Hotspot 4 operating hours check FAILED - visit 12:30:00-13:30:00 doesn't fit in any window
[2025-12-11T07:06:18.452Z] [Timeline] Hotspot 4 not open during visit window 12:30:00-13:30:00 on day 4, skipping
[2025-12-11T07:06:18.474Z] [Timeline] Hotspot 5 - currentSeconds: 43200, routeEndSeconds: 72000
[2025-12-11T07:06:18.485Z] [Timeline] Processing hotspot 5 for route 560
[2025-12-11T07:06:18.519Z] [Timeline] Hotspot 5 coords: lat=13.051080243192029, lon=80.27775926313883
[2025-12-11T07:06:18.571Z] [Timeline] Checking operating hours for hotspot 5: visit window 12:34:00-13:34:00 on day 4
[2025-12-11T07:06:18.605Z] [Timeline] Hotspot 5 operating hours OK
[2025-12-11T07:06:18.635Z] [Timeline] Travel type for "Chennai International Airport" -> "Chennai International Airport|Chennai Domestic Airport|Chennai Central|Chennai|Chennai Egmore Station|Chennai Koyembedu|ECR Beach, Chennai, Tamil Nadu": 1 (1=local, 2=outstation)
[2025-12-11T07:06:18.689Z] [Timeline] Building hotspot row for hotspot_ID=5
[2025-12-11T07:06:18.723Z] [Timeline] Built hotspot row: item_type=4, hotspot_ID=5, order=2
[2025-12-11T07:06:18.756Z] [Timeline] Hotspot 544 - currentSeconds: 48840, routeEndSeconds: 72000
[2025-12-11T07:06:18.769Z] [Timeline] Processing hotspot 544 for route 560
[2025-12-11T07:06:18.793Z] [Timeline] Hotspot 544 coords: lat=12.993461140291483, lon=80.27030436931474
[2025-12-11T07:06:18.873Z] [Timeline] Checking operating hours for hotspot 544: visit window 13:49:00-19:49:00 on day 4
[2025-12-11T07:06:18.925Z] [Timeline] Hotspot 544 check window: 06:00:00-12:00:00, visit: 13:49:00-19:49:00
[2025-12-11T07:06:18.954Z] [Timeline] Hotspot 544 check window: 16:00:00-20:00:00, visit: 13:49:00-19:49:00
[2025-12-11T07:06:18.978Z] [Timeline] Hotspot 544 operating hours check FAILED - visit 13:49:00-19:49:00 doesn't fit in any window
[2025-12-11T07:06:19.006Z] [Timeline] Hotspot 544 not open during visit window 13:49:00-19:49:00 on day 4, skipping
[2025-12-11T07:06:19.057Z] [Timeline] Route 561 (Chennai → Pondicherry): routeStartTime=08:00:00, routeEndTime=20:00:00, direct_to_next=0
[2025-12-11T07:06:19.110Z] [Timeline] Route 561 starting coords from location_id 762: (13.0843007, 80.2704622)
[2025-12-11T07:06:19.191Z] [Timeline] Route 561 - Added refreshment break: 08:00:00 - 09:00:00
[2025-12-11T07:06:19.207Z] [fetchSelectedHotspots] route 561 target="Chennai" next="Pondicherry" dow=5
[2025-12-11T07:06:19.354Z] [fetchSelectedHotspots] Found 583 total active hotspots
[2025-12-11T07:06:19.442Z] [fetchSelectedHotspots] direct_to_next_visiting_place=0
[2025-12-11T07:06:19.528Z] [fetchSelectedHotspots] source="Chennai", destination="Pondicherry"
[2025-12-11T07:06:19.710Z] [fetchSelectedHotspots] Starting coords from stored_locations: (12.9811068, 80.159623)
[2025-12-11T07:06:19.812Z] [fetchSelectedHotspots] Hotspot 4 "Kapaleeshwarar Temple" → SOURCE (matches "Chennai")
[2025-12-11T07:06:19.855Z] [fetchSelectedHotspots] Hotspot 5 "Marina Beach" → SOURCE (matches "Chennai")
[2025-12-11T07:06:19.858Z] [fetchSelectedHotspots] Hotspot 17 "Sri Aurobindo Ashram" → DESTINATION (matches "Pondicherry")
[2025-12-11T07:06:19.862Z] [fetchSelectedHotspots] Hotspot 18 "Auroville" → DESTINATION (matches "Pondicherry")
[2025-12-11T07:06:19.887Z] [fetchSelectedHotspots] Hotspot 19 "Promenade Beach" → DESTINATION (matches "Pondicherry")
[2025-12-11T07:06:19.889Z] [fetchSelectedHotspots] Hotspot 20 "Chunnambar Boathouse" → DESTINATION (matches "Pondicherry")
[2025-12-11T07:06:19.898Z] [fetchSelectedHotspots] Hotspot 21 "The Basilica of the Sacred Heart of Jesus" → DESTINATION (matches "Pondicherry")
[2025-12-11T07:06:19.904Z] [fetchSelectedHotspots] Hotspot 24 "The Pondicherry Museum" → DESTINATION (matches "Pondicherry")
[2025-12-11T07:06:19.915Z] [fetchSelectedHotspots] Hotspot 25 "Manakula Vinayagar Temple" → DESTINATION (matches "Pondicherry")
[2025-12-11T07:06:19.951Z] [fetchSelectedHotspots] Hotspot 277 "Pondicherry Backwater" → DESTINATION (matches "Pondicherry")
[2025-12-11T07:06:19.968Z] [fetchSelectedHotspots] Hotspot 544 "Shri Ashtalakshmi Temple" → SOURCE (matches "Chennai")
[2025-12-11T07:06:19.987Z] [fetchSelectedHotspots] Hotspot 669 "Eden Beach - Blue flag Beach" → DESTINATION (matches "Pondicherry" - PRIMARY)
[2025-12-11T07:06:20.007Z] [fetchSelectedHotspots] Hotspot 676 "Botanical Garden" → DESTINATION (matches "Pondicherry" - PRIMARY)
[2025-12-11T07:06:20.034Z] [fetchSelectedHotspots] Hotspot 677 "Bharathi Park &amp; Aayi Mandapam" → DESTINATION (matches "Pondicherry" - PRIMARY)
[2025-12-11T07:06:20.043Z] [fetchSelectedHotspots] Hotspot 678 "French Colony" → DESTINATION (matches "Pondicherry" - PRIMARY)
[2025-12-11T07:06:20.078Z] [fetchSelectedHotspots] Hotspot 679 "Pondi Marina Beach" → DESTINATION (matches "Pondicherry" - PRIMARY)
[2025-12-11T07:06:20.141Z] [fetchSelectedHotspots] Filtered 1 priority-0 SOURCE hotspots (3 → 2)
[2025-12-11T07:06:20.169Z] [fetchSelectedHotspots] Categorized: source=2, destination=13, via=0
[2025-12-11T07:06:20.196Z] [fetchSelectedHotspots] direct_to_next_visiting_place=0: Processing SOURCE → DESTINATION → VIA
[2025-12-11T07:06:20.220Z] [fetchSelectedHotspots] Matched 15 hotspots after PHP ordering
[2025-12-11T07:06:20.243Z] [fetchSelectedHotspots] First 5 hotspots (sorted): ID=4 "Kapaleeshwarar Temple" priority=1 distance=19.94km, ID=5 "Marina Beach" priority=2 distance=22.47km, ID=18 "Auroville" priority=1 distance=171.53km, ID=25 "Manakula Vinayagar Temple" priority=2 distance=182.13km, ID=21 "The Basilica of the Sacred Heart of Jesus" priority=4 distance=184.07km
[2025-12-11T07:06:20.246Z] [fetchSelectedHotspots] Matched 15 hotspots for route 561
[2025-12-11T07:06:20.276Z] [Timeline] Route 561: Selected 15 hotspots
[2025-12-11T07:06:20.310Z] [Timeline] Route 561 - currentTime: 09:00:00, routeEndTime: 20:00:00, routeEndSeconds: 72000
[2025-12-11T07:06:20.315Z] [Timeline] Hotspot 4 - currentSeconds: 32400, routeEndSeconds: 72000
[2025-12-11T07:06:20.338Z] [Timeline] Processing hotspot 4 for route 561
[2025-12-11T07:06:20.356Z] [Timeline] Hotspot 4 coords: lat=13.033798514213936, lon=80.26977915213011
[2025-12-11T07:06:20.432Z] [Timeline] Checking operating hours for hotspot 4: visit window 09:13:00-10:13:00 on day 5
[2025-12-11T07:06:20.453Z] [Timeline] Hotspot 4 check window: 05:30:00-12:00:00, visit: 09:13:00-10:13:00
[2025-12-11T07:06:20.471Z] [Timeline] Hotspot 4 operating hours OK - entire visit 09:13:00-10:13:00 fits in 05:30:00-12:00:00
[2025-12-11T07:06:20.488Z] [Timeline] Hotspot 4 operating hours OK
[2025-12-11T07:06:20.501Z] [Timeline] Travel type for "Chennai" -> "Chennai International Airport|Chennai Domestic Airport|Chennai Central|Chennai|Chennai Egmore Station|Chennai Koyembedu|ECR Beach, Chennai, Tamil Nadu": 1 (1=local, 2=outstation)
[2025-12-11T07:06:20.558Z] [Timeline] Building hotspot row for hotspot_ID=4
[2025-12-11T07:06:20.582Z] [Timeline] Built hotspot row: item_type=4, hotspot_ID=4, order=2
[2025-12-11T07:06:20.621Z] [Timeline] Hotspot 5 - currentSeconds: 36780, routeEndSeconds: 72000
[2025-12-11T07:06:20.634Z] [Timeline] Processing hotspot 5 for route 561
[2025-12-11T07:06:20.661Z] [Timeline] Skipping hotspot 5 - already added to plan 5
[2025-12-11T07:06:20.673Z] [Timeline] Hotspot 18 - currentSeconds: 36780, routeEndSeconds: 72000
[2025-12-11T07:06:20.703Z] [Timeline] Processing hotspot 18 for route 561
[2025-12-11T07:06:20.775Z] [Timeline] Hotspot 18 coords: lat=12.008342334177776, lon=79.81781931258232
[2025-12-11T07:06:21.139Z] [Timeline] Checking operating hours for hotspot 18: visit window 13:19:00-15:19:00 on day 5
[2025-12-11T07:06:21.176Z] [Timeline] Hotspot 18 check window: 09:00:00-13:00:00, visit: 13:19:00-15:19:00
[2025-12-11T07:06:21.209Z] [Timeline] Hotspot 18 check window: 13:30:00-17:00:00, visit: 13:19:00-15:19:00
[2025-12-11T07:06:21.218Z] [Timeline] Hotspot 18 operating hours check FAILED - visit 13:19:00-15:19:00 doesn't fit in any window
[2025-12-11T07:06:21.252Z] [Timeline] Hotspot 18 not open during visit window 13:19:00-15:19:00 on day 5, skipping
[2025-12-11T07:06:21.284Z] [Timeline] Hotspot 25 - currentSeconds: 36780, routeEndSeconds: 72000
[2025-12-11T07:06:21.302Z] [Timeline] Processing hotspot 25 for route 561
[2025-12-11T07:06:21.342Z] [Timeline] Hotspot 25 coords: lat=11.936184966220257, lon=79.83484226674099
[2025-12-11T07:06:21.409Z] [Timeline] Checking operating hours for hotspot 25: visit window 13:29:00-13:59:00 on day 5
[2025-12-11T07:06:21.418Z] [Timeline] Hotspot 25 check window: 17:45:00-12:30:00, visit: 13:29:00-13:59:00
[2025-12-11T07:06:21.441Z] [Timeline] Hotspot 25 check window: 16:00:00-20:00:00, visit: 13:29:00-13:59:00
[2025-12-11T07:06:21.473Z] [Timeline] Hotspot 25 operating hours check FAILED - visit 13:29:00-13:59:00 doesn't fit in any window
[2025-12-11T07:06:21.503Z] [Timeline] Hotspot 25 not open during visit window 13:29:00-13:59:00 on day 5, skipping
[2025-12-11T07:06:21.517Z] [Timeline] Hotspot 21 - currentSeconds: 36780, routeEndSeconds: 72000
[2025-12-11T07:06:21.544Z] [Timeline] Processing hotspot 21 for route 561
[2025-12-11T07:06:21.573Z] [Timeline] Hotspot 21 coords: lat=11.926178758041798, lon=79.82779781515121
[2025-12-11T07:06:21.634Z] [Timeline] Checking operating hours for hotspot 21: visit window 13:31:00-14:01:00 on day 5
[2025-12-11T07:06:21.639Z] [Timeline] Hotspot 21 check window: 06:00:00-19:00:00, visit: 13:31:00-14:01:00
[2025-12-11T07:06:21.670Z] [Timeline] Hotspot 21 operating hours OK - entire visit 13:31:00-14:01:00 fits in 06:00:00-19:00:00
[2025-12-11T07:06:21.694Z] [Timeline] Hotspot 21 operating hours OK
[2025-12-11T07:06:21.724Z] [Timeline] Travel type for "Chennai International Airport|Chennai Domestic Airport|Chennai Central|Chennai|Chennai Egmore Station|Chennai Koyembedu|ECR Beach, Chennai, Tamil Nadu" -> "Pondicherry Airport|Pondicherry": 2 (1=local, 2=outstation)
[2025-12-11T07:06:21.788Z] [Timeline] Building hotspot row for hotspot_ID=21
[2025-12-11T07:06:21.812Z] [Timeline] Built hotspot row: item_type=4, hotspot_ID=21, order=3
[2025-12-11T07:06:21.849Z] [Timeline] Hotspot 19 - currentSeconds: 50460, routeEndSeconds: 72000
[2025-12-11T07:06:21.866Z] [Timeline] Processing hotspot 19 for route 561
[2025-12-11T07:06:21.900Z] [Timeline] Hotspot 19 coords: lat=11.931203427435934, lon=79.83580349426904
[2025-12-11T07:06:21.979Z] [Timeline] Checking operating hours for hotspot 19: visit window 14:03:00-15:03:00 on day 5
[2025-12-11T07:06:22.011Z] [Timeline] Hotspot 19 check window: 06:00:00-20:00:00, visit: 14:03:00-15:03:00
[2025-12-11T07:06:22.020Z] [Timeline] Hotspot 19 operating hours OK - entire visit 14:03:00-15:03:00 fits in 06:00:00-20:00:00
[2025-12-11T07:06:22.053Z] [Timeline] Hotspot 19 operating hours OK
[2025-12-11T07:06:22.126Z] [Timeline] Travel type for "Pondicherry Airport|Pondicherry" -> "Pondicherry Airport|Pondicherry": 1 (1=local, 2=outstation)
[2025-12-11T07:06:22.183Z] [Timeline] Building hotspot row for hotspot_ID=19
[2025-12-11T07:06:22.218Z] [Timeline] Built hotspot row: item_type=4, hotspot_ID=19, order=4
[2025-12-11T07:06:22.252Z] [Timeline] Hotspot 20 - currentSeconds: 54180, routeEndSeconds: 72000
[2025-12-11T07:06:22.282Z] [Timeline] Processing hotspot 20 for route 561
[2025-12-11T07:06:22.316Z] [Timeline] Hotspot 20 coords: lat=11.883875481616602, lon=79.80141705562612
[2025-12-11T07:06:22.362Z] [Timeline] Checking operating hours for hotspot 20: visit window 15:18:00-16:18:00 on day 5
[2025-12-11T07:06:22.401Z] [Timeline] Hotspot 20 check window: 09:30:00-16:00:00, visit: 15:18:00-16:18:00
[2025-12-11T07:06:22.423Z] [Timeline] Hotspot 20 operating hours check FAILED - visit 15:18:00-16:18:00 doesn't fit in any window
[2025-12-11T07:06:22.435Z] [Timeline] Hotspot 20 not open during visit window 15:18:00-16:18:00 on day 5, skipping
[2025-12-11T07:06:22.467Z] [Timeline] Hotspot 17 - currentSeconds: 54180, routeEndSeconds: 72000
[2025-12-11T07:06:22.489Z] [Timeline] Processing hotspot 17 for route 561
[2025-12-11T07:06:22.505Z] [Timeline] Hotspot 17 coords: lat=11.936929030828965, lon=79.83477998559515
[2025-12-11T07:06:22.585Z] [Timeline] Checking operating hours for hotspot 17: visit window 15:04:00-16:04:00 on day 5
[2025-12-11T07:06:22.593Z] [Timeline] Hotspot 17 check window: 10:30:00-19:00:00, visit: 15:04:00-16:04:00
[2025-12-11T07:06:22.620Z] [Timeline] Hotspot 17 operating hours OK - entire visit 15:04:00-16:04:00 fits in 10:30:00-19:00:00
[2025-12-11T07:06:22.650Z] [Timeline] Hotspot 17 operating hours OK
[2025-12-11T07:06:22.673Z] [Timeline] Travel type for "Pondicherry Airport|Pondicherry" -> "Pondicherry Airport|Pondicherry": 1 (1=local, 2=outstation)
[2025-12-11T07:06:22.743Z] [Timeline] Building hotspot row for hotspot_ID=17
[2025-12-11T07:06:22.760Z] [Timeline] Built hotspot row: item_type=4, hotspot_ID=17, order=5
[2025-12-11T07:06:22.777Z] [Timeline] Hotspot 24 - currentSeconds: 57840, routeEndSeconds: 72000
[2025-12-11T07:06:22.799Z] [Timeline] Processing hotspot 24 for route 561
[2025-12-11T07:06:22.822Z] [Timeline] Hotspot 24 coords: lat=11.934656339062595, lon=79.83484999477534
[2025-12-11T07:06:22.906Z] [Timeline] Checking operating hours for hotspot 24: visit window 16:05:00-16:35:00 on day 5
[2025-12-11T07:06:22.941Z] [Timeline] Hotspot 24 check window: 09:00:00-18:00:00, visit: 16:05:00-16:35:00
[2025-12-11T07:06:22.948Z] [Timeline] Hotspot 24 operating hours OK - entire visit 16:05:00-16:35:00 fits in 09:00:00-18:00:00
[2025-12-11T07:06:22.976Z] [Timeline] Hotspot 24 operating hours OK
[2025-12-11T07:06:22.983Z] [Timeline] Travel type for "Pondicherry Airport|Pondicherry" -> "Pondicherry Airport|Pondicherry": 1 (1=local, 2=outstation)
[2025-12-11T07:06:23.037Z] [Timeline] Building hotspot row for hotspot_ID=24
[2025-12-11T07:06:23.072Z] [Timeline] Built hotspot row: item_type=4, hotspot_ID=24, order=6
[2025-12-11T07:06:23.135Z] [Timeline] Hotspot 677 - currentSeconds: 59700, routeEndSeconds: 72000
[2025-12-11T07:06:23.141Z] [Timeline] Processing hotspot 677 for route 561
[2025-12-11T07:06:23.182Z] [Timeline] Hotspot 677 coords: lat=11.933029585291068, lon=79.83418306595088
[2025-12-11T07:06:23.273Z] [Timeline] Checking operating hours for hotspot 677: visit window 16:35:00-17:20:00 on day 5
[2025-12-11T07:06:23.305Z] [Timeline] Hotspot 677 check window: 06:00:00-19:00:00, visit: 16:35:00-17:20:00
[2025-12-11T07:06:23.337Z] [Timeline] Hotspot 677 operating hours OK - entire visit 16:35:00-17:20:00 fits in 06:00:00-19:00:00
[2025-12-11T07:06:23.339Z] [Timeline] Hotspot 677 operating hours OK
[2025-12-11T07:06:23.368Z] [Timeline] Travel type for "Pondicherry Airport|Pondicherry" -> "Pondicherry|Pondicherry Airport": 1 (1=local, 2=outstation)
[2025-12-11T07:06:23.428Z] [Timeline] Building hotspot row for hotspot_ID=677
[2025-12-11T07:06:23.451Z] [Timeline] Built hotspot row: item_type=4, hotspot_ID=677, order=7
[2025-12-11T07:06:23.462Z] [Timeline] Hotspot 678 - currentSeconds: 62400, routeEndSeconds: 72000
[2025-12-11T07:06:23.491Z] [Timeline] Processing hotspot 678 for route 561
[2025-12-11T07:06:23.498Z] [Timeline] Hotspot 678 coords: lat=11.928492248303817, lon=79.83303242117643
[2025-12-11T07:06:23.554Z] [Timeline] Checking operating hours for hotspot 678: visit window 17:21:00-18:21:00 on day 5
[2025-12-11T07:06:23.584Z] [Timeline] Hotspot 678 operating hours OK
[2025-12-11T07:06:23.611Z] [Timeline] Travel type for "Pondicherry|Pondicherry Airport" -> "Pondicherry|Pondicherry Airport": 1 (1=local, 2=outstation)
[2025-12-11T07:06:23.675Z] [Timeline] Building hotspot row for hotspot_ID=678
[2025-12-11T07:06:23.712Z] [Timeline] Built hotspot row: item_type=4, hotspot_ID=678, order=8
[2025-12-11T07:06:23.749Z] [Timeline] Hotspot 676 - currentSeconds: 66060, routeEndSeconds: 72000
[2025-12-11T07:06:23.776Z] [Timeline] Processing hotspot 676 for route 561
[2025-12-11T07:06:23.791Z] [Timeline] Hotspot 676 coords: lat=11.930177048465467, lon=79.8224313245787
[2025-12-11T07:06:23.868Z] [Timeline] Checking operating hours for hotspot 676: visit window 18:24:00-19:24:00 on day 5
[2025-12-11T07:06:23.891Z] [Timeline] Hotspot 676 check window: 10:00:00-17:00:00, visit: 18:24:00-19:24:00
[2025-12-11T07:06:23.901Z] [Timeline] Hotspot 676 operating hours check FAILED - visit 18:24:00-19:24:00 doesn't fit in any window
[2025-12-11T07:06:23.920Z] [Timeline] Hotspot 676 not open during visit window 18:24:00-19:24:00 on day 5, skipping
[2025-12-11T07:06:23.934Z] [Timeline] Hotspot 277 - currentSeconds: 66060, routeEndSeconds: 72000
[2025-12-11T07:06:23.938Z] [Timeline] Processing hotspot 277 for route 561
[2025-12-11T07:06:23.944Z] [Timeline] Hotspot 277 coords: lat=11.916309213225349, lon=79.82433098120615
[2025-12-11T07:06:24.015Z] [Timeline] Checking operating hours for hotspot 277: visit window 18:25:00-21:25:00 on day 5
[2025-12-11T07:06:24.020Z] [Timeline] Hotspot 277 check window: 09:00:00-18:00:00, visit: 18:25:00-21:25:00
[2025-12-11T07:06:24.040Z] [Timeline] Hotspot 277 operating hours check FAILED - visit 18:25:00-21:25:00 doesn't fit in any window
[2025-12-11T07:06:24.088Z] [Timeline] Hotspot 277 not open during visit window 18:25:00-21:25:00 on day 5, skipping
[2025-12-11T07:06:24.133Z] [Timeline] Hotspot 679 - currentSeconds: 66060, routeEndSeconds: 72000
[2025-12-11T07:06:24.140Z] [Timeline] Processing hotspot 679 for route 561
[2025-12-11T07:06:24.174Z] [Timeline] Hotspot 679 coords: lat=11.913052113056816, lon=79.82932149874199
[2025-12-11T07:06:24.249Z] [Timeline] Checking operating hours for hotspot 679: visit window 18:25:00-18:55:00 on day 5
[2025-12-11T07:06:24.253Z] [Timeline] Hotspot 679 operating hours OK
[2025-12-11T07:06:24.287Z] [Timeline] Travel type for "Pondicherry|Pondicherry Airport" -> "Pondicherry|Pondicherry Airport": 1 (1=local, 2=outstation)
[2025-12-11T07:06:24.343Z] [Timeline] Building hotspot row for hotspot_ID=679
[2025-12-11T07:06:24.376Z] [Timeline] Built hotspot row: item_type=4, hotspot_ID=679, order=9
[2025-12-11T07:06:24.404Z] [Timeline] Hotspot 669 - currentSeconds: 68100, routeEndSeconds: 72000
[2025-12-11T07:06:24.416Z] [Timeline] Processing hotspot 669 for route 561
[2025-12-11T07:06:24.439Z] [Timeline] Hotspot 669 coords: lat=11.882310987345338, lon=79.8244548517534
[2025-12-11T07:06:24.501Z] [Timeline] Checking operating hours for hotspot 669: visit window 19:03:00-20:03:00 on day 5
[2025-12-11T07:06:24.529Z] [Timeline] Hotspot 669 check window: 06:00:00-18:00:00, visit: 19:03:00-20:03:00
[2025-12-11T07:06:24.549Z] [Timeline] Hotspot 669 operating hours check FAILED - visit 19:03:00-20:03:00 doesn't fit in any window
[2025-12-11T07:06:24.557Z] [Timeline] Hotspot 669 not open during visit window 19:03:00-20:03:00 on day 5, skipping
[2025-12-11T07:06:24.599Z] [Timeline] Route 562 (Pondicherry → Pondicherry Airport): routeStartTime=08:00:00, routeEndTime=20:00:00, direct_to_next=0
[2025-12-11T07:06:24.620Z] [Timeline] Route 562 starting coords from location_id 5922: (11.9415915, 79.8083133)
[2025-12-11T07:06:24.697Z] [Timeline] Route 562 - Skipping refreshment row (last route) but advancing time by 01:00:00 to 09:00:00
[2025-12-11T07:06:24.852Z] [fetchSelectedHotspots] route 562 target="Pondicherry" next="Pondicherry Airport" dow=6
[2025-12-11T07:06:25.146Z] [fetchSelectedHotspots] Found 583 total active hotspots
[2025-12-11T07:06:25.173Z] [fetchSelectedHotspots] direct_to_next_visiting_place=0
[2025-12-11T07:06:25.183Z] [fetchSelectedHotspots] source="Pondicherry", destination="Pondicherry Airport"
[2025-12-11T07:06:25.226Z] [fetchSelectedHotspots] Starting coords from stored_locations: (13.0827989, 80.2754246)
[2025-12-11T07:06:25.257Z] [fetchSelectedHotspots] Hotspot 16 "Paradise Beach" → DESTINATION (matches "Pondicherry Airport" - PRIMARY - ONLY)
[2025-12-11T07:06:25.261Z] [fetchSelectedHotspots] Hotspot 17 "Sri Aurobindo Ashram" → DESTINATION (matches "Pondicherry Airport" - PRIMARY)
[2025-12-11T07:06:25.267Z] [fetchSelectedHotspots] Hotspot 18 "Auroville" → DESTINATION (matches "Pondicherry Airport" - PRIMARY)
[2025-12-11T07:06:25.300Z] [fetchSelectedHotspots] Hotspot 19 "Promenade Beach" → DESTINATION (matches "Pondicherry Airport" - PRIMARY)
[2025-12-11T07:06:25.310Z] [fetchSelectedHotspots] Hotspot 20 "Chunnambar Boathouse" → DESTINATION (matches "Pondicherry Airport" - PRIMARY)
[2025-12-11T07:06:25.338Z] [fetchSelectedHotspots] Hotspot 21 "The Basilica of the Sacred Heart of Jesus" → DESTINATION (matches "Pondicherry Airport" - PRIMARY)
[2025-12-11T07:06:25.343Z] [fetchSelectedHotspots] Hotspot 23 "French War Memorial" → DESTINATION (matches "Pondicherry Airport" - PRIMARY - ONLY)
[2025-12-11T07:06:25.379Z] [fetchSelectedHotspots] Hotspot 24 "The Pondicherry Museum" → DESTINATION (matches "Pondicherry Airport" - PRIMARY)
[2025-12-11T07:06:25.386Z] [fetchSelectedHotspots] Hotspot 25 "Manakula Vinayagar Temple" → DESTINATION (matches "Pondicherry Airport" - PRIMARY)
[2025-12-11T07:06:25.421Z] [fetchSelectedHotspots] Hotspot 277 "Pondicherry Backwater" → DESTINATION (matches "Pondicherry Airport" - PRIMARY)
[2025-12-11T07:06:25.433Z] [fetchSelectedHotspots] Hotspot 669 "Eden Beach - Blue flag Beach" → SOURCE (matches "Pondicherry" - PRIMARY)
[2025-12-11T07:06:25.465Z] [fetchSelectedHotspots] Hotspot 669 "Eden Beach - Blue flag Beach" → DESTINATION (matches "Pondicherry Airport")
[2025-12-11T07:06:25.475Z] [fetchSelectedHotspots] Hotspot 676 "Botanical Garden" → SOURCE (matches "Pondicherry" - PRIMARY)
[2025-12-11T07:06:25.495Z] [fetchSelectedHotspots] Hotspot 676 "Botanical Garden" → DESTINATION (matches "Pondicherry Airport")
[2025-12-11T07:06:25.516Z] [fetchSelectedHotspots] Hotspot 677 "Bharathi Park &amp; Aayi Mandapam" → SOURCE (matches "Pondicherry" - PRIMARY)
[2025-12-11T07:06:25.536Z] [fetchSelectedHotspots] Hotspot 677 "Bharathi Park &amp; Aayi Mandapam" → DESTINATION (matches "Pondicherry Airport")
[2025-12-11T07:06:25.555Z] [fetchSelectedHotspots] Hotspot 678 "French Colony" → SOURCE (matches "Pondicherry" - PRIMARY)
[2025-12-11T07:06:25.585Z] [fetchSelectedHotspots] Hotspot 678 "French Colony" → DESTINATION (matches "Pondicherry Airport")
[2025-12-11T07:06:25.597Z] [fetchSelectedHotspots] Hotspot 679 "Pondi Marina Beach" → SOURCE (matches "Pondicherry" - PRIMARY)
[2025-12-11T07:06:25.624Z] [fetchSelectedHotspots] Hotspot 679 "Pondi Marina Beach" → DESTINATION (matches "Pondicherry Airport")
[2025-12-11T07:06:25.641Z] [fetchSelectedHotspots] Filtered 5 priority-0 SOURCE hotspots (5 → 0)
[2025-12-11T07:06:25.660Z] [fetchSelectedHotspots] Categorized: source=0, destination=15, via=0
[2025-12-11T07:06:25.676Z] [fetchSelectedHotspots] direct_to_next_visiting_place=0: Processing SOURCE → DESTINATION → VIA
[2025-12-11T07:06:25.693Z] [fetchSelectedHotspots] Matched 15 hotspots after PHP ordering
[2025-12-11T07:06:25.705Z] [fetchSelectedHotspots] First 5 hotspots (sorted): ID=18 "Auroville" priority=1 distance=194.08km, ID=16 "Paradise Beach" priority=1 distance=209.31km, ID=25 "Manakula Vinayagar Temple" priority=2 distance=204.26km, ID=23 "French War Memorial" priority=3 distance=204.86km, ID=21 "The Basilica of the Sacred Heart of Jesus" priority=4 distance=206.23km
[2025-12-11T07:06:25.726Z] [fetchSelectedHotspots] Matched 15 hotspots for route 562
[2025-12-11T07:06:25.750Z] [Timeline] Route 562: Selected 15 hotspots
[2025-12-11T07:06:25.762Z] [Timeline] Route 562 - currentTime: 09:00:00, routeEndTime: 20:00:00, routeEndSeconds: 72000
[2025-12-11T07:06:25.785Z] [Timeline] Hotspot 18 - currentSeconds: 32400, routeEndSeconds: 72000
[2025-12-11T07:06:25.803Z] [Timeline] Processing hotspot 18 for route 562
[2025-12-11T07:06:25.825Z] [Timeline] Hotspot 18 coords: lat=12.008342334177776, lon=79.81781931258232
[2025-12-11T07:06:25.894Z] [Timeline] Checking operating hours for hotspot 18: visit window 09:17:00-11:17:00 on day 6
[2025-12-11T07:06:25.933Z] [Timeline] Hotspot 18 check window: 09:00:00-13:00:00, visit: 09:17:00-11:17:00
[2025-12-11T07:06:25.968Z] [Timeline] Hotspot 18 operating hours OK - entire visit 09:17:00-11:17:00 fits in 09:00:00-13:00:00
[2025-12-11T07:06:25.979Z] [Timeline] Hotspot 18 operating hours OK
[2025-12-11T07:06:25.986Z] [Timeline] Travel type for "Pondicherry" -> "Pondicherry Airport|Pondicherry": 1 (1=local, 2=outstation)
[2025-12-11T07:06:26.139Z] [Timeline] Building hotspot row for hotspot_ID=18
[2025-12-11T07:06:26.184Z] [Timeline] Built hotspot row: item_type=4, hotspot_ID=18, order=2
[2025-12-11T07:06:26.231Z] [Timeline] Hotspot 16 - currentSeconds: 40620, routeEndSeconds: 72000
[2025-12-11T07:06:26.251Z] [Timeline] Processing hotspot 16 for route 562
[2025-12-11T07:06:26.270Z] [Timeline] Hotspot 16 coords: lat=11.894346668881749, lon=79.86265715952393
[2025-12-11T07:06:26.508Z] [Timeline] Checking operating hours for hotspot 16: visit window 11:48:00-12:18:00 on day 6
[2025-12-11T07:06:26.588Z] [Timeline] Hotspot 16 check window: 09:00:00-18:00:00, visit: 11:48:00-12:18:00
[2025-12-11T07:06:26.635Z] [Timeline] Hotspot 16 operating hours OK - entire visit 11:48:00-12:18:00 fits in 09:00:00-18:00:00
[2025-12-11T07:06:26.672Z] [Timeline] Hotspot 16 operating hours OK
[2025-12-11T07:06:26.689Z] [Timeline] Travel type for "Pondicherry Airport|Pondicherry" -> "Pondicherry Airport": 1 (1=local, 2=outstation)
[2025-12-11T07:06:26.994Z] [Timeline] Building hotspot row for hotspot_ID=16
[2025-12-11T07:06:27.098Z] [Timeline] Built hotspot row: item_type=4, hotspot_ID=16, order=3
[2025-12-11T07:06:27.168Z] [Timeline] Hotspot 25 - currentSeconds: 44280, routeEndSeconds: 72000
[2025-12-11T07:06:27.172Z] [Timeline] Processing hotspot 25 for route 562
[2025-12-11T07:06:27.208Z] [Timeline] Hotspot 25 coords: lat=11.936184966220257, lon=79.83484226674099
[2025-12-11T07:06:27.309Z] [Timeline] Checking operating hours for hotspot 25: visit window 12:30:00-13:00:00 on day 6
[2025-12-11T07:06:27.360Z] [Timeline] Hotspot 25 check window: 05:45:00-12:30:00, visit: 12:30:00-13:00:00
[2025-12-11T07:06:27.390Z] [Timeline] Hotspot 25 check window: 16:00:00-20:00:00, visit: 12:30:00-13:00:00
[2025-12-11T07:06:27.404Z] [Timeline] Hotspot 25 operating hours check FAILED - visit 12:30:00-13:00:00 doesn't fit in any window
[2025-12-11T07:06:27.424Z] [Timeline] Hotspot 25 not open during visit window 12:30:00-13:00:00 on day 6, skipping
[2025-12-11T07:06:27.444Z] [Timeline] Hotspot 23 - currentSeconds: 44280, routeEndSeconds: 72000
[2025-12-11T07:06:27.467Z] [Timeline] Processing hotspot 23 for route 562
[2025-12-11T07:06:27.498Z] [Timeline] Hotspot 23 coords: lat=11.93212951685565, lon=79.83535346593922
[2025-12-11T07:06:27.528Z] [Timeline] Checking operating hours for hotspot 23: visit window 12:18:00-12:38:00 on day 6
[2025-12-11T07:06:27.553Z] [Timeline] Hotspot 23 operating hours OK
[2025-12-11T07:06:27.561Z] [Timeline] Travel type for "Pondicherry Airport" -> "Pondicherry Airport": 1 (1=local, 2=outstation)
[2025-12-11T07:06:27.599Z] [Timeline] Building hotspot row for hotspot_ID=23
[2025-12-11T07:06:27.627Z] [Timeline] Built hotspot row: item_type=4, hotspot_ID=23, order=4
[2025-12-11T07:06:27.666Z] [Timeline] Hotspot 21 - currentSeconds: 45480, routeEndSeconds: 72000
[2025-12-11T07:06:27.684Z] [Timeline] Processing hotspot 21 for route 562
[2025-12-11T07:06:27.694Z] [Timeline] Skipping hotspot 21 - already added to plan 5
[2025-12-11T07:06:27.723Z] [Timeline] Hotspot 19 - currentSeconds: 45480, routeEndSeconds: 72000
[2025-12-11T07:06:27.733Z] [Timeline] Processing hotspot 19 for route 562
[2025-12-11T07:06:27.742Z] [Timeline] Skipping hotspot 19 - already added to plan 5
[2025-12-11T07:06:27.767Z] [Timeline] Hotspot 20 - currentSeconds: 45480, routeEndSeconds: 72000
[2025-12-11T07:06:27.798Z] [Timeline] Processing hotspot 20 for route 562
[2025-12-11T07:06:27.832Z] [Timeline] Hotspot 20 coords: lat=11.883875481616602, lon=79.80141705562612
[2025-12-11T07:06:27.885Z] [Timeline] Checking operating hours for hotspot 20: visit window 12:53:00-13:53:00 on day 6
[2025-12-11T07:06:27.923Z] [Timeline] Hotspot 20 check window: 09:30:00-16:00:00, visit: 12:53:00-13:53:00
[2025-12-11T07:06:27.935Z] [Timeline] Hotspot 20 operating hours OK - entire visit 12:53:00-13:53:00 fits in 09:30:00-16:00:00
[2025-12-11T07:06:27.966Z] [Timeline] Hotspot 20 operating hours OK
[2025-12-11T07:06:27.980Z] [Timeline] Travel type for "Pondicherry Airport" -> "Pondicherry Airport|Pondicherry": 1 (1=local, 2=outstation)
[2025-12-11T07:06:28.120Z] [Timeline] Building hotspot row for hotspot_ID=20
[2025-12-11T07:06:28.144Z] [Timeline] Built hotspot row: item_type=4, hotspot_ID=20, order=5
[2025-12-11T07:06:28.181Z] [Timeline] Hotspot 17 - currentSeconds: 49980, routeEndSeconds: 72000
[2025-12-11T07:06:28.187Z] [Timeline] Processing hotspot 17 for route 562
[2025-12-11T07:06:28.191Z] [Timeline] Skipping hotspot 17 - already added to plan 5
[2025-12-11T07:06:28.214Z] [Timeline] Hotspot 24 - currentSeconds: 49980, routeEndSeconds: 72000
[2025-12-11T07:06:28.236Z] [Timeline] Processing hotspot 24 for route 562
[2025-12-11T07:06:28.255Z] [Timeline] Skipping hotspot 24 - already added to plan 5
[2025-12-11T07:06:28.279Z] [Timeline] Hotspot 677 - currentSeconds: 49980, routeEndSeconds: 72000
[2025-12-11T07:06:28.294Z] [Timeline] Processing hotspot 677 for route 562
[2025-12-11T07:06:28.298Z] [Timeline] Skipping hotspot 677 - already added to plan 5
[2025-12-11T07:06:28.320Z] [Timeline] Hotspot 678 - currentSeconds: 49980, routeEndSeconds: 72000
[2025-12-11T07:06:28.341Z] [Timeline] Processing hotspot 678 for route 562
[2025-12-11T07:06:28.357Z] [Timeline] Skipping hotspot 678 - already added to plan 5
[2025-12-11T07:06:28.382Z] [Timeline] Hotspot 676 - currentSeconds: 49980, routeEndSeconds: 72000
[2025-12-11T07:06:28.386Z] [Timeline] Processing hotspot 676 for route 562
[2025-12-11T07:06:28.417Z] [Timeline] Hotspot 676 coords: lat=11.930177048465467, lon=79.8224313245787
[2025-12-11T07:06:28.487Z] [Timeline] Checking operating hours for hotspot 676: visit window 14:06:00-15:06:00 on day 6
[2025-12-11T07:06:28.558Z] [Timeline] Hotspot 676 check window: 10:00:00-17:00:00, visit: 14:06:00-15:06:00
[2025-12-11T07:06:28.703Z] [Timeline] Hotspot 676 operating hours OK - entire visit 14:06:00-15:06:00 fits in 10:00:00-17:00:00
[2025-12-11T07:06:28.841Z] [Timeline] Hotspot 676 operating hours OK
[2025-12-11T07:06:28.903Z] [Timeline] Travel type for "Pondicherry Airport|Pondicherry" -> "Pondicherry|Pondicherry Airport": 1 (1=local, 2=outstation)
[2025-12-11T07:06:29.033Z] [Timeline] Building hotspot row for hotspot_ID=676
[2025-12-11T07:06:29.057Z] [Timeline] Built hotspot row: item_type=4, hotspot_ID=676, order=6
[2025-12-11T07:06:29.136Z] [Timeline] Hotspot 277 - currentSeconds: 54360, routeEndSeconds: 72000
[2025-12-11T07:06:29.149Z] [Timeline] Processing hotspot 277 for route 562
[2025-12-11T07:06:29.175Z] [Timeline] Hotspot 277 coords: lat=11.916309213225349, lon=79.82433098120615
[2025-12-11T07:06:29.262Z] [Timeline] Checking operating hours for hotspot 277: visit window 15:10:00-18:10:00 on day 6
[2025-12-11T07:06:29.303Z] [Timeline] Hotspot 277 check window: 09:00:00-18:00:00, visit: 15:10:00-18:10:00
[2025-12-11T07:06:29.308Z] [Timeline] Hotspot 277 operating hours check FAILED - visit 15:10:00-18:10:00 doesn't fit in any window
[2025-12-11T07:06:29.346Z] [Timeline] Hotspot 277 not open during visit window 15:10:00-18:10:00 on day 6, skipping
[2025-12-11T07:06:29.364Z] [Timeline] Hotspot 679 - currentSeconds: 54360, routeEndSeconds: 72000
[2025-12-11T07:06:29.390Z] [Timeline] Processing hotspot 679 for route 562
[2025-12-11T07:06:29.401Z] [Timeline] Skipping hotspot 679 - already added to plan 5
[2025-12-11T07:06:29.427Z] [Timeline] Hotspot 669 - currentSeconds: 54360, routeEndSeconds: 72000
[2025-12-11T07:06:29.442Z] [Timeline] Processing hotspot 669 for route 562
[2025-12-11T07:06:29.482Z] [Timeline] Hotspot 669 coords: lat=11.882310987345338, lon=79.8244548517534
[2025-12-11T07:06:29.550Z] [Timeline] Checking operating hours for hotspot 669: visit window 15:18:00-16:18:00 on day 6
[2025-12-11T07:06:29.587Z] [Timeline] Hotspot 669 check window: 06:00:00-18:00:00, visit: 15:18:00-16:18:00
[2025-12-11T07:06:29.590Z] [Timeline] Hotspot 669 operating hours OK - entire visit 15:18:00-16:18:00 fits in 06:00:00-18:00:00
[2025-12-11T07:06:29.610Z] [Timeline] Hotspot 669 operating hours OK
[2025-12-11T07:06:29.633Z] [Timeline] Travel type for "Pondicherry|Pondicherry Airport" -> "Pondicherry|Pondicherry Airport": 1 (1=local, 2=outstation)
[2025-12-11T07:06:29.723Z] [Timeline] Building hotspot row for hotspot_ID=669
[2025-12-11T07:06:29.751Z] [Timeline] Built hotspot row: item_type=4, hotspot_ID=669, order=7
[2025-12-11T07:06:29.771Z] [Timeline] Route 562 - Skipping hotel rows (last route - PHP behavior)
[2025-12-11T07:06:29.816Z] [Timeline] Returning 37 hotspot rows and 0 parking rows
[2025-12-11T07:06:29.840Z] [Timeline] Hotspot rows item_types: 1, 3, 4, 5, 6, 1, 3, 4, 3, 4, 3, 4, 3, 4, 3, 4, 3, 4, 3, 4, 3, 4, 5, 6, 3, 4, 3, 4, 3, 4, 3, 4, 3, 4, 3, 4, 7
[2025-12-11T07:06:29.852Z] [Timeline] Hotspot rows hotspot_IDs: , 5, 5, 0, 0, , 4, 4, 21, 21, 19, 19, 17, 17, 24, 24, 677, 677, 678, 678, 679, 679, 0, 0, 18, 18, 16, 16, 23, 23, 20, 20, 676, 676, 669, 669, 0
[2025-12-11T07:06:29.882Z] 
=== LOG FILE SAVED TO: D:\wamp64\www\dvi_fullstack\dvi_backend\tmp\hotspot_optimization_1765436768438.log ===

