[2025-12-10T17:42:11.832Z] === HOTSPOT OPTIMIZATION LOG ===
[2025-12-10T17:42:11.835Z] Started at: 2025-12-10T17:42:11.835Z

[2025-12-10T17:42:37.796Z] [Timeline] Route 385 (Chennai International Airport → Chennai): routeStartTime=11:00:00, routeEndTime=20:00:00, direct_to_next=0
[2025-12-10T17:42:37.804Z] [Timeline] Route 385 starting coords from location_id 165946: (12.9811068, 80.159623)
[2025-12-10T17:42:37.817Z] [Timeline] Route 385 - Added refreshment break: 11:00:00 - 12:00:00
[2025-12-10T17:42:37.823Z] [fetchSelectedHotspots] route 385 target="Chennai International Airport" next="Chennai" dow=2
[2025-12-10T17:42:37.915Z] [fetchSelectedHotspots] Found 583 total active hotspots
[2025-12-10T17:42:37.922Z] [fetchSelectedHotspots] direct_to_next_visiting_place=0
[2025-12-10T17:42:37.923Z] [fetchSelectedHotspots] source="Chennai International Airport", destination="Chennai"
[2025-12-10T17:42:37.927Z] [fetchSelectedHotspots] Starting coords from stored_locations: (12.9811068, 80.159623)
[2025-12-10T17:42:37.929Z] [fetchSelectedHotspots] Hotspot 4 "Kapaleeshwarar Temple" → SOURCE (matches "Chennai International Airport")
[2025-12-10T17:42:37.931Z] [fetchSelectedHotspots] Hotspot 4 "Kapaleeshwarar Temple" → DESTINATION (matches "Chennai")
[2025-12-10T17:42:37.933Z] [fetchSelectedHotspots] Hotspot 5 "Marina Beach" → SOURCE (matches "Chennai International Airport")
[2025-12-10T17:42:37.935Z] [fetchSelectedHotspots] Hotspot 5 "Marina Beach" → DESTINATION (matches "Chennai")
[2025-12-10T17:42:37.936Z] [fetchSelectedHotspots] Hotspot 6 "Fort St.George Museum" → SOURCE (matches "Chennai International Airport")
[2025-12-10T17:42:37.938Z] [fetchSelectedHotspots] Hotspot 7 "Government Museum Chennai" → SOURCE (matches "Chennai International Airport")
[2025-12-10T17:42:37.940Z] [fetchSelectedHotspots] Hotspot 8 "Santhome Cathedral Basilica" → SOURCE (matches "Chennai International Airport")
[2025-12-10T17:42:37.942Z] [fetchSelectedHotspots] Hotspot 9 "Thousand Lights Mosque" → SOURCE (matches "Chennai International Airport")
[2025-12-10T17:42:37.945Z] [fetchSelectedHotspots] Hotspot 10 "Guindy National Park" → SOURCE (matches "Chennai International Airport")
[2025-12-10T17:42:37.947Z] [fetchSelectedHotspots] Hotspot 11 "Parthasarathy Temple" → SOURCE (matches "Chennai International Airport")
[2025-12-10T17:42:37.949Z] [fetchSelectedHotspots] Hotspot 12 "Vivekanandar House" → SOURCE (matches "Chennai International Airport")
[2025-12-10T17:42:37.952Z] [fetchSelectedHotspots] Hotspot 13 "Arignar Anna Zoological Park" → SOURCE (matches "Chennai International Airport")
[2025-12-10T17:42:37.963Z] [fetchSelectedHotspots] Hotspot 290 "Vgp snow kingdom" → SOURCE (matches "Chennai International Airport")
[2025-12-10T17:42:37.965Z] [fetchSelectedHotspots] Hotspot 291 "Vgp marine kingdom" → SOURCE (matches "Chennai International Airport")
[2025-12-10T17:42:37.968Z] [fetchSelectedHotspots] Hotspot 292 "Guindy snake park" → SOURCE (matches "Chennai International Airport")
[2025-12-10T17:42:37.970Z] [fetchSelectedHotspots] Hotspot 293 "Queens land" → SOURCE (matches "Chennai International Airport")
[2025-12-10T17:42:37.973Z] [fetchSelectedHotspots] Hotspot 294 "light house marina" → SOURCE (matches "Chennai International Airport")
[2025-12-10T17:42:37.974Z] [fetchSelectedHotspots] Hotspot 296 "Anna tower park" → SOURCE (matches "Chennai International Airport")
[2025-12-10T17:42:37.976Z] [fetchSelectedHotspots] Hotspot 297 "B.M Birla planitourim." → SOURCE (matches "Chennai International Airport")
[2025-12-10T17:42:37.980Z] [fetchSelectedHotspots] Hotspot 298 "Click art museum" → SOURCE (matches "Chennai International Airport")
[2025-12-10T17:42:37.983Z] [fetchSelectedHotspots] Hotspot 299 "National art gallery" → SOURCE (matches "Chennai International Airport")
[2025-12-10T17:42:37.985Z] [fetchSelectedHotspots] Hotspot 300 "M G R  Memorial" → SOURCE (matches "Chennai International Airport")
[2025-12-10T17:42:37.986Z] [fetchSelectedHotspots] Hotspot 303 "Anna memorial." → SOURCE (matches "Chennai International Airport")
[2025-12-10T17:42:37.994Z] [fetchSelectedHotspots] Hotspot 544 "Shri Ashtalakshmi Temple" → SOURCE (matches "Chennai International Airport")
[2025-12-10T17:42:38.000Z] [fetchSelectedHotspots] Hotspot 544 "Shri Ashtalakshmi Temple" → DESTINATION (matches "Chennai")
[2025-12-10T17:42:38.007Z] [fetchSelectedHotspots] Filtered 14 priority-0 SOURCE hotspots (22 → 8)
[2025-12-10T17:42:38.015Z] [fetchSelectedHotspots] Categorized: source=8, destination=3, via=0
[2025-12-10T17:42:38.018Z] [fetchSelectedHotspots] AIRPORT ARRIVAL DETECTED: "Chennai International Airport" → "Chennai"
[2025-12-10T17:42:38.022Z] [fetchSelectedHotspots] direct_to_next_visiting_place=0 + AIRPORT ARRIVAL: Processing DESTINATION → VIA
[2025-12-10T17:42:38.024Z] [fetchSelectedHotspots] Matched 3 hotspots after PHP ordering
[2025-12-10T17:42:38.025Z] [fetchSelectedHotspots] First 5 hotspots (sorted): ID=4 "Kapaleeshwarar Temple" priority=1 distance=19.94km, ID=5 "Marina Beach" priority=2 distance=22.47km, ID=544 "Shri Ashtalakshmi Temple" priority=0 distance=18.11km
[2025-12-10T17:42:38.035Z] [fetchSelectedHotspots] Matched 3 hotspots for route 385
[2025-12-10T17:42:38.038Z] [Timeline] Route 385: Selected 3 hotspots
[2025-12-10T17:42:38.041Z] [Timeline] Route 385 - currentTime: 12:00:00, routeEndTime: 20:00:00, routeEndSeconds: 72000
[2025-12-10T17:42:38.046Z] [Timeline] Hotspot 4 - currentSeconds: 43200, routeEndSeconds: 72000
[2025-12-10T17:42:38.047Z] [Timeline] Processing hotspot 4 for route 385
[2025-12-10T17:42:38.050Z] [Timeline] Hotspot 4 coords: lat=13.033798514213936, lon=80.26977915213011
[2025-12-10T17:42:38.073Z] [Timeline] Checking operating hours for hotspot 4: visit window 12:30:00-19:00:00 on day 2
[2025-12-10T17:42:38.080Z] [Timeline] Hotspot 4 timing window: 05:30:00-12:00:00 (19800s-43200s), visit: 12:30:00-19:00:00 (45000s-68400s)
[2025-12-10T17:42:38.082Z] [Timeline] Hotspot 4 timing window: 16:00:00-20:00:00 (57600s-72000s), visit: 12:30:00-19:00:00 (45000s-68400s)
[2025-12-10T17:42:38.083Z] [Timeline] Hotspot 4 not open during visit window 12:30:00-19:00:00 on day 2, skipping
[2025-12-10T17:42:38.086Z] [Timeline] Hotspot 5 - currentSeconds: 43200, routeEndSeconds: 72000
[2025-12-10T17:42:38.089Z] [Timeline] Processing hotspot 5 for route 385
[2025-12-10T17:42:38.095Z] [Timeline] Hotspot 5 coords: lat=13.051080243192029, lon=80.27775926313883
[2025-12-10T17:42:38.132Z] [Timeline] Checking operating hours for hotspot 5: visit window 12:34:00-19:04:00 on day 2
[2025-12-10T17:42:38.137Z] [Timeline] Hotspot 5 operating hours OK
[2025-12-10T17:42:38.138Z] [Timeline] Travel type for "Chennai International Airport" -> "Chennai International Airport|Chennai Domestic Airport|Chennai Central|Chennai|Chennai Egmore Station|Chennai Koyembedu|ECR Beach, Chennai, Tamil Nadu": 1 (1=local, 2=outstation)
[2025-12-10T17:42:38.162Z] [Timeline] Building hotspot row for hotspot_ID=5
[2025-12-10T17:42:38.167Z] [Timeline] Built hotspot row: item_type=4, hotspot_ID=5, order=3
[2025-12-10T17:42:38.180Z] [Timeline] Hotspot 544 - currentSeconds: 48840, routeEndSeconds: 72000
[2025-12-10T17:42:38.181Z] [Timeline] Processing hotspot 544 for route 385
[2025-12-10T17:42:38.183Z] [Timeline] Hotspot 544 coords: lat=12.993461140291483, lon=80.27030436931474
[2025-12-10T17:42:38.201Z] [Timeline] Checking operating hours for hotspot 544: visit window 13:49:00-25:19:00 on day 2
[2025-12-10T17:42:38.205Z] [Timeline] Hotspot 544 timing window: 06:00:00-12:00:00 (21600s-43200s), visit: 13:49:00-25:19:00 (49740s-91140s)
[2025-12-10T17:42:38.206Z] [Timeline] Hotspot 544 timing window: 16:00:00-20:00:00 (57600s-72000s), visit: 13:49:00-25:19:00 (49740s-91140s)
[2025-12-10T17:42:38.207Z] [Timeline] Hotspot 544 not open during visit window 13:49:00-25:19:00 on day 2, skipping
[2025-12-10T17:42:38.223Z] [Timeline] Route 386 (Chennai → Pondicherry): routeStartTime=08:00:00, routeEndTime=20:00:00, direct_to_next=0
[2025-12-10T17:42:38.248Z] [Timeline] Route 386 starting coords from location_id 762: (13.0843007, 80.2704622)
[2025-12-10T17:42:38.254Z] [Timeline] Route 386 - Added refreshment break: 08:00:00 - 09:00:00
[2025-12-10T17:42:38.262Z] [fetchSelectedHotspots] route 386 target="Chennai" next="Pondicherry" dow=3
[2025-12-10T17:42:38.373Z] [fetchSelectedHotspots] Found 583 total active hotspots
[2025-12-10T17:42:38.374Z] [fetchSelectedHotspots] direct_to_next_visiting_place=0
[2025-12-10T17:42:38.378Z] [fetchSelectedHotspots] source="Chennai", destination="Pondicherry"
[2025-12-10T17:42:38.383Z] [fetchSelectedHotspots] Starting coords from stored_locations: (12.9811068, 80.159623)
[2025-12-10T17:42:38.384Z] [fetchSelectedHotspots] Hotspot 4 "Kapaleeshwarar Temple" → SOURCE (matches "Chennai")
[2025-12-10T17:42:38.386Z] [fetchSelectedHotspots] Hotspot 5 "Marina Beach" → SOURCE (matches "Chennai")
[2025-12-10T17:42:38.387Z] [fetchSelectedHotspots] Hotspot 17 "Sri Aurobindo Ashram" → DESTINATION (matches "Pondicherry")
[2025-12-10T17:42:38.388Z] [fetchSelectedHotspots] Hotspot 18 "Auroville" → DESTINATION (matches "Pondicherry")
[2025-12-10T17:42:38.389Z] [fetchSelectedHotspots] Hotspot 19 "Promenade Beach" → DESTINATION (matches "Pondicherry")
[2025-12-10T17:42:38.391Z] [fetchSelectedHotspots] Hotspot 20 "Chunnambar Boathouse" → DESTINATION (matches "Pondicherry")
[2025-12-10T17:42:38.396Z] [fetchSelectedHotspots] Hotspot 21 "The Basilica of the Sacred Heart of Jesus" → DESTINATION (matches "Pondicherry")
[2025-12-10T17:42:38.398Z] [fetchSelectedHotspots] Hotspot 24 "The Pondicherry Museum" → DESTINATION (matches "Pondicherry")
[2025-12-10T17:42:38.400Z] [fetchSelectedHotspots] Hotspot 25 "Manakula Vinayagar Temple" → DESTINATION (matches "Pondicherry")
[2025-12-10T17:42:38.406Z] [fetchSelectedHotspots] Hotspot 277 "Pondicherry Backwater" → DESTINATION (matches "Pondicherry")
[2025-12-10T17:42:38.417Z] [fetchSelectedHotspots] Hotspot 544 "Shri Ashtalakshmi Temple" → SOURCE (matches "Chennai")
[2025-12-10T17:42:38.423Z] [fetchSelectedHotspots] Hotspot 669 "Eden Beach - Blue flag Beach" → DESTINATION (matches "Pondicherry")
[2025-12-10T17:42:38.433Z] [fetchSelectedHotspots] Hotspot 676 "Botanical Garden" → DESTINATION (matches "Pondicherry")
[2025-12-10T17:42:38.434Z] [fetchSelectedHotspots] Hotspot 677 "Bharathi Park &amp; Aayi Mandapam" → DESTINATION (matches "Pondicherry")
[2025-12-10T17:42:38.436Z] [fetchSelectedHotspots] Hotspot 678 "French Colony" → DESTINATION (matches "Pondicherry")
[2025-12-10T17:42:38.437Z] [fetchSelectedHotspots] Hotspot 679 "Pondi Marina Beach" → DESTINATION (matches "Pondicherry")
[2025-12-10T17:42:38.441Z] [fetchSelectedHotspots] Filtered 1 priority-0 SOURCE hotspots (3 → 2)
[2025-12-10T17:42:38.444Z] [fetchSelectedHotspots] Categorized: source=2, destination=13, via=0
[2025-12-10T17:42:38.445Z] [fetchSelectedHotspots] direct_to_next_visiting_place=0: Processing SOURCE → DESTINATION → VIA
[2025-12-10T17:42:38.448Z] [fetchSelectedHotspots] Matched 15 hotspots after PHP ordering
[2025-12-10T17:42:38.450Z] [fetchSelectedHotspots] First 5 hotspots (sorted): ID=4 "Kapaleeshwarar Temple" priority=1 distance=19.94km, ID=5 "Marina Beach" priority=2 distance=22.47km, ID=18 "Auroville" priority=1 distance=171.53km, ID=25 "Manakula Vinayagar Temple" priority=2 distance=182.13km, ID=21 "The Basilica of the Sacred Heart of Jesus" priority=4 distance=184.07km
[2025-12-10T17:42:38.453Z] [fetchSelectedHotspots] Matched 15 hotspots for route 386
[2025-12-10T17:42:38.455Z] [Timeline] Route 386: Selected 15 hotspots
[2025-12-10T17:42:38.457Z] [Timeline] Route 386 - currentTime: 09:00:00, routeEndTime: 20:00:00, routeEndSeconds: 72000
[2025-12-10T17:42:38.461Z] [Timeline] Hotspot 4 - currentSeconds: 32400, routeEndSeconds: 72000
[2025-12-10T17:42:38.463Z] [Timeline] Processing hotspot 4 for route 386
[2025-12-10T17:42:38.466Z] [Timeline] Hotspot 4 coords: lat=13.033798514213936, lon=80.26977915213011
[2025-12-10T17:42:38.484Z] [Timeline] Checking operating hours for hotspot 4: visit window 09:13:00-15:43:00 on day 3
[2025-12-10T17:42:38.490Z] [Timeline] Hotspot 4 timing window: 05:30:00-12:00:00 (19800s-43200s), visit: 09:13:00-15:43:00 (33180s-56580s)
[2025-12-10T17:42:38.497Z] [Timeline] Hotspot 4 MATCH on day 3 (visit starts within operating hours)
[2025-12-10T17:42:38.501Z] [Timeline] Hotspot 4 operating hours OK
[2025-12-10T17:42:38.502Z] [Timeline] Travel type for "Chennai" -> "Chennai International Airport|Chennai Domestic Airport|Chennai Central|Chennai|Chennai Egmore Station|Chennai Koyembedu|ECR Beach, Chennai, Tamil Nadu": 1 (1=local, 2=outstation)
[2025-12-10T17:42:38.521Z] [Timeline] Building hotspot row for hotspot_ID=4
[2025-12-10T17:42:38.524Z] [Timeline] Built hotspot row: item_type=4, hotspot_ID=4, order=3
[2025-12-10T17:42:38.530Z] [Timeline] Hotspot 5 - currentSeconds: 36780, routeEndSeconds: 72000
[2025-12-10T17:42:38.531Z] [Timeline] Processing hotspot 5 for route 386
[2025-12-10T17:42:38.532Z] [Timeline] Skipping hotspot 5 - already added to plan 5
[2025-12-10T17:42:38.534Z] [Timeline] Hotspot 18 - currentSeconds: 36780, routeEndSeconds: 72000
[2025-12-10T17:42:38.535Z] [Timeline] Processing hotspot 18 for route 386
[2025-12-10T17:42:38.538Z] [Timeline] Hotspot 18 coords: lat=12.008342334177776, lon=79.81781931258232
[2025-12-10T17:42:38.568Z] [Timeline] Checking operating hours for hotspot 18: visit window 13:19:00-20:49:00 on day 3
[2025-12-10T17:42:38.572Z] [Timeline] Hotspot 18 timing window: 09:00:00-13:00:00 (32400s-46800s), visit: 13:19:00-20:49:00 (47940s-74940s)
[2025-12-10T17:42:38.607Z] [Timeline] Hotspot 18 timing window: 13:30:00-17:00:00 (48600s-61200s), visit: 13:19:00-20:49:00 (47940s-74940s)
[2025-12-10T17:42:38.612Z] [Timeline] Hotspot 18 not open during visit window 13:19:00-20:49:00 on day 3, skipping
[2025-12-10T17:42:38.614Z] [Timeline] Hotspot 25 - currentSeconds: 36780, routeEndSeconds: 72000
[2025-12-10T17:42:38.615Z] [Timeline] Processing hotspot 25 for route 386
[2025-12-10T17:42:38.646Z] [Timeline] Hotspot 25 coords: lat=11.936184966220257, lon=79.83484226674099
[2025-12-10T17:42:38.667Z] [Timeline] Checking operating hours for hotspot 25: visit window 13:29:00-19:29:00 on day 3
[2025-12-10T17:42:38.673Z] [Timeline] Hotspot 25 timing window: 05:45:00-12:30:00 (20700s-45000s), visit: 13:29:00-19:29:00 (48540s-70140s)
[2025-12-10T17:42:38.675Z] [Timeline] Hotspot 25 timing window: 16:00:00-20:00:00 (57600s-72000s), visit: 13:29:00-19:29:00 (48540s-70140s)
[2025-12-10T17:42:38.679Z] [Timeline] Hotspot 25 not open during visit window 13:29:00-19:29:00 on day 3, skipping
[2025-12-10T17:42:38.680Z] [Timeline] Hotspot 21 - currentSeconds: 36780, routeEndSeconds: 72000
[2025-12-10T17:42:38.682Z] [Timeline] Processing hotspot 21 for route 386
[2025-12-10T17:42:38.685Z] [Timeline] Hotspot 21 coords: lat=11.926178758041798, lon=79.82779781515121
[2025-12-10T17:42:38.713Z] [Timeline] Checking operating hours for hotspot 21: visit window 13:31:00-19:31:00 on day 3
[2025-12-10T17:42:38.717Z] [Timeline] Hotspot 21 timing window: 06:00:00-19:00:00 (21600s-68400s), visit: 13:31:00-19:31:00 (48660s-70260s)
[2025-12-10T17:42:38.720Z] [Timeline] Hotspot 21 MATCH on day 3 (visit starts within operating hours)
[2025-12-10T17:42:38.722Z] [Timeline] Hotspot 21 operating hours OK
[2025-12-10T17:42:38.729Z] [Timeline] Travel type for "Chennai International Airport|Chennai Domestic Airport|Chennai Central|Chennai|Chennai Egmore Station|Chennai Koyembedu|ECR Beach, Chennai, Tamil Nadu" -> "Pondicherry Airport|Pondicherry": 2 (1=local, 2=outstation)
[2025-12-10T17:42:38.750Z] [Timeline] Building hotspot row for hotspot_ID=21
[2025-12-10T17:42:38.756Z] [Timeline] Built hotspot row: item_type=4, hotspot_ID=21, order=5
[2025-12-10T17:42:38.761Z] [Timeline] Hotspot 19 - currentSeconds: 52260, routeEndSeconds: 72000
[2025-12-10T17:42:38.763Z] [Timeline] Processing hotspot 19 for route 386
[2025-12-10T17:42:38.768Z] [Timeline] Hotspot 19 coords: lat=11.931203427435934, lon=79.83580349426904
[2025-12-10T17:42:38.807Z] [Timeline] Checking operating hours for hotspot 19: visit window 14:33:00-21:03:00 on day 3
[2025-12-10T17:42:38.813Z] [Timeline] Hotspot 19 timing window: 06:00:00-20:00:00 (21600s-72000s), visit: 14:33:00-21:03:00 (52380s-75780s)
[2025-12-10T17:42:38.815Z] [Timeline] Hotspot 19 MATCH on day 3 (visit starts within operating hours)
[2025-12-10T17:42:38.817Z] [Timeline] Hotspot 19 operating hours OK
[2025-12-10T17:42:38.818Z] [Timeline] Travel type for "Pondicherry Airport|Pondicherry" -> "Pondicherry Airport|Pondicherry": 1 (1=local, 2=outstation)
[2025-12-10T17:42:38.836Z] [Timeline] Building hotspot row for hotspot_ID=19
[2025-12-10T17:42:38.840Z] [Timeline] Built hotspot row: item_type=4, hotspot_ID=19, order=7
[2025-12-10T17:42:38.845Z] [Timeline] Hotspot 20 - currentSeconds: 55980, routeEndSeconds: 72000
[2025-12-10T17:42:38.846Z] [Timeline] Processing hotspot 20 for route 386
[2025-12-10T17:42:38.851Z] [Timeline] Hotspot 20 coords: lat=11.883875481616602, lon=79.80141705562612
[2025-12-10T17:42:38.867Z] [Timeline] Checking operating hours for hotspot 20: visit window 15:48:00-22:18:00 on day 3
[2025-12-10T17:42:38.871Z] [Timeline] Hotspot 20 timing window: 09:30:00-12:00:00 (34200s-43200s), visit: 15:48:00-22:18:00 (56880s-80280s)
[2025-12-10T17:42:38.873Z] [Timeline] Hotspot 20 not open during visit window 15:48:00-22:18:00 on day 3, skipping
[2025-12-10T17:42:38.874Z] [Timeline] Hotspot 17 - currentSeconds: 55980, routeEndSeconds: 72000
[2025-12-10T17:42:38.875Z] [Timeline] Processing hotspot 17 for route 386
[2025-12-10T17:42:38.880Z] [Timeline] Hotspot 17 coords: lat=11.936929030828965, lon=79.83477998559515
[2025-12-10T17:42:38.898Z] [Timeline] Checking operating hours for hotspot 17: visit window 15:34:00-22:04:00 on day 3
[2025-12-10T17:42:38.902Z] [Timeline] Hotspot 17 timing window: 10:30:00-19:00:00 (37800s-68400s), visit: 15:34:00-22:04:00 (56040s-79440s)
[2025-12-10T17:42:38.904Z] [Timeline] Hotspot 17 MATCH on day 3 (visit starts within operating hours)
[2025-12-10T17:42:38.905Z] [Timeline] Hotspot 17 operating hours OK
[2025-12-10T17:42:38.906Z] [Timeline] Travel type for "Pondicherry Airport|Pondicherry" -> "Pondicherry Airport|Pondicherry": 1 (1=local, 2=outstation)
[2025-12-10T17:42:38.946Z] [Timeline] Building hotspot row for hotspot_ID=17
[2025-12-10T17:42:38.949Z] [Timeline] Built hotspot row: item_type=4, hotspot_ID=17, order=9
[2025-12-10T17:42:38.952Z] [Timeline] Hotspot 24 - currentSeconds: 59640, routeEndSeconds: 72000
[2025-12-10T17:42:38.953Z] [Timeline] Processing hotspot 24 for route 386
[2025-12-10T17:42:38.956Z] [Timeline] Hotspot 24 coords: lat=11.934656339062595, lon=79.83484999477534
[2025-12-10T17:42:38.971Z] [Timeline] Checking operating hours for hotspot 24: visit window 16:35:00-22:35:00 on day 3
[2025-12-10T17:42:38.975Z] [Timeline] Hotspot 24 timing window: 09:00:00-12:00:00 (32400s-43200s), visit: 16:35:00-22:35:00 (59700s-81300s)
[2025-12-10T17:42:38.977Z] [Timeline] Hotspot 24 not open during visit window 16:35:00-22:35:00 on day 3, skipping
[2025-12-10T17:42:38.978Z] [Timeline] Hotspot 677 - currentSeconds: 59640, routeEndSeconds: 72000
[2025-12-10T17:42:38.979Z] [Timeline] Processing hotspot 677 for route 386
[2025-12-10T17:42:38.982Z] [Timeline] Hotspot 677 coords: lat=11.933029585291068, lon=79.83418306595088
[2025-12-10T17:42:38.994Z] [Timeline] Checking operating hours for hotspot 677: visit window 16:35:00-22:50:00 on day 3
[2025-12-10T17:42:38.998Z] [Timeline] Hotspot 677 timing window: 06:00:00-19:00:00 (21600s-68400s), visit: 16:35:00-22:50:00 (59700s-82200s)
[2025-12-10T17:42:39.000Z] [Timeline] Hotspot 677 MATCH on day 3 (visit starts within operating hours)
[2025-12-10T17:42:39.002Z] [Timeline] Hotspot 677 operating hours OK
[2025-12-10T17:42:39.003Z] [Timeline] Travel type for "Pondicherry Airport|Pondicherry" -> "Pondicherry|Pondicherry Airport": 1 (1=local, 2=outstation)
[2025-12-10T17:42:39.020Z] [Timeline] Building hotspot row for hotspot_ID=677
[2025-12-10T17:42:39.024Z] [Timeline] Built hotspot row: item_type=4, hotspot_ID=677, order=11
[2025-12-10T17:42:39.028Z] [Timeline] Hotspot 678 - currentSeconds: 63300, routeEndSeconds: 72000
[2025-12-10T17:42:39.031Z] [Timeline] Processing hotspot 678 for route 386
[2025-12-10T17:42:39.034Z] [Timeline] Hotspot 678 coords: lat=11.928492248303817, lon=79.83303242117643
[2025-12-10T17:42:39.050Z] [Timeline] Checking operating hours for hotspot 678: visit window 17:36:00-24:06:00 on day 3
[2025-12-10T17:42:39.054Z] [Timeline] Hotspot 678 operating hours OK
[2025-12-10T17:42:39.055Z] [Timeline] Hotspot 678 would end at 24:06:00 (86760s) (exceeds route_end_time 20:00:00 (72000s) + buffer), skipping
[2025-12-10T17:42:39.057Z] [Timeline] Hotspot 676 - currentSeconds: 63300, routeEndSeconds: 72000
[2025-12-10T17:42:39.062Z] [Timeline] Processing hotspot 676 for route 386
[2025-12-10T17:42:39.066Z] [Timeline] Hotspot 676 coords: lat=11.930177048465467, lon=79.8224313245787
[2025-12-10T17:42:39.082Z] [Timeline] Checking operating hours for hotspot 676: visit window 17:38:00-24:08:00 on day 3
[2025-12-10T17:42:39.087Z] [Timeline] Hotspot 676 timing window: 10:00:00-17:00:00 (36000s-61200s), visit: 17:38:00-24:08:00 (63480s-86880s)
[2025-12-10T17:42:39.088Z] [Timeline] Hotspot 676 not open during visit window 17:38:00-24:08:00 on day 3, skipping
[2025-12-10T17:42:39.090Z] [Timeline] Hotspot 277 - currentSeconds: 63300, routeEndSeconds: 72000
[2025-12-10T17:42:39.094Z] [Timeline] Processing hotspot 277 for route 386
[2025-12-10T17:42:39.098Z] [Timeline] Hotspot 277 coords: lat=11.916309213225349, lon=79.82433098120615
[2025-12-10T17:42:39.113Z] [Timeline] Checking operating hours for hotspot 277: visit window 17:40:00-26:10:00 on day 3
[2025-12-10T17:42:39.117Z] [Timeline] Hotspot 277 timing window: 09:00:00-18:00:00 (32400s-64800s), visit: 17:40:00-26:10:00 (63600s-94200s)
[2025-12-10T17:42:39.119Z] [Timeline] Hotspot 277 MATCH on day 3 (visit starts within operating hours)
[2025-12-10T17:42:39.120Z] [Timeline] Hotspot 277 operating hours OK
[2025-12-10T17:42:39.121Z] [Timeline] Hotspot 277 would end at 26:10:00 (94200s) (exceeds route_end_time 20:00:00 (72000s) + buffer), skipping
[2025-12-10T17:42:39.123Z] [Timeline] Hotspot 679 - currentSeconds: 63300, routeEndSeconds: 72000
[2025-12-10T17:42:39.124Z] [Timeline] Processing hotspot 679 for route 386
[2025-12-10T17:42:39.130Z] [Timeline] Hotspot 679 coords: lat=11.913052113056816, lon=79.82932149874199
[2025-12-10T17:42:39.155Z] [Timeline] Checking operating hours for hotspot 679: visit window 17:40:00-23:40:00 on day 3
[2025-12-10T17:42:39.161Z] [Timeline] Hotspot 679 operating hours OK
[2025-12-10T17:42:39.167Z] [Timeline] Travel type for "Pondicherry|Pondicherry Airport" -> "Pondicherry|Pondicherry Airport": 1 (1=local, 2=outstation)
[2025-12-10T17:42:39.184Z] [Timeline] Building hotspot row for hotspot_ID=679
[2025-12-10T17:42:39.187Z] [Timeline] Built hotspot row: item_type=4, hotspot_ID=679, order=13
[2025-12-10T17:42:39.193Z] [Timeline] Hotspot 669 - currentSeconds: 67200, routeEndSeconds: 72000
[2025-12-10T17:42:39.194Z] [Timeline] Processing hotspot 669 for route 386
[2025-12-10T17:42:39.197Z] [Timeline] Hotspot 669 coords: lat=11.882310987345338, lon=79.8244548517534
[2025-12-10T17:42:39.215Z] [Timeline] Checking operating hours for hotspot 669: visit window 18:48:00-25:18:00 on day 3
[2025-12-10T17:42:39.219Z] [Timeline] Hotspot 669 timing window: 06:00:00-18:00:00 (21600s-64800s), visit: 18:48:00-25:18:00 (67680s-91080s)
[2025-12-10T17:42:39.220Z] [Timeline] Hotspot 669 not open during visit window 18:48:00-25:18:00 on day 3, skipping
[2025-12-10T17:42:39.233Z] [Timeline] Route 387 (Pondicherry → Pondicherry Airport): routeStartTime=08:00:00, routeEndTime=20:00:00, direct_to_next=0
[2025-12-10T17:42:39.237Z] [Timeline] Route 387 starting coords from location_id 5922: (11.9415915, 79.8083133)
[2025-12-10T17:42:39.243Z] [Timeline] Route 387 - Added refreshment break: 08:00:00 - 09:00:00
[2025-12-10T17:42:39.247Z] [fetchSelectedHotspots] route 387 target="Pondicherry" next="Pondicherry Airport" dow=4
[2025-12-10T17:42:39.339Z] [fetchSelectedHotspots] Found 583 total active hotspots
[2025-12-10T17:42:39.341Z] [fetchSelectedHotspots] direct_to_next_visiting_place=0
[2025-12-10T17:42:39.344Z] [fetchSelectedHotspots] source="Pondicherry", destination="Pondicherry Airport"
[2025-12-10T17:42:39.349Z] [fetchSelectedHotspots] Starting coords from stored_locations: (13.0827989, 80.2754246)
[2025-12-10T17:42:39.353Z] [fetchSelectedHotspots] Hotspot 16 "Paradise Beach" → DESTINATION (matches "Pondicherry Airport")
[2025-12-10T17:42:39.354Z] [fetchSelectedHotspots] Hotspot 17 "Sri Aurobindo Ashram" → SOURCE (matches "Pondicherry")
[2025-12-10T17:42:39.355Z] [fetchSelectedHotspots] Hotspot 17 "Sri Aurobindo Ashram" → DESTINATION (matches "Pondicherry Airport")
[2025-12-10T17:42:39.356Z] [fetchSelectedHotspots] Hotspot 18 "Auroville" → SOURCE (matches "Pondicherry")
[2025-12-10T17:42:39.356Z] [fetchSelectedHotspots] Hotspot 18 "Auroville" → DESTINATION (matches "Pondicherry Airport")
[2025-12-10T17:42:39.358Z] [fetchSelectedHotspots] Hotspot 19 "Promenade Beach" → SOURCE (matches "Pondicherry")
[2025-12-10T17:42:39.362Z] [fetchSelectedHotspots] Hotspot 19 "Promenade Beach" → DESTINATION (matches "Pondicherry Airport")
[2025-12-10T17:42:39.363Z] [fetchSelectedHotspots] Hotspot 20 "Chunnambar Boathouse" → SOURCE (matches "Pondicherry")
[2025-12-10T17:42:39.364Z] [fetchSelectedHotspots] Hotspot 20 "Chunnambar Boathouse" → DESTINATION (matches "Pondicherry Airport")
[2025-12-10T17:42:39.365Z] [fetchSelectedHotspots] Hotspot 21 "The Basilica of the Sacred Heart of Jesus" → SOURCE (matches "Pondicherry")
[2025-12-10T17:42:39.396Z] [fetchSelectedHotspots] Hotspot 21 "The Basilica of the Sacred Heart of Jesus" → DESTINATION (matches "Pondicherry Airport")
[2025-12-10T17:42:39.402Z] [fetchSelectedHotspots] Hotspot 23 "French War Memorial" → DESTINATION (matches "Pondicherry Airport")
[2025-12-10T17:42:39.404Z] [fetchSelectedHotspots] Hotspot 24 "The Pondicherry Museum" → SOURCE (matches "Pondicherry")
[2025-12-10T17:42:39.405Z] [fetchSelectedHotspots] Hotspot 24 "The Pondicherry Museum" → DESTINATION (matches "Pondicherry Airport")
[2025-12-10T17:42:39.406Z] [fetchSelectedHotspots] Hotspot 25 "Manakula Vinayagar Temple" → SOURCE (matches "Pondicherry")
[2025-12-10T17:42:39.408Z] [fetchSelectedHotspots] Hotspot 25 "Manakula Vinayagar Temple" → DESTINATION (matches "Pondicherry Airport")
[2025-12-10T17:42:39.421Z] [fetchSelectedHotspots] Hotspot 277 "Pondicherry Backwater" → SOURCE (matches "Pondicherry")
[2025-12-10T17:42:39.423Z] [fetchSelectedHotspots] Hotspot 277 "Pondicherry Backwater" → DESTINATION (matches "Pondicherry Airport")
[2025-12-10T17:42:39.430Z] [fetchSelectedHotspots] Hotspot 669 "Eden Beach - Blue flag Beach" → SOURCE (matches "Pondicherry")
[2025-12-10T17:42:39.433Z] [fetchSelectedHotspots] Hotspot 669 "Eden Beach - Blue flag Beach" → DESTINATION (matches "Pondicherry Airport")
[2025-12-10T17:42:39.435Z] [fetchSelectedHotspots] Hotspot 676 "Botanical Garden" → SOURCE (matches "Pondicherry")
[2025-12-10T17:42:39.436Z] [fetchSelectedHotspots] Hotspot 676 "Botanical Garden" → DESTINATION (matches "Pondicherry Airport")
[2025-12-10T17:42:39.437Z] [fetchSelectedHotspots] Hotspot 677 "Bharathi Park &amp; Aayi Mandapam" → SOURCE (matches "Pondicherry")
[2025-12-10T17:42:39.440Z] [fetchSelectedHotspots] Hotspot 677 "Bharathi Park &amp; Aayi Mandapam" → DESTINATION (matches "Pondicherry Airport")
[2025-12-10T17:42:39.443Z] [fetchSelectedHotspots] Hotspot 678 "French Colony" → SOURCE (matches "Pondicherry")
[2025-12-10T17:42:39.445Z] [fetchSelectedHotspots] Hotspot 678 "French Colony" → DESTINATION (matches "Pondicherry Airport")
[2025-12-10T17:42:39.446Z] [fetchSelectedHotspots] Hotspot 679 "Pondi Marina Beach" → SOURCE (matches "Pondicherry")
[2025-12-10T17:42:39.447Z] [fetchSelectedHotspots] Hotspot 679 "Pondi Marina Beach" → DESTINATION (matches "Pondicherry Airport")
[2025-12-10T17:42:39.450Z] [fetchSelectedHotspots] Filtered 7 priority-0 SOURCE hotspots (13 → 6)
[2025-12-10T17:42:39.451Z] [fetchSelectedHotspots] Categorized: source=6, destination=15, via=0
[2025-12-10T17:42:39.453Z] [fetchSelectedHotspots] direct_to_next_visiting_place=0: Processing SOURCE → DESTINATION → VIA
[2025-12-10T17:42:39.454Z] [fetchSelectedHotspots] Matched 21 hotspots after PHP ordering
[2025-12-10T17:42:39.455Z] [fetchSelectedHotspots] First 5 hotspots (sorted): ID=18 "Auroville" priority=1 distance=194.08km, ID=25 "Manakula Vinayagar Temple" priority=2 distance=204.26km, ID=21 "The Basilica of the Sacred Heart of Jesus" priority=4 distance=206.23km, ID=19 "Promenade Beach" priority=5 distance=204.98km, ID=20 "Chunnambar Boathouse" priority=5 distance=214.35km
[2025-12-10T17:42:39.457Z] [fetchSelectedHotspots] Matched 15 hotspots for route 387
[2025-12-10T17:42:39.463Z] [Timeline] Route 387: Selected 15 hotspots
[2025-12-10T17:42:39.466Z] [Timeline] Route 387 - currentTime: 09:00:00, routeEndTime: 20:00:00, routeEndSeconds: 72000
[2025-12-10T17:42:39.467Z] [Timeline] Hotspot 18 - currentSeconds: 32400, routeEndSeconds: 72000
[2025-12-10T17:42:39.469Z] [Timeline] Processing hotspot 18 for route 387
[2025-12-10T17:42:39.473Z] [Timeline] Hotspot 18 coords: lat=12.008342334177776, lon=79.81781931258232
[2025-12-10T17:42:39.487Z] [Timeline] Checking operating hours for hotspot 18: visit window 09:17:00-16:47:00 on day 4
[2025-12-10T17:42:39.493Z] [Timeline] Hotspot 18 timing window: 09:00:00-13:00:00 (32400s-46800s), visit: 09:17:00-16:47:00 (33420s-60420s)
[2025-12-10T17:42:39.495Z] [Timeline] Hotspot 18 MATCH on day 4 (visit starts within operating hours)
[2025-12-10T17:42:39.496Z] [Timeline] Hotspot 18 operating hours OK
[2025-12-10T17:42:39.496Z] [Timeline] Travel type for "Pondicherry" -> "Pondicherry Airport|Pondicherry": 1 (1=local, 2=outstation)
[2025-12-10T17:42:39.512Z] [Timeline] Building hotspot row for hotspot_ID=18
[2025-12-10T17:42:39.515Z] [Timeline] Built hotspot row: item_type=4, hotspot_ID=18, order=3
[2025-12-10T17:42:39.523Z] [Timeline] Hotspot 25 - currentSeconds: 37020, routeEndSeconds: 72000
[2025-12-10T17:42:39.524Z] [Timeline] Processing hotspot 25 for route 387
[2025-12-10T17:42:39.528Z] [Timeline] Hotspot 25 coords: lat=11.936184966220257, lon=79.83484226674099
[2025-12-10T17:42:39.554Z] [Timeline] Checking operating hours for hotspot 25: visit window 10:36:00-16:36:00 on day 4
[2025-12-10T17:42:39.563Z] [Timeline] Hotspot 25 timing window: 05:45:00-12:30:00 (20700s-45000s), visit: 10:36:00-16:36:00 (38160s-59760s)
[2025-12-10T17:42:39.564Z] [Timeline] Hotspot 25 MATCH on day 4 (visit starts within operating hours)
[2025-12-10T17:42:39.565Z] [Timeline] Hotspot 25 operating hours OK
[2025-12-10T17:42:39.567Z] [Timeline] Travel type for "Pondicherry Airport|Pondicherry" -> "Pondicherry Airport|Pondicherry": 1 (1=local, 2=outstation)
[2025-12-10T17:42:39.583Z] [Timeline] Building hotspot row for hotspot_ID=25
[2025-12-10T17:42:39.587Z] [Timeline] Built hotspot row: item_type=4, hotspot_ID=25, order=5
[2025-12-10T17:42:39.592Z] [Timeline] Hotspot 21 - currentSeconds: 41760, routeEndSeconds: 72000
[2025-12-10T17:42:39.595Z] [Timeline] Processing hotspot 21 for route 387
[2025-12-10T17:42:39.596Z] [Timeline] Skipping hotspot 21 - already added to plan 5
[2025-12-10T17:42:39.597Z] [Timeline] Hotspot 19 - currentSeconds: 41760, routeEndSeconds: 72000
[2025-12-10T17:42:39.598Z] [Timeline] Processing hotspot 19 for route 387
[2025-12-10T17:42:39.599Z] [Timeline] Skipping hotspot 19 - already added to plan 5
[2025-12-10T17:42:39.601Z] [Timeline] Hotspot 20 - currentSeconds: 41760, routeEndSeconds: 72000
[2025-12-10T17:42:39.602Z] [Timeline] Processing hotspot 20 for route 387
[2025-12-10T17:42:39.606Z] [Timeline] Hotspot 20 coords: lat=11.883875481616602, lon=79.80141705562612
[2025-12-10T17:42:39.621Z] [Timeline] Checking operating hours for hotspot 20: visit window 11:51:00-18:21:00 on day 4
[2025-12-10T17:42:39.626Z] [Timeline] Hotspot 20 timing window: 09:30:00-16:00:00 (34200s-57600s), visit: 11:51:00-18:21:00 (42660s-66060s)
[2025-12-10T17:42:39.628Z] [Timeline] Hotspot 20 MATCH on day 4 (visit starts within operating hours)
[2025-12-10T17:42:39.630Z] [Timeline] Hotspot 20 operating hours OK
[2025-12-10T17:42:39.631Z] [Timeline] Travel type for "Pondicherry Airport|Pondicherry" -> "Pondicherry Airport|Pondicherry": 1 (1=local, 2=outstation)
[2025-12-10T17:42:39.645Z] [Timeline] Building hotspot row for hotspot_ID=20
[2025-12-10T17:42:39.649Z] [Timeline] Built hotspot row: item_type=4, hotspot_ID=20, order=7
[2025-12-10T17:42:39.653Z] [Timeline] Hotspot 17 - currentSeconds: 46260, routeEndSeconds: 72000
[2025-12-10T17:42:39.654Z] [Timeline] Processing hotspot 17 for route 387
[2025-12-10T17:42:39.655Z] [Timeline] Skipping hotspot 17 - already added to plan 5
[2025-12-10T17:42:39.656Z] [Timeline] Hotspot 16 - currentSeconds: 46260, routeEndSeconds: 72000
[2025-12-10T17:42:39.657Z] [Timeline] Processing hotspot 16 for route 387
[2025-12-10T17:42:39.662Z] [Timeline] Hotspot 16 coords: lat=11.894346668881749, lon=79.86265715952393
[2025-12-10T17:42:39.685Z] [Timeline] Checking operating hours for hotspot 16: visit window 13:06:00-19:06:00 on day 4
[2025-12-10T17:42:39.688Z] [Timeline] Hotspot 16 timing window: 09:00:00-18:00:00 (32400s-64800s), visit: 13:06:00-19:06:00 (47160s-68760s)
[2025-12-10T17:42:39.691Z] [Timeline] Hotspot 16 MATCH on day 4 (visit starts within operating hours)
[2025-12-10T17:42:39.694Z] [Timeline] Hotspot 16 operating hours OK
[2025-12-10T17:42:39.695Z] [Timeline] Travel type for "Pondicherry Airport|Pondicherry" -> "Pondicherry Airport": 1 (1=local, 2=outstation)
[2025-12-10T17:42:39.711Z] [Timeline] Building hotspot row for hotspot_ID=16
[2025-12-10T17:42:39.716Z] [Timeline] Built hotspot row: item_type=4, hotspot_ID=16, order=9
[2025-12-10T17:42:39.720Z] [Timeline] Hotspot 23 - currentSeconds: 50760, routeEndSeconds: 72000
[2025-12-10T17:42:39.721Z] [Timeline] Processing hotspot 23 for route 387
[2025-12-10T17:42:39.724Z] [Timeline] Hotspot 23 coords: lat=11.93212951685565, lon=79.83535346593922
[2025-12-10T17:42:39.734Z] [Timeline] Checking operating hours for hotspot 23: visit window 14:06:00-19:56:00 on day 4
[2025-12-10T17:42:39.738Z] [Timeline] Hotspot 23 operating hours OK
[2025-12-10T17:42:39.740Z] [Timeline] Travel type for "Pondicherry Airport" -> "Pondicherry Airport": 1 (1=local, 2=outstation)
[2025-12-10T17:42:39.754Z] [Timeline] Building hotspot row for hotspot_ID=23
[2025-12-10T17:42:39.760Z] [Timeline] Built hotspot row: item_type=4, hotspot_ID=23, order=11
[2025-12-10T17:42:39.769Z] [Timeline] Hotspot 24 - currentSeconds: 54360, routeEndSeconds: 72000
[2025-12-10T17:42:39.772Z] [Timeline] Processing hotspot 24 for route 387
[2025-12-10T17:42:39.776Z] [Timeline] Hotspot 24 coords: lat=11.934656339062595, lon=79.83484999477534
[2025-12-10T17:42:39.791Z] [Timeline] Checking operating hours for hotspot 24: visit window 15:07:00-21:07:00 on day 4
[2025-12-10T17:42:39.798Z] [Timeline] Hotspot 24 timing window: 09:00:00-18:00:00 (32400s-64800s), visit: 15:07:00-21:07:00 (54420s-76020s)
[2025-12-10T17:42:39.800Z] [Timeline] Hotspot 24 MATCH on day 4 (visit starts within operating hours)
[2025-12-10T17:42:39.801Z] [Timeline] Hotspot 24 operating hours OK
[2025-12-10T17:42:39.802Z] [Timeline] Travel type for "Pondicherry Airport" -> "Pondicherry Airport|Pondicherry": 1 (1=local, 2=outstation)
[2025-12-10T17:42:39.821Z] [Timeline] Building hotspot row for hotspot_ID=24
[2025-12-10T17:42:39.825Z] [Timeline] Built hotspot row: item_type=4, hotspot_ID=24, order=13
[2025-12-10T17:42:39.831Z] [Timeline] Hotspot 677 - currentSeconds: 58020, routeEndSeconds: 72000
[2025-12-10T17:42:39.832Z] [Timeline] Processing hotspot 677 for route 387
[2025-12-10T17:42:39.833Z] [Timeline] Skipping hotspot 677 - already added to plan 5
[2025-12-10T17:42:39.834Z] [Timeline] Hotspot 678 - currentSeconds: 58020, routeEndSeconds: 72000
[2025-12-10T17:42:39.835Z] [Timeline] Processing hotspot 678 for route 387
[2025-12-10T17:42:39.838Z] [Timeline] Hotspot 678 coords: lat=11.928492248303817, lon=79.83303242117643
[2025-12-10T17:42:39.854Z] [Timeline] Checking operating hours for hotspot 678: visit window 16:09:00-22:39:00 on day 4
[2025-12-10T17:42:39.857Z] [Timeline] Hotspot 678 operating hours OK
[2025-12-10T17:42:39.863Z] [Timeline] Travel type for "Pondicherry Airport|Pondicherry" -> "Pondicherry|Pondicherry Airport": 1 (1=local, 2=outstation)
[2025-12-10T17:42:39.881Z] [Timeline] Building hotspot row for hotspot_ID=678
[2025-12-10T17:42:39.884Z] [Timeline] Built hotspot row: item_type=4, hotspot_ID=678, order=15
[2025-12-10T17:42:39.889Z] [Timeline] Hotspot 676 - currentSeconds: 61740, routeEndSeconds: 72000
[2025-12-10T17:42:39.891Z] [Timeline] Processing hotspot 676 for route 387
[2025-12-10T17:42:39.898Z] [Timeline] Hotspot 676 coords: lat=11.930177048465467, lon=79.8224313245787
[2025-12-10T17:42:39.917Z] [Timeline] Checking operating hours for hotspot 676: visit window 17:12:00-23:42:00 on day 4
[2025-12-10T17:42:39.923Z] [Timeline] Hotspot 676 timing window: 10:00:00-17:00:00 (36000s-61200s), visit: 17:12:00-23:42:00 (61920s-85320s)
[2025-12-10T17:42:39.926Z] [Timeline] Hotspot 676 not open during visit window 17:12:00-23:42:00 on day 4, skipping
[2025-12-10T17:42:39.928Z] [Timeline] Hotspot 277 - currentSeconds: 61740, routeEndSeconds: 72000
[2025-12-10T17:42:39.929Z] [Timeline] Processing hotspot 277 for route 387
[2025-12-10T17:42:39.932Z] [Timeline] Hotspot 277 coords: lat=11.916309213225349, lon=79.82433098120615
[2025-12-10T17:42:39.947Z] [Timeline] Checking operating hours for hotspot 277: visit window 17:13:00-25:43:00 on day 4
[2025-12-10T17:42:39.954Z] [Timeline] Hotspot 277 timing window: 09:00:00-18:00:00 (32400s-64800s), visit: 17:13:00-25:43:00 (61980s-92580s)
[2025-12-10T17:42:39.958Z] [Timeline] Hotspot 277 MATCH on day 4 (visit starts within operating hours)
[2025-12-10T17:42:39.961Z] [Timeline] Hotspot 277 operating hours OK
[2025-12-10T17:42:39.963Z] [Timeline] Hotspot 277 would end at 25:43:00 (92580s) (exceeds route_end_time 20:00:00 (72000s) + buffer), skipping
[2025-12-10T17:42:39.964Z] [Timeline] Hotspot 679 - currentSeconds: 61740, routeEndSeconds: 72000
[2025-12-10T17:42:39.965Z] [Timeline] Processing hotspot 679 for route 387
[2025-12-10T17:42:39.972Z] [Timeline] Skipping hotspot 679 - already added to plan 5
[2025-12-10T17:42:39.981Z] [Timeline] Hotspot 669 - currentSeconds: 61740, routeEndSeconds: 72000
[2025-12-10T17:42:39.981Z] [Timeline] Processing hotspot 669 for route 387
[2025-12-10T17:42:39.984Z] [Timeline] Hotspot 669 coords: lat=11.882310987345338, lon=79.8244548517534
[2025-12-10T17:42:40.005Z] [Timeline] Checking operating hours for hotspot 669: visit window 17:21:00-23:51:00 on day 4
[2025-12-10T17:42:40.015Z] [Timeline] Hotspot 669 timing window: 06:00:00-18:00:00 (21600s-64800s), visit: 17:21:00-23:51:00 (62460s-85860s)
[2025-12-10T17:42:40.017Z] [Timeline] Hotspot 669 MATCH on day 4 (visit starts within operating hours)
[2025-12-10T17:42:40.018Z] [Timeline] Hotspot 669 operating hours OK
[2025-12-10T17:42:40.020Z] [Timeline] Travel type for "Pondicherry|Pondicherry Airport" -> "Pondicherry|Pondicherry Airport": 1 (1=local, 2=outstation)
[2025-12-10T17:42:40.036Z] [Timeline] Building hotspot row for hotspot_ID=669
[2025-12-10T17:42:40.040Z] [Timeline] Built hotspot row: item_type=4, hotspot_ID=669, order=17
[2025-12-10T17:42:40.064Z] [Timeline] Returning 40 hotspot rows and 0 parking rows
[2025-12-10T17:42:40.067Z] [Timeline] Hotspot rows item_types: 1, 3, 4, 5, 6, 1, 3, 4, 3, 4, 3, 4, 3, 4, 3, 4, 3, 4, 5, 6, 1, 3, 4, 3, 4, 3, 4, 3, 4, 3, 4, 3, 4, 3, 4, 3, 4, 5, 6, 7
[2025-12-10T17:42:40.069Z] [Timeline] Hotspot rows hotspot_IDs: , 5, 5, 0, 0, , 4, 4, 21, 21, 19, 19, 17, 17, 677, 677, 679, 679, 0, 0, , 18, 18, 25, 25, 20, 20, 16, 16, 23, 23, 24, 24, 678, 678, 669, 669, 0, 0, 0
[2025-12-10T17:42:40.072Z] 
=== LOG FILE SAVED TO: D:\wamp64\www\dvi_fullstack\dvi_backend\tmp\hotspot_optimization_1765388531832.log ===

