[2025-12-10T04:00:34.687Z] === HOTSPOT OPTIMIZATION LOG ===
[2025-12-10T04:00:34.689Z] Started at: 2025-12-10T04:00:34.689Z

[2025-12-10T04:02:06.703Z] [Timeline] Route 310 (Chennai International Airport → Chennai): routeStartTime=11:00:00, routeEndTime=20:00:00, direct_to_next=0
[2025-12-10T04:02:06.708Z] [Timeline] Route 310 starting coords from location_id 165946: (12.9811068, 80.159623)
[2025-12-10T04:02:06.711Z] [fetchSelectedHotspots] route 310 target="Chennai International Airport" next="Chennai" dow=2
[2025-12-10T04:02:06.781Z] [fetchSelectedHotspots] Found 583 total active hotspots
[2025-12-10T04:02:06.782Z] [fetchSelectedHotspots] direct_to_next_visiting_place=0
[2025-12-10T04:02:06.788Z] [fetchSelectedHotspots] source="Chennai International Airport", destination="Chennai"
[2025-12-10T04:02:06.793Z] [fetchSelectedHotspots] Starting coords from stored_locations: (12.9811068, 80.159623)
[2025-12-10T04:02:06.794Z] [fetchSelectedHotspots] Hotspot 4 "Kapaleeshwarar Temple" → SOURCE (matches "Chennai International Airport")
[2025-12-10T04:02:06.794Z] [fetchSelectedHotspots] Hotspot 4 "Kapaleeshwarar Temple" → DESTINATION (matches "Chennai")
[2025-12-10T04:02:06.795Z] [fetchSelectedHotspots] Hotspot 5 "Marina Beach" → SOURCE (matches "Chennai International Airport")
[2025-12-10T04:02:06.796Z] [fetchSelectedHotspots] Hotspot 5 "Marina Beach" → DESTINATION (matches "Chennai")
[2025-12-10T04:02:06.796Z] [fetchSelectedHotspots] Hotspot 6 "Fort St.George Museum" → SOURCE (matches "Chennai International Airport")
[2025-12-10T04:02:06.798Z] [fetchSelectedHotspots] Hotspot 7 "Government Museum Chennai" → SOURCE (matches "Chennai International Airport")
[2025-12-10T04:02:06.799Z] [fetchSelectedHotspots] Hotspot 8 "Santhome Cathedral Basilica" → SOURCE (matches "Chennai International Airport")
[2025-12-10T04:02:06.800Z] [fetchSelectedHotspots] Hotspot 9 "Thousand Lights Mosque" → SOURCE (matches "Chennai International Airport")
[2025-12-10T04:02:06.801Z] [fetchSelectedHotspots] Hotspot 10 "Guindy National Park" → SOURCE (matches "Chennai International Airport")
[2025-12-10T04:02:06.801Z] [fetchSelectedHotspots] Hotspot 11 "Parthasarathy Temple" → SOURCE (matches "Chennai International Airport")
[2025-12-10T04:02:06.802Z] [fetchSelectedHotspots] Hotspot 12 "Vivekanandar House" → SOURCE (matches "Chennai International Airport")
[2025-12-10T04:02:06.803Z] [fetchSelectedHotspots] Hotspot 13 "Arignar Anna Zoological Park" → SOURCE (matches "Chennai International Airport")
[2025-12-10T04:02:06.810Z] [fetchSelectedHotspots] Hotspot 290 "Vgp snow kingdom" → SOURCE (matches "Chennai International Airport")
[2025-12-10T04:02:06.811Z] [fetchSelectedHotspots] Hotspot 291 "Vgp marine kingdom" → SOURCE (matches "Chennai International Airport")
[2025-12-10T04:02:06.812Z] [fetchSelectedHotspots] Hotspot 292 "Guindy snake park" → SOURCE (matches "Chennai International Airport")
[2025-12-10T04:02:06.812Z] [fetchSelectedHotspots] Hotspot 293 "Queens land" → SOURCE (matches "Chennai International Airport")
[2025-12-10T04:02:06.813Z] [fetchSelectedHotspots] Hotspot 294 "light house marina" → SOURCE (matches "Chennai International Airport")
[2025-12-10T04:02:06.814Z] [fetchSelectedHotspots] Hotspot 296 "Anna tower park" → SOURCE (matches "Chennai International Airport")
[2025-12-10T04:02:06.815Z] [fetchSelectedHotspots] Hotspot 297 "B.M Birla planitourim." → SOURCE (matches "Chennai International Airport")
[2025-12-10T04:02:06.815Z] [fetchSelectedHotspots] Hotspot 298 "Click art museum" → SOURCE (matches "Chennai International Airport")
[2025-12-10T04:02:06.816Z] [fetchSelectedHotspots] Hotspot 299 "National art gallery" → SOURCE (matches "Chennai International Airport")
[2025-12-10T04:02:06.817Z] [fetchSelectedHotspots] Hotspot 300 "M G R  Memorial" → SOURCE (matches "Chennai International Airport")
[2025-12-10T04:02:06.817Z] [fetchSelectedHotspots] Hotspot 303 "Anna memorial." → SOURCE (matches "Chennai International Airport")
[2025-12-10T04:02:06.821Z] [fetchSelectedHotspots] Hotspot 544 "Shri Ashtalakshmi Temple" → SOURCE (matches "Chennai International Airport")
[2025-12-10T04:02:06.823Z] [fetchSelectedHotspots] Hotspot 544 "Shri Ashtalakshmi Temple" → DESTINATION (matches "Chennai")
[2025-12-10T04:02:06.827Z] [fetchSelectedHotspots] Categorized: source=22, destination=3, via=0
[2025-12-10T04:02:06.828Z] [fetchSelectedHotspots] AIRPORT ARRIVAL DETECTED: "Chennai International Airport" → "Chennai"
[2025-12-10T04:02:06.828Z] [fetchSelectedHotspots] direct_to_next_visiting_place=0 + AIRPORT ARRIVAL: Processing DESTINATION → VIA
[2025-12-10T04:02:06.830Z] [fetchSelectedHotspots] Matched 3 hotspots after PHP ordering
[2025-12-10T04:02:06.831Z] [fetchSelectedHotspots] First 5 hotspots (sorted): ID=5 "Marina Beach" priority=2 distance=22.47km, ID=4 "Kapaleeshwarar Temple" priority=1 distance=19.94km, ID=544 "Shri Ashtalakshmi Temple" priority=0 distance=18.11km
[2025-12-10T04:02:06.831Z] [fetchSelectedHotspots] Matched 3 hotspots for route 310
[2025-12-10T04:02:06.832Z] [Timeline] Route 310: Selected 3 hotspots
[2025-12-10T04:02:06.833Z] [Timeline] Route 310 - currentTime: 11:00:00, routeEndTime: 20:00:00, routeEndSeconds: 72000
[2025-12-10T04:02:06.833Z] [Timeline] Hotspot 5 - currentSeconds: 39600, routeEndSeconds: 72000
[2025-12-10T04:02:06.834Z] [Timeline] Processing hotspot 5 for route 310
[2025-12-10T04:02:06.837Z] [Timeline] Hotspot 5 coords: lat=13.051080243192029, lon=80.27775926313883
[2025-12-10T04:02:06.846Z] [calculateTravelTimeWithCoords] distance=22.46719727986943km, travelTime=00:34:00, bufferTime=01:00:00
[2025-12-10T04:02:06.847Z] [calculateTravelTimeWithCoords] totalSeconds=5640, result=01:34:00
[2025-12-10T04:02:06.847Z] [Timeline] Checking operating hours for hotspot 5: visit window 12:34:00-13:34:00 on day 2
[2025-12-10T04:02:06.850Z] [Timeline] Hotspot 5 operating hours OK
[2025-12-10T04:02:06.851Z] [Timeline] Travel type for "Chennai International Airport" -> "Chennai International Airport|Chennai Domestic Airport|Chennai Central|Chennai|Chennai Egmore Station|Chennai Koyembedu|ECR Beach, Chennai, Tamil Nadu": 1 (1=local, 2=outstation)
[2025-12-10T04:02:06.859Z] [Timeline] Building hotspot row for hotspot_ID=5
[2025-12-10T04:02:06.862Z] [Timeline] Built hotspot row: item_type=4, hotspot_ID=5, order=2
[2025-12-10T04:02:06.865Z] [Timeline] Hotspot 4 - currentSeconds: 52440, routeEndSeconds: 72000
[2025-12-10T04:02:06.866Z] [Timeline] Processing hotspot 4 for route 310
[2025-12-10T04:02:06.868Z] [Timeline] Hotspot 4 coords: lat=13.033798514213936, lon=80.26977915213011
[2025-12-10T04:02:06.871Z] [calculateTravelTimeWithCoords] distance=3.1606920731405888km, travelTime=00:05:00, bufferTime=01:00:00
[2025-12-10T04:02:06.873Z] [calculateTravelTimeWithCoords] totalSeconds=3900, result=01:05:00
[2025-12-10T04:02:06.874Z] [Timeline] Checking operating hours for hotspot 4: visit window 15:39:00-16:39:00 on day 2
[2025-12-10T04:02:06.878Z] [Timeline] Hotspot 4 operating hours OK
[2025-12-10T04:02:06.879Z] [Timeline] Travel type for "Chennai International Airport|Chennai Domestic Airport|Chennai Central|Chennai|Chennai Egmore Station|Chennai Koyembedu|ECR Beach, Chennai, Tamil Nadu" -> "Chennai International Airport|Chennai Domestic Airport|Chennai Central|Chennai|Chennai Egmore Station|Chennai Koyembedu|ECR Beach, Chennai, Tamil Nadu": 1 (1=local, 2=outstation)
[2025-12-10T04:02:06.882Z] [Timeline] Building hotspot row for hotspot_ID=4
[2025-12-10T04:02:06.885Z] [Timeline] Built hotspot row: item_type=4, hotspot_ID=4, order=4
[2025-12-10T04:02:06.887Z] [Timeline] Hotspot 544 - currentSeconds: 63540, routeEndSeconds: 72000
[2025-12-10T04:02:06.888Z] [Timeline] Processing hotspot 544 for route 310
[2025-12-10T04:02:06.892Z] [Timeline] Hotspot 544 coords: lat=12.993461140291483, lon=80.27030436931474
[2025-12-10T04:02:06.895Z] [calculateTravelTimeWithCoords] distance=6.728508377654247km, travelTime=00:10:00, bufferTime=01:00:00
[2025-12-10T04:02:06.896Z] [calculateTravelTimeWithCoords] totalSeconds=4200, result=01:10:00
[2025-12-10T04:02:06.897Z] [Timeline] Checking operating hours for hotspot 544: visit window 18:49:00-24:49:00 on day 2
[2025-12-10T04:02:06.899Z] [Timeline] Hotspot 544 not open during visit window 18:49:00-24:49:00 on day 2, skipping
[2025-12-10T04:02:18.390Z] [Timeline] Route 311 (Chennai → Pondicherry): routeStartTime=08:00:00, routeEndTime=20:00:00, direct_to_next=0
[2025-12-10T04:02:18.394Z] [Timeline] Route 311 starting coords from location_id 762: (13.0843007, 80.2704622)
[2025-12-10T04:02:18.397Z] [fetchSelectedHotspots] route 311 target="Chennai" next="Pondicherry" dow=3
[2025-12-10T04:02:18.475Z] [fetchSelectedHotspots] Found 583 total active hotspots
[2025-12-10T04:02:18.476Z] [fetchSelectedHotspots] direct_to_next_visiting_place=0
[2025-12-10T04:02:18.477Z] [fetchSelectedHotspots] source="Chennai", destination="Pondicherry"
[2025-12-10T04:02:18.480Z] [fetchSelectedHotspots] Starting coords from stored_locations: (12.9811068, 80.159623)
[2025-12-10T04:02:18.481Z] [fetchSelectedHotspots] Hotspot 4 "Kapaleeshwarar Temple" → SOURCE (matches "Chennai")
[2025-12-10T04:02:18.483Z] [fetchSelectedHotspots] Hotspot 5 "Marina Beach" → SOURCE (matches "Chennai")
[2025-12-10T04:02:18.484Z] [fetchSelectedHotspots] Hotspot 17 "Sri Aurobindo Ashram" → DESTINATION (matches "Pondicherry")
[2025-12-10T04:02:18.485Z] [fetchSelectedHotspots] Hotspot 18 "Auroville" → DESTINATION (matches "Pondicherry")
[2025-12-10T04:02:18.486Z] [fetchSelectedHotspots] Hotspot 19 "Promenade Beach" → DESTINATION (matches "Pondicherry")
[2025-12-10T04:02:18.487Z] [fetchSelectedHotspots] Hotspot 20 "Chunnambar Boathouse" → DESTINATION (matches "Pondicherry")
[2025-12-10T04:02:18.488Z] [fetchSelectedHotspots] Hotspot 21 "The Basilica of the Sacred Heart of Jesus" → DESTINATION (matches "Pondicherry")
[2025-12-10T04:02:18.489Z] [fetchSelectedHotspots] Hotspot 24 "The Pondicherry Museum" → DESTINATION (matches "Pondicherry")
[2025-12-10T04:02:18.490Z] [fetchSelectedHotspots] Hotspot 25 "Manakula Vinayagar Temple" → DESTINATION (matches "Pondicherry")
[2025-12-10T04:02:18.494Z] [fetchSelectedHotspots] Hotspot 277 "Pondicherry Backwater" → DESTINATION (matches "Pondicherry")
[2025-12-10T04:02:18.502Z] [fetchSelectedHotspots] Hotspot 544 "Shri Ashtalakshmi Temple" → SOURCE (matches "Chennai")
[2025-12-10T04:02:18.507Z] [fetchSelectedHotspots] Hotspot 669 "Eden Beach - Blue flag Beach" → DESTINATION (matches "Pondicherry")
[2025-12-10T04:02:18.509Z] [fetchSelectedHotspots] Hotspot 676 "Botanical Garden" → DESTINATION (matches "Pondicherry")
[2025-12-10T04:02:18.510Z] [fetchSelectedHotspots] Hotspot 677 "Bharathi Park &amp; Aayi Mandapam" → DESTINATION (matches "Pondicherry")
[2025-12-10T04:02:18.510Z] [fetchSelectedHotspots] Hotspot 678 "French Colony" → DESTINATION (matches "Pondicherry")
[2025-12-10T04:02:18.511Z] [fetchSelectedHotspots] Hotspot 679 "Pondi Marina Beach" → DESTINATION (matches "Pondicherry")
[2025-12-10T04:02:18.512Z] [fetchSelectedHotspots] Categorized: source=3, destination=13, via=0
[2025-12-10T04:02:18.513Z] [fetchSelectedHotspots] direct_to_next_visiting_place=0 + OUTSTATION: Processing DESTINATION → SOURCE → VIA
[2025-12-10T04:02:18.514Z] [fetchSelectedHotspots] Matched 16 hotspots after PHP ordering
[2025-12-10T04:02:18.519Z] [fetchSelectedHotspots] First 5 hotspots (sorted): ID=18 "Auroville" priority=1 distance=171.53km, ID=25 "Manakula Vinayagar Temple" priority=2 distance=182.13km, ID=21 "The Basilica of the Sacred Heart of Jesus" priority=4 distance=184.07km, ID=19 "Promenade Beach" priority=5 distance=182.88km, ID=20 "Chunnambar Boathouse" priority=5 distance=192.08km
[2025-12-10T04:02:18.520Z] [fetchSelectedHotspots] Matched 16 hotspots for route 311
[2025-12-10T04:02:18.523Z] [Timeline] Route 311: Selected 16 hotspots
[2025-12-10T04:02:18.524Z] [Timeline] Route 311 - currentTime: 08:00:00, routeEndTime: 20:00:00, routeEndSeconds: 72000
[2025-12-10T04:02:18.526Z] [Timeline] Hotspot 18 - currentSeconds: 28800, routeEndSeconds: 72000
[2025-12-10T04:02:18.527Z] [Timeline] Processing hotspot 18 for route 311
[2025-12-10T04:02:18.532Z] [Timeline] Hotspot 18 coords: lat=12.008342334177776, lon=79.81781931258232
[2025-12-10T04:02:18.536Z] [calculateTravelTimeWithCoords] distance=194.00307791238174km, travelTime=03:14:00, bufferTime=01:00:00
[2025-12-10T04:02:18.537Z] [calculateTravelTimeWithCoords] totalSeconds=15240, result=04:14:00
[2025-12-10T04:02:18.538Z] [Timeline] Checking operating hours for hotspot 18: visit window 12:14:00-14:14:00 on day 3
[2025-12-10T04:02:18.541Z] [Timeline] Hotspot 18 not open during visit window 12:14:00-14:14:00 on day 3, skipping
[2025-12-10T04:02:18.542Z] [Timeline] Hotspot 25 - currentSeconds: 28800, routeEndSeconds: 72000
[2025-12-10T04:02:18.543Z] [Timeline] Processing hotspot 25 for route 311
[2025-12-10T04:02:18.545Z] [Timeline] Hotspot 25 coords: lat=11.936184966220257, lon=79.83484226674099
[2025-12-10T04:02:18.549Z] [calculateTravelTimeWithCoords] distance=204.2116138007018km, travelTime=03:24:00, bufferTime=01:00:00
[2025-12-10T04:02:18.550Z] [calculateTravelTimeWithCoords] totalSeconds=15840, result=04:24:00
[2025-12-10T04:02:18.551Z] [Timeline] Checking operating hours for hotspot 25: visit window 12:24:00-12:54:00 on day 3
[2025-12-10T04:02:18.554Z] [Timeline] Hotspot 25 operating hours OK
[2025-12-10T04:02:18.555Z] [Timeline] Travel type for "Chennai" -> "Pondicherry Airport|Pondicherry": 2 (1=local, 2=outstation)
[2025-12-10T04:02:18.559Z] [Timeline] Building hotspot row for hotspot_ID=25
[2025-12-10T04:02:18.562Z] [Timeline] Built hotspot row: item_type=4, hotspot_ID=25, order=2
[2025-12-10T04:02:18.565Z] [Timeline] Hotspot 21 - currentSeconds: 51840, routeEndSeconds: 72000
[2025-12-10T04:02:18.566Z] [Timeline] Processing hotspot 21 for route 311
[2025-12-10T04:02:18.569Z] [Timeline] Hotspot 21 coords: lat=11.926178758041798, lon=79.82779781515121
[2025-12-10T04:02:18.573Z] [calculateTravelTimeWithCoords] distance=2.0265622336473994km, travelTime=00:03:00, bufferTime=01:00:00
[2025-12-10T04:02:18.574Z] [calculateTravelTimeWithCoords] totalSeconds=3780, result=01:03:00
[2025-12-10T04:02:18.574Z] [Timeline] Checking operating hours for hotspot 21: visit window 15:27:00-15:57:00 on day 3
[2025-12-10T04:02:18.577Z] [Timeline] Hotspot 21 not open during visit window 15:27:00-15:57:00 on day 3, skipping
[2025-12-10T04:02:18.579Z] [Timeline] Hotspot 19 - currentSeconds: 51840, routeEndSeconds: 72000
[2025-12-10T04:02:18.581Z] [Timeline] Processing hotspot 19 for route 311
[2025-12-10T04:02:18.584Z] [Timeline] Hotspot 19 coords: lat=11.931203427435934, lon=79.83580349426904
[2025-12-10T04:02:18.588Z] [calculateTravelTimeWithCoords] distance=0.8455597843031792km, travelTime=00:01:00, bufferTime=01:00:00
[2025-12-10T04:02:18.589Z] [calculateTravelTimeWithCoords] totalSeconds=3660, result=01:01:00
[2025-12-10T04:02:18.589Z] [Timeline] Checking operating hours for hotspot 19: visit window 15:25:00-16:25:00 on day 3
[2025-12-10T04:02:18.592Z] [Timeline] Hotspot 19 not open during visit window 15:25:00-16:25:00 on day 3, skipping
[2025-12-10T04:02:18.593Z] [Timeline] Hotspot 20 - currentSeconds: 51840, routeEndSeconds: 72000
[2025-12-10T04:02:18.594Z] [Timeline] Processing hotspot 20 for route 311
[2025-12-10T04:02:18.596Z] [Timeline] Hotspot 20 coords: lat=11.883875481616602, lon=79.80141705562612
[2025-12-10T04:02:18.600Z] [calculateTravelTimeWithCoords] distance=10.289809623013468km, travelTime=00:15:00, bufferTime=01:00:00
[2025-12-10T04:02:18.601Z] [calculateTravelTimeWithCoords] totalSeconds=4500, result=01:15:00
[2025-12-10T04:02:18.602Z] [Timeline] Checking operating hours for hotspot 20: visit window 15:39:00-16:39:00 on day 3
[2025-12-10T04:02:18.605Z] [Timeline] Hotspot 20 operating hours OK
[2025-12-10T04:02:18.606Z] [Timeline] Travel type for "Pondicherry Airport|Pondicherry" -> "Pondicherry Airport|Pondicherry": 1 (1=local, 2=outstation)
[2025-12-10T04:02:18.610Z] [Timeline] Building hotspot row for hotspot_ID=20
[2025-12-10T04:02:18.612Z] [Timeline] Built hotspot row: item_type=4, hotspot_ID=20, order=4
[2025-12-10T04:02:18.615Z] [Timeline] Hotspot 17 - currentSeconds: 63540, routeEndSeconds: 72000
[2025-12-10T04:02:18.616Z] [Timeline] Processing hotspot 17 for route 311
[2025-12-10T04:02:18.618Z] [Timeline] Hotspot 17 coords: lat=11.936929030828965, lon=79.83477998559515
[2025-12-10T04:02:18.622Z] [calculateTravelTimeWithCoords] distance=10.389912795626412km, travelTime=00:16:00, bufferTime=01:00:00
[2025-12-10T04:02:18.623Z] [calculateTravelTimeWithCoords] totalSeconds=4560, result=01:16:00
[2025-12-10T04:02:18.624Z] [Timeline] Checking operating hours for hotspot 17: visit window 18:55:00-19:55:00 on day 3
[2025-12-10T04:02:18.628Z] [Timeline] Hotspot 17 not open during visit window 18:55:00-19:55:00 on day 3, skipping
[2025-12-10T04:02:18.629Z] [Timeline] Hotspot 24 - currentSeconds: 63540, routeEndSeconds: 72000
[2025-12-10T04:02:18.629Z] [Timeline] Processing hotspot 24 for route 311
[2025-12-10T04:02:18.632Z] [Timeline] Hotspot 24 coords: lat=11.934656339062595, lon=79.83484999477534
[2025-12-10T04:02:18.635Z] [calculateTravelTimeWithCoords] distance=10.075221915313325km, travelTime=00:15:00, bufferTime=01:00:00
[2025-12-10T04:02:18.636Z] [calculateTravelTimeWithCoords] totalSeconds=4500, result=01:15:00
[2025-12-10T04:02:18.637Z] [Timeline] Checking operating hours for hotspot 24: visit window 18:54:00-19:24:00 on day 3
[2025-12-10T04:02:18.642Z] [Timeline] Hotspot 24 not open during visit window 18:54:00-19:24:00 on day 3, skipping
[2025-12-10T04:02:18.643Z] [Timeline] Hotspot 677 - currentSeconds: 63540, routeEndSeconds: 72000
[2025-12-10T04:02:18.644Z] [Timeline] Processing hotspot 677 for route 311
[2025-12-10T04:02:18.646Z] [Timeline] Hotspot 677 coords: lat=11.933029585291068, lon=79.83418306595088
[2025-12-10T04:02:18.649Z] [calculateTravelTimeWithCoords] distance=9.788344943466635km, travelTime=00:15:00, bufferTime=01:00:00
[2025-12-10T04:02:18.650Z] [calculateTravelTimeWithCoords] totalSeconds=4500, result=01:15:00
[2025-12-10T04:02:18.651Z] [Timeline] Checking operating hours for hotspot 677: visit window 18:54:00-19:39:00 on day 3
[2025-12-10T04:02:18.655Z] [Timeline] Hotspot 677 not open during visit window 18:54:00-19:39:00 on day 3, skipping
[2025-12-10T04:02:18.656Z] [Timeline] Hotspot 678 - currentSeconds: 63540, routeEndSeconds: 72000
[2025-12-10T04:02:18.657Z] [Timeline] Processing hotspot 678 for route 311
[2025-12-10T04:02:18.659Z] [Timeline] Hotspot 678 coords: lat=11.928492248303817, lon=79.83303242117643
[2025-12-10T04:02:18.663Z] [calculateTravelTimeWithCoords] distance=9.055526391916866km, travelTime=00:14:00, bufferTime=01:00:00
[2025-12-10T04:02:18.664Z] [calculateTravelTimeWithCoords] totalSeconds=4440, result=01:14:00
[2025-12-10T04:02:18.664Z] [Timeline] Checking operating hours for hotspot 678: visit window 18:53:00-19:53:00 on day 3
[2025-12-10T04:02:18.667Z] [Timeline] Hotspot 678 operating hours OK
[2025-12-10T04:02:18.668Z] [Timeline] Travel type for "Pondicherry Airport|Pondicherry" -> "Pondicherry|Pondicherry Airport": 1 (1=local, 2=outstation)
[2025-12-10T04:02:18.672Z] [Timeline] Building hotspot row for hotspot_ID=678
[2025-12-10T04:02:18.676Z] [Timeline] Built hotspot row: item_type=4, hotspot_ID=678, order=6
[2025-12-10T04:02:18.679Z] [Timeline] Hotspot 676 - currentSeconds: 75180, routeEndSeconds: 72000
[2025-12-10T04:02:18.680Z] [Timeline] Stopping hotspots for route 311 because currentTime 20:53:00 (75180s) >= route_end_time 20:00:00 (72000s)
[2025-12-10T04:02:35.641Z] [Timeline] Route 312 (Pondicherry → Pondicherry Airport): routeStartTime=09:56:00, routeEndTime=10:00:00, direct_to_next=0
[2025-12-10T04:02:35.644Z] [Timeline] Route 312 starting coords from location_id 5922: (11.9415915, 79.8083133)
[2025-12-10T04:02:35.646Z] [fetchSelectedHotspots] route 312 target="Pondicherry" next="Pondicherry Airport" dow=4
[2025-12-10T04:02:35.702Z] [fetchSelectedHotspots] Found 583 total active hotspots
[2025-12-10T04:02:35.704Z] [fetchSelectedHotspots] direct_to_next_visiting_place=0
[2025-12-10T04:02:35.705Z] [fetchSelectedHotspots] source="Pondicherry", destination="Pondicherry Airport"
[2025-12-10T04:02:35.707Z] [fetchSelectedHotspots] Starting coords from stored_locations: (13.0827989, 80.2754246)
[2025-12-10T04:02:35.708Z] [fetchSelectedHotspots] Hotspot 16 "Paradise Beach" → DESTINATION (matches "Pondicherry Airport")
[2025-12-10T04:02:35.709Z] [fetchSelectedHotspots] Hotspot 17 "Sri Aurobindo Ashram" → SOURCE (matches "Pondicherry")
[2025-12-10T04:02:35.709Z] [fetchSelectedHotspots] Hotspot 17 "Sri Aurobindo Ashram" → DESTINATION (matches "Pondicherry Airport")
[2025-12-10T04:02:35.710Z] [fetchSelectedHotspots] Hotspot 18 "Auroville" → SOURCE (matches "Pondicherry")
[2025-12-10T04:02:35.711Z] [fetchSelectedHotspots] Hotspot 18 "Auroville" → DESTINATION (matches "Pondicherry Airport")
[2025-12-10T04:02:35.711Z] [fetchSelectedHotspots] Hotspot 19 "Promenade Beach" → SOURCE (matches "Pondicherry")
[2025-12-10T04:02:35.712Z] [fetchSelectedHotspots] Hotspot 19 "Promenade Beach" → DESTINATION (matches "Pondicherry Airport")
[2025-12-10T04:02:35.712Z] [fetchSelectedHotspots] Hotspot 20 "Chunnambar Boathouse" → SOURCE (matches "Pondicherry")
[2025-12-10T04:02:35.713Z] [fetchSelectedHotspots] Hotspot 20 "Chunnambar Boathouse" → DESTINATION (matches "Pondicherry Airport")
[2025-12-10T04:02:35.713Z] [fetchSelectedHotspots] Hotspot 21 "The Basilica of the Sacred Heart of Jesus" → SOURCE (matches "Pondicherry")
[2025-12-10T04:02:35.714Z] [fetchSelectedHotspots] Hotspot 21 "The Basilica of the Sacred Heart of Jesus" → DESTINATION (matches "Pondicherry Airport")
[2025-12-10T04:02:35.714Z] [fetchSelectedHotspots] Hotspot 23 "French War Memorial" → DESTINATION (matches "Pondicherry Airport")
[2025-12-10T04:02:35.715Z] [fetchSelectedHotspots] Hotspot 24 "The Pondicherry Museum" → SOURCE (matches "Pondicherry")
[2025-12-10T04:02:35.715Z] [fetchSelectedHotspots] Hotspot 24 "The Pondicherry Museum" → DESTINATION (matches "Pondicherry Airport")
[2025-12-10T04:02:35.716Z] [fetchSelectedHotspots] Hotspot 25 "Manakula Vinayagar Temple" → SOURCE (matches "Pondicherry")
[2025-12-10T04:02:35.716Z] [fetchSelectedHotspots] Hotspot 25 "Manakula Vinayagar Temple" → DESTINATION (matches "Pondicherry Airport")
[2025-12-10T04:02:35.718Z] [fetchSelectedHotspots] Hotspot 277 "Pondicherry Backwater" → SOURCE (matches "Pondicherry")
[2025-12-10T04:02:35.720Z] [fetchSelectedHotspots] Hotspot 277 "Pondicherry Backwater" → DESTINATION (matches "Pondicherry Airport")
[2025-12-10T04:02:35.722Z] [fetchSelectedHotspots] Hotspot 669 "Eden Beach - Blue flag Beach" → SOURCE (matches "Pondicherry")
[2025-12-10T04:02:35.723Z] [fetchSelectedHotspots] Hotspot 669 "Eden Beach - Blue flag Beach" → DESTINATION (matches "Pondicherry Airport")
[2025-12-10T04:02:35.724Z] [fetchSelectedHotspots] Hotspot 676 "Botanical Garden" → SOURCE (matches "Pondicherry")
[2025-12-10T04:02:35.724Z] [fetchSelectedHotspots] Hotspot 676 "Botanical Garden" → DESTINATION (matches "Pondicherry Airport")
[2025-12-10T04:02:35.725Z] [fetchSelectedHotspots] Hotspot 677 "Bharathi Park &amp; Aayi Mandapam" → SOURCE (matches "Pondicherry")
[2025-12-10T04:02:35.726Z] [fetchSelectedHotspots] Hotspot 677 "Bharathi Park &amp; Aayi Mandapam" → DESTINATION (matches "Pondicherry Airport")
[2025-12-10T04:02:35.726Z] [fetchSelectedHotspots] Hotspot 678 "French Colony" → SOURCE (matches "Pondicherry")
[2025-12-10T04:02:35.727Z] [fetchSelectedHotspots] Hotspot 678 "French Colony" → DESTINATION (matches "Pondicherry Airport")
[2025-12-10T04:02:35.728Z] [fetchSelectedHotspots] Hotspot 679 "Pondi Marina Beach" → SOURCE (matches "Pondicherry")
[2025-12-10T04:02:35.729Z] [fetchSelectedHotspots] Hotspot 679 "Pondi Marina Beach" → DESTINATION (matches "Pondicherry Airport")
[2025-12-10T04:02:35.730Z] [fetchSelectedHotspots] Categorized: source=13, destination=15, via=0
[2025-12-10T04:02:35.730Z] [fetchSelectedHotspots] direct_to_next_visiting_place=0 + OUTSTATION: Processing DESTINATION → SOURCE → VIA
[2025-12-10T04:02:35.731Z] [fetchSelectedHotspots] Matched 28 hotspots after PHP ordering
[2025-12-10T04:02:35.732Z] [fetchSelectedHotspots] First 5 hotspots (sorted): ID=18 "Auroville" priority=1 distance=194.08km, ID=16 "Paradise Beach" priority=1 distance=209.31km, ID=25 "Manakula Vinayagar Temple" priority=2 distance=204.26km, ID=23 "French War Memorial" priority=3 distance=204.86km, ID=21 "The Basilica of the Sacred Heart of Jesus" priority=4 distance=206.23km
[2025-12-10T04:02:35.732Z] [fetchSelectedHotspots] Matched 15 hotspots for route 312
[2025-12-10T04:02:35.733Z] [Timeline] Route 312: Selected 15 hotspots
[2025-12-10T04:02:35.733Z] [Timeline] Route 312 - currentTime: 09:56:00, routeEndTime: 10:00:00, routeEndSeconds: 36000
[2025-12-10T04:02:35.734Z] [Timeline] Hotspot 18 - currentSeconds: 35760, routeEndSeconds: 36000
[2025-12-10T04:02:35.734Z] [Timeline] Processing hotspot 18 for route 312
[2025-12-10T04:02:35.737Z] [Timeline] Hotspot 18 coords: lat=12.008342334177776, lon=79.81781931258232
[2025-12-10T04:02:35.774Z] [calculateTravelTimeWithCoords] distance=11.241049772706868km, travelTime=00:17:00, bufferTime=01:00:00
[2025-12-10T04:02:35.776Z] [calculateTravelTimeWithCoords] totalSeconds=4620, result=01:17:00
[2025-12-10T04:02:35.776Z] [Timeline] Checking operating hours for hotspot 18: visit window 11:13:00-13:13:00 on day 4
[2025-12-10T04:02:35.780Z] [Timeline] Hotspot 18 not open during visit window 11:13:00-13:13:00 on day 4, skipping
[2025-12-10T04:02:35.781Z] [Timeline] Hotspot 16 - currentSeconds: 35760, routeEndSeconds: 36000
[2025-12-10T04:02:35.782Z] [Timeline] Processing hotspot 16 for route 312
[2025-12-10T04:02:35.784Z] [Timeline] Hotspot 16 coords: lat=11.894346668881749, lon=79.86265715952393
[2025-12-10T04:02:35.789Z] [calculateTravelTimeWithCoords] distance=11.863831455739744km, travelTime=00:12:00, bufferTime=01:00:00
[2025-12-10T04:02:35.790Z] [calculateTravelTimeWithCoords] totalSeconds=4320, result=01:12:00
[2025-12-10T04:02:35.792Z] [Timeline] Checking operating hours for hotspot 16: visit window 11:08:00-11:38:00 on day 4
[2025-12-10T04:02:35.795Z] [Timeline] Hotspot 16 not open during visit window 11:08:00-11:38:00 on day 4, skipping
[2025-12-10T04:02:35.795Z] [Timeline] Hotspot 25 - currentSeconds: 35760, routeEndSeconds: 36000
[2025-12-10T04:02:35.796Z] [Timeline] Processing hotspot 25 for route 312
[2025-12-10T04:02:35.797Z] [Timeline] Skipping hotspot 25 - already added to plan 5
[2025-12-10T04:02:35.797Z] [Timeline] Hotspot 23 - currentSeconds: 35760, routeEndSeconds: 36000
[2025-12-10T04:02:35.798Z] [Timeline] Processing hotspot 23 for route 312
[2025-12-10T04:02:35.800Z] [Timeline] Hotspot 23 coords: lat=11.93212951685565, lon=79.83535346593922
[2025-12-10T04:02:35.804Z] [calculateTravelTimeWithCoords] distance=4.686302538761899km, travelTime=00:05:00, bufferTime=01:00:00
[2025-12-10T04:02:35.805Z] [calculateTravelTimeWithCoords] totalSeconds=3900, result=01:05:00
[2025-12-10T04:02:35.806Z] [Timeline] Checking operating hours for hotspot 23: visit window 11:01:00-11:21:00 on day 4
[2025-12-10T04:02:35.808Z] [Timeline] Hotspot 23 operating hours OK
[2025-12-10T04:02:35.809Z] [Timeline] Hotspot 23 would end at 11:21:00 (40860s) (exceeds route_end_time 10:00:00 (36000s)), skipping
[2025-12-10T04:02:35.810Z] [Timeline] Hotspot 21 - currentSeconds: 35760, routeEndSeconds: 36000
[2025-12-10T04:02:35.810Z] [Timeline] Processing hotspot 21 for route 312
[2025-12-10T04:02:35.812Z] [Timeline] Hotspot 21 coords: lat=11.926178758041798, lon=79.82779781515121
[2025-12-10T04:02:35.815Z] [calculateTravelTimeWithCoords] distance=4.088848644263546km, travelTime=00:06:00, bufferTime=01:00:00
[2025-12-10T04:02:35.816Z] [calculateTravelTimeWithCoords] totalSeconds=3960, result=01:06:00
[2025-12-10T04:02:35.816Z] [Timeline] Checking operating hours for hotspot 21: visit window 11:02:00-11:32:00 on day 4
[2025-12-10T04:02:35.819Z] [Timeline] Hotspot 21 not open during visit window 11:02:00-11:32:00 on day 4, skipping
[2025-12-10T04:02:35.821Z] [Timeline] Hotspot 19 - currentSeconds: 35760, routeEndSeconds: 36000
[2025-12-10T04:02:35.822Z] [Timeline] Processing hotspot 19 for route 312
[2025-12-10T04:02:35.824Z] [Timeline] Hotspot 19 coords: lat=11.931203427435934, lon=79.83580349426904
[2025-12-10T04:02:35.827Z] [calculateTravelTimeWithCoords] distance=4.808991882074449km, travelTime=00:07:00, bufferTime=01:00:00
[2025-12-10T04:02:35.828Z] [calculateTravelTimeWithCoords] totalSeconds=4020, result=01:07:00
[2025-12-10T04:02:35.828Z] [Timeline] Checking operating hours for hotspot 19: visit window 11:03:00-12:03:00 on day 4
[2025-12-10T04:02:35.831Z] [Timeline] Hotspot 19 not open during visit window 11:03:00-12:03:00 on day 4, skipping
[2025-12-10T04:02:35.831Z] [Timeline] Hotspot 20 - currentSeconds: 35760, routeEndSeconds: 36000
[2025-12-10T04:02:35.832Z] [Timeline] Processing hotspot 20 for route 312
[2025-12-10T04:02:35.832Z] [Timeline] Skipping hotspot 20 - already added to plan 5
[2025-12-10T04:02:35.833Z] [Timeline] Hotspot 17 - currentSeconds: 35760, routeEndSeconds: 36000
[2025-12-10T04:02:35.834Z] [Timeline] Processing hotspot 17 for route 312
[2025-12-10T04:02:35.837Z] [Timeline] Hotspot 17 coords: lat=11.936929030828965, lon=79.83477998559515
[2025-12-10T04:02:35.840Z] [calculateTravelTimeWithCoords] distance=4.388400365148069km, travelTime=00:07:00, bufferTime=01:00:00
[2025-12-10T04:02:35.841Z] [calculateTravelTimeWithCoords] totalSeconds=4020, result=01:07:00
[2025-12-10T04:02:35.842Z] [Timeline] Checking operating hours for hotspot 17: visit window 11:03:00-12:03:00 on day 4
[2025-12-10T04:02:35.844Z] [Timeline] Hotspot 17 not open during visit window 11:03:00-12:03:00 on day 4, skipping
[2025-12-10T04:02:35.845Z] [Timeline] Hotspot 24 - currentSeconds: 35760, routeEndSeconds: 36000
[2025-12-10T04:02:35.845Z] [Timeline] Processing hotspot 24 for route 312
[2025-12-10T04:02:35.847Z] [Timeline] Hotspot 24 coords: lat=11.934656339062595, lon=79.83484999477534
[2025-12-10T04:02:35.850Z] [calculateTravelTimeWithCoords] distance=4.482219922199722km, travelTime=00:07:00, bufferTime=01:00:00
[2025-12-10T04:02:35.851Z] [calculateTravelTimeWithCoords] totalSeconds=4020, result=01:07:00
[2025-12-10T04:02:35.852Z] [Timeline] Checking operating hours for hotspot 24: visit window 11:03:00-11:33:00 on day 4
[2025-12-10T04:02:35.857Z] [Timeline] Hotspot 24 not open during visit window 11:03:00-11:33:00 on day 4, skipping
[2025-12-10T04:02:35.858Z] [Timeline] Hotspot 677 - currentSeconds: 35760, routeEndSeconds: 36000
[2025-12-10T04:02:35.858Z] [Timeline] Processing hotspot 677 for route 312
[2025-12-10T04:02:35.860Z] [Timeline] Hotspot 677 coords: lat=11.933029585291068, lon=79.83418306595088
[2025-12-10T04:02:35.863Z] [calculateTravelTimeWithCoords] distance=4.456568578326231km, travelTime=00:07:00, bufferTime=01:00:00
[2025-12-10T04:02:35.864Z] [calculateTravelTimeWithCoords] totalSeconds=4020, result=01:07:00
[2025-12-10T04:02:35.865Z] [Timeline] Checking operating hours for hotspot 677: visit window 11:03:00-11:48:00 on day 4
[2025-12-10T04:02:35.867Z] [Timeline] Hotspot 677 not open during visit window 11:03:00-11:48:00 on day 4, skipping
[2025-12-10T04:02:35.868Z] [Timeline] Hotspot 678 - currentSeconds: 35760, routeEndSeconds: 36000
[2025-12-10T04:02:35.869Z] [Timeline] Processing hotspot 678 for route 312
[2025-12-10T04:02:35.871Z] [Timeline] Skipping hotspot 678 - already added to plan 5
[2025-12-10T04:02:35.872Z] [Timeline] Hotspot 676 - currentSeconds: 35760, routeEndSeconds: 36000
[2025-12-10T04:02:35.872Z] [Timeline] Processing hotspot 676 for route 312
[2025-12-10T04:02:35.875Z] [Timeline] Hotspot 676 coords: lat=11.930177048465467, lon=79.8224313245787
[2025-12-10T04:02:35.878Z] [calculateTravelTimeWithCoords] distance=2.988716776144974km, travelTime=00:04:00, bufferTime=01:00:00
[2025-12-10T04:02:35.878Z] [calculateTravelTimeWithCoords] totalSeconds=3840, result=01:04:00
[2025-12-10T04:02:35.879Z] [Timeline] Checking operating hours for hotspot 676: visit window 11:00:00-12:00:00 on day 4
[2025-12-10T04:02:35.881Z] [Timeline] Hotspot 676 not open during visit window 11:00:00-12:00:00 on day 4, skipping
[2025-12-10T04:02:35.882Z] [Timeline] Hotspot 277 - currentSeconds: 35760, routeEndSeconds: 36000
[2025-12-10T04:02:35.883Z] [Timeline] Processing hotspot 277 for route 312
[2025-12-10T04:02:35.887Z] [Timeline] Hotspot 277 coords: lat=11.916309213225349, lon=79.82433098120615
[2025-12-10T04:02:35.890Z] [calculateTravelTimeWithCoords] distance=4.961333557210943km, travelTime=00:07:00, bufferTime=01:00:00
[2025-12-10T04:02:35.891Z] [calculateTravelTimeWithCoords] totalSeconds=4020, result=01:07:00
[2025-12-10T04:02:35.892Z] [Timeline] Checking operating hours for hotspot 277: visit window 11:03:00-14:03:00 on day 4
[2025-12-10T04:02:35.894Z] [Timeline] Hotspot 277 not open during visit window 11:03:00-14:03:00 on day 4, skipping
[2025-12-10T04:02:35.895Z] [Timeline] Hotspot 679 - currentSeconds: 35760, routeEndSeconds: 36000
[2025-12-10T04:02:35.895Z] [Timeline] Processing hotspot 679 for route 312
[2025-12-10T04:02:35.897Z] [Timeline] Hotspot 679 coords: lat=11.913052113056816, lon=79.82932149874199
[2025-12-10T04:02:35.900Z] [calculateTravelTimeWithCoords] distance=5.866233123230032km, travelTime=00:09:00, bufferTime=01:00:00
[2025-12-10T04:02:35.901Z] [calculateTravelTimeWithCoords] totalSeconds=4140, result=01:09:00
[2025-12-10T04:02:35.902Z] [Timeline] Checking operating hours for hotspot 679: visit window 11:05:00-11:35:00 on day 4
[2025-12-10T04:02:35.905Z] [Timeline] Hotspot 679 operating hours OK
[2025-12-10T04:02:35.906Z] [Timeline] Hotspot 679 would end at 11:35:00 (41700s) (exceeds route_end_time 10:00:00 (36000s)), skipping
[2025-12-10T04:02:35.907Z] [Timeline] Hotspot 669 - currentSeconds: 35760, routeEndSeconds: 36000
[2025-12-10T04:02:35.907Z] [Timeline] Processing hotspot 669 for route 312
[2025-12-10T04:02:35.909Z] [Timeline] Hotspot 669 coords: lat=11.882310987345338, lon=79.8244548517534
[2025-12-10T04:02:35.912Z] [calculateTravelTimeWithCoords] distance=10.232449121429859km, travelTime=00:15:00, bufferTime=01:00:00
[2025-12-10T04:02:35.913Z] [calculateTravelTimeWithCoords] totalSeconds=4500, result=01:15:00
[2025-12-10T04:02:35.914Z] [Timeline] Checking operating hours for hotspot 669: visit window 11:11:00-12:11:00 on day 4
[2025-12-10T04:02:35.917Z] [Timeline] Hotspot 669 operating hours OK
[2025-12-10T04:02:35.917Z] [Timeline] Hotspot 669 would end at 12:11:00 (43860s) (exceeds route_end_time 10:00:00 (36000s)), skipping
[2025-12-10T04:02:35.934Z] [Timeline] Returning 17 hotspot rows and 0 parking rows
[2025-12-10T04:02:35.934Z] [Timeline] Hotspot rows item_types: 3, 4, 3, 4, 5, 6, 3, 4, 3, 4, 3, 4, 5, 6, 5, 6, 7
[2025-12-10T04:02:35.935Z] [Timeline] Hotspot rows hotspot_IDs: 5, 5, 4, 4, 0, 0, 25, 25, 20, 20, 678, 678, 0, 0, 0, 0, 0
[2025-12-10T04:02:35.937Z] 
=== LOG FILE SAVED TO: D:\wamp64\www\dvi_fullstack\dvi_backend\tmp\hotspot_optimization_1765339234687.log ===

