[2025-12-11T04:52:56.812Z] === HOTSPOT OPTIMIZATION LOG ===
[2025-12-11T04:52:56.827Z] Started at: 2025-12-11T04:52:56.827Z

[2025-12-11T04:53:10.653Z] [Timeline] Route 497 (Chennai International Airport → Chennai): routeStartTime=11:00:00, routeEndTime=20:00:00, direct_to_next=0
[2025-12-11T04:53:10.750Z] [Timeline] Route 497 starting coords from location_id 165946: (12.9811068, 80.159623)
[2025-12-11T04:53:10.790Z] [Timeline] Route 497 - Added refreshment break: 11:00:00 - 12:00:00
[2025-12-11T04:53:10.804Z] [fetchSelectedHotspots] route 497 target="Chennai International Airport" next="Chennai" dow=4
[2025-12-11T04:53:10.986Z] [fetchSelectedHotspots] Found 583 total active hotspots
[2025-12-11T04:53:11.012Z] [fetchSelectedHotspots] direct_to_next_visiting_place=0
[2025-12-11T04:53:11.018Z] [fetchSelectedHotspots] source="Chennai International Airport", destination="Chennai"
[2025-12-11T04:53:11.030Z] [fetchSelectedHotspots] Starting coords from stored_locations: (12.9811068, 80.159623)
[2025-12-11T04:53:11.040Z] [fetchSelectedHotspots] Hotspot 4 "Kapaleeshwarar Temple" → SOURCE (matches "Chennai International Airport" - PRIMARY)
[2025-12-11T04:53:11.044Z] [fetchSelectedHotspots] Hotspot 4 "Kapaleeshwarar Temple" → DESTINATION (matches "Chennai")
[2025-12-11T04:53:11.046Z] [fetchSelectedHotspots] Hotspot 5 "Marina Beach" → SOURCE (matches "Chennai International Airport" - PRIMARY)
[2025-12-11T04:53:11.060Z] [fetchSelectedHotspots] Hotspot 5 "Marina Beach" → DESTINATION (matches "Chennai")
[2025-12-11T04:53:11.063Z] [fetchSelectedHotspots] Hotspot 6 "Fort St.George Museum" → SOURCE (matches "Chennai International Airport" - PRIMARY)
[2025-12-11T04:53:11.070Z] [fetchSelectedHotspots] Hotspot 7 "Government Museum Chennai" → SOURCE (matches "Chennai International Airport" - PRIMARY)
[2025-12-11T04:53:11.073Z] [fetchSelectedHotspots] Hotspot 8 "Santhome Cathedral Basilica" → SOURCE (matches "Chennai International Airport" - PRIMARY)
[2025-12-11T04:53:11.080Z] [fetchSelectedHotspots] Hotspot 9 "Thousand Lights Mosque" → SOURCE (matches "Chennai International Airport" - PRIMARY)
[2025-12-11T04:53:11.103Z] [fetchSelectedHotspots] Hotspot 10 "Guindy National Park" → SOURCE (matches "Chennai International Airport" - PRIMARY)
[2025-12-11T04:53:11.109Z] [fetchSelectedHotspots] Hotspot 11 "Parthasarathy Temple" → SOURCE (matches "Chennai International Airport" - PRIMARY)
[2025-12-11T04:53:11.130Z] [fetchSelectedHotspots] Hotspot 12 "Vivekanandar House" → SOURCE (matches "Chennai International Airport" - PRIMARY)
[2025-12-11T04:53:11.155Z] [fetchSelectedHotspots] Hotspot 13 "Arignar Anna Zoological Park" → SOURCE (matches "Chennai International Airport" - PRIMARY)
[2025-12-11T04:53:11.195Z] [fetchSelectedHotspots] Hotspot 290 "Vgp snow kingdom" → SOURCE (matches "Chennai International Airport" - PRIMARY)
[2025-12-11T04:53:11.221Z] [fetchSelectedHotspots] Hotspot 291 "Vgp marine kingdom" → SOURCE (matches "Chennai International Airport" - PRIMARY)
[2025-12-11T04:53:11.224Z] [fetchSelectedHotspots] Hotspot 292 "Guindy snake park" → SOURCE (matches "Chennai International Airport" - PRIMARY)
[2025-12-11T04:53:11.250Z] [fetchSelectedHotspots] Hotspot 293 "Queens land" → SOURCE (matches "Chennai International Airport" - PRIMARY)
[2025-12-11T04:53:11.271Z] [fetchSelectedHotspots] Hotspot 294 "light house marina" → SOURCE (matches "Chennai International Airport" - PRIMARY)
[2025-12-11T04:53:11.279Z] [fetchSelectedHotspots] Hotspot 296 "Anna tower park" → SOURCE (matches "Chennai International Airport" - PRIMARY)
[2025-12-11T04:53:11.296Z] [fetchSelectedHotspots] Hotspot 297 "B.M Birla planitourim." → SOURCE (matches "Chennai International Airport" - PRIMARY)
[2025-12-11T04:53:11.317Z] [fetchSelectedHotspots] Hotspot 298 "Click art museum" → SOURCE (matches "Chennai International Airport" - PRIMARY)
[2025-12-11T04:53:11.344Z] [fetchSelectedHotspots] Hotspot 299 "National art gallery" → SOURCE (matches "Chennai International Airport" - PRIMARY)
[2025-12-11T04:53:11.352Z] [fetchSelectedHotspots] Hotspot 300 "M G R  Memorial" → SOURCE (matches "Chennai International Airport" - PRIMARY)
[2025-12-11T04:53:11.386Z] [fetchSelectedHotspots] Hotspot 303 "Anna memorial." → SOURCE (matches "Chennai International Airport" - PRIMARY)
[2025-12-11T04:53:11.409Z] [fetchSelectedHotspots] Hotspot 544 "Shri Ashtalakshmi Temple" → SOURCE (matches "Chennai International Airport" - PRIMARY)
[2025-12-11T04:53:11.417Z] [fetchSelectedHotspots] Hotspot 544 "Shri Ashtalakshmi Temple" → DESTINATION (matches "Chennai")
[2025-12-11T04:53:11.445Z] [fetchSelectedHotspots] Filtered 14 priority-0 SOURCE hotspots (22 → 8)
[2025-12-11T04:53:11.452Z] [fetchSelectedHotspots] Categorized: source=8, destination=3, via=0
[2025-12-11T04:53:11.478Z] [fetchSelectedHotspots] AIRPORT ARRIVAL DETECTED: "Chennai International Airport" → "Chennai"
[2025-12-11T04:53:11.492Z] [fetchSelectedHotspots] direct_to_next_visiting_place=0 + AIRPORT ARRIVAL: Processing DESTINATION → VIA
[2025-12-11T04:53:11.510Z] [fetchSelectedHotspots] Matched 3 hotspots after PHP ordering
[2025-12-11T04:53:11.524Z] [fetchSelectedHotspots] First 5 hotspots (sorted): ID=4 "Kapaleeshwarar Temple" priority=1 distance=19.94km, ID=5 "Marina Beach" priority=2 distance=22.47km, ID=544 "Shri Ashtalakshmi Temple" priority=0 distance=18.11km
[2025-12-11T04:53:11.535Z] [fetchSelectedHotspots] Matched 3 hotspots for route 497
[2025-12-11T04:53:11.563Z] [Timeline] Route 497: Selected 3 hotspots
[2025-12-11T04:53:11.594Z] [Timeline] Route 497 - currentTime: 12:00:00, routeEndTime: 20:00:00, routeEndSeconds: 72000
[2025-12-11T04:53:11.606Z] [Timeline] Hotspot 4 - currentSeconds: 43200, routeEndSeconds: 72000
[2025-12-11T04:53:11.625Z] [Timeline] Processing hotspot 4 for route 497
[2025-12-11T04:53:11.646Z] [Timeline] Hotspot 4 coords: lat=13.033798514213936, lon=80.26977915213011
[2025-12-11T04:53:11.726Z] [Timeline] Checking operating hours for hotspot 4: visit window 12:30:00-13:30:00 on day 4
[2025-12-11T04:53:11.795Z] [Timeline] Hotspot 4 check window: 05:30:00-12:00:00, visit: 12:30:00-13:30:00
[2025-12-11T04:53:11.808Z] [Timeline] Hotspot 4 check window: 16:00:00-20:00:00, visit: 12:30:00-13:30:00
[2025-12-11T04:53:11.833Z] [Timeline] Hotspot 4 operating hours check FAILED - visit 12:30:00-13:30:00 doesn't fit in any window
[2025-12-11T04:53:11.854Z] [Timeline] Hotspot 4 not open during visit window 12:30:00-13:30:00 on day 4, skipping
[2025-12-11T04:53:11.868Z] [Timeline] Hotspot 5 - currentSeconds: 43200, routeEndSeconds: 72000
[2025-12-11T04:53:11.895Z] [Timeline] Processing hotspot 5 for route 497
[2025-12-11T04:53:11.925Z] [Timeline] Hotspot 5 coords: lat=13.051080243192029, lon=80.27775926313883
[2025-12-11T04:53:11.985Z] [Timeline] Checking operating hours for hotspot 5: visit window 12:34:00-13:34:00 on day 4
[2025-12-11T04:53:12.018Z] [Timeline] Hotspot 5 operating hours OK
[2025-12-11T04:53:12.045Z] [Timeline] Travel type for "Chennai International Airport" -> "Chennai International Airport|Chennai Domestic Airport|Chennai Central|Chennai|Chennai Egmore Station|Chennai Koyembedu|ECR Beach, Chennai, Tamil Nadu": 1 (1=local, 2=outstation)
[2025-12-11T04:53:12.105Z] [Timeline] Building hotspot row for hotspot_ID=5
[2025-12-11T04:53:12.145Z] [Timeline] Built hotspot row: item_type=4, hotspot_ID=5, order=2
[2025-12-11T04:53:12.185Z] [Timeline] Hotspot 544 - currentSeconds: 48840, routeEndSeconds: 72000
[2025-12-11T04:53:12.218Z] [Timeline] Processing hotspot 544 for route 497
[2025-12-11T04:53:12.252Z] [Timeline] Hotspot 544 coords: lat=12.993461140291483, lon=80.27030436931474
[2025-12-11T04:53:12.302Z] [Timeline] Checking operating hours for hotspot 544: visit window 13:49:00-19:49:00 on day 4
[2025-12-11T04:53:12.339Z] [Timeline] Hotspot 544 check window: 06:00:00-12:00:00, visit: 13:49:00-19:49:00
[2025-12-11T04:53:12.354Z] [Timeline] Hotspot 544 check window: 16:00:00-20:00:00, visit: 13:49:00-19:49:00
[2025-12-11T04:53:12.370Z] [Timeline] Hotspot 544 operating hours check FAILED - visit 13:49:00-19:49:00 doesn't fit in any window
[2025-12-11T04:53:12.375Z] [Timeline] Hotspot 544 not open during visit window 13:49:00-19:49:00 on day 4, skipping
[2025-12-11T04:53:12.435Z] [Timeline] Route 498 (Chennai → Pondicherry): routeStartTime=08:00:00, routeEndTime=20:00:00, direct_to_next=0
[2025-12-11T04:53:12.467Z] [Timeline] Route 498 starting coords from location_id 762: (13.0843007, 80.2704622)
[2025-12-11T04:53:12.508Z] [Timeline] Route 498 - Added refreshment break: 08:00:00 - 09:00:00
[2025-12-11T04:53:12.545Z] [fetchSelectedHotspots] route 498 target="Chennai" next="Pondicherry" dow=5
[2025-12-11T04:53:12.712Z] [fetchSelectedHotspots] Found 583 total active hotspots
[2025-12-11T04:53:12.742Z] [fetchSelectedHotspots] direct_to_next_visiting_place=0
[2025-12-11T04:53:12.770Z] [fetchSelectedHotspots] source="Chennai", destination="Pondicherry"
[2025-12-11T04:53:12.801Z] [fetchSelectedHotspots] Starting coords from stored_locations: (12.9811068, 80.159623)
[2025-12-11T04:53:12.825Z] [fetchSelectedHotspots] Hotspot 4 "Kapaleeshwarar Temple" → SOURCE (matches "Chennai")
[2025-12-11T04:53:12.828Z] [fetchSelectedHotspots] Hotspot 5 "Marina Beach" → SOURCE (matches "Chennai")
[2025-12-11T04:53:12.857Z] [fetchSelectedHotspots] Hotspot 17 "Sri Aurobindo Ashram" → DESTINATION (matches "Pondicherry")
[2025-12-11T04:53:12.883Z] [fetchSelectedHotspots] Hotspot 18 "Auroville" → DESTINATION (matches "Pondicherry")
[2025-12-11T04:53:12.903Z] [fetchSelectedHotspots] Hotspot 19 "Promenade Beach" → DESTINATION (matches "Pondicherry")
[2025-12-11T04:53:12.913Z] [fetchSelectedHotspots] Hotspot 20 "Chunnambar Boathouse" → DESTINATION (matches "Pondicherry")
[2025-12-11T04:53:12.941Z] [fetchSelectedHotspots] Hotspot 21 "The Basilica of the Sacred Heart of Jesus" → DESTINATION (matches "Pondicherry")
[2025-12-11T04:53:12.969Z] [fetchSelectedHotspots] Hotspot 24 "The Pondicherry Museum" → DESTINATION (matches "Pondicherry")
[2025-12-11T04:53:12.978Z] [fetchSelectedHotspots] Hotspot 25 "Manakula Vinayagar Temple" → DESTINATION (matches "Pondicherry")
[2025-12-11T04:53:13.055Z] [fetchSelectedHotspots] Hotspot 277 "Pondicherry Backwater" → DESTINATION (matches "Pondicherry")
[2025-12-11T04:53:13.253Z] [fetchSelectedHotspots] Hotspot 544 "Shri Ashtalakshmi Temple" → SOURCE (matches "Chennai")
[2025-12-11T04:53:13.404Z] [fetchSelectedHotspots] Hotspot 669 "Eden Beach - Blue flag Beach" → DESTINATION (matches "Pondicherry" - PRIMARY)
[2025-12-11T04:53:13.470Z] [fetchSelectedHotspots] Hotspot 676 "Botanical Garden" → DESTINATION (matches "Pondicherry" - PRIMARY)
[2025-12-11T04:53:13.505Z] [fetchSelectedHotspots] Hotspot 677 "Bharathi Park &amp; Aayi Mandapam" → DESTINATION (matches "Pondicherry" - PRIMARY)
[2025-12-11T04:53:13.516Z] [fetchSelectedHotspots] Hotspot 678 "French Colony" → DESTINATION (matches "Pondicherry" - PRIMARY)
[2025-12-11T04:53:13.541Z] [fetchSelectedHotspots] Hotspot 679 "Pondi Marina Beach" → DESTINATION (matches "Pondicherry" - PRIMARY)
[2025-12-11T04:53:13.550Z] [fetchSelectedHotspots] Filtered 1 priority-0 SOURCE hotspots (3 → 2)
[2025-12-11T04:53:13.570Z] [fetchSelectedHotspots] Categorized: source=2, destination=13, via=0
[2025-12-11T04:53:13.588Z] [fetchSelectedHotspots] direct_to_next_visiting_place=0: Processing SOURCE → DESTINATION → VIA
[2025-12-11T04:53:13.610Z] [fetchSelectedHotspots] Matched 15 hotspots after PHP ordering
[2025-12-11T04:53:13.635Z] [fetchSelectedHotspots] First 5 hotspots (sorted): ID=4 "Kapaleeshwarar Temple" priority=1 distance=19.94km, ID=5 "Marina Beach" priority=2 distance=22.47km, ID=677 "Bharathi Park &amp; Aayi Mandapam" priority=0 distance=182.67km, ID=678 "French Colony" priority=0 distance=183.45km, ID=676 "Botanical Garden" priority=0 distance=183.69km
[2025-12-11T04:53:13.653Z] [fetchSelectedHotspots] Matched 15 hotspots for route 498
[2025-12-11T04:53:13.673Z] [Timeline] Route 498: Selected 15 hotspots
[2025-12-11T04:53:13.718Z] [Timeline] Route 498 - currentTime: 09:00:00, routeEndTime: 20:00:00, routeEndSeconds: 72000
[2025-12-11T04:53:13.760Z] [Timeline] Hotspot 4 - currentSeconds: 32400, routeEndSeconds: 72000
[2025-12-11T04:53:13.792Z] [Timeline] Processing hotspot 4 for route 498
[2025-12-11T04:53:13.834Z] [Timeline] Hotspot 4 coords: lat=13.033798514213936, lon=80.26977915213011
[2025-12-11T04:53:13.934Z] [Timeline] Checking operating hours for hotspot 4: visit window 09:13:00-10:13:00 on day 5
[2025-12-11T04:53:13.969Z] [Timeline] Hotspot 4 check window: 05:30:00-12:00:00, visit: 09:13:00-10:13:00
[2025-12-11T04:53:13.990Z] [Timeline] Hotspot 4 operating hours OK - entire visit 09:13:00-10:13:00 fits in 05:30:00-12:00:00
[2025-12-11T04:53:14.008Z] [Timeline] Hotspot 4 operating hours OK
[2025-12-11T04:53:14.034Z] [Timeline] Travel type for "Chennai" -> "Chennai International Airport|Chennai Domestic Airport|Chennai Central|Chennai|Chennai Egmore Station|Chennai Koyembedu|ECR Beach, Chennai, Tamil Nadu": 1 (1=local, 2=outstation)
[2025-12-11T04:53:14.106Z] [Timeline] Building hotspot row for hotspot_ID=4
[2025-12-11T04:53:14.128Z] [Timeline] Built hotspot row: item_type=4, hotspot_ID=4, order=2
[2025-12-11T04:53:14.184Z] [Timeline] Hotspot 5 - currentSeconds: 36780, routeEndSeconds: 72000
[2025-12-11T04:53:14.219Z] [Timeline] Processing hotspot 5 for route 498
[2025-12-11T04:53:14.236Z] [Timeline] Skipping hotspot 5 - already added to plan 5
[2025-12-11T04:53:14.270Z] [Timeline] Hotspot 677 - currentSeconds: 36780, routeEndSeconds: 72000
[2025-12-11T04:53:14.293Z] [Timeline] Processing hotspot 677 for route 498
[2025-12-11T04:53:14.303Z] [Timeline] Hotspot 677 coords: lat=11.933029585291068, lon=79.83418306595088
[2025-12-11T04:53:14.354Z] [Timeline] Checking operating hours for hotspot 677: visit window 13:30:00-14:15:00 on day 5
[2025-12-11T04:53:14.384Z] [Timeline] Hotspot 677 check window: 06:00:00-19:00:00, visit: 13:30:00-14:15:00
[2025-12-11T04:53:14.412Z] [Timeline] Hotspot 677 operating hours OK - entire visit 13:30:00-14:15:00 fits in 06:00:00-19:00:00
[2025-12-11T04:53:14.417Z] [Timeline] Hotspot 677 operating hours OK
[2025-12-11T04:53:14.443Z] [Timeline] Travel type for "Chennai International Airport|Chennai Domestic Airport|Chennai Central|Chennai|Chennai Egmore Station|Chennai Koyembedu|ECR Beach, Chennai, Tamil Nadu" -> "Pondicherry|Pondicherry Airport": 2 (1=local, 2=outstation)
[2025-12-11T04:53:14.496Z] [Timeline] Building hotspot row for hotspot_ID=677
[2025-12-11T04:53:14.511Z] [Timeline] Built hotspot row: item_type=4, hotspot_ID=677, order=3
[2025-12-11T04:53:14.539Z] [Timeline] Hotspot 678 - currentSeconds: 51300, routeEndSeconds: 72000
[2025-12-11T04:53:14.562Z] [Timeline] Processing hotspot 678 for route 498
[2025-12-11T04:53:14.578Z] [Timeline] Hotspot 678 coords: lat=11.928492248303817, lon=79.83303242117643
[2025-12-11T04:53:14.657Z] [Timeline] Checking operating hours for hotspot 678: visit window 14:16:00-15:16:00 on day 5
[2025-12-11T04:53:14.669Z] [Timeline] Hotspot 678 operating hours OK
[2025-12-11T04:53:14.710Z] [Timeline] Travel type for "Pondicherry|Pondicherry Airport" -> "Pondicherry|Pondicherry Airport": 1 (1=local, 2=outstation)
[2025-12-11T04:53:14.808Z] [Timeline] Building hotspot row for hotspot_ID=678
[2025-12-11T04:53:14.842Z] [Timeline] Built hotspot row: item_type=4, hotspot_ID=678, order=4
[2025-12-11T04:53:14.890Z] [Timeline] Hotspot 676 - currentSeconds: 54960, routeEndSeconds: 72000
[2025-12-11T04:53:14.924Z] [Timeline] Processing hotspot 676 for route 498
[2025-12-11T04:53:14.960Z] [Timeline] Hotspot 676 coords: lat=11.930177048465467, lon=79.8224313245787
[2025-12-11T04:53:15.026Z] [Timeline] Checking operating hours for hotspot 676: visit window 15:19:00-16:19:00 on day 5
[2025-12-11T04:53:15.039Z] [Timeline] Hotspot 676 check window: 10:00:00-17:00:00, visit: 15:19:00-16:19:00
[2025-12-11T04:53:15.058Z] [Timeline] Hotspot 676 operating hours OK - entire visit 15:19:00-16:19:00 fits in 10:00:00-17:00:00
[2025-12-11T04:53:15.076Z] [Timeline] Hotspot 676 operating hours OK
[2025-12-11T04:53:15.091Z] [Timeline] Travel type for "Pondicherry|Pondicherry Airport" -> "Pondicherry|Pondicherry Airport": 1 (1=local, 2=outstation)
[2025-12-11T04:53:15.153Z] [Timeline] Building hotspot row for hotspot_ID=676
[2025-12-11T04:53:15.189Z] [Timeline] Built hotspot row: item_type=4, hotspot_ID=676, order=5
[2025-12-11T04:53:15.233Z] [Timeline] Hotspot 679 - currentSeconds: 58740, routeEndSeconds: 72000
[2025-12-11T04:53:15.263Z] [Timeline] Processing hotspot 679 for route 498
[2025-12-11T04:53:15.308Z] [Timeline] Hotspot 679 coords: lat=11.913052113056816, lon=79.82932149874199
[2025-12-11T04:53:15.392Z] [Timeline] Checking operating hours for hotspot 679: visit window 16:24:00-16:54:00 on day 5
[2025-12-11T04:53:15.408Z] [Timeline] Hotspot 679 operating hours OK
[2025-12-11T04:53:15.435Z] [Timeline] Travel type for "Pondicherry|Pondicherry Airport" -> "Pondicherry|Pondicherry Airport": 1 (1=local, 2=outstation)
[2025-12-11T04:53:15.638Z] [Timeline] Building hotspot row for hotspot_ID=679
[2025-12-11T04:53:15.708Z] [Timeline] Built hotspot row: item_type=4, hotspot_ID=679, order=6
[2025-12-11T04:53:15.789Z] [Timeline] Hotspot 669 - currentSeconds: 60840, routeEndSeconds: 72000
[2025-12-11T04:53:15.806Z] [Timeline] Processing hotspot 669 for route 498
[2025-12-11T04:53:15.826Z] [Timeline] Hotspot 669 coords: lat=11.882310987345338, lon=79.8244548517534
[2025-12-11T04:53:15.890Z] [Timeline] Checking operating hours for hotspot 669: visit window 17:02:00-18:02:00 on day 5
[2025-12-11T04:53:15.924Z] [Timeline] Hotspot 669 check window: 06:00:00-18:00:00, visit: 17:02:00-18:02:00
[2025-12-11T04:53:15.928Z] [Timeline] Hotspot 669 operating hours check FAILED - visit 17:02:00-18:02:00 doesn't fit in any window
[2025-12-11T04:53:15.968Z] [Timeline] Hotspot 669 not open during visit window 17:02:00-18:02:00 on day 5, skipping
[2025-12-11T04:53:15.976Z] [Timeline] Hotspot 18 - currentSeconds: 60840, routeEndSeconds: 72000
[2025-12-11T04:53:16.005Z] [Timeline] Processing hotspot 18 for route 498
[2025-12-11T04:53:16.020Z] [Timeline] Hotspot 18 coords: lat=12.008342334177776, lon=79.81781931258232
[2025-12-11T04:53:16.108Z] [Timeline] Checking operating hours for hotspot 18: visit window 17:18:00-19:18:00 on day 5
[2025-12-11T04:53:16.128Z] [Timeline] Hotspot 18 check window: 09:00:00-13:00:00, visit: 17:18:00-19:18:00
[2025-12-11T04:53:16.138Z] [Timeline] Hotspot 18 check window: 13:30:00-17:00:00, visit: 17:18:00-19:18:00
[2025-12-11T04:53:16.144Z] [Timeline] Hotspot 18 operating hours check FAILED - visit 17:18:00-19:18:00 doesn't fit in any window
[2025-12-11T04:53:16.183Z] [Timeline] Hotspot 18 not open during visit window 17:18:00-19:18:00 on day 5, skipping
[2025-12-11T04:53:16.213Z] [Timeline] Hotspot 25 - currentSeconds: 60840, routeEndSeconds: 72000
[2025-12-11T04:53:16.235Z] [Timeline] Processing hotspot 25 for route 498
[2025-12-11T04:53:16.269Z] [Timeline] Hotspot 25 coords: lat=11.936184966220257, lon=79.83484226674099
[2025-12-11T04:53:16.319Z] [Timeline] Checking operating hours for hotspot 25: visit window 17:00:00-17:30:00 on day 5
[2025-12-11T04:53:16.352Z] [Timeline] Hotspot 25 check window: 17:45:00-12:30:00, visit: 17:00:00-17:30:00
[2025-12-11T04:53:16.379Z] [Timeline] Hotspot 25 check window: 16:00:00-20:00:00, visit: 17:00:00-17:30:00
[2025-12-11T04:53:16.386Z] [Timeline] Hotspot 25 operating hours OK - entire visit 17:00:00-17:30:00 fits in 16:00:00-20:00:00
[2025-12-11T04:53:16.416Z] [Timeline] Hotspot 25 operating hours OK
[2025-12-11T04:53:16.423Z] [Timeline] Travel type for "Pondicherry|Pondicherry Airport" -> "Pondicherry Airport|Pondicherry": 1 (1=local, 2=outstation)
[2025-12-11T04:53:16.490Z] [Timeline] Building hotspot row for hotspot_ID=25
[2025-12-11T04:53:16.508Z] [Timeline] Built hotspot row: item_type=4, hotspot_ID=25, order=7
[2025-12-11T04:53:16.549Z] [Timeline] Hotspot 21 - currentSeconds: 63000, routeEndSeconds: 72000
[2025-12-11T04:53:16.560Z] [Timeline] Processing hotspot 21 for route 498
[2025-12-11T04:53:16.591Z] [Timeline] Hotspot 21 coords: lat=11.926178758041798, lon=79.82779781515121
[2025-12-11T04:53:16.651Z] [Timeline] Checking operating hours for hotspot 21: visit window 17:33:00-18:03:00 on day 5
[2025-12-11T04:53:16.686Z] [Timeline] Hotspot 21 check window: 06:00:00-19:00:00, visit: 17:33:00-18:03:00
[2025-12-11T04:53:16.719Z] [Timeline] Hotspot 21 operating hours OK - entire visit 17:33:00-18:03:00 fits in 06:00:00-19:00:00
[2025-12-11T04:53:16.760Z] [Timeline] Hotspot 21 operating hours OK
[2025-12-11T04:53:16.770Z] [Timeline] Travel type for "Pondicherry Airport|Pondicherry" -> "Pondicherry Airport|Pondicherry": 1 (1=local, 2=outstation)
[2025-12-11T04:53:16.852Z] [Timeline] Building hotspot row for hotspot_ID=21
[2025-12-11T04:53:16.884Z] [Timeline] Built hotspot row: item_type=4, hotspot_ID=21, order=8
[2025-12-11T04:53:16.917Z] [Timeline] Hotspot 19 - currentSeconds: 64980, routeEndSeconds: 72000
[2025-12-11T04:53:16.929Z] [Timeline] Processing hotspot 19 for route 498
[2025-12-11T04:53:16.976Z] [Timeline] Hotspot 19 coords: lat=11.931203427435934, lon=79.83580349426904
[2025-12-11T04:53:17.062Z] [Timeline] Checking operating hours for hotspot 19: visit window 18:05:00-19:05:00 on day 5
[2025-12-11T04:53:17.083Z] [Timeline] Hotspot 19 check window: 06:00:00-20:00:00, visit: 18:05:00-19:05:00
[2025-12-11T04:53:17.099Z] [Timeline] Hotspot 19 operating hours OK - entire visit 18:05:00-19:05:00 fits in 06:00:00-20:00:00
[2025-12-11T04:53:17.102Z] [Timeline] Hotspot 19 operating hours OK
[2025-12-11T04:53:17.125Z] [Timeline] Travel type for "Pondicherry Airport|Pondicherry" -> "Pondicherry Airport|Pondicherry": 1 (1=local, 2=outstation)
[2025-12-11T04:53:17.210Z] [Timeline] Building hotspot row for hotspot_ID=19
[2025-12-11T04:53:17.215Z] [Timeline] Built hotspot row: item_type=4, hotspot_ID=19, order=9
[2025-12-11T04:53:17.223Z] [Timeline] Hotspot 20 - currentSeconds: 68700, routeEndSeconds: 72000
[2025-12-11T04:53:17.244Z] [Timeline] Processing hotspot 20 for route 498
[2025-12-11T04:53:17.277Z] [Timeline] Hotspot 20 coords: lat=11.883875481616602, lon=79.80141705562612
[2025-12-11T04:53:17.340Z] [Timeline] Checking operating hours for hotspot 20: visit window 19:20:00-20:20:00 on day 5
[2025-12-11T04:53:17.373Z] [Timeline] Hotspot 20 check window: 09:30:00-16:00:00, visit: 19:20:00-20:20:00
[2025-12-11T04:53:17.407Z] [Timeline] Hotspot 20 operating hours check FAILED - visit 19:20:00-20:20:00 doesn't fit in any window
[2025-12-11T04:53:17.433Z] [Timeline] Hotspot 20 not open during visit window 19:20:00-20:20:00 on day 5, skipping
[2025-12-11T04:53:17.457Z] [Timeline] Hotspot 17 - currentSeconds: 68700, routeEndSeconds: 72000
[2025-12-11T04:53:17.487Z] [Timeline] Processing hotspot 17 for route 498
[2025-12-11T04:53:17.502Z] [Timeline] Hotspot 17 coords: lat=11.936929030828965, lon=79.83477998559515
[2025-12-11T04:53:17.575Z] [Timeline] Checking operating hours for hotspot 17: visit window 19:06:00-20:06:00 on day 5
[2025-12-11T04:53:17.607Z] [Timeline] Hotspot 17 check window: 10:30:00-19:00:00, visit: 19:06:00-20:06:00
[2025-12-11T04:53:17.610Z] [Timeline] Hotspot 17 operating hours check FAILED - visit 19:06:00-20:06:00 doesn't fit in any window
[2025-12-11T04:53:17.642Z] [Timeline] Hotspot 17 not open during visit window 19:06:00-20:06:00 on day 5, skipping
[2025-12-11T04:53:17.651Z] [Timeline] Hotspot 24 - currentSeconds: 68700, routeEndSeconds: 72000
[2025-12-11T04:53:17.683Z] [Timeline] Processing hotspot 24 for route 498
[2025-12-11T04:53:17.729Z] [Timeline] Hotspot 24 coords: lat=11.934656339062595, lon=79.83484999477534
[2025-12-11T04:53:17.803Z] [Timeline] Checking operating hours for hotspot 24: visit window 19:06:00-19:36:00 on day 5
[2025-12-11T04:53:17.818Z] [Timeline] Hotspot 24 check window: 09:00:00-18:00:00, visit: 19:06:00-19:36:00
[2025-12-11T04:53:17.840Z] [Timeline] Hotspot 24 operating hours check FAILED - visit 19:06:00-19:36:00 doesn't fit in any window
[2025-12-11T04:53:17.859Z] [Timeline] Hotspot 24 not open during visit window 19:06:00-19:36:00 on day 5, skipping
[2025-12-11T04:53:17.878Z] [Timeline] Hotspot 277 - currentSeconds: 68700, routeEndSeconds: 72000
[2025-12-11T04:53:17.901Z] [Timeline] Processing hotspot 277 for route 498
[2025-12-11T04:53:17.913Z] [Timeline] Hotspot 277 coords: lat=11.916309213225349, lon=79.82433098120615
[2025-12-11T04:53:17.979Z] [Timeline] Checking operating hours for hotspot 277: visit window 19:10:00-22:10:00 on day 5
[2025-12-11T04:53:18.009Z] [Timeline] Hotspot 277 check window: 09:00:00-18:00:00, visit: 19:10:00-22:10:00
[2025-12-11T04:53:18.029Z] [Timeline] Hotspot 277 operating hours check FAILED - visit 19:10:00-22:10:00 doesn't fit in any window
[2025-12-11T04:53:18.043Z] [Timeline] Hotspot 277 not open during visit window 19:10:00-22:10:00 on day 5, skipping
[2025-12-11T04:53:18.091Z] [Timeline] Route 499 (Pondicherry → Pondicherry Airport): routeStartTime=08:00:00, routeEndTime=20:00:00, direct_to_next=0
[2025-12-11T04:53:18.128Z] [Timeline] Route 499 starting coords from location_id 5922: (11.9415915, 79.8083133)
[2025-12-11T04:53:18.155Z] [Timeline] Route 499 - Skipping refreshment (last route - PHP behavior)
[2025-12-11T04:53:18.166Z] [fetchSelectedHotspots] route 499 target="Pondicherry" next="Pondicherry Airport" dow=6
[2025-12-11T04:53:18.327Z] [fetchSelectedHotspots] Found 583 total active hotspots
[2025-12-11T04:53:18.350Z] [fetchSelectedHotspots] direct_to_next_visiting_place=0
[2025-12-11T04:53:18.360Z] [fetchSelectedHotspots] source="Pondicherry", destination="Pondicherry Airport"
[2025-12-11T04:53:18.401Z] [fetchSelectedHotspots] Starting coords from stored_locations: (13.0827989, 80.2754246)
[2025-12-11T04:53:18.434Z] [fetchSelectedHotspots] Hotspot 16 "Paradise Beach" → DESTINATION (matches "Pondicherry Airport" - PRIMARY)
[2025-12-11T04:53:18.468Z] [fetchSelectedHotspots] Hotspot 17 "Sri Aurobindo Ashram" → SOURCE (matches "Pondicherry")
[2025-12-11T04:53:18.474Z] [fetchSelectedHotspots] Hotspot 17 "Sri Aurobindo Ashram" → DESTINATION (matches "Pondicherry Airport" - PRIMARY)
[2025-12-11T04:53:18.505Z] [fetchSelectedHotspots] Hotspot 18 "Auroville" → SOURCE (matches "Pondicherry")
[2025-12-11T04:53:18.511Z] [fetchSelectedHotspots] Hotspot 18 "Auroville" → DESTINATION (matches "Pondicherry Airport" - PRIMARY)
[2025-12-11T04:53:18.518Z] [fetchSelectedHotspots] Hotspot 19 "Promenade Beach" → SOURCE (matches "Pondicherry")
[2025-12-11T04:53:18.540Z] [fetchSelectedHotspots] Hotspot 19 "Promenade Beach" → DESTINATION (matches "Pondicherry Airport" - PRIMARY)
[2025-12-11T04:53:18.554Z] [fetchSelectedHotspots] Hotspot 20 "Chunnambar Boathouse" → SOURCE (matches "Pondicherry")
[2025-12-11T04:53:18.557Z] [fetchSelectedHotspots] Hotspot 20 "Chunnambar Boathouse" → DESTINATION (matches "Pondicherry Airport" - PRIMARY)
[2025-12-11T04:53:18.560Z] [fetchSelectedHotspots] Hotspot 21 "The Basilica of the Sacred Heart of Jesus" → SOURCE (matches "Pondicherry")
[2025-12-11T04:53:18.568Z] [fetchSelectedHotspots] Hotspot 21 "The Basilica of the Sacred Heart of Jesus" → DESTINATION (matches "Pondicherry Airport" - PRIMARY)
[2025-12-11T04:53:18.593Z] [fetchSelectedHotspots] Hotspot 23 "French War Memorial" → DESTINATION (matches "Pondicherry Airport" - PRIMARY)
[2025-12-11T04:53:18.602Z] [fetchSelectedHotspots] Hotspot 24 "The Pondicherry Museum" → SOURCE (matches "Pondicherry")
[2025-12-11T04:53:18.605Z] [fetchSelectedHotspots] Hotspot 24 "The Pondicherry Museum" → DESTINATION (matches "Pondicherry Airport" - PRIMARY)
[2025-12-11T04:53:18.625Z] [fetchSelectedHotspots] Hotspot 25 "Manakula Vinayagar Temple" → SOURCE (matches "Pondicherry")
[2025-12-11T04:53:18.640Z] [fetchSelectedHotspots] Hotspot 25 "Manakula Vinayagar Temple" → DESTINATION (matches "Pondicherry Airport" - PRIMARY)
[2025-12-11T04:53:18.650Z] [fetchSelectedHotspots] Hotspot 277 "Pondicherry Backwater" → SOURCE (matches "Pondicherry")
[2025-12-11T04:53:18.660Z] [fetchSelectedHotspots] Hotspot 277 "Pondicherry Backwater" → DESTINATION (matches "Pondicherry Airport" - PRIMARY)
[2025-12-11T04:53:18.688Z] [fetchSelectedHotspots] Hotspot 669 "Eden Beach - Blue flag Beach" → SOURCE (matches "Pondicherry" - PRIMARY)
[2025-12-11T04:53:18.695Z] [fetchSelectedHotspots] Hotspot 669 "Eden Beach - Blue flag Beach" → DESTINATION (matches "Pondicherry Airport")
[2025-12-11T04:53:18.701Z] [fetchSelectedHotspots] Hotspot 676 "Botanical Garden" → SOURCE (matches "Pondicherry" - PRIMARY)
[2025-12-11T04:53:18.760Z] [fetchSelectedHotspots] Hotspot 676 "Botanical Garden" → DESTINATION (matches "Pondicherry Airport")
[2025-12-11T04:53:18.798Z] [fetchSelectedHotspots] Hotspot 677 "Bharathi Park &amp; Aayi Mandapam" → SOURCE (matches "Pondicherry" - PRIMARY)
[2025-12-11T04:53:18.833Z] [fetchSelectedHotspots] Hotspot 677 "Bharathi Park &amp; Aayi Mandapam" → DESTINATION (matches "Pondicherry Airport")
[2025-12-11T04:53:18.836Z] [fetchSelectedHotspots] Hotspot 678 "French Colony" → SOURCE (matches "Pondicherry" - PRIMARY)
[2025-12-11T04:53:18.868Z] [fetchSelectedHotspots] Hotspot 678 "French Colony" → DESTINATION (matches "Pondicherry Airport")
[2025-12-11T04:53:18.877Z] [fetchSelectedHotspots] Hotspot 679 "Pondi Marina Beach" → SOURCE (matches "Pondicherry" - PRIMARY)
[2025-12-11T04:53:18.903Z] [fetchSelectedHotspots] Hotspot 679 "Pondi Marina Beach" → DESTINATION (matches "Pondicherry Airport")
[2025-12-11T04:53:18.911Z] [fetchSelectedHotspots] Filtered 7 priority-0 SOURCE hotspots (13 → 6)
[2025-12-11T04:53:18.934Z] [fetchSelectedHotspots] Categorized: source=6, destination=15, via=0
[2025-12-11T04:53:18.951Z] [fetchSelectedHotspots] direct_to_next_visiting_place=0: Processing SOURCE → DESTINATION → VIA
[2025-12-11T04:53:18.968Z] [fetchSelectedHotspots] Matched 21 hotspots after PHP ordering
[2025-12-11T04:53:18.991Z] [fetchSelectedHotspots] First 5 hotspots (sorted): ID=18 "Auroville" priority=1 distance=194.08km, ID=25 "Manakula Vinayagar Temple" priority=2 distance=204.26km, ID=21 "The Basilica of the Sacred Heart of Jesus" priority=4 distance=206.23km, ID=19 "Promenade Beach" priority=5 distance=204.98km, ID=20 "Chunnambar Boathouse" priority=5 distance=214.35km
[2025-12-11T04:53:19.000Z] [fetchSelectedHotspots] Matched 15 hotspots for route 499
[2025-12-11T04:53:19.034Z] [Timeline] Route 499: Selected 15 hotspots
[2025-12-11T04:53:19.066Z] [Timeline] Route 499 - currentTime: 08:00:00, routeEndTime: 20:00:00, routeEndSeconds: 72000
[2025-12-11T04:53:19.068Z] [Timeline] Hotspot 18 - currentSeconds: 28800, routeEndSeconds: 72000
[2025-12-11T04:53:19.084Z] [Timeline] Processing hotspot 18 for route 499
[2025-12-11T04:53:19.101Z] [Timeline] Hotspot 18 coords: lat=12.008342334177776, lon=79.81781931258232
[2025-12-11T04:53:19.185Z] [Timeline] Checking operating hours for hotspot 18: visit window 08:17:00-10:17:00 on day 6
[2025-12-11T04:53:19.201Z] [Timeline] Hotspot 18 check window: 09:00:00-13:00:00, visit: 08:17:00-10:17:00
[2025-12-11T04:53:19.257Z] [Timeline] Hotspot 18 check window: 13:30:00-17:00:00, visit: 08:17:00-10:17:00
[2025-12-11T04:53:19.299Z] [Timeline] Hotspot 18 operating hours check FAILED - visit 08:17:00-10:17:00 doesn't fit in any window
[2025-12-11T04:53:19.339Z] [Timeline] Hotspot 18 not open during visit window 08:17:00-10:17:00 on day 6, skipping
[2025-12-11T04:53:19.345Z] [Timeline] Hotspot 25 - currentSeconds: 28800, routeEndSeconds: 72000
[2025-12-11T04:53:19.378Z] [Timeline] Processing hotspot 25 for route 499
[2025-12-11T04:53:19.386Z] [Timeline] Skipping hotspot 25 - already added to plan 5
[2025-12-11T04:53:19.412Z] [Timeline] Hotspot 21 - currentSeconds: 28800, routeEndSeconds: 72000
[2025-12-11T04:53:19.424Z] [Timeline] Processing hotspot 21 for route 499
[2025-12-11T04:53:19.454Z] [Timeline] Skipping hotspot 21 - already added to plan 5
[2025-12-11T04:53:19.473Z] [Timeline] Hotspot 19 - currentSeconds: 28800, routeEndSeconds: 72000
[2025-12-11T04:53:19.492Z] [Timeline] Processing hotspot 19 for route 499
[2025-12-11T04:53:19.503Z] [Timeline] Skipping hotspot 19 - already added to plan 5
[2025-12-11T04:53:19.538Z] [Timeline] Hotspot 20 - currentSeconds: 28800, routeEndSeconds: 72000
[2025-12-11T04:53:19.559Z] [Timeline] Processing hotspot 20 for route 499
[2025-12-11T04:53:19.579Z] [Timeline] Hotspot 20 coords: lat=11.883875481616602, lon=79.80141705562612
[2025-12-11T04:53:19.651Z] [Timeline] Checking operating hours for hotspot 20: visit window 08:15:00-09:15:00 on day 6
[2025-12-11T04:53:19.689Z] [Timeline] Hotspot 20 check window: 09:30:00-16:00:00, visit: 08:15:00-09:15:00
[2025-12-11T04:53:19.718Z] [Timeline] Hotspot 20 operating hours check FAILED - visit 08:15:00-09:15:00 doesn't fit in any window
[2025-12-11T04:53:19.762Z] [Timeline] Hotspot 20 not open during visit window 08:15:00-09:15:00 on day 6, skipping
[2025-12-11T04:53:19.793Z] [Timeline] Hotspot 17 - currentSeconds: 28800, routeEndSeconds: 72000
[2025-12-11T04:53:19.810Z] [Timeline] Processing hotspot 17 for route 499
[2025-12-11T04:53:19.840Z] [Timeline] Hotspot 17 coords: lat=11.936929030828965, lon=79.83477998559515
[2025-12-11T04:53:19.892Z] [Timeline] Checking operating hours for hotspot 17: visit window 08:07:00-09:07:00 on day 6
[2025-12-11T04:53:19.917Z] [Timeline] Hotspot 17 check window: 09:00:00-12:00:00, visit: 08:07:00-09:07:00
[2025-12-11T04:53:19.925Z] [Timeline] Hotspot 17 operating hours check FAILED - visit 08:07:00-09:07:00 doesn't fit in any window
[2025-12-11T04:53:19.928Z] [Timeline] Hotspot 17 not open during visit window 08:07:00-09:07:00 on day 6, skipping
[2025-12-11T04:53:19.966Z] [Timeline] Hotspot 16 - currentSeconds: 28800, routeEndSeconds: 72000
[2025-12-11T04:53:19.992Z] [Timeline] Processing hotspot 16 for route 499
[2025-12-11T04:53:20.027Z] [Timeline] Hotspot 16 coords: lat=11.894346668881749, lon=79.86265715952393
[2025-12-11T04:53:20.046Z] [Timeline] Checking operating hours for hotspot 16: visit window 08:00:00-08:30:00 on day 6
[2025-12-11T04:53:20.070Z] [Timeline] Hotspot 16 check window: 09:00:00-18:00:00, visit: 08:00:00-08:30:00
[2025-12-11T04:53:20.083Z] [Timeline] Hotspot 16 operating hours check FAILED - visit 08:00:00-08:30:00 doesn't fit in any window
[2025-12-11T04:53:20.100Z] [Timeline] Hotspot 16 not open during visit window 08:00:00-08:30:00 on day 6, skipping
[2025-12-11T04:53:20.128Z] [Timeline] Hotspot 23 - currentSeconds: 28800, routeEndSeconds: 72000
[2025-12-11T04:53:20.158Z] [Timeline] Processing hotspot 23 for route 499
[2025-12-11T04:53:20.176Z] [Timeline] Hotspot 23 coords: lat=11.93212951685565, lon=79.83535346593922
[2025-12-11T04:53:20.205Z] [Timeline] Checking operating hours for hotspot 23: visit window 08:00:00-08:20:00 on day 6
[2025-12-11T04:53:20.242Z] [Timeline] Hotspot 23 operating hours OK
[2025-12-11T04:53:20.267Z] [Timeline] Travel type for "Pondicherry" -> "Pondicherry Airport": 2 (1=local, 2=outstation)
[2025-12-11T04:53:20.291Z] [Timeline] Building hotspot row for hotspot_ID=23
[2025-12-11T04:53:20.317Z] [Timeline] Built hotspot row: item_type=4, hotspot_ID=23, order=1
[2025-12-11T04:53:20.353Z] [Timeline] Hotspot 24 - currentSeconds: 30000, routeEndSeconds: 72000
[2025-12-11T04:53:20.355Z] [Timeline] Processing hotspot 24 for route 499
[2025-12-11T04:53:20.377Z] [Timeline] Hotspot 24 coords: lat=11.934656339062595, lon=79.83484999477534
[2025-12-11T04:53:20.450Z] [Timeline] Checking operating hours for hotspot 24: visit window 08:21:00-08:51:00 on day 6
[2025-12-11T04:53:20.484Z] [Timeline] Hotspot 24 check window: 09:00:00-18:00:00, visit: 08:21:00-08:51:00
[2025-12-11T04:53:20.489Z] [Timeline] Hotspot 24 operating hours check FAILED - visit 08:21:00-08:51:00 doesn't fit in any window
[2025-12-11T04:53:20.520Z] [Timeline] Hotspot 24 not open during visit window 08:21:00-08:51:00 on day 6, skipping
[2025-12-11T04:53:20.534Z] [Timeline] Hotspot 277 - currentSeconds: 30000, routeEndSeconds: 72000
[2025-12-11T04:53:20.552Z] [Timeline] Processing hotspot 277 for route 499
[2025-12-11T04:53:20.584Z] [Timeline] Hotspot 277 coords: lat=11.916309213225349, lon=79.82433098120615
[2025-12-11T04:53:20.643Z] [Timeline] Checking operating hours for hotspot 277: visit window 08:25:00-11:25:00 on day 6
[2025-12-11T04:53:20.667Z] [Timeline] Hotspot 277 check window: 09:00:00-18:00:00, visit: 08:25:00-11:25:00
[2025-12-11T04:53:20.693Z] [Timeline] Hotspot 277 operating hours check FAILED - visit 08:25:00-11:25:00 doesn't fit in any window
[2025-12-11T04:53:20.745Z] [Timeline] Hotspot 277 not open during visit window 08:25:00-11:25:00 on day 6, skipping
[2025-12-11T04:53:20.772Z] [Timeline] Hotspot 677 - currentSeconds: 30000, routeEndSeconds: 72000
[2025-12-11T04:53:20.793Z] [Timeline] Processing hotspot 677 for route 499
[2025-12-11T04:53:20.809Z] [Timeline] Skipping hotspot 677 - already added to plan 5
[2025-12-11T04:53:20.822Z] [Timeline] Hotspot 678 - currentSeconds: 30000, routeEndSeconds: 72000
[2025-12-11T04:53:20.850Z] [Timeline] Processing hotspot 678 for route 499
[2025-12-11T04:53:20.856Z] [Timeline] Skipping hotspot 678 - already added to plan 5
[2025-12-11T04:53:20.857Z] [Timeline] Hotspot 676 - currentSeconds: 30000, routeEndSeconds: 72000
[2025-12-11T04:53:20.886Z] [Timeline] Processing hotspot 676 for route 499
[2025-12-11T04:53:20.893Z] [Timeline] Skipping hotspot 676 - already added to plan 5
[2025-12-11T04:53:20.918Z] [Timeline] Hotspot 679 - currentSeconds: 30000, routeEndSeconds: 72000
[2025-12-11T04:53:20.929Z] [Timeline] Processing hotspot 679 for route 499
[2025-12-11T04:53:20.950Z] [Timeline] Skipping hotspot 679 - already added to plan 5
[2025-12-11T04:53:20.974Z] [Timeline] Hotspot 669 - currentSeconds: 30000, routeEndSeconds: 72000
[2025-12-11T04:53:20.995Z] [Timeline] Processing hotspot 669 for route 499
[2025-12-11T04:53:21.017Z] [Timeline] Hotspot 669 coords: lat=11.882310987345338, lon=79.8244548517534
[2025-12-11T04:53:21.110Z] [Timeline] Checking operating hours for hotspot 669: visit window 08:33:00-09:33:00 on day 6
[2025-12-11T04:53:21.140Z] [Timeline] Hotspot 669 check window: 06:00:00-18:00:00, visit: 08:33:00-09:33:00
[2025-12-11T04:53:21.152Z] [Timeline] Hotspot 669 operating hours OK - entire visit 08:33:00-09:33:00 fits in 06:00:00-18:00:00
[2025-12-11T04:53:21.180Z] [Timeline] Hotspot 669 operating hours OK
[2025-12-11T04:53:21.213Z] [Timeline] Travel type for "Pondicherry Airport" -> "Pondicherry|Pondicherry Airport": 1 (1=local, 2=outstation)
[2025-12-11T04:53:21.285Z] [Timeline] Building hotspot row for hotspot_ID=669
[2025-12-11T04:53:21.325Z] [Timeline] Built hotspot row: item_type=4, hotspot_ID=669, order=2
[2025-12-11T04:53:21.358Z] [Timeline] Route 499 - Skipping hotel rows (last route - PHP behavior)
[2025-12-11T04:53:21.401Z] [Timeline] Returning 29 hotspot rows and 0 parking rows
[2025-12-11T04:53:21.429Z] [Timeline] Hotspot rows item_types: 1, 3, 4, 5, 6, 1, 3, 4, 3, 4, 3, 4, 3, 4, 3, 4, 3, 4, 3, 4, 3, 4, 5, 6, 3, 4, 3, 4, 7
[2025-12-11T04:53:21.435Z] [Timeline] Hotspot rows hotspot_IDs: , 5, 5, 0, 0, , 4, 4, 677, 677, 678, 678, 676, 676, 679, 679, 25, 25, 21, 21, 19, 19, 0, 0, 23, 23, 669, 669, 0
[2025-12-11T04:53:21.469Z] 
=== LOG FILE SAVED TO: D:\wamp64\www\dvi_fullstack\dvi_backend\tmp\hotspot_optimization_1765428776812.log ===

