[2025-12-11T05:25:04.811Z] === HOTSPOT OPTIMIZATION LOG ===
[2025-12-11T05:25:04.946Z] Started at: 2025-12-11T05:25:04.946Z

[2025-12-11T05:25:17.243Z] [Timeline] Route 521 (Chennai International Airport → Chennai): routeStartTime=11:00:00, routeEndTime=20:00:00, direct_to_next=0
[2025-12-11T05:25:17.266Z] [Timeline] Route 521 starting coords from location_id 165946: (12.9811068, 80.159623)
[2025-12-11T05:25:17.301Z] [Timeline] Route 521 - Added refreshment break: 11:00:00 - 12:00:00
[2025-12-11T05:25:17.326Z] [fetchSelectedHotspots] route 521 target="Chennai International Airport" next="Chennai" dow=4
[2025-12-11T05:25:17.492Z] [fetchSelectedHotspots] Found 583 total active hotspots
[2025-12-11T05:25:17.500Z] [fetchSelectedHotspots] direct_to_next_visiting_place=0
[2025-12-11T05:25:17.502Z] [fetchSelectedHotspots] source="Chennai International Airport", destination="Chennai"
[2025-12-11T05:25:17.531Z] [fetchSelectedHotspots] Starting coords from stored_locations: (12.9811068, 80.159623)
[2025-12-11T05:25:17.537Z] [fetchSelectedHotspots] Hotspot 4 "Kapaleeshwarar Temple" → SOURCE (matches "Chennai International Airport" - PRIMARY)
[2025-12-11T05:25:17.547Z] [fetchSelectedHotspots] Hotspot 4 "Kapaleeshwarar Temple" → DESTINATION (matches "Chennai")
[2025-12-11T05:25:17.548Z] [fetchSelectedHotspots] Hotspot 5 "Marina Beach" → SOURCE (matches "Chennai International Airport" - PRIMARY)
[2025-12-11T05:25:17.560Z] [fetchSelectedHotspots] Hotspot 5 "Marina Beach" → DESTINATION (matches "Chennai")
[2025-12-11T05:25:17.562Z] [fetchSelectedHotspots] Hotspot 6 "Fort St.George Museum" → SOURCE (matches "Chennai International Airport" - PRIMARY)
[2025-12-11T05:25:17.593Z] [fetchSelectedHotspots] Hotspot 7 "Government Museum Chennai" → SOURCE (matches "Chennai International Airport" - PRIMARY)
[2025-12-11T05:25:17.613Z] [fetchSelectedHotspots] Hotspot 8 "Santhome Cathedral Basilica" → SOURCE (matches "Chennai International Airport" - PRIMARY)
[2025-12-11T05:25:17.627Z] [fetchSelectedHotspots] Hotspot 9 "Thousand Lights Mosque" → SOURCE (matches "Chennai International Airport" - PRIMARY)
[2025-12-11T05:25:17.652Z] [fetchSelectedHotspots] Hotspot 10 "Guindy National Park" → SOURCE (matches "Chennai International Airport" - PRIMARY)
[2025-12-11T05:25:17.661Z] [fetchSelectedHotspots] Hotspot 11 "Parthasarathy Temple" → SOURCE (matches "Chennai International Airport" - PRIMARY)
[2025-12-11T05:25:17.686Z] [fetchSelectedHotspots] Hotspot 12 "Vivekanandar House" → SOURCE (matches "Chennai International Airport" - PRIMARY)
[2025-12-11T05:25:17.693Z] [fetchSelectedHotspots] Hotspot 13 "Arignar Anna Zoological Park" → SOURCE (matches "Chennai International Airport" - PRIMARY)
[2025-12-11T05:25:17.731Z] [fetchSelectedHotspots] Hotspot 290 "Vgp snow kingdom" → SOURCE (matches "Chennai International Airport" - PRIMARY)
[2025-12-11T05:25:17.754Z] [fetchSelectedHotspots] Hotspot 291 "Vgp marine kingdom" → SOURCE (matches "Chennai International Airport" - PRIMARY)
[2025-12-11T05:25:17.767Z] [fetchSelectedHotspots] Hotspot 292 "Guindy snake park" → SOURCE (matches "Chennai International Airport" - PRIMARY)
[2025-12-11T05:25:17.777Z] [fetchSelectedHotspots] Hotspot 293 "Queens land" → SOURCE (matches "Chennai International Airport" - PRIMARY)
[2025-12-11T05:25:17.798Z] [fetchSelectedHotspots] Hotspot 294 "light house marina" → SOURCE (matches "Chennai International Airport" - PRIMARY)
[2025-12-11T05:25:17.815Z] [fetchSelectedHotspots] Hotspot 296 "Anna tower park" → SOURCE (matches "Chennai International Airport" - PRIMARY)
[2025-12-11T05:25:17.825Z] [fetchSelectedHotspots] Hotspot 297 "B.M Birla planitourim." → SOURCE (matches "Chennai International Airport" - PRIMARY)
[2025-12-11T05:25:17.851Z] [fetchSelectedHotspots] Hotspot 298 "Click art museum" → SOURCE (matches "Chennai International Airport" - PRIMARY)
[2025-12-11T05:25:17.863Z] [fetchSelectedHotspots] Hotspot 299 "National art gallery" → SOURCE (matches "Chennai International Airport" - PRIMARY)
[2025-12-11T05:25:17.880Z] [fetchSelectedHotspots] Hotspot 300 "M G R  Memorial" → SOURCE (matches "Chennai International Airport" - PRIMARY)
[2025-12-11T05:25:17.928Z] [fetchSelectedHotspots] Hotspot 303 "Anna memorial." → SOURCE (matches "Chennai International Airport" - PRIMARY)
[2025-12-11T05:25:17.993Z] [fetchSelectedHotspots] Hotspot 544 "Shri Ashtalakshmi Temple" → SOURCE (matches "Chennai International Airport" - PRIMARY)
[2025-12-11T05:25:18.042Z] [fetchSelectedHotspots] Hotspot 544 "Shri Ashtalakshmi Temple" → DESTINATION (matches "Chennai")
[2025-12-11T05:25:18.094Z] [fetchSelectedHotspots] Filtered 14 priority-0 SOURCE hotspots (22 → 8)
[2025-12-11T05:25:18.120Z] [fetchSelectedHotspots] Categorized: source=8, destination=3, via=0
[2025-12-11T05:25:18.182Z] [fetchSelectedHotspots] AIRPORT ARRIVAL DETECTED: "Chennai International Airport" → "Chennai"
[2025-12-11T05:25:18.290Z] [fetchSelectedHotspots] direct_to_next_visiting_place=0 + AIRPORT ARRIVAL: Processing DESTINATION → VIA
[2025-12-11T05:25:18.452Z] [fetchSelectedHotspots] Matched 3 hotspots after PHP ordering
[2025-12-11T05:25:18.590Z] [fetchSelectedHotspots] First 5 hotspots (sorted): ID=4 "Kapaleeshwarar Temple" priority=1 distance=19.94km, ID=5 "Marina Beach" priority=2 distance=22.47km, ID=544 "Shri Ashtalakshmi Temple" priority=0 distance=18.11km
[2025-12-11T05:25:18.709Z] [fetchSelectedHotspots] Matched 3 hotspots for route 521
[2025-12-11T05:25:18.751Z] [Timeline] Route 521: Selected 3 hotspots
[2025-12-11T05:25:18.794Z] [Timeline] Route 521 - currentTime: 12:00:00, routeEndTime: 20:00:00, routeEndSeconds: 72000
[2025-12-11T05:25:18.808Z] [Timeline] Hotspot 4 - currentSeconds: 43200, routeEndSeconds: 72000
[2025-12-11T05:25:18.839Z] [Timeline] Processing hotspot 4 for route 521
[2025-12-11T05:25:18.876Z] [Timeline] Hotspot 4 coords: lat=13.033798514213936, lon=80.26977915213011
[2025-12-11T05:25:19.110Z] [Timeline] Checking operating hours for hotspot 4: visit window 12:30:00-13:30:00 on day 4
[2025-12-11T05:25:19.120Z] [Timeline] Hotspot 4 check window: 05:30:00-12:00:00, visit: 12:30:00-13:30:00
[2025-12-11T05:25:19.133Z] [Timeline] Hotspot 4 check window: 16:00:00-20:00:00, visit: 12:30:00-13:30:00
[2025-12-11T05:25:19.146Z] [Timeline] Hotspot 4 operating hours check FAILED - visit 12:30:00-13:30:00 doesn't fit in any window
[2025-12-11T05:25:19.149Z] [Timeline] Hotspot 4 not open during visit window 12:30:00-13:30:00 on day 4, skipping
[2025-12-11T05:25:19.167Z] [Timeline] Hotspot 5 - currentSeconds: 43200, routeEndSeconds: 72000
[2025-12-11T05:25:19.175Z] [Timeline] Processing hotspot 5 for route 521
[2025-12-11T05:25:19.180Z] [Timeline] Hotspot 5 coords: lat=13.051080243192029, lon=80.27775926313883
[2025-12-11T05:25:19.260Z] [Timeline] Checking operating hours for hotspot 5: visit window 12:34:00-13:34:00 on day 4
[2025-12-11T05:25:19.264Z] [Timeline] Hotspot 5 operating hours OK
[2025-12-11T05:25:19.268Z] [Timeline] Travel type for "Chennai International Airport" -> "Chennai International Airport|Chennai Domestic Airport|Chennai Central|Chennai|Chennai Egmore Station|Chennai Koyembedu|ECR Beach, Chennai, Tamil Nadu": 1 (1=local, 2=outstation)
[2025-12-11T05:25:19.352Z] [Timeline] Building hotspot row for hotspot_ID=5
[2025-12-11T05:25:19.361Z] [Timeline] Built hotspot row: item_type=4, hotspot_ID=5, order=2
[2025-12-11T05:25:19.404Z] [Timeline] Hotspot 544 - currentSeconds: 48840, routeEndSeconds: 72000
[2025-12-11T05:25:19.442Z] [Timeline] Processing hotspot 544 for route 521
[2025-12-11T05:25:19.480Z] [Timeline] Hotspot 544 coords: lat=12.993461140291483, lon=80.27030436931474
[2025-12-11T05:25:19.692Z] [Timeline] Checking operating hours for hotspot 544: visit window 13:49:00-19:49:00 on day 4
[2025-12-11T05:25:19.747Z] [Timeline] Hotspot 544 check window: 06:00:00-12:00:00, visit: 13:49:00-19:49:00
[2025-12-11T05:25:19.767Z] [Timeline] Hotspot 544 check window: 16:00:00-20:00:00, visit: 13:49:00-19:49:00
[2025-12-11T05:25:19.813Z] [Timeline] Hotspot 544 operating hours check FAILED - visit 13:49:00-19:49:00 doesn't fit in any window
[2025-12-11T05:25:19.874Z] [Timeline] Hotspot 544 not open during visit window 13:49:00-19:49:00 on day 4, skipping
[2025-12-11T05:25:19.974Z] [Timeline] Route 522 (Chennai → Pondicherry): routeStartTime=08:00:00, routeEndTime=20:00:00, direct_to_next=0
[2025-12-11T05:25:20.044Z] [Timeline] Route 522 starting coords from location_id 762: (13.0843007, 80.2704622)
[2025-12-11T05:25:20.098Z] [Timeline] Route 522 - Added refreshment break: 08:00:00 - 09:00:00
[2025-12-11T05:25:20.133Z] [fetchSelectedHotspots] route 522 target="Chennai" next="Pondicherry" dow=5
[2025-12-11T05:25:20.351Z] [fetchSelectedHotspots] Found 583 total active hotspots
[2025-12-11T05:25:20.395Z] [fetchSelectedHotspots] direct_to_next_visiting_place=0
[2025-12-11T05:25:20.434Z] [fetchSelectedHotspots] source="Chennai", destination="Pondicherry"
[2025-12-11T05:25:20.506Z] [fetchSelectedHotspots] Starting coords from stored_locations: (12.9811068, 80.159623)
[2025-12-11T05:25:20.552Z] [fetchSelectedHotspots] Hotspot 4 "Kapaleeshwarar Temple" → SOURCE (matches "Chennai")
[2025-12-11T05:25:20.583Z] [fetchSelectedHotspots] Hotspot 5 "Marina Beach" → SOURCE (matches "Chennai")
[2025-12-11T05:25:20.614Z] [fetchSelectedHotspots] Hotspot 17 "Sri Aurobindo Ashram" → DESTINATION (matches "Pondicherry")
[2025-12-11T05:25:20.652Z] [fetchSelectedHotspots] Hotspot 18 "Auroville" → DESTINATION (matches "Pondicherry")
[2025-12-11T05:25:20.687Z] [fetchSelectedHotspots] Hotspot 19 "Promenade Beach" → DESTINATION (matches "Pondicherry")
[2025-12-11T05:25:20.724Z] [fetchSelectedHotspots] Hotspot 20 "Chunnambar Boathouse" → DESTINATION (matches "Pondicherry")
[2025-12-11T05:25:20.784Z] [fetchSelectedHotspots] Hotspot 21 "The Basilica of the Sacred Heart of Jesus" → DESTINATION (matches "Pondicherry")
[2025-12-11T05:25:20.832Z] [fetchSelectedHotspots] Hotspot 24 "The Pondicherry Museum" → DESTINATION (matches "Pondicherry")
[2025-12-11T05:25:20.880Z] [fetchSelectedHotspots] Hotspot 25 "Manakula Vinayagar Temple" → DESTINATION (matches "Pondicherry")
[2025-12-11T05:25:20.936Z] [fetchSelectedHotspots] Hotspot 277 "Pondicherry Backwater" → DESTINATION (matches "Pondicherry")
[2025-12-11T05:25:21.016Z] [fetchSelectedHotspots] Hotspot 544 "Shri Ashtalakshmi Temple" → SOURCE (matches "Chennai")
[2025-12-11T05:25:21.114Z] [fetchSelectedHotspots] Hotspot 669 "Eden Beach - Blue flag Beach" → DESTINATION (matches "Pondicherry" - PRIMARY)
[2025-12-11T05:25:21.201Z] [fetchSelectedHotspots] Hotspot 676 "Botanical Garden" → DESTINATION (matches "Pondicherry" - PRIMARY)
[2025-12-11T05:25:21.246Z] [fetchSelectedHotspots] Hotspot 677 "Bharathi Park &amp; Aayi Mandapam" → DESTINATION (matches "Pondicherry" - PRIMARY)
[2025-12-11T05:25:21.364Z] [fetchSelectedHotspots] Hotspot 678 "French Colony" → DESTINATION (matches "Pondicherry" - PRIMARY)
[2025-12-11T05:25:21.451Z] [fetchSelectedHotspots] Hotspot 679 "Pondi Marina Beach" → DESTINATION (matches "Pondicherry" - PRIMARY)
[2025-12-11T05:25:21.510Z] [fetchSelectedHotspots] Filtered 1 priority-0 SOURCE hotspots (3 → 2)
[2025-12-11T05:25:21.562Z] [fetchSelectedHotspots] Categorized: source=2, destination=13, via=0
[2025-12-11T05:25:21.624Z] [fetchSelectedHotspots] direct_to_next_visiting_place=0: Processing SOURCE → DESTINATION → VIA
[2025-12-11T05:25:21.669Z] [fetchSelectedHotspots] Matched 15 hotspots after PHP ordering
[2025-12-11T05:25:21.710Z] [fetchSelectedHotspots] First 5 hotspots (sorted): ID=4 "Kapaleeshwarar Temple" priority=1 distance=19.94km, ID=5 "Marina Beach" priority=2 distance=22.47km, ID=18 "Auroville" priority=1 distance=171.53km, ID=25 "Manakula Vinayagar Temple" priority=2 distance=182.13km, ID=21 "The Basilica of the Sacred Heart of Jesus" priority=4 distance=184.07km
[2025-12-11T05:25:21.839Z] [fetchSelectedHotspots] Matched 15 hotspots for route 522
[2025-12-11T05:25:21.969Z] [Timeline] Route 522: Selected 15 hotspots
[2025-12-11T05:25:22.231Z] [Timeline] Route 522 - currentTime: 09:00:00, routeEndTime: 20:00:00, routeEndSeconds: 72000
[2025-12-11T05:25:22.380Z] [Timeline] Hotspot 4 - currentSeconds: 32400, routeEndSeconds: 72000
[2025-12-11T05:25:22.461Z] [Timeline] Processing hotspot 4 for route 522
[2025-12-11T05:25:22.566Z] [Timeline] Hotspot 4 coords: lat=13.033798514213936, lon=80.26977915213011
[2025-12-11T05:25:22.950Z] [Timeline] Checking operating hours for hotspot 4: visit window 09:13:00-10:13:00 on day 5
[2025-12-11T05:25:23.144Z] [Timeline] Hotspot 4 check window: 05:30:00-12:00:00, visit: 09:13:00-10:13:00
[2025-12-11T05:25:23.184Z] [Timeline] Hotspot 4 operating hours OK - entire visit 09:13:00-10:13:00 fits in 05:30:00-12:00:00
[2025-12-11T05:25:23.265Z] [Timeline] Hotspot 4 operating hours OK
[2025-12-11T05:25:23.318Z] [Timeline] Travel type for "Chennai" -> "Chennai International Airport|Chennai Domestic Airport|Chennai Central|Chennai|Chennai Egmore Station|Chennai Koyembedu|ECR Beach, Chennai, Tamil Nadu": 1 (1=local, 2=outstation)
[2025-12-11T05:25:23.602Z] [Timeline] Building hotspot row for hotspot_ID=4
[2025-12-11T05:25:23.669Z] [Timeline] Built hotspot row: item_type=4, hotspot_ID=4, order=2
[2025-12-11T05:25:23.799Z] [Timeline] Hotspot 5 - currentSeconds: 36780, routeEndSeconds: 72000
[2025-12-11T05:25:23.818Z] [Timeline] Processing hotspot 5 for route 522
[2025-12-11T05:25:23.863Z] [Timeline] Skipping hotspot 5 - already added to plan 5
[2025-12-11T05:25:23.908Z] [Timeline] Hotspot 18 - currentSeconds: 36780, routeEndSeconds: 72000
[2025-12-11T05:25:23.936Z] [Timeline] Processing hotspot 18 for route 522
[2025-12-11T05:25:24.024Z] [Timeline] Hotspot 18 coords: lat=12.008342334177776, lon=79.81781931258232
[2025-12-11T05:25:24.233Z] [Timeline] Checking operating hours for hotspot 18: visit window 13:19:00-15:19:00 on day 5
[2025-12-11T05:25:24.264Z] [Timeline] Hotspot 18 check window: 09:00:00-13:00:00, visit: 13:19:00-15:19:00
[2025-12-11T05:25:24.270Z] [Timeline] Hotspot 18 check window: 13:30:00-17:00:00, visit: 13:19:00-15:19:00
[2025-12-11T05:25:24.287Z] [Timeline] Hotspot 18 operating hours check FAILED - visit 13:19:00-15:19:00 doesn't fit in any window
[2025-12-11T05:25:24.316Z] [Timeline] Hotspot 18 not open during visit window 13:19:00-15:19:00 on day 5, skipping
[2025-12-11T05:25:24.346Z] [Timeline] Hotspot 25 - currentSeconds: 36780, routeEndSeconds: 72000
[2025-12-11T05:25:24.369Z] [Timeline] Processing hotspot 25 for route 522
[2025-12-11T05:25:24.415Z] [Timeline] Hotspot 25 coords: lat=11.936184966220257, lon=79.83484226674099
[2025-12-11T05:25:24.711Z] [Timeline] Checking operating hours for hotspot 25: visit window 13:29:00-13:59:00 on day 5
[2025-12-11T05:25:24.733Z] [Timeline] Hotspot 25 check window: 17:45:00-12:30:00, visit: 13:29:00-13:59:00
[2025-12-11T05:25:24.762Z] [Timeline] Hotspot 25 check window: 16:00:00-20:00:00, visit: 13:29:00-13:59:00
[2025-12-11T05:25:24.787Z] [Timeline] Hotspot 25 operating hours check FAILED - visit 13:29:00-13:59:00 doesn't fit in any window
[2025-12-11T05:25:24.798Z] [Timeline] Hotspot 25 not open during visit window 13:29:00-13:59:00 on day 5, skipping
[2025-12-11T05:25:24.810Z] [Timeline] Hotspot 21 - currentSeconds: 36780, routeEndSeconds: 72000
[2025-12-11T05:25:24.828Z] [Timeline] Processing hotspot 21 for route 522
[2025-12-11T05:25:24.863Z] [Timeline] Hotspot 21 coords: lat=11.926178758041798, lon=79.82779781515121
[2025-12-11T05:25:24.982Z] [Timeline] Checking operating hours for hotspot 21: visit window 13:31:00-14:01:00 on day 5
[2025-12-11T05:25:25.037Z] [Timeline] Hotspot 21 check window: 06:00:00-19:00:00, visit: 13:31:00-14:01:00
[2025-12-11T05:25:25.086Z] [Timeline] Hotspot 21 operating hours OK - entire visit 13:31:00-14:01:00 fits in 06:00:00-19:00:00
[2025-12-11T05:25:25.094Z] [Timeline] Hotspot 21 operating hours OK
[2025-12-11T05:25:25.124Z] [Timeline] Travel type for "Chennai International Airport|Chennai Domestic Airport|Chennai Central|Chennai|Chennai Egmore Station|Chennai Koyembedu|ECR Beach, Chennai, Tamil Nadu" -> "Pondicherry Airport|Pondicherry": 2 (1=local, 2=outstation)
[2025-12-11T05:25:25.194Z] [Timeline] Building hotspot row for hotspot_ID=21
[2025-12-11T05:25:25.224Z] [Timeline] Built hotspot row: item_type=4, hotspot_ID=21, order=3
[2025-12-11T05:25:25.266Z] [Timeline] Hotspot 19 - currentSeconds: 50460, routeEndSeconds: 72000
[2025-12-11T05:25:25.311Z] [Timeline] Processing hotspot 19 for route 522
[2025-12-11T05:25:25.358Z] [Timeline] Hotspot 19 coords: lat=11.931203427435934, lon=79.83580349426904
[2025-12-11T05:25:25.427Z] [Timeline] Checking operating hours for hotspot 19: visit window 14:03:00-15:03:00 on day 5
[2025-12-11T05:25:25.469Z] [Timeline] Hotspot 19 check window: 06:00:00-20:00:00, visit: 14:03:00-15:03:00
[2025-12-11T05:25:25.478Z] [Timeline] Hotspot 19 operating hours OK - entire visit 14:03:00-15:03:00 fits in 06:00:00-20:00:00
[2025-12-11T05:25:25.507Z] [Timeline] Hotspot 19 operating hours OK
[2025-12-11T05:25:25.514Z] [Timeline] Travel type for "Pondicherry Airport|Pondicherry" -> "Pondicherry Airport|Pondicherry": 1 (1=local, 2=outstation)
[2025-12-11T05:25:25.587Z] [Timeline] Building hotspot row for hotspot_ID=19
[2025-12-11T05:25:25.618Z] [Timeline] Built hotspot row: item_type=4, hotspot_ID=19, order=4
[2025-12-11T05:25:25.650Z] [Timeline] Hotspot 20 - currentSeconds: 54180, routeEndSeconds: 72000
[2025-12-11T05:25:25.667Z] [Timeline] Processing hotspot 20 for route 522
[2025-12-11T05:25:25.713Z] [Timeline] Hotspot 20 coords: lat=11.883875481616602, lon=79.80141705562612
[2025-12-11T05:25:25.792Z] [Timeline] Checking operating hours for hotspot 20: visit window 15:18:00-16:18:00 on day 5
[2025-12-11T05:25:25.801Z] [Timeline] Hotspot 20 check window: 09:30:00-16:00:00, visit: 15:18:00-16:18:00
[2025-12-11T05:25:25.829Z] [Timeline] Hotspot 20 operating hours check FAILED - visit 15:18:00-16:18:00 doesn't fit in any window
[2025-12-11T05:25:25.846Z] [Timeline] Hotspot 20 not open during visit window 15:18:00-16:18:00 on day 5, skipping
[2025-12-11T05:25:25.868Z] [Timeline] Hotspot 17 - currentSeconds: 54180, routeEndSeconds: 72000
[2025-12-11T05:25:25.894Z] [Timeline] Processing hotspot 17 for route 522
[2025-12-11T05:25:25.910Z] [Timeline] Hotspot 17 coords: lat=11.936929030828965, lon=79.83477998559515
[2025-12-11T05:25:25.978Z] [Timeline] Checking operating hours for hotspot 17: visit window 15:04:00-16:04:00 on day 5
[2025-12-11T05:25:26.017Z] [Timeline] Hotspot 17 check window: 10:30:00-19:00:00, visit: 15:04:00-16:04:00
[2025-12-11T05:25:26.043Z] [Timeline] Hotspot 17 operating hours OK - entire visit 15:04:00-16:04:00 fits in 10:30:00-19:00:00
[2025-12-11T05:25:26.096Z] [Timeline] Hotspot 17 operating hours OK
[2025-12-11T05:25:26.137Z] [Timeline] Travel type for "Pondicherry Airport|Pondicherry" -> "Pondicherry Airport|Pondicherry": 1 (1=local, 2=outstation)
[2025-12-11T05:25:26.202Z] [Timeline] Building hotspot row for hotspot_ID=17
[2025-12-11T05:25:26.207Z] [Timeline] Built hotspot row: item_type=4, hotspot_ID=17, order=5
[2025-12-11T05:25:26.235Z] [Timeline] Hotspot 677 - currentSeconds: 57840, routeEndSeconds: 72000
[2025-12-11T05:25:26.236Z] [Timeline] Processing hotspot 677 for route 522
[2025-12-11T05:25:26.248Z] [Timeline] Hotspot 677 coords: lat=11.933029585291068, lon=79.83418306595088
[2025-12-11T05:25:26.310Z] [Timeline] Checking operating hours for hotspot 677: visit window 16:05:00-16:50:00 on day 5
[2025-12-11T05:25:26.323Z] [Timeline] Hotspot 677 check window: 06:00:00-19:00:00, visit: 16:05:00-16:50:00
[2025-12-11T05:25:26.333Z] [Timeline] Hotspot 677 operating hours OK - entire visit 16:05:00-16:50:00 fits in 06:00:00-19:00:00
[2025-12-11T05:25:26.351Z] [Timeline] Hotspot 677 operating hours OK
[2025-12-11T05:25:26.353Z] [Timeline] Travel type for "Pondicherry Airport|Pondicherry" -> "Pondicherry|Pondicherry Airport": 1 (1=local, 2=outstation)
[2025-12-11T05:25:26.399Z] [Timeline] Building hotspot row for hotspot_ID=677
[2025-12-11T05:25:26.412Z] [Timeline] Built hotspot row: item_type=4, hotspot_ID=677, order=6
[2025-12-11T05:25:26.417Z] [Timeline] Hotspot 678 - currentSeconds: 60600, routeEndSeconds: 72000
[2025-12-11T05:25:26.424Z] [Timeline] Processing hotspot 678 for route 522
[2025-12-11T05:25:26.428Z] [Timeline] Hotspot 678 coords: lat=11.928492248303817, lon=79.83303242117643
[2025-12-11T05:25:26.470Z] [Timeline] Checking operating hours for hotspot 678: visit window 16:51:00-17:51:00 on day 5
[2025-12-11T05:25:26.478Z] [Timeline] Hotspot 678 operating hours OK
[2025-12-11T05:25:26.486Z] [Timeline] Travel type for "Pondicherry|Pondicherry Airport" -> "Pondicherry|Pondicherry Airport": 1 (1=local, 2=outstation)
[2025-12-11T05:25:26.524Z] [Timeline] Building hotspot row for hotspot_ID=678
[2025-12-11T05:25:26.536Z] [Timeline] Built hotspot row: item_type=4, hotspot_ID=678, order=7
[2025-12-11T05:25:26.547Z] [Timeline] Hotspot 676 - currentSeconds: 64260, routeEndSeconds: 72000
[2025-12-11T05:25:26.563Z] [Timeline] Processing hotspot 676 for route 522
[2025-12-11T05:25:26.569Z] [Timeline] Hotspot 676 coords: lat=11.930177048465467, lon=79.8224313245787
[2025-12-11T05:25:26.626Z] [Timeline] Checking operating hours for hotspot 676: visit window 17:54:00-18:54:00 on day 5
[2025-12-11T05:25:26.661Z] [Timeline] Hotspot 676 check window: 10:00:00-17:00:00, visit: 17:54:00-18:54:00
[2025-12-11T05:25:26.696Z] [Timeline] Hotspot 676 operating hours check FAILED - visit 17:54:00-18:54:00 doesn't fit in any window
[2025-12-11T05:25:26.701Z] [Timeline] Hotspot 676 not open during visit window 17:54:00-18:54:00 on day 5, skipping
[2025-12-11T05:25:26.734Z] [Timeline] Hotspot 679 - currentSeconds: 64260, routeEndSeconds: 72000
[2025-12-11T05:25:26.743Z] [Timeline] Processing hotspot 679 for route 522
[2025-12-11T05:25:26.785Z] [Timeline] Hotspot 679 coords: lat=11.913052113056816, lon=79.82932149874199
[2025-12-11T05:25:26.885Z] [Timeline] Checking operating hours for hotspot 679: visit window 17:55:00-18:25:00 on day 5
[2025-12-11T05:25:26.918Z] [Timeline] Hotspot 679 operating hours OK
[2025-12-11T05:25:26.930Z] [Timeline] Travel type for "Pondicherry|Pondicherry Airport" -> "Pondicherry|Pondicherry Airport": 1 (1=local, 2=outstation)
[2025-12-11T05:25:27.127Z] [Timeline] Building hotspot row for hotspot_ID=679
[2025-12-11T05:25:27.162Z] [Timeline] Built hotspot row: item_type=4, hotspot_ID=679, order=8
[2025-12-11T05:25:27.201Z] [Timeline] Hotspot 669 - currentSeconds: 66300, routeEndSeconds: 72000
[2025-12-11T05:25:27.235Z] [Timeline] Processing hotspot 669 for route 522
[2025-12-11T05:25:27.279Z] [Timeline] Hotspot 669 coords: lat=11.882310987345338, lon=79.8244548517534
[2025-12-11T05:25:27.330Z] [Timeline] Checking operating hours for hotspot 669: visit window 18:33:00-19:33:00 on day 5
[2025-12-11T05:25:27.334Z] [Timeline] Hotspot 669 check window: 06:00:00-18:00:00, visit: 18:33:00-19:33:00
[2025-12-11T05:25:27.342Z] [Timeline] Hotspot 669 operating hours check FAILED - visit 18:33:00-19:33:00 doesn't fit in any window
[2025-12-11T05:25:27.364Z] [Timeline] Hotspot 669 not open during visit window 18:33:00-19:33:00 on day 5, skipping
[2025-12-11T05:25:27.370Z] [Timeline] Hotspot 24 - currentSeconds: 66300, routeEndSeconds: 72000
[2025-12-11T05:25:27.394Z] [Timeline] Processing hotspot 24 for route 522
[2025-12-11T05:25:27.465Z] [Timeline] Hotspot 24 coords: lat=11.934656339062595, lon=79.83484999477534
[2025-12-11T05:25:28.128Z] [Timeline] Checking operating hours for hotspot 24: visit window 18:31:00-19:01:00 on day 5
[2025-12-11T05:25:28.165Z] [Timeline] Hotspot 24 check window: 09:00:00-18:00:00, visit: 18:31:00-19:01:00
[2025-12-11T05:25:28.177Z] [Timeline] Hotspot 24 operating hours check FAILED - visit 18:31:00-19:01:00 doesn't fit in any window
[2025-12-11T05:25:28.218Z] [Timeline] Hotspot 24 not open during visit window 18:31:00-19:01:00 on day 5, skipping
[2025-12-11T05:25:28.260Z] [Timeline] Hotspot 277 - currentSeconds: 66300, routeEndSeconds: 72000
[2025-12-11T05:25:28.264Z] [Timeline] Processing hotspot 277 for route 522
[2025-12-11T05:25:28.300Z] [Timeline] Hotspot 277 coords: lat=11.916309213225349, lon=79.82433098120615
[2025-12-11T05:25:28.460Z] [Timeline] Checking operating hours for hotspot 277: visit window 18:26:00-21:26:00 on day 5
[2025-12-11T05:25:28.528Z] [Timeline] Hotspot 277 check window: 09:00:00-18:00:00, visit: 18:26:00-21:26:00
[2025-12-11T05:25:28.584Z] [Timeline] Hotspot 277 operating hours check FAILED - visit 18:26:00-21:26:00 doesn't fit in any window
[2025-12-11T05:25:28.632Z] [Timeline] Hotspot 277 not open during visit window 18:26:00-21:26:00 on day 5, skipping
[2025-12-11T05:25:28.686Z] [Timeline] Route 523 (Pondicherry → Pondicherry Airport): routeStartTime=08:00:00, routeEndTime=20:00:00, direct_to_next=0
[2025-12-11T05:25:28.713Z] [Timeline] Route 523 starting coords from location_id 5922: (11.9415915, 79.8083133)
[2025-12-11T05:25:28.741Z] [Timeline] Route 523 - Skipping refreshment row (last route) but advancing time by 01:00:00 to 09:00:00
[2025-12-11T05:25:28.783Z] [fetchSelectedHotspots] route 523 target="Pondicherry" next="Pondicherry Airport" dow=6
[2025-12-11T05:25:28.951Z] [fetchSelectedHotspots] Found 583 total active hotspots
[2025-12-11T05:25:29.013Z] [fetchSelectedHotspots] direct_to_next_visiting_place=0
[2025-12-11T05:25:29.091Z] [fetchSelectedHotspots] source="Pondicherry", destination="Pondicherry Airport"
[2025-12-11T05:25:29.124Z] [fetchSelectedHotspots] Starting coords from stored_locations: (13.0827989, 80.2754246)
[2025-12-11T05:25:29.140Z] [fetchSelectedHotspots] Hotspot 16 "Paradise Beach" → DESTINATION (matches "Pondicherry Airport" - PRIMARY - ONLY)
[2025-12-11T05:25:29.148Z] [fetchSelectedHotspots] Hotspot 17 "Sri Aurobindo Ashram" → SOURCE (matches "Pondicherry")
[2025-12-11T05:25:29.180Z] [fetchSelectedHotspots] Hotspot 17 "Sri Aurobindo Ashram" → DESTINATION (matches "Pondicherry Airport" - PRIMARY)
[2025-12-11T05:25:29.194Z] [fetchSelectedHotspots] Hotspot 18 "Auroville" → SOURCE (matches "Pondicherry")
[2025-12-11T05:25:29.269Z] [fetchSelectedHotspots] Hotspot 18 "Auroville" → DESTINATION (matches "Pondicherry Airport" - PRIMARY)
[2025-12-11T05:25:29.292Z] [fetchSelectedHotspots] Hotspot 19 "Promenade Beach" → SOURCE (matches "Pondicherry")
[2025-12-11T05:25:29.361Z] [fetchSelectedHotspots] Hotspot 19 "Promenade Beach" → DESTINATION (matches "Pondicherry Airport" - PRIMARY)
[2025-12-11T05:25:29.395Z] [fetchSelectedHotspots] Hotspot 20 "Chunnambar Boathouse" → SOURCE (matches "Pondicherry")
[2025-12-11T05:25:29.417Z] [fetchSelectedHotspots] Hotspot 20 "Chunnambar Boathouse" → DESTINATION (matches "Pondicherry Airport" - PRIMARY)
[2025-12-11T05:25:29.444Z] [fetchSelectedHotspots] Hotspot 21 "The Basilica of the Sacred Heart of Jesus" → SOURCE (matches "Pondicherry")
[2025-12-11T05:25:29.463Z] [fetchSelectedHotspots] Hotspot 21 "The Basilica of the Sacred Heart of Jesus" → DESTINATION (matches "Pondicherry Airport" - PRIMARY)
[2025-12-11T05:25:29.485Z] [fetchSelectedHotspots] Hotspot 23 "French War Memorial" → DESTINATION (matches "Pondicherry Airport" - PRIMARY - ONLY)
[2025-12-11T05:25:29.507Z] [fetchSelectedHotspots] Hotspot 24 "The Pondicherry Museum" → SOURCE (matches "Pondicherry")
[2025-12-11T05:25:29.541Z] [fetchSelectedHotspots] Hotspot 24 "The Pondicherry Museum" → DESTINATION (matches "Pondicherry Airport" - PRIMARY)
[2025-12-11T05:25:29.581Z] [fetchSelectedHotspots] Hotspot 25 "Manakula Vinayagar Temple" → SOURCE (matches "Pondicherry")
[2025-12-11T05:25:29.608Z] [fetchSelectedHotspots] Hotspot 25 "Manakula Vinayagar Temple" → DESTINATION (matches "Pondicherry Airport" - PRIMARY)
[2025-12-11T05:25:29.636Z] [fetchSelectedHotspots] Hotspot 277 "Pondicherry Backwater" → SOURCE (matches "Pondicherry")
[2025-12-11T05:25:29.682Z] [fetchSelectedHotspots] Hotspot 277 "Pondicherry Backwater" → DESTINATION (matches "Pondicherry Airport" - PRIMARY)
[2025-12-11T05:25:29.714Z] [fetchSelectedHotspots] Hotspot 669 "Eden Beach - Blue flag Beach" → SOURCE (matches "Pondicherry" - PRIMARY)
[2025-12-11T05:25:29.727Z] [fetchSelectedHotspots] Hotspot 669 "Eden Beach - Blue flag Beach" → DESTINATION (matches "Pondicherry Airport")
[2025-12-11T05:25:29.768Z] [fetchSelectedHotspots] Hotspot 676 "Botanical Garden" → SOURCE (matches "Pondicherry" - PRIMARY)
[2025-12-11T05:25:29.802Z] [fetchSelectedHotspots] Hotspot 676 "Botanical Garden" → DESTINATION (matches "Pondicherry Airport")
[2025-12-11T05:25:29.817Z] [fetchSelectedHotspots] Hotspot 677 "Bharathi Park &amp; Aayi Mandapam" → SOURCE (matches "Pondicherry" - PRIMARY)
[2025-12-11T05:25:29.845Z] [fetchSelectedHotspots] Hotspot 677 "Bharathi Park &amp; Aayi Mandapam" → DESTINATION (matches "Pondicherry Airport")
[2025-12-11T05:25:29.868Z] [fetchSelectedHotspots] Hotspot 678 "French Colony" → SOURCE (matches "Pondicherry" - PRIMARY)
[2025-12-11T05:25:29.900Z] [fetchSelectedHotspots] Hotspot 678 "French Colony" → DESTINATION (matches "Pondicherry Airport")
[2025-12-11T05:25:29.911Z] [fetchSelectedHotspots] Hotspot 679 "Pondi Marina Beach" → SOURCE (matches "Pondicherry" - PRIMARY)
[2025-12-11T05:25:29.946Z] [fetchSelectedHotspots] Hotspot 679 "Pondi Marina Beach" → DESTINATION (matches "Pondicherry Airport")
[2025-12-11T05:25:29.977Z] [fetchSelectedHotspots] Filtered 7 priority-0 SOURCE hotspots (13 → 6)
[2025-12-11T05:25:30.013Z] [fetchSelectedHotspots] Categorized: source=6, destination=15, via=0
[2025-12-11T05:25:30.047Z] [fetchSelectedHotspots] direct_to_next_visiting_place=0: Processing SOURCE → DESTINATION → VIA
[2025-12-11T05:25:30.094Z] [fetchSelectedHotspots] Matched 21 hotspots after PHP ordering
[2025-12-11T05:25:30.127Z] [fetchSelectedHotspots] First 5 hotspots (sorted): ID=18 "Auroville" priority=1 distance=194.08km, ID=25 "Manakula Vinayagar Temple" priority=2 distance=204.26km, ID=21 "The Basilica of the Sacred Heart of Jesus" priority=4 distance=206.23km, ID=19 "Promenade Beach" priority=5 distance=204.98km, ID=20 "Chunnambar Boathouse" priority=5 distance=214.35km
[2025-12-11T05:25:30.142Z] [fetchSelectedHotspots] Matched 15 hotspots for route 523
[2025-12-11T05:25:30.164Z] [Timeline] Route 523: Selected 15 hotspots
[2025-12-11T05:25:30.182Z] [Timeline] Route 523 - currentTime: 09:00:00, routeEndTime: 20:00:00, routeEndSeconds: 72000
[2025-12-11T05:25:30.192Z] [Timeline] Hotspot 18 - currentSeconds: 32400, routeEndSeconds: 72000
[2025-12-11T05:25:30.215Z] [Timeline] Processing hotspot 18 for route 523
[2025-12-11T05:25:30.253Z] [Timeline] Hotspot 18 coords: lat=12.008342334177776, lon=79.81781931258232
[2025-12-11T05:25:30.319Z] [Timeline] Checking operating hours for hotspot 18: visit window 09:17:00-11:17:00 on day 6
[2025-12-11T05:25:30.348Z] [Timeline] Hotspot 18 check window: 09:00:00-13:00:00, visit: 09:17:00-11:17:00
[2025-12-11T05:25:30.363Z] [Timeline] Hotspot 18 operating hours OK - entire visit 09:17:00-11:17:00 fits in 09:00:00-13:00:00
[2025-12-11T05:25:30.397Z] [Timeline] Hotspot 18 operating hours OK
[2025-12-11T05:25:30.408Z] [Timeline] Travel type for "Pondicherry" -> "Pondicherry Airport|Pondicherry": 1 (1=local, 2=outstation)
[2025-12-11T05:25:30.518Z] [Timeline] Building hotspot row for hotspot_ID=18
[2025-12-11T05:25:30.553Z] [Timeline] Built hotspot row: item_type=4, hotspot_ID=18, order=2
[2025-12-11T05:25:30.595Z] [Timeline] Hotspot 25 - currentSeconds: 40620, routeEndSeconds: 72000
[2025-12-11T05:25:30.602Z] [Timeline] Processing hotspot 25 for route 523
[2025-12-11T05:25:30.642Z] [Timeline] Hotspot 25 coords: lat=11.936184966220257, lon=79.83484226674099
[2025-12-11T05:25:30.760Z] [Timeline] Checking operating hours for hotspot 25: visit window 11:36:00-12:06:00 on day 6
[2025-12-11T05:25:30.767Z] [Timeline] Hotspot 25 check window: 05:45:00-12:30:00, visit: 11:36:00-12:06:00
[2025-12-11T05:25:30.825Z] [Timeline] Hotspot 25 operating hours OK - entire visit 11:36:00-12:06:00 fits in 05:45:00-12:30:00
[2025-12-11T05:25:30.845Z] [Timeline] Hotspot 25 operating hours OK
[2025-12-11T05:25:30.865Z] [Timeline] Travel type for "Pondicherry Airport|Pondicherry" -> "Pondicherry Airport|Pondicherry": 1 (1=local, 2=outstation)
[2025-12-11T05:25:31.136Z] [Timeline] Building hotspot row for hotspot_ID=25
[2025-12-11T05:25:31.232Z] [Timeline] Built hotspot row: item_type=4, hotspot_ID=25, order=3
[2025-12-11T05:25:31.446Z] [Timeline] Hotspot 21 - currentSeconds: 43560, routeEndSeconds: 72000
[2025-12-11T05:25:31.506Z] [Timeline] Processing hotspot 21 for route 523
[2025-12-11T05:25:31.510Z] [Timeline] Skipping hotspot 21 - already added to plan 5
[2025-12-11T05:25:31.512Z] [Timeline] Hotspot 19 - currentSeconds: 43560, routeEndSeconds: 72000
[2025-12-11T05:25:31.543Z] [Timeline] Processing hotspot 19 for route 523
[2025-12-11T05:25:31.580Z] [Timeline] Skipping hotspot 19 - already added to plan 5
[2025-12-11T05:25:31.599Z] [Timeline] Hotspot 20 - currentSeconds: 43560, routeEndSeconds: 72000
[2025-12-11T05:25:31.625Z] [Timeline] Processing hotspot 20 for route 523
[2025-12-11T05:25:31.711Z] [Timeline] Hotspot 20 coords: lat=11.883875481616602, lon=79.80141705562612
[2025-12-11T05:25:31.761Z] [Timeline] Checking operating hours for hotspot 20: visit window 12:21:00-13:21:00 on day 6
[2025-12-11T05:25:31.766Z] [Timeline] Hotspot 20 check window: 09:30:00-16:00:00, visit: 12:21:00-13:21:00
[2025-12-11T05:25:31.792Z] [Timeline] Hotspot 20 operating hours OK - entire visit 12:21:00-13:21:00 fits in 09:30:00-16:00:00
[2025-12-11T05:25:31.795Z] [Timeline] Hotspot 20 operating hours OK
[2025-12-11T05:25:31.830Z] [Timeline] Travel type for "Pondicherry Airport|Pondicherry" -> "Pondicherry Airport|Pondicherry": 1 (1=local, 2=outstation)
[2025-12-11T05:25:31.884Z] [Timeline] Building hotspot row for hotspot_ID=20
[2025-12-11T05:25:31.915Z] [Timeline] Built hotspot row: item_type=4, hotspot_ID=20, order=4
[2025-12-11T05:25:31.950Z] [Timeline] Hotspot 17 - currentSeconds: 48060, routeEndSeconds: 72000
[2025-12-11T05:25:31.967Z] [Timeline] Processing hotspot 17 for route 523
[2025-12-11T05:25:31.996Z] [Timeline] Skipping hotspot 17 - already added to plan 5
[2025-12-11T05:25:32.040Z] [Timeline] Hotspot 16 - currentSeconds: 48060, routeEndSeconds: 72000
[2025-12-11T05:25:32.080Z] [Timeline] Processing hotspot 16 for route 523
[2025-12-11T05:25:32.117Z] [Timeline] Hotspot 16 coords: lat=11.894346668881749, lon=79.86265715952393
[2025-12-11T05:25:32.201Z] [Timeline] Checking operating hours for hotspot 16: visit window 13:36:00-14:06:00 on day 6
[2025-12-11T05:25:32.236Z] [Timeline] Hotspot 16 check window: 09:00:00-18:00:00, visit: 13:36:00-14:06:00
[2025-12-11T05:25:32.242Z] [Timeline] Hotspot 16 operating hours OK - entire visit 13:36:00-14:06:00 fits in 09:00:00-18:00:00
[2025-12-11T05:25:32.283Z] [Timeline] Hotspot 16 operating hours OK
[2025-12-11T05:25:32.300Z] [Timeline] Travel type for "Pondicherry Airport|Pondicherry" -> "Pondicherry Airport": 1 (1=local, 2=outstation)
[2025-12-11T05:25:32.578Z] [Timeline] Building hotspot row for hotspot_ID=16
[2025-12-11T05:25:32.613Z] [Timeline] Built hotspot row: item_type=4, hotspot_ID=16, order=5
[2025-12-11T05:25:32.656Z] [Timeline] Hotspot 23 - currentSeconds: 50760, routeEndSeconds: 72000
[2025-12-11T05:25:32.662Z] [Timeline] Processing hotspot 23 for route 523
[2025-12-11T05:25:32.696Z] [Timeline] Hotspot 23 coords: lat=11.93212951685565, lon=79.83535346593922
[2025-12-11T05:25:32.717Z] [Timeline] Checking operating hours for hotspot 23: visit window 14:06:00-14:26:00 on day 6
[2025-12-11T05:25:32.748Z] [Timeline] Hotspot 23 operating hours OK
[2025-12-11T05:25:32.763Z] [Timeline] Travel type for "Pondicherry Airport" -> "Pondicherry Airport": 1 (1=local, 2=outstation)
[2025-12-11T05:25:32.794Z] [Timeline] Building hotspot row for hotspot_ID=23
[2025-12-11T05:25:32.817Z] [Timeline] Built hotspot row: item_type=4, hotspot_ID=23, order=6
[2025-12-11T05:25:32.876Z] [Timeline] Hotspot 24 - currentSeconds: 51960, routeEndSeconds: 72000
[2025-12-11T05:25:32.924Z] [Timeline] Processing hotspot 24 for route 523
[2025-12-11T05:25:32.949Z] [Timeline] Hotspot 24 coords: lat=11.934656339062595, lon=79.83484999477534
[2025-12-11T05:25:33.085Z] [Timeline] Checking operating hours for hotspot 24: visit window 14:27:00-14:57:00 on day 6
[2025-12-11T05:25:33.110Z] [Timeline] Hotspot 24 check window: 09:00:00-18:00:00, visit: 14:27:00-14:57:00
[2025-12-11T05:25:33.135Z] [Timeline] Hotspot 24 operating hours OK - entire visit 14:27:00-14:57:00 fits in 09:00:00-18:00:00
[2025-12-11T05:25:33.150Z] [Timeline] Hotspot 24 operating hours OK
[2025-12-11T05:25:33.185Z] [Timeline] Travel type for "Pondicherry Airport" -> "Pondicherry Airport|Pondicherry": 1 (1=local, 2=outstation)
[2025-12-11T05:25:33.249Z] [Timeline] Building hotspot row for hotspot_ID=24
[2025-12-11T05:25:33.269Z] [Timeline] Built hotspot row: item_type=4, hotspot_ID=24, order=7
[2025-12-11T05:25:33.315Z] [Timeline] Hotspot 277 - currentSeconds: 53820, routeEndSeconds: 72000
[2025-12-11T05:25:33.317Z] [Timeline] Processing hotspot 277 for route 523
[2025-12-11T05:25:33.352Z] [Timeline] Hotspot 277 coords: lat=11.916309213225349, lon=79.82433098120615
[2025-12-11T05:25:33.458Z] [Timeline] Checking operating hours for hotspot 277: visit window 15:02:00-18:02:00 on day 6
[2025-12-11T05:25:33.485Z] [Timeline] Hotspot 277 check window: 09:00:00-18:00:00, visit: 15:02:00-18:02:00
[2025-12-11T05:25:33.486Z] [Timeline] Hotspot 277 operating hours check FAILED - visit 15:02:00-18:02:00 doesn't fit in any window
[2025-12-11T05:25:33.489Z] [Timeline] Hotspot 277 not open during visit window 15:02:00-18:02:00 on day 6, skipping
[2025-12-11T05:25:33.532Z] [Timeline] Hotspot 677 - currentSeconds: 53820, routeEndSeconds: 72000
[2025-12-11T05:25:33.590Z] [Timeline] Processing hotspot 677 for route 523
[2025-12-11T05:25:33.649Z] [Timeline] Skipping hotspot 677 - already added to plan 5
[2025-12-11T05:25:33.665Z] [Timeline] Hotspot 678 - currentSeconds: 53820, routeEndSeconds: 72000
[2025-12-11T05:25:33.682Z] [Timeline] Processing hotspot 678 for route 523
[2025-12-11T05:25:33.699Z] [Timeline] Skipping hotspot 678 - already added to plan 5
[2025-12-11T05:25:33.701Z] [Timeline] Hotspot 676 - currentSeconds: 53820, routeEndSeconds: 72000
[2025-12-11T05:25:33.743Z] [Timeline] Processing hotspot 676 for route 523
[2025-12-11T05:25:33.798Z] [Timeline] Hotspot 676 coords: lat=11.930177048465467, lon=79.8224313245787
[2025-12-11T05:25:33.865Z] [Timeline] Checking operating hours for hotspot 676: visit window 15:00:00-16:00:00 on day 6
[2025-12-11T05:25:33.910Z] [Timeline] Hotspot 676 check window: 10:00:00-17:00:00, visit: 15:00:00-16:00:00
[2025-12-11T05:25:33.948Z] [Timeline] Hotspot 676 operating hours OK - entire visit 15:00:00-16:00:00 fits in 10:00:00-17:00:00
[2025-12-11T05:25:33.978Z] [Timeline] Hotspot 676 operating hours OK
[2025-12-11T05:25:34.011Z] [Timeline] Travel type for "Pondicherry Airport|Pondicherry" -> "Pondicherry|Pondicherry Airport": 1 (1=local, 2=outstation)
[2025-12-11T05:25:34.149Z] [Timeline] Building hotspot row for hotspot_ID=676
[2025-12-11T05:25:34.161Z] [Timeline] Built hotspot row: item_type=4, hotspot_ID=676, order=8
[2025-12-11T05:25:34.202Z] [Timeline] Hotspot 679 - currentSeconds: 57600, routeEndSeconds: 72000
[2025-12-11T05:25:34.234Z] [Timeline] Processing hotspot 679 for route 523
[2025-12-11T05:25:34.277Z] [Timeline] Skipping hotspot 679 - already added to plan 5
[2025-12-11T05:25:34.290Z] [Timeline] Hotspot 669 - currentSeconds: 57600, routeEndSeconds: 72000
[2025-12-11T05:25:34.324Z] [Timeline] Processing hotspot 669 for route 523
[2025-12-11T05:25:34.336Z] [Timeline] Hotspot 669 coords: lat=11.882310987345338, lon=79.8244548517534
[2025-12-11T05:25:34.444Z] [Timeline] Checking operating hours for hotspot 669: visit window 16:12:00-17:12:00 on day 6
[2025-12-11T05:25:34.480Z] [Timeline] Hotspot 669 check window: 06:00:00-18:00:00, visit: 16:12:00-17:12:00
[2025-12-11T05:25:34.484Z] [Timeline] Hotspot 669 operating hours OK - entire visit 16:12:00-17:12:00 fits in 06:00:00-18:00:00
[2025-12-11T05:25:34.515Z] [Timeline] Hotspot 669 operating hours OK
[2025-12-11T05:25:34.524Z] [Timeline] Travel type for "Pondicherry|Pondicherry Airport" -> "Pondicherry|Pondicherry Airport": 1 (1=local, 2=outstation)
[2025-12-11T05:25:34.632Z] [Timeline] Building hotspot row for hotspot_ID=669
[2025-12-11T05:25:34.666Z] [Timeline] Built hotspot row: item_type=4, hotspot_ID=669, order=9
[2025-12-11T05:25:34.701Z] [Timeline] Route 523 - Skipping hotel rows (last route - PHP behavior)
[2025-12-11T05:25:34.740Z] [Timeline] Returning 39 hotspot rows and 0 parking rows
[2025-12-11T05:25:34.761Z] [Timeline] Hotspot rows item_types: 1, 3, 4, 5, 6, 1, 3, 4, 3, 4, 3, 4, 3, 4, 3, 4, 3, 4, 3, 4, 5, 6, 3, 4, 3, 4, 3, 4, 3, 4, 3, 4, 3, 4, 3, 4, 3, 4, 7
[2025-12-11T05:25:34.775Z] [Timeline] Hotspot rows hotspot_IDs: , 5, 5, 0, 0, , 4, 4, 21, 21, 19, 19, 17, 17, 677, 677, 678, 678, 679, 679, 0, 0, 18, 18, 25, 25, 20, 20, 16, 16, 23, 23, 24, 24, 676, 676, 669, 669, 0
[2025-12-11T05:25:34.784Z] 
=== LOG FILE SAVED TO: D:\wamp64\www\dvi_fullstack\dvi_backend\tmp\hotspot_optimization_1765430704811.log ===

