[2026-01-04T21:07:12.129Z] ═════════════════════════════════════════
[2026-01-04T21:07:12.130Z] TBOHotelProvider CONSTRUCTOR CALLED
[2026-01-04T21:07:12.130Z] ═════════════════════════════════════════
[2026-01-04T21:07:12.130Z] PrismaService type: object
[2026-01-04T21:07:12.130Z] PrismaService value: DEFINED
[2026-01-04T21:07:12.131Z] PrismaService constructor: PrismaService
[2026-01-04T21:07:20.149Z] ═════════════════════════════════════════
[2026-01-04T21:07:20.149Z] TBOHotelProvider CONSTRUCTOR CALLED
[2026-01-04T21:07:20.156Z] ═════════════════════════════════════════
[2026-01-04T21:07:20.157Z] PrismaService type: object
[2026-01-04T21:07:20.157Z] PrismaService value: DEFINED
[2026-01-04T21:07:20.157Z] PrismaService constructor: PrismaService
[2026-01-04T21:07:34.285Z] ═════════════════════════════════════════
[2026-01-04T21:07:34.286Z] TBOHotelProvider CONSTRUCTOR CALLED
[2026-01-04T21:07:34.286Z] ═════════════════════════════════════════
[2026-01-04T21:07:34.286Z] PrismaService type: object
[2026-01-04T21:07:34.287Z] PrismaService value: DEFINED
[2026-01-04T21:07:34.287Z] PrismaService constructor: PrismaService
[2026-01-04T21:47:07.724Z] ═════════════════════════════════════════
[2026-01-04T21:47:07.725Z] TBOHotelProvider CONSTRUCTOR CALLED
[2026-01-04T21:47:07.725Z] ═════════════════════════════════════════
[2026-01-04T21:47:07.726Z] PrismaService type: object
[2026-01-04T21:47:07.727Z] PrismaService value: DEFINED
[2026-01-04T21:47:07.727Z] PrismaService constructor: PrismaService
[2026-01-04T21:47:54.248Z] ═════════════════════════════════════════
[2026-01-04T21:47:54.249Z] TBOHotelProvider CONSTRUCTOR CALLED
[2026-01-04T21:47:54.249Z] ═════════════════════════════════════════
[2026-01-04T21:47:54.250Z] PrismaService type: object
[2026-01-04T21:47:54.250Z] PrismaService value: DEFINED
[2026-01-04T21:47:54.250Z] PrismaService constructor: PrismaService
[2026-01-04T21:48:39.117Z] ═════════════════════════════════════════
[2026-01-04T21:48:39.118Z] TBOHotelProvider CONSTRUCTOR CALLED
[2026-01-04T21:48:39.118Z] ═════════════════════════════════════════
[2026-01-04T21:48:39.118Z] PrismaService type: object
[2026-01-04T21:48:39.119Z] PrismaService value: DEFINED
[2026-01-04T21:48:39.119Z] PrismaService constructor: PrismaService
[2026-01-04T21:52:56.031Z] ═════════════════════════════════════════
[2026-01-04T21:52:56.032Z] TBOHotelProvider CONSTRUCTOR CALLED
[2026-01-04T21:52:56.033Z] ═════════════════════════════════════════
[2026-01-04T21:52:56.034Z] PrismaService type: object
[2026-01-04T21:52:56.034Z] PrismaService value: DEFINED
[2026-01-04T21:52:56.035Z] PrismaService constructor: PrismaService
[2026-01-04T21:55:41.067Z] ═════════════════════════════════════════
[2026-01-04T21:55:41.068Z] TBOHotelProvider CONSTRUCTOR CALLED
[2026-01-04T21:55:41.069Z] ═════════════════════════════════════════
[2026-01-04T21:55:41.070Z] PrismaService type: object
[2026-01-04T21:55:41.070Z] PrismaService value: DEFINED
[2026-01-04T21:55:41.071Z] PrismaService constructor: PrismaService
[2026-01-04T21:56:04.956Z] ═════════════════════════════════════════
[2026-01-04T21:56:04.957Z] TBOHotelProvider CONSTRUCTOR CALLED
[2026-01-04T21:56:04.957Z] ═════════════════════════════════════════
[2026-01-04T21:56:04.957Z] PrismaService type: object
[2026-01-04T21:56:04.958Z] PrismaService value: DEFINED
[2026-01-04T21:56:04.958Z] PrismaService constructor: PrismaService
[2026-01-04T22:01:09.382Z] ═════════════════════════════════════════
[2026-01-04T22:01:09.382Z] TBOHotelProvider CONSTRUCTOR CALLED
[2026-01-04T22:01:09.383Z] ═════════════════════════════════════════
[2026-01-04T22:01:09.383Z] PrismaService type: object
[2026-01-04T22:01:09.383Z] PrismaService value: DEFINED
[2026-01-04T22:01:09.383Z] PrismaService constructor: PrismaService
[2026-01-04T22:01:28.865Z] ═════════════════════════════════════════
[2026-01-04T22:01:28.867Z] TBOHotelProvider CONSTRUCTOR CALLED
[2026-01-04T22:01:28.867Z] ═════════════════════════════════════════
[2026-01-04T22:01:28.868Z] PrismaService type: object
[2026-01-04T22:01:28.869Z] PrismaService value: DEFINED
[2026-01-04T22:01:28.870Z] PrismaService constructor: PrismaService
[2026-01-04T22:01:36.346Z] ═════════════════════════════════════════
[2026-01-04T22:01:36.347Z] TBOHotelProvider CONSTRUCTOR CALLED
[2026-01-04T22:01:36.347Z] ═════════════════════════════════════════
[2026-01-04T22:01:36.348Z] PrismaService type: object
[2026-01-04T22:01:36.348Z] PrismaService value: DEFINED
[2026-01-04T22:01:36.348Z] PrismaService constructor: PrismaService
[2026-01-04T23:10:42.750Z] ═════════════════════════════════════════
[2026-01-04T23:10:42.751Z] TBOHotelProvider CONSTRUCTOR CALLED
[2026-01-04T23:10:42.751Z] ═════════════════════════════════════════
[2026-01-04T23:10:42.752Z] PrismaService type: object
[2026-01-04T23:10:42.752Z] PrismaService value: DEFINED
[2026-01-04T23:10:42.753Z] PrismaService constructor: PrismaService
[2026-01-04T23:20:03.046Z] ═════════════════════════════════════════
[2026-01-04T23:20:03.047Z] TBOHotelProvider CONSTRUCTOR CALLED
[2026-01-04T23:20:03.047Z] ═════════════════════════════════════════
[2026-01-04T23:20:03.048Z] PrismaService type: object
[2026-01-04T23:20:03.048Z] PrismaService value: DEFINED
[2026-01-04T23:20:03.048Z] PrismaService constructor: PrismaService
[2026-01-04T23:32:48.725Z] ═════════════════════════════════════════
[2026-01-04T23:32:48.728Z] TBOHotelProvider CONSTRUCTOR CALLED
[2026-01-04T23:32:48.729Z] ═════════════════════════════════════════
[2026-01-04T23:32:48.729Z] PrismaService type: object
[2026-01-04T23:32:48.730Z] PrismaService value: DEFINED
[2026-01-04T23:32:48.731Z] PrismaService constructor: PrismaService
[2026-01-04T23:51:08.531Z] ═════════════════════════════════════════
[2026-01-04T23:51:08.532Z] TBOHotelProvider CONSTRUCTOR CALLED
[2026-01-04T23:51:08.533Z] ═════════════════════════════════════════
[2026-01-04T23:51:08.533Z] PrismaService type: object
[2026-01-04T23:51:08.534Z] PrismaService value: DEFINED
[2026-01-04T23:51:08.534Z] PrismaService constructor: PrismaService
[2026-01-05T03:22:51.031Z] ═════════════════════════════════════════
[2026-01-05T03:22:51.032Z] TBOHotelProvider CONSTRUCTOR CALLED
[2026-01-05T03:22:51.032Z] ═════════════════════════════════════════
[2026-01-05T03:22:51.033Z] PrismaService type: object
[2026-01-05T03:22:51.034Z] PrismaService value: DEFINED
[2026-01-05T03:22:51.034Z] PrismaService constructor: PrismaService
[2026-01-05T03:23:51.340Z] ═════════════════════════════════════════
[2026-01-05T03:23:51.341Z] TBOHotelProvider CONSTRUCTOR CALLED
[2026-01-05T03:23:51.341Z] ═════════════════════════════════════════
[2026-01-05T03:23:51.342Z] PrismaService type: object
[2026-01-05T03:23:51.342Z] PrismaService value: DEFINED
[2026-01-05T03:23:51.342Z] PrismaService constructor: PrismaService
[2026-01-05T15:17:40.366Z] ═════════════════════════════════════════
[2026-01-05T15:17:40.370Z] TBOHotelProvider CONSTRUCTOR CALLED
[2026-01-05T15:17:40.371Z] ═════════════════════════════════════════
[2026-01-05T15:17:40.371Z] PrismaService type: object
[2026-01-05T15:17:40.372Z] PrismaService value: DEFINED
[2026-01-05T15:17:40.373Z] PrismaService constructor: PrismaService
[2026-01-07T18:59:20.879Z] ═════════════════════════════════════════
[2026-01-07T18:59:20.881Z] TBOHotelProvider CONSTRUCTOR CALLED
[2026-01-07T18:59:20.882Z] ═════════════════════════════════════════
[2026-01-07T18:59:20.882Z] PrismaService type: object
[2026-01-07T18:59:20.882Z] PrismaService value: DEFINED
[2026-01-07T18:59:20.883Z] PrismaService constructor: PrismaService
[2026-01-07T19:11:43.265Z] ═════════════════════════════════════════
[2026-01-07T19:11:43.265Z] TBOHotelProvider CONSTRUCTOR CALLED
[2026-01-07T19:11:43.266Z] ═════════════════════════════════════════
[2026-01-07T19:11:43.266Z] PrismaService type: object
[2026-01-07T19:11:43.267Z] PrismaService value: DEFINED
[2026-01-07T19:11:43.267Z] PrismaService constructor: PrismaService
