[2025-12-09 10:25:32] [info] Executing SQL Query: DELETE FROM `dvi_itinerary_route_guide_slot_cost_details` WHERE  `itinerary_plan_id` = '2' 
[2025-12-09 10:25:32] [success] Query executed successfully: DELETE FROM `dvi_itinerary_route_guide_slot_cost_details` WHERE  `itinerary_plan_id` = '2' 
[2025-12-09 10:25:32] [info] Executing SQL Query: DELETE FROM `dvi_itinerary_route_guide_details` WHERE  `itinerary_plan_ID` = '2' 
[2025-12-09 10:25:32] [success] Query executed successfully: DELETE FROM `dvi_itinerary_route_guide_details` WHERE  `itinerary_plan_ID` = '2' 
[2025-12-09 10:25:32] [info] Executing SQL Query: UPDATE `dvi_itinerary_plan_details` SET ``itinerary_preference`` = '3', ``location_id`` = '1503', ``arrival_location`` = 'Chennai International Airport', ``departure_location`` = 'Pondicherry Airport', ``trip_start_date_and_time`` = '2025-12-08 12:00:00', ``trip_end_date_and_time`` = '2025-12-10 20:57:00', ``arrival_type`` = '1', ``departure_type`` = '1', ``no_of_nights`` = '2', ``no_of_days`` = '3', ``expecting_budget`` = '15000', ``itinerary_type`` = '2', ``entry_ticket_required`` = '0', ``total_adult`` = '2', ``total_children`` = '0', ``total_infants`` = '0', ``no_of_routes`` = '1', ``guide_for_itinerary`` = '0', ``preferred_room_count`` = '1', ``total_extra_bed`` = '0', ``total_child_with_bed`` = '0', ``total_child_without_bed`` = '0', ``food_type`` = '1', ``nationality`` = '101', ``meal_plan_breakfast`` = '1', ``meal_plan_lunch`` = '0', ``meal_plan_dinner`` = '0', ``special_instructions`` = '', ``pick_up_date_and_time`` = '2025-12-08 12:00:00', ``createdby`` = '', ``status`` = '1', ``agent_id`` = '2', ``staff_id`` = '0' WHERE  `itinerary_plan_ID` = '2' 
[2025-12-09 10:25:32] [exception] Exception during query execution: You have an error in your SQL syntax; check the manual that corresponds to your MySQL server version for the right syntax to use near 'itinerary_preference`` = '3', ``location_id`` = '1503', ``arrival_location`` = '' at line 1
[2025-12-09 10:25:32] [info] Executing SQL Query: DELETE FROM `dvi_itinerary_plan_hotel_room_details` WHERE  `itinerary_plan_id` = ''
[2025-12-09 10:25:32] [success] Query executed successfully: DELETE FROM `dvi_itinerary_plan_hotel_room_details` WHERE  `itinerary_plan_id` = ''
[2025-12-09 10:25:36] [info] Executing SQL Query: DELETE FROM `dvi_itinerary_route_guide_slot_cost_details` WHERE  `itinerary_plan_id` = '2' 
[2025-12-09 10:25:36] [success] Query executed successfully: DELETE FROM `dvi_itinerary_route_guide_slot_cost_details` WHERE  `itinerary_plan_id` = '2' 
[2025-12-09 10:25:36] [info] Executing SQL Query: DELETE FROM `dvi_itinerary_route_guide_details` WHERE  `itinerary_plan_ID` = '2' 
[2025-12-09 10:25:36] [success] Query executed successfully: DELETE FROM `dvi_itinerary_route_guide_details` WHERE  `itinerary_plan_ID` = '2' 
[2025-12-09 10:25:36] [info] Executing SQL Query: UPDATE `dvi_itinerary_plan_details` SET ``itinerary_preference`` = '3', ``location_id`` = '1503', ``arrival_location`` = 'Chennai International Airport', ``departure_location`` = 'Pondicherry Airport', ``trip_start_date_and_time`` = '2025-12-08 12:00:00', ``trip_end_date_and_time`` = '2025-12-10 20:57:00', ``arrival_type`` = '1', ``departure_type`` = '1', ``no_of_nights`` = '2', ``no_of_days`` = '3', ``expecting_budget`` = '15000', ``itinerary_type`` = '2', ``entry_ticket_required`` = '0', ``total_adult`` = '2', ``total_children`` = '0', ``total_infants`` = '0', ``no_of_routes`` = '1', ``guide_for_itinerary`` = '0', ``preferred_room_count`` = '1', ``total_extra_bed`` = '0', ``total_child_with_bed`` = '0', ``total_child_without_bed`` = '0', ``food_type`` = '1', ``nationality`` = '101', ``meal_plan_breakfast`` = '1', ``meal_plan_lunch`` = '0', ``meal_plan_dinner`` = '0', ``special_instructions`` = '', ``pick_up_date_and_time`` = '2025-12-08 12:00:00', ``createdby`` = '', ``status`` = '1', ``agent_id`` = '2', ``staff_id`` = '0' WHERE  `itinerary_plan_ID` = '2' 
[2025-12-09 10:25:36] [exception] Exception during query execution: You have an error in your SQL syntax; check the manual that corresponds to your MySQL server version for the right syntax to use near 'itinerary_preference`` = '3', ``location_id`` = '1503', ``arrival_location`` = '' at line 1
[2025-12-09 10:25:36] [info] Executing SQL Query: DELETE FROM `dvi_itinerary_plan_hotel_room_details` WHERE  `itinerary_plan_id` = ''
[2025-12-09 10:25:36] [success] Query executed successfully: DELETE FROM `dvi_itinerary_plan_hotel_room_details` WHERE  `itinerary_plan_id` = ''
[2025-12-09 10:26:26] [info] Executing SQL Query: DELETE FROM `dvi_itinerary_route_guide_slot_cost_details` WHERE  `itinerary_plan_id` = '2' 
[2025-12-09 10:26:26] [success] Query executed successfully: DELETE FROM `dvi_itinerary_route_guide_slot_cost_details` WHERE  `itinerary_plan_id` = '2' 
[2025-12-09 10:26:26] [info] Executing SQL Query: DELETE FROM `dvi_itinerary_route_guide_details` WHERE  `itinerary_plan_ID` = '2' 
[2025-12-09 10:26:26] [success] Query executed successfully: DELETE FROM `dvi_itinerary_route_guide_details` WHERE  `itinerary_plan_ID` = '2' 
[2025-12-09 10:26:26] [info] Executing SQL Query: UPDATE `dvi_itinerary_plan_details` SET ``itinerary_preference`` = '3', ``location_id`` = '1503', ``arrival_location`` = 'Chennai International Airport', ``departure_location`` = 'Pondicherry Airport', ``trip_start_date_and_time`` = '2025-12-08 12:00:00', ``trip_end_date_and_time`` = '2025-12-10 20:57:00', ``arrival_type`` = '1', ``departure_type`` = '1', ``no_of_nights`` = '2', ``no_of_days`` = '3', ``expecting_budget`` = '15000', ``itinerary_type`` = '2', ``entry_ticket_required`` = '0', ``total_adult`` = '2', ``total_children`` = '0', ``total_infants`` = '0', ``no_of_routes`` = '1', ``guide_for_itinerary`` = '0', ``preferred_room_count`` = '1', ``total_extra_bed`` = '0', ``total_child_with_bed`` = '0', ``total_child_without_bed`` = '0', ``food_type`` = '1', ``nationality`` = '101', ``meal_plan_breakfast`` = '1', ``meal_plan_lunch`` = '0', ``meal_plan_dinner`` = '0', ``special_instructions`` = '', ``pick_up_date_and_time`` = '2025-12-08 12:00:00', ``createdby`` = '', ``status`` = '1', ``agent_id`` = '2', ``staff_id`` = '0' WHERE  `itinerary_plan_ID` = '2' 
[2025-12-09 10:26:26] [exception] Exception during query execution: You have an error in your SQL syntax; check the manual that corresponds to your MySQL server version for the right syntax to use near 'itinerary_preference`` = '3', ``location_id`` = '1503', ``arrival_location`` = '' at line 1
[2025-12-09 10:26:26] [info] Executing SQL Query: DELETE FROM `dvi_itinerary_plan_hotel_room_details` WHERE  `itinerary_plan_id` = ''
[2025-12-09 10:26:26] [success] Query executed successfully: DELETE FROM `dvi_itinerary_plan_hotel_room_details` WHERE  `itinerary_plan_id` = ''
[2025-12-09 10:26:51] [info] Executing SQL Query: DELETE FROM `dvi_itinerary_route_guide_slot_cost_details` WHERE  `itinerary_plan_id` = '2' 
[2025-12-09 10:26:51] [success] Query executed successfully: DELETE FROM `dvi_itinerary_route_guide_slot_cost_details` WHERE  `itinerary_plan_id` = '2' 
[2025-12-09 10:26:51] [info] Executing SQL Query: DELETE FROM `dvi_itinerary_route_guide_details` WHERE  `itinerary_plan_ID` = '2' 
[2025-12-09 10:26:51] [success] Query executed successfully: DELETE FROM `dvi_itinerary_route_guide_details` WHERE  `itinerary_plan_ID` = '2' 
[2025-12-09 10:26:51] [info] Executing SQL Query: UPDATE `dvi_itinerary_plan_details` SET ``itinerary_preference`` = '3', ``location_id`` = '1503', ``arrival_location`` = 'Chennai International Airport', ``departure_location`` = 'Pondicherry Airport', ``trip_start_date_and_time`` = '2025-12-08 12:00:00', ``trip_end_date_and_time`` = '2025-12-10 20:57:00', ``arrival_type`` = '1', ``departure_type`` = '1', ``no_of_nights`` = '2', ``no_of_days`` = '3', ``expecting_budget`` = '15000', ``itinerary_type`` = '2', ``entry_ticket_required`` = '0', ``total_adult`` = '2', ``total_children`` = '0', ``total_infants`` = '0', ``no_of_routes`` = '1', ``guide_for_itinerary`` = '0', ``preferred_room_count`` = '1', ``total_extra_bed`` = '0', ``total_child_with_bed`` = '0', ``total_child_without_bed`` = '0', ``food_type`` = '1', ``nationality`` = '101', ``meal_plan_breakfast`` = '1', ``meal_plan_lunch`` = '0', ``meal_plan_dinner`` = '0', ``special_instructions`` = '', ``pick_up_date_and_time`` = '2025-12-08 12:00:00', ``createdby`` = '', ``status`` = '1', ``agent_id`` = '2', ``staff_id`` = '0' WHERE  `itinerary_plan_ID` = '2' 
[2025-12-09 10:26:51] [exception] Exception during query execution: You have an error in your SQL syntax; check the manual that corresponds to your MySQL server version for the right syntax to use near 'itinerary_preference`` = '3', ``location_id`` = '1503', ``arrival_location`` = '' at line 1
[2025-12-09 10:26:51] [info] Executing SQL Query: DELETE FROM `dvi_itinerary_plan_hotel_room_details` WHERE  `itinerary_plan_id` = ''
[2025-12-09 10:26:51] [success] Query executed successfully: DELETE FROM `dvi_itinerary_plan_hotel_room_details` WHERE  `itinerary_plan_id` = ''
